[NMI - Cycle: 423297656]
DF8F $48              PHA                      A:2A X:0B Y:02 P:05 SP:FA CPU Cycle:423297657
DF90 $8A               TXA                     A:2A X:0B Y:02 P:05 SP:F9 CPU Cycle:423297660
DF91 $48               PHA                     A:0B X:0B Y:02 P:05 SP:F9 CPU Cycle:423297662
DF92 $98                TYA                    A:0B X:0B Y:02 P:05 SP:F8 CPU Cycle:423297665
DF93 $48                PHA                    A:02 X:0B Y:02 P:05 SP:F8 CPU Cycle:423297667
DF94 $A0 $00             LDY #$00              A:02 X:0B Y:02 P:05 SP:F7 CPU Cycle:423297670
DF96 $8C $01 $20         STY $2001 = $1E       A:02 X:0B Y:00 P:07 SP:F7 CPU Cycle:423297672
DF99 $8C $03 $20         STY $2003 = $00       A:02 X:0B Y:00 P:07 SP:F7 CPU Cycle:423297676
DF9C $A9 $14             LDA #$14              A:02 X:0B Y:00 P:07 SP:F7 CPU Cycle:423297680
DF9E $24 $2A             BIT $2A = $00         A:14 X:0B Y:00 P:05 SP:F7 CPU Cycle:423297682
DFA0 $30 $48             BMI $DFEA = $A2       A:14 X:0B Y:00 P:07 SP:F7 CPU Cycle:423297685
DFA2 $70 $06             BVS $DFAA = $85       A:14 X:0B Y:00 P:07 SP:F7 CPU Cycle:423297687
DFA4 $24 $92             BIT $92 = $80         A:14 X:0B Y:00 P:07 SP:F7 CPU Cycle:423297689
DFA6 $10 $02             BPL $DFAA = $85       A:14 X:0B Y:00 P:87 SP:F7 CPU Cycle:423297692
DFA8 $A9 $0A             LDA #$0A              A:14 X:0B Y:00 P:87 SP:F7 CPU Cycle:423297694
DFAA $85 $32             STA $32 = $0A         A:0A X:0B Y:00 P:05 SP:F7 CPU Cycle:423297696
DFAC $2C $02 $20         BIT $2002 = $80       A:0A X:0B Y:00 P:05 SP:F7 CPU Cycle:423297699
DFAF $A9 $20             LDA #$20              A:0A X:0B Y:00 P:87 SP:F7 CPU Cycle:423297703
DFB1 $8D $06 $20         STA $2006 = $80       A:20 X:0B Y:00 P:05 SP:F7 CPU Cycle:423297705
DFB4 $A9 $14             LDA #$14              A:20 X:0B Y:00 P:05 SP:F7 CPU Cycle:423297709
DFB6 $C5 $32             CMP $32 = $0A         A:14 X:0B Y:00 P:05 SP:F7 CPU Cycle:423297711
DFB8 $F0 $06             BEQ $DFC0 = $B9       A:14 X:0B Y:00 P:05 SP:F7 CPU Cycle:423297714
DFBA $B9 $3A $E1         LDA $E13A,Y = $65     A:14 X:0B Y:00 P:05 SP:F7 CPU Cycle:423297716
DFBD $4C $C3 $DF         JMP $DFC3 = $8D       A:65 X:0B Y:00 P:05 SP:F7 CPU Cycle:423297720
DFC3 $8D $06 $20         STA $2006 = $20       A:65 X:0B Y:00 P:05 SP:F7 CPU Cycle:423297723
DFC6 $B9 $00 $03         LDA $0300,Y = $00     A:65 X:0B Y:00 P:05 SP:F7 CPU Cycle:423297727
DFC9 $8D $07 $20         STA $2007 = $00       A:00 X:0B Y:00 P:07 SP:F7 CPU Cycle:423297731
DFCC $C8                 INY                   A:00 X:0B Y:00 P:07 SP:F7 CPU Cycle:423297735
DFCD $C4 $32             CPY $32 = $0A         A:00 X:0B Y:01 P:05 SP:F7 CPU Cycle:423297737
DFCF $90 $DB             BCC $DFAC = $2C       A:00 X:0B Y:01 P:84 SP:F7 CPU Cycle:423297740
DFAC $2C $02 $20         BIT $2002 = $00       A:00 X:0B Y:01 P:84 SP:F7 CPU Cycle:423297743
DFAF $A9 $20             LDA #$20              A:00 X:0B Y:01 P:06 SP:F7 CPU Cycle:423297747
DFB1 $8D $06 $20         STA $2006 = $00       A:20 X:0B Y:01 P:04 SP:F7 CPU Cycle:423297749
DFB4 $A9 $14             LDA #$14              A:20 X:0B Y:01 P:04 SP:F7 CPU Cycle:423297753
DFB6 $C5 $32             CMP $32 = $0A         A:14 X:0B Y:01 P:04 SP:F7 CPU Cycle:423297755
DFB8 $F0 $06             BEQ $DFC0 = $B9       A:14 X:0B Y:01 P:05 SP:F7 CPU Cycle:423297758
DFBA $B9 $3A $E1         LDA $E13A,Y = $66     A:14 X:0B Y:01 P:05 SP:F7 CPU Cycle:423297760
DFBD $4C $C3 $DF         JMP $DFC3 = $8D       A:66 X:0B Y:01 P:05 SP:F7 CPU Cycle:423297764
DFC3 $8D $06 $20         STA $2006 = $20       A:66 X:0B Y:01 P:05 SP:F7 CPU Cycle:423297767
DFC6 $B9 $00 $03         LDA $0300,Y = $00     A:66 X:0B Y:01 P:05 SP:F7 CPU Cycle:423297771
DFC9 $8D $07 $20         STA $2007 = $00       A:00 X:0B Y:01 P:07 SP:F7 CPU Cycle:423297775
DFCC $C8                 INY                   A:00 X:0B Y:01 P:07 SP:F7 CPU Cycle:423297779
DFCD $C4 $32             CPY $32 = $0A         A:00 X:0B Y:02 P:05 SP:F7 CPU Cycle:423297781
DFCF $90 $DB             BCC $DFAC = $2C       A:00 X:0B Y:02 P:84 SP:F7 CPU Cycle:423297784
DFAC $2C $02 $20         BIT $2002 = $00       A:00 X:0B Y:02 P:84 SP:F7 CPU Cycle:423297787
DFAF $A9 $20             LDA #$20              A:00 X:0B Y:02 P:06 SP:F7 CPU Cycle:423297791
DFB1 $8D $06 $20         STA $2006 = $00       A:20 X:0B Y:02 P:04 SP:F7 CPU Cycle:423297793
DFB4 $A9 $14             LDA #$14              A:20 X:0B Y:02 P:04 SP:F7 CPU Cycle:423297797
DFB6 $C5 $32             CMP $32 = $0A         A:14 X:0B Y:02 P:04 SP:F7 CPU Cycle:423297799
DFB8 $F0 $06             BEQ $DFC0 = $B9       A:14 X:0B Y:02 P:05 SP:F7 CPU Cycle:423297802
DFBA $B9 $3A $E1         LDA $E13A,Y = $67     A:14 X:0B Y:02 P:05 SP:F7 CPU Cycle:423297804
DFBD $4C $C3 $DF         JMP $DFC3 = $8D       A:67 X:0B Y:02 P:05 SP:F7 CPU Cycle:423297808
DFC3 $8D $06 $20         STA $2006 = $20       A:67 X:0B Y:02 P:05 SP:F7 CPU Cycle:423297811
DFC6 $B9 $00 $03         LDA $0300,Y = $F8     A:67 X:0B Y:02 P:05 SP:F7 CPU Cycle:423297815
DFC9 $8D $07 $20         STA $2007 = $00       A:F8 X:0B Y:02 P:85 SP:F7 CPU Cycle:423297819
DFCC $C8                 INY                   A:F8 X:0B Y:02 P:85 SP:F7 CPU Cycle:423297823
DFCD $C4 $32             CPY $32 = $0A         A:F8 X:0B Y:03 P:05 SP:F7 CPU Cycle:423297825
DFCF $90 $DB             BCC $DFAC = $2C       A:F8 X:0B Y:03 P:84 SP:F7 CPU Cycle:423297828
DFAC $2C $02 $20         BIT $2002 = $18       A:F8 X:0B Y:03 P:84 SP:F7 CPU Cycle:423297831
DFAF $A9 $20             LDA #$20              A:F8 X:0B Y:03 P:04 SP:F7 CPU Cycle:423297835
DFB1 $8D $06 $20         STA $2006 = $18       A:20 X:0B Y:03 P:04 SP:F7 CPU Cycle:423297837
DFB4 $A9 $14             LDA #$14              A:20 X:0B Y:03 P:04 SP:F7 CPU Cycle:423297841
DFB6 $C5 $32             CMP $32 = $0A         A:14 X:0B Y:03 P:04 SP:F7 CPU Cycle:423297843
DFB8 $F0 $06             BEQ $DFC0 = $B9       A:14 X:0B Y:03 P:05 SP:F7 CPU Cycle:423297846
DFBA $B9 $3A $E1         LDA $E13A,Y = $68     A:14 X:0B Y:03 P:05 SP:F7 CPU Cycle:423297848
DFBD $4C $C3 $DF         JMP $DFC3 = $8D       A:68 X:0B Y:03 P:05 SP:F7 CPU Cycle:423297852
DFC3 $8D $06 $20         STA $2006 = $20       A:68 X:0B Y:03 P:05 SP:F7 CPU Cycle:423297855
DFC6 $B9 $00 $03         LDA $0300,Y = $00     A:68 X:0B Y:03 P:05 SP:F7 CPU Cycle:423297859
DFC9 $8D $07 $20         STA $2007 = $00       A:00 X:0B Y:03 P:07 SP:F7 CPU Cycle:423297863
DFCC $C8                 INY                   A:00 X:0B Y:03 P:07 SP:F7 CPU Cycle:423297867
DFCD $C4 $32             CPY $32 = $0A         A:00 X:0B Y:04 P:05 SP:F7 CPU Cycle:423297869
DFCF $90 $DB             BCC $DFAC = $2C       A:00 X:0B Y:04 P:84 SP:F7 CPU Cycle:423297872
DFAC $2C $02 $20         BIT $2002 = $00       A:00 X:0B Y:04 P:84 SP:F7 CPU Cycle:423297875
DFAF $A9 $20             LDA #$20              A:00 X:0B Y:04 P:06 SP:F7 CPU Cycle:423297879
DFB1 $8D $06 $20         STA $2006 = $00       A:20 X:0B Y:04 P:04 SP:F7 CPU Cycle:423297881
DFB4 $A9 $14             LDA #$14              A:20 X:0B Y:04 P:04 SP:F7 CPU Cycle:423297885
DFB6 $C5 $32             CMP $32 = $0A         A:14 X:0B Y:04 P:04 SP:F7 CPU Cycle:423297887
DFB8 $F0 $06             BEQ $DFC0 = $B9       A:14 X:0B Y:04 P:05 SP:F7 CPU Cycle:423297890
DFBA $B9 $3A $E1         LDA $E13A,Y = $69     A:14 X:0B Y:04 P:05 SP:F7 CPU Cycle:423297892
DFBD $4C $C3 $DF         JMP $DFC3 = $8D       A:69 X:0B Y:04 P:05 SP:F7 CPU Cycle:423297896
DFC3 $8D $06 $20         STA $2006 = $20       A:69 X:0B Y:04 P:05 SP:F7 CPU Cycle:423297899
DFC6 $B9 $00 $03         LDA $0300,Y = $00     A:69 X:0B Y:04 P:05 SP:F7 CPU Cycle:423297903
DFC9 $8D $07 $20         STA $2007 = $00       A:00 X:0B Y:04 P:07 SP:F7 CPU Cycle:423297907
DFCC $C8                 INY                   A:00 X:0B Y:04 P:07 SP:F7 CPU Cycle:423297911
DFCD $C4 $32             CPY $32 = $0A         A:00 X:0B Y:05 P:05 SP:F7 CPU Cycle:423297913
DFCF $90 $DB             BCC $DFAC = $2C       A:00 X:0B Y:05 P:84 SP:F7 CPU Cycle:423297916
DFAC $2C $02 $20         BIT $2002 = $00       A:00 X:0B Y:05 P:84 SP:F7 CPU Cycle:423297919
DFAF $A9 $20             LDA #$20              A:00 X:0B Y:05 P:06 SP:F7 CPU Cycle:423297923
DFB1 $8D $06 $20         STA $2006 = $00       A:20 X:0B Y:05 P:04 SP:F7 CPU Cycle:423297925
DFB4 $A9 $14             LDA #$14              A:20 X:0B Y:05 P:04 SP:F7 CPU Cycle:423297929
DFB6 $C5 $32             CMP $32 = $0A         A:14 X:0B Y:05 P:04 SP:F7 CPU Cycle:423297931
DFB8 $F0 $06             BEQ $DFC0 = $B9       A:14 X:0B Y:05 P:05 SP:F7 CPU Cycle:423297934
DFBA $B9 $3A $E1         LDA $E13A,Y = $6A     A:14 X:0B Y:05 P:05 SP:F7 CPU Cycle:423297936
DFBD $4C $C3 $DF         JMP $DFC3 = $8D       A:6A X:0B Y:05 P:05 SP:F7 CPU Cycle:423297940
DFC3 $8D $06 $20         STA $2006 = $20       A:6A X:0B Y:05 P:05 SP:F7 CPU Cycle:423297943
DFC6 $B9 $00 $03         LDA $0300,Y = $F5     A:6A X:0B Y:05 P:05 SP:F7 CPU Cycle:423297947
DFC9 $8D $07 $20         STA $2007 = $00       A:F5 X:0B Y:05 P:85 SP:F7 CPU Cycle:423297951
DFCC $C8                 INY                   A:F5 X:0B Y:05 P:85 SP:F7 CPU Cycle:423297955
DFCD $C4 $32             CPY $32 = $0A         A:F5 X:0B Y:06 P:05 SP:F7 CPU Cycle:423297957
DFCF $90 $DB             BCC $DFAC = $2C       A:F5 X:0B Y:06 P:84 SP:F7 CPU Cycle:423297960
DFAC $2C $02 $20         BIT $2002 = $15       A:F5 X:0B Y:06 P:84 SP:F7 CPU Cycle:423297963
DFAF $A9 $20             LDA #$20              A:F5 X:0B Y:06 P:04 SP:F7 CPU Cycle:423297967
DFB1 $8D $06 $20         STA $2006 = $15       A:20 X:0B Y:06 P:04 SP:F7 CPU Cycle:423297969
DFB4 $A9 $14             LDA #$14              A:20 X:0B Y:06 P:04 SP:F7 CPU Cycle:423297973
DFB6 $C5 $32             CMP $32 = $0A         A:14 X:0B Y:06 P:04 SP:F7 CPU Cycle:423297975
DFB8 $F0 $06             BEQ $DFC0 = $B9       A:14 X:0B Y:06 P:05 SP:F7 CPU Cycle:423297978
DFBA $B9 $3A $E1         LDA $E13A,Y = $75     A:14 X:0B Y:06 P:05 SP:F7 CPU Cycle:423297980
DFBD $4C $C3 $DF         JMP $DFC3 = $8D       A:75 X:0B Y:06 P:05 SP:F7 CPU Cycle:423297984
DFC3 $8D $06 $20         STA $2006 = $20       A:75 X:0B Y:06 P:05 SP:F7 CPU Cycle:423297987
DFC6 $B9 $00 $03         LDA $0300,Y = $00     A:75 X:0B Y:06 P:05 SP:F7 CPU Cycle:423297991
DFC9 $8D $07 $20         STA $2007 = $00       A:00 X:0B Y:06 P:07 SP:F7 CPU Cycle:423297995
DFCC $C8                 INY                   A:00 X:0B Y:06 P:07 SP:F7 CPU Cycle:423297999
DFCD $C4 $32             CPY $32 = $0A         A:00 X:0B Y:07 P:05 SP:F7 CPU Cycle:423298001
DFCF $90 $DB             BCC $DFAC = $2C       A:00 X:0B Y:07 P:84 SP:F7 CPU Cycle:423298004
DFAC $2C $02 $20         BIT $2002 = $00       A:00 X:0B Y:07 P:84 SP:F7 CPU Cycle:423298007
DFAF $A9 $20             LDA #$20              A:00 X:0B Y:07 P:06 SP:F7 CPU Cycle:423298011
DFB1 $8D $06 $20         STA $2006 = $00       A:20 X:0B Y:07 P:04 SP:F7 CPU Cycle:423298013
DFB4 $A9 $14             LDA #$14              A:20 X:0B Y:07 P:04 SP:F7 CPU Cycle:423298017
DFB6 $C5 $32             CMP $32 = $0A         A:14 X:0B Y:07 P:04 SP:F7 CPU Cycle:423298019
DFB8 $F0 $06             BEQ $DFC0 = $B9       A:14 X:0B Y:07 P:05 SP:F7 CPU Cycle:423298022
DFBA $B9 $3A $E1         LDA $E13A,Y = $76     A:14 X:0B Y:07 P:05 SP:F7 CPU Cycle:423298024
DFBD $4C $C3 $DF         JMP $DFC3 = $8D       A:76 X:0B Y:07 P:05 SP:F7 CPU Cycle:423298028
DFC3 $8D $06 $20         STA $2006 = $20       A:76 X:0B Y:07 P:05 SP:F7 CPU Cycle:423298031
DFC6 $B9 $00 $03         LDA $0300,Y = $00     A:76 X:0B Y:07 P:05 SP:F7 CPU Cycle:423298035
DFC9 $8D $07 $20         STA $2007 = $00       A:00 X:0B Y:07 P:07 SP:F7 CPU Cycle:423298039
DFCC $C8                 INY                   A:00 X:0B Y:07 P:07 SP:F7 CPU Cycle:423298043
DFCD $C4 $32             CPY $32 = $0A         A:00 X:0B Y:08 P:05 SP:F7 CPU Cycle:423298045
DFCF $90 $DB             BCC $DFAC = $2C       A:00 X:0B Y:08 P:84 SP:F7 CPU Cycle:423298048
DFAC $2C $02 $20         BIT $2002 = $00       A:00 X:0B Y:08 P:84 SP:F7 CPU Cycle:423298051
DFAF $A9 $20             LDA #$20              A:00 X:0B Y:08 P:06 SP:F7 CPU Cycle:423298055
DFB1 $8D $06 $20         STA $2006 = $00       A:20 X:0B Y:08 P:04 SP:F7 CPU Cycle:423298057
DFB4 $A9 $14             LDA #$14              A:20 X:0B Y:08 P:04 SP:F7 CPU Cycle:423298061
DFB6 $C5 $32             CMP $32 = $0A         A:14 X:0B Y:08 P:04 SP:F7 CPU Cycle:423298063
DFB8 $F0 $06             BEQ $DFC0 = $B9       A:14 X:0B Y:08 P:05 SP:F7 CPU Cycle:423298066
DFBA $B9 $3A $E1         LDA $E13A,Y = $77     A:14 X:0B Y:08 P:05 SP:F7 CPU Cycle:423298068
DFBD $4C $C3 $DF         JMP $DFC3 = $8D       A:77 X:0B Y:08 P:05 SP:F7 CPU Cycle:423298072
DFC3 $8D $06 $20         STA $2006 = $20       A:77 X:0B Y:08 P:05 SP:F7 CPU Cycle:423298075
DFC6 $B9 $00 $03         LDA $0300,Y = $00     A:77 X:0B Y:08 P:05 SP:F7 CPU Cycle:423298079
DFC9 $8D $07 $20         STA $2007 = $00       A:00 X:0B Y:08 P:07 SP:F7 CPU Cycle:423298083
DFCC $C8                 INY                   A:00 X:0B Y:08 P:07 SP:F7 CPU Cycle:423298087
DFCD $C4 $32             CPY $32 = $0A         A:00 X:0B Y:09 P:05 SP:F7 CPU Cycle:423298089
DFCF $90 $DB             BCC $DFAC = $2C       A:00 X:0B Y:09 P:84 SP:F7 CPU Cycle:423298092
DFAC $2C $02 $20         BIT $2002 = $00       A:00 X:0B Y:09 P:84 SP:F7 CPU Cycle:423298095
DFAF $A9 $20             LDA #$20              A:00 X:0B Y:09 P:06 SP:F7 CPU Cycle:423298099
DFB1 $8D $06 $20         STA $2006 = $00       A:20 X:0B Y:09 P:04 SP:F7 CPU Cycle:423298101
DFB4 $A9 $14             LDA #$14              A:20 X:0B Y:09 P:04 SP:F7 CPU Cycle:423298105
DFB6 $C5 $32             CMP $32 = $0A         A:14 X:0B Y:09 P:04 SP:F7 CPU Cycle:423298107
DFB8 $F0 $06             BEQ $DFC0 = $B9       A:14 X:0B Y:09 P:05 SP:F7 CPU Cycle:423298110
DFBA $B9 $3A $E1         LDA $E13A,Y = $7D     A:14 X:0B Y:09 P:05 SP:F7 CPU Cycle:423298112
DFBD $4C $C3 $DF         JMP $DFC3 = $8D       A:7D X:0B Y:09 P:05 SP:F7 CPU Cycle:423298116
DFC3 $8D $06 $20         STA $2006 = $20       A:7D X:0B Y:09 P:05 SP:F7 CPU Cycle:423298119
DFC6 $B9 $00 $03         LDA $0300,Y = $F6     A:7D X:0B Y:09 P:05 SP:F7 CPU Cycle:423298123
DFC9 $8D $07 $20         STA $2007 = $00       A:F6 X:0B Y:09 P:85 SP:F7 CPU Cycle:423298127
DFCC $C8                 INY                   A:F6 X:0B Y:09 P:85 SP:F7 CPU Cycle:423298131
DFCD $C4 $32             CPY $32 = $0A         A:F6 X:0B Y:0A P:05 SP:F7 CPU Cycle:423298133
DFCF $90 $DB             BCC $DFAC = $2C       A:F6 X:0B Y:0A P:07 SP:F7 CPU Cycle:423298136
DFD1 $2C $02 $20         BIT $2002 = $16       A:F6 X:0B Y:0A P:07 SP:F7 CPU Cycle:423298138
DFD4 $A9 $20             LDA #$20              A:F6 X:0B Y:0A P:05 SP:F7 CPU Cycle:423298142
DFD6 $8D $06 $20         STA $2006 = $16       A:20 X:0B Y:0A P:05 SP:F7 CPU Cycle:423298144
DFD9 $A9 $6F             LDA #$6F              A:20 X:0B Y:0A P:05 SP:F7 CPU Cycle:423298148
DFDB $8D $06 $20         STA $2006 = $20       A:6F X:0B Y:0A P:05 SP:F7 CPU Cycle:423298150
DFDE $AD $17 $03         LDA $0317 = $00       A:6F X:0B Y:0A P:05 SP:F7 CPU Cycle:423298154
DFE1 $8D $07 $20         STA $2007 = $00       A:00 X:0B Y:0A P:07 SP:F7 CPU Cycle:423298158
DFE4 $AD $18 $03         LDA $0318 = $F8       A:00 X:0B Y:0A P:07 SP:F7 CPU Cycle:423298162
DFE7 $8D $07 $20         STA $2007 = $00       A:F8 X:0B Y:0A P:85 SP:F7 CPU Cycle:423298166
DFEA $A2 $00             LDX #$00              A:F8 X:0B Y:0A P:85 SP:F7 CPU Cycle:423298170
DFEC $A5 $91             LDA $91 = $00         A:F8 X:00 Y:0A P:07 SP:F7 CPU Cycle:423298172
DFEE $29 $01             AND #$01              A:00 X:00 Y:0A P:07 SP:F7 CPU Cycle:423298175
DFF0 $D0 $18             BNE $E00A = $8A       A:00 X:00 Y:0A P:07 SP:F7 CPU Cycle:423298177
DFF2 $A2 $01             LDX #$01              A:00 X:00 Y:0A P:07 SP:F7 CPU Cycle:423298179
DFF4 $A5 $92             LDA $92 = $80         A:00 X:01 Y:0A P:05 SP:F7 CPU Cycle:423298181
DFF6 $29 $01             AND #$01              A:80 X:01 Y:0A P:85 SP:F7 CPU Cycle:423298184
DFF8 $D0 $10             BNE $E00A = $8A       A:00 X:01 Y:0A P:07 SP:F7 CPU Cycle:423298186
DFFA $A2 $02             LDX #$02              A:00 X:01 Y:0A P:07 SP:F7 CPU Cycle:423298188
DFFC $A5 $93             LDA $93 = $80         A:00 X:02 Y:0A P:05 SP:F7 CPU Cycle:423298190
DFFE $29 $01             AND #$01              A:80 X:02 Y:0A P:85 SP:F7 CPU Cycle:423298193
E000 $D0 $08             BNE $E00A = $8A       A:00 X:02 Y:0A P:07 SP:F7 CPU Cycle:423298195
E002 $A2 $03             LDX #$03              A:00 X:02 Y:0A P:07 SP:F7 CPU Cycle:423298197
E004 $A5 $94             LDA $94 = $80         A:00 X:03 Y:0A P:05 SP:F7 CPU Cycle:423298199
E006 $29 $01             AND #$01              A:80 X:03 Y:0A P:85 SP:F7 CPU Cycle:423298202
E008 $F0 $32             BEQ $E03C = $A5       A:00 X:03 Y:0A P:07 SP:F7 CPU Cycle:423298204
E03C $A5 $09             LDA $09 = $0F         A:00 X:03 Y:0A P:07 SP:F7 CPU Cycle:423298207
E03E $29 $0F             AND #$0F              A:0F X:03 Y:0A P:05 SP:F7 CPU Cycle:423298210
E040 $D0 $4E             BNE $E090 = $A9       A:0F X:03 Y:0A P:05 SP:F7 CPU Cycle:423298212
E090 $A9 $02             LDA #$02              A:0F X:03 Y:0A P:05 SP:F7 CPU Cycle:423298215
E092 $8D $14 $40         STA $4014 = $40       A:02 X:03 Y:0A P:05 SP:F7 CPU Cycle:423298217
E095 $24 $11             BIT $11 = $80         A:02 X:03 Y:0A P:05 SP:F7 CPU Cycle:423298735
E097 $30 $22             BMI $E0BB = $A5       A:02 X:03 Y:0A P:87 SP:F7 CPU Cycle:423298738
E0BB $A5 $2E             LDA $2E = $00         A:02 X:03 Y:0A P:87 SP:F7 CPU Cycle:423298741
E0BD $8D $05 $20         STA $2005 = $00       A:00 X:03 Y:0A P:07 SP:F7 CPU Cycle:423298744
E0C0 $A5 $2F             LDA $2F = $00         A:00 X:03 Y:0A P:07 SP:F7 CPU Cycle:423298748
E0C2 $8D $05 $20         STA $2005 = $00       A:00 X:03 Y:0A P:07 SP:F7 CPU Cycle:423298751
E0C5 $A9 $90             LDA #$90              A:00 X:03 Y:0A P:07 SP:F7 CPU Cycle:423298755
E0C7 $8D $00 $20         STA $2000 = $00       A:90 X:03 Y:0A P:85 SP:F7 CPU Cycle:423298757
E0CA $A5 $30             LDA $30 = $1E         A:90 X:03 Y:0A P:85 SP:F7 CPU Cycle:423298761
E0CC $8D $01 $20         STA $2001 = $90       A:1E X:03 Y:0A P:05 SP:F7 CPU Cycle:423298764
E0CF $A5 $2A             LDA $2A = $00         A:1E X:03 Y:0A P:05 SP:F7 CPU Cycle:423298768
E0D1 $C9 $C0             CMP #$C0              A:00 X:03 Y:0A P:07 SP:F7 CPU Cycle:423298771
E0D3 $D0 $13             BNE $E0E8 = $20       A:00 X:03 Y:0A P:04 SP:F7 CPU Cycle:423298773
E0E8 $20 $88 $DB         JSR $DB88 = $A9       A:00 X:03 Y:0A P:04 SP:F7 CPU Cycle:423298776
DB88 $A9 $01               LDA #$01            A:00 X:03 Y:0A P:04 SP:F5 CPU Cycle:423298782
DB8A $8D $16 $40           STA $4016 = $00     A:01 X:03 Y:0A P:04 SP:F5 CPU Cycle:423298784
DB8D $A9 $00               LDA #$00            A:01 X:03 Y:0A P:04 SP:F5 CPU Cycle:423298788
DB8F $8D $16 $40           STA $4016 = $00     A:00 X:03 Y:0A P:06 SP:F5 CPU Cycle:423298790
DB92 $A2 $08               LDX #$08            A:00 X:03 Y:0A P:06 SP:F5 CPU Cycle:423298794
DB94 $AD $16 $40           LDA $4016 = $00     A:00 X:08 Y:0A P:04 SP:F5 CPU Cycle:423298796
DB97 $6A                   ROR A               A:40 X:08 Y:0A P:04 SP:F5 CPU Cycle:423298800
DB98 $66 $1B               ROR $1B = $00       A:20 X:08 Y:0A P:04 SP:F5 CPU Cycle:423298802
DB9A $6A                   ROR A               A:20 X:08 Y:0A P:06 SP:F5 CPU Cycle:423298807
DB9B $66 $D0               ROR $D0 = $08       A:10 X:08 Y:0A P:04 SP:F5 CPU Cycle:423298809
DB9D $CA                   DEX                 A:10 X:08 Y:0A P:04 SP:F5 CPU Cycle:423298814
DB9E $D0 $F4               BNE $DB94 = $AD     A:10 X:07 Y:0A P:04 SP:F5 CPU Cycle:423298816
DB94 $AD $16 $40           LDA $4016 = $00     A:10 X:07 Y:0A P:04 SP:F5 CPU Cycle:423298819
DB97 $6A                   ROR A               A:40 X:07 Y:0A P:04 SP:F5 CPU Cycle:423298823
DB98 $66 $1B               ROR $1B = $00       A:20 X:07 Y:0A P:04 SP:F5 CPU Cycle:423298825
DB9A $6A                   ROR A               A:20 X:07 Y:0A P:06 SP:F5 CPU Cycle:423298830
DB9B $66 $D0               ROR $D0 = $04       A:10 X:07 Y:0A P:04 SP:F5 CPU Cycle:423298832
DB9D $CA                   DEX                 A:10 X:07 Y:0A P:04 SP:F5 CPU Cycle:423298837
DB9E $D0 $F4               BNE $DB94 = $AD     A:10 X:06 Y:0A P:04 SP:F5 CPU Cycle:423298839
DB94 $AD $16 $40           LDA $4016 = $00     A:10 X:06 Y:0A P:04 SP:F5 CPU Cycle:423298842
DB97 $6A                   ROR A               A:40 X:06 Y:0A P:04 SP:F5 CPU Cycle:423298846
DB98 $66 $1B               ROR $1B = $00       A:20 X:06 Y:0A P:04 SP:F5 CPU Cycle:423298848
DB9A $6A                   ROR A               A:20 X:06 Y:0A P:06 SP:F5 CPU Cycle:423298853
DB9B $66 $D0               ROR $D0 = $02       A:10 X:06 Y:0A P:04 SP:F5 CPU Cycle:423298855
DB9D $CA                   DEX                 A:10 X:06 Y:0A P:04 SP:F5 CPU Cycle:423298860
DB9E $D0 $F4               BNE $DB94 = $AD     A:10 X:05 Y:0A P:04 SP:F5 CPU Cycle:423298862
DB94 $AD $16 $40           LDA $4016 = $00     A:10 X:05 Y:0A P:04 SP:F5 CPU Cycle:423298865
DB97 $6A                   ROR A               A:41 X:05 Y:0A P:04 SP:F5 CPU Cycle:423298869
DB98 $66 $1B               ROR $1B = $00       A:20 X:05 Y:0A P:05 SP:F5 CPU Cycle:423298871
DB9A $6A                   ROR A               A:20 X:05 Y:0A P:84 SP:F5 CPU Cycle:423298876
DB9B $66 $D0               ROR $D0 = $01       A:10 X:05 Y:0A P:04 SP:F5 CPU Cycle:423298878
DB9D $CA                   DEX                 A:10 X:05 Y:0A P:07 SP:F5 CPU Cycle:423298883
DB9E $D0 $F4               BNE $DB94 = $AD     A:10 X:04 Y:0A P:05 SP:F5 CPU Cycle:423298885
DB94 $AD $16 $40           LDA $4016 = $00     A:10 X:04 Y:0A P:05 SP:F5 CPU Cycle:423298888
DB97 $6A                   ROR A               A:40 X:04 Y:0A P:05 SP:F5 CPU Cycle:423298892
DB98 $66 $1B               ROR $1B = $80       A:A0 X:04 Y:0A P:84 SP:F5 CPU Cycle:423298894
DB9A $6A                   ROR A               A:A0 X:04 Y:0A P:04 SP:F5 CPU Cycle:423298899
DB9B $66 $D0               ROR $D0 = $00       A:50 X:04 Y:0A P:04 SP:F5 CPU Cycle:423298901
DB9D $CA                   DEX                 A:50 X:04 Y:0A P:06 SP:F5 CPU Cycle:423298906
DB9E $D0 $F4               BNE $DB94 = $AD     A:50 X:03 Y:0A P:04 SP:F5 CPU Cycle:423298908
DB94 $AD $16 $40           LDA $4016 = $00     A:50 X:03 Y:0A P:04 SP:F5 CPU Cycle:423298911
DB97 $6A                   ROR A               A:40 X:03 Y:0A P:04 SP:F5 CPU Cycle:423298915
DB98 $66 $1B               ROR $1B = $40       A:20 X:03 Y:0A P:04 SP:F5 CPU Cycle:423298917
DB9A $6A                   ROR A               A:20 X:03 Y:0A P:04 SP:F5 CPU Cycle:423298922
DB9B $66 $D0               ROR $D0 = $00       A:10 X:03 Y:0A P:04 SP:F5 CPU Cycle:423298924
DB9D $CA                   DEX                 A:10 X:03 Y:0A P:06 SP:F5 CPU Cycle:423298929
DB9E $D0 $F4               BNE $DB94 = $AD     A:10 X:02 Y:0A P:04 SP:F5 CPU Cycle:423298931
DB94 $AD $16 $40           LDA $4016 = $00     A:10 X:02 Y:0A P:04 SP:F5 CPU Cycle:423298934
DB97 $6A                   ROR A               A:40 X:02 Y:0A P:04 SP:F5 CPU Cycle:423298938
DB98 $66 $1B               ROR $1B = $20       A:20 X:02 Y:0A P:04 SP:F5 CPU Cycle:423298940
DB9A $6A                   ROR A               A:20 X:02 Y:0A P:04 SP:F5 CPU Cycle:423298945
DB9B $66 $D0               ROR $D0 = $00       A:10 X:02 Y:0A P:04 SP:F5 CPU Cycle:423298947
DB9D $CA                   DEX                 A:10 X:02 Y:0A P:06 SP:F5 CPU Cycle:423298952
DB9E $D0 $F4               BNE $DB94 = $AD     A:10 X:01 Y:0A P:04 SP:F5 CPU Cycle:423298954
DB94 $AD $16 $40           LDA $4016 = $00     A:10 X:01 Y:0A P:04 SP:F5 CPU Cycle:423298957
DB97 $6A                   ROR A               A:40 X:01 Y:0A P:04 SP:F5 CPU Cycle:423298961
DB98 $66 $1B               ROR $1B = $10       A:20 X:01 Y:0A P:04 SP:F5 CPU Cycle:423298963
DB9A $6A                   ROR A               A:20 X:01 Y:0A P:04 SP:F5 CPU Cycle:423298968
DB9B $66 $D0               ROR $D0 = $00       A:10 X:01 Y:0A P:04 SP:F5 CPU Cycle:423298970
DB9D $CA                   DEX                 A:10 X:01 Y:0A P:06 SP:F5 CPU Cycle:423298975
DB9E $D0 $F4               BNE $DB94 = $AD     A:10 X:00 Y:0A P:06 SP:F5 CPU Cycle:423298977
DBA0 $A5 $D0               LDA $D0 = $00       A:10 X:00 Y:0A P:06 SP:F5 CPU Cycle:423298979
DBA2 $29 $0F               AND #$0F            A:00 X:00 Y:0A P:06 SP:F5 CPU Cycle:423298982
DBA4 $05 $1B               ORA $1B = $08       A:00 X:00 Y:0A P:06 SP:F5 CPU Cycle:423298984
DBA6 $85 $D0               STA $D0 = $00       A:08 X:00 Y:0A P:04 SP:F5 CPU Cycle:423298987
DBA8 $A2 $08               LDX #$08            A:08 X:00 Y:0A P:04 SP:F5 CPU Cycle:423298990
DBAA $AD $17 $40           LDA $4017 = $00     A:08 X:08 Y:0A P:04 SP:F5 CPU Cycle:423298992
DBAD $6A                   ROR A               A:40 X:08 Y:0A P:04 SP:F5 CPU Cycle:423298996
DBAE $66 $1B               ROR $1B = $08       A:20 X:08 Y:0A P:04 SP:F5 CPU Cycle:423298998
DBB0 $6A                   ROR A               A:20 X:08 Y:0A P:04 SP:F5 CPU Cycle:423299003
DBB1 $66 $D1               ROR $D1 = $00       A:10 X:08 Y:0A P:04 SP:F5 CPU Cycle:423299005
DBB3 $CA                   DEX                 A:10 X:08 Y:0A P:06 SP:F5 CPU Cycle:423299010
DBB4 $D0 $F4               BNE $DBAA = $AD     A:10 X:07 Y:0A P:04 SP:F5 CPU Cycle:423299012
DBAA $AD $17 $40           LDA $4017 = $00     A:10 X:07 Y:0A P:04 SP:F5 CPU Cycle:423299015
DBAD $6A                   ROR A               A:40 X:07 Y:0A P:04 SP:F5 CPU Cycle:423299019
DBAE $66 $1B               ROR $1B = $04       A:20 X:07 Y:0A P:04 SP:F5 CPU Cycle:423299021
DBB0 $6A                   ROR A               A:20 X:07 Y:0A P:04 SP:F5 CPU Cycle:423299026
DBB1 $66 $D1               ROR $D1 = $00       A:10 X:07 Y:0A P:04 SP:F5 CPU Cycle:423299028
DBB3 $CA                   DEX                 A:10 X:07 Y:0A P:06 SP:F5 CPU Cycle:423299033
DBB4 $D0 $F4               BNE $DBAA = $AD     A:10 X:06 Y:0A P:04 SP:F5 CPU Cycle:423299035
DBAA $AD $17 $40           LDA $4017 = $00     A:10 X:06 Y:0A P:04 SP:F5 CPU Cycle:423299038
DBAD $6A                   ROR A               A:40 X:06 Y:0A P:04 SP:F5 CPU Cycle:423299042
DBAE $66 $1B               ROR $1B = $02       A:20 X:06 Y:0A P:04 SP:F5 CPU Cycle:423299044
DBB0 $6A                   ROR A               A:20 X:06 Y:0A P:04 SP:F5 CPU Cycle:423299049
DBB1 $66 $D1               ROR $D1 = $00       A:10 X:06 Y:0A P:04 SP:F5 CPU Cycle:423299051
DBB3 $CA                   DEX                 A:10 X:06 Y:0A P:06 SP:F5 CPU Cycle:423299056
DBB4 $D0 $F4               BNE $DBAA = $AD     A:10 X:05 Y:0A P:04 SP:F5 CPU Cycle:423299058
DBAA $AD $17 $40           LDA $4017 = $00     A:10 X:05 Y:0A P:04 SP:F5 CPU Cycle:423299061
DBAD $6A                   ROR A               A:40 X:05 Y:0A P:04 SP:F5 CPU Cycle:423299065
DBAE $66 $1B               ROR $1B = $01       A:20 X:05 Y:0A P:04 SP:F5 CPU Cycle:423299067
DBB0 $6A                   ROR A               A:20 X:05 Y:0A P:07 SP:F5 CPU Cycle:423299072
DBB1 $66 $D1               ROR $D1 = $00       A:90 X:05 Y:0A P:84 SP:F5 CPU Cycle:423299074
DBB3 $CA                   DEX                 A:90 X:05 Y:0A P:06 SP:F5 CPU Cycle:423299079
DBB4 $D0 $F4               BNE $DBAA = $AD     A:90 X:04 Y:0A P:04 SP:F5 CPU Cycle:423299081
DBAA $AD $17 $40           LDA $4017 = $00     A:90 X:04 Y:0A P:04 SP:F5 CPU Cycle:423299084
DBAD $6A                   ROR A               A:40 X:04 Y:0A P:04 SP:F5 CPU Cycle:423299088
DBAE $66 $1B               ROR $1B = $00       A:20 X:04 Y:0A P:04 SP:F5 CPU Cycle:423299090
DBB0 $6A                   ROR A               A:20 X:04 Y:0A P:06 SP:F5 CPU Cycle:423299095
DBB1 $66 $D1               ROR $D1 = $00       A:10 X:04 Y:0A P:04 SP:F5 CPU Cycle:423299097
DBB3 $CA                   DEX                 A:10 X:04 Y:0A P:06 SP:F5 CPU Cycle:423299102
DBB4 $D0 $F4               BNE $DBAA = $AD     A:10 X:03 Y:0A P:04 SP:F5 CPU Cycle:423299104
DBAA $AD $17 $40           LDA $4017 = $00     A:10 X:03 Y:0A P:04 SP:F5 CPU Cycle:423299107
DBAD $6A                   ROR A               A:40 X:03 Y:0A P:04 SP:F5 CPU Cycle:423299111
DBAE $66 $1B               ROR $1B = $00       A:20 X:03 Y:0A P:04 SP:F5 CPU Cycle:423299113
DBB0 $6A                   ROR A               A:20 X:03 Y:0A P:06 SP:F5 CPU Cycle:423299118
DBB1 $66 $D1               ROR $D1 = $00       A:10 X:03 Y:0A P:04 SP:F5 CPU Cycle:423299120
DBB3 $CA                   DEX                 A:10 X:03 Y:0A P:06 SP:F5 CPU Cycle:423299125
DBB4 $D0 $F4               BNE $DBAA = $AD     A:10 X:02 Y:0A P:04 SP:F5 CPU Cycle:423299127
DBAA $AD $17 $40           LDA $4017 = $00     A:10 X:02 Y:0A P:04 SP:F5 CPU Cycle:423299130
DBAD $6A                   ROR A               A:40 X:02 Y:0A P:04 SP:F5 CPU Cycle:423299134
DBAE $66 $1B               ROR $1B = $00       A:20 X:02 Y:0A P:04 SP:F5 CPU Cycle:423299136
DBB0 $6A                   ROR A               A:20 X:02 Y:0A P:06 SP:F5 CPU Cycle:423299141
DBB1 $66 $D1               ROR $D1 = $00       A:10 X:02 Y:0A P:04 SP:F5 CPU Cycle:423299143
DBB3 $CA                   DEX                 A:10 X:02 Y:0A P:06 SP:F5 CPU Cycle:423299148
DBB4 $D0 $F4               BNE $DBAA = $AD     A:10 X:01 Y:0A P:04 SP:F5 CPU Cycle:423299150
DBAA $AD $17 $40           LDA $4017 = $00     A:10 X:01 Y:0A P:04 SP:F5 CPU Cycle:423299153
DBAD $6A                   ROR A               A:40 X:01 Y:0A P:04 SP:F5 CPU Cycle:423299157
DBAE $66 $1B               ROR $1B = $00       A:20 X:01 Y:0A P:04 SP:F5 CPU Cycle:423299159
DBB0 $6A                   ROR A               A:20 X:01 Y:0A P:06 SP:F5 CPU Cycle:423299164
DBB1 $66 $D1               ROR $D1 = $00       A:10 X:01 Y:0A P:04 SP:F5 CPU Cycle:423299166
DBB3 $CA                   DEX                 A:10 X:01 Y:0A P:06 SP:F5 CPU Cycle:423299171
DBB4 $D0 $F4               BNE $DBAA = $AD     A:10 X:00 Y:0A P:06 SP:F5 CPU Cycle:423299173
DBB6 $A5 $D1               LDA $D1 = $00       A:10 X:00 Y:0A P:06 SP:F5 CPU Cycle:423299175
DBB8 $29 $0F               AND #$0F            A:00 X:00 Y:0A P:06 SP:F5 CPU Cycle:423299178
DBBA $05 $1B               ORA $1B = $00       A:00 X:00 Y:0A P:06 SP:F5 CPU Cycle:423299180
DBBC $85 $D1               STA $D1 = $00       A:00 X:00 Y:0A P:06 SP:F5 CPU Cycle:423299183
DBBE $A5 $12               LDA $12 = $00       A:00 X:00 Y:0A P:06 SP:F5 CPU Cycle:423299186
DBC0 $F0 $0C               BEQ $DBCE = $60     A:00 X:00 Y:0A P:06 SP:F5 CPU Cycle:423299189
DBCE $60                   RTS                 A:00 X:00 Y:0A P:06 SP:F5 CPU Cycle:423299192
E0EB $A5 $4C             LDA $4C = $CE         A:00 X:00 Y:0A P:06 SP:F7 CPU Cycle:423299198
E0ED $18                 CLC                   A:CE X:00 Y:0A P:84 SP:F7 CPU Cycle:423299201
E0EE $69 $04             ADC #$04              A:CE X:00 Y:0A P:84 SP:F7 CPU Cycle:423299203
E0F0 $85 $44             STA $44 = $D2         A:D2 X:00 Y:0A P:84 SP:F7 CPU Cycle:423299205
E0F2 $A5 $4D             LDA $4D = $33         A:D2 X:00 Y:0A P:84 SP:F7 CPU Cycle:423299208
E0F4 $18                 CLC                   A:33 X:00 Y:0A P:04 SP:F7 CPU Cycle:423299211
E0F5 $69 $04             ADC #$04              A:33 X:00 Y:0A P:04 SP:F7 CPU Cycle:423299213
E0F7 $85 $45             STA $45 = $37         A:37 X:00 Y:0A P:04 SP:F7 CPU Cycle:423299215
E0F9 $A5 $4E             LDA $4E = $61         A:37 X:00 Y:0A P:04 SP:F7 CPU Cycle:423299218
E0FB $18                 CLC                   A:61 X:00 Y:0A P:04 SP:F7 CPU Cycle:423299221
E0FC $69 $04             ADC #$04              A:61 X:00 Y:0A P:04 SP:F7 CPU Cycle:423299223
E0FE $85 $46             STA $46 = $65         A:65 X:00 Y:0A P:04 SP:F7 CPU Cycle:423299225
E100 $A5 $4F             LDA $4F = $55         A:65 X:00 Y:0A P:04 SP:F7 CPU Cycle:423299228
E102 $18                 CLC                   A:55 X:00 Y:0A P:04 SP:F7 CPU Cycle:423299231
E103 $69 $04             ADC #$04              A:55 X:00 Y:0A P:04 SP:F7 CPU Cycle:423299233
E105 $85 $47             STA $47 = $59         A:59 X:00 Y:0A P:04 SP:F7 CPU Cycle:423299235
E107 $A5 $57             LDA $57 = $93         A:59 X:00 Y:0A P:04 SP:F7 CPU Cycle:423299238
E109 $18                 CLC                   A:93 X:00 Y:0A P:84 SP:F7 CPU Cycle:423299241
E10A $69 $04             ADC #$04              A:93 X:00 Y:0A P:84 SP:F7 CPU Cycle:423299243
E10C $85 $48             STA $48 = $97         A:97 X:00 Y:0A P:84 SP:F7 CPU Cycle:423299245
E10E $A5 $58             LDA $58 = $BD         A:97 X:00 Y:0A P:84 SP:F7 CPU Cycle:423299248
E110 $18                 CLC                   A:BD X:00 Y:0A P:84 SP:F7 CPU Cycle:423299251
E111 $69 $04             ADC #$04              A:BD X:00 Y:0A P:84 SP:F7 CPU Cycle:423299253
E113 $85 $49             STA $49 = $C1         A:C1 X:00 Y:0A P:84 SP:F7 CPU Cycle:423299255
E115 $A5 $59             LDA $59 = $D3         A:C1 X:00 Y:0A P:84 SP:F7 CPU Cycle:423299258
E117 $18                 CLC                   A:D3 X:00 Y:0A P:84 SP:F7 CPU Cycle:423299261
E118 $69 $04             ADC #$04              A:D3 X:00 Y:0A P:84 SP:F7 CPU Cycle:423299263
E11A $85 $4A             STA $4A = $D7         A:D7 X:00 Y:0A P:84 SP:F7 CPU Cycle:423299265
E11C $A5 $5A             LDA $5A = $95         A:D7 X:00 Y:0A P:84 SP:F7 CPU Cycle:423299268
E11E $18                 CLC                   A:95 X:00 Y:0A P:84 SP:F7 CPU Cycle:423299271
E11F $69 $04             ADC #$04              A:95 X:00 Y:0A P:84 SP:F7 CPU Cycle:423299273
E121 $85 $4B             STA $4B = $99         A:99 X:00 Y:0A P:84 SP:F7 CPU Cycle:423299275
E123 $20 $24 $F8         JSR $F824 = $20       A:99 X:00 Y:0A P:84 SP:F7 CPU Cycle:423299278
F824 $20 $3E $F8           JSR $F83E = $8D     A:99 X:00 Y:0A P:84 SP:F5 CPU Cycle:423299284
F83E $8D $3F $03             STA $033F = $99   A:99 X:00 Y:0A P:84 SP:F3 CPU Cycle:423299290
F841 $8E $40 $03             STX $0340 = $00   A:99 X:00 Y:0A P:84 SP:F3 CPU Cycle:423299294
F844 $8C $41 $03             STY $0341 = $0A   A:99 X:00 Y:0A P:84 SP:F3 CPU Cycle:423299298
F847 $A9 $06                 LDA #$06          A:99 X:00 Y:0A P:84 SP:F3 CPU Cycle:423299302
F849 $8D $00 $80             STA $8000 = $20   A:06 X:00 Y:0A P:04 SP:F3 CPU Cycle:423299304
F84C $A9 $0B                 LDA #$0B          A:06 X:00 Y:0A P:04 SP:F3 CPU Cycle:423299308
F84E $8D $01 $80             STA $8001 = $00   A:0B X:00 Y:0A P:04 SP:F3 CPU Cycle:423299310
F851 $AD $3F $03             LDA $033F = $99   A:0B X:00 Y:0A P:04 SP:F3 CPU Cycle:423299314
F854 $60                     RTS               A:99 X:00 Y:0A P:84 SP:F3 CPU Cycle:423299318
F827 $20 $06 $80           JSR $8006 = $4C     A:99 X:00 Y:0A P:84 SP:F5 CPU Cycle:423299324
8006 $4C $62 $80             JMP $8062 = $E6   A:99 X:00 Y:0A P:84 SP:F3 CPU Cycle:423299330
8062 $E6 $E2                 INC $E2 = $5E     A:99 X:00 Y:0A P:84 SP:F3 CPU Cycle:423299333
8064 $AE $10 $05             LDX $0510 = $00   A:99 X:00 Y:0A P:04 SP:F3 CPU Cycle:423299338
8067 $EC $11 $05             CPX $0511 = $00   A:99 X:00 Y:0A P:06 SP:F3 CPU Cycle:423299342
806A $F0 $10                 BEQ $807C = $A2   A:99 X:00 Y:0A P:07 SP:F3 CPU Cycle:423299346
807C $A2 $00                 LDX #$00          A:99 X:00 Y:0A P:07 SP:F3 CPU Cycle:423299349
807E $20 $0A $89             JSR $890A = $BD   A:99 X:00 Y:0A P:07 SP:F3 CPU Cycle:423299351
890A $BD $1B $8E               LDA $8E1B,X = $00 A:99 X:00 Y:0A P:07 SP:F1 CPU Cycle:423299357
890D $85 $E5                   STA $E5 = $0C   A:00 X:00 Y:0A P:07 SP:F1 CPU Cycle:423299361
890F $BD $1F $8E               LDA $8E1F,X = $40 A:00 X:00 Y:0A P:07 SP:F1 CPU Cycle:423299364
8912 $85 $E6                   STA $E6 = $40   A:40 X:00 Y:0A P:05 SP:F1 CPU Cycle:423299368
8914 $BD $23 $8E               LDA $8E23,X = $00 A:40 X:00 Y:0A P:05 SP:F1 CPU Cycle:423299371
8917 $8D $26 $07               STA $0726 = $02 A:00 X:00 Y:0A P:07 SP:F1 CPU Cycle:423299375
891A $D0 $03                   BNE $891F = $C9 A:00 X:00 Y:0A P:07 SP:F1 CPU Cycle:423299379
891C $4C $2E $89               JMP $892E = $8A A:00 X:00 Y:0A P:07 SP:F1 CPU Cycle:423299381
892E $8A                       TXA             A:00 X:00 Y:0A P:07 SP:F1 CPU Cycle:423299384
892F $48                       PHA             A:00 X:00 Y:0A P:07 SP:F1 CPU Cycle:423299386
8930 $BD $2B $8E                LDA $8E2B,X = $0C A:00 X:00 Y:0A P:07 SP:F0 CPU Cycle:423299389
8933 $A8                        TAY            A:0C X:00 Y:0A P:05 SP:F0 CPU Cycle:423299393
8934 $A2 $00                    LDX #$00       A:0C X:00 Y:0C P:05 SP:F0 CPU Cycle:423299395
8936 $8E $1E $07                STX $071E = $00 A:0C X:00 Y:0C P:07 SP:F0 CPU Cycle:423299397
8939 $8E $23 $07                STX $0723 = $00 A:0C X:00 Y:0C P:07 SP:F0 CPU Cycle:423299401
893C $86 $EE                    STX $EE = $00  A:0C X:00 Y:0C P:07 SP:F0 CPU Cycle:423299405
893E $BE $0E $07                LDX $070E,Y = $00 A:0C X:00 Y:0C P:07 SP:F0 CPU Cycle:423299408
8941 $F0 $5E                    BEQ $89A1 = $68 A:0C X:00 Y:0C P:07 SP:F0 CPU Cycle:423299412
89A1 $68                        PLA            A:0C X:00 Y:0C P:07 SP:F0 CPU Cycle:423299415
89A2 $AA                       TAX             A:00 X:00 Y:0C P:07 SP:F1 CPU Cycle:423299419
89A3 $BD $27 $8E               LDA $8E27,X = $01 A:00 X:00 Y:0C P:07 SP:F1 CPU Cycle:423299421
89A6 $49 $FF                   EOR #$FF        A:01 X:00 Y:0C P:05 SP:F1 CPU Cycle:423299425
89A8 $2D $22 $07               AND $0722 = $00 A:FE X:00 Y:0C P:85 SP:F1 CPU Cycle:423299427
89AB $8D $22 $07               STA $0722 = $00 A:00 X:00 Y:0C P:07 SP:F1 CPU Cycle:423299431
89AE $8D $15 $40               STA $4015 = $40 A:00 X:00 Y:0C P:07 SP:F1 CPU Cycle:423299435
89B1 $60                       RTS             A:00 X:00 Y:0C P:07 SP:F1 CPU Cycle:423299439
8081 $E8                     INX               A:00 X:00 Y:0C P:07 SP:F3 CPU Cycle:423299445
8082 $20 $0A $89             JSR $890A = $BD   A:00 X:01 Y:0C P:05 SP:F3 CPU Cycle:423299447
890A $BD $1B $8E               LDA $8E1B,X = $04 A:00 X:01 Y:0C P:05 SP:F1 CPU Cycle:423299453
890D $85 $E5                   STA $E5 = $00   A:04 X:01 Y:0C P:05 SP:F1 CPU Cycle:423299457
890F $BD $1F $8E               LDA $8E1F,X = $40 A:04 X:01 Y:0C P:05 SP:F1 CPU Cycle:423299460
8912 $85 $E6                   STA $E6 = $40   A:40 X:01 Y:0C P:05 SP:F1 CPU Cycle:423299464
8914 $BD $23 $8E               LDA $8E23,X = $00 A:40 X:01 Y:0C P:05 SP:F1 CPU Cycle:423299467
8917 $8D $26 $07               STA $0726 = $00 A:00 X:01 Y:0C P:07 SP:F1 CPU Cycle:423299471
891A $D0 $03                   BNE $891F = $C9 A:00 X:01 Y:0C P:07 SP:F1 CPU Cycle:423299475
891C $4C $2E $89               JMP $892E = $8A A:00 X:01 Y:0C P:07 SP:F1 CPU Cycle:423299477
892E $8A                       TXA             A:00 X:01 Y:0C P:07 SP:F1 CPU Cycle:423299480
892F $48                       PHA             A:01 X:01 Y:0C P:05 SP:F1 CPU Cycle:423299482
8930 $BD $2B $8E                LDA $8E2B,X = $0D A:01 X:01 Y:0C P:05 SP:F0 CPU Cycle:423299485
8933 $A8                        TAY            A:0D X:01 Y:0C P:05 SP:F0 CPU Cycle:423299489
8934 $A2 $00                    LDX #$00       A:0D X:01 Y:0D P:05 SP:F0 CPU Cycle:423299491
8936 $8E $1E $07                STX $071E = $00 A:0D X:00 Y:0D P:07 SP:F0 CPU Cycle:423299493
8939 $8E $23 $07                STX $0723 = $00 A:0D X:00 Y:0D P:07 SP:F0 CPU Cycle:423299497
893C $86 $EE                    STX $EE = $00  A:0D X:00 Y:0D P:07 SP:F0 CPU Cycle:423299501
893E $BE $0E $07                LDX $070E,Y = $00 A:0D X:00 Y:0D P:07 SP:F0 CPU Cycle:423299504
8941 $F0 $5E                    BEQ $89A1 = $68 A:0D X:00 Y:0D P:07 SP:F0 CPU Cycle:423299508
89A1 $68                        PLA            A:0D X:00 Y:0D P:07 SP:F0 CPU Cycle:423299511
89A2 $AA                       TAX             A:01 X:00 Y:0D P:05 SP:F1 CPU Cycle:423299515
89A3 $BD $27 $8E               LDA $8E27,X = $02 A:01 X:01 Y:0D P:05 SP:F1 CPU Cycle:423299517
89A6 $49 $FF                   EOR #$FF        A:02 X:01 Y:0D P:05 SP:F1 CPU Cycle:423299521
89A8 $2D $22 $07               AND $0722 = $00 A:FD X:01 Y:0D P:85 SP:F1 CPU Cycle:423299523
89AB $8D $22 $07               STA $0722 = $00 A:00 X:01 Y:0D P:07 SP:F1 CPU Cycle:423299527
89AE $8D $15 $40               STA $4015 = $40 A:00 X:01 Y:0D P:07 SP:F1 CPU Cycle:423299531
89B1 $60                       RTS             A:00 X:01 Y:0D P:07 SP:F1 CPU Cycle:423299535
8085 $E8                     INX               A:00 X:01 Y:0D P:07 SP:F3 CPU Cycle:423299541
8086 $20 $0A $89             JSR $890A = $BD   A:00 X:02 Y:0D P:05 SP:F3 CPU Cycle:423299543
890A $BD $1B $8E               LDA $8E1B,X = $08 A:00 X:02 Y:0D P:05 SP:F1 CPU Cycle:423299549
890D $85 $E5                   STA $E5 = $04   A:08 X:02 Y:0D P:05 SP:F1 CPU Cycle:423299553
890F $BD $1F $8E               LDA $8E1F,X = $40 A:08 X:02 Y:0D P:05 SP:F1 CPU Cycle:423299556
8912 $85 $E6                   STA $E6 = $40   A:40 X:02 Y:0D P:05 SP:F1 CPU Cycle:423299560
8914 $BD $23 $8E               LDA $8E23,X = $01 A:40 X:02 Y:0D P:05 SP:F1 CPU Cycle:423299563
8917 $8D $26 $07               STA $0726 = $00 A:01 X:02 Y:0D P:05 SP:F1 CPU Cycle:423299567
891A $D0 $03                   BNE $891F = $C9 A:01 X:02 Y:0D P:05 SP:F1 CPU Cycle:423299571
891F $C9 $01                   CMP #$01        A:01 X:02 Y:0D P:05 SP:F1 CPU Cycle:423299574
8921 $D0 $03                   BNE $8926 = $C9 A:01 X:02 Y:0D P:07 SP:F1 CPU Cycle:423299576
8923 $4C $2E $89               JMP $892E = $8A A:01 X:02 Y:0D P:07 SP:F1 CPU Cycle:423299578
892E $8A                       TXA             A:01 X:02 Y:0D P:07 SP:F1 CPU Cycle:423299581
892F $48                       PHA             A:02 X:02 Y:0D P:05 SP:F1 CPU Cycle:423299583
8930 $BD $2B $8E                LDA $8E2B,X = $0E A:02 X:02 Y:0D P:05 SP:F0 CPU Cycle:423299586
8933 $A8                        TAY            A:0E X:02 Y:0D P:05 SP:F0 CPU Cycle:423299590
8934 $A2 $00                    LDX #$00       A:0E X:02 Y:0E P:05 SP:F0 CPU Cycle:423299592
8936 $8E $1E $07                STX $071E = $00 A:0E X:00 Y:0E P:07 SP:F0 CPU Cycle:423299594
8939 $8E $23 $07                STX $0723 = $00 A:0E X:00 Y:0E P:07 SP:F0 CPU Cycle:423299598
893C $86 $EE                    STX $EE = $00  A:0E X:00 Y:0E P:07 SP:F0 CPU Cycle:423299602
893E $BE $0E $07                LDX $070E,Y = $00 A:0E X:00 Y:0E P:07 SP:F0 CPU Cycle:423299605
8941 $F0 $5E                    BEQ $89A1 = $68 A:0E X:00 Y:0E P:07 SP:F0 CPU Cycle:423299609
89A1 $68                        PLA            A:0E X:00 Y:0E P:07 SP:F0 CPU Cycle:423299612
89A2 $AA                       TAX             A:02 X:00 Y:0E P:05 SP:F1 CPU Cycle:423299616
89A3 $BD $27 $8E               LDA $8E27,X = $04 A:02 X:02 Y:0E P:05 SP:F1 CPU Cycle:423299618
89A6 $49 $FF                   EOR #$FF        A:04 X:02 Y:0E P:05 SP:F1 CPU Cycle:423299622
89A8 $2D $22 $07               AND $0722 = $00 A:FB X:02 Y:0E P:85 SP:F1 CPU Cycle:423299624
89AB $8D $22 $07               STA $0722 = $00 A:00 X:02 Y:0E P:07 SP:F1 CPU Cycle:423299628
89AE $8D $15 $40               STA $4015 = $40 A:00 X:02 Y:0E P:07 SP:F1 CPU Cycle:423299632
89B1 $60                       RTS             A:00 X:02 Y:0E P:07 SP:F1 CPU Cycle:423299636
8089 $E8                     INX               A:00 X:02 Y:0E P:07 SP:F3 CPU Cycle:423299642
808A $20 $0A $89             JSR $890A = $BD   A:00 X:03 Y:0E P:05 SP:F3 CPU Cycle:423299644
890A $BD $1B $8E               LDA $8E1B,X = $0C A:00 X:03 Y:0E P:05 SP:F1 CPU Cycle:423299650
890D $85 $E5                   STA $E5 = $08   A:0C X:03 Y:0E P:05 SP:F1 CPU Cycle:423299654
890F $BD $1F $8E               LDA $8E1F,X = $40 A:0C X:03 Y:0E P:05 SP:F1 CPU Cycle:423299657
8912 $85 $E6                   STA $E6 = $40   A:40 X:03 Y:0E P:05 SP:F1 CPU Cycle:423299661
8914 $BD $23 $8E               LDA $8E23,X = $02 A:40 X:03 Y:0E P:05 SP:F1 CPU Cycle:423299664
8917 $8D $26 $07               STA $0726 = $01 A:02 X:03 Y:0E P:05 SP:F1 CPU Cycle:423299668
891A $D0 $03                   BNE $891F = $C9 A:02 X:03 Y:0E P:05 SP:F1 CPU Cycle:423299672
891F $C9 $01                   CMP #$01        A:02 X:03 Y:0E P:05 SP:F1 CPU Cycle:423299675
8921 $D0 $03                   BNE $8926 = $C9 A:02 X:03 Y:0E P:05 SP:F1 CPU Cycle:423299677
8926 $C9 $02                   CMP #$02        A:02 X:03 Y:0E P:05 SP:F1 CPU Cycle:423299680
8928 $D0 $03                   BNE $892D = $60 A:02 X:03 Y:0E P:07 SP:F1 CPU Cycle:423299682
892A $4C $2E $89               JMP $892E = $8A A:02 X:03 Y:0E P:07 SP:F1 CPU Cycle:423299684
892E $8A                       TXA             A:02 X:03 Y:0E P:07 SP:F1 CPU Cycle:423299687
892F $48                       PHA             A:03 X:03 Y:0E P:05 SP:F1 CPU Cycle:423299689
8930 $BD $2B $8E                LDA $8E2B,X = $0F A:03 X:03 Y:0E P:05 SP:F0 CPU Cycle:423299692
8933 $A8                        TAY            A:0F X:03 Y:0E P:05 SP:F0 CPU Cycle:423299696
8934 $A2 $00                    LDX #$00       A:0F X:03 Y:0F P:05 SP:F0 CPU Cycle:423299698
8936 $8E $1E $07                STX $071E = $00 A:0F X:00 Y:0F P:07 SP:F0 CPU Cycle:423299700
8939 $8E $23 $07                STX $0723 = $00 A:0F X:00 Y:0F P:07 SP:F0 CPU Cycle:423299704
893C $86 $EE                    STX $EE = $00  A:0F X:00 Y:0F P:07 SP:F0 CPU Cycle:423299708
893E $BE $0E $07                LDX $070E,Y = $00 A:0F X:00 Y:0F P:07 SP:F0 CPU Cycle:423299711
8941 $F0 $5E                    BEQ $89A1 = $68 A:0F X:00 Y:0F P:07 SP:F0 CPU Cycle:423299715
89A1 $68                        PLA            A:0F X:00 Y:0F P:07 SP:F0 CPU Cycle:423299718
89A2 $AA                       TAX             A:03 X:00 Y:0F P:05 SP:F1 CPU Cycle:423299722
89A3 $BD $27 $8E               LDA $8E27,X = $08 A:03 X:03 Y:0F P:05 SP:F1 CPU Cycle:423299724
89A6 $49 $FF                   EOR #$FF        A:08 X:03 Y:0F P:05 SP:F1 CPU Cycle:423299728
89A8 $2D $22 $07               AND $0722 = $00 A:F7 X:03 Y:0F P:85 SP:F1 CPU Cycle:423299730
89AB $8D $22 $07               STA $0722 = $00 A:00 X:03 Y:0F P:07 SP:F1 CPU Cycle:423299734
89AE $8D $15 $40               STA $4015 = $40 A:00 X:03 Y:0F P:07 SP:F1 CPU Cycle:423299738
89B1 $60                       RTS             A:00 X:03 Y:0F P:07 SP:F1 CPU Cycle:423299742
808D $E8                     INX               A:00 X:03 Y:0F P:07 SP:F3 CPU Cycle:423299748
808E $60                     RTS               A:00 X:04 Y:0F P:05 SP:F3 CPU Cycle:423299750
F82A $A9 $06               LDA #$06            A:00 X:04 Y:0F P:05 SP:F5 CPU Cycle:423299756
F82C $8D $00 $80           STA $8000 = $4C     A:06 X:04 Y:0F P:05 SP:F5 CPU Cycle:423299758
F82F $A9 $0C               LDA #$0C            A:06 X:04 Y:0F P:05 SP:F5 CPU Cycle:423299762
F831 $8D $01 $80           STA $8001 = $11     A:0C X:04 Y:0F P:05 SP:F5 CPU Cycle:423299764
F834 $AC $41 $03           LDY $0341 = $0A     A:0C X:04 Y:0F P:05 SP:F5 CPU Cycle:423299768
F837 $AE $40 $03           LDX $0340 = $00     A:0C X:04 Y:0A P:05 SP:F5 CPU Cycle:423299772
F83A $AD $3F $03           LDA $033F = $99     A:0C X:00 Y:0A P:07 SP:F5 CPU Cycle:423299776
F83D $60                   RTS                 A:99 X:00 Y:0A P:85 SP:F5 CPU Cycle:423299780
E126 $A9 $01             LDA #$01              A:99 X:00 Y:0A P:85 SP:F7 CPU Cycle:423299786
E128 $85 $0A             STA $0A = $01         A:01 X:00 Y:0A P:05 SP:F7 CPU Cycle:423299788
E12A $68                 PLA                   A:01 X:00 Y:0A P:05 SP:F7 CPU Cycle:423299791
E12B $A8                TAY                    A:02 X:00 Y:0A P:05 SP:F8 CPU Cycle:423299795
E12C $68                PLA                    A:02 X:00 Y:02 P:05 SP:F8 CPU Cycle:423299797
E12D $AA               TAX                     A:0B X:00 Y:02 P:05 SP:F9 CPU Cycle:423299801
E12E $68               PLA                     A:0B X:0B Y:02 P:05 SP:F9 CPU Cycle:423299803
E12F $40              RTI                      A:2A X:0B Y:02 P:05 SP:FA CPU Cycle:423299807
CFD4 $38           SEC                         A:2A X:0B Y:02 P:05 SP:FD CPU Cycle:423299813
CFD5 $E9 $01       SBC #$01                    A:2A X:0B Y:02 P:05 SP:FD CPU Cycle:423299815
CFD7 $D0 $FB       BNE $CFD4 = $38             A:29 X:0B Y:02 P:05 SP:FD CPU Cycle:423299817
CFD4 $38           SEC                         A:29 X:0B Y:02 P:05 SP:FD CPU Cycle:423299820
CFD5 $E9 $01       SBC #$01                    A:29 X:0B Y:02 P:05 SP:FD CPU Cycle:423299822
CFD7 $D0 $FB       BNE $CFD4 = $38             A:28 X:0B Y:02 P:05 SP:FD CPU Cycle:423299824
CFD4 $38           SEC                         A:28 X:0B Y:02 P:05 SP:FD CPU Cycle:423299827
CFD5 $E9 $01       SBC #$01                    A:28 X:0B Y:02 P:05 SP:FD CPU Cycle:423299829
CFD7 $D0 $FB       BNE $CFD4 = $38             A:27 X:0B Y:02 P:05 SP:FD CPU Cycle:423299831
CFD4 $38           SEC                         A:27 X:0B Y:02 P:05 SP:FD CPU Cycle:423299834
CFD5 $E9 $01       SBC #$01                    A:27 X:0B Y:02 P:05 SP:FD CPU Cycle:423299836
CFD7 $D0 $FB       BNE $CFD4 = $38             A:26 X:0B Y:02 P:05 SP:FD CPU Cycle:423299838
CFD4 $38           SEC                         A:26 X:0B Y:02 P:05 SP:FD CPU Cycle:423299841
CFD5 $E9 $01       SBC #$01                    A:26 X:0B Y:02 P:05 SP:FD CPU Cycle:423299843
CFD7 $D0 $FB       BNE $CFD4 = $38             A:25 X:0B Y:02 P:05 SP:FD CPU Cycle:423299845
CFD4 $38           SEC                         A:25 X:0B Y:02 P:05 SP:FD CPU Cycle:423299848
CFD5 $E9 $01       SBC #$01                    A:25 X:0B Y:02 P:05 SP:FD CPU Cycle:423299850
CFD7 $D0 $FB       BNE $CFD4 = $38             A:24 X:0B Y:02 P:05 SP:FD CPU Cycle:423299852
CFD4 $38           SEC                         A:24 X:0B Y:02 P:05 SP:FD CPU Cycle:423299855
CFD5 $E9 $01       SBC #$01                    A:24 X:0B Y:02 P:05 SP:FD CPU Cycle:423299857
CFD7 $D0 $FB       BNE $CFD4 = $38             A:23 X:0B Y:02 P:05 SP:FD CPU Cycle:423299859
CFD4 $38           SEC                         A:23 X:0B Y:02 P:05 SP:FD CPU Cycle:423299862
CFD5 $E9 $01       SBC #$01                    A:23 X:0B Y:02 P:05 SP:FD CPU Cycle:423299864
CFD7 $D0 $FB       BNE $CFD4 = $38             A:22 X:0B Y:02 P:05 SP:FD CPU Cycle:423299866
CFD4 $38           SEC                         A:22 X:0B Y:02 P:05 SP:FD CPU Cycle:423299869
CFD5 $E9 $01       SBC #$01                    A:22 X:0B Y:02 P:05 SP:FD CPU Cycle:423299871
CFD7 $D0 $FB       BNE $CFD4 = $38             A:21 X:0B Y:02 P:05 SP:FD CPU Cycle:423299873
CFD4 $38           SEC                         A:21 X:0B Y:02 P:05 SP:FD CPU Cycle:423299876
CFD5 $E9 $01       SBC #$01                    A:21 X:0B Y:02 P:05 SP:FD CPU Cycle:423299878
CFD7 $D0 $FB       BNE $CFD4 = $38             A:20 X:0B Y:02 P:05 SP:FD CPU Cycle:423299880
CFD4 $38           SEC                         A:20 X:0B Y:02 P:05 SP:FD CPU Cycle:423299883
CFD5 $E9 $01       SBC #$01                    A:20 X:0B Y:02 P:05 SP:FD CPU Cycle:423299885
CFD7 $D0 $FB       BNE $CFD4 = $38             A:1F X:0B Y:02 P:05 SP:FD CPU Cycle:423299887
CFD4 $38           SEC                         A:1F X:0B Y:02 P:05 SP:FD CPU Cycle:423299890
CFD5 $E9 $01       SBC #$01                    A:1F X:0B Y:02 P:05 SP:FD CPU Cycle:423299892
CFD7 $D0 $FB       BNE $CFD4 = $38             A:1E X:0B Y:02 P:05 SP:FD CPU Cycle:423299894
CFD4 $38           SEC                         A:1E X:0B Y:02 P:05 SP:FD CPU Cycle:423299897
CFD5 $E9 $01       SBC #$01                    A:1E X:0B Y:02 P:05 SP:FD CPU Cycle:423299899
CFD7 $D0 $FB       BNE $CFD4 = $38             A:1D X:0B Y:02 P:05 SP:FD CPU Cycle:423299901
CFD4 $38           SEC                         A:1D X:0B Y:02 P:05 SP:FD CPU Cycle:423299904
CFD5 $E9 $01       SBC #$01                    A:1D X:0B Y:02 P:05 SP:FD CPU Cycle:423299906
CFD7 $D0 $FB       BNE $CFD4 = $38             A:1C X:0B Y:02 P:05 SP:FD CPU Cycle:423299908
CFD4 $38           SEC                         A:1C X:0B Y:02 P:05 SP:FD CPU Cycle:423299911
CFD5 $E9 $01       SBC #$01                    A:1C X:0B Y:02 P:05 SP:FD CPU Cycle:423299913
CFD7 $D0 $FB       BNE $CFD4 = $38             A:1B X:0B Y:02 P:05 SP:FD CPU Cycle:423299915
CFD4 $38           SEC                         A:1B X:0B Y:02 P:05 SP:FD CPU Cycle:423299918
CFD5 $E9 $01       SBC #$01                    A:1B X:0B Y:02 P:05 SP:FD CPU Cycle:423299920
CFD7 $D0 $FB       BNE $CFD4 = $38             A:1A X:0B Y:02 P:05 SP:FD CPU Cycle:423299922
CFD4 $38           SEC                         A:1A X:0B Y:02 P:05 SP:FD CPU Cycle:423299925
CFD5 $E9 $01       SBC #$01                    A:1A X:0B Y:02 P:05 SP:FD CPU Cycle:423299927
CFD7 $D0 $FB       BNE $CFD4 = $38             A:19 X:0B Y:02 P:05 SP:FD CPU Cycle:423299929
CFD4 $38           SEC                         A:19 X:0B Y:02 P:05 SP:FD CPU Cycle:423299932
CFD5 $E9 $01       SBC #$01                    A:19 X:0B Y:02 P:05 SP:FD CPU Cycle:423299934
CFD7 $D0 $FB       BNE $CFD4 = $38             A:18 X:0B Y:02 P:05 SP:FD CPU Cycle:423299936
CFD4 $38           SEC                         A:18 X:0B Y:02 P:05 SP:FD CPU Cycle:423299939
CFD5 $E9 $01       SBC #$01                    A:18 X:0B Y:02 P:05 SP:FD CPU Cycle:423299941
CFD7 $D0 $FB       BNE $CFD4 = $38             A:17 X:0B Y:02 P:05 SP:FD CPU Cycle:423299943
CFD4 $38           SEC                         A:17 X:0B Y:02 P:05 SP:FD CPU Cycle:423299946
CFD5 $E9 $01       SBC #$01                    A:17 X:0B Y:02 P:05 SP:FD CPU Cycle:423299948
CFD7 $D0 $FB       BNE $CFD4 = $38             A:16 X:0B Y:02 P:05 SP:FD CPU Cycle:423299950
CFD4 $38           SEC                         A:16 X:0B Y:02 P:05 SP:FD CPU Cycle:423299953
CFD5 $E9 $01       SBC #$01                    A:16 X:0B Y:02 P:05 SP:FD CPU Cycle:423299955
CFD7 $D0 $FB       BNE $CFD4 = $38             A:15 X:0B Y:02 P:05 SP:FD CPU Cycle:423299957
CFD4 $38           SEC                         A:15 X:0B Y:02 P:05 SP:FD CPU Cycle:423299960
CFD5 $E9 $01       SBC #$01                    A:15 X:0B Y:02 P:05 SP:FD CPU Cycle:423299962
CFD7 $D0 $FB       BNE $CFD4 = $38             A:14 X:0B Y:02 P:05 SP:FD CPU Cycle:423299964
CFD4 $38           SEC                         A:14 X:0B Y:02 P:05 SP:FD CPU Cycle:423299967
CFD5 $E9 $01       SBC #$01                    A:14 X:0B Y:02 P:05 SP:FD CPU Cycle:423299969
CFD7 $D0 $FB       BNE $CFD4 = $38             A:13 X:0B Y:02 P:05 SP:FD CPU Cycle:423299971
CFD4 $38           SEC                         A:13 X:0B Y:02 P:05 SP:FD CPU Cycle:423299974
CFD5 $E9 $01       SBC #$01                    A:13 X:0B Y:02 P:05 SP:FD CPU Cycle:423299976
CFD7 $D0 $FB       BNE $CFD4 = $38             A:12 X:0B Y:02 P:05 SP:FD CPU Cycle:423299978
CFD4 $38           SEC                         A:12 X:0B Y:02 P:05 SP:FD CPU Cycle:423299981
CFD5 $E9 $01       SBC #$01                    A:12 X:0B Y:02 P:05 SP:FD CPU Cycle:423299983
CFD7 $D0 $FB       BNE $CFD4 = $38             A:11 X:0B Y:02 P:05 SP:FD CPU Cycle:423299985
CFD4 $38           SEC                         A:11 X:0B Y:02 P:05 SP:FD CPU Cycle:423299988
CFD5 $E9 $01       SBC #$01                    A:11 X:0B Y:02 P:05 SP:FD CPU Cycle:423299990
CFD7 $D0 $FB       BNE $CFD4 = $38             A:10 X:0B Y:02 P:05 SP:FD CPU Cycle:423299992
CFD4 $38           SEC                         A:10 X:0B Y:02 P:05 SP:FD CPU Cycle:423299995
CFD5 $E9 $01       SBC #$01                    A:10 X:0B Y:02 P:05 SP:FD CPU Cycle:423299997
CFD7 $D0 $FB       BNE $CFD4 = $38             A:0F X:0B Y:02 P:05 SP:FD CPU Cycle:423299999
CFD4 $38           SEC                         A:0F X:0B Y:02 P:05 SP:FD CPU Cycle:423300002
CFD5 $E9 $01       SBC #$01                    A:0F X:0B Y:02 P:05 SP:FD CPU Cycle:423300004
CFD7 $D0 $FB       BNE $CFD4 = $38             A:0E X:0B Y:02 P:05 SP:FD CPU Cycle:423300006
CFD4 $38           SEC                         A:0E X:0B Y:02 P:05 SP:FD CPU Cycle:423300009
CFD5 $E9 $01       SBC #$01                    A:0E X:0B Y:02 P:05 SP:FD CPU Cycle:423300011
CFD7 $D0 $FB       BNE $CFD4 = $38             A:0D X:0B Y:02 P:05 SP:FD CPU Cycle:423300013
CFD4 $38           SEC                         A:0D X:0B Y:02 P:05 SP:FD CPU Cycle:423300016
CFD5 $E9 $01       SBC #$01                    A:0D X:0B Y:02 P:05 SP:FD CPU Cycle:423300018
CFD7 $D0 $FB       BNE $CFD4 = $38             A:0C X:0B Y:02 P:05 SP:FD CPU Cycle:423300020
CFD4 $38           SEC                         A:0C X:0B Y:02 P:05 SP:FD CPU Cycle:423300023
CFD5 $E9 $01       SBC #$01                    A:0C X:0B Y:02 P:05 SP:FD CPU Cycle:423300025
CFD7 $D0 $FB       BNE $CFD4 = $38             A:0B X:0B Y:02 P:05 SP:FD CPU Cycle:423300027
CFD4 $38           SEC                         A:0B X:0B Y:02 P:05 SP:FD CPU Cycle:423300030
CFD5 $E9 $01       SBC #$01                    A:0B X:0B Y:02 P:05 SP:FD CPU Cycle:423300032
CFD7 $D0 $FB       BNE $CFD4 = $38             A:0A X:0B Y:02 P:05 SP:FD CPU Cycle:423300034
CFD4 $38           SEC                         A:0A X:0B Y:02 P:05 SP:FD CPU Cycle:423300037
CFD5 $E9 $01       SBC #$01                    A:0A X:0B Y:02 P:05 SP:FD CPU Cycle:423300039
CFD7 $D0 $FB       BNE $CFD4 = $38             A:09 X:0B Y:02 P:05 SP:FD CPU Cycle:423300041
CFD4 $38           SEC                         A:09 X:0B Y:02 P:05 SP:FD CPU Cycle:423300044
CFD5 $E9 $01       SBC #$01                    A:09 X:0B Y:02 P:05 SP:FD CPU Cycle:423300046
CFD7 $D0 $FB       BNE $CFD4 = $38             A:08 X:0B Y:02 P:05 SP:FD CPU Cycle:423300048
CFD4 $38           SEC                         A:08 X:0B Y:02 P:05 SP:FD CPU Cycle:423300051
CFD5 $E9 $01       SBC #$01                    A:08 X:0B Y:02 P:05 SP:FD CPU Cycle:423300053
CFD7 $D0 $FB       BNE $CFD4 = $38             A:07 X:0B Y:02 P:05 SP:FD CPU Cycle:423300055
CFD4 $38           SEC                         A:07 X:0B Y:02 P:05 SP:FD CPU Cycle:423300058
CFD5 $E9 $01       SBC #$01                    A:07 X:0B Y:02 P:05 SP:FD CPU Cycle:423300060
CFD7 $D0 $FB       BNE $CFD4 = $38             A:06 X:0B Y:02 P:05 SP:FD CPU Cycle:423300062
CFD4 $38           SEC                         A:06 X:0B Y:02 P:05 SP:FD CPU Cycle:423300065
CFD5 $E9 $01       SBC #$01                    A:06 X:0B Y:02 P:05 SP:FD CPU Cycle:423300067
CFD7 $D0 $FB       BNE $CFD4 = $38             A:05 X:0B Y:02 P:05 SP:FD CPU Cycle:423300069
CFD4 $38           SEC                         A:05 X:0B Y:02 P:05 SP:FD CPU Cycle:423300072
CFD5 $E9 $01       SBC #$01                    A:05 X:0B Y:02 P:05 SP:FD CPU Cycle:423300074
CFD7 $D0 $FB       BNE $CFD4 = $38             A:04 X:0B Y:02 P:05 SP:FD CPU Cycle:423300076
CFD4 $38           SEC                         A:04 X:0B Y:02 P:05 SP:FD CPU Cycle:423300079
CFD5 $E9 $01       SBC #$01                    A:04 X:0B Y:02 P:05 SP:FD CPU Cycle:423300081
CFD7 $D0 $FB       BNE $CFD4 = $38             A:03 X:0B Y:02 P:05 SP:FD CPU Cycle:423300083
CFD4 $38           SEC                         A:03 X:0B Y:02 P:05 SP:FD CPU Cycle:423300086
CFD5 $E9 $01       SBC #$01                    A:03 X:0B Y:02 P:05 SP:FD CPU Cycle:423300088
CFD7 $D0 $FB       BNE $CFD4 = $38             A:02 X:0B Y:02 P:05 SP:FD CPU Cycle:423300090
CFD4 $38           SEC                         A:02 X:0B Y:02 P:05 SP:FD CPU Cycle:423300093
CFD5 $E9 $01       SBC #$01                    A:02 X:0B Y:02 P:05 SP:FD CPU Cycle:423300095
CFD7 $D0 $FB       BNE $CFD4 = $38             A:01 X:0B Y:02 P:05 SP:FD CPU Cycle:423300097
CFD4 $38           SEC                         A:01 X:0B Y:02 P:05 SP:FD CPU Cycle:423300100
CFD5 $E9 $01       SBC #$01                    A:01 X:0B Y:02 P:05 SP:FD CPU Cycle:423300102
CFD7 $D0 $FB       BNE $CFD4 = $38             A:00 X:0B Y:02 P:07 SP:FD CPU Cycle:423300104
CFD9 $CA           DEX                         A:00 X:0B Y:02 P:07 SP:FD CPU Cycle:423300106
CFDA $D0 $F8       BNE $CFD4 = $38             A:00 X:0A Y:02 P:05 SP:FD CPU Cycle:423300108
CFD4 $38           SEC                         A:00 X:0A Y:02 P:05 SP:FD CPU Cycle:423300111
CFD5 $E9 $01       SBC #$01                    A:00 X:0A Y:02 P:05 SP:FD CPU Cycle:423300113
CFD7 $D0 $FB       BNE $CFD4 = $38             A:FF X:0A Y:02 P:84 SP:FD CPU Cycle:423300115
CFD4 $38           SEC                         A:FF X:0A Y:02 P:84 SP:FD CPU Cycle:423300118
CFD5 $E9 $01       SBC #$01                    A:FF X:0A Y:02 P:85 SP:FD CPU Cycle:423300120
CFD7 $D0 $FB       BNE $CFD4 = $38             A:FE X:0A Y:02 P:85 SP:FD CPU Cycle:423300122
CFD4 $38           SEC                         A:FE X:0A Y:02 P:85 SP:FD CPU Cycle:423300125
CFD5 $E9 $01       SBC #$01                    A:FE X:0A Y:02 P:85 SP:FD CPU Cycle:423300127
CFD7 $D0 $FB       BNE $CFD4 = $38             A:FD X:0A Y:02 P:85 SP:FD CPU Cycle:423300129
CFD4 $38           SEC                         A:FD X:0A Y:02 P:85 SP:FD CPU Cycle:423300132
CFD5 $E9 $01       SBC #$01                    A:FD X:0A Y:02 P:85 SP:FD CPU Cycle:423300134
CFD7 $D0 $FB       BNE $CFD4 = $38             A:FC X:0A Y:02 P:85 SP:FD CPU Cycle:423300136
CFD4 $38           SEC                         A:FC X:0A Y:02 P:85 SP:FD CPU Cycle:423300139
CFD5 $E9 $01       SBC #$01                    A:FC X:0A Y:02 P:85 SP:FD CPU Cycle:423300141
CFD7 $D0 $FB       BNE $CFD4 = $38             A:FB X:0A Y:02 P:85 SP:FD CPU Cycle:423300143
CFD4 $38           SEC                         A:FB X:0A Y:02 P:85 SP:FD CPU Cycle:423300146
CFD5 $E9 $01       SBC #$01                    A:FB X:0A Y:02 P:85 SP:FD CPU Cycle:423300148
CFD7 $D0 $FB       BNE $CFD4 = $38             A:FA X:0A Y:02 P:85 SP:FD CPU Cycle:423300150
CFD4 $38           SEC                         A:FA X:0A Y:02 P:85 SP:FD CPU Cycle:423300153
CFD5 $E9 $01       SBC #$01                    A:FA X:0A Y:02 P:85 SP:FD CPU Cycle:423300155
CFD7 $D0 $FB       BNE $CFD4 = $38             A:F9 X:0A Y:02 P:85 SP:FD CPU Cycle:423300157
CFD4 $38           SEC                         A:F9 X:0A Y:02 P:85 SP:FD CPU Cycle:423300160
CFD5 $E9 $01       SBC #$01                    A:F9 X:0A Y:02 P:85 SP:FD CPU Cycle:423300162
CFD7 $D0 $FB       BNE $CFD4 = $38             A:F8 X:0A Y:02 P:85 SP:FD CPU Cycle:423300164
CFD4 $38           SEC                         A:F8 X:0A Y:02 P:85 SP:FD CPU Cycle:423300167
CFD5 $E9 $01       SBC #$01                    A:F8 X:0A Y:02 P:85 SP:FD CPU Cycle:423300169
CFD7 $D0 $FB       BNE $CFD4 = $38             A:F7 X:0A Y:02 P:85 SP:FD CPU Cycle:423300171
CFD4 $38           SEC                         A:F7 X:0A Y:02 P:85 SP:FD CPU Cycle:423300174
CFD5 $E9 $01       SBC #$01                    A:F7 X:0A Y:02 P:85 SP:FD CPU Cycle:423300176
CFD7 $D0 $FB       BNE $CFD4 = $38             A:F6 X:0A Y:02 P:85 SP:FD CPU Cycle:423300178
CFD4 $38           SEC                         A:F6 X:0A Y:02 P:85 SP:FD CPU Cycle:423300181
CFD5 $E9 $01       SBC #$01                    A:F6 X:0A Y:02 P:85 SP:FD CPU Cycle:423300183
CFD7 $D0 $FB       BNE $CFD4 = $38             A:F5 X:0A Y:02 P:85 SP:FD CPU Cycle:423300185
CFD4 $38           SEC                         A:F5 X:0A Y:02 P:85 SP:FD CPU Cycle:423300188
CFD5 $E9 $01       SBC #$01                    A:F5 X:0A Y:02 P:85 SP:FD CPU Cycle:423300190
CFD7 $D0 $FB       BNE $CFD4 = $38             A:F4 X:0A Y:02 P:85 SP:FD CPU Cycle:423300192
CFD4 $38           SEC                         A:F4 X:0A Y:02 P:85 SP:FD CPU Cycle:423300195
CFD5 $E9 $01       SBC #$01                    A:F4 X:0A Y:02 P:85 SP:FD CPU Cycle:423300197
CFD7 $D0 $FB       BNE $CFD4 = $38             A:F3 X:0A Y:02 P:85 SP:FD CPU Cycle:423300199
CFD4 $38           SEC                         A:F3 X:0A Y:02 P:85 SP:FD CPU Cycle:423300202
CFD5 $E9 $01       SBC #$01                    A:F3 X:0A Y:02 P:85 SP:FD CPU Cycle:423300204
CFD7 $D0 $FB       BNE $CFD4 = $38             A:F2 X:0A Y:02 P:85 SP:FD CPU Cycle:423300206
CFD4 $38           SEC                         A:F2 X:0A Y:02 P:85 SP:FD CPU Cycle:423300209
CFD5 $E9 $01       SBC #$01                    A:F2 X:0A Y:02 P:85 SP:FD CPU Cycle:423300211
CFD7 $D0 $FB       BNE $CFD4 = $38             A:F1 X:0A Y:02 P:85 SP:FD CPU Cycle:423300213
CFD4 $38           SEC                         A:F1 X:0A Y:02 P:85 SP:FD CPU Cycle:423300216
CFD5 $E9 $01       SBC #$01                    A:F1 X:0A Y:02 P:85 SP:FD CPU Cycle:423300218
CFD7 $D0 $FB       BNE $CFD4 = $38             A:F0 X:0A Y:02 P:85 SP:FD CPU Cycle:423300220
CFD4 $38           SEC                         A:F0 X:0A Y:02 P:85 SP:FD CPU Cycle:423300223
CFD5 $E9 $01       SBC #$01                    A:F0 X:0A Y:02 P:85 SP:FD CPU Cycle:423300225
CFD7 $D0 $FB       BNE $CFD4 = $38             A:EF X:0A Y:02 P:85 SP:FD CPU Cycle:423300227
CFD4 $38           SEC                         A:EF X:0A Y:02 P:85 SP:FD CPU Cycle:423300230
CFD5 $E9 $01       SBC #$01                    A:EF X:0A Y:02 P:85 SP:FD CPU Cycle:423300232
CFD7 $D0 $FB       BNE $CFD4 = $38             A:EE X:0A Y:02 P:85 SP:FD CPU Cycle:423300234
CFD4 $38           SEC                         A:EE X:0A Y:02 P:85 SP:FD CPU Cycle:423300237
CFD5 $E9 $01       SBC #$01                    A:EE X:0A Y:02 P:85 SP:FD CPU Cycle:423300239
CFD7 $D0 $FB       BNE $CFD4 = $38             A:ED X:0A Y:02 P:85 SP:FD CPU Cycle:423300241
CFD4 $38           SEC                         A:ED X:0A Y:02 P:85 SP:FD CPU Cycle:423300244
CFD5 $E9 $01       SBC #$01                    A:ED X:0A Y:02 P:85 SP:FD CPU Cycle:423300246
CFD7 $D0 $FB       BNE $CFD4 = $38             A:EC X:0A Y:02 P:85 SP:FD CPU Cycle:423300248
CFD4 $38           SEC                         A:EC X:0A Y:02 P:85 SP:FD CPU Cycle:423300251
CFD5 $E9 $01       SBC #$01                    A:EC X:0A Y:02 P:85 SP:FD CPU Cycle:423300253
CFD7 $D0 $FB       BNE $CFD4 = $38             A:EB X:0A Y:02 P:85 SP:FD CPU Cycle:423300255
CFD4 $38           SEC                         A:EB X:0A Y:02 P:85 SP:FD CPU Cycle:423300258
CFD5 $E9 $01       SBC #$01                    A:EB X:0A Y:02 P:85 SP:FD CPU Cycle:423300260
CFD7 $D0 $FB       BNE $CFD4 = $38             A:EA X:0A Y:02 P:85 SP:FD CPU Cycle:423300262
CFD4 $38           SEC                         A:EA X:0A Y:02 P:85 SP:FD CPU Cycle:423300265
CFD5 $E9 $01       SBC #$01                    A:EA X:0A Y:02 P:85 SP:FD CPU Cycle:423300267
CFD7 $D0 $FB       BNE $CFD4 = $38             A:E9 X:0A Y:02 P:85 SP:FD CPU Cycle:423300269
CFD4 $38           SEC                         A:E9 X:0A Y:02 P:85 SP:FD CPU Cycle:423300272
CFD5 $E9 $01       SBC #$01                    A:E9 X:0A Y:02 P:85 SP:FD CPU Cycle:423300274
CFD7 $D0 $FB       BNE $CFD4 = $38             A:E8 X:0A Y:02 P:85 SP:FD CPU Cycle:423300276
CFD4 $38           SEC                         A:E8 X:0A Y:02 P:85 SP:FD CPU Cycle:423300279
CFD5 $E9 $01       SBC #$01                    A:E8 X:0A Y:02 P:85 SP:FD CPU Cycle:423300281
CFD7 $D0 $FB       BNE $CFD4 = $38             A:E7 X:0A Y:02 P:85 SP:FD CPU Cycle:423300283
CFD4 $38           SEC                         A:E7 X:0A Y:02 P:85 SP:FD CPU Cycle:423300286
CFD5 $E9 $01       SBC #$01                    A:E7 X:0A Y:02 P:85 SP:FD CPU Cycle:423300288
CFD7 $D0 $FB       BNE $CFD4 = $38             A:E6 X:0A Y:02 P:85 SP:FD CPU Cycle:423300290
CFD4 $38           SEC                         A:E6 X:0A Y:02 P:85 SP:FD CPU Cycle:423300293
CFD5 $E9 $01       SBC #$01                    A:E6 X:0A Y:02 P:85 SP:FD CPU Cycle:423300295
CFD7 $D0 $FB       BNE $CFD4 = $38             A:E5 X:0A Y:02 P:85 SP:FD CPU Cycle:423300297
CFD4 $38           SEC                         A:E5 X:0A Y:02 P:85 SP:FD CPU Cycle:423300300
CFD5 $E9 $01       SBC #$01                    A:E5 X:0A Y:02 P:85 SP:FD CPU Cycle:423300302
CFD7 $D0 $FB       BNE $CFD4 = $38             A:E4 X:0A Y:02 P:85 SP:FD CPU Cycle:423300304
CFD4 $38           SEC                         A:E4 X:0A Y:02 P:85 SP:FD CPU Cycle:423300307
CFD5 $E9 $01       SBC #$01                    A:E4 X:0A Y:02 P:85 SP:FD CPU Cycle:423300309
CFD7 $D0 $FB       BNE $CFD4 = $38             A:E3 X:0A Y:02 P:85 SP:FD CPU Cycle:423300311
CFD4 $38           SEC                         A:E3 X:0A Y:02 P:85 SP:FD CPU Cycle:423300314
CFD5 $E9 $01       SBC #$01                    A:E3 X:0A Y:02 P:85 SP:FD CPU Cycle:423300316
CFD7 $D0 $FB       BNE $CFD4 = $38             A:E2 X:0A Y:02 P:85 SP:FD CPU Cycle:423300318
CFD4 $38           SEC                         A:E2 X:0A Y:02 P:85 SP:FD CPU Cycle:423300321
CFD5 $E9 $01       SBC #$01                    A:E2 X:0A Y:02 P:85 SP:FD CPU Cycle:423300323
CFD7 $D0 $FB       BNE $CFD4 = $38             A:E1 X:0A Y:02 P:85 SP:FD CPU Cycle:423300325
CFD4 $38           SEC                         A:E1 X:0A Y:02 P:85 SP:FD CPU Cycle:423300328
CFD5 $E9 $01       SBC #$01                    A:E1 X:0A Y:02 P:85 SP:FD CPU Cycle:423300330
CFD7 $D0 $FB       BNE $CFD4 = $38             A:E0 X:0A Y:02 P:85 SP:FD CPU Cycle:423300332
CFD4 $38           SEC                         A:E0 X:0A Y:02 P:85 SP:FD CPU Cycle:423300335
CFD5 $E9 $01       SBC #$01                    A:E0 X:0A Y:02 P:85 SP:FD CPU Cycle:423300337
CFD7 $D0 $FB       BNE $CFD4 = $38             A:DF X:0A Y:02 P:85 SP:FD CPU Cycle:423300339
CFD4 $38           SEC                         A:DF X:0A Y:02 P:85 SP:FD CPU Cycle:423300342
CFD5 $E9 $01       SBC #$01                    A:DF X:0A Y:02 P:85 SP:FD CPU Cycle:423300344
CFD7 $D0 $FB       BNE $CFD4 = $38             A:DE X:0A Y:02 P:85 SP:FD CPU Cycle:423300346
CFD4 $38           SEC                         A:DE X:0A Y:02 P:85 SP:FD CPU Cycle:423300349
CFD5 $E9 $01       SBC #$01                    A:DE X:0A Y:02 P:85 SP:FD CPU Cycle:423300351
CFD7 $D0 $FB       BNE $CFD4 = $38             A:DD X:0A Y:02 P:85 SP:FD CPU Cycle:423300353
CFD4 $38           SEC                         A:DD X:0A Y:02 P:85 SP:FD CPU Cycle:423300356
CFD5 $E9 $01       SBC #$01                    A:DD X:0A Y:02 P:85 SP:FD CPU Cycle:423300358
CFD7 $D0 $FB       BNE $CFD4 = $38             A:DC X:0A Y:02 P:85 SP:FD CPU Cycle:423300360
CFD4 $38           SEC                         A:DC X:0A Y:02 P:85 SP:FD CPU Cycle:423300363
CFD5 $E9 $01       SBC #$01                    A:DC X:0A Y:02 P:85 SP:FD CPU Cycle:423300365
CFD7 $D0 $FB       BNE $CFD4 = $38             A:DB X:0A Y:02 P:85 SP:FD CPU Cycle:423300367
CFD4 $38           SEC                         A:DB X:0A Y:02 P:85 SP:FD CPU Cycle:423300370
CFD5 $E9 $01       SBC #$01                    A:DB X:0A Y:02 P:85 SP:FD CPU Cycle:423300372
CFD7 $D0 $FB       BNE $CFD4 = $38             A:DA X:0A Y:02 P:85 SP:FD CPU Cycle:423300374
CFD4 $38           SEC                         A:DA X:0A Y:02 P:85 SP:FD CPU Cycle:423300377
CFD5 $E9 $01       SBC #$01                    A:DA X:0A Y:02 P:85 SP:FD CPU Cycle:423300379
CFD7 $D0 $FB       BNE $CFD4 = $38             A:D9 X:0A Y:02 P:85 SP:FD CPU Cycle:423300381
CFD4 $38           SEC                         A:D9 X:0A Y:02 P:85 SP:FD CPU Cycle:423300384
CFD5 $E9 $01       SBC #$01                    A:D9 X:0A Y:02 P:85 SP:FD CPU Cycle:423300386
CFD7 $D0 $FB       BNE $CFD4 = $38             A:D8 X:0A Y:02 P:85 SP:FD CPU Cycle:423300388
CFD4 $38           SEC                         A:D8 X:0A Y:02 P:85 SP:FD CPU Cycle:423300391
CFD5 $E9 $01       SBC #$01                    A:D8 X:0A Y:02 P:85 SP:FD CPU Cycle:423300393
CFD7 $D0 $FB       BNE $CFD4 = $38             A:D7 X:0A Y:02 P:85 SP:FD CPU Cycle:423300395
CFD4 $38           SEC                         A:D7 X:0A Y:02 P:85 SP:FD CPU Cycle:423300398
CFD5 $E9 $01       SBC #$01                    A:D7 X:0A Y:02 P:85 SP:FD CPU Cycle:423300400
CFD7 $D0 $FB       BNE $CFD4 = $38             A:D6 X:0A Y:02 P:85 SP:FD CPU Cycle:423300402
CFD4 $38           SEC                         A:D6 X:0A Y:02 P:85 SP:FD CPU Cycle:423300405
CFD5 $E9 $01       SBC #$01                    A:D6 X:0A Y:02 P:85 SP:FD CPU Cycle:423300407
CFD7 $D0 $FB       BNE $CFD4 = $38             A:D5 X:0A Y:02 P:85 SP:FD CPU Cycle:423300409
CFD4 $38           SEC                         A:D5 X:0A Y:02 P:85 SP:FD CPU Cycle:423300412
CFD5 $E9 $01       SBC #$01                    A:D5 X:0A Y:02 P:85 SP:FD CPU Cycle:423300414
CFD7 $D0 $FB       BNE $CFD4 = $38             A:D4 X:0A Y:02 P:85 SP:FD CPU Cycle:423300416
CFD4 $38           SEC                         A:D4 X:0A Y:02 P:85 SP:FD CPU Cycle:423300419
CFD5 $E9 $01       SBC #$01                    A:D4 X:0A Y:02 P:85 SP:FD CPU Cycle:423300421
CFD7 $D0 $FB       BNE $CFD4 = $38             A:D3 X:0A Y:02 P:85 SP:FD CPU Cycle:423300423
CFD4 $38           SEC                         A:D3 X:0A Y:02 P:85 SP:FD CPU Cycle:423300426
CFD5 $E9 $01       SBC #$01                    A:D3 X:0A Y:02 P:85 SP:FD CPU Cycle:423300428
CFD7 $D0 $FB       BNE $CFD4 = $38             A:D2 X:0A Y:02 P:85 SP:FD CPU Cycle:423300430
CFD4 $38           SEC                         A:D2 X:0A Y:02 P:85 SP:FD CPU Cycle:423300433
CFD5 $E9 $01       SBC #$01                    A:D2 X:0A Y:02 P:85 SP:FD CPU Cycle:423300435
CFD7 $D0 $FB       BNE $CFD4 = $38             A:D1 X:0A Y:02 P:85 SP:FD CPU Cycle:423300437
CFD4 $38           SEC                         A:D1 X:0A Y:02 P:85 SP:FD CPU Cycle:423300440
CFD5 $E9 $01       SBC #$01                    A:D1 X:0A Y:02 P:85 SP:FD CPU Cycle:423300442
CFD7 $D0 $FB       BNE $CFD4 = $38             A:D0 X:0A Y:02 P:85 SP:FD CPU Cycle:423300444
CFD4 $38           SEC                         A:D0 X:0A Y:02 P:85 SP:FD CPU Cycle:423300447
CFD5 $E9 $01       SBC #$01                    A:D0 X:0A Y:02 P:85 SP:FD CPU Cycle:423300449
CFD7 $D0 $FB       BNE $CFD4 = $38             A:CF X:0A Y:02 P:85 SP:FD CPU Cycle:423300451
CFD4 $38           SEC                         A:CF X:0A Y:02 P:85 SP:FD CPU Cycle:423300454
CFD5 $E9 $01       SBC #$01                    A:CF X:0A Y:02 P:85 SP:FD CPU Cycle:423300456
CFD7 $D0 $FB       BNE $CFD4 = $38             A:CE X:0A Y:02 P:85 SP:FD CPU Cycle:423300458
CFD4 $38           SEC                         A:CE X:0A Y:02 P:85 SP:FD CPU Cycle:423300461
CFD5 $E9 $01       SBC #$01                    A:CE X:0A Y:02 P:85 SP:FD CPU Cycle:423300463
CFD7 $D0 $FB       BNE $CFD4 = $38             A:CD X:0A Y:02 P:85 SP:FD CPU Cycle:423300465
CFD4 $38           SEC                         A:CD X:0A Y:02 P:85 SP:FD CPU Cycle:423300468
CFD5 $E9 $01       SBC #$01                    A:CD X:0A Y:02 P:85 SP:FD CPU Cycle:423300470
CFD7 $D0 $FB       BNE $CFD4 = $38             A:CC X:0A Y:02 P:85 SP:FD CPU Cycle:423300472
CFD4 $38           SEC                         A:CC X:0A Y:02 P:85 SP:FD CPU Cycle:423300475
CFD5 $E9 $01       SBC #$01                    A:CC X:0A Y:02 P:85 SP:FD CPU Cycle:423300477
CFD7 $D0 $FB       BNE $CFD4 = $38             A:CB X:0A Y:02 P:85 SP:FD CPU Cycle:423300479
CFD4 $38           SEC                         A:CB X:0A Y:02 P:85 SP:FD CPU Cycle:423300482
CFD5 $E9 $01       SBC #$01                    A:CB X:0A Y:02 P:85 SP:FD CPU Cycle:423300484
CFD7 $D0 $FB       BNE $CFD4 = $38             A:CA X:0A Y:02 P:85 SP:FD CPU Cycle:423300486
CFD4 $38           SEC                         A:CA X:0A Y:02 P:85 SP:FD CPU Cycle:423300489
CFD5 $E9 $01       SBC #$01                    A:CA X:0A Y:02 P:85 SP:FD CPU Cycle:423300491
CFD7 $D0 $FB       BNE $CFD4 = $38             A:C9 X:0A Y:02 P:85 SP:FD CPU Cycle:423300493
CFD4 $38           SEC                         A:C9 X:0A Y:02 P:85 SP:FD CPU Cycle:423300496
CFD5 $E9 $01       SBC #$01                    A:C9 X:0A Y:02 P:85 SP:FD CPU Cycle:423300498
CFD7 $D0 $FB       BNE $CFD4 = $38             A:C8 X:0A Y:02 P:85 SP:FD CPU Cycle:423300500
CFD4 $38           SEC                         A:C8 X:0A Y:02 P:85 SP:FD CPU Cycle:423300503
CFD5 $E9 $01       SBC #$01                    A:C8 X:0A Y:02 P:85 SP:FD CPU Cycle:423300505
CFD7 $D0 $FB       BNE $CFD4 = $38             A:C7 X:0A Y:02 P:85 SP:FD CPU Cycle:423300507
CFD4 $38           SEC                         A:C7 X:0A Y:02 P:85 SP:FD CPU Cycle:423300510
CFD5 $E9 $01       SBC #$01                    A:C7 X:0A Y:02 P:85 SP:FD CPU Cycle:423300512
CFD7 $D0 $FB       BNE $CFD4 = $38             A:C6 X:0A Y:02 P:85 SP:FD CPU Cycle:423300514
CFD4 $38           SEC                         A:C6 X:0A Y:02 P:85 SP:FD CPU Cycle:423300517
CFD5 $E9 $01       SBC #$01                    A:C6 X:0A Y:02 P:85 SP:FD CPU Cycle:423300519
CFD7 $D0 $FB       BNE $CFD4 = $38             A:C5 X:0A Y:02 P:85 SP:FD CPU Cycle:423300521
CFD4 $38           SEC                         A:C5 X:0A Y:02 P:85 SP:FD CPU Cycle:423300524
CFD5 $E9 $01       SBC #$01                    A:C5 X:0A Y:02 P:85 SP:FD CPU Cycle:423300526
CFD7 $D0 $FB       BNE $CFD4 = $38             A:C4 X:0A Y:02 P:85 SP:FD CPU Cycle:423300528
CFD4 $38           SEC                         A:C4 X:0A Y:02 P:85 SP:FD CPU Cycle:423300531
CFD5 $E9 $01       SBC #$01                    A:C4 X:0A Y:02 P:85 SP:FD CPU Cycle:423300533
CFD7 $D0 $FB       BNE $CFD4 = $38             A:C3 X:0A Y:02 P:85 SP:FD CPU Cycle:423300535
CFD4 $38           SEC                         A:C3 X:0A Y:02 P:85 SP:FD CPU Cycle:423300538
CFD5 $E9 $01       SBC #$01                    A:C3 X:0A Y:02 P:85 SP:FD CPU Cycle:423300540
CFD7 $D0 $FB       BNE $CFD4 = $38             A:C2 X:0A Y:02 P:85 SP:FD CPU Cycle:423300542
CFD4 $38           SEC                         A:C2 X:0A Y:02 P:85 SP:FD CPU Cycle:423300545
CFD5 $E9 $01       SBC #$01                    A:C2 X:0A Y:02 P:85 SP:FD CPU Cycle:423300547
CFD7 $D0 $FB       BNE $CFD4 = $38             A:C1 X:0A Y:02 P:85 SP:FD CPU Cycle:423300549
CFD4 $38           SEC                         A:C1 X:0A Y:02 P:85 SP:FD CPU Cycle:423300552
CFD5 $E9 $01       SBC #$01                    A:C1 X:0A Y:02 P:85 SP:FD CPU Cycle:423300554
CFD7 $D0 $FB       BNE $CFD4 = $38             A:C0 X:0A Y:02 P:85 SP:FD CPU Cycle:423300556
CFD4 $38           SEC                         A:C0 X:0A Y:02 P:85 SP:FD CPU Cycle:423300559
CFD5 $E9 $01       SBC #$01                    A:C0 X:0A Y:02 P:85 SP:FD CPU Cycle:423300561
CFD7 $D0 $FB       BNE $CFD4 = $38             A:BF X:0A Y:02 P:85 SP:FD CPU Cycle:423300563
CFD4 $38           SEC                         A:BF X:0A Y:02 P:85 SP:FD CPU Cycle:423300566
CFD5 $E9 $01       SBC #$01                    A:BF X:0A Y:02 P:85 SP:FD CPU Cycle:423300568
CFD7 $D0 $FB       BNE $CFD4 = $38             A:BE X:0A Y:02 P:85 SP:FD CPU Cycle:423300570
CFD4 $38           SEC                         A:BE X:0A Y:02 P:85 SP:FD CPU Cycle:423300573
CFD5 $E9 $01       SBC #$01                    A:BE X:0A Y:02 P:85 SP:FD CPU Cycle:423300575
CFD7 $D0 $FB       BNE $CFD4 = $38             A:BD X:0A Y:02 P:85 SP:FD CPU Cycle:423300577
CFD4 $38           SEC                         A:BD X:0A Y:02 P:85 SP:FD CPU Cycle:423300580
CFD5 $E9 $01       SBC #$01                    A:BD X:0A Y:02 P:85 SP:FD CPU Cycle:423300582
CFD7 $D0 $FB       BNE $CFD4 = $38             A:BC X:0A Y:02 P:85 SP:FD CPU Cycle:423300584
CFD4 $38           SEC                         A:BC X:0A Y:02 P:85 SP:FD CPU Cycle:423300587
CFD5 $E9 $01       SBC #$01                    A:BC X:0A Y:02 P:85 SP:FD CPU Cycle:423300589
CFD7 $D0 $FB       BNE $CFD4 = $38             A:BB X:0A Y:02 P:85 SP:FD CPU Cycle:423300591
CFD4 $38           SEC                         A:BB X:0A Y:02 P:85 SP:FD CPU Cycle:423300594
CFD5 $E9 $01       SBC #$01                    A:BB X:0A Y:02 P:85 SP:FD CPU Cycle:423300596
CFD7 $D0 $FB       BNE $CFD4 = $38             A:BA X:0A Y:02 P:85 SP:FD CPU Cycle:423300598
CFD4 $38           SEC                         A:BA X:0A Y:02 P:85 SP:FD CPU Cycle:423300601
CFD5 $E9 $01       SBC #$01                    A:BA X:0A Y:02 P:85 SP:FD CPU Cycle:423300603
CFD7 $D0 $FB       BNE $CFD4 = $38             A:B9 X:0A Y:02 P:85 SP:FD CPU Cycle:423300605
CFD4 $38           SEC                         A:B9 X:0A Y:02 P:85 SP:FD CPU Cycle:423300608
CFD5 $E9 $01       SBC #$01                    A:B9 X:0A Y:02 P:85 SP:FD CPU Cycle:423300610
CFD7 $D0 $FB       BNE $CFD4 = $38             A:B8 X:0A Y:02 P:85 SP:FD CPU Cycle:423300612
CFD4 $38           SEC                         A:B8 X:0A Y:02 P:85 SP:FD CPU Cycle:423300615
CFD5 $E9 $01       SBC #$01                    A:B8 X:0A Y:02 P:85 SP:FD CPU Cycle:423300617
CFD7 $D0 $FB       BNE $CFD4 = $38             A:B7 X:0A Y:02 P:85 SP:FD CPU Cycle:423300619
CFD4 $38           SEC                         A:B7 X:0A Y:02 P:85 SP:FD CPU Cycle:423300622
CFD5 $E9 $01       SBC #$01                    A:B7 X:0A Y:02 P:85 SP:FD CPU Cycle:423300624
CFD7 $D0 $FB       BNE $CFD4 = $38             A:B6 X:0A Y:02 P:85 SP:FD CPU Cycle:423300626
CFD4 $38           SEC                         A:B6 X:0A Y:02 P:85 SP:FD CPU Cycle:423300629
CFD5 $E9 $01       SBC #$01                    A:B6 X:0A Y:02 P:85 SP:FD CPU Cycle:423300631
CFD7 $D0 $FB       BNE $CFD4 = $38             A:B5 X:0A Y:02 P:85 SP:FD CPU Cycle:423300633
CFD4 $38           SEC                         A:B5 X:0A Y:02 P:85 SP:FD CPU Cycle:423300636
CFD5 $E9 $01       SBC #$01                    A:B5 X:0A Y:02 P:85 SP:FD CPU Cycle:423300638
CFD7 $D0 $FB       BNE $CFD4 = $38             A:B4 X:0A Y:02 P:85 SP:FD CPU Cycle:423300640
CFD4 $38           SEC                         A:B4 X:0A Y:02 P:85 SP:FD CPU Cycle:423300643
CFD5 $E9 $01       SBC #$01                    A:B4 X:0A Y:02 P:85 SP:FD CPU Cycle:423300645
CFD7 $D0 $FB       BNE $CFD4 = $38             A:B3 X:0A Y:02 P:85 SP:FD CPU Cycle:423300647
CFD4 $38           SEC                         A:B3 X:0A Y:02 P:85 SP:FD CPU Cycle:423300650
CFD5 $E9 $01       SBC #$01                    A:B3 X:0A Y:02 P:85 SP:FD CPU Cycle:423300652
CFD7 $D0 $FB       BNE $CFD4 = $38             A:B2 X:0A Y:02 P:85 SP:FD CPU Cycle:423300654
CFD4 $38           SEC                         A:B2 X:0A Y:02 P:85 SP:FD CPU Cycle:423300657
CFD5 $E9 $01       SBC #$01                    A:B2 X:0A Y:02 P:85 SP:FD CPU Cycle:423300659
CFD7 $D0 $FB       BNE $CFD4 = $38             A:B1 X:0A Y:02 P:85 SP:FD CPU Cycle:423300661
CFD4 $38           SEC                         A:B1 X:0A Y:02 P:85 SP:FD CPU Cycle:423300664
CFD5 $E9 $01       SBC #$01                    A:B1 X:0A Y:02 P:85 SP:FD CPU Cycle:423300666
CFD7 $D0 $FB       BNE $CFD4 = $38             A:B0 X:0A Y:02 P:85 SP:FD CPU Cycle:423300668
CFD4 $38           SEC                         A:B0 X:0A Y:02 P:85 SP:FD CPU Cycle:423300671
CFD5 $E9 $01       SBC #$01                    A:B0 X:0A Y:02 P:85 SP:FD CPU Cycle:423300673
CFD7 $D0 $FB       BNE $CFD4 = $38             A:AF X:0A Y:02 P:85 SP:FD CPU Cycle:423300675
CFD4 $38           SEC                         A:AF X:0A Y:02 P:85 SP:FD CPU Cycle:423300678
CFD5 $E9 $01       SBC #$01                    A:AF X:0A Y:02 P:85 SP:FD CPU Cycle:423300680
CFD7 $D0 $FB       BNE $CFD4 = $38             A:AE X:0A Y:02 P:85 SP:FD CPU Cycle:423300682
CFD4 $38           SEC                         A:AE X:0A Y:02 P:85 SP:FD CPU Cycle:423300685
CFD5 $E9 $01       SBC #$01                    A:AE X:0A Y:02 P:85 SP:FD CPU Cycle:423300687
CFD7 $D0 $FB       BNE $CFD4 = $38             A:AD X:0A Y:02 P:85 SP:FD CPU Cycle:423300689
CFD4 $38           SEC                         A:AD X:0A Y:02 P:85 SP:FD CPU Cycle:423300692
CFD5 $E9 $01       SBC #$01                    A:AD X:0A Y:02 P:85 SP:FD CPU Cycle:423300694
CFD7 $D0 $FB       BNE $CFD4 = $38             A:AC X:0A Y:02 P:85 SP:FD CPU Cycle:423300696
CFD4 $38           SEC                         A:AC X:0A Y:02 P:85 SP:FD CPU Cycle:423300699
CFD5 $E9 $01       SBC #$01                    A:AC X:0A Y:02 P:85 SP:FD CPU Cycle:423300701
CFD7 $D0 $FB       BNE $CFD4 = $38             A:AB X:0A Y:02 P:85 SP:FD CPU Cycle:423300703
CFD4 $38           SEC                         A:AB X:0A Y:02 P:85 SP:FD CPU Cycle:423300706
CFD5 $E9 $01       SBC #$01                    A:AB X:0A Y:02 P:85 SP:FD CPU Cycle:423300708
CFD7 $D0 $FB       BNE $CFD4 = $38             A:AA X:0A Y:02 P:85 SP:FD CPU Cycle:423300710
CFD4 $38           SEC                         A:AA X:0A Y:02 P:85 SP:FD CPU Cycle:423300713
CFD5 $E9 $01       SBC #$01                    A:AA X:0A Y:02 P:85 SP:FD CPU Cycle:423300715
CFD7 $D0 $FB       BNE $CFD4 = $38             A:A9 X:0A Y:02 P:85 SP:FD CPU Cycle:423300717
CFD4 $38           SEC                         A:A9 X:0A Y:02 P:85 SP:FD CPU Cycle:423300720
CFD5 $E9 $01       SBC #$01                    A:A9 X:0A Y:02 P:85 SP:FD CPU Cycle:423300722
CFD7 $D0 $FB       BNE $CFD4 = $38             A:A8 X:0A Y:02 P:85 SP:FD CPU Cycle:423300724
CFD4 $38           SEC                         A:A8 X:0A Y:02 P:85 SP:FD CPU Cycle:423300727
CFD5 $E9 $01       SBC #$01                    A:A8 X:0A Y:02 P:85 SP:FD CPU Cycle:423300729
CFD7 $D0 $FB       BNE $CFD4 = $38             A:A7 X:0A Y:02 P:85 SP:FD CPU Cycle:423300731
CFD4 $38           SEC                         A:A7 X:0A Y:02 P:85 SP:FD CPU Cycle:423300734
CFD5 $E9 $01       SBC #$01                    A:A7 X:0A Y:02 P:85 SP:FD CPU Cycle:423300736
CFD7 $D0 $FB       BNE $CFD4 = $38             A:A6 X:0A Y:02 P:85 SP:FD CPU Cycle:423300738
CFD4 $38           SEC                         A:A6 X:0A Y:02 P:85 SP:FD CPU Cycle:423300741
CFD5 $E9 $01       SBC #$01                    A:A6 X:0A Y:02 P:85 SP:FD CPU Cycle:423300743
CFD7 $D0 $FB       BNE $CFD4 = $38             A:A5 X:0A Y:02 P:85 SP:FD CPU Cycle:423300745
CFD4 $38           SEC                         A:A5 X:0A Y:02 P:85 SP:FD CPU Cycle:423300748
CFD5 $E9 $01       SBC #$01                    A:A5 X:0A Y:02 P:85 SP:FD CPU Cycle:423300750
CFD7 $D0 $FB       BNE $CFD4 = $38             A:A4 X:0A Y:02 P:85 SP:FD CPU Cycle:423300752
CFD4 $38           SEC                         A:A4 X:0A Y:02 P:85 SP:FD CPU Cycle:423300755
CFD5 $E9 $01       SBC #$01                    A:A4 X:0A Y:02 P:85 SP:FD CPU Cycle:423300757
CFD7 $D0 $FB       BNE $CFD4 = $38             A:A3 X:0A Y:02 P:85 SP:FD CPU Cycle:423300759
CFD4 $38           SEC                         A:A3 X:0A Y:02 P:85 SP:FD CPU Cycle:423300762
CFD5 $E9 $01       SBC #$01                    A:A3 X:0A Y:02 P:85 SP:FD CPU Cycle:423300764
CFD7 $D0 $FB       BNE $CFD4 = $38             A:A2 X:0A Y:02 P:85 SP:FD CPU Cycle:423300766
CFD4 $38           SEC                         A:A2 X:0A Y:02 P:85 SP:FD CPU Cycle:423300769
CFD5 $E9 $01       SBC #$01                    A:A2 X:0A Y:02 P:85 SP:FD CPU Cycle:423300771
CFD7 $D0 $FB       BNE $CFD4 = $38             A:A1 X:0A Y:02 P:85 SP:FD CPU Cycle:423300773
CFD4 $38           SEC                         A:A1 X:0A Y:02 P:85 SP:FD CPU Cycle:423300776
CFD5 $E9 $01       SBC #$01                    A:A1 X:0A Y:02 P:85 SP:FD CPU Cycle:423300778
CFD7 $D0 $FB       BNE $CFD4 = $38             A:A0 X:0A Y:02 P:85 SP:FD CPU Cycle:423300780
CFD4 $38           SEC                         A:A0 X:0A Y:02 P:85 SP:FD CPU Cycle:423300783
CFD5 $E9 $01       SBC #$01                    A:A0 X:0A Y:02 P:85 SP:FD CPU Cycle:423300785
CFD7 $D0 $FB       BNE $CFD4 = $38             A:9F X:0A Y:02 P:85 SP:FD CPU Cycle:423300787
CFD4 $38           SEC                         A:9F X:0A Y:02 P:85 SP:FD CPU Cycle:423300790
CFD5 $E9 $01       SBC #$01                    A:9F X:0A Y:02 P:85 SP:FD CPU Cycle:423300792
CFD7 $D0 $FB       BNE $CFD4 = $38             A:9E X:0A Y:02 P:85 SP:FD CPU Cycle:423300794
CFD4 $38           SEC                         A:9E X:0A Y:02 P:85 SP:FD CPU Cycle:423300797
CFD5 $E9 $01       SBC #$01                    A:9E X:0A Y:02 P:85 SP:FD CPU Cycle:423300799
CFD7 $D0 $FB       BNE $CFD4 = $38             A:9D X:0A Y:02 P:85 SP:FD CPU Cycle:423300801
CFD4 $38           SEC                         A:9D X:0A Y:02 P:85 SP:FD CPU Cycle:423300804
CFD5 $E9 $01       SBC #$01                    A:9D X:0A Y:02 P:85 SP:FD CPU Cycle:423300806
CFD7 $D0 $FB       BNE $CFD4 = $38             A:9C X:0A Y:02 P:85 SP:FD CPU Cycle:423300808
CFD4 $38           SEC                         A:9C X:0A Y:02 P:85 SP:FD CPU Cycle:423300811
CFD5 $E9 $01       SBC #$01                    A:9C X:0A Y:02 P:85 SP:FD CPU Cycle:423300813
CFD7 $D0 $FB       BNE $CFD4 = $38             A:9B X:0A Y:02 P:85 SP:FD CPU Cycle:423300815
CFD4 $38           SEC                         A:9B X:0A Y:02 P:85 SP:FD CPU Cycle:423300818
CFD5 $E9 $01       SBC #$01                    A:9B X:0A Y:02 P:85 SP:FD CPU Cycle:423300820
CFD7 $D0 $FB       BNE $CFD4 = $38             A:9A X:0A Y:02 P:85 SP:FD CPU Cycle:423300822
CFD4 $38           SEC                         A:9A X:0A Y:02 P:85 SP:FD CPU Cycle:423300825
CFD5 $E9 $01       SBC #$01                    A:9A X:0A Y:02 P:85 SP:FD CPU Cycle:423300827
CFD7 $D0 $FB       BNE $CFD4 = $38             A:99 X:0A Y:02 P:85 SP:FD CPU Cycle:423300829
CFD4 $38           SEC                         A:99 X:0A Y:02 P:85 SP:FD CPU Cycle:423300832
CFD5 $E9 $01       SBC #$01                    A:99 X:0A Y:02 P:85 SP:FD CPU Cycle:423300834
CFD7 $D0 $FB       BNE $CFD4 = $38             A:98 X:0A Y:02 P:85 SP:FD CPU Cycle:423300836
CFD4 $38           SEC                         A:98 X:0A Y:02 P:85 SP:FD CPU Cycle:423300839
CFD5 $E9 $01       SBC #$01                    A:98 X:0A Y:02 P:85 SP:FD CPU Cycle:423300841
CFD7 $D0 $FB       BNE $CFD4 = $38             A:97 X:0A Y:02 P:85 SP:FD CPU Cycle:423300843
CFD4 $38           SEC                         A:97 X:0A Y:02 P:85 SP:FD CPU Cycle:423300846
CFD5 $E9 $01       SBC #$01                    A:97 X:0A Y:02 P:85 SP:FD CPU Cycle:423300848
CFD7 $D0 $FB       BNE $CFD4 = $38             A:96 X:0A Y:02 P:85 SP:FD CPU Cycle:423300850
CFD4 $38           SEC                         A:96 X:0A Y:02 P:85 SP:FD CPU Cycle:423300853
CFD5 $E9 $01       SBC #$01                    A:96 X:0A Y:02 P:85 SP:FD CPU Cycle:423300855
CFD7 $D0 $FB       BNE $CFD4 = $38             A:95 X:0A Y:02 P:85 SP:FD CPU Cycle:423300857
CFD4 $38           SEC                         A:95 X:0A Y:02 P:85 SP:FD CPU Cycle:423300860
CFD5 $E9 $01       SBC #$01                    A:95 X:0A Y:02 P:85 SP:FD CPU Cycle:423300862
CFD7 $D0 $FB       BNE $CFD4 = $38             A:94 X:0A Y:02 P:85 SP:FD CPU Cycle:423300864
CFD4 $38           SEC                         A:94 X:0A Y:02 P:85 SP:FD CPU Cycle:423300867
CFD5 $E9 $01       SBC #$01                    A:94 X:0A Y:02 P:85 SP:FD CPU Cycle:423300869
CFD7 $D0 $FB       BNE $CFD4 = $38             A:93 X:0A Y:02 P:85 SP:FD CPU Cycle:423300871
CFD4 $38           SEC                         A:93 X:0A Y:02 P:85 SP:FD CPU Cycle:423300874
CFD5 $E9 $01       SBC #$01                    A:93 X:0A Y:02 P:85 SP:FD CPU Cycle:423300876
CFD7 $D0 $FB       BNE $CFD4 = $38             A:92 X:0A Y:02 P:85 SP:FD CPU Cycle:423300878
CFD4 $38           SEC                         A:92 X:0A Y:02 P:85 SP:FD CPU Cycle:423300881
CFD5 $E9 $01       SBC #$01                    A:92 X:0A Y:02 P:85 SP:FD CPU Cycle:423300883
CFD7 $D0 $FB       BNE $CFD4 = $38             A:91 X:0A Y:02 P:85 SP:FD CPU Cycle:423300885
CFD4 $38           SEC                         A:91 X:0A Y:02 P:85 SP:FD CPU Cycle:423300888
CFD5 $E9 $01       SBC #$01                    A:91 X:0A Y:02 P:85 SP:FD CPU Cycle:423300890
CFD7 $D0 $FB       BNE $CFD4 = $38             A:90 X:0A Y:02 P:85 SP:FD CPU Cycle:423300892
CFD4 $38           SEC                         A:90 X:0A Y:02 P:85 SP:FD CPU Cycle:423300895
CFD5 $E9 $01       SBC #$01                    A:90 X:0A Y:02 P:85 SP:FD CPU Cycle:423300897
CFD7 $D0 $FB       BNE $CFD4 = $38             A:8F X:0A Y:02 P:85 SP:FD CPU Cycle:423300899
CFD4 $38           SEC                         A:8F X:0A Y:02 P:85 SP:FD CPU Cycle:423300902
CFD5 $E9 $01       SBC #$01                    A:8F X:0A Y:02 P:85 SP:FD CPU Cycle:423300904
CFD7 $D0 $FB       BNE $CFD4 = $38             A:8E X:0A Y:02 P:85 SP:FD CPU Cycle:423300906
CFD4 $38           SEC                         A:8E X:0A Y:02 P:85 SP:FD CPU Cycle:423300909
CFD5 $E9 $01       SBC #$01                    A:8E X:0A Y:02 P:85 SP:FD CPU Cycle:423300911
CFD7 $D0 $FB       BNE $CFD4 = $38             A:8D X:0A Y:02 P:85 SP:FD CPU Cycle:423300913
CFD4 $38           SEC                         A:8D X:0A Y:02 P:85 SP:FD CPU Cycle:423300916
CFD5 $E9 $01       SBC #$01                    A:8D X:0A Y:02 P:85 SP:FD CPU Cycle:423300918
CFD7 $D0 $FB       BNE $CFD4 = $38             A:8C X:0A Y:02 P:85 SP:FD CPU Cycle:423300920
CFD4 $38           SEC                         A:8C X:0A Y:02 P:85 SP:FD CPU Cycle:423300923
CFD5 $E9 $01       SBC #$01                    A:8C X:0A Y:02 P:85 SP:FD CPU Cycle:423300925
CFD7 $D0 $FB       BNE $CFD4 = $38             A:8B X:0A Y:02 P:85 SP:FD CPU Cycle:423300927
CFD4 $38           SEC                         A:8B X:0A Y:02 P:85 SP:FD CPU Cycle:423300930
CFD5 $E9 $01       SBC #$01                    A:8B X:0A Y:02 P:85 SP:FD CPU Cycle:423300932
CFD7 $D0 $FB       BNE $CFD4 = $38             A:8A X:0A Y:02 P:85 SP:FD CPU Cycle:423300934
CFD4 $38           SEC                         A:8A X:0A Y:02 P:85 SP:FD CPU Cycle:423300937
CFD5 $E9 $01       SBC #$01                    A:8A X:0A Y:02 P:85 SP:FD CPU Cycle:423300939
CFD7 $D0 $FB       BNE $CFD4 = $38             A:89 X:0A Y:02 P:85 SP:FD CPU Cycle:423300941
CFD4 $38           SEC                         A:89 X:0A Y:02 P:85 SP:FD CPU Cycle:423300944
CFD5 $E9 $01       SBC #$01                    A:89 X:0A Y:02 P:85 SP:FD CPU Cycle:423300946
CFD7 $D0 $FB       BNE $CFD4 = $38             A:88 X:0A Y:02 P:85 SP:FD CPU Cycle:423300948
CFD4 $38           SEC                         A:88 X:0A Y:02 P:85 SP:FD CPU Cycle:423300951
CFD5 $E9 $01       SBC #$01                    A:88 X:0A Y:02 P:85 SP:FD CPU Cycle:423300953
CFD7 $D0 $FB       BNE $CFD4 = $38             A:87 X:0A Y:02 P:85 SP:FD CPU Cycle:423300955
CFD4 $38           SEC                         A:87 X:0A Y:02 P:85 SP:FD CPU Cycle:423300958
CFD5 $E9 $01       SBC #$01                    A:87 X:0A Y:02 P:85 SP:FD CPU Cycle:423300960
CFD7 $D0 $FB       BNE $CFD4 = $38             A:86 X:0A Y:02 P:85 SP:FD CPU Cycle:423300962
CFD4 $38           SEC                         A:86 X:0A Y:02 P:85 SP:FD CPU Cycle:423300965
CFD5 $E9 $01       SBC #$01                    A:86 X:0A Y:02 P:85 SP:FD CPU Cycle:423300967
CFD7 $D0 $FB       BNE $CFD4 = $38             A:85 X:0A Y:02 P:85 SP:FD CPU Cycle:423300969
CFD4 $38           SEC                         A:85 X:0A Y:02 P:85 SP:FD CPU Cycle:423300972
CFD5 $E9 $01       SBC #$01                    A:85 X:0A Y:02 P:85 SP:FD CPU Cycle:423300974
CFD7 $D0 $FB       BNE $CFD4 = $38             A:84 X:0A Y:02 P:85 SP:FD CPU Cycle:423300976
CFD4 $38           SEC                         A:84 X:0A Y:02 P:85 SP:FD CPU Cycle:423300979
CFD5 $E9 $01       SBC #$01                    A:84 X:0A Y:02 P:85 SP:FD CPU Cycle:423300981
CFD7 $D0 $FB       BNE $CFD4 = $38             A:83 X:0A Y:02 P:85 SP:FD CPU Cycle:423300983
CFD4 $38           SEC                         A:83 X:0A Y:02 P:85 SP:FD CPU Cycle:423300986
CFD5 $E9 $01       SBC #$01                    A:83 X:0A Y:02 P:85 SP:FD CPU Cycle:423300988
CFD7 $D0 $FB       BNE $CFD4 = $38             A:82 X:0A Y:02 P:85 SP:FD CPU Cycle:423300990
CFD4 $38           SEC                         A:82 X:0A Y:02 P:85 SP:FD CPU Cycle:423300993
CFD5 $E9 $01       SBC #$01                    A:82 X:0A Y:02 P:85 SP:FD CPU Cycle:423300995
CFD7 $D0 $FB       BNE $CFD4 = $38             A:81 X:0A Y:02 P:85 SP:FD CPU Cycle:423300997
CFD4 $38           SEC                         A:81 X:0A Y:02 P:85 SP:FD CPU Cycle:423301000
CFD5 $E9 $01       SBC #$01                    A:81 X:0A Y:02 P:85 SP:FD CPU Cycle:423301002
CFD7 $D0 $FB       BNE $CFD4 = $38             A:80 X:0A Y:02 P:85 SP:FD CPU Cycle:423301004
CFD4 $38           SEC                         A:80 X:0A Y:02 P:85 SP:FD CPU Cycle:423301007
CFD5 $E9 $01       SBC #$01                    A:80 X:0A Y:02 P:85 SP:FD CPU Cycle:423301009
CFD7 $D0 $FB       BNE $CFD4 = $38             A:7F X:0A Y:02 P:45 SP:FD CPU Cycle:423301011
CFD4 $38           SEC                         A:7F X:0A Y:02 P:45 SP:FD CPU Cycle:423301014
CFD5 $E9 $01       SBC #$01                    A:7F X:0A Y:02 P:45 SP:FD CPU Cycle:423301016
CFD7 $D0 $FB       BNE $CFD4 = $38             A:7E X:0A Y:02 P:05 SP:FD CPU Cycle:423301018
CFD4 $38           SEC                         A:7E X:0A Y:02 P:05 SP:FD CPU Cycle:423301021
CFD5 $E9 $01       SBC #$01                    A:7E X:0A Y:02 P:05 SP:FD CPU Cycle:423301023
CFD7 $D0 $FB       BNE $CFD4 = $38             A:7D X:0A Y:02 P:05 SP:FD CPU Cycle:423301025
CFD4 $38           SEC                         A:7D X:0A Y:02 P:05 SP:FD CPU Cycle:423301028
CFD5 $E9 $01       SBC #$01                    A:7D X:0A Y:02 P:05 SP:FD CPU Cycle:423301030
CFD7 $D0 $FB       BNE $CFD4 = $38             A:7C X:0A Y:02 P:05 SP:FD CPU Cycle:423301032
CFD4 $38           SEC                         A:7C X:0A Y:02 P:05 SP:FD CPU Cycle:423301035
CFD5 $E9 $01       SBC #$01                    A:7C X:0A Y:02 P:05 SP:FD CPU Cycle:423301037
CFD7 $D0 $FB       BNE $CFD4 = $38             A:7B X:0A Y:02 P:05 SP:FD CPU Cycle:423301039
CFD4 $38           SEC                         A:7B X:0A Y:02 P:05 SP:FD CPU Cycle:423301042
CFD5 $E9 $01       SBC #$01                    A:7B X:0A Y:02 P:05 SP:FD CPU Cycle:423301044
CFD7 $D0 $FB       BNE $CFD4 = $38             A:7A X:0A Y:02 P:05 SP:FD CPU Cycle:423301046
CFD4 $38           SEC                         A:7A X:0A Y:02 P:05 SP:FD CPU Cycle:423301049
CFD5 $E9 $01       SBC #$01                    A:7A X:0A Y:02 P:05 SP:FD CPU Cycle:423301051
CFD7 $D0 $FB       BNE $CFD4 = $38             A:79 X:0A Y:02 P:05 SP:FD CPU Cycle:423301053
CFD4 $38           SEC                         A:79 X:0A Y:02 P:05 SP:FD CPU Cycle:423301056
CFD5 $E9 $01       SBC #$01                    A:79 X:0A Y:02 P:05 SP:FD CPU Cycle:423301058
CFD7 $D0 $FB       BNE $CFD4 = $38             A:78 X:0A Y:02 P:05 SP:FD CPU Cycle:423301060
CFD4 $38           SEC                         A:78 X:0A Y:02 P:05 SP:FD CPU Cycle:423301063
CFD5 $E9 $01       SBC #$01                    A:78 X:0A Y:02 P:05 SP:FD CPU Cycle:423301065
CFD7 $D0 $FB       BNE $CFD4 = $38             A:77 X:0A Y:02 P:05 SP:FD CPU Cycle:423301067
CFD4 $38           SEC                         A:77 X:0A Y:02 P:05 SP:FD CPU Cycle:423301070
CFD5 $E9 $01       SBC #$01                    A:77 X:0A Y:02 P:05 SP:FD CPU Cycle:423301072
CFD7 $D0 $FB       BNE $CFD4 = $38             A:76 X:0A Y:02 P:05 SP:FD CPU Cycle:423301074
CFD4 $38           SEC                         A:76 X:0A Y:02 P:05 SP:FD CPU Cycle:423301077
CFD5 $E9 $01       SBC #$01                    A:76 X:0A Y:02 P:05 SP:FD CPU Cycle:423301079
CFD7 $D0 $FB       BNE $CFD4 = $38             A:75 X:0A Y:02 P:05 SP:FD CPU Cycle:423301081
CFD4 $38           SEC                         A:75 X:0A Y:02 P:05 SP:FD CPU Cycle:423301084
CFD5 $E9 $01       SBC #$01                    A:75 X:0A Y:02 P:05 SP:FD CPU Cycle:423301086
CFD7 $D0 $FB       BNE $CFD4 = $38             A:74 X:0A Y:02 P:05 SP:FD CPU Cycle:423301088
CFD4 $38           SEC                         A:74 X:0A Y:02 P:05 SP:FD CPU Cycle:423301091
CFD5 $E9 $01       SBC #$01                    A:74 X:0A Y:02 P:05 SP:FD CPU Cycle:423301093
CFD7 $D0 $FB       BNE $CFD4 = $38             A:73 X:0A Y:02 P:05 SP:FD CPU Cycle:423301095
CFD4 $38           SEC                         A:73 X:0A Y:02 P:05 SP:FD CPU Cycle:423301098
CFD5 $E9 $01       SBC #$01                    A:73 X:0A Y:02 P:05 SP:FD CPU Cycle:423301100
CFD7 $D0 $FB       BNE $CFD4 = $38             A:72 X:0A Y:02 P:05 SP:FD CPU Cycle:423301102
CFD4 $38           SEC                         A:72 X:0A Y:02 P:05 SP:FD CPU Cycle:423301105
CFD5 $E9 $01       SBC #$01                    A:72 X:0A Y:02 P:05 SP:FD CPU Cycle:423301107
CFD7 $D0 $FB       BNE $CFD4 = $38             A:71 X:0A Y:02 P:05 SP:FD CPU Cycle:423301109
CFD4 $38           SEC                         A:71 X:0A Y:02 P:05 SP:FD CPU Cycle:423301112
CFD5 $E9 $01       SBC #$01                    A:71 X:0A Y:02 P:05 SP:FD CPU Cycle:423301114
CFD7 $D0 $FB       BNE $CFD4 = $38             A:70 X:0A Y:02 P:05 SP:FD CPU Cycle:423301116
CFD4 $38           SEC                         A:70 X:0A Y:02 P:05 SP:FD CPU Cycle:423301119
CFD5 $E9 $01       SBC #$01                    A:70 X:0A Y:02 P:05 SP:FD CPU Cycle:423301121
CFD7 $D0 $FB       BNE $CFD4 = $38             A:6F X:0A Y:02 P:05 SP:FD CPU Cycle:423301123
CFD4 $38           SEC                         A:6F X:0A Y:02 P:05 SP:FD CPU Cycle:423301126
CFD5 $E9 $01       SBC #$01                    A:6F X:0A Y:02 P:05 SP:FD CPU Cycle:423301128
CFD7 $D0 $FB       BNE $CFD4 = $38             A:6E X:0A Y:02 P:05 SP:FD CPU Cycle:423301130
CFD4 $38           SEC                         A:6E X:0A Y:02 P:05 SP:FD CPU Cycle:423301133
CFD5 $E9 $01       SBC #$01                    A:6E X:0A Y:02 P:05 SP:FD CPU Cycle:423301135
CFD7 $D0 $FB       BNE $CFD4 = $38             A:6D X:0A Y:02 P:05 SP:FD CPU Cycle:423301137
CFD4 $38           SEC                         A:6D X:0A Y:02 P:05 SP:FD CPU Cycle:423301140
CFD5 $E9 $01       SBC #$01                    A:6D X:0A Y:02 P:05 SP:FD CPU Cycle:423301142
CFD7 $D0 $FB       BNE $CFD4 = $38             A:6C X:0A Y:02 P:05 SP:FD CPU Cycle:423301144
CFD4 $38           SEC                         A:6C X:0A Y:02 P:05 SP:FD CPU Cycle:423301147
CFD5 $E9 $01       SBC #$01                    A:6C X:0A Y:02 P:05 SP:FD CPU Cycle:423301149
CFD7 $D0 $FB       BNE $CFD4 = $38             A:6B X:0A Y:02 P:05 SP:FD CPU Cycle:423301151
CFD4 $38           SEC                         A:6B X:0A Y:02 P:05 SP:FD CPU Cycle:423301154
CFD5 $E9 $01       SBC #$01                    A:6B X:0A Y:02 P:05 SP:FD CPU Cycle:423301156
CFD7 $D0 $FB       BNE $CFD4 = $38             A:6A X:0A Y:02 P:05 SP:FD CPU Cycle:423301158
CFD4 $38           SEC                         A:6A X:0A Y:02 P:05 SP:FD CPU Cycle:423301161
CFD5 $E9 $01       SBC #$01                    A:6A X:0A Y:02 P:05 SP:FD CPU Cycle:423301163
CFD7 $D0 $FB       BNE $CFD4 = $38             A:69 X:0A Y:02 P:05 SP:FD CPU Cycle:423301165
CFD4 $38           SEC                         A:69 X:0A Y:02 P:05 SP:FD CPU Cycle:423301168
CFD5 $E9 $01       SBC #$01                    A:69 X:0A Y:02 P:05 SP:FD CPU Cycle:423301170
CFD7 $D0 $FB       BNE $CFD4 = $38             A:68 X:0A Y:02 P:05 SP:FD CPU Cycle:423301172
CFD4 $38           SEC                         A:68 X:0A Y:02 P:05 SP:FD CPU Cycle:423301175
CFD5 $E9 $01       SBC #$01                    A:68 X:0A Y:02 P:05 SP:FD CPU Cycle:423301177
CFD7 $D0 $FB       BNE $CFD4 = $38             A:67 X:0A Y:02 P:05 SP:FD CPU Cycle:423301179
CFD4 $38           SEC                         A:67 X:0A Y:02 P:05 SP:FD CPU Cycle:423301182
CFD5 $E9 $01       SBC #$01                    A:67 X:0A Y:02 P:05 SP:FD CPU Cycle:423301184
CFD7 $D0 $FB       BNE $CFD4 = $38             A:66 X:0A Y:02 P:05 SP:FD CPU Cycle:423301186
CFD4 $38           SEC                         A:66 X:0A Y:02 P:05 SP:FD CPU Cycle:423301189
CFD5 $E9 $01       SBC #$01                    A:66 X:0A Y:02 P:05 SP:FD CPU Cycle:423301191
CFD7 $D0 $FB       BNE $CFD4 = $38             A:65 X:0A Y:02 P:05 SP:FD CPU Cycle:423301193
CFD4 $38           SEC                         A:65 X:0A Y:02 P:05 SP:FD CPU Cycle:423301196
CFD5 $E9 $01       SBC #$01                    A:65 X:0A Y:02 P:05 SP:FD CPU Cycle:423301198
CFD7 $D0 $FB       BNE $CFD4 = $38             A:64 X:0A Y:02 P:05 SP:FD CPU Cycle:423301200
CFD4 $38           SEC                         A:64 X:0A Y:02 P:05 SP:FD CPU Cycle:423301203
CFD5 $E9 $01       SBC #$01                    A:64 X:0A Y:02 P:05 SP:FD CPU Cycle:423301205
CFD7 $D0 $FB       BNE $CFD4 = $38             A:63 X:0A Y:02 P:05 SP:FD CPU Cycle:423301207
CFD4 $38           SEC                         A:63 X:0A Y:02 P:05 SP:FD CPU Cycle:423301210
CFD5 $E9 $01       SBC #$01                    A:63 X:0A Y:02 P:05 SP:FD CPU Cycle:423301212
CFD7 $D0 $FB       BNE $CFD4 = $38             A:62 X:0A Y:02 P:05 SP:FD CPU Cycle:423301214
CFD4 $38           SEC                         A:62 X:0A Y:02 P:05 SP:FD CPU Cycle:423301217
CFD5 $E9 $01       SBC #$01                    A:62 X:0A Y:02 P:05 SP:FD CPU Cycle:423301219
CFD7 $D0 $FB       BNE $CFD4 = $38             A:61 X:0A Y:02 P:05 SP:FD CPU Cycle:423301221
CFD4 $38           SEC                         A:61 X:0A Y:02 P:05 SP:FD CPU Cycle:423301224
CFD5 $E9 $01       SBC #$01                    A:61 X:0A Y:02 P:05 SP:FD CPU Cycle:423301226
CFD7 $D0 $FB       BNE $CFD4 = $38             A:60 X:0A Y:02 P:05 SP:FD CPU Cycle:423301228
CFD4 $38           SEC                         A:60 X:0A Y:02 P:05 SP:FD CPU Cycle:423301231
CFD5 $E9 $01       SBC #$01                    A:60 X:0A Y:02 P:05 SP:FD CPU Cycle:423301233
CFD7 $D0 $FB       BNE $CFD4 = $38             A:5F X:0A Y:02 P:05 SP:FD CPU Cycle:423301235
CFD4 $38           SEC                         A:5F X:0A Y:02 P:05 SP:FD CPU Cycle:423301238
CFD5 $E9 $01       SBC #$01                    A:5F X:0A Y:02 P:05 SP:FD CPU Cycle:423301240
CFD7 $D0 $FB       BNE $CFD4 = $38             A:5E X:0A Y:02 P:05 SP:FD CPU Cycle:423301242
CFD4 $38           SEC                         A:5E X:0A Y:02 P:05 SP:FD CPU Cycle:423301245
CFD5 $E9 $01       SBC #$01                    A:5E X:0A Y:02 P:05 SP:FD CPU Cycle:423301247
CFD7 $D0 $FB       BNE $CFD4 = $38             A:5D X:0A Y:02 P:05 SP:FD CPU Cycle:423301249
CFD4 $38           SEC                         A:5D X:0A Y:02 P:05 SP:FD CPU Cycle:423301252
CFD5 $E9 $01       SBC #$01                    A:5D X:0A Y:02 P:05 SP:FD CPU Cycle:423301254
CFD7 $D0 $FB       BNE $CFD4 = $38             A:5C X:0A Y:02 P:05 SP:FD CPU Cycle:423301256
CFD4 $38           SEC                         A:5C X:0A Y:02 P:05 SP:FD CPU Cycle:423301259
CFD5 $E9 $01       SBC #$01                    A:5C X:0A Y:02 P:05 SP:FD CPU Cycle:423301261
CFD7 $D0 $FB       BNE $CFD4 = $38             A:5B X:0A Y:02 P:05 SP:FD CPU Cycle:423301263
CFD4 $38           SEC                         A:5B X:0A Y:02 P:05 SP:FD CPU Cycle:423301266
CFD5 $E9 $01       SBC #$01                    A:5B X:0A Y:02 P:05 SP:FD CPU Cycle:423301268
CFD7 $D0 $FB       BNE $CFD4 = $38             A:5A X:0A Y:02 P:05 SP:FD CPU Cycle:423301270
CFD4 $38           SEC                         A:5A X:0A Y:02 P:05 SP:FD CPU Cycle:423301273
CFD5 $E9 $01       SBC #$01                    A:5A X:0A Y:02 P:05 SP:FD CPU Cycle:423301275
CFD7 $D0 $FB       BNE $CFD4 = $38             A:59 X:0A Y:02 P:05 SP:FD CPU Cycle:423301277
CFD4 $38           SEC                         A:59 X:0A Y:02 P:05 SP:FD CPU Cycle:423301280
CFD5 $E9 $01       SBC #$01                    A:59 X:0A Y:02 P:05 SP:FD CPU Cycle:423301282
CFD7 $D0 $FB       BNE $CFD4 = $38             A:58 X:0A Y:02 P:05 SP:FD CPU Cycle:423301284
CFD4 $38           SEC                         A:58 X:0A Y:02 P:05 SP:FD CPU Cycle:423301287
CFD5 $E9 $01       SBC #$01                    A:58 X:0A Y:02 P:05 SP:FD CPU Cycle:423301289
CFD7 $D0 $FB       BNE $CFD4 = $38             A:57 X:0A Y:02 P:05 SP:FD CPU Cycle:423301291
CFD4 $38           SEC                         A:57 X:0A Y:02 P:05 SP:FD CPU Cycle:423301294
CFD5 $E9 $01       SBC #$01                    A:57 X:0A Y:02 P:05 SP:FD CPU Cycle:423301296
CFD7 $D0 $FB       BNE $CFD4 = $38             A:56 X:0A Y:02 P:05 SP:FD CPU Cycle:423301298
CFD4 $38           SEC                         A:56 X:0A Y:02 P:05 SP:FD CPU Cycle:423301301
CFD5 $E9 $01       SBC #$01                    A:56 X:0A Y:02 P:05 SP:FD CPU Cycle:423301303
CFD7 $D0 $FB       BNE $CFD4 = $38             A:55 X:0A Y:02 P:05 SP:FD CPU Cycle:423301305
CFD4 $38           SEC                         A:55 X:0A Y:02 P:05 SP:FD CPU Cycle:423301308
CFD5 $E9 $01       SBC #$01                    A:55 X:0A Y:02 P:05 SP:FD CPU Cycle:423301310
CFD7 $D0 $FB       BNE $CFD4 = $38             A:54 X:0A Y:02 P:05 SP:FD CPU Cycle:423301312
CFD4 $38           SEC                         A:54 X:0A Y:02 P:05 SP:FD CPU Cycle:423301315
CFD5 $E9 $01       SBC #$01                    A:54 X:0A Y:02 P:05 SP:FD CPU Cycle:423301317
CFD7 $D0 $FB       BNE $CFD4 = $38             A:53 X:0A Y:02 P:05 SP:FD CPU Cycle:423301319
CFD4 $38           SEC                         A:53 X:0A Y:02 P:05 SP:FD CPU Cycle:423301322
CFD5 $E9 $01       SBC #$01                    A:53 X:0A Y:02 P:05 SP:FD CPU Cycle:423301324
CFD7 $D0 $FB       BNE $CFD4 = $38             A:52 X:0A Y:02 P:05 SP:FD CPU Cycle:423301326
CFD4 $38           SEC                         A:52 X:0A Y:02 P:05 SP:FD CPU Cycle:423301329
CFD5 $E9 $01       SBC #$01                    A:52 X:0A Y:02 P:05 SP:FD CPU Cycle:423301331
CFD7 $D0 $FB       BNE $CFD4 = $38             A:51 X:0A Y:02 P:05 SP:FD CPU Cycle:423301333
CFD4 $38           SEC                         A:51 X:0A Y:02 P:05 SP:FD CPU Cycle:423301336
CFD5 $E9 $01       SBC #$01                    A:51 X:0A Y:02 P:05 SP:FD CPU Cycle:423301338
CFD7 $D0 $FB       BNE $CFD4 = $38             A:50 X:0A Y:02 P:05 SP:FD CPU Cycle:423301340
CFD4 $38           SEC                         A:50 X:0A Y:02 P:05 SP:FD CPU Cycle:423301343
CFD5 $E9 $01       SBC #$01                    A:50 X:0A Y:02 P:05 SP:FD CPU Cycle:423301345
CFD7 $D0 $FB       BNE $CFD4 = $38             A:4F X:0A Y:02 P:05 SP:FD CPU Cycle:423301347
CFD4 $38           SEC                         A:4F X:0A Y:02 P:05 SP:FD CPU Cycle:423301350
CFD5 $E9 $01       SBC #$01                    A:4F X:0A Y:02 P:05 SP:FD CPU Cycle:423301352
CFD7 $D0 $FB       BNE $CFD4 = $38             A:4E X:0A Y:02 P:05 SP:FD CPU Cycle:423301354
CFD4 $38           SEC                         A:4E X:0A Y:02 P:05 SP:FD CPU Cycle:423301357
CFD5 $E9 $01       SBC #$01                    A:4E X:0A Y:02 P:05 SP:FD CPU Cycle:423301359
CFD7 $D0 $FB       BNE $CFD4 = $38             A:4D X:0A Y:02 P:05 SP:FD CPU Cycle:423301361
CFD4 $38           SEC                         A:4D X:0A Y:02 P:05 SP:FD CPU Cycle:423301364
CFD5 $E9 $01       SBC #$01                    A:4D X:0A Y:02 P:05 SP:FD CPU Cycle:423301366
CFD7 $D0 $FB       BNE $CFD4 = $38             A:4C X:0A Y:02 P:05 SP:FD CPU Cycle:423301368
CFD4 $38           SEC                         A:4C X:0A Y:02 P:05 SP:FD CPU Cycle:423301371
CFD5 $E9 $01       SBC #$01                    A:4C X:0A Y:02 P:05 SP:FD CPU Cycle:423301373
CFD7 $D0 $FB       BNE $CFD4 = $38             A:4B X:0A Y:02 P:05 SP:FD CPU Cycle:423301375
CFD4 $38           SEC                         A:4B X:0A Y:02 P:05 SP:FD CPU Cycle:423301378
CFD5 $E9 $01       SBC #$01                    A:4B X:0A Y:02 P:05 SP:FD CPU Cycle:423301380
CFD7 $D0 $FB       BNE $CFD4 = $38             A:4A X:0A Y:02 P:05 SP:FD CPU Cycle:423301382
CFD4 $38           SEC                         A:4A X:0A Y:02 P:05 SP:FD CPU Cycle:423301385
CFD5 $E9 $01       SBC #$01                    A:4A X:0A Y:02 P:05 SP:FD CPU Cycle:423301387
CFD7 $D0 $FB       BNE $CFD4 = $38             A:49 X:0A Y:02 P:05 SP:FD CPU Cycle:423301389
CFD4 $38           SEC                         A:49 X:0A Y:02 P:05 SP:FD CPU Cycle:423301392
CFD5 $E9 $01       SBC #$01                    A:49 X:0A Y:02 P:05 SP:FD CPU Cycle:423301394
CFD7 $D0 $FB       BNE $CFD4 = $38             A:48 X:0A Y:02 P:05 SP:FD CPU Cycle:423301396
CFD4 $38           SEC                         A:48 X:0A Y:02 P:05 SP:FD CPU Cycle:423301399
CFD5 $E9 $01       SBC #$01                    A:48 X:0A Y:02 P:05 SP:FD CPU Cycle:423301401
CFD7 $D0 $FB       BNE $CFD4 = $38             A:47 X:0A Y:02 P:05 SP:FD CPU Cycle:423301403
CFD4 $38           SEC                         A:47 X:0A Y:02 P:05 SP:FD CPU Cycle:423301406
CFD5 $E9 $01       SBC #$01                    A:47 X:0A Y:02 P:05 SP:FD CPU Cycle:423301408
CFD7 $D0 $FB       BNE $CFD4 = $38             A:46 X:0A Y:02 P:05 SP:FD CPU Cycle:423301410
CFD4 $38           SEC                         A:46 X:0A Y:02 P:05 SP:FD CPU Cycle:423301413
CFD5 $E9 $01       SBC #$01                    A:46 X:0A Y:02 P:05 SP:FD CPU Cycle:423301415
CFD7 $D0 $FB       BNE $CFD4 = $38             A:45 X:0A Y:02 P:05 SP:FD CPU Cycle:423301417
CFD4 $38           SEC                         A:45 X:0A Y:02 P:05 SP:FD CPU Cycle:423301420
CFD5 $E9 $01       SBC #$01                    A:45 X:0A Y:02 P:05 SP:FD CPU Cycle:423301422
CFD7 $D0 $FB       BNE $CFD4 = $38             A:44 X:0A Y:02 P:05 SP:FD CPU Cycle:423301424
CFD4 $38           SEC                         A:44 X:0A Y:02 P:05 SP:FD CPU Cycle:423301427
CFD5 $E9 $01       SBC #$01                    A:44 X:0A Y:02 P:05 SP:FD CPU Cycle:423301429
CFD7 $D0 $FB       BNE $CFD4 = $38             A:43 X:0A Y:02 P:05 SP:FD CPU Cycle:423301431
CFD4 $38           SEC                         A:43 X:0A Y:02 P:05 SP:FD CPU Cycle:423301434
CFD5 $E9 $01       SBC #$01                    A:43 X:0A Y:02 P:05 SP:FD CPU Cycle:423301436
CFD7 $D0 $FB       BNE $CFD4 = $38             A:42 X:0A Y:02 P:05 SP:FD CPU Cycle:423301438
CFD4 $38           SEC                         A:42 X:0A Y:02 P:05 SP:FD CPU Cycle:423301441
CFD5 $E9 $01       SBC #$01                    A:42 X:0A Y:02 P:05 SP:FD CPU Cycle:423301443
CFD7 $D0 $FB       BNE $CFD4 = $38             A:41 X:0A Y:02 P:05 SP:FD CPU Cycle:423301445
CFD4 $38           SEC                         A:41 X:0A Y:02 P:05 SP:FD CPU Cycle:423301448
CFD5 $E9 $01       SBC #$01                    A:41 X:0A Y:02 P:05 SP:FD CPU Cycle:423301450
CFD7 $D0 $FB       BNE $CFD4 = $38             A:40 X:0A Y:02 P:05 SP:FD CPU Cycle:423301452
CFD4 $38           SEC                         A:40 X:0A Y:02 P:05 SP:FD CPU Cycle:423301455
CFD5 $E9 $01       SBC #$01                    A:40 X:0A Y:02 P:05 SP:FD CPU Cycle:423301457
CFD7 $D0 $FB       BNE $CFD4 = $38             A:3F X:0A Y:02 P:05 SP:FD CPU Cycle:423301459
CFD4 $38           SEC                         A:3F X:0A Y:02 P:05 SP:FD CPU Cycle:423301462
CFD5 $E9 $01       SBC #$01                    A:3F X:0A Y:02 P:05 SP:FD CPU Cycle:423301464
CFD7 $D0 $FB       BNE $CFD4 = $38             A:3E X:0A Y:02 P:05 SP:FD CPU Cycle:423301466
CFD4 $38           SEC                         A:3E X:0A Y:02 P:05 SP:FD CPU Cycle:423301469
CFD5 $E9 $01       SBC #$01                    A:3E X:0A Y:02 P:05 SP:FD CPU Cycle:423301471
CFD7 $D0 $FB       BNE $CFD4 = $38             A:3D X:0A Y:02 P:05 SP:FD CPU Cycle:423301473
CFD4 $38           SEC                         A:3D X:0A Y:02 P:05 SP:FD CPU Cycle:423301476
CFD5 $E9 $01       SBC #$01                    A:3D X:0A Y:02 P:05 SP:FD CPU Cycle:423301478
CFD7 $D0 $FB       BNE $CFD4 = $38             A:3C X:0A Y:02 P:05 SP:FD CPU Cycle:423301480
CFD4 $38           SEC                         A:3C X:0A Y:02 P:05 SP:FD CPU Cycle:423301483
CFD5 $E9 $01       SBC #$01                    A:3C X:0A Y:02 P:05 SP:FD CPU Cycle:423301485
CFD7 $D0 $FB       BNE $CFD4 = $38             A:3B X:0A Y:02 P:05 SP:FD CPU Cycle:423301487
CFD4 $38           SEC                         A:3B X:0A Y:02 P:05 SP:FD CPU Cycle:423301490
CFD5 $E9 $01       SBC #$01                    A:3B X:0A Y:02 P:05 SP:FD CPU Cycle:423301492
CFD7 $D0 $FB       BNE $CFD4 = $38             A:3A X:0A Y:02 P:05 SP:FD CPU Cycle:423301494
CFD4 $38           SEC                         A:3A X:0A Y:02 P:05 SP:FD CPU Cycle:423301497
CFD5 $E9 $01       SBC #$01                    A:3A X:0A Y:02 P:05 SP:FD CPU Cycle:423301499
CFD7 $D0 $FB       BNE $CFD4 = $38             A:39 X:0A Y:02 P:05 SP:FD CPU Cycle:423301501
CFD4 $38           SEC                         A:39 X:0A Y:02 P:05 SP:FD CPU Cycle:423301504
CFD5 $E9 $01       SBC #$01                    A:39 X:0A Y:02 P:05 SP:FD CPU Cycle:423301506
CFD7 $D0 $FB       BNE $CFD4 = $38             A:38 X:0A Y:02 P:05 SP:FD CPU Cycle:423301508
CFD4 $38           SEC                         A:38 X:0A Y:02 P:05 SP:FD CPU Cycle:423301511
CFD5 $E9 $01       SBC #$01                    A:38 X:0A Y:02 P:05 SP:FD CPU Cycle:423301513
CFD7 $D0 $FB       BNE $CFD4 = $38             A:37 X:0A Y:02 P:05 SP:FD CPU Cycle:423301515
CFD4 $38           SEC                         A:37 X:0A Y:02 P:05 SP:FD CPU Cycle:423301518
CFD5 $E9 $01       SBC #$01                    A:37 X:0A Y:02 P:05 SP:FD CPU Cycle:423301520
CFD7 $D0 $FB       BNE $CFD4 = $38             A:36 X:0A Y:02 P:05 SP:FD CPU Cycle:423301522
CFD4 $38           SEC                         A:36 X:0A Y:02 P:05 SP:FD CPU Cycle:423301525
CFD5 $E9 $01       SBC #$01                    A:36 X:0A Y:02 P:05 SP:FD CPU Cycle:423301527
CFD7 $D0 $FB       BNE $CFD4 = $38             A:35 X:0A Y:02 P:05 SP:FD CPU Cycle:423301529
CFD4 $38           SEC                         A:35 X:0A Y:02 P:05 SP:FD CPU Cycle:423301532
CFD5 $E9 $01       SBC #$01                    A:35 X:0A Y:02 P:05 SP:FD CPU Cycle:423301534
CFD7 $D0 $FB       BNE $CFD4 = $38             A:34 X:0A Y:02 P:05 SP:FD CPU Cycle:423301536
CFD4 $38           SEC                         A:34 X:0A Y:02 P:05 SP:FD CPU Cycle:423301539
CFD5 $E9 $01       SBC #$01                    A:34 X:0A Y:02 P:05 SP:FD CPU Cycle:423301541
CFD7 $D0 $FB       BNE $CFD4 = $38             A:33 X:0A Y:02 P:05 SP:FD CPU Cycle:423301543
CFD4 $38           SEC                         A:33 X:0A Y:02 P:05 SP:FD CPU Cycle:423301546
CFD5 $E9 $01       SBC #$01                    A:33 X:0A Y:02 P:05 SP:FD CPU Cycle:423301548
CFD7 $D0 $FB       BNE $CFD4 = $38             A:32 X:0A Y:02 P:05 SP:FD CPU Cycle:423301550
CFD4 $38           SEC                         A:32 X:0A Y:02 P:05 SP:FD CPU Cycle:423301553
CFD5 $E9 $01       SBC #$01                    A:32 X:0A Y:02 P:05 SP:FD CPU Cycle:423301555
CFD7 $D0 $FB       BNE $CFD4 = $38             A:31 X:0A Y:02 P:05 SP:FD CPU Cycle:423301557
CFD4 $38           SEC                         A:31 X:0A Y:02 P:05 SP:FD CPU Cycle:423301560
CFD5 $E9 $01       SBC #$01                    A:31 X:0A Y:02 P:05 SP:FD CPU Cycle:423301562
CFD7 $D0 $FB       BNE $CFD4 = $38             A:30 X:0A Y:02 P:05 SP:FD CPU Cycle:423301564
CFD4 $38           SEC                         A:30 X:0A Y:02 P:05 SP:FD CPU Cycle:423301567
CFD5 $E9 $01       SBC #$01                    A:30 X:0A Y:02 P:05 SP:FD CPU Cycle:423301569
CFD7 $D0 $FB       BNE $CFD4 = $38             A:2F X:0A Y:02 P:05 SP:FD CPU Cycle:423301571
CFD4 $38           SEC                         A:2F X:0A Y:02 P:05 SP:FD CPU Cycle:423301574
CFD5 $E9 $01       SBC #$01                    A:2F X:0A Y:02 P:05 SP:FD CPU Cycle:423301576
CFD7 $D0 $FB       BNE $CFD4 = $38             A:2E X:0A Y:02 P:05 SP:FD CPU Cycle:423301578
CFD4 $38           SEC                         A:2E X:0A Y:02 P:05 SP:FD CPU Cycle:423301581
CFD5 $E9 $01       SBC #$01                    A:2E X:0A Y:02 P:05 SP:FD CPU Cycle:423301583
CFD7 $D0 $FB       BNE $CFD4 = $38             A:2D X:0A Y:02 P:05 SP:FD CPU Cycle:423301585
CFD4 $38           SEC                         A:2D X:0A Y:02 P:05 SP:FD CPU Cycle:423301588
CFD5 $E9 $01       SBC #$01                    A:2D X:0A Y:02 P:05 SP:FD CPU Cycle:423301590
CFD7 $D0 $FB       BNE $CFD4 = $38             A:2C X:0A Y:02 P:05 SP:FD CPU Cycle:423301592
CFD4 $38           SEC                         A:2C X:0A Y:02 P:05 SP:FD CPU Cycle:423301595
CFD5 $E9 $01       SBC #$01                    A:2C X:0A Y:02 P:05 SP:FD CPU Cycle:423301597
CFD7 $D0 $FB       BNE $CFD4 = $38             A:2B X:0A Y:02 P:05 SP:FD CPU Cycle:423301599
CFD4 $38           SEC                         A:2B X:0A Y:02 P:05 SP:FD CPU Cycle:423301602
CFD5 $E9 $01       SBC #$01                    A:2B X:0A Y:02 P:05 SP:FD CPU Cycle:423301604
CFD7 $D0 $FB       BNE $CFD4 = $38             A:2A X:0A Y:02 P:05 SP:FD CPU Cycle:423301606
CFD4 $38           SEC                         A:2A X:0A Y:02 P:05 SP:FD CPU Cycle:423301609
CFD5 $E9 $01       SBC #$01                    A:2A X:0A Y:02 P:05 SP:FD CPU Cycle:423301611
CFD7 $D0 $FB       BNE $CFD4 = $38             A:29 X:0A Y:02 P:05 SP:FD CPU Cycle:423301613
CFD4 $38           SEC                         A:29 X:0A Y:02 P:05 SP:FD CPU Cycle:423301616
CFD5 $E9 $01       SBC #$01                    A:29 X:0A Y:02 P:05 SP:FD CPU Cycle:423301618
CFD7 $D0 $FB       BNE $CFD4 = $38             A:28 X:0A Y:02 P:05 SP:FD CPU Cycle:423301620
CFD4 $38           SEC                         A:28 X:0A Y:02 P:05 SP:FD CPU Cycle:423301623
CFD5 $E9 $01       SBC #$01                    A:28 X:0A Y:02 P:05 SP:FD CPU Cycle:423301625
CFD7 $D0 $FB       BNE $CFD4 = $38             A:27 X:0A Y:02 P:05 SP:FD CPU Cycle:423301627
CFD4 $38           SEC                         A:27 X:0A Y:02 P:05 SP:FD CPU Cycle:423301630
CFD5 $E9 $01       SBC #$01                    A:27 X:0A Y:02 P:05 SP:FD CPU Cycle:423301632
CFD7 $D0 $FB       BNE $CFD4 = $38             A:26 X:0A Y:02 P:05 SP:FD CPU Cycle:423301634
CFD4 $38           SEC                         A:26 X:0A Y:02 P:05 SP:FD CPU Cycle:423301637
CFD5 $E9 $01       SBC #$01                    A:26 X:0A Y:02 P:05 SP:FD CPU Cycle:423301639
CFD7 $D0 $FB       BNE $CFD4 = $38             A:25 X:0A Y:02 P:05 SP:FD CPU Cycle:423301641
CFD4 $38           SEC                         A:25 X:0A Y:02 P:05 SP:FD CPU Cycle:423301644
CFD5 $E9 $01       SBC #$01                    A:25 X:0A Y:02 P:05 SP:FD CPU Cycle:423301646
CFD7 $D0 $FB       BNE $CFD4 = $38             A:24 X:0A Y:02 P:05 SP:FD CPU Cycle:423301648
CFD4 $38           SEC                         A:24 X:0A Y:02 P:05 SP:FD CPU Cycle:423301651
CFD5 $E9 $01       SBC #$01                    A:24 X:0A Y:02 P:05 SP:FD CPU Cycle:423301653
CFD7 $D0 $FB       BNE $CFD4 = $38             A:23 X:0A Y:02 P:05 SP:FD CPU Cycle:423301655
CFD4 $38           SEC                         A:23 X:0A Y:02 P:05 SP:FD CPU Cycle:423301658
CFD5 $E9 $01       SBC #$01                    A:23 X:0A Y:02 P:05 SP:FD CPU Cycle:423301660
CFD7 $D0 $FB       BNE $CFD4 = $38             A:22 X:0A Y:02 P:05 SP:FD CPU Cycle:423301662
CFD4 $38           SEC                         A:22 X:0A Y:02 P:05 SP:FD CPU Cycle:423301665
CFD5 $E9 $01       SBC #$01                    A:22 X:0A Y:02 P:05 SP:FD CPU Cycle:423301667
CFD7 $D0 $FB       BNE $CFD4 = $38             A:21 X:0A Y:02 P:05 SP:FD CPU Cycle:423301669
CFD4 $38           SEC                         A:21 X:0A Y:02 P:05 SP:FD CPU Cycle:423301672
CFD5 $E9 $01       SBC #$01                    A:21 X:0A Y:02 P:05 SP:FD CPU Cycle:423301674
CFD7 $D0 $FB       BNE $CFD4 = $38             A:20 X:0A Y:02 P:05 SP:FD CPU Cycle:423301676
CFD4 $38           SEC                         A:20 X:0A Y:02 P:05 SP:FD CPU Cycle:423301679
CFD5 $E9 $01       SBC #$01                    A:20 X:0A Y:02 P:05 SP:FD CPU Cycle:423301681
CFD7 $D0 $FB       BNE $CFD4 = $38             A:1F X:0A Y:02 P:05 SP:FD CPU Cycle:423301683
CFD4 $38           SEC                         A:1F X:0A Y:02 P:05 SP:FD CPU Cycle:423301686
CFD5 $E9 $01       SBC #$01                    A:1F X:0A Y:02 P:05 SP:FD CPU Cycle:423301688
CFD7 $D0 $FB       BNE $CFD4 = $38             A:1E X:0A Y:02 P:05 SP:FD CPU Cycle:423301690
CFD4 $38           SEC                         A:1E X:0A Y:02 P:05 SP:FD CPU Cycle:423301693
CFD5 $E9 $01       SBC #$01                    A:1E X:0A Y:02 P:05 SP:FD CPU Cycle:423301695
CFD7 $D0 $FB       BNE $CFD4 = $38             A:1D X:0A Y:02 P:05 SP:FD CPU Cycle:423301697
CFD4 $38           SEC                         A:1D X:0A Y:02 P:05 SP:FD CPU Cycle:423301700
CFD5 $E9 $01       SBC #$01                    A:1D X:0A Y:02 P:05 SP:FD CPU Cycle:423301702
CFD7 $D0 $FB       BNE $CFD4 = $38             A:1C X:0A Y:02 P:05 SP:FD CPU Cycle:423301704
CFD4 $38           SEC                         A:1C X:0A Y:02 P:05 SP:FD CPU Cycle:423301707
CFD5 $E9 $01       SBC #$01                    A:1C X:0A Y:02 P:05 SP:FD CPU Cycle:423301709
CFD7 $D0 $FB       BNE $CFD4 = $38             A:1B X:0A Y:02 P:05 SP:FD CPU Cycle:423301711
CFD4 $38           SEC                         A:1B X:0A Y:02 P:05 SP:FD CPU Cycle:423301714
CFD5 $E9 $01       SBC #$01                    A:1B X:0A Y:02 P:05 SP:FD CPU Cycle:423301716
CFD7 $D0 $FB       BNE $CFD4 = $38             A:1A X:0A Y:02 P:05 SP:FD CPU Cycle:423301718
CFD4 $38           SEC                         A:1A X:0A Y:02 P:05 SP:FD CPU Cycle:423301721
CFD5 $E9 $01       SBC #$01                    A:1A X:0A Y:02 P:05 SP:FD CPU Cycle:423301723
CFD7 $D0 $FB       BNE $CFD4 = $38             A:19 X:0A Y:02 P:05 SP:FD CPU Cycle:423301725
CFD4 $38           SEC                         A:19 X:0A Y:02 P:05 SP:FD CPU Cycle:423301728
CFD5 $E9 $01       SBC #$01                    A:19 X:0A Y:02 P:05 SP:FD CPU Cycle:423301730
CFD7 $D0 $FB       BNE $CFD4 = $38             A:18 X:0A Y:02 P:05 SP:FD CPU Cycle:423301732
CFD4 $38           SEC                         A:18 X:0A Y:02 P:05 SP:FD CPU Cycle:423301735
CFD5 $E9 $01       SBC #$01                    A:18 X:0A Y:02 P:05 SP:FD CPU Cycle:423301737
CFD7 $D0 $FB       BNE $CFD4 = $38             A:17 X:0A Y:02 P:05 SP:FD CPU Cycle:423301739
CFD4 $38           SEC                         A:17 X:0A Y:02 P:05 SP:FD CPU Cycle:423301742
CFD5 $E9 $01       SBC #$01                    A:17 X:0A Y:02 P:05 SP:FD CPU Cycle:423301744
CFD7 $D0 $FB       BNE $CFD4 = $38             A:16 X:0A Y:02 P:05 SP:FD CPU Cycle:423301746
CFD4 $38           SEC                         A:16 X:0A Y:02 P:05 SP:FD CPU Cycle:423301749
CFD5 $E9 $01       SBC #$01                    A:16 X:0A Y:02 P:05 SP:FD CPU Cycle:423301751
CFD7 $D0 $FB       BNE $CFD4 = $38             A:15 X:0A Y:02 P:05 SP:FD CPU Cycle:423301753
CFD4 $38           SEC                         A:15 X:0A Y:02 P:05 SP:FD CPU Cycle:423301756
CFD5 $E9 $01       SBC #$01                    A:15 X:0A Y:02 P:05 SP:FD CPU Cycle:423301758
CFD7 $D0 $FB       BNE $CFD4 = $38             A:14 X:0A Y:02 P:05 SP:FD CPU Cycle:423301760
CFD4 $38           SEC                         A:14 X:0A Y:02 P:05 SP:FD CPU Cycle:423301763
CFD5 $E9 $01       SBC #$01                    A:14 X:0A Y:02 P:05 SP:FD CPU Cycle:423301765
CFD7 $D0 $FB       BNE $CFD4 = $38             A:13 X:0A Y:02 P:05 SP:FD CPU Cycle:423301767
CFD4 $38           SEC                         A:13 X:0A Y:02 P:05 SP:FD CPU Cycle:423301770
CFD5 $E9 $01       SBC #$01                    A:13 X:0A Y:02 P:05 SP:FD CPU Cycle:423301772
CFD7 $D0 $FB       BNE $CFD4 = $38             A:12 X:0A Y:02 P:05 SP:FD CPU Cycle:423301774
CFD4 $38           SEC                         A:12 X:0A Y:02 P:05 SP:FD CPU Cycle:423301777
CFD5 $E9 $01       SBC #$01                    A:12 X:0A Y:02 P:05 SP:FD CPU Cycle:423301779
CFD7 $D0 $FB       BNE $CFD4 = $38             A:11 X:0A Y:02 P:05 SP:FD CPU Cycle:423301781
CFD4 $38           SEC                         A:11 X:0A Y:02 P:05 SP:FD CPU Cycle:423301784
CFD5 $E9 $01       SBC #$01                    A:11 X:0A Y:02 P:05 SP:FD CPU Cycle:423301786
CFD7 $D0 $FB       BNE $CFD4 = $38             A:10 X:0A Y:02 P:05 SP:FD CPU Cycle:423301788
CFD4 $38           SEC                         A:10 X:0A Y:02 P:05 SP:FD CPU Cycle:423301791
CFD5 $E9 $01       SBC #$01                    A:10 X:0A Y:02 P:05 SP:FD CPU Cycle:423301793
CFD7 $D0 $FB       BNE $CFD4 = $38             A:0F X:0A Y:02 P:05 SP:FD CPU Cycle:423301795
CFD4 $38           SEC                         A:0F X:0A Y:02 P:05 SP:FD CPU Cycle:423301798
CFD5 $E9 $01       SBC #$01                    A:0F X:0A Y:02 P:05 SP:FD CPU Cycle:423301800
CFD7 $D0 $FB       BNE $CFD4 = $38             A:0E X:0A Y:02 P:05 SP:FD CPU Cycle:423301802
CFD4 $38           SEC                         A:0E X:0A Y:02 P:05 SP:FD CPU Cycle:423301805
CFD5 $E9 $01       SBC #$01                    A:0E X:0A Y:02 P:05 SP:FD CPU Cycle:423301807
CFD7 $D0 $FB       BNE $CFD4 = $38             A:0D X:0A Y:02 P:05 SP:FD CPU Cycle:423301809
CFD4 $38           SEC                         A:0D X:0A Y:02 P:05 SP:FD CPU Cycle:423301812
CFD5 $E9 $01       SBC #$01                    A:0D X:0A Y:02 P:05 SP:FD CPU Cycle:423301814
CFD7 $D0 $FB       BNE $CFD4 = $38             A:0C X:0A Y:02 P:05 SP:FD CPU Cycle:423301816
CFD4 $38           SEC                         A:0C X:0A Y:02 P:05 SP:FD CPU Cycle:423301819
CFD5 $E9 $01       SBC #$01                    A:0C X:0A Y:02 P:05 SP:FD CPU Cycle:423301821
CFD7 $D0 $FB       BNE $CFD4 = $38             A:0B X:0A Y:02 P:05 SP:FD CPU Cycle:423301823
CFD4 $38           SEC                         A:0B X:0A Y:02 P:05 SP:FD CPU Cycle:423301826
CFD5 $E9 $01       SBC #$01                    A:0B X:0A Y:02 P:05 SP:FD CPU Cycle:423301828
CFD7 $D0 $FB       BNE $CFD4 = $38             A:0A X:0A Y:02 P:05 SP:FD CPU Cycle:423301830
CFD4 $38           SEC                         A:0A X:0A Y:02 P:05 SP:FD CPU Cycle:423301833
CFD5 $E9 $01       SBC #$01                    A:0A X:0A Y:02 P:05 SP:FD CPU Cycle:423301835
CFD7 $D0 $FB       BNE $CFD4 = $38             A:09 X:0A Y:02 P:05 SP:FD CPU Cycle:423301837
CFD4 $38           SEC                         A:09 X:0A Y:02 P:05 SP:FD CPU Cycle:423301840
CFD5 $E9 $01       SBC #$01                    A:09 X:0A Y:02 P:05 SP:FD CPU Cycle:423301842
CFD7 $D0 $FB       BNE $CFD4 = $38             A:08 X:0A Y:02 P:05 SP:FD CPU Cycle:423301844
CFD4 $38           SEC                         A:08 X:0A Y:02 P:05 SP:FD CPU Cycle:423301847
CFD5 $E9 $01       SBC #$01                    A:08 X:0A Y:02 P:05 SP:FD CPU Cycle:423301849
CFD7 $D0 $FB       BNE $CFD4 = $38             A:07 X:0A Y:02 P:05 SP:FD CPU Cycle:423301851
CFD4 $38           SEC                         A:07 X:0A Y:02 P:05 SP:FD CPU Cycle:423301854
CFD5 $E9 $01       SBC #$01                    A:07 X:0A Y:02 P:05 SP:FD CPU Cycle:423301856
CFD7 $D0 $FB       BNE $CFD4 = $38             A:06 X:0A Y:02 P:05 SP:FD CPU Cycle:423301858
CFD4 $38           SEC                         A:06 X:0A Y:02 P:05 SP:FD CPU Cycle:423301861
CFD5 $E9 $01       SBC #$01                    A:06 X:0A Y:02 P:05 SP:FD CPU Cycle:423301863
CFD7 $D0 $FB       BNE $CFD4 = $38             A:05 X:0A Y:02 P:05 SP:FD CPU Cycle:423301865
CFD4 $38           SEC                         A:05 X:0A Y:02 P:05 SP:FD CPU Cycle:423301868
CFD5 $E9 $01       SBC #$01                    A:05 X:0A Y:02 P:05 SP:FD CPU Cycle:423301870
CFD7 $D0 $FB       BNE $CFD4 = $38             A:04 X:0A Y:02 P:05 SP:FD CPU Cycle:423301872
CFD4 $38           SEC                         A:04 X:0A Y:02 P:05 SP:FD CPU Cycle:423301875
CFD5 $E9 $01       SBC #$01                    A:04 X:0A Y:02 P:05 SP:FD CPU Cycle:423301877
CFD7 $D0 $FB       BNE $CFD4 = $38             A:03 X:0A Y:02 P:05 SP:FD CPU Cycle:423301879
CFD4 $38           SEC                         A:03 X:0A Y:02 P:05 SP:FD CPU Cycle:423301882
CFD5 $E9 $01       SBC #$01                    A:03 X:0A Y:02 P:05 SP:FD CPU Cycle:423301884
CFD7 $D0 $FB       BNE $CFD4 = $38             A:02 X:0A Y:02 P:05 SP:FD CPU Cycle:423301886
CFD4 $38           SEC                         A:02 X:0A Y:02 P:05 SP:FD CPU Cycle:423301889
CFD5 $E9 $01       SBC #$01                    A:02 X:0A Y:02 P:05 SP:FD CPU Cycle:423301891
CFD7 $D0 $FB       BNE $CFD4 = $38             A:01 X:0A Y:02 P:05 SP:FD CPU Cycle:423301893
CFD4 $38           SEC                         A:01 X:0A Y:02 P:05 SP:FD CPU Cycle:423301896
CFD5 $E9 $01       SBC #$01                    A:01 X:0A Y:02 P:05 SP:FD CPU Cycle:423301898
CFD7 $D0 $FB       BNE $CFD4 = $38             A:00 X:0A Y:02 P:07 SP:FD CPU Cycle:423301900
CFD9 $CA           DEX                         A:00 X:0A Y:02 P:07 SP:FD CPU Cycle:423301902
CFDA $D0 $F8       BNE $CFD4 = $38             A:00 X:09 Y:02 P:05 SP:FD CPU Cycle:423301904
CFD4 $38           SEC                         A:00 X:09 Y:02 P:05 SP:FD CPU Cycle:423301907
CFD5 $E9 $01       SBC #$01                    A:00 X:09 Y:02 P:05 SP:FD CPU Cycle:423301909
CFD7 $D0 $FB       BNE $CFD4 = $38             A:FF X:09 Y:02 P:84 SP:FD CPU Cycle:423301911
CFD4 $38           SEC                         A:FF X:09 Y:02 P:84 SP:FD CPU Cycle:423301914
CFD5 $E9 $01       SBC #$01                    A:FF X:09 Y:02 P:85 SP:FD CPU Cycle:423301916
CFD7 $D0 $FB       BNE $CFD4 = $38             A:FE X:09 Y:02 P:85 SP:FD CPU Cycle:423301918
CFD4 $38           SEC                         A:FE X:09 Y:02 P:85 SP:FD CPU Cycle:423301921
CFD5 $E9 $01       SBC #$01                    A:FE X:09 Y:02 P:85 SP:FD CPU Cycle:423301923
CFD7 $D0 $FB       BNE $CFD4 = $38             A:FD X:09 Y:02 P:85 SP:FD CPU Cycle:423301925
CFD4 $38           SEC                         A:FD X:09 Y:02 P:85 SP:FD CPU Cycle:423301928
CFD5 $E9 $01       SBC #$01                    A:FD X:09 Y:02 P:85 SP:FD CPU Cycle:423301930
CFD7 $D0 $FB       BNE $CFD4 = $38             A:FC X:09 Y:02 P:85 SP:FD CPU Cycle:423301932
CFD4 $38           SEC                         A:FC X:09 Y:02 P:85 SP:FD CPU Cycle:423301935
CFD5 $E9 $01       SBC #$01                    A:FC X:09 Y:02 P:85 SP:FD CPU Cycle:423301937
CFD7 $D0 $FB       BNE $CFD4 = $38             A:FB X:09 Y:02 P:85 SP:FD CPU Cycle:423301939
CFD4 $38           SEC                         A:FB X:09 Y:02 P:85 SP:FD CPU Cycle:423301942
CFD5 $E9 $01       SBC #$01                    A:FB X:09 Y:02 P:85 SP:FD CPU Cycle:423301944
CFD7 $D0 $FB       BNE $CFD4 = $38             A:FA X:09 Y:02 P:85 SP:FD CPU Cycle:423301946
CFD4 $38           SEC                         A:FA X:09 Y:02 P:85 SP:FD CPU Cycle:423301949
CFD5 $E9 $01       SBC #$01                    A:FA X:09 Y:02 P:85 SP:FD CPU Cycle:423301951
CFD7 $D0 $FB       BNE $CFD4 = $38             A:F9 X:09 Y:02 P:85 SP:FD CPU Cycle:423301953
CFD4 $38           SEC                         A:F9 X:09 Y:02 P:85 SP:FD CPU Cycle:423301956
CFD5 $E9 $01       SBC #$01                    A:F9 X:09 Y:02 P:85 SP:FD CPU Cycle:423301958
CFD7 $D0 $FB       BNE $CFD4 = $38             A:F8 X:09 Y:02 P:85 SP:FD CPU Cycle:423301960
CFD4 $38           SEC                         A:F8 X:09 Y:02 P:85 SP:FD CPU Cycle:423301963
CFD5 $E9 $01       SBC #$01                    A:F8 X:09 Y:02 P:85 SP:FD CPU Cycle:423301965
CFD7 $D0 $FB       BNE $CFD4 = $38             A:F7 X:09 Y:02 P:85 SP:FD CPU Cycle:423301967
CFD4 $38           SEC                         A:F7 X:09 Y:02 P:85 SP:FD CPU Cycle:423301970
CFD5 $E9 $01       SBC #$01                    A:F7 X:09 Y:02 P:85 SP:FD CPU Cycle:423301972
CFD7 $D0 $FB       BNE $CFD4 = $38             A:F6 X:09 Y:02 P:85 SP:FD CPU Cycle:423301974
CFD4 $38           SEC                         A:F6 X:09 Y:02 P:85 SP:FD CPU Cycle:423301977
CFD5 $E9 $01       SBC #$01                    A:F6 X:09 Y:02 P:85 SP:FD CPU Cycle:423301979
CFD7 $D0 $FB       BNE $CFD4 = $38             A:F5 X:09 Y:02 P:85 SP:FD CPU Cycle:423301981
CFD4 $38           SEC                         A:F5 X:09 Y:02 P:85 SP:FD CPU Cycle:423301984
CFD5 $E9 $01       SBC #$01                    A:F5 X:09 Y:02 P:85 SP:FD CPU Cycle:423301986
CFD7 $D0 $FB       BNE $CFD4 = $38             A:F4 X:09 Y:02 P:85 SP:FD CPU Cycle:423301988
CFD4 $38           SEC                         A:F4 X:09 Y:02 P:85 SP:FD CPU Cycle:423301991
CFD5 $E9 $01       SBC #$01                    A:F4 X:09 Y:02 P:85 SP:FD CPU Cycle:423301993
CFD7 $D0 $FB       BNE $CFD4 = $38             A:F3 X:09 Y:02 P:85 SP:FD CPU Cycle:423301995
CFD4 $38           SEC                         A:F3 X:09 Y:02 P:85 SP:FD CPU Cycle:423301998
CFD5 $E9 $01       SBC #$01                    A:F3 X:09 Y:02 P:85 SP:FD CPU Cycle:423302000
CFD7 $D0 $FB       BNE $CFD4 = $38             A:F2 X:09 Y:02 P:85 SP:FD CPU Cycle:423302002
CFD4 $38           SEC                         A:F2 X:09 Y:02 P:85 SP:FD CPU Cycle:423302005
CFD5 $E9 $01       SBC #$01                    A:F2 X:09 Y:02 P:85 SP:FD CPU Cycle:423302007
CFD7 $D0 $FB       BNE $CFD4 = $38             A:F1 X:09 Y:02 P:85 SP:FD CPU Cycle:423302009
CFD4 $38           SEC                         A:F1 X:09 Y:02 P:85 SP:FD CPU Cycle:423302012
CFD5 $E9 $01       SBC #$01                    A:F1 X:09 Y:02 P:85 SP:FD CPU Cycle:423302014
CFD7 $D0 $FB       BNE $CFD4 = $38             A:F0 X:09 Y:02 P:85 SP:FD CPU Cycle:423302016
CFD4 $38           SEC                         A:F0 X:09 Y:02 P:85 SP:FD CPU Cycle:423302019
CFD5 $E9 $01       SBC #$01                    A:F0 X:09 Y:02 P:85 SP:FD CPU Cycle:423302021
CFD7 $D0 $FB       BNE $CFD4 = $38             A:EF X:09 Y:02 P:85 SP:FD CPU Cycle:423302023
CFD4 $38           SEC                         A:EF X:09 Y:02 P:85 SP:FD CPU Cycle:423302026
CFD5 $E9 $01       SBC #$01                    A:EF X:09 Y:02 P:85 SP:FD CPU Cycle:423302028
CFD7 $D0 $FB       BNE $CFD4 = $38             A:EE X:09 Y:02 P:85 SP:FD CPU Cycle:423302030
CFD4 $38           SEC                         A:EE X:09 Y:02 P:85 SP:FD CPU Cycle:423302033
CFD5 $E9 $01       SBC #$01                    A:EE X:09 Y:02 P:85 SP:FD CPU Cycle:423302035
CFD7 $D0 $FB       BNE $CFD4 = $38             A:ED X:09 Y:02 P:85 SP:FD CPU Cycle:423302037
CFD4 $38           SEC                         A:ED X:09 Y:02 P:85 SP:FD CPU Cycle:423302040
CFD5 $E9 $01       SBC #$01                    A:ED X:09 Y:02 P:85 SP:FD CPU Cycle:423302042
CFD7 $D0 $FB       BNE $CFD4 = $38             A:EC X:09 Y:02 P:85 SP:FD CPU Cycle:423302044
CFD4 $38           SEC                         A:EC X:09 Y:02 P:85 SP:FD CPU Cycle:423302047
CFD5 $E9 $01       SBC #$01                    A:EC X:09 Y:02 P:85 SP:FD CPU Cycle:423302049
CFD7 $D0 $FB       BNE $CFD4 = $38             A:EB X:09 Y:02 P:85 SP:FD CPU Cycle:423302051
CFD4 $38           SEC                         A:EB X:09 Y:02 P:85 SP:FD CPU Cycle:423302054
CFD5 $E9 $01       SBC #$01                    A:EB X:09 Y:02 P:85 SP:FD CPU Cycle:423302056
CFD7 $D0 $FB       BNE $CFD4 = $38             A:EA X:09 Y:02 P:85 SP:FD CPU Cycle:423302058
CFD4 $38           SEC                         A:EA X:09 Y:02 P:85 SP:FD CPU Cycle:423302061
CFD5 $E9 $01       SBC #$01                    A:EA X:09 Y:02 P:85 SP:FD CPU Cycle:423302063
CFD7 $D0 $FB       BNE $CFD4 = $38             A:E9 X:09 Y:02 P:85 SP:FD CPU Cycle:423302065
CFD4 $38           SEC                         A:E9 X:09 Y:02 P:85 SP:FD CPU Cycle:423302068
CFD5 $E9 $01       SBC #$01                    A:E9 X:09 Y:02 P:85 SP:FD CPU Cycle:423302070
CFD7 $D0 $FB       BNE $CFD4 = $38             A:E8 X:09 Y:02 P:85 SP:FD CPU Cycle:423302072
CFD4 $38           SEC                         A:E8 X:09 Y:02 P:85 SP:FD CPU Cycle:423302075
CFD5 $E9 $01       SBC #$01                    A:E8 X:09 Y:02 P:85 SP:FD CPU Cycle:423302077
CFD7 $D0 $FB       BNE $CFD4 = $38             A:E7 X:09 Y:02 P:85 SP:FD CPU Cycle:423302079
CFD4 $38           SEC                         A:E7 X:09 Y:02 P:85 SP:FD CPU Cycle:423302082
CFD5 $E9 $01       SBC #$01                    A:E7 X:09 Y:02 P:85 SP:FD CPU Cycle:423302084
CFD7 $D0 $FB       BNE $CFD4 = $38             A:E6 X:09 Y:02 P:85 SP:FD CPU Cycle:423302086
CFD4 $38           SEC                         A:E6 X:09 Y:02 P:85 SP:FD CPU Cycle:423302089
CFD5 $E9 $01       SBC #$01                    A:E6 X:09 Y:02 P:85 SP:FD CPU Cycle:423302091
CFD7 $D0 $FB       BNE $CFD4 = $38             A:E5 X:09 Y:02 P:85 SP:FD CPU Cycle:423302093
CFD4 $38           SEC                         A:E5 X:09 Y:02 P:85 SP:FD CPU Cycle:423302096
CFD5 $E9 $01       SBC #$01                    A:E5 X:09 Y:02 P:85 SP:FD CPU Cycle:423302098
CFD7 $D0 $FB       BNE $CFD4 = $38             A:E4 X:09 Y:02 P:85 SP:FD CPU Cycle:423302100
CFD4 $38           SEC                         A:E4 X:09 Y:02 P:85 SP:FD CPU Cycle:423302103
CFD5 $E9 $01       SBC #$01                    A:E4 X:09 Y:02 P:85 SP:FD CPU Cycle:423302105
CFD7 $D0 $FB       BNE $CFD4 = $38             A:E3 X:09 Y:02 P:85 SP:FD CPU Cycle:423302107
CFD4 $38           SEC                         A:E3 X:09 Y:02 P:85 SP:FD CPU Cycle:423302110
CFD5 $E9 $01       SBC #$01                    A:E3 X:09 Y:02 P:85 SP:FD CPU Cycle:423302112
CFD7 $D0 $FB       BNE $CFD4 = $38             A:E2 X:09 Y:02 P:85 SP:FD CPU Cycle:423302114
CFD4 $38           SEC                         A:E2 X:09 Y:02 P:85 SP:FD CPU Cycle:423302117
CFD5 $E9 $01       SBC #$01                    A:E2 X:09 Y:02 P:85 SP:FD CPU Cycle:423302119
CFD7 $D0 $FB       BNE $CFD4 = $38             A:E1 X:09 Y:02 P:85 SP:FD CPU Cycle:423302121
CFD4 $38           SEC                         A:E1 X:09 Y:02 P:85 SP:FD CPU Cycle:423302124
CFD5 $E9 $01       SBC #$01                    A:E1 X:09 Y:02 P:85 SP:FD CPU Cycle:423302126
CFD7 $D0 $FB       BNE $CFD4 = $38             A:E0 X:09 Y:02 P:85 SP:FD CPU Cycle:423302128
CFD4 $38           SEC                         A:E0 X:09 Y:02 P:85 SP:FD CPU Cycle:423302131
CFD5 $E9 $01       SBC #$01                    A:E0 X:09 Y:02 P:85 SP:FD CPU Cycle:423302133
CFD7 $D0 $FB       BNE $CFD4 = $38             A:DF X:09 Y:02 P:85 SP:FD CPU Cycle:423302135
CFD4 $38           SEC                         A:DF X:09 Y:02 P:85 SP:FD CPU Cycle:423302138
CFD5 $E9 $01       SBC #$01                    A:DF X:09 Y:02 P:85 SP:FD CPU Cycle:423302140
CFD7 $D0 $FB       BNE $CFD4 = $38             A:DE X:09 Y:02 P:85 SP:FD CPU Cycle:423302142
CFD4 $38           SEC                         A:DE X:09 Y:02 P:85 SP:FD CPU Cycle:423302145
CFD5 $E9 $01       SBC #$01                    A:DE X:09 Y:02 P:85 SP:FD CPU Cycle:423302147
CFD7 $D0 $FB       BNE $CFD4 = $38             A:DD X:09 Y:02 P:85 SP:FD CPU Cycle:423302149
CFD4 $38           SEC                         A:DD X:09 Y:02 P:85 SP:FD CPU Cycle:423302152
CFD5 $E9 $01       SBC #$01                    A:DD X:09 Y:02 P:85 SP:FD CPU Cycle:423302154
CFD7 $D0 $FB       BNE $CFD4 = $38             A:DC X:09 Y:02 P:85 SP:FD CPU Cycle:423302156
CFD4 $38           SEC                         A:DC X:09 Y:02 P:85 SP:FD CPU Cycle:423302159
CFD5 $E9 $01       SBC #$01                    A:DC X:09 Y:02 P:85 SP:FD CPU Cycle:423302161
CFD7 $D0 $FB       BNE $CFD4 = $38             A:DB X:09 Y:02 P:85 SP:FD CPU Cycle:423302163
CFD4 $38           SEC                         A:DB X:09 Y:02 P:85 SP:FD CPU Cycle:423302166
CFD5 $E9 $01       SBC #$01                    A:DB X:09 Y:02 P:85 SP:FD CPU Cycle:423302168
CFD7 $D0 $FB       BNE $CFD4 = $38             A:DA X:09 Y:02 P:85 SP:FD CPU Cycle:423302170
CFD4 $38           SEC                         A:DA X:09 Y:02 P:85 SP:FD CPU Cycle:423302173
CFD5 $E9 $01       SBC #$01                    A:DA X:09 Y:02 P:85 SP:FD CPU Cycle:423302175
CFD7 $D0 $FB       BNE $CFD4 = $38             A:D9 X:09 Y:02 P:85 SP:FD CPU Cycle:423302177
CFD4 $38           SEC                         A:D9 X:09 Y:02 P:85 SP:FD CPU Cycle:423302180
CFD5 $E9 $01       SBC #$01                    A:D9 X:09 Y:02 P:85 SP:FD CPU Cycle:423302182
CFD7 $D0 $FB       BNE $CFD4 = $38             A:D8 X:09 Y:02 P:85 SP:FD CPU Cycle:423302184
CFD4 $38           SEC                         A:D8 X:09 Y:02 P:85 SP:FD CPU Cycle:423302187
CFD5 $E9 $01       SBC #$01                    A:D8 X:09 Y:02 P:85 SP:FD CPU Cycle:423302189
CFD7 $D0 $FB       BNE $CFD4 = $38             A:D7 X:09 Y:02 P:85 SP:FD CPU Cycle:423302191
CFD4 $38           SEC                         A:D7 X:09 Y:02 P:85 SP:FD CPU Cycle:423302194
CFD5 $E9 $01       SBC #$01                    A:D7 X:09 Y:02 P:85 SP:FD CPU Cycle:423302196
CFD7 $D0 $FB       BNE $CFD4 = $38             A:D6 X:09 Y:02 P:85 SP:FD CPU Cycle:423302198
CFD4 $38           SEC                         A:D6 X:09 Y:02 P:85 SP:FD CPU Cycle:423302201
CFD5 $E9 $01       SBC #$01                    A:D6 X:09 Y:02 P:85 SP:FD CPU Cycle:423302203
CFD7 $D0 $FB       BNE $CFD4 = $38             A:D5 X:09 Y:02 P:85 SP:FD CPU Cycle:423302205
CFD4 $38           SEC                         A:D5 X:09 Y:02 P:85 SP:FD CPU Cycle:423302208
CFD5 $E9 $01       SBC #$01                    A:D5 X:09 Y:02 P:85 SP:FD CPU Cycle:423302210
CFD7 $D0 $FB       BNE $CFD4 = $38             A:D4 X:09 Y:02 P:85 SP:FD CPU Cycle:423302212
CFD4 $38           SEC                         A:D4 X:09 Y:02 P:85 SP:FD CPU Cycle:423302215
CFD5 $E9 $01       SBC #$01                    A:D4 X:09 Y:02 P:85 SP:FD CPU Cycle:423302217
CFD7 $D0 $FB       BNE $CFD4 = $38             A:D3 X:09 Y:02 P:85 SP:FD CPU Cycle:423302219
CFD4 $38           SEC                         A:D3 X:09 Y:02 P:85 SP:FD CPU Cycle:423302222
CFD5 $E9 $01       SBC #$01                    A:D3 X:09 Y:02 P:85 SP:FD CPU Cycle:423302224
CFD7 $D0 $FB       BNE $CFD4 = $38             A:D2 X:09 Y:02 P:85 SP:FD CPU Cycle:423302226
CFD4 $38           SEC                         A:D2 X:09 Y:02 P:85 SP:FD CPU Cycle:423302229
CFD5 $E9 $01       SBC #$01                    A:D2 X:09 Y:02 P:85 SP:FD CPU Cycle:423302231
CFD7 $D0 $FB       BNE $CFD4 = $38             A:D1 X:09 Y:02 P:85 SP:FD CPU Cycle:423302233
CFD4 $38           SEC                         A:D1 X:09 Y:02 P:85 SP:FD CPU Cycle:423302236
CFD5 $E9 $01       SBC #$01                    A:D1 X:09 Y:02 P:85 SP:FD CPU Cycle:423302238
CFD7 $D0 $FB       BNE $CFD4 = $38             A:D0 X:09 Y:02 P:85 SP:FD CPU Cycle:423302240
CFD4 $38           SEC                         A:D0 X:09 Y:02 P:85 SP:FD CPU Cycle:423302243
CFD5 $E9 $01       SBC #$01                    A:D0 X:09 Y:02 P:85 SP:FD CPU Cycle:423302245
CFD7 $D0 $FB       BNE $CFD4 = $38             A:CF X:09 Y:02 P:85 SP:FD CPU Cycle:423302247
CFD4 $38           SEC                         A:CF X:09 Y:02 P:85 SP:FD CPU Cycle:423302250
CFD5 $E9 $01       SBC #$01                    A:CF X:09 Y:02 P:85 SP:FD CPU Cycle:423302252
CFD7 $D0 $FB       BNE $CFD4 = $38             A:CE X:09 Y:02 P:85 SP:FD CPU Cycle:423302254
CFD4 $38           SEC                         A:CE X:09 Y:02 P:85 SP:FD CPU Cycle:423302257
CFD5 $E9 $01       SBC #$01                    A:CE X:09 Y:02 P:85 SP:FD CPU Cycle:423302259
CFD7 $D0 $FB       BNE $CFD4 = $38             A:CD X:09 Y:02 P:85 SP:FD CPU Cycle:423302261
CFD4 $38           SEC                         A:CD X:09 Y:02 P:85 SP:FD CPU Cycle:423302264
CFD5 $E9 $01       SBC #$01                    A:CD X:09 Y:02 P:85 SP:FD CPU Cycle:423302266
CFD7 $D0 $FB       BNE $CFD4 = $38             A:CC X:09 Y:02 P:85 SP:FD CPU Cycle:423302268
CFD4 $38           SEC                         A:CC X:09 Y:02 P:85 SP:FD CPU Cycle:423302271
CFD5 $E9 $01       SBC #$01                    A:CC X:09 Y:02 P:85 SP:FD CPU Cycle:423302273
CFD7 $D0 $FB       BNE $CFD4 = $38             A:CB X:09 Y:02 P:85 SP:FD CPU Cycle:423302275
CFD4 $38           SEC                         A:CB X:09 Y:02 P:85 SP:FD CPU Cycle:423302278
CFD5 $E9 $01       SBC #$01                    A:CB X:09 Y:02 P:85 SP:FD CPU Cycle:423302280
CFD7 $D0 $FB       BNE $CFD4 = $38             A:CA X:09 Y:02 P:85 SP:FD CPU Cycle:423302282
CFD4 $38           SEC                         A:CA X:09 Y:02 P:85 SP:FD CPU Cycle:423302285
CFD5 $E9 $01       SBC #$01                    A:CA X:09 Y:02 P:85 SP:FD CPU Cycle:423302287
CFD7 $D0 $FB       BNE $CFD4 = $38             A:C9 X:09 Y:02 P:85 SP:FD CPU Cycle:423302289
CFD4 $38           SEC                         A:C9 X:09 Y:02 P:85 SP:FD CPU Cycle:423302292
CFD5 $E9 $01       SBC #$01                    A:C9 X:09 Y:02 P:85 SP:FD CPU Cycle:423302294
CFD7 $D0 $FB       BNE $CFD4 = $38             A:C8 X:09 Y:02 P:85 SP:FD CPU Cycle:423302296
CFD4 $38           SEC                         A:C8 X:09 Y:02 P:85 SP:FD CPU Cycle:423302299
CFD5 $E9 $01       SBC #$01                    A:C8 X:09 Y:02 P:85 SP:FD CPU Cycle:423302301
CFD7 $D0 $FB       BNE $CFD4 = $38             A:C7 X:09 Y:02 P:85 SP:FD CPU Cycle:423302303
CFD4 $38           SEC                         A:C7 X:09 Y:02 P:85 SP:FD CPU Cycle:423302306
CFD5 $E9 $01       SBC #$01                    A:C7 X:09 Y:02 P:85 SP:FD CPU Cycle:423302308
CFD7 $D0 $FB       BNE $CFD4 = $38             A:C6 X:09 Y:02 P:85 SP:FD CPU Cycle:423302310
CFD4 $38           SEC                         A:C6 X:09 Y:02 P:85 SP:FD CPU Cycle:423302313
CFD5 $E9 $01       SBC #$01                    A:C6 X:09 Y:02 P:85 SP:FD CPU Cycle:423302315
CFD7 $D0 $FB       BNE $CFD4 = $38             A:C5 X:09 Y:02 P:85 SP:FD CPU Cycle:423302317
CFD4 $38           SEC                         A:C5 X:09 Y:02 P:85 SP:FD CPU Cycle:423302320
CFD5 $E9 $01       SBC #$01                    A:C5 X:09 Y:02 P:85 SP:FD CPU Cycle:423302322
CFD7 $D0 $FB       BNE $CFD4 = $38             A:C4 X:09 Y:02 P:85 SP:FD CPU Cycle:423302324
CFD4 $38           SEC                         A:C4 X:09 Y:02 P:85 SP:FD CPU Cycle:423302327
CFD5 $E9 $01       SBC #$01                    A:C4 X:09 Y:02 P:85 SP:FD CPU Cycle:423302329
CFD7 $D0 $FB       BNE $CFD4 = $38             A:C3 X:09 Y:02 P:85 SP:FD CPU Cycle:423302331
CFD4 $38           SEC                         A:C3 X:09 Y:02 P:85 SP:FD CPU Cycle:423302334
CFD5 $E9 $01       SBC #$01                    A:C3 X:09 Y:02 P:85 SP:FD CPU Cycle:423302336
CFD7 $D0 $FB       BNE $CFD4 = $38             A:C2 X:09 Y:02 P:85 SP:FD CPU Cycle:423302338
CFD4 $38           SEC                         A:C2 X:09 Y:02 P:85 SP:FD CPU Cycle:423302341
CFD5 $E9 $01       SBC #$01                    A:C2 X:09 Y:02 P:85 SP:FD CPU Cycle:423302343
CFD7 $D0 $FB       BNE $CFD4 = $38             A:C1 X:09 Y:02 P:85 SP:FD CPU Cycle:423302345
CFD4 $38           SEC                         A:C1 X:09 Y:02 P:85 SP:FD CPU Cycle:423302348
CFD5 $E9 $01       SBC #$01                    A:C1 X:09 Y:02 P:85 SP:FD CPU Cycle:423302350
CFD7 $D0 $FB       BNE $CFD4 = $38             A:C0 X:09 Y:02 P:85 SP:FD CPU Cycle:423302352
CFD4 $38           SEC                         A:C0 X:09 Y:02 P:85 SP:FD CPU Cycle:423302355
CFD5 $E9 $01       SBC #$01                    A:C0 X:09 Y:02 P:85 SP:FD CPU Cycle:423302357
CFD7 $D0 $FB       BNE $CFD4 = $38             A:BF X:09 Y:02 P:85 SP:FD CPU Cycle:423302359
CFD4 $38           SEC                         A:BF X:09 Y:02 P:85 SP:FD CPU Cycle:423302362
CFD5 $E9 $01       SBC #$01                    A:BF X:09 Y:02 P:85 SP:FD CPU Cycle:423302364
CFD7 $D0 $FB       BNE $CFD4 = $38             A:BE X:09 Y:02 P:85 SP:FD CPU Cycle:423302366
CFD4 $38           SEC                         A:BE X:09 Y:02 P:85 SP:FD CPU Cycle:423302369
CFD5 $E9 $01       SBC #$01                    A:BE X:09 Y:02 P:85 SP:FD CPU Cycle:423302371
CFD7 $D0 $FB       BNE $CFD4 = $38             A:BD X:09 Y:02 P:85 SP:FD CPU Cycle:423302373
CFD4 $38           SEC                         A:BD X:09 Y:02 P:85 SP:FD CPU Cycle:423302376
CFD5 $E9 $01       SBC #$01                    A:BD X:09 Y:02 P:85 SP:FD CPU Cycle:423302378
CFD7 $D0 $FB       BNE $CFD4 = $38             A:BC X:09 Y:02 P:85 SP:FD CPU Cycle:423302380
CFD4 $38           SEC                         A:BC X:09 Y:02 P:85 SP:FD CPU Cycle:423302383
CFD5 $E9 $01       SBC #$01                    A:BC X:09 Y:02 P:85 SP:FD CPU Cycle:423302385
CFD7 $D0 $FB       BNE $CFD4 = $38             A:BB X:09 Y:02 P:85 SP:FD CPU Cycle:423302387
CFD4 $38           SEC                         A:BB X:09 Y:02 P:85 SP:FD CPU Cycle:423302390
CFD5 $E9 $01       SBC #$01                    A:BB X:09 Y:02 P:85 SP:FD CPU Cycle:423302392
CFD7 $D0 $FB       BNE $CFD4 = $38             A:BA X:09 Y:02 P:85 SP:FD CPU Cycle:423302394
CFD4 $38           SEC                         A:BA X:09 Y:02 P:85 SP:FD CPU Cycle:423302397
CFD5 $E9 $01       SBC #$01                    A:BA X:09 Y:02 P:85 SP:FD CPU Cycle:423302399
CFD7 $D0 $FB       BNE $CFD4 = $38             A:B9 X:09 Y:02 P:85 SP:FD CPU Cycle:423302401
CFD4 $38           SEC                         A:B9 X:09 Y:02 P:85 SP:FD CPU Cycle:423302404
CFD5 $E9 $01       SBC #$01                    A:B9 X:09 Y:02 P:85 SP:FD CPU Cycle:423302406
CFD7 $D0 $FB       BNE $CFD4 = $38             A:B8 X:09 Y:02 P:85 SP:FD CPU Cycle:423302408
CFD4 $38           SEC                         A:B8 X:09 Y:02 P:85 SP:FD CPU Cycle:423302411
CFD5 $E9 $01       SBC #$01                    A:B8 X:09 Y:02 P:85 SP:FD CPU Cycle:423302413
CFD7 $D0 $FB       BNE $CFD4 = $38             A:B7 X:09 Y:02 P:85 SP:FD CPU Cycle:423302415
CFD4 $38           SEC                         A:B7 X:09 Y:02 P:85 SP:FD CPU Cycle:423302418
CFD5 $E9 $01       SBC #$01                    A:B7 X:09 Y:02 P:85 SP:FD CPU Cycle:423302420
CFD7 $D0 $FB       BNE $CFD4 = $38             A:B6 X:09 Y:02 P:85 SP:FD CPU Cycle:423302422
CFD4 $38           SEC                         A:B6 X:09 Y:02 P:85 SP:FD CPU Cycle:423302425
CFD5 $E9 $01       SBC #$01                    A:B6 X:09 Y:02 P:85 SP:FD CPU Cycle:423302427
CFD7 $D0 $FB       BNE $CFD4 = $38             A:B5 X:09 Y:02 P:85 SP:FD CPU Cycle:423302429
CFD4 $38           SEC                         A:B5 X:09 Y:02 P:85 SP:FD CPU Cycle:423302432
CFD5 $E9 $01       SBC #$01                    A:B5 X:09 Y:02 P:85 SP:FD CPU Cycle:423302434
CFD7 $D0 $FB       BNE $CFD4 = $38             A:B4 X:09 Y:02 P:85 SP:FD CPU Cycle:423302436
CFD4 $38           SEC                         A:B4 X:09 Y:02 P:85 SP:FD CPU Cycle:423302439
CFD5 $E9 $01       SBC #$01                    A:B4 X:09 Y:02 P:85 SP:FD CPU Cycle:423302441
CFD7 $D0 $FB       BNE $CFD4 = $38             A:B3 X:09 Y:02 P:85 SP:FD CPU Cycle:423302443
CFD4 $38           SEC                         A:B3 X:09 Y:02 P:85 SP:FD CPU Cycle:423302446
CFD5 $E9 $01       SBC #$01                    A:B3 X:09 Y:02 P:85 SP:FD CPU Cycle:423302448
CFD7 $D0 $FB       BNE $CFD4 = $38             A:B2 X:09 Y:02 P:85 SP:FD CPU Cycle:423302450
CFD4 $38           SEC                         A:B2 X:09 Y:02 P:85 SP:FD CPU Cycle:423302453
CFD5 $E9 $01       SBC #$01                    A:B2 X:09 Y:02 P:85 SP:FD CPU Cycle:423302455
CFD7 $D0 $FB       BNE $CFD4 = $38             A:B1 X:09 Y:02 P:85 SP:FD CPU Cycle:423302457
CFD4 $38           SEC                         A:B1 X:09 Y:02 P:85 SP:FD CPU Cycle:423302460
CFD5 $E9 $01       SBC #$01                    A:B1 X:09 Y:02 P:85 SP:FD CPU Cycle:423302462
CFD7 $D0 $FB       BNE $CFD4 = $38             A:B0 X:09 Y:02 P:85 SP:FD CPU Cycle:423302464
CFD4 $38           SEC                         A:B0 X:09 Y:02 P:85 SP:FD CPU Cycle:423302467
CFD5 $E9 $01       SBC #$01                    A:B0 X:09 Y:02 P:85 SP:FD CPU Cycle:423302469
CFD7 $D0 $FB       BNE $CFD4 = $38             A:AF X:09 Y:02 P:85 SP:FD CPU Cycle:423302471
CFD4 $38           SEC                         A:AF X:09 Y:02 P:85 SP:FD CPU Cycle:423302474
CFD5 $E9 $01       SBC #$01                    A:AF X:09 Y:02 P:85 SP:FD CPU Cycle:423302476
CFD7 $D0 $FB       BNE $CFD4 = $38             A:AE X:09 Y:02 P:85 SP:FD CPU Cycle:423302478
CFD4 $38           SEC                         A:AE X:09 Y:02 P:85 SP:FD CPU Cycle:423302481
CFD5 $E9 $01       SBC #$01                    A:AE X:09 Y:02 P:85 SP:FD CPU Cycle:423302483
CFD7 $D0 $FB       BNE $CFD4 = $38             A:AD X:09 Y:02 P:85 SP:FD CPU Cycle:423302485
CFD4 $38           SEC                         A:AD X:09 Y:02 P:85 SP:FD CPU Cycle:423302488
CFD5 $E9 $01       SBC #$01                    A:AD X:09 Y:02 P:85 SP:FD CPU Cycle:423302490
CFD7 $D0 $FB       BNE $CFD4 = $38             A:AC X:09 Y:02 P:85 SP:FD CPU Cycle:423302492
CFD4 $38           SEC                         A:AC X:09 Y:02 P:85 SP:FD CPU Cycle:423302495
CFD5 $E9 $01       SBC #$01                    A:AC X:09 Y:02 P:85 SP:FD CPU Cycle:423302497
CFD7 $D0 $FB       BNE $CFD4 = $38             A:AB X:09 Y:02 P:85 SP:FD CPU Cycle:423302499
CFD4 $38           SEC                         A:AB X:09 Y:02 P:85 SP:FD CPU Cycle:423302502
CFD5 $E9 $01       SBC #$01                    A:AB X:09 Y:02 P:85 SP:FD CPU Cycle:423302504
CFD7 $D0 $FB       BNE $CFD4 = $38             A:AA X:09 Y:02 P:85 SP:FD CPU Cycle:423302506
CFD4 $38           SEC                         A:AA X:09 Y:02 P:85 SP:FD CPU Cycle:423302509
CFD5 $E9 $01       SBC #$01                    A:AA X:09 Y:02 P:85 SP:FD CPU Cycle:423302511
CFD7 $D0 $FB       BNE $CFD4 = $38             A:A9 X:09 Y:02 P:85 SP:FD CPU Cycle:423302513
CFD4 $38           SEC                         A:A9 X:09 Y:02 P:85 SP:FD CPU Cycle:423302516
CFD5 $E9 $01       SBC #$01                    A:A9 X:09 Y:02 P:85 SP:FD CPU Cycle:423302518
CFD7 $D0 $FB       BNE $CFD4 = $38             A:A8 X:09 Y:02 P:85 SP:FD CPU Cycle:423302520
CFD4 $38           SEC                         A:A8 X:09 Y:02 P:85 SP:FD CPU Cycle:423302523
CFD5 $E9 $01       SBC #$01                    A:A8 X:09 Y:02 P:85 SP:FD CPU Cycle:423302525
CFD7 $D0 $FB       BNE $CFD4 = $38             A:A7 X:09 Y:02 P:85 SP:FD CPU Cycle:423302527
CFD4 $38           SEC                         A:A7 X:09 Y:02 P:85 SP:FD CPU Cycle:423302530
CFD5 $E9 $01       SBC #$01                    A:A7 X:09 Y:02 P:85 SP:FD CPU Cycle:423302532
CFD7 $D0 $FB       BNE $CFD4 = $38             A:A6 X:09 Y:02 P:85 SP:FD CPU Cycle:423302534
CFD4 $38           SEC                         A:A6 X:09 Y:02 P:85 SP:FD CPU Cycle:423302537
CFD5 $E9 $01       SBC #$01                    A:A6 X:09 Y:02 P:85 SP:FD CPU Cycle:423302539
CFD7 $D0 $FB       BNE $CFD4 = $38             A:A5 X:09 Y:02 P:85 SP:FD CPU Cycle:423302541
CFD4 $38           SEC                         A:A5 X:09 Y:02 P:85 SP:FD CPU Cycle:423302544
CFD5 $E9 $01       SBC #$01                    A:A5 X:09 Y:02 P:85 SP:FD CPU Cycle:423302546
CFD7 $D0 $FB       BNE $CFD4 = $38             A:A4 X:09 Y:02 P:85 SP:FD CPU Cycle:423302548
CFD4 $38           SEC                         A:A4 X:09 Y:02 P:85 SP:FD CPU Cycle:423302551
CFD5 $E9 $01       SBC #$01                    A:A4 X:09 Y:02 P:85 SP:FD CPU Cycle:423302553
CFD7 $D0 $FB       BNE $CFD4 = $38             A:A3 X:09 Y:02 P:85 SP:FD CPU Cycle:423302555
CFD4 $38           SEC                         A:A3 X:09 Y:02 P:85 SP:FD CPU Cycle:423302558
CFD5 $E9 $01       SBC #$01                    A:A3 X:09 Y:02 P:85 SP:FD CPU Cycle:423302560
CFD7 $D0 $FB       BNE $CFD4 = $38             A:A2 X:09 Y:02 P:85 SP:FD CPU Cycle:423302562
CFD4 $38           SEC                         A:A2 X:09 Y:02 P:85 SP:FD CPU Cycle:423302565
CFD5 $E9 $01       SBC #$01                    A:A2 X:09 Y:02 P:85 SP:FD CPU Cycle:423302567
CFD7 $D0 $FB       BNE $CFD4 = $38             A:A1 X:09 Y:02 P:85 SP:FD CPU Cycle:423302569
CFD4 $38           SEC                         A:A1 X:09 Y:02 P:85 SP:FD CPU Cycle:423302572
CFD5 $E9 $01       SBC #$01                    A:A1 X:09 Y:02 P:85 SP:FD CPU Cycle:423302574
CFD7 $D0 $FB       BNE $CFD4 = $38             A:A0 X:09 Y:02 P:85 SP:FD CPU Cycle:423302576
CFD4 $38           SEC                         A:A0 X:09 Y:02 P:85 SP:FD CPU Cycle:423302579
CFD5 $E9 $01       SBC #$01                    A:A0 X:09 Y:02 P:85 SP:FD CPU Cycle:423302581
CFD7 $D0 $FB       BNE $CFD4 = $38             A:9F X:09 Y:02 P:85 SP:FD CPU Cycle:423302583
CFD4 $38           SEC                         A:9F X:09 Y:02 P:85 SP:FD CPU Cycle:423302586
CFD5 $E9 $01       SBC #$01                    A:9F X:09 Y:02 P:85 SP:FD CPU Cycle:423302588
CFD7 $D0 $FB       BNE $CFD4 = $38             A:9E X:09 Y:02 P:85 SP:FD CPU Cycle:423302590
CFD4 $38           SEC                         A:9E X:09 Y:02 P:85 SP:FD CPU Cycle:423302593
CFD5 $E9 $01       SBC #$01                    A:9E X:09 Y:02 P:85 SP:FD CPU Cycle:423302595
CFD7 $D0 $FB       BNE $CFD4 = $38             A:9D X:09 Y:02 P:85 SP:FD CPU Cycle:423302597
CFD4 $38           SEC                         A:9D X:09 Y:02 P:85 SP:FD CPU Cycle:423302600
CFD5 $E9 $01       SBC #$01                    A:9D X:09 Y:02 P:85 SP:FD CPU Cycle:423302602
CFD7 $D0 $FB       BNE $CFD4 = $38             A:9C X:09 Y:02 P:85 SP:FD CPU Cycle:423302604
CFD4 $38           SEC                         A:9C X:09 Y:02 P:85 SP:FD CPU Cycle:423302607
CFD5 $E9 $01       SBC #$01                    A:9C X:09 Y:02 P:85 SP:FD CPU Cycle:423302609
CFD7 $D0 $FB       BNE $CFD4 = $38             A:9B X:09 Y:02 P:85 SP:FD CPU Cycle:423302611
CFD4 $38           SEC                         A:9B X:09 Y:02 P:85 SP:FD CPU Cycle:423302614
CFD5 $E9 $01       SBC #$01                    A:9B X:09 Y:02 P:85 SP:FD CPU Cycle:423302616
CFD7 $D0 $FB       BNE $CFD4 = $38             A:9A X:09 Y:02 P:85 SP:FD CPU Cycle:423302618
CFD4 $38           SEC                         A:9A X:09 Y:02 P:85 SP:FD CPU Cycle:423302621
CFD5 $E9 $01       SBC #$01                    A:9A X:09 Y:02 P:85 SP:FD CPU Cycle:423302623
CFD7 $D0 $FB       BNE $CFD4 = $38             A:99 X:09 Y:02 P:85 SP:FD CPU Cycle:423302625
CFD4 $38           SEC                         A:99 X:09 Y:02 P:85 SP:FD CPU Cycle:423302628
CFD5 $E9 $01       SBC #$01                    A:99 X:09 Y:02 P:85 SP:FD CPU Cycle:423302630
CFD7 $D0 $FB       BNE $CFD4 = $38             A:98 X:09 Y:02 P:85 SP:FD CPU Cycle:423302632
CFD4 $38           SEC                         A:98 X:09 Y:02 P:85 SP:FD CPU Cycle:423302635
CFD5 $E9 $01       SBC #$01                    A:98 X:09 Y:02 P:85 SP:FD CPU Cycle:423302637
CFD7 $D0 $FB       BNE $CFD4 = $38             A:97 X:09 Y:02 P:85 SP:FD CPU Cycle:423302639
CFD4 $38           SEC                         A:97 X:09 Y:02 P:85 SP:FD CPU Cycle:423302642
CFD5 $E9 $01       SBC #$01                    A:97 X:09 Y:02 P:85 SP:FD CPU Cycle:423302644
CFD7 $D0 $FB       BNE $CFD4 = $38             A:96 X:09 Y:02 P:85 SP:FD CPU Cycle:423302646
CFD4 $38           SEC                         A:96 X:09 Y:02 P:85 SP:FD CPU Cycle:423302649
CFD5 $E9 $01       SBC #$01                    A:96 X:09 Y:02 P:85 SP:FD CPU Cycle:423302651
CFD7 $D0 $FB       BNE $CFD4 = $38             A:95 X:09 Y:02 P:85 SP:FD CPU Cycle:423302653
CFD4 $38           SEC                         A:95 X:09 Y:02 P:85 SP:FD CPU Cycle:423302656
CFD5 $E9 $01       SBC #$01                    A:95 X:09 Y:02 P:85 SP:FD CPU Cycle:423302658
CFD7 $D0 $FB       BNE $CFD4 = $38             A:94 X:09 Y:02 P:85 SP:FD CPU Cycle:423302660
CFD4 $38           SEC                         A:94 X:09 Y:02 P:85 SP:FD CPU Cycle:423302663
CFD5 $E9 $01       SBC #$01                    A:94 X:09 Y:02 P:85 SP:FD CPU Cycle:423302665
CFD7 $D0 $FB       BNE $CFD4 = $38             A:93 X:09 Y:02 P:85 SP:FD CPU Cycle:423302667
CFD4 $38           SEC                         A:93 X:09 Y:02 P:85 SP:FD CPU Cycle:423302670
CFD5 $E9 $01       SBC #$01                    A:93 X:09 Y:02 P:85 SP:FD CPU Cycle:423302672
CFD7 $D0 $FB       BNE $CFD4 = $38             A:92 X:09 Y:02 P:85 SP:FD CPU Cycle:423302674
CFD4 $38           SEC                         A:92 X:09 Y:02 P:85 SP:FD CPU Cycle:423302677
CFD5 $E9 $01       SBC #$01                    A:92 X:09 Y:02 P:85 SP:FD CPU Cycle:423302679
CFD7 $D0 $FB       BNE $CFD4 = $38             A:91 X:09 Y:02 P:85 SP:FD CPU Cycle:423302681
CFD4 $38           SEC                         A:91 X:09 Y:02 P:85 SP:FD CPU Cycle:423302684
CFD5 $E9 $01       SBC #$01                    A:91 X:09 Y:02 P:85 SP:FD CPU Cycle:423302686
CFD7 $D0 $FB       BNE $CFD4 = $38             A:90 X:09 Y:02 P:85 SP:FD CPU Cycle:423302688
CFD4 $38           SEC                         A:90 X:09 Y:02 P:85 SP:FD CPU Cycle:423302691
CFD5 $E9 $01       SBC #$01                    A:90 X:09 Y:02 P:85 SP:FD CPU Cycle:423302693
CFD7 $D0 $FB       BNE $CFD4 = $38             A:8F X:09 Y:02 P:85 SP:FD CPU Cycle:423302695
CFD4 $38           SEC                         A:8F X:09 Y:02 P:85 SP:FD CPU Cycle:423302698
CFD5 $E9 $01       SBC #$01                    A:8F X:09 Y:02 P:85 SP:FD CPU Cycle:423302700
CFD7 $D0 $FB       BNE $CFD4 = $38             A:8E X:09 Y:02 P:85 SP:FD CPU Cycle:423302702
CFD4 $38           SEC                         A:8E X:09 Y:02 P:85 SP:FD CPU Cycle:423302705
CFD5 $E9 $01       SBC #$01                    A:8E X:09 Y:02 P:85 SP:FD CPU Cycle:423302707
CFD7 $D0 $FB       BNE $CFD4 = $38             A:8D X:09 Y:02 P:85 SP:FD CPU Cycle:423302709
CFD4 $38           SEC                         A:8D X:09 Y:02 P:85 SP:FD CPU Cycle:423302712
CFD5 $E9 $01       SBC #$01                    A:8D X:09 Y:02 P:85 SP:FD CPU Cycle:423302714
CFD7 $D0 $FB       BNE $CFD4 = $38             A:8C X:09 Y:02 P:85 SP:FD CPU Cycle:423302716
CFD4 $38           SEC                         A:8C X:09 Y:02 P:85 SP:FD CPU Cycle:423302719
CFD5 $E9 $01       SBC #$01                    A:8C X:09 Y:02 P:85 SP:FD CPU Cycle:423302721
CFD7 $D0 $FB       BNE $CFD4 = $38             A:8B X:09 Y:02 P:85 SP:FD CPU Cycle:423302723
CFD4 $38           SEC                         A:8B X:09 Y:02 P:85 SP:FD CPU Cycle:423302726
CFD5 $E9 $01       SBC #$01                    A:8B X:09 Y:02 P:85 SP:FD CPU Cycle:423302728
CFD7 $D0 $FB       BNE $CFD4 = $38             A:8A X:09 Y:02 P:85 SP:FD CPU Cycle:423302730
CFD4 $38           SEC                         A:8A X:09 Y:02 P:85 SP:FD CPU Cycle:423302733
CFD5 $E9 $01       SBC #$01                    A:8A X:09 Y:02 P:85 SP:FD CPU Cycle:423302735
CFD7 $D0 $FB       BNE $CFD4 = $38             A:89 X:09 Y:02 P:85 SP:FD CPU Cycle:423302737
CFD4 $38           SEC                         A:89 X:09 Y:02 P:85 SP:FD CPU Cycle:423302740
CFD5 $E9 $01       SBC #$01                    A:89 X:09 Y:02 P:85 SP:FD CPU Cycle:423302742
CFD7 $D0 $FB       BNE $CFD4 = $38             A:88 X:09 Y:02 P:85 SP:FD CPU Cycle:423302744
CFD4 $38           SEC                         A:88 X:09 Y:02 P:85 SP:FD CPU Cycle:423302747
CFD5 $E9 $01       SBC #$01                    A:88 X:09 Y:02 P:85 SP:FD CPU Cycle:423302749
CFD7 $D0 $FB       BNE $CFD4 = $38             A:87 X:09 Y:02 P:85 SP:FD CPU Cycle:423302751
CFD4 $38           SEC                         A:87 X:09 Y:02 P:85 SP:FD CPU Cycle:423302754
CFD5 $E9 $01       SBC #$01                    A:87 X:09 Y:02 P:85 SP:FD CPU Cycle:423302756
CFD7 $D0 $FB       BNE $CFD4 = $38             A:86 X:09 Y:02 P:85 SP:FD CPU Cycle:423302758
CFD4 $38           SEC                         A:86 X:09 Y:02 P:85 SP:FD CPU Cycle:423302761
CFD5 $E9 $01       SBC #$01                    A:86 X:09 Y:02 P:85 SP:FD CPU Cycle:423302763
CFD7 $D0 $FB       BNE $CFD4 = $38             A:85 X:09 Y:02 P:85 SP:FD CPU Cycle:423302765
CFD4 $38           SEC                         A:85 X:09 Y:02 P:85 SP:FD CPU Cycle:423302768
CFD5 $E9 $01       SBC #$01                    A:85 X:09 Y:02 P:85 SP:FD CPU Cycle:423302770
CFD7 $D0 $FB       BNE $CFD4 = $38             A:84 X:09 Y:02 P:85 SP:FD CPU Cycle:423302772
CFD4 $38           SEC                         A:84 X:09 Y:02 P:85 SP:FD CPU Cycle:423302775
CFD5 $E9 $01       SBC #$01                    A:84 X:09 Y:02 P:85 SP:FD CPU Cycle:423302777
CFD7 $D0 $FB       BNE $CFD4 = $38             A:83 X:09 Y:02 P:85 SP:FD CPU Cycle:423302779
CFD4 $38           SEC                         A:83 X:09 Y:02 P:85 SP:FD CPU Cycle:423302782
CFD5 $E9 $01       SBC #$01                    A:83 X:09 Y:02 P:85 SP:FD CPU Cycle:423302784
CFD7 $D0 $FB       BNE $CFD4 = $38             A:82 X:09 Y:02 P:85 SP:FD CPU Cycle:423302786
CFD4 $38           SEC                         A:82 X:09 Y:02 P:85 SP:FD CPU Cycle:423302789
CFD5 $E9 $01       SBC #$01                    A:82 X:09 Y:02 P:85 SP:FD CPU Cycle:423302791
CFD7 $D0 $FB       BNE $CFD4 = $38             A:81 X:09 Y:02 P:85 SP:FD CPU Cycle:423302793
CFD4 $38           SEC                         A:81 X:09 Y:02 P:85 SP:FD CPU Cycle:423302796
CFD5 $E9 $01       SBC #$01                    A:81 X:09 Y:02 P:85 SP:FD CPU Cycle:423302798
CFD7 $D0 $FB       BNE $CFD4 = $38             A:80 X:09 Y:02 P:85 SP:FD CPU Cycle:423302800
CFD4 $38           SEC                         A:80 X:09 Y:02 P:85 SP:FD CPU Cycle:423302803
CFD5 $E9 $01       SBC #$01                    A:80 X:09 Y:02 P:85 SP:FD CPU Cycle:423302805
CFD7 $D0 $FB       BNE $CFD4 = $38             A:7F X:09 Y:02 P:45 SP:FD CPU Cycle:423302807
CFD4 $38           SEC                         A:7F X:09 Y:02 P:45 SP:FD CPU Cycle:423302810
CFD5 $E9 $01       SBC #$01                    A:7F X:09 Y:02 P:45 SP:FD CPU Cycle:423302812
CFD7 $D0 $FB       BNE $CFD4 = $38             A:7E X:09 Y:02 P:05 SP:FD CPU Cycle:423302814
CFD4 $38           SEC                         A:7E X:09 Y:02 P:05 SP:FD CPU Cycle:423302817
CFD5 $E9 $01       SBC #$01                    A:7E X:09 Y:02 P:05 SP:FD CPU Cycle:423302819
CFD7 $D0 $FB       BNE $CFD4 = $38             A:7D X:09 Y:02 P:05 SP:FD CPU Cycle:423302821
CFD4 $38           SEC                         A:7D X:09 Y:02 P:05 SP:FD CPU Cycle:423302824
CFD5 $E9 $01       SBC #$01                    A:7D X:09 Y:02 P:05 SP:FD CPU Cycle:423302826
CFD7 $D0 $FB       BNE $CFD4 = $38             A:7C X:09 Y:02 P:05 SP:FD CPU Cycle:423302828
CFD4 $38           SEC                         A:7C X:09 Y:02 P:05 SP:FD CPU Cycle:423302831
CFD5 $E9 $01       SBC #$01                    A:7C X:09 Y:02 P:05 SP:FD CPU Cycle:423302833
CFD7 $D0 $FB       BNE $CFD4 = $38             A:7B X:09 Y:02 P:05 SP:FD CPU Cycle:423302835
CFD4 $38           SEC                         A:7B X:09 Y:02 P:05 SP:FD CPU Cycle:423302838
CFD5 $E9 $01       SBC #$01                    A:7B X:09 Y:02 P:05 SP:FD CPU Cycle:423302840
CFD7 $D0 $FB       BNE $CFD4 = $38             A:7A X:09 Y:02 P:05 SP:FD CPU Cycle:423302842
CFD4 $38           SEC                         A:7A X:09 Y:02 P:05 SP:FD CPU Cycle:423302845
CFD5 $E9 $01       SBC #$01                    A:7A X:09 Y:02 P:05 SP:FD CPU Cycle:423302847
CFD7 $D0 $FB       BNE $CFD4 = $38             A:79 X:09 Y:02 P:05 SP:FD CPU Cycle:423302849
CFD4 $38           SEC                         A:79 X:09 Y:02 P:05 SP:FD CPU Cycle:423302852
CFD5 $E9 $01       SBC #$01                    A:79 X:09 Y:02 P:05 SP:FD CPU Cycle:423302854
CFD7 $D0 $FB       BNE $CFD4 = $38             A:78 X:09 Y:02 P:05 SP:FD CPU Cycle:423302856
CFD4 $38           SEC                         A:78 X:09 Y:02 P:05 SP:FD CPU Cycle:423302859
CFD5 $E9 $01       SBC #$01                    A:78 X:09 Y:02 P:05 SP:FD CPU Cycle:423302861
CFD7 $D0 $FB       BNE $CFD4 = $38             A:77 X:09 Y:02 P:05 SP:FD CPU Cycle:423302863
CFD4 $38           SEC                         A:77 X:09 Y:02 P:05 SP:FD CPU Cycle:423302866
CFD5 $E9 $01       SBC #$01                    A:77 X:09 Y:02 P:05 SP:FD CPU Cycle:423302868
CFD7 $D0 $FB       BNE $CFD4 = $38             A:76 X:09 Y:02 P:05 SP:FD CPU Cycle:423302870
CFD4 $38           SEC                         A:76 X:09 Y:02 P:05 SP:FD CPU Cycle:423302873
CFD5 $E9 $01       SBC #$01                    A:76 X:09 Y:02 P:05 SP:FD CPU Cycle:423302875
CFD7 $D0 $FB       BNE $CFD4 = $38             A:75 X:09 Y:02 P:05 SP:FD CPU Cycle:423302877
CFD4 $38           SEC                         A:75 X:09 Y:02 P:05 SP:FD CPU Cycle:423302880
CFD5 $E9 $01       SBC #$01                    A:75 X:09 Y:02 P:05 SP:FD CPU Cycle:423302882
CFD7 $D0 $FB       BNE $CFD4 = $38             A:74 X:09 Y:02 P:05 SP:FD CPU Cycle:423302884
CFD4 $38           SEC                         A:74 X:09 Y:02 P:05 SP:FD CPU Cycle:423302887
CFD5 $E9 $01       SBC #$01                    A:74 X:09 Y:02 P:05 SP:FD CPU Cycle:423302889
CFD7 $D0 $FB       BNE $CFD4 = $38             A:73 X:09 Y:02 P:05 SP:FD CPU Cycle:423302891
CFD4 $38           SEC                         A:73 X:09 Y:02 P:05 SP:FD CPU Cycle:423302894
CFD5 $E9 $01       SBC #$01                    A:73 X:09 Y:02 P:05 SP:FD CPU Cycle:423302896
CFD7 $D0 $FB       BNE $CFD4 = $38             A:72 X:09 Y:02 P:05 SP:FD CPU Cycle:423302898
CFD4 $38           SEC                         A:72 X:09 Y:02 P:05 SP:FD CPU Cycle:423302901
CFD5 $E9 $01       SBC #$01                    A:72 X:09 Y:02 P:05 SP:FD CPU Cycle:423302903
CFD7 $D0 $FB       BNE $CFD4 = $38             A:71 X:09 Y:02 P:05 SP:FD CPU Cycle:423302905
CFD4 $38           SEC                         A:71 X:09 Y:02 P:05 SP:FD CPU Cycle:423302908
CFD5 $E9 $01       SBC #$01                    A:71 X:09 Y:02 P:05 SP:FD CPU Cycle:423302910
CFD7 $D0 $FB       BNE $CFD4 = $38             A:70 X:09 Y:02 P:05 SP:FD CPU Cycle:423302912
CFD4 $38           SEC                         A:70 X:09 Y:02 P:05 SP:FD CPU Cycle:423302915
CFD5 $E9 $01       SBC #$01                    A:70 X:09 Y:02 P:05 SP:FD CPU Cycle:423302917
CFD7 $D0 $FB       BNE $CFD4 = $38             A:6F X:09 Y:02 P:05 SP:FD CPU Cycle:423302919
CFD4 $38           SEC                         A:6F X:09 Y:02 P:05 SP:FD CPU Cycle:423302922
CFD5 $E9 $01       SBC #$01                    A:6F X:09 Y:02 P:05 SP:FD CPU Cycle:423302924
CFD7 $D0 $FB       BNE $CFD4 = $38             A:6E X:09 Y:02 P:05 SP:FD CPU Cycle:423302926
CFD4 $38           SEC                         A:6E X:09 Y:02 P:05 SP:FD CPU Cycle:423302929
CFD5 $E9 $01       SBC #$01                    A:6E X:09 Y:02 P:05 SP:FD CPU Cycle:423302931
CFD7 $D0 $FB       BNE $CFD4 = $38             A:6D X:09 Y:02 P:05 SP:FD CPU Cycle:423302933
CFD4 $38           SEC                         A:6D X:09 Y:02 P:05 SP:FD CPU Cycle:423302936
CFD5 $E9 $01       SBC #$01                    A:6D X:09 Y:02 P:05 SP:FD CPU Cycle:423302938
CFD7 $D0 $FB       BNE $CFD4 = $38             A:6C X:09 Y:02 P:05 SP:FD CPU Cycle:423302940
CFD4 $38           SEC                         A:6C X:09 Y:02 P:05 SP:FD CPU Cycle:423302943
CFD5 $E9 $01       SBC #$01                    A:6C X:09 Y:02 P:05 SP:FD CPU Cycle:423302945
CFD7 $D0 $FB       BNE $CFD4 = $38             A:6B X:09 Y:02 P:05 SP:FD CPU Cycle:423302947
CFD4 $38           SEC                         A:6B X:09 Y:02 P:05 SP:FD CPU Cycle:423302950
CFD5 $E9 $01       SBC #$01                    A:6B X:09 Y:02 P:05 SP:FD CPU Cycle:423302952
CFD7 $D0 $FB       BNE $CFD4 = $38             A:6A X:09 Y:02 P:05 SP:FD CPU Cycle:423302954
CFD4 $38           SEC                         A:6A X:09 Y:02 P:05 SP:FD CPU Cycle:423302957
CFD5 $E9 $01       SBC #$01                    A:6A X:09 Y:02 P:05 SP:FD CPU Cycle:423302959
CFD7 $D0 $FB       BNE $CFD4 = $38             A:69 X:09 Y:02 P:05 SP:FD CPU Cycle:423302961
CFD4 $38           SEC                         A:69 X:09 Y:02 P:05 SP:FD CPU Cycle:423302964
CFD5 $E9 $01       SBC #$01                    A:69 X:09 Y:02 P:05 SP:FD CPU Cycle:423302966
CFD7 $D0 $FB       BNE $CFD4 = $38             A:68 X:09 Y:02 P:05 SP:FD CPU Cycle:423302968
CFD4 $38           SEC                         A:68 X:09 Y:02 P:05 SP:FD CPU Cycle:423302971
CFD5 $E9 $01       SBC #$01                    A:68 X:09 Y:02 P:05 SP:FD CPU Cycle:423302973
CFD7 $D0 $FB       BNE $CFD4 = $38             A:67 X:09 Y:02 P:05 SP:FD CPU Cycle:423302975
CFD4 $38           SEC                         A:67 X:09 Y:02 P:05 SP:FD CPU Cycle:423302978
CFD5 $E9 $01       SBC #$01                    A:67 X:09 Y:02 P:05 SP:FD CPU Cycle:423302980
CFD7 $D0 $FB       BNE $CFD4 = $38             A:66 X:09 Y:02 P:05 SP:FD CPU Cycle:423302982
CFD4 $38           SEC                         A:66 X:09 Y:02 P:05 SP:FD CPU Cycle:423302985
CFD5 $E9 $01       SBC #$01                    A:66 X:09 Y:02 P:05 SP:FD CPU Cycle:423302987
CFD7 $D0 $FB       BNE $CFD4 = $38             A:65 X:09 Y:02 P:05 SP:FD CPU Cycle:423302989
CFD4 $38           SEC                         A:65 X:09 Y:02 P:05 SP:FD CPU Cycle:423302992
CFD5 $E9 $01       SBC #$01                    A:65 X:09 Y:02 P:05 SP:FD CPU Cycle:423302994
CFD7 $D0 $FB       BNE $CFD4 = $38             A:64 X:09 Y:02 P:05 SP:FD CPU Cycle:423302996
CFD4 $38           SEC                         A:64 X:09 Y:02 P:05 SP:FD CPU Cycle:423302999
CFD5 $E9 $01       SBC #$01                    A:64 X:09 Y:02 P:05 SP:FD CPU Cycle:423303001
CFD7 $D0 $FB       BNE $CFD4 = $38             A:63 X:09 Y:02 P:05 SP:FD CPU Cycle:423303003
CFD4 $38           SEC                         A:63 X:09 Y:02 P:05 SP:FD CPU Cycle:423303006
CFD5 $E9 $01       SBC #$01                    A:63 X:09 Y:02 P:05 SP:FD CPU Cycle:423303008
CFD7 $D0 $FB       BNE $CFD4 = $38             A:62 X:09 Y:02 P:05 SP:FD CPU Cycle:423303010
CFD4 $38           SEC                         A:62 X:09 Y:02 P:05 SP:FD CPU Cycle:423303013
CFD5 $E9 $01       SBC #$01                    A:62 X:09 Y:02 P:05 SP:FD CPU Cycle:423303015
CFD7 $D0 $FB       BNE $CFD4 = $38             A:61 X:09 Y:02 P:05 SP:FD CPU Cycle:423303017
CFD4 $38           SEC                         A:61 X:09 Y:02 P:05 SP:FD CPU Cycle:423303020
CFD5 $E9 $01       SBC #$01                    A:61 X:09 Y:02 P:05 SP:FD CPU Cycle:423303022
CFD7 $D0 $FB       BNE $CFD4 = $38             A:60 X:09 Y:02 P:05 SP:FD CPU Cycle:423303024
CFD4 $38           SEC                         A:60 X:09 Y:02 P:05 SP:FD CPU Cycle:423303027
CFD5 $E9 $01       SBC #$01                    A:60 X:09 Y:02 P:05 SP:FD CPU Cycle:423303029
CFD7 $D0 $FB       BNE $CFD4 = $38             A:5F X:09 Y:02 P:05 SP:FD CPU Cycle:423303031
CFD4 $38           SEC                         A:5F X:09 Y:02 P:05 SP:FD CPU Cycle:423303034
CFD5 $E9 $01       SBC #$01                    A:5F X:09 Y:02 P:05 SP:FD CPU Cycle:423303036
CFD7 $D0 $FB       BNE $CFD4 = $38             A:5E X:09 Y:02 P:05 SP:FD CPU Cycle:423303038
CFD4 $38           SEC                         A:5E X:09 Y:02 P:05 SP:FD CPU Cycle:423303041
CFD5 $E9 $01       SBC #$01                    A:5E X:09 Y:02 P:05 SP:FD CPU Cycle:423303043
CFD7 $D0 $FB       BNE $CFD4 = $38             A:5D X:09 Y:02 P:05 SP:FD CPU Cycle:423303045
CFD4 $38           SEC                         A:5D X:09 Y:02 P:05 SP:FD CPU Cycle:423303048
CFD5 $E9 $01       SBC #$01                    A:5D X:09 Y:02 P:05 SP:FD CPU Cycle:423303050
CFD7 $D0 $FB       BNE $CFD4 = $38             A:5C X:09 Y:02 P:05 SP:FD CPU Cycle:423303052
CFD4 $38           SEC                         A:5C X:09 Y:02 P:05 SP:FD CPU Cycle:423303055
CFD5 $E9 $01       SBC #$01                    A:5C X:09 Y:02 P:05 SP:FD CPU Cycle:423303057
CFD7 $D0 $FB       BNE $CFD4 = $38             A:5B X:09 Y:02 P:05 SP:FD CPU Cycle:423303059
CFD4 $38           SEC                         A:5B X:09 Y:02 P:05 SP:FD CPU Cycle:423303062
CFD5 $E9 $01       SBC #$01                    A:5B X:09 Y:02 P:05 SP:FD CPU Cycle:423303064
CFD7 $D0 $FB       BNE $CFD4 = $38             A:5A X:09 Y:02 P:05 SP:FD CPU Cycle:423303066
CFD4 $38           SEC                         A:5A X:09 Y:02 P:05 SP:FD CPU Cycle:423303069
CFD5 $E9 $01       SBC #$01                    A:5A X:09 Y:02 P:05 SP:FD CPU Cycle:423303071
CFD7 $D0 $FB       BNE $CFD4 = $38             A:59 X:09 Y:02 P:05 SP:FD CPU Cycle:423303073
CFD4 $38           SEC                         A:59 X:09 Y:02 P:05 SP:FD CPU Cycle:423303076
CFD5 $E9 $01       SBC #$01                    A:59 X:09 Y:02 P:05 SP:FD CPU Cycle:423303078
CFD7 $D0 $FB       BNE $CFD4 = $38             A:58 X:09 Y:02 P:05 SP:FD CPU Cycle:423303080
CFD4 $38           SEC                         A:58 X:09 Y:02 P:05 SP:FD CPU Cycle:423303083
CFD5 $E9 $01       SBC #$01                    A:58 X:09 Y:02 P:05 SP:FD CPU Cycle:423303085
CFD7 $D0 $FB       BNE $CFD4 = $38             A:57 X:09 Y:02 P:05 SP:FD CPU Cycle:423303087
CFD4 $38           SEC                         A:57 X:09 Y:02 P:05 SP:FD CPU Cycle:423303090
CFD5 $E9 $01       SBC #$01                    A:57 X:09 Y:02 P:05 SP:FD CPU Cycle:423303092
CFD7 $D0 $FB       BNE $CFD4 = $38             A:56 X:09 Y:02 P:05 SP:FD CPU Cycle:423303094
CFD4 $38           SEC                         A:56 X:09 Y:02 P:05 SP:FD CPU Cycle:423303097
CFD5 $E9 $01       SBC #$01                    A:56 X:09 Y:02 P:05 SP:FD CPU Cycle:423303099
CFD7 $D0 $FB       BNE $CFD4 = $38             A:55 X:09 Y:02 P:05 SP:FD CPU Cycle:423303101
CFD4 $38           SEC                         A:55 X:09 Y:02 P:05 SP:FD CPU Cycle:423303104
CFD5 $E9 $01       SBC #$01                    A:55 X:09 Y:02 P:05 SP:FD CPU Cycle:423303106
CFD7 $D0 $FB       BNE $CFD4 = $38             A:54 X:09 Y:02 P:05 SP:FD CPU Cycle:423303108
CFD4 $38           SEC                         A:54 X:09 Y:02 P:05 SP:FD CPU Cycle:423303111
CFD5 $E9 $01       SBC #$01                    A:54 X:09 Y:02 P:05 SP:FD CPU Cycle:423303113
CFD7 $D0 $FB       BNE $CFD4 = $38             A:53 X:09 Y:02 P:05 SP:FD CPU Cycle:423303115
CFD4 $38           SEC                         A:53 X:09 Y:02 P:05 SP:FD CPU Cycle:423303118
CFD5 $E9 $01       SBC #$01                    A:53 X:09 Y:02 P:05 SP:FD CPU Cycle:423303120
CFD7 $D0 $FB       BNE $CFD4 = $38             A:52 X:09 Y:02 P:05 SP:FD CPU Cycle:423303122
CFD4 $38           SEC                         A:52 X:09 Y:02 P:05 SP:FD CPU Cycle:423303125
CFD5 $E9 $01       SBC #$01                    A:52 X:09 Y:02 P:05 SP:FD CPU Cycle:423303127
CFD7 $D0 $FB       BNE $CFD4 = $38             A:51 X:09 Y:02 P:05 SP:FD CPU Cycle:423303129
CFD4 $38           SEC                         A:51 X:09 Y:02 P:05 SP:FD CPU Cycle:423303132
CFD5 $E9 $01       SBC #$01                    A:51 X:09 Y:02 P:05 SP:FD CPU Cycle:423303134
CFD7 $D0 $FB       BNE $CFD4 = $38             A:50 X:09 Y:02 P:05 SP:FD CPU Cycle:423303136
CFD4 $38           SEC                         A:50 X:09 Y:02 P:05 SP:FD CPU Cycle:423303139
CFD5 $E9 $01       SBC #$01                    A:50 X:09 Y:02 P:05 SP:FD CPU Cycle:423303141
CFD7 $D0 $FB       BNE $CFD4 = $38             A:4F X:09 Y:02 P:05 SP:FD CPU Cycle:423303143
CFD4 $38           SEC                         A:4F X:09 Y:02 P:05 SP:FD CPU Cycle:423303146
CFD5 $E9 $01       SBC #$01                    A:4F X:09 Y:02 P:05 SP:FD CPU Cycle:423303148
CFD7 $D0 $FB       BNE $CFD4 = $38             A:4E X:09 Y:02 P:05 SP:FD CPU Cycle:423303150
CFD4 $38           SEC                         A:4E X:09 Y:02 P:05 SP:FD CPU Cycle:423303153
CFD5 $E9 $01       SBC #$01                    A:4E X:09 Y:02 P:05 SP:FD CPU Cycle:423303155
CFD7 $D0 $FB       BNE $CFD4 = $38             A:4D X:09 Y:02 P:05 SP:FD CPU Cycle:423303157
CFD4 $38           SEC                         A:4D X:09 Y:02 P:05 SP:FD CPU Cycle:423303160
CFD5 $E9 $01       SBC #$01                    A:4D X:09 Y:02 P:05 SP:FD CPU Cycle:423303162
CFD7 $D0 $FB       BNE $CFD4 = $38             A:4C X:09 Y:02 P:05 SP:FD CPU Cycle:423303164
CFD4 $38           SEC                         A:4C X:09 Y:02 P:05 SP:FD CPU Cycle:423303167
CFD5 $E9 $01       SBC #$01                    A:4C X:09 Y:02 P:05 SP:FD CPU Cycle:423303169
CFD7 $D0 $FB       BNE $CFD4 = $38             A:4B X:09 Y:02 P:05 SP:FD CPU Cycle:423303171
CFD4 $38           SEC                         A:4B X:09 Y:02 P:05 SP:FD CPU Cycle:423303174
CFD5 $E9 $01       SBC #$01                    A:4B X:09 Y:02 P:05 SP:FD CPU Cycle:423303176
CFD7 $D0 $FB       BNE $CFD4 = $38             A:4A X:09 Y:02 P:05 SP:FD CPU Cycle:423303178
CFD4 $38           SEC                         A:4A X:09 Y:02 P:05 SP:FD CPU Cycle:423303181
CFD5 $E9 $01       SBC #$01                    A:4A X:09 Y:02 P:05 SP:FD CPU Cycle:423303183
CFD7 $D0 $FB       BNE $CFD4 = $38             A:49 X:09 Y:02 P:05 SP:FD CPU Cycle:423303185
CFD4 $38           SEC                         A:49 X:09 Y:02 P:05 SP:FD CPU Cycle:423303188
CFD5 $E9 $01       SBC #$01                    A:49 X:09 Y:02 P:05 SP:FD CPU Cycle:423303190
CFD7 $D0 $FB       BNE $CFD4 = $38             A:48 X:09 Y:02 P:05 SP:FD CPU Cycle:423303192
CFD4 $38           SEC                         A:48 X:09 Y:02 P:05 SP:FD CPU Cycle:423303195
CFD5 $E9 $01       SBC #$01                    A:48 X:09 Y:02 P:05 SP:FD CPU Cycle:423303197
CFD7 $D0 $FB       BNE $CFD4 = $38             A:47 X:09 Y:02 P:05 SP:FD CPU Cycle:423303199
CFD4 $38           SEC                         A:47 X:09 Y:02 P:05 SP:FD CPU Cycle:423303202
CFD5 $E9 $01       SBC #$01                    A:47 X:09 Y:02 P:05 SP:FD CPU Cycle:423303204
CFD7 $D0 $FB       BNE $CFD4 = $38             A:46 X:09 Y:02 P:05 SP:FD CPU Cycle:423303206
CFD4 $38           SEC                         A:46 X:09 Y:02 P:05 SP:FD CPU Cycle:423303209
CFD5 $E9 $01       SBC #$01                    A:46 X:09 Y:02 P:05 SP:FD CPU Cycle:423303211
CFD7 $D0 $FB       BNE $CFD4 = $38             A:45 X:09 Y:02 P:05 SP:FD CPU Cycle:423303213
CFD4 $38           SEC                         A:45 X:09 Y:02 P:05 SP:FD CPU Cycle:423303216
CFD5 $E9 $01       SBC #$01                    A:45 X:09 Y:02 P:05 SP:FD CPU Cycle:423303218
CFD7 $D0 $FB       BNE $CFD4 = $38             A:44 X:09 Y:02 P:05 SP:FD CPU Cycle:423303220
CFD4 $38           SEC                         A:44 X:09 Y:02 P:05 SP:FD CPU Cycle:423303223
CFD5 $E9 $01       SBC #$01                    A:44 X:09 Y:02 P:05 SP:FD CPU Cycle:423303225
CFD7 $D0 $FB       BNE $CFD4 = $38             A:43 X:09 Y:02 P:05 SP:FD CPU Cycle:423303227
CFD4 $38           SEC                         A:43 X:09 Y:02 P:05 SP:FD CPU Cycle:423303230
CFD5 $E9 $01       SBC #$01                    A:43 X:09 Y:02 P:05 SP:FD CPU Cycle:423303232
CFD7 $D0 $FB       BNE $CFD4 = $38             A:42 X:09 Y:02 P:05 SP:FD CPU Cycle:423303234
CFD4 $38           SEC                         A:42 X:09 Y:02 P:05 SP:FD CPU Cycle:423303237
CFD5 $E9 $01       SBC #$01                    A:42 X:09 Y:02 P:05 SP:FD CPU Cycle:423303239
CFD7 $D0 $FB       BNE $CFD4 = $38             A:41 X:09 Y:02 P:05 SP:FD CPU Cycle:423303241
CFD4 $38           SEC                         A:41 X:09 Y:02 P:05 SP:FD CPU Cycle:423303244
CFD5 $E9 $01       SBC #$01                    A:41 X:09 Y:02 P:05 SP:FD CPU Cycle:423303246
CFD7 $D0 $FB       BNE $CFD4 = $38             A:40 X:09 Y:02 P:05 SP:FD CPU Cycle:423303248
CFD4 $38           SEC                         A:40 X:09 Y:02 P:05 SP:FD CPU Cycle:423303251
CFD5 $E9 $01       SBC #$01                    A:40 X:09 Y:02 P:05 SP:FD CPU Cycle:423303253
CFD7 $D0 $FB       BNE $CFD4 = $38             A:3F X:09 Y:02 P:05 SP:FD CPU Cycle:423303255
CFD4 $38           SEC                         A:3F X:09 Y:02 P:05 SP:FD CPU Cycle:423303258
CFD5 $E9 $01       SBC #$01                    A:3F X:09 Y:02 P:05 SP:FD CPU Cycle:423303260
CFD7 $D0 $FB       BNE $CFD4 = $38             A:3E X:09 Y:02 P:05 SP:FD CPU Cycle:423303262
CFD4 $38           SEC                         A:3E X:09 Y:02 P:05 SP:FD CPU Cycle:423303265
CFD5 $E9 $01       SBC #$01                    A:3E X:09 Y:02 P:05 SP:FD CPU Cycle:423303267
CFD7 $D0 $FB       BNE $CFD4 = $38             A:3D X:09 Y:02 P:05 SP:FD CPU Cycle:423303269
CFD4 $38           SEC                         A:3D X:09 Y:02 P:05 SP:FD CPU Cycle:423303272
CFD5 $E9 $01       SBC #$01                    A:3D X:09 Y:02 P:05 SP:FD CPU Cycle:423303274
CFD7 $D0 $FB       BNE $CFD4 = $38             A:3C X:09 Y:02 P:05 SP:FD CPU Cycle:423303276
CFD4 $38           SEC                         A:3C X:09 Y:02 P:05 SP:FD CPU Cycle:423303279
CFD5 $E9 $01       SBC #$01                    A:3C X:09 Y:02 P:05 SP:FD CPU Cycle:423303281
CFD7 $D0 $FB       BNE $CFD4 = $38             A:3B X:09 Y:02 P:05 SP:FD CPU Cycle:423303283
CFD4 $38           SEC                         A:3B X:09 Y:02 P:05 SP:FD CPU Cycle:423303286
CFD5 $E9 $01       SBC #$01                    A:3B X:09 Y:02 P:05 SP:FD CPU Cycle:423303288
CFD7 $D0 $FB       BNE $CFD4 = $38             A:3A X:09 Y:02 P:05 SP:FD CPU Cycle:423303290
CFD4 $38           SEC                         A:3A X:09 Y:02 P:05 SP:FD CPU Cycle:423303293
CFD5 $E9 $01       SBC #$01                    A:3A X:09 Y:02 P:05 SP:FD CPU Cycle:423303295
CFD7 $D0 $FB       BNE $CFD4 = $38             A:39 X:09 Y:02 P:05 SP:FD CPU Cycle:423303297
CFD4 $38           SEC                         A:39 X:09 Y:02 P:05 SP:FD CPU Cycle:423303300
CFD5 $E9 $01       SBC #$01                    A:39 X:09 Y:02 P:05 SP:FD CPU Cycle:423303302
CFD7 $D0 $FB       BNE $CFD4 = $38             A:38 X:09 Y:02 P:05 SP:FD CPU Cycle:423303304
CFD4 $38           SEC                         A:38 X:09 Y:02 P:05 SP:FD CPU Cycle:423303307
CFD5 $E9 $01       SBC #$01                    A:38 X:09 Y:02 P:05 SP:FD CPU Cycle:423303309
CFD7 $D0 $FB       BNE $CFD4 = $38             A:37 X:09 Y:02 P:05 SP:FD CPU Cycle:423303311
CFD4 $38           SEC                         A:37 X:09 Y:02 P:05 SP:FD CPU Cycle:423303314
CFD5 $E9 $01       SBC #$01                    A:37 X:09 Y:02 P:05 SP:FD CPU Cycle:423303316
CFD7 $D0 $FB       BNE $CFD4 = $38             A:36 X:09 Y:02 P:05 SP:FD CPU Cycle:423303318
CFD4 $38           SEC                         A:36 X:09 Y:02 P:05 SP:FD CPU Cycle:423303321
CFD5 $E9 $01       SBC #$01                    A:36 X:09 Y:02 P:05 SP:FD CPU Cycle:423303323
CFD7 $D0 $FB       BNE $CFD4 = $38             A:35 X:09 Y:02 P:05 SP:FD CPU Cycle:423303325
CFD4 $38           SEC                         A:35 X:09 Y:02 P:05 SP:FD CPU Cycle:423303328
CFD5 $E9 $01       SBC #$01                    A:35 X:09 Y:02 P:05 SP:FD CPU Cycle:423303330
CFD7 $D0 $FB       BNE $CFD4 = $38             A:34 X:09 Y:02 P:05 SP:FD CPU Cycle:423303332
CFD4 $38           SEC                         A:34 X:09 Y:02 P:05 SP:FD CPU Cycle:423303335
CFD5 $E9 $01       SBC #$01                    A:34 X:09 Y:02 P:05 SP:FD CPU Cycle:423303337
CFD7 $D0 $FB       BNE $CFD4 = $38             A:33 X:09 Y:02 P:05 SP:FD CPU Cycle:423303339
CFD4 $38           SEC                         A:33 X:09 Y:02 P:05 SP:FD CPU Cycle:423303342
CFD5 $E9 $01       SBC #$01                    A:33 X:09 Y:02 P:05 SP:FD CPU Cycle:423303344
CFD7 $D0 $FB       BNE $CFD4 = $38             A:32 X:09 Y:02 P:05 SP:FD CPU Cycle:423303346
CFD4 $38           SEC                         A:32 X:09 Y:02 P:05 SP:FD CPU Cycle:423303349
CFD5 $E9 $01       SBC #$01                    A:32 X:09 Y:02 P:05 SP:FD CPU Cycle:423303351
CFD7 $D0 $FB       BNE $CFD4 = $38             A:31 X:09 Y:02 P:05 SP:FD CPU Cycle:423303353
CFD4 $38           SEC                         A:31 X:09 Y:02 P:05 SP:FD CPU Cycle:423303356
CFD5 $E9 $01       SBC #$01                    A:31 X:09 Y:02 P:05 SP:FD CPU Cycle:423303358
CFD7 $D0 $FB       BNE $CFD4 = $38             A:30 X:09 Y:02 P:05 SP:FD CPU Cycle:423303360
CFD4 $38           SEC                         A:30 X:09 Y:02 P:05 SP:FD CPU Cycle:423303363
CFD5 $E9 $01       SBC #$01                    A:30 X:09 Y:02 P:05 SP:FD CPU Cycle:423303365
CFD7 $D0 $FB       BNE $CFD4 = $38             A:2F X:09 Y:02 P:05 SP:FD CPU Cycle:423303367
CFD4 $38           SEC                         A:2F X:09 Y:02 P:05 SP:FD CPU Cycle:423303370
CFD5 $E9 $01       SBC #$01                    A:2F X:09 Y:02 P:05 SP:FD CPU Cycle:423303372
CFD7 $D0 $FB       BNE $CFD4 = $38             A:2E X:09 Y:02 P:05 SP:FD CPU Cycle:423303374
CFD4 $38           SEC                         A:2E X:09 Y:02 P:05 SP:FD CPU Cycle:423303377
CFD5 $E9 $01       SBC #$01                    A:2E X:09 Y:02 P:05 SP:FD CPU Cycle:423303379
CFD7 $D0 $FB       BNE $CFD4 = $38             A:2D X:09 Y:02 P:05 SP:FD CPU Cycle:423303381
CFD4 $38           SEC                         A:2D X:09 Y:02 P:05 SP:FD CPU Cycle:423303384
CFD5 $E9 $01       SBC #$01                    A:2D X:09 Y:02 P:05 SP:FD CPU Cycle:423303386
CFD7 $D0 $FB       BNE $CFD4 = $38             A:2C X:09 Y:02 P:05 SP:FD CPU Cycle:423303388
CFD4 $38           SEC                         A:2C X:09 Y:02 P:05 SP:FD CPU Cycle:423303391
CFD5 $E9 $01       SBC #$01                    A:2C X:09 Y:02 P:05 SP:FD CPU Cycle:423303393
CFD7 $D0 $FB       BNE $CFD4 = $38             A:2B X:09 Y:02 P:05 SP:FD CPU Cycle:423303395
CFD4 $38           SEC                         A:2B X:09 Y:02 P:05 SP:FD CPU Cycle:423303398
CFD5 $E9 $01       SBC #$01                    A:2B X:09 Y:02 P:05 SP:FD CPU Cycle:423303400
CFD7 $D0 $FB       BNE $CFD4 = $38             A:2A X:09 Y:02 P:05 SP:FD CPU Cycle:423303402
CFD4 $38           SEC                         A:2A X:09 Y:02 P:05 SP:FD CPU Cycle:423303405
CFD5 $E9 $01       SBC #$01                    A:2A X:09 Y:02 P:05 SP:FD CPU Cycle:423303407
CFD7 $D0 $FB       BNE $CFD4 = $38             A:29 X:09 Y:02 P:05 SP:FD CPU Cycle:423303409
CFD4 $38           SEC                         A:29 X:09 Y:02 P:05 SP:FD CPU Cycle:423303412
CFD5 $E9 $01       SBC #$01                    A:29 X:09 Y:02 P:05 SP:FD CPU Cycle:423303414
CFD7 $D0 $FB       BNE $CFD4 = $38             A:28 X:09 Y:02 P:05 SP:FD CPU Cycle:423303416
CFD4 $38           SEC                         A:28 X:09 Y:02 P:05 SP:FD CPU Cycle:423303419
CFD5 $E9 $01       SBC #$01                    A:28 X:09 Y:02 P:05 SP:FD CPU Cycle:423303421
CFD7 $D0 $FB       BNE $CFD4 = $38             A:27 X:09 Y:02 P:05 SP:FD CPU Cycle:423303423
CFD4 $38           SEC                         A:27 X:09 Y:02 P:05 SP:FD CPU Cycle:423303426
CFD5 $E9 $01       SBC #$01                    A:27 X:09 Y:02 P:05 SP:FD CPU Cycle:423303428
CFD7 $D0 $FB       BNE $CFD4 = $38             A:26 X:09 Y:02 P:05 SP:FD CPU Cycle:423303430
CFD4 $38           SEC                         A:26 X:09 Y:02 P:05 SP:FD CPU Cycle:423303433
CFD5 $E9 $01       SBC #$01                    A:26 X:09 Y:02 P:05 SP:FD CPU Cycle:423303435
CFD7 $D0 $FB       BNE $CFD4 = $38             A:25 X:09 Y:02 P:05 SP:FD CPU Cycle:423303437
CFD4 $38           SEC                         A:25 X:09 Y:02 P:05 SP:FD CPU Cycle:423303440
CFD5 $E9 $01       SBC #$01                    A:25 X:09 Y:02 P:05 SP:FD CPU Cycle:423303442
CFD7 $D0 $FB       BNE $CFD4 = $38             A:24 X:09 Y:02 P:05 SP:FD CPU Cycle:423303444
CFD4 $38           SEC                         A:24 X:09 Y:02 P:05 SP:FD CPU Cycle:423303447
CFD5 $E9 $01       SBC #$01                    A:24 X:09 Y:02 P:05 SP:FD CPU Cycle:423303449
CFD7 $D0 $FB       BNE $CFD4 = $38             A:23 X:09 Y:02 P:05 SP:FD CPU Cycle:423303451
CFD4 $38           SEC                         A:23 X:09 Y:02 P:05 SP:FD CPU Cycle:423303454
CFD5 $E9 $01       SBC #$01                    A:23 X:09 Y:02 P:05 SP:FD CPU Cycle:423303456
CFD7 $D0 $FB       BNE $CFD4 = $38             A:22 X:09 Y:02 P:05 SP:FD CPU Cycle:423303458
CFD4 $38           SEC                         A:22 X:09 Y:02 P:05 SP:FD CPU Cycle:423303461
CFD5 $E9 $01       SBC #$01                    A:22 X:09 Y:02 P:05 SP:FD CPU Cycle:423303463
CFD7 $D0 $FB       BNE $CFD4 = $38             A:21 X:09 Y:02 P:05 SP:FD CPU Cycle:423303465
CFD4 $38           SEC                         A:21 X:09 Y:02 P:05 SP:FD CPU Cycle:423303468
CFD5 $E9 $01       SBC #$01                    A:21 X:09 Y:02 P:05 SP:FD CPU Cycle:423303470
CFD7 $D0 $FB       BNE $CFD4 = $38             A:20 X:09 Y:02 P:05 SP:FD CPU Cycle:423303472
CFD4 $38           SEC                         A:20 X:09 Y:02 P:05 SP:FD CPU Cycle:423303475
CFD5 $E9 $01       SBC #$01                    A:20 X:09 Y:02 P:05 SP:FD CPU Cycle:423303477
CFD7 $D0 $FB       BNE $CFD4 = $38             A:1F X:09 Y:02 P:05 SP:FD CPU Cycle:423303479
CFD4 $38           SEC                         A:1F X:09 Y:02 P:05 SP:FD CPU Cycle:423303482
CFD5 $E9 $01       SBC #$01                    A:1F X:09 Y:02 P:05 SP:FD CPU Cycle:423303484
CFD7 $D0 $FB       BNE $CFD4 = $38             A:1E X:09 Y:02 P:05 SP:FD CPU Cycle:423303486
CFD4 $38           SEC                         A:1E X:09 Y:02 P:05 SP:FD CPU Cycle:423303489
CFD5 $E9 $01       SBC #$01                    A:1E X:09 Y:02 P:05 SP:FD CPU Cycle:423303491
CFD7 $D0 $FB       BNE $CFD4 = $38             A:1D X:09 Y:02 P:05 SP:FD CPU Cycle:423303493
CFD4 $38           SEC                         A:1D X:09 Y:02 P:05 SP:FD CPU Cycle:423303496
CFD5 $E9 $01       SBC #$01                    A:1D X:09 Y:02 P:05 SP:FD CPU Cycle:423303498
CFD7 $D0 $FB       BNE $CFD4 = $38             A:1C X:09 Y:02 P:05 SP:FD CPU Cycle:423303500
CFD4 $38           SEC                         A:1C X:09 Y:02 P:05 SP:FD CPU Cycle:423303503
CFD5 $E9 $01       SBC #$01                    A:1C X:09 Y:02 P:05 SP:FD CPU Cycle:423303505
CFD7 $D0 $FB       BNE $CFD4 = $38             A:1B X:09 Y:02 P:05 SP:FD CPU Cycle:423303507
CFD4 $38           SEC                         A:1B X:09 Y:02 P:05 SP:FD CPU Cycle:423303510
CFD5 $E9 $01       SBC #$01                    A:1B X:09 Y:02 P:05 SP:FD CPU Cycle:423303512
CFD7 $D0 $FB       BNE $CFD4 = $38             A:1A X:09 Y:02 P:05 SP:FD CPU Cycle:423303514
CFD4 $38           SEC                         A:1A X:09 Y:02 P:05 SP:FD CPU Cycle:423303517
CFD5 $E9 $01       SBC #$01                    A:1A X:09 Y:02 P:05 SP:FD CPU Cycle:423303519
CFD7 $D0 $FB       BNE $CFD4 = $38             A:19 X:09 Y:02 P:05 SP:FD CPU Cycle:423303521
CFD4 $38           SEC                         A:19 X:09 Y:02 P:05 SP:FD CPU Cycle:423303524
CFD5 $E9 $01       SBC #$01                    A:19 X:09 Y:02 P:05 SP:FD CPU Cycle:423303526
CFD7 $D0 $FB       BNE $CFD4 = $38             A:18 X:09 Y:02 P:05 SP:FD CPU Cycle:423303528
CFD4 $38           SEC                         A:18 X:09 Y:02 P:05 SP:FD CPU Cycle:423303531
CFD5 $E9 $01       SBC #$01                    A:18 X:09 Y:02 P:05 SP:FD CPU Cycle:423303533
CFD7 $D0 $FB       BNE $CFD4 = $38             A:17 X:09 Y:02 P:05 SP:FD CPU Cycle:423303535
CFD4 $38           SEC                         A:17 X:09 Y:02 P:05 SP:FD CPU Cycle:423303538
CFD5 $E9 $01       SBC #$01                    A:17 X:09 Y:02 P:05 SP:FD CPU Cycle:423303540
CFD7 $D0 $FB       BNE $CFD4 = $38             A:16 X:09 Y:02 P:05 SP:FD CPU Cycle:423303542
CFD4 $38           SEC                         A:16 X:09 Y:02 P:05 SP:FD CPU Cycle:423303545
CFD5 $E9 $01       SBC #$01                    A:16 X:09 Y:02 P:05 SP:FD CPU Cycle:423303547
CFD7 $D0 $FB       BNE $CFD4 = $38             A:15 X:09 Y:02 P:05 SP:FD CPU Cycle:423303549
CFD4 $38           SEC                         A:15 X:09 Y:02 P:05 SP:FD CPU Cycle:423303552
CFD5 $E9 $01       SBC #$01                    A:15 X:09 Y:02 P:05 SP:FD CPU Cycle:423303554
CFD7 $D0 $FB       BNE $CFD4 = $38             A:14 X:09 Y:02 P:05 SP:FD CPU Cycle:423303556
CFD4 $38           SEC                         A:14 X:09 Y:02 P:05 SP:FD CPU Cycle:423303559
CFD5 $E9 $01       SBC #$01                    A:14 X:09 Y:02 P:05 SP:FD CPU Cycle:423303561
CFD7 $D0 $FB       BNE $CFD4 = $38             A:13 X:09 Y:02 P:05 SP:FD CPU Cycle:423303563
CFD4 $38           SEC                         A:13 X:09 Y:02 P:05 SP:FD CPU Cycle:423303566
CFD5 $E9 $01       SBC #$01                    A:13 X:09 Y:02 P:05 SP:FD CPU Cycle:423303568
CFD7 $D0 $FB       BNE $CFD4 = $38             A:12 X:09 Y:02 P:05 SP:FD CPU Cycle:423303570
CFD4 $38           SEC                         A:12 X:09 Y:02 P:05 SP:FD CPU Cycle:423303573
CFD5 $E9 $01       SBC #$01                    A:12 X:09 Y:02 P:05 SP:FD CPU Cycle:423303575
CFD7 $D0 $FB       BNE $CFD4 = $38             A:11 X:09 Y:02 P:05 SP:FD CPU Cycle:423303577
CFD4 $38           SEC                         A:11 X:09 Y:02 P:05 SP:FD CPU Cycle:423303580
CFD5 $E9 $01       SBC #$01                    A:11 X:09 Y:02 P:05 SP:FD CPU Cycle:423303582
CFD7 $D0 $FB       BNE $CFD4 = $38             A:10 X:09 Y:02 P:05 SP:FD CPU Cycle:423303584
CFD4 $38           SEC                         A:10 X:09 Y:02 P:05 SP:FD CPU Cycle:423303587
CFD5 $E9 $01       SBC #$01                    A:10 X:09 Y:02 P:05 SP:FD CPU Cycle:423303589
CFD7 $D0 $FB       BNE $CFD4 = $38             A:0F X:09 Y:02 P:05 SP:FD CPU Cycle:423303591
CFD4 $38           SEC                         A:0F X:09 Y:02 P:05 SP:FD CPU Cycle:423303594
CFD5 $E9 $01       SBC #$01                    A:0F X:09 Y:02 P:05 SP:FD CPU Cycle:423303596
CFD7 $D0 $FB       BNE $CFD4 = $38             A:0E X:09 Y:02 P:05 SP:FD CPU Cycle:423303598
CFD4 $38           SEC                         A:0E X:09 Y:02 P:05 SP:FD CPU Cycle:423303601
CFD5 $E9 $01       SBC #$01                    A:0E X:09 Y:02 P:05 SP:FD CPU Cycle:423303603
CFD7 $D0 $FB       BNE $CFD4 = $38             A:0D X:09 Y:02 P:05 SP:FD CPU Cycle:423303605
CFD4 $38           SEC                         A:0D X:09 Y:02 P:05 SP:FD CPU Cycle:423303608
CFD5 $E9 $01       SBC #$01                    A:0D X:09 Y:02 P:05 SP:FD CPU Cycle:423303610
CFD7 $D0 $FB       BNE $CFD4 = $38             A:0C X:09 Y:02 P:05 SP:FD CPU Cycle:423303612
CFD4 $38           SEC                         A:0C X:09 Y:02 P:05 SP:FD CPU Cycle:423303615
CFD5 $E9 $01       SBC #$01                    A:0C X:09 Y:02 P:05 SP:FD CPU Cycle:423303617
CFD7 $D0 $FB       BNE $CFD4 = $38             A:0B X:09 Y:02 P:05 SP:FD CPU Cycle:423303619
CFD4 $38           SEC                         A:0B X:09 Y:02 P:05 SP:FD CPU Cycle:423303622
CFD5 $E9 $01       SBC #$01                    A:0B X:09 Y:02 P:05 SP:FD CPU Cycle:423303624
CFD7 $D0 $FB       BNE $CFD4 = $38             A:0A X:09 Y:02 P:05 SP:FD CPU Cycle:423303626
CFD4 $38           SEC                         A:0A X:09 Y:02 P:05 SP:FD CPU Cycle:423303629
CFD5 $E9 $01       SBC #$01                    A:0A X:09 Y:02 P:05 SP:FD CPU Cycle:423303631
CFD7 $D0 $FB       BNE $CFD4 = $38             A:09 X:09 Y:02 P:05 SP:FD CPU Cycle:423303633
CFD4 $38           SEC                         A:09 X:09 Y:02 P:05 SP:FD CPU Cycle:423303636
CFD5 $E9 $01       SBC #$01                    A:09 X:09 Y:02 P:05 SP:FD CPU Cycle:423303638
CFD7 $D0 $FB       BNE $CFD4 = $38             A:08 X:09 Y:02 P:05 SP:FD CPU Cycle:423303640
CFD4 $38           SEC                         A:08 X:09 Y:02 P:05 SP:FD CPU Cycle:423303643
CFD5 $E9 $01       SBC #$01                    A:08 X:09 Y:02 P:05 SP:FD CPU Cycle:423303645
CFD7 $D0 $FB       BNE $CFD4 = $38             A:07 X:09 Y:02 P:05 SP:FD CPU Cycle:423303647
CFD4 $38           SEC                         A:07 X:09 Y:02 P:05 SP:FD CPU Cycle:423303650
CFD5 $E9 $01       SBC #$01                    A:07 X:09 Y:02 P:05 SP:FD CPU Cycle:423303652
CFD7 $D0 $FB       BNE $CFD4 = $38             A:06 X:09 Y:02 P:05 SP:FD CPU Cycle:423303654
CFD4 $38           SEC                         A:06 X:09 Y:02 P:05 SP:FD CPU Cycle:423303657
CFD5 $E9 $01       SBC #$01                    A:06 X:09 Y:02 P:05 SP:FD CPU Cycle:423303659
CFD7 $D0 $FB       BNE $CFD4 = $38             A:05 X:09 Y:02 P:05 SP:FD CPU Cycle:423303661
CFD4 $38           SEC                         A:05 X:09 Y:02 P:05 SP:FD CPU Cycle:423303664
CFD5 $E9 $01       SBC #$01                    A:05 X:09 Y:02 P:05 SP:FD CPU Cycle:423303666
CFD7 $D0 $FB       BNE $CFD4 = $38             A:04 X:09 Y:02 P:05 SP:FD CPU Cycle:423303668
CFD4 $38           SEC                         A:04 X:09 Y:02 P:05 SP:FD CPU Cycle:423303671
CFD5 $E9 $01       SBC #$01                    A:04 X:09 Y:02 P:05 SP:FD CPU Cycle:423303673
CFD7 $D0 $FB       BNE $CFD4 = $38             A:03 X:09 Y:02 P:05 SP:FD CPU Cycle:423303675
CFD4 $38           SEC                         A:03 X:09 Y:02 P:05 SP:FD CPU Cycle:423303678
CFD5 $E9 $01       SBC #$01                    A:03 X:09 Y:02 P:05 SP:FD CPU Cycle:423303680
CFD7 $D0 $FB       BNE $CFD4 = $38             A:02 X:09 Y:02 P:05 SP:FD CPU Cycle:423303682
CFD4 $38           SEC                         A:02 X:09 Y:02 P:05 SP:FD CPU Cycle:423303685
CFD5 $E9 $01       SBC #$01                    A:02 X:09 Y:02 P:05 SP:FD CPU Cycle:423303687
CFD7 $D0 $FB       BNE $CFD4 = $38             A:01 X:09 Y:02 P:05 SP:FD CPU Cycle:423303689
CFD4 $38           SEC                         A:01 X:09 Y:02 P:05 SP:FD CPU Cycle:423303692
CFD5 $E9 $01       SBC #$01                    A:01 X:09 Y:02 P:05 SP:FD CPU Cycle:423303694
CFD7 $D0 $FB       BNE $CFD4 = $38             A:00 X:09 Y:02 P:07 SP:FD CPU Cycle:423303696
CFD9 $CA           DEX                         A:00 X:09 Y:02 P:07 SP:FD CPU Cycle:423303698
CFDA $D0 $F8       BNE $CFD4 = $38             A:00 X:08 Y:02 P:05 SP:FD CPU Cycle:423303700
CFD4 $38           SEC                         A:00 X:08 Y:02 P:05 SP:FD CPU Cycle:423303703
CFD5 $E9 $01       SBC #$01                    A:00 X:08 Y:02 P:05 SP:FD CPU Cycle:423303705
CFD7 $D0 $FB       BNE $CFD4 = $38             A:FF X:08 Y:02 P:84 SP:FD CPU Cycle:423303707
CFD4 $38           SEC                         A:FF X:08 Y:02 P:84 SP:FD CPU Cycle:423303710
CFD5 $E9 $01       SBC #$01                    A:FF X:08 Y:02 P:85 SP:FD CPU Cycle:423303712
CFD7 $D0 $FB       BNE $CFD4 = $38             A:FE X:08 Y:02 P:85 SP:FD CPU Cycle:423303714
CFD4 $38           SEC                         A:FE X:08 Y:02 P:85 SP:FD CPU Cycle:423303717
CFD5 $E9 $01       SBC #$01                    A:FE X:08 Y:02 P:85 SP:FD CPU Cycle:423303719
CFD7 $D0 $FB       BNE $CFD4 = $38             A:FD X:08 Y:02 P:85 SP:FD CPU Cycle:423303721
CFD4 $38           SEC                         A:FD X:08 Y:02 P:85 SP:FD CPU Cycle:423303724
CFD5 $E9 $01       SBC #$01                    A:FD X:08 Y:02 P:85 SP:FD CPU Cycle:423303726
CFD7 $D0 $FB       BNE $CFD4 = $38             A:FC X:08 Y:02 P:85 SP:FD CPU Cycle:423303728
CFD4 $38           SEC                         A:FC X:08 Y:02 P:85 SP:FD CPU Cycle:423303731
CFD5 $E9 $01       SBC #$01                    A:FC X:08 Y:02 P:85 SP:FD CPU Cycle:423303733
CFD7 $D0 $FB       BNE $CFD4 = $38             A:FB X:08 Y:02 P:85 SP:FD CPU Cycle:423303735
CFD4 $38           SEC                         A:FB X:08 Y:02 P:85 SP:FD CPU Cycle:423303738
CFD5 $E9 $01       SBC #$01                    A:FB X:08 Y:02 P:85 SP:FD CPU Cycle:423303740
CFD7 $D0 $FB       BNE $CFD4 = $38             A:FA X:08 Y:02 P:85 SP:FD CPU Cycle:423303742
CFD4 $38           SEC                         A:FA X:08 Y:02 P:85 SP:FD CPU Cycle:423303745
CFD5 $E9 $01       SBC #$01                    A:FA X:08 Y:02 P:85 SP:FD CPU Cycle:423303747
CFD7 $D0 $FB       BNE $CFD4 = $38             A:F9 X:08 Y:02 P:85 SP:FD CPU Cycle:423303749
CFD4 $38           SEC                         A:F9 X:08 Y:02 P:85 SP:FD CPU Cycle:423303752
CFD5 $E9 $01       SBC #$01                    A:F9 X:08 Y:02 P:85 SP:FD CPU Cycle:423303754
CFD7 $D0 $FB       BNE $CFD4 = $38             A:F8 X:08 Y:02 P:85 SP:FD CPU Cycle:423303756
CFD4 $38           SEC                         A:F8 X:08 Y:02 P:85 SP:FD CPU Cycle:423303759
CFD5 $E9 $01       SBC #$01                    A:F8 X:08 Y:02 P:85 SP:FD CPU Cycle:423303761
CFD7 $D0 $FB       BNE $CFD4 = $38             A:F7 X:08 Y:02 P:85 SP:FD CPU Cycle:423303763
CFD4 $38           SEC                         A:F7 X:08 Y:02 P:85 SP:FD CPU Cycle:423303766
CFD5 $E9 $01       SBC #$01                    A:F7 X:08 Y:02 P:85 SP:FD CPU Cycle:423303768
CFD7 $D0 $FB       BNE $CFD4 = $38             A:F6 X:08 Y:02 P:85 SP:FD CPU Cycle:423303770
CFD4 $38           SEC                         A:F6 X:08 Y:02 P:85 SP:FD CPU Cycle:423303773
CFD5 $E9 $01       SBC #$01                    A:F6 X:08 Y:02 P:85 SP:FD CPU Cycle:423303775
CFD7 $D0 $FB       BNE $CFD4 = $38             A:F5 X:08 Y:02 P:85 SP:FD CPU Cycle:423303777
CFD4 $38           SEC                         A:F5 X:08 Y:02 P:85 SP:FD CPU Cycle:423303780
CFD5 $E9 $01       SBC #$01                    A:F5 X:08 Y:02 P:85 SP:FD CPU Cycle:423303782
CFD7 $D0 $FB       BNE $CFD4 = $38             A:F4 X:08 Y:02 P:85 SP:FD CPU Cycle:423303784
CFD4 $38           SEC                         A:F4 X:08 Y:02 P:85 SP:FD CPU Cycle:423303787
CFD5 $E9 $01       SBC #$01                    A:F4 X:08 Y:02 P:85 SP:FD CPU Cycle:423303789
CFD7 $D0 $FB       BNE $CFD4 = $38             A:F3 X:08 Y:02 P:85 SP:FD CPU Cycle:423303791
CFD4 $38           SEC                         A:F3 X:08 Y:02 P:85 SP:FD CPU Cycle:423303794
CFD5 $E9 $01       SBC #$01                    A:F3 X:08 Y:02 P:85 SP:FD CPU Cycle:423303796
CFD7 $D0 $FB       BNE $CFD4 = $38             A:F2 X:08 Y:02 P:85 SP:FD CPU Cycle:423303798
CFD4 $38           SEC                         A:F2 X:08 Y:02 P:85 SP:FD CPU Cycle:423303801
CFD5 $E9 $01       SBC #$01                    A:F2 X:08 Y:02 P:85 SP:FD CPU Cycle:423303803
CFD7 $D0 $FB       BNE $CFD4 = $38             A:F1 X:08 Y:02 P:85 SP:FD CPU Cycle:423303805
CFD4 $38           SEC                         A:F1 X:08 Y:02 P:85 SP:FD CPU Cycle:423303808
CFD5 $E9 $01       SBC #$01                    A:F1 X:08 Y:02 P:85 SP:FD CPU Cycle:423303810
CFD7 $D0 $FB       BNE $CFD4 = $38             A:F0 X:08 Y:02 P:85 SP:FD CPU Cycle:423303812
CFD4 $38           SEC                         A:F0 X:08 Y:02 P:85 SP:FD CPU Cycle:423303815
CFD5 $E9 $01       SBC #$01                    A:F0 X:08 Y:02 P:85 SP:FD CPU Cycle:423303817
CFD7 $D0 $FB       BNE $CFD4 = $38             A:EF X:08 Y:02 P:85 SP:FD CPU Cycle:423303819
CFD4 $38           SEC                         A:EF X:08 Y:02 P:85 SP:FD CPU Cycle:423303822
CFD5 $E9 $01       SBC #$01                    A:EF X:08 Y:02 P:85 SP:FD CPU Cycle:423303824
CFD7 $D0 $FB       BNE $CFD4 = $38             A:EE X:08 Y:02 P:85 SP:FD CPU Cycle:423303826
CFD4 $38           SEC                         A:EE X:08 Y:02 P:85 SP:FD CPU Cycle:423303829
CFD5 $E9 $01       SBC #$01                    A:EE X:08 Y:02 P:85 SP:FD CPU Cycle:423303831
CFD7 $D0 $FB       BNE $CFD4 = $38             A:ED X:08 Y:02 P:85 SP:FD CPU Cycle:423303833
CFD4 $38           SEC                         A:ED X:08 Y:02 P:85 SP:FD CPU Cycle:423303836
CFD5 $E9 $01       SBC #$01                    A:ED X:08 Y:02 P:85 SP:FD CPU Cycle:423303838
CFD7 $D0 $FB       BNE $CFD4 = $38             A:EC X:08 Y:02 P:85 SP:FD CPU Cycle:423303840
CFD4 $38           SEC                         A:EC X:08 Y:02 P:85 SP:FD CPU Cycle:423303843
CFD5 $E9 $01       SBC #$01                    A:EC X:08 Y:02 P:85 SP:FD CPU Cycle:423303845
CFD7 $D0 $FB       BNE $CFD4 = $38             A:EB X:08 Y:02 P:85 SP:FD CPU Cycle:423303847
CFD4 $38           SEC                         A:EB X:08 Y:02 P:85 SP:FD CPU Cycle:423303850
CFD5 $E9 $01       SBC #$01                    A:EB X:08 Y:02 P:85 SP:FD CPU Cycle:423303852
CFD7 $D0 $FB       BNE $CFD4 = $38             A:EA X:08 Y:02 P:85 SP:FD CPU Cycle:423303854
CFD4 $38           SEC                         A:EA X:08 Y:02 P:85 SP:FD CPU Cycle:423303857
CFD5 $E9 $01       SBC #$01                    A:EA X:08 Y:02 P:85 SP:FD CPU Cycle:423303859
CFD7 $D0 $FB       BNE $CFD4 = $38             A:E9 X:08 Y:02 P:85 SP:FD CPU Cycle:423303861
CFD4 $38           SEC                         A:E9 X:08 Y:02 P:85 SP:FD CPU Cycle:423303864
CFD5 $E9 $01       SBC #$01                    A:E9 X:08 Y:02 P:85 SP:FD CPU Cycle:423303866
CFD7 $D0 $FB       BNE $CFD4 = $38             A:E8 X:08 Y:02 P:85 SP:FD CPU Cycle:423303868
CFD4 $38           SEC                         A:E8 X:08 Y:02 P:85 SP:FD CPU Cycle:423303871
CFD5 $E9 $01       SBC #$01                    A:E8 X:08 Y:02 P:85 SP:FD CPU Cycle:423303873
CFD7 $D0 $FB       BNE $CFD4 = $38             A:E7 X:08 Y:02 P:85 SP:FD CPU Cycle:423303875
CFD4 $38           SEC                         A:E7 X:08 Y:02 P:85 SP:FD CPU Cycle:423303878
CFD5 $E9 $01       SBC #$01                    A:E7 X:08 Y:02 P:85 SP:FD CPU Cycle:423303880
CFD7 $D0 $FB       BNE $CFD4 = $38             A:E6 X:08 Y:02 P:85 SP:FD CPU Cycle:423303882
CFD4 $38           SEC                         A:E6 X:08 Y:02 P:85 SP:FD CPU Cycle:423303885
CFD5 $E9 $01       SBC #$01                    A:E6 X:08 Y:02 P:85 SP:FD CPU Cycle:423303887
CFD7 $D0 $FB       BNE $CFD4 = $38             A:E5 X:08 Y:02 P:85 SP:FD CPU Cycle:423303889
CFD4 $38           SEC                         A:E5 X:08 Y:02 P:85 SP:FD CPU Cycle:423303892
CFD5 $E9 $01       SBC #$01                    A:E5 X:08 Y:02 P:85 SP:FD CPU Cycle:423303894
CFD7 $D0 $FB       BNE $CFD4 = $38             A:E4 X:08 Y:02 P:85 SP:FD CPU Cycle:423303896
CFD4 $38           SEC                         A:E4 X:08 Y:02 P:85 SP:FD CPU Cycle:423303899
CFD5 $E9 $01       SBC #$01                    A:E4 X:08 Y:02 P:85 SP:FD CPU Cycle:423303901
CFD7 $D0 $FB       BNE $CFD4 = $38             A:E3 X:08 Y:02 P:85 SP:FD CPU Cycle:423303903
CFD4 $38           SEC                         A:E3 X:08 Y:02 P:85 SP:FD CPU Cycle:423303906
CFD5 $E9 $01       SBC #$01                    A:E3 X:08 Y:02 P:85 SP:FD CPU Cycle:423303908
CFD7 $D0 $FB       BNE $CFD4 = $38             A:E2 X:08 Y:02 P:85 SP:FD CPU Cycle:423303910
CFD4 $38           SEC                         A:E2 X:08 Y:02 P:85 SP:FD CPU Cycle:423303913
CFD5 $E9 $01       SBC #$01                    A:E2 X:08 Y:02 P:85 SP:FD CPU Cycle:423303915
CFD7 $D0 $FB       BNE $CFD4 = $38             A:E1 X:08 Y:02 P:85 SP:FD CPU Cycle:423303917
CFD4 $38           SEC                         A:E1 X:08 Y:02 P:85 SP:FD CPU Cycle:423303920
CFD5 $E9 $01       SBC #$01                    A:E1 X:08 Y:02 P:85 SP:FD CPU Cycle:423303922
CFD7 $D0 $FB       BNE $CFD4 = $38             A:E0 X:08 Y:02 P:85 SP:FD CPU Cycle:423303924
CFD4 $38           SEC                         A:E0 X:08 Y:02 P:85 SP:FD CPU Cycle:423303927
CFD5 $E9 $01       SBC #$01                    A:E0 X:08 Y:02 P:85 SP:FD CPU Cycle:423303929
CFD7 $D0 $FB       BNE $CFD4 = $38             A:DF X:08 Y:02 P:85 SP:FD CPU Cycle:423303931
CFD4 $38           SEC                         A:DF X:08 Y:02 P:85 SP:FD CPU Cycle:423303934
CFD5 $E9 $01       SBC #$01                    A:DF X:08 Y:02 P:85 SP:FD CPU Cycle:423303936
CFD7 $D0 $FB       BNE $CFD4 = $38             A:DE X:08 Y:02 P:85 SP:FD CPU Cycle:423303938
CFD4 $38           SEC                         A:DE X:08 Y:02 P:85 SP:FD CPU Cycle:423303941
CFD5 $E9 $01       SBC #$01                    A:DE X:08 Y:02 P:85 SP:FD CPU Cycle:423303943
CFD7 $D0 $FB       BNE $CFD4 = $38             A:DD X:08 Y:02 P:85 SP:FD CPU Cycle:423303945
CFD4 $38           SEC                         A:DD X:08 Y:02 P:85 SP:FD CPU Cycle:423303948
CFD5 $E9 $01       SBC #$01                    A:DD X:08 Y:02 P:85 SP:FD CPU Cycle:423303950
CFD7 $D0 $FB       BNE $CFD4 = $38             A:DC X:08 Y:02 P:85 SP:FD CPU Cycle:423303952
CFD4 $38           SEC                         A:DC X:08 Y:02 P:85 SP:FD CPU Cycle:423303955
CFD5 $E9 $01       SBC #$01                    A:DC X:08 Y:02 P:85 SP:FD CPU Cycle:423303957
CFD7 $D0 $FB       BNE $CFD4 = $38             A:DB X:08 Y:02 P:85 SP:FD CPU Cycle:423303959
CFD4 $38           SEC                         A:DB X:08 Y:02 P:85 SP:FD CPU Cycle:423303962
CFD5 $E9 $01       SBC #$01                    A:DB X:08 Y:02 P:85 SP:FD CPU Cycle:423303964
CFD7 $D0 $FB       BNE $CFD4 = $38             A:DA X:08 Y:02 P:85 SP:FD CPU Cycle:423303966
CFD4 $38           SEC                         A:DA X:08 Y:02 P:85 SP:FD CPU Cycle:423303969
CFD5 $E9 $01       SBC #$01                    A:DA X:08 Y:02 P:85 SP:FD CPU Cycle:423303971
CFD7 $D0 $FB       BNE $CFD4 = $38             A:D9 X:08 Y:02 P:85 SP:FD CPU Cycle:423303973
CFD4 $38           SEC                         A:D9 X:08 Y:02 P:85 SP:FD CPU Cycle:423303976
CFD5 $E9 $01       SBC #$01                    A:D9 X:08 Y:02 P:85 SP:FD CPU Cycle:423303978
CFD7 $D0 $FB       BNE $CFD4 = $38             A:D8 X:08 Y:02 P:85 SP:FD CPU Cycle:423303980
CFD4 $38           SEC                         A:D8 X:08 Y:02 P:85 SP:FD CPU Cycle:423303983
CFD5 $E9 $01       SBC #$01                    A:D8 X:08 Y:02 P:85 SP:FD CPU Cycle:423303985
CFD7 $D0 $FB       BNE $CFD4 = $38             A:D7 X:08 Y:02 P:85 SP:FD CPU Cycle:423303987
CFD4 $38           SEC                         A:D7 X:08 Y:02 P:85 SP:FD CPU Cycle:423303990
CFD5 $E9 $01       SBC #$01                    A:D7 X:08 Y:02 P:85 SP:FD CPU Cycle:423303992
CFD7 $D0 $FB       BNE $CFD4 = $38             A:D6 X:08 Y:02 P:85 SP:FD CPU Cycle:423303994
CFD4 $38           SEC                         A:D6 X:08 Y:02 P:85 SP:FD CPU Cycle:423303997
CFD5 $E9 $01       SBC #$01                    A:D6 X:08 Y:02 P:85 SP:FD CPU Cycle:423303999
CFD7 $D0 $FB       BNE $CFD4 = $38             A:D5 X:08 Y:02 P:85 SP:FD CPU Cycle:423304001
CFD4 $38           SEC                         A:D5 X:08 Y:02 P:85 SP:FD CPU Cycle:423304004
CFD5 $E9 $01       SBC #$01                    A:D5 X:08 Y:02 P:85 SP:FD CPU Cycle:423304006
CFD7 $D0 $FB       BNE $CFD4 = $38             A:D4 X:08 Y:02 P:85 SP:FD CPU Cycle:423304008
CFD4 $38           SEC                         A:D4 X:08 Y:02 P:85 SP:FD CPU Cycle:423304011
CFD5 $E9 $01       SBC #$01                    A:D4 X:08 Y:02 P:85 SP:FD CPU Cycle:423304013
CFD7 $D0 $FB       BNE $CFD4 = $38             A:D3 X:08 Y:02 P:85 SP:FD CPU Cycle:423304015
CFD4 $38           SEC                         A:D3 X:08 Y:02 P:85 SP:FD CPU Cycle:423304018
CFD5 $E9 $01       SBC #$01                    A:D3 X:08 Y:02 P:85 SP:FD CPU Cycle:423304020
CFD7 $D0 $FB       BNE $CFD4 = $38             A:D2 X:08 Y:02 P:85 SP:FD CPU Cycle:423304022
CFD4 $38           SEC                         A:D2 X:08 Y:02 P:85 SP:FD CPU Cycle:423304025
CFD5 $E9 $01       SBC #$01                    A:D2 X:08 Y:02 P:85 SP:FD CPU Cycle:423304027
CFD7 $D0 $FB       BNE $CFD4 = $38             A:D1 X:08 Y:02 P:85 SP:FD CPU Cycle:423304029
CFD4 $38           SEC                         A:D1 X:08 Y:02 P:85 SP:FD CPU Cycle:423304032
CFD5 $E9 $01       SBC #$01                    A:D1 X:08 Y:02 P:85 SP:FD CPU Cycle:423304034
CFD7 $D0 $FB       BNE $CFD4 = $38             A:D0 X:08 Y:02 P:85 SP:FD CPU Cycle:423304036
CFD4 $38           SEC                         A:D0 X:08 Y:02 P:85 SP:FD CPU Cycle:423304039
CFD5 $E9 $01       SBC #$01                    A:D0 X:08 Y:02 P:85 SP:FD CPU Cycle:423304041
CFD7 $D0 $FB       BNE $CFD4 = $38             A:CF X:08 Y:02 P:85 SP:FD CPU Cycle:423304043
CFD4 $38           SEC                         A:CF X:08 Y:02 P:85 SP:FD CPU Cycle:423304046
CFD5 $E9 $01       SBC #$01                    A:CF X:08 Y:02 P:85 SP:FD CPU Cycle:423304048
CFD7 $D0 $FB       BNE $CFD4 = $38             A:CE X:08 Y:02 P:85 SP:FD CPU Cycle:423304050
CFD4 $38           SEC                         A:CE X:08 Y:02 P:85 SP:FD CPU Cycle:423304053
CFD5 $E9 $01       SBC #$01                    A:CE X:08 Y:02 P:85 SP:FD CPU Cycle:423304055
CFD7 $D0 $FB       BNE $CFD4 = $38             A:CD X:08 Y:02 P:85 SP:FD CPU Cycle:423304057
CFD4 $38           SEC                         A:CD X:08 Y:02 P:85 SP:FD CPU Cycle:423304060
CFD5 $E9 $01       SBC #$01                    A:CD X:08 Y:02 P:85 SP:FD CPU Cycle:423304062
CFD7 $D0 $FB       BNE $CFD4 = $38             A:CC X:08 Y:02 P:85 SP:FD CPU Cycle:423304064
CFD4 $38           SEC                         A:CC X:08 Y:02 P:85 SP:FD CPU Cycle:423304067
CFD5 $E9 $01       SBC #$01                    A:CC X:08 Y:02 P:85 SP:FD CPU Cycle:423304069
CFD7 $D0 $FB       BNE $CFD4 = $38             A:CB X:08 Y:02 P:85 SP:FD CPU Cycle:423304071
CFD4 $38           SEC                         A:CB X:08 Y:02 P:85 SP:FD CPU Cycle:423304074
CFD5 $E9 $01       SBC #$01                    A:CB X:08 Y:02 P:85 SP:FD CPU Cycle:423304076
CFD7 $D0 $FB       BNE $CFD4 = $38             A:CA X:08 Y:02 P:85 SP:FD CPU Cycle:423304078
CFD4 $38           SEC                         A:CA X:08 Y:02 P:85 SP:FD CPU Cycle:423304081
CFD5 $E9 $01       SBC #$01                    A:CA X:08 Y:02 P:85 SP:FD CPU Cycle:423304083
CFD7 $D0 $FB       BNE $CFD4 = $38             A:C9 X:08 Y:02 P:85 SP:FD CPU Cycle:423304085
CFD4 $38           SEC                         A:C9 X:08 Y:02 P:85 SP:FD CPU Cycle:423304088
CFD5 $E9 $01       SBC #$01                    A:C9 X:08 Y:02 P:85 SP:FD CPU Cycle:423304090
CFD7 $D0 $FB       BNE $CFD4 = $38             A:C8 X:08 Y:02 P:85 SP:FD CPU Cycle:423304092
CFD4 $38           SEC                         A:C8 X:08 Y:02 P:85 SP:FD CPU Cycle:423304095
CFD5 $E9 $01       SBC #$01                    A:C8 X:08 Y:02 P:85 SP:FD CPU Cycle:423304097
CFD7 $D0 $FB       BNE $CFD4 = $38             A:C7 X:08 Y:02 P:85 SP:FD CPU Cycle:423304099
CFD4 $38           SEC                         A:C7 X:08 Y:02 P:85 SP:FD CPU Cycle:423304102
CFD5 $E9 $01       SBC #$01                    A:C7 X:08 Y:02 P:85 SP:FD CPU Cycle:423304104
CFD7 $D0 $FB       BNE $CFD4 = $38             A:C6 X:08 Y:02 P:85 SP:FD CPU Cycle:423304106
CFD4 $38           SEC                         A:C6 X:08 Y:02 P:85 SP:FD CPU Cycle:423304109
CFD5 $E9 $01       SBC #$01                    A:C6 X:08 Y:02 P:85 SP:FD CPU Cycle:423304111
CFD7 $D0 $FB       BNE $CFD4 = $38             A:C5 X:08 Y:02 P:85 SP:FD CPU Cycle:423304113
CFD4 $38           SEC                         A:C5 X:08 Y:02 P:85 SP:FD CPU Cycle:423304116
CFD5 $E9 $01       SBC #$01                    A:C5 X:08 Y:02 P:85 SP:FD CPU Cycle:423304118
CFD7 $D0 $FB       BNE $CFD4 = $38             A:C4 X:08 Y:02 P:85 SP:FD CPU Cycle:423304120
CFD4 $38           SEC                         A:C4 X:08 Y:02 P:85 SP:FD CPU Cycle:423304123
CFD5 $E9 $01       SBC #$01                    A:C4 X:08 Y:02 P:85 SP:FD CPU Cycle:423304125
CFD7 $D0 $FB       BNE $CFD4 = $38             A:C3 X:08 Y:02 P:85 SP:FD CPU Cycle:423304127
CFD4 $38           SEC                         A:C3 X:08 Y:02 P:85 SP:FD CPU Cycle:423304130
CFD5 $E9 $01       SBC #$01                    A:C3 X:08 Y:02 P:85 SP:FD CPU Cycle:423304132
CFD7 $D0 $FB       BNE $CFD4 = $38             A:C2 X:08 Y:02 P:85 SP:FD CPU Cycle:423304134
CFD4 $38           SEC                         A:C2 X:08 Y:02 P:85 SP:FD CPU Cycle:423304137
CFD5 $E9 $01       SBC #$01                    A:C2 X:08 Y:02 P:85 SP:FD CPU Cycle:423304139
CFD7 $D0 $FB       BNE $CFD4 = $38             A:C1 X:08 Y:02 P:85 SP:FD CPU Cycle:423304141
CFD4 $38           SEC                         A:C1 X:08 Y:02 P:85 SP:FD CPU Cycle:423304144
CFD5 $E9 $01       SBC #$01                    A:C1 X:08 Y:02 P:85 SP:FD CPU Cycle:423304146
CFD7 $D0 $FB       BNE $CFD4 = $38             A:C0 X:08 Y:02 P:85 SP:FD CPU Cycle:423304148
CFD4 $38           SEC                         A:C0 X:08 Y:02 P:85 SP:FD CPU Cycle:423304151
CFD5 $E9 $01       SBC #$01                    A:C0 X:08 Y:02 P:85 SP:FD CPU Cycle:423304153
CFD7 $D0 $FB       BNE $CFD4 = $38             A:BF X:08 Y:02 P:85 SP:FD CPU Cycle:423304155
CFD4 $38           SEC                         A:BF X:08 Y:02 P:85 SP:FD CPU Cycle:423304158
CFD5 $E9 $01       SBC #$01                    A:BF X:08 Y:02 P:85 SP:FD CPU Cycle:423304160
CFD7 $D0 $FB       BNE $CFD4 = $38             A:BE X:08 Y:02 P:85 SP:FD CPU Cycle:423304162
CFD4 $38           SEC                         A:BE X:08 Y:02 P:85 SP:FD CPU Cycle:423304165
CFD5 $E9 $01       SBC #$01                    A:BE X:08 Y:02 P:85 SP:FD CPU Cycle:423304167
CFD7 $D0 $FB       BNE $CFD4 = $38             A:BD X:08 Y:02 P:85 SP:FD CPU Cycle:423304169
CFD4 $38           SEC                         A:BD X:08 Y:02 P:85 SP:FD CPU Cycle:423304172
CFD5 $E9 $01       SBC #$01                    A:BD X:08 Y:02 P:85 SP:FD CPU Cycle:423304174
CFD7 $D0 $FB       BNE $CFD4 = $38             A:BC X:08 Y:02 P:85 SP:FD CPU Cycle:423304176
CFD4 $38           SEC                         A:BC X:08 Y:02 P:85 SP:FD CPU Cycle:423304179
CFD5 $E9 $01       SBC #$01                    A:BC X:08 Y:02 P:85 SP:FD CPU Cycle:423304181
CFD7 $D0 $FB       BNE $CFD4 = $38             A:BB X:08 Y:02 P:85 SP:FD CPU Cycle:423304183
CFD4 $38           SEC                         A:BB X:08 Y:02 P:85 SP:FD CPU Cycle:423304186
CFD5 $E9 $01       SBC #$01                    A:BB X:08 Y:02 P:85 SP:FD CPU Cycle:423304188
CFD7 $D0 $FB       BNE $CFD4 = $38             A:BA X:08 Y:02 P:85 SP:FD CPU Cycle:423304190
CFD4 $38           SEC                         A:BA X:08 Y:02 P:85 SP:FD CPU Cycle:423304193
CFD5 $E9 $01       SBC #$01                    A:BA X:08 Y:02 P:85 SP:FD CPU Cycle:423304195
CFD7 $D0 $FB       BNE $CFD4 = $38             A:B9 X:08 Y:02 P:85 SP:FD CPU Cycle:423304197
CFD4 $38           SEC                         A:B9 X:08 Y:02 P:85 SP:FD CPU Cycle:423304200
CFD5 $E9 $01       SBC #$01                    A:B9 X:08 Y:02 P:85 SP:FD CPU Cycle:423304202
CFD7 $D0 $FB       BNE $CFD4 = $38             A:B8 X:08 Y:02 P:85 SP:FD CPU Cycle:423304204
CFD4 $38           SEC                         A:B8 X:08 Y:02 P:85 SP:FD CPU Cycle:423304207
CFD5 $E9 $01       SBC #$01                    A:B8 X:08 Y:02 P:85 SP:FD CPU Cycle:423304209
CFD7 $D0 $FB       BNE $CFD4 = $38             A:B7 X:08 Y:02 P:85 SP:FD CPU Cycle:423304211
CFD4 $38           SEC                         A:B7 X:08 Y:02 P:85 SP:FD CPU Cycle:423304214
CFD5 $E9 $01       SBC #$01                    A:B7 X:08 Y:02 P:85 SP:FD CPU Cycle:423304216
CFD7 $D0 $FB       BNE $CFD4 = $38             A:B6 X:08 Y:02 P:85 SP:FD CPU Cycle:423304218
CFD4 $38           SEC                         A:B6 X:08 Y:02 P:85 SP:FD CPU Cycle:423304221
CFD5 $E9 $01       SBC #$01                    A:B6 X:08 Y:02 P:85 SP:FD CPU Cycle:423304223
CFD7 $D0 $FB       BNE $CFD4 = $38             A:B5 X:08 Y:02 P:85 SP:FD CPU Cycle:423304225
CFD4 $38           SEC                         A:B5 X:08 Y:02 P:85 SP:FD CPU Cycle:423304228
CFD5 $E9 $01       SBC #$01                    A:B5 X:08 Y:02 P:85 SP:FD CPU Cycle:423304230
CFD7 $D0 $FB       BNE $CFD4 = $38             A:B4 X:08 Y:02 P:85 SP:FD CPU Cycle:423304232
CFD4 $38           SEC                         A:B4 X:08 Y:02 P:85 SP:FD CPU Cycle:423304235
CFD5 $E9 $01       SBC #$01                    A:B4 X:08 Y:02 P:85 SP:FD CPU Cycle:423304237
CFD7 $D0 $FB       BNE $CFD4 = $38             A:B3 X:08 Y:02 P:85 SP:FD CPU Cycle:423304239
CFD4 $38           SEC                         A:B3 X:08 Y:02 P:85 SP:FD CPU Cycle:423304242
CFD5 $E9 $01       SBC #$01                    A:B3 X:08 Y:02 P:85 SP:FD CPU Cycle:423304244
CFD7 $D0 $FB       BNE $CFD4 = $38             A:B2 X:08 Y:02 P:85 SP:FD CPU Cycle:423304246
CFD4 $38           SEC                         A:B2 X:08 Y:02 P:85 SP:FD CPU Cycle:423304249
CFD5 $E9 $01       SBC #$01                    A:B2 X:08 Y:02 P:85 SP:FD CPU Cycle:423304251
CFD7 $D0 $FB       BNE $CFD4 = $38             A:B1 X:08 Y:02 P:85 SP:FD CPU Cycle:423304253
CFD4 $38           SEC                         A:B1 X:08 Y:02 P:85 SP:FD CPU Cycle:423304256
CFD5 $E9 $01       SBC #$01                    A:B1 X:08 Y:02 P:85 SP:FD CPU Cycle:423304258
CFD7 $D0 $FB       BNE $CFD4 = $38             A:B0 X:08 Y:02 P:85 SP:FD CPU Cycle:423304260
CFD4 $38           SEC                         A:B0 X:08 Y:02 P:85 SP:FD CPU Cycle:423304263
CFD5 $E9 $01       SBC #$01                    A:B0 X:08 Y:02 P:85 SP:FD CPU Cycle:423304265
CFD7 $D0 $FB       BNE $CFD4 = $38             A:AF X:08 Y:02 P:85 SP:FD CPU Cycle:423304267
CFD4 $38           SEC                         A:AF X:08 Y:02 P:85 SP:FD CPU Cycle:423304270
CFD5 $E9 $01       SBC #$01                    A:AF X:08 Y:02 P:85 SP:FD CPU Cycle:423304272
CFD7 $D0 $FB       BNE $CFD4 = $38             A:AE X:08 Y:02 P:85 SP:FD CPU Cycle:423304274
CFD4 $38           SEC                         A:AE X:08 Y:02 P:85 SP:FD CPU Cycle:423304277
CFD5 $E9 $01       SBC #$01                    A:AE X:08 Y:02 P:85 SP:FD CPU Cycle:423304279
CFD7 $D0 $FB       BNE $CFD4 = $38             A:AD X:08 Y:02 P:85 SP:FD CPU Cycle:423304281
CFD4 $38           SEC                         A:AD X:08 Y:02 P:85 SP:FD CPU Cycle:423304284
CFD5 $E9 $01       SBC #$01                    A:AD X:08 Y:02 P:85 SP:FD CPU Cycle:423304286
CFD7 $D0 $FB       BNE $CFD4 = $38             A:AC X:08 Y:02 P:85 SP:FD CPU Cycle:423304288
CFD4 $38           SEC                         A:AC X:08 Y:02 P:85 SP:FD CPU Cycle:423304291
CFD5 $E9 $01       SBC #$01                    A:AC X:08 Y:02 P:85 SP:FD CPU Cycle:423304293
CFD7 $D0 $FB       BNE $CFD4 = $38             A:AB X:08 Y:02 P:85 SP:FD CPU Cycle:423304295
CFD4 $38           SEC                         A:AB X:08 Y:02 P:85 SP:FD CPU Cycle:423304298
CFD5 $E9 $01       SBC #$01                    A:AB X:08 Y:02 P:85 SP:FD CPU Cycle:423304300
CFD7 $D0 $FB       BNE $CFD4 = $38             A:AA X:08 Y:02 P:85 SP:FD CPU Cycle:423304302
CFD4 $38           SEC                         A:AA X:08 Y:02 P:85 SP:FD CPU Cycle:423304305
CFD5 $E9 $01       SBC #$01                    A:AA X:08 Y:02 P:85 SP:FD CPU Cycle:423304307
CFD7 $D0 $FB       BNE $CFD4 = $38             A:A9 X:08 Y:02 P:85 SP:FD CPU Cycle:423304309
CFD4 $38           SEC                         A:A9 X:08 Y:02 P:85 SP:FD CPU Cycle:423304312
CFD5 $E9 $01       SBC #$01                    A:A9 X:08 Y:02 P:85 SP:FD CPU Cycle:423304314
CFD7 $D0 $FB       BNE $CFD4 = $38             A:A8 X:08 Y:02 P:85 SP:FD CPU Cycle:423304316
CFD4 $38           SEC                         A:A8 X:08 Y:02 P:85 SP:FD CPU Cycle:423304319
CFD5 $E9 $01       SBC #$01                    A:A8 X:08 Y:02 P:85 SP:FD CPU Cycle:423304321
CFD7 $D0 $FB       BNE $CFD4 = $38             A:A7 X:08 Y:02 P:85 SP:FD CPU Cycle:423304323
CFD4 $38           SEC                         A:A7 X:08 Y:02 P:85 SP:FD CPU Cycle:423304326
CFD5 $E9 $01       SBC #$01                    A:A7 X:08 Y:02 P:85 SP:FD CPU Cycle:423304328
CFD7 $D0 $FB       BNE $CFD4 = $38             A:A6 X:08 Y:02 P:85 SP:FD CPU Cycle:423304330
CFD4 $38           SEC                         A:A6 X:08 Y:02 P:85 SP:FD CPU Cycle:423304333
CFD5 $E9 $01       SBC #$01                    A:A6 X:08 Y:02 P:85 SP:FD CPU Cycle:423304335
CFD7 $D0 $FB       BNE $CFD4 = $38             A:A5 X:08 Y:02 P:85 SP:FD CPU Cycle:423304337
CFD4 $38           SEC                         A:A5 X:08 Y:02 P:85 SP:FD CPU Cycle:423304340
CFD5 $E9 $01       SBC #$01                    A:A5 X:08 Y:02 P:85 SP:FD CPU Cycle:423304342
CFD7 $D0 $FB       BNE $CFD4 = $38             A:A4 X:08 Y:02 P:85 SP:FD CPU Cycle:423304344
CFD4 $38           SEC                         A:A4 X:08 Y:02 P:85 SP:FD CPU Cycle:423304347
CFD5 $E9 $01       SBC #$01                    A:A4 X:08 Y:02 P:85 SP:FD CPU Cycle:423304349
CFD7 $D0 $FB       BNE $CFD4 = $38             A:A3 X:08 Y:02 P:85 SP:FD CPU Cycle:423304351
CFD4 $38           SEC                         A:A3 X:08 Y:02 P:85 SP:FD CPU Cycle:423304354
CFD5 $E9 $01       SBC #$01                    A:A3 X:08 Y:02 P:85 SP:FD CPU Cycle:423304356
CFD7 $D0 $FB       BNE $CFD4 = $38             A:A2 X:08 Y:02 P:85 SP:FD CPU Cycle:423304358
CFD4 $38           SEC                         A:A2 X:08 Y:02 P:85 SP:FD CPU Cycle:423304361
CFD5 $E9 $01       SBC #$01                    A:A2 X:08 Y:02 P:85 SP:FD CPU Cycle:423304363
CFD7 $D0 $FB       BNE $CFD4 = $38             A:A1 X:08 Y:02 P:85 SP:FD CPU Cycle:423304365
CFD4 $38           SEC                         A:A1 X:08 Y:02 P:85 SP:FD CPU Cycle:423304368
CFD5 $E9 $01       SBC #$01                    A:A1 X:08 Y:02 P:85 SP:FD CPU Cycle:423304370
CFD7 $D0 $FB       BNE $CFD4 = $38             A:A0 X:08 Y:02 P:85 SP:FD CPU Cycle:423304372
CFD4 $38           SEC                         A:A0 X:08 Y:02 P:85 SP:FD CPU Cycle:423304375
CFD5 $E9 $01       SBC #$01                    A:A0 X:08 Y:02 P:85 SP:FD CPU Cycle:423304377
CFD7 $D0 $FB       BNE $CFD4 = $38             A:9F X:08 Y:02 P:85 SP:FD CPU Cycle:423304379
CFD4 $38           SEC                         A:9F X:08 Y:02 P:85 SP:FD CPU Cycle:423304382
CFD5 $E9 $01       SBC #$01                    A:9F X:08 Y:02 P:85 SP:FD CPU Cycle:423304384
CFD7 $D0 $FB       BNE $CFD4 = $38             A:9E X:08 Y:02 P:85 SP:FD CPU Cycle:423304386
CFD4 $38           SEC                         A:9E X:08 Y:02 P:85 SP:FD CPU Cycle:423304389
CFD5 $E9 $01       SBC #$01                    A:9E X:08 Y:02 P:85 SP:FD CPU Cycle:423304391
CFD7 $D0 $FB       BNE $CFD4 = $38             A:9D X:08 Y:02 P:85 SP:FD CPU Cycle:423304393
CFD4 $38           SEC                         A:9D X:08 Y:02 P:85 SP:FD CPU Cycle:423304396
CFD5 $E9 $01       SBC #$01                    A:9D X:08 Y:02 P:85 SP:FD CPU Cycle:423304398
CFD7 $D0 $FB       BNE $CFD4 = $38             A:9C X:08 Y:02 P:85 SP:FD CPU Cycle:423304400
CFD4 $38           SEC                         A:9C X:08 Y:02 P:85 SP:FD CPU Cycle:423304403
CFD5 $E9 $01       SBC #$01                    A:9C X:08 Y:02 P:85 SP:FD CPU Cycle:423304405
CFD7 $D0 $FB       BNE $CFD4 = $38             A:9B X:08 Y:02 P:85 SP:FD CPU Cycle:423304407
CFD4 $38           SEC                         A:9B X:08 Y:02 P:85 SP:FD CPU Cycle:423304410
CFD5 $E9 $01       SBC #$01                    A:9B X:08 Y:02 P:85 SP:FD CPU Cycle:423304412
CFD7 $D0 $FB       BNE $CFD4 = $38             A:9A X:08 Y:02 P:85 SP:FD CPU Cycle:423304414
CFD4 $38           SEC                         A:9A X:08 Y:02 P:85 SP:FD CPU Cycle:423304417
CFD5 $E9 $01       SBC #$01                    A:9A X:08 Y:02 P:85 SP:FD CPU Cycle:423304419
CFD7 $D0 $FB       BNE $CFD4 = $38             A:99 X:08 Y:02 P:85 SP:FD CPU Cycle:423304421
CFD4 $38           SEC                         A:99 X:08 Y:02 P:85 SP:FD CPU Cycle:423304424
CFD5 $E9 $01       SBC #$01                    A:99 X:08 Y:02 P:85 SP:FD CPU Cycle:423304426
CFD7 $D0 $FB       BNE $CFD4 = $38             A:98 X:08 Y:02 P:85 SP:FD CPU Cycle:423304428
CFD4 $38           SEC                         A:98 X:08 Y:02 P:85 SP:FD CPU Cycle:423304431
CFD5 $E9 $01       SBC #$01                    A:98 X:08 Y:02 P:85 SP:FD CPU Cycle:423304433
CFD7 $D0 $FB       BNE $CFD4 = $38             A:97 X:08 Y:02 P:85 SP:FD CPU Cycle:423304435
CFD4 $38           SEC                         A:97 X:08 Y:02 P:85 SP:FD CPU Cycle:423304438
CFD5 $E9 $01       SBC #$01                    A:97 X:08 Y:02 P:85 SP:FD CPU Cycle:423304440
CFD7 $D0 $FB       BNE $CFD4 = $38             A:96 X:08 Y:02 P:85 SP:FD CPU Cycle:423304442
CFD4 $38           SEC                         A:96 X:08 Y:02 P:85 SP:FD CPU Cycle:423304445
CFD5 $E9 $01       SBC #$01                    A:96 X:08 Y:02 P:85 SP:FD CPU Cycle:423304447
CFD7 $D0 $FB       BNE $CFD4 = $38             A:95 X:08 Y:02 P:85 SP:FD CPU Cycle:423304449
CFD4 $38           SEC                         A:95 X:08 Y:02 P:85 SP:FD CPU Cycle:423304452
CFD5 $E9 $01       SBC #$01                    A:95 X:08 Y:02 P:85 SP:FD CPU Cycle:423304454
CFD7 $D0 $FB       BNE $CFD4 = $38             A:94 X:08 Y:02 P:85 SP:FD CPU Cycle:423304456
CFD4 $38           SEC                         A:94 X:08 Y:02 P:85 SP:FD CPU Cycle:423304459
CFD5 $E9 $01       SBC #$01                    A:94 X:08 Y:02 P:85 SP:FD CPU Cycle:423304461
CFD7 $D0 $FB       BNE $CFD4 = $38             A:93 X:08 Y:02 P:85 SP:FD CPU Cycle:423304463
CFD4 $38           SEC                         A:93 X:08 Y:02 P:85 SP:FD CPU Cycle:423304466
CFD5 $E9 $01       SBC #$01                    A:93 X:08 Y:02 P:85 SP:FD CPU Cycle:423304468
CFD7 $D0 $FB       BNE $CFD4 = $38             A:92 X:08 Y:02 P:85 SP:FD CPU Cycle:423304470
CFD4 $38           SEC                         A:92 X:08 Y:02 P:85 SP:FD CPU Cycle:423304473
CFD5 $E9 $01       SBC #$01                    A:92 X:08 Y:02 P:85 SP:FD CPU Cycle:423304475
CFD7 $D0 $FB       BNE $CFD4 = $38             A:91 X:08 Y:02 P:85 SP:FD CPU Cycle:423304477
CFD4 $38           SEC                         A:91 X:08 Y:02 P:85 SP:FD CPU Cycle:423304480
CFD5 $E9 $01       SBC #$01                    A:91 X:08 Y:02 P:85 SP:FD CPU Cycle:423304482
CFD7 $D0 $FB       BNE $CFD4 = $38             A:90 X:08 Y:02 P:85 SP:FD CPU Cycle:423304484
CFD4 $38           SEC                         A:90 X:08 Y:02 P:85 SP:FD CPU Cycle:423304487
CFD5 $E9 $01       SBC #$01                    A:90 X:08 Y:02 P:85 SP:FD CPU Cycle:423304489
CFD7 $D0 $FB       BNE $CFD4 = $38             A:8F X:08 Y:02 P:85 SP:FD CPU Cycle:423304491
CFD4 $38           SEC                         A:8F X:08 Y:02 P:85 SP:FD CPU Cycle:423304494
CFD5 $E9 $01       SBC #$01                    A:8F X:08 Y:02 P:85 SP:FD CPU Cycle:423304496
CFD7 $D0 $FB       BNE $CFD4 = $38             A:8E X:08 Y:02 P:85 SP:FD CPU Cycle:423304498
CFD4 $38           SEC                         A:8E X:08 Y:02 P:85 SP:FD CPU Cycle:423304501
CFD5 $E9 $01       SBC #$01                    A:8E X:08 Y:02 P:85 SP:FD CPU Cycle:423304503
CFD7 $D0 $FB       BNE $CFD4 = $38             A:8D X:08 Y:02 P:85 SP:FD CPU Cycle:423304505
CFD4 $38           SEC                         A:8D X:08 Y:02 P:85 SP:FD CPU Cycle:423304508
CFD5 $E9 $01       SBC #$01                    A:8D X:08 Y:02 P:85 SP:FD CPU Cycle:423304510
CFD7 $D0 $FB       BNE $CFD4 = $38             A:8C X:08 Y:02 P:85 SP:FD CPU Cycle:423304512
CFD4 $38           SEC                         A:8C X:08 Y:02 P:85 SP:FD CPU Cycle:423304515
CFD5 $E9 $01       SBC #$01                    A:8C X:08 Y:02 P:85 SP:FD CPU Cycle:423304517
CFD7 $D0 $FB       BNE $CFD4 = $38             A:8B X:08 Y:02 P:85 SP:FD CPU Cycle:423304519
CFD4 $38           SEC                         A:8B X:08 Y:02 P:85 SP:FD CPU Cycle:423304522
CFD5 $E9 $01       SBC #$01                    A:8B X:08 Y:02 P:85 SP:FD CPU Cycle:423304524
CFD7 $D0 $FB       BNE $CFD4 = $38             A:8A X:08 Y:02 P:85 SP:FD CPU Cycle:423304526
CFD4 $38           SEC                         A:8A X:08 Y:02 P:85 SP:FD CPU Cycle:423304529
CFD5 $E9 $01       SBC #$01                    A:8A X:08 Y:02 P:85 SP:FD CPU Cycle:423304531
CFD7 $D0 $FB       BNE $CFD4 = $38             A:89 X:08 Y:02 P:85 SP:FD CPU Cycle:423304533
CFD4 $38           SEC                         A:89 X:08 Y:02 P:85 SP:FD CPU Cycle:423304536
CFD5 $E9 $01       SBC #$01                    A:89 X:08 Y:02 P:85 SP:FD CPU Cycle:423304538
CFD7 $D0 $FB       BNE $CFD4 = $38             A:88 X:08 Y:02 P:85 SP:FD CPU Cycle:423304540
CFD4 $38           SEC                         A:88 X:08 Y:02 P:85 SP:FD CPU Cycle:423304543
CFD5 $E9 $01       SBC #$01                    A:88 X:08 Y:02 P:85 SP:FD CPU Cycle:423304545
CFD7 $D0 $FB       BNE $CFD4 = $38             A:87 X:08 Y:02 P:85 SP:FD CPU Cycle:423304547
CFD4 $38           SEC                         A:87 X:08 Y:02 P:85 SP:FD CPU Cycle:423304550
CFD5 $E9 $01       SBC #$01                    A:87 X:08 Y:02 P:85 SP:FD CPU Cycle:423304552
CFD7 $D0 $FB       BNE $CFD4 = $38             A:86 X:08 Y:02 P:85 SP:FD CPU Cycle:423304554
CFD4 $38           SEC                         A:86 X:08 Y:02 P:85 SP:FD CPU Cycle:423304557
CFD5 $E9 $01       SBC #$01                    A:86 X:08 Y:02 P:85 SP:FD CPU Cycle:423304559
CFD7 $D0 $FB       BNE $CFD4 = $38             A:85 X:08 Y:02 P:85 SP:FD CPU Cycle:423304561
CFD4 $38           SEC                         A:85 X:08 Y:02 P:85 SP:FD CPU Cycle:423304564
CFD5 $E9 $01       SBC #$01                    A:85 X:08 Y:02 P:85 SP:FD CPU Cycle:423304566
CFD7 $D0 $FB       BNE $CFD4 = $38             A:84 X:08 Y:02 P:85 SP:FD CPU Cycle:423304568
CFD4 $38           SEC                         A:84 X:08 Y:02 P:85 SP:FD CPU Cycle:423304571
CFD5 $E9 $01       SBC #$01                    A:84 X:08 Y:02 P:85 SP:FD CPU Cycle:423304573
CFD7 $D0 $FB       BNE $CFD4 = $38             A:83 X:08 Y:02 P:85 SP:FD CPU Cycle:423304575
CFD4 $38           SEC                         A:83 X:08 Y:02 P:85 SP:FD CPU Cycle:423304578
CFD5 $E9 $01       SBC #$01                    A:83 X:08 Y:02 P:85 SP:FD CPU Cycle:423304580
CFD7 $D0 $FB       BNE $CFD4 = $38             A:82 X:08 Y:02 P:85 SP:FD CPU Cycle:423304582
CFD4 $38           SEC                         A:82 X:08 Y:02 P:85 SP:FD CPU Cycle:423304585
CFD5 $E9 $01       SBC #$01                    A:82 X:08 Y:02 P:85 SP:FD CPU Cycle:423304587
CFD7 $D0 $FB       BNE $CFD4 = $38             A:81 X:08 Y:02 P:85 SP:FD CPU Cycle:423304589
CFD4 $38           SEC                         A:81 X:08 Y:02 P:85 SP:FD CPU Cycle:423304592
CFD5 $E9 $01       SBC #$01                    A:81 X:08 Y:02 P:85 SP:FD CPU Cycle:423304594
CFD7 $D0 $FB       BNE $CFD4 = $38             A:80 X:08 Y:02 P:85 SP:FD CPU Cycle:423304596
CFD4 $38           SEC                         A:80 X:08 Y:02 P:85 SP:FD CPU Cycle:423304599
CFD5 $E9 $01       SBC #$01                    A:80 X:08 Y:02 P:85 SP:FD CPU Cycle:423304601
CFD7 $D0 $FB       BNE $CFD4 = $38             A:7F X:08 Y:02 P:45 SP:FD CPU Cycle:423304603
CFD4 $38           SEC                         A:7F X:08 Y:02 P:45 SP:FD CPU Cycle:423304606
CFD5 $E9 $01       SBC #$01                    A:7F X:08 Y:02 P:45 SP:FD CPU Cycle:423304608
CFD7 $D0 $FB       BNE $CFD4 = $38             A:7E X:08 Y:02 P:05 SP:FD CPU Cycle:423304610
CFD4 $38           SEC                         A:7E X:08 Y:02 P:05 SP:FD CPU Cycle:423304613
CFD5 $E9 $01       SBC #$01                    A:7E X:08 Y:02 P:05 SP:FD CPU Cycle:423304615
CFD7 $D0 $FB       BNE $CFD4 = $38             A:7D X:08 Y:02 P:05 SP:FD CPU Cycle:423304617
CFD4 $38           SEC                         A:7D X:08 Y:02 P:05 SP:FD CPU Cycle:423304620
CFD5 $E9 $01       SBC #$01                    A:7D X:08 Y:02 P:05 SP:FD CPU Cycle:423304622
CFD7 $D0 $FB       BNE $CFD4 = $38             A:7C X:08 Y:02 P:05 SP:FD CPU Cycle:423304624
CFD4 $38           SEC                         A:7C X:08 Y:02 P:05 SP:FD CPU Cycle:423304627
CFD5 $E9 $01       SBC #$01                    A:7C X:08 Y:02 P:05 SP:FD CPU Cycle:423304629
CFD7 $D0 $FB       BNE $CFD4 = $38             A:7B X:08 Y:02 P:05 SP:FD CPU Cycle:423304631
CFD4 $38           SEC                         A:7B X:08 Y:02 P:05 SP:FD CPU Cycle:423304634
CFD5 $E9 $01       SBC #$01                    A:7B X:08 Y:02 P:05 SP:FD CPU Cycle:423304636
CFD7 $D0 $FB       BNE $CFD4 = $38             A:7A X:08 Y:02 P:05 SP:FD CPU Cycle:423304638
CFD4 $38           SEC                         A:7A X:08 Y:02 P:05 SP:FD CPU Cycle:423304641
CFD5 $E9 $01       SBC #$01                    A:7A X:08 Y:02 P:05 SP:FD CPU Cycle:423304643
CFD7 $D0 $FB       BNE $CFD4 = $38             A:79 X:08 Y:02 P:05 SP:FD CPU Cycle:423304645
CFD4 $38           SEC                         A:79 X:08 Y:02 P:05 SP:FD CPU Cycle:423304648
CFD5 $E9 $01       SBC #$01                    A:79 X:08 Y:02 P:05 SP:FD CPU Cycle:423304650
CFD7 $D0 $FB       BNE $CFD4 = $38             A:78 X:08 Y:02 P:05 SP:FD CPU Cycle:423304652
CFD4 $38           SEC                         A:78 X:08 Y:02 P:05 SP:FD CPU Cycle:423304655
CFD5 $E9 $01       SBC #$01                    A:78 X:08 Y:02 P:05 SP:FD CPU Cycle:423304657
CFD7 $D0 $FB       BNE $CFD4 = $38             A:77 X:08 Y:02 P:05 SP:FD CPU Cycle:423304659
CFD4 $38           SEC                         A:77 X:08 Y:02 P:05 SP:FD CPU Cycle:423304662
CFD5 $E9 $01       SBC #$01                    A:77 X:08 Y:02 P:05 SP:FD CPU Cycle:423304664
CFD7 $D0 $FB       BNE $CFD4 = $38             A:76 X:08 Y:02 P:05 SP:FD CPU Cycle:423304666
CFD4 $38           SEC                         A:76 X:08 Y:02 P:05 SP:FD CPU Cycle:423304669
CFD5 $E9 $01       SBC #$01                    A:76 X:08 Y:02 P:05 SP:FD CPU Cycle:423304671
CFD7 $D0 $FB       BNE $CFD4 = $38             A:75 X:08 Y:02 P:05 SP:FD CPU Cycle:423304673
CFD4 $38           SEC                         A:75 X:08 Y:02 P:05 SP:FD CPU Cycle:423304676
CFD5 $E9 $01       SBC #$01                    A:75 X:08 Y:02 P:05 SP:FD CPU Cycle:423304678
CFD7 $D0 $FB       BNE $CFD4 = $38             A:74 X:08 Y:02 P:05 SP:FD CPU Cycle:423304680
CFD4 $38           SEC                         A:74 X:08 Y:02 P:05 SP:FD CPU Cycle:423304683
CFD5 $E9 $01       SBC #$01                    A:74 X:08 Y:02 P:05 SP:FD CPU Cycle:423304685
CFD7 $D0 $FB       BNE $CFD4 = $38             A:73 X:08 Y:02 P:05 SP:FD CPU Cycle:423304687
CFD4 $38           SEC                         A:73 X:08 Y:02 P:05 SP:FD CPU Cycle:423304690
CFD5 $E9 $01       SBC #$01                    A:73 X:08 Y:02 P:05 SP:FD CPU Cycle:423304692
CFD7 $D0 $FB       BNE $CFD4 = $38             A:72 X:08 Y:02 P:05 SP:FD CPU Cycle:423304694
CFD4 $38           SEC                         A:72 X:08 Y:02 P:05 SP:FD CPU Cycle:423304697
CFD5 $E9 $01       SBC #$01                    A:72 X:08 Y:02 P:05 SP:FD CPU Cycle:423304699
CFD7 $D0 $FB       BNE $CFD4 = $38             A:71 X:08 Y:02 P:05 SP:FD CPU Cycle:423304701
CFD4 $38           SEC                         A:71 X:08 Y:02 P:05 SP:FD CPU Cycle:423304704
CFD5 $E9 $01       SBC #$01                    A:71 X:08 Y:02 P:05 SP:FD CPU Cycle:423304706
CFD7 $D0 $FB       BNE $CFD4 = $38             A:70 X:08 Y:02 P:05 SP:FD CPU Cycle:423304708
CFD4 $38           SEC                         A:70 X:08 Y:02 P:05 SP:FD CPU Cycle:423304711
CFD5 $E9 $01       SBC #$01                    A:70 X:08 Y:02 P:05 SP:FD CPU Cycle:423304713
CFD7 $D0 $FB       BNE $CFD4 = $38             A:6F X:08 Y:02 P:05 SP:FD CPU Cycle:423304715
CFD4 $38           SEC                         A:6F X:08 Y:02 P:05 SP:FD CPU Cycle:423304718
CFD5 $E9 $01       SBC #$01                    A:6F X:08 Y:02 P:05 SP:FD CPU Cycle:423304720
CFD7 $D0 $FB       BNE $CFD4 = $38             A:6E X:08 Y:02 P:05 SP:FD CPU Cycle:423304722
CFD4 $38           SEC                         A:6E X:08 Y:02 P:05 SP:FD CPU Cycle:423304725
CFD5 $E9 $01       SBC #$01                    A:6E X:08 Y:02 P:05 SP:FD CPU Cycle:423304727
CFD7 $D0 $FB       BNE $CFD4 = $38             A:6D X:08 Y:02 P:05 SP:FD CPU Cycle:423304729
CFD4 $38           SEC                         A:6D X:08 Y:02 P:05 SP:FD CPU Cycle:423304732
CFD5 $E9 $01       SBC #$01                    A:6D X:08 Y:02 P:05 SP:FD CPU Cycle:423304734
CFD7 $D0 $FB       BNE $CFD4 = $38             A:6C X:08 Y:02 P:05 SP:FD CPU Cycle:423304736
CFD4 $38           SEC                         A:6C X:08 Y:02 P:05 SP:FD CPU Cycle:423304739
CFD5 $E9 $01       SBC #$01                    A:6C X:08 Y:02 P:05 SP:FD CPU Cycle:423304741
CFD7 $D0 $FB       BNE $CFD4 = $38             A:6B X:08 Y:02 P:05 SP:FD CPU Cycle:423304743
CFD4 $38           SEC                         A:6B X:08 Y:02 P:05 SP:FD CPU Cycle:423304746
CFD5 $E9 $01       SBC #$01                    A:6B X:08 Y:02 P:05 SP:FD CPU Cycle:423304748
CFD7 $D0 $FB       BNE $CFD4 = $38             A:6A X:08 Y:02 P:05 SP:FD CPU Cycle:423304750
CFD4 $38           SEC                         A:6A X:08 Y:02 P:05 SP:FD CPU Cycle:423304753
CFD5 $E9 $01       SBC #$01                    A:6A X:08 Y:02 P:05 SP:FD CPU Cycle:423304755
CFD7 $D0 $FB       BNE $CFD4 = $38             A:69 X:08 Y:02 P:05 SP:FD CPU Cycle:423304757
CFD4 $38           SEC                         A:69 X:08 Y:02 P:05 SP:FD CPU Cycle:423304760
CFD5 $E9 $01       SBC #$01                    A:69 X:08 Y:02 P:05 SP:FD CPU Cycle:423304762
CFD7 $D0 $FB       BNE $CFD4 = $38             A:68 X:08 Y:02 P:05 SP:FD CPU Cycle:423304764
CFD4 $38           SEC                         A:68 X:08 Y:02 P:05 SP:FD CPU Cycle:423304767
CFD5 $E9 $01       SBC #$01                    A:68 X:08 Y:02 P:05 SP:FD CPU Cycle:423304769
CFD7 $D0 $FB       BNE $CFD4 = $38             A:67 X:08 Y:02 P:05 SP:FD CPU Cycle:423304771
CFD4 $38           SEC                         A:67 X:08 Y:02 P:05 SP:FD CPU Cycle:423304774
CFD5 $E9 $01       SBC #$01                    A:67 X:08 Y:02 P:05 SP:FD CPU Cycle:423304776
CFD7 $D0 $FB       BNE $CFD4 = $38             A:66 X:08 Y:02 P:05 SP:FD CPU Cycle:423304778
CFD4 $38           SEC                         A:66 X:08 Y:02 P:05 SP:FD CPU Cycle:423304781
CFD5 $E9 $01       SBC #$01                    A:66 X:08 Y:02 P:05 SP:FD CPU Cycle:423304783
CFD7 $D0 $FB       BNE $CFD4 = $38             A:65 X:08 Y:02 P:05 SP:FD CPU Cycle:423304785
CFD4 $38           SEC                         A:65 X:08 Y:02 P:05 SP:FD CPU Cycle:423304788
CFD5 $E9 $01       SBC #$01                    A:65 X:08 Y:02 P:05 SP:FD CPU Cycle:423304790
CFD7 $D0 $FB       BNE $CFD4 = $38             A:64 X:08 Y:02 P:05 SP:FD CPU Cycle:423304792
CFD4 $38           SEC                         A:64 X:08 Y:02 P:05 SP:FD CPU Cycle:423304795
CFD5 $E9 $01       SBC #$01                    A:64 X:08 Y:02 P:05 SP:FD CPU Cycle:423304797
CFD7 $D0 $FB       BNE $CFD4 = $38             A:63 X:08 Y:02 P:05 SP:FD CPU Cycle:423304799
CFD4 $38           SEC                         A:63 X:08 Y:02 P:05 SP:FD CPU Cycle:423304802
CFD5 $E9 $01       SBC #$01                    A:63 X:08 Y:02 P:05 SP:FD CPU Cycle:423304804
CFD7 $D0 $FB       BNE $CFD4 = $38             A:62 X:08 Y:02 P:05 SP:FD CPU Cycle:423304806
CFD4 $38           SEC                         A:62 X:08 Y:02 P:05 SP:FD CPU Cycle:423304809
CFD5 $E9 $01       SBC #$01                    A:62 X:08 Y:02 P:05 SP:FD CPU Cycle:423304811
CFD7 $D0 $FB       BNE $CFD4 = $38             A:61 X:08 Y:02 P:05 SP:FD CPU Cycle:423304813
CFD4 $38           SEC                         A:61 X:08 Y:02 P:05 SP:FD CPU Cycle:423304816
CFD5 $E9 $01       SBC #$01                    A:61 X:08 Y:02 P:05 SP:FD CPU Cycle:423304818
CFD7 $D0 $FB       BNE $CFD4 = $38             A:60 X:08 Y:02 P:05 SP:FD CPU Cycle:423304820
CFD4 $38           SEC                         A:60 X:08 Y:02 P:05 SP:FD CPU Cycle:423304823
CFD5 $E9 $01       SBC #$01                    A:60 X:08 Y:02 P:05 SP:FD CPU Cycle:423304825
CFD7 $D0 $FB       BNE $CFD4 = $38             A:5F X:08 Y:02 P:05 SP:FD CPU Cycle:423304827
CFD4 $38           SEC                         A:5F X:08 Y:02 P:05 SP:FD CPU Cycle:423304830
CFD5 $E9 $01       SBC #$01                    A:5F X:08 Y:02 P:05 SP:FD CPU Cycle:423304832
CFD7 $D0 $FB       BNE $CFD4 = $38             A:5E X:08 Y:02 P:05 SP:FD CPU Cycle:423304834
CFD4 $38           SEC                         A:5E X:08 Y:02 P:05 SP:FD CPU Cycle:423304837
CFD5 $E9 $01       SBC #$01                    A:5E X:08 Y:02 P:05 SP:FD CPU Cycle:423304839
CFD7 $D0 $FB       BNE $CFD4 = $38             A:5D X:08 Y:02 P:05 SP:FD CPU Cycle:423304841
CFD4 $38           SEC                         A:5D X:08 Y:02 P:05 SP:FD CPU Cycle:423304844
CFD5 $E9 $01       SBC #$01                    A:5D X:08 Y:02 P:05 SP:FD CPU Cycle:423304846
CFD7 $D0 $FB       BNE $CFD4 = $38             A:5C X:08 Y:02 P:05 SP:FD CPU Cycle:423304848
CFD4 $38           SEC                         A:5C X:08 Y:02 P:05 SP:FD CPU Cycle:423304851
CFD5 $E9 $01       SBC #$01                    A:5C X:08 Y:02 P:05 SP:FD CPU Cycle:423304853
CFD7 $D0 $FB       BNE $CFD4 = $38             A:5B X:08 Y:02 P:05 SP:FD CPU Cycle:423304855
CFD4 $38           SEC                         A:5B X:08 Y:02 P:05 SP:FD CPU Cycle:423304858
CFD5 $E9 $01       SBC #$01                    A:5B X:08 Y:02 P:05 SP:FD CPU Cycle:423304860
CFD7 $D0 $FB       BNE $CFD4 = $38             A:5A X:08 Y:02 P:05 SP:FD CPU Cycle:423304862
CFD4 $38           SEC                         A:5A X:08 Y:02 P:05 SP:FD CPU Cycle:423304865
CFD5 $E9 $01       SBC #$01                    A:5A X:08 Y:02 P:05 SP:FD CPU Cycle:423304867
CFD7 $D0 $FB       BNE $CFD4 = $38             A:59 X:08 Y:02 P:05 SP:FD CPU Cycle:423304869
CFD4 $38           SEC                         A:59 X:08 Y:02 P:05 SP:FD CPU Cycle:423304872
CFD5 $E9 $01       SBC #$01                    A:59 X:08 Y:02 P:05 SP:FD CPU Cycle:423304874
CFD7 $D0 $FB       BNE $CFD4 = $38             A:58 X:08 Y:02 P:05 SP:FD CPU Cycle:423304876
CFD4 $38           SEC                         A:58 X:08 Y:02 P:05 SP:FD CPU Cycle:423304879
CFD5 $E9 $01       SBC #$01                    A:58 X:08 Y:02 P:05 SP:FD CPU Cycle:423304881
CFD7 $D0 $FB       BNE $CFD4 = $38             A:57 X:08 Y:02 P:05 SP:FD CPU Cycle:423304883
CFD4 $38           SEC                         A:57 X:08 Y:02 P:05 SP:FD CPU Cycle:423304886
CFD5 $E9 $01       SBC #$01                    A:57 X:08 Y:02 P:05 SP:FD CPU Cycle:423304888
CFD7 $D0 $FB       BNE $CFD4 = $38             A:56 X:08 Y:02 P:05 SP:FD CPU Cycle:423304890
CFD4 $38           SEC                         A:56 X:08 Y:02 P:05 SP:FD CPU Cycle:423304893
CFD5 $E9 $01       SBC #$01                    A:56 X:08 Y:02 P:05 SP:FD CPU Cycle:423304895
CFD7 $D0 $FB       BNE $CFD4 = $38             A:55 X:08 Y:02 P:05 SP:FD CPU Cycle:423304897
CFD4 $38           SEC                         A:55 X:08 Y:02 P:05 SP:FD CPU Cycle:423304900
CFD5 $E9 $01       SBC #$01                    A:55 X:08 Y:02 P:05 SP:FD CPU Cycle:423304902
CFD7 $D0 $FB       BNE $CFD4 = $38             A:54 X:08 Y:02 P:05 SP:FD CPU Cycle:423304904
CFD4 $38           SEC                         A:54 X:08 Y:02 P:05 SP:FD CPU Cycle:423304907
CFD5 $E9 $01       SBC #$01                    A:54 X:08 Y:02 P:05 SP:FD CPU Cycle:423304909
CFD7 $D0 $FB       BNE $CFD4 = $38             A:53 X:08 Y:02 P:05 SP:FD CPU Cycle:423304911
CFD4 $38           SEC                         A:53 X:08 Y:02 P:05 SP:FD CPU Cycle:423304914
CFD5 $E9 $01       SBC #$01                    A:53 X:08 Y:02 P:05 SP:FD CPU Cycle:423304916
CFD7 $D0 $FB       BNE $CFD4 = $38             A:52 X:08 Y:02 P:05 SP:FD CPU Cycle:423304918
CFD4 $38           SEC                         A:52 X:08 Y:02 P:05 SP:FD CPU Cycle:423304921
CFD5 $E9 $01       SBC #$01                    A:52 X:08 Y:02 P:05 SP:FD CPU Cycle:423304923
CFD7 $D0 $FB       BNE $CFD4 = $38             A:51 X:08 Y:02 P:05 SP:FD CPU Cycle:423304925
CFD4 $38           SEC                         A:51 X:08 Y:02 P:05 SP:FD CPU Cycle:423304928
CFD5 $E9 $01       SBC #$01                    A:51 X:08 Y:02 P:05 SP:FD CPU Cycle:423304930
CFD7 $D0 $FB       BNE $CFD4 = $38             A:50 X:08 Y:02 P:05 SP:FD CPU Cycle:423304932
CFD4 $38           SEC                         A:50 X:08 Y:02 P:05 SP:FD CPU Cycle:423304935
CFD5 $E9 $01       SBC #$01                    A:50 X:08 Y:02 P:05 SP:FD CPU Cycle:423304937
CFD7 $D0 $FB       BNE $CFD4 = $38             A:4F X:08 Y:02 P:05 SP:FD CPU Cycle:423304939
CFD4 $38           SEC                         A:4F X:08 Y:02 P:05 SP:FD CPU Cycle:423304942
CFD5 $E9 $01       SBC #$01                    A:4F X:08 Y:02 P:05 SP:FD CPU Cycle:423304944
CFD7 $D0 $FB       BNE $CFD4 = $38             A:4E X:08 Y:02 P:05 SP:FD CPU Cycle:423304946
CFD4 $38           SEC                         A:4E X:08 Y:02 P:05 SP:FD CPU Cycle:423304949
CFD5 $E9 $01       SBC #$01                    A:4E X:08 Y:02 P:05 SP:FD CPU Cycle:423304951
CFD7 $D0 $FB       BNE $CFD4 = $38             A:4D X:08 Y:02 P:05 SP:FD CPU Cycle:423304953
CFD4 $38           SEC                         A:4D X:08 Y:02 P:05 SP:FD CPU Cycle:423304956
CFD5 $E9 $01       SBC #$01                    A:4D X:08 Y:02 P:05 SP:FD CPU Cycle:423304958
CFD7 $D0 $FB       BNE $CFD4 = $38             A:4C X:08 Y:02 P:05 SP:FD CPU Cycle:423304960
CFD4 $38           SEC                         A:4C X:08 Y:02 P:05 SP:FD CPU Cycle:423304963
CFD5 $E9 $01       SBC #$01                    A:4C X:08 Y:02 P:05 SP:FD CPU Cycle:423304965
CFD7 $D0 $FB       BNE $CFD4 = $38             A:4B X:08 Y:02 P:05 SP:FD CPU Cycle:423304967
CFD4 $38           SEC                         A:4B X:08 Y:02 P:05 SP:FD CPU Cycle:423304970
CFD5 $E9 $01       SBC #$01                    A:4B X:08 Y:02 P:05 SP:FD CPU Cycle:423304972
CFD7 $D0 $FB       BNE $CFD4 = $38             A:4A X:08 Y:02 P:05 SP:FD CPU Cycle:423304974
CFD4 $38           SEC                         A:4A X:08 Y:02 P:05 SP:FD CPU Cycle:423304977
CFD5 $E9 $01       SBC #$01                    A:4A X:08 Y:02 P:05 SP:FD CPU Cycle:423304979
CFD7 $D0 $FB       BNE $CFD4 = $38             A:49 X:08 Y:02 P:05 SP:FD CPU Cycle:423304981
CFD4 $38           SEC                         A:49 X:08 Y:02 P:05 SP:FD CPU Cycle:423304984
CFD5 $E9 $01       SBC #$01                    A:49 X:08 Y:02 P:05 SP:FD CPU Cycle:423304986
CFD7 $D0 $FB       BNE $CFD4 = $38             A:48 X:08 Y:02 P:05 SP:FD CPU Cycle:423304988
CFD4 $38           SEC                         A:48 X:08 Y:02 P:05 SP:FD CPU Cycle:423304991
CFD5 $E9 $01       SBC #$01                    A:48 X:08 Y:02 P:05 SP:FD CPU Cycle:423304993
CFD7 $D0 $FB       BNE $CFD4 = $38             A:47 X:08 Y:02 P:05 SP:FD CPU Cycle:423304995
CFD4 $38           SEC                         A:47 X:08 Y:02 P:05 SP:FD CPU Cycle:423304998
CFD5 $E9 $01       SBC #$01                    A:47 X:08 Y:02 P:05 SP:FD CPU Cycle:423305000
CFD7 $D0 $FB       BNE $CFD4 = $38             A:46 X:08 Y:02 P:05 SP:FD CPU Cycle:423305002
CFD4 $38           SEC                         A:46 X:08 Y:02 P:05 SP:FD CPU Cycle:423305005
CFD5 $E9 $01       SBC #$01                    A:46 X:08 Y:02 P:05 SP:FD CPU Cycle:423305007
CFD7 $D0 $FB       BNE $CFD4 = $38             A:45 X:08 Y:02 P:05 SP:FD CPU Cycle:423305009
CFD4 $38           SEC                         A:45 X:08 Y:02 P:05 SP:FD CPU Cycle:423305012
CFD5 $E9 $01       SBC #$01                    A:45 X:08 Y:02 P:05 SP:FD CPU Cycle:423305014
CFD7 $D0 $FB       BNE $CFD4 = $38             A:44 X:08 Y:02 P:05 SP:FD CPU Cycle:423305016
CFD4 $38           SEC                         A:44 X:08 Y:02 P:05 SP:FD CPU Cycle:423305019
CFD5 $E9 $01       SBC #$01                    A:44 X:08 Y:02 P:05 SP:FD CPU Cycle:423305021
CFD7 $D0 $FB       BNE $CFD4 = $38             A:43 X:08 Y:02 P:05 SP:FD CPU Cycle:423305023
CFD4 $38           SEC                         A:43 X:08 Y:02 P:05 SP:FD CPU Cycle:423305026
CFD5 $E9 $01       SBC #$01                    A:43 X:08 Y:02 P:05 SP:FD CPU Cycle:423305028
CFD7 $D0 $FB       BNE $CFD4 = $38             A:42 X:08 Y:02 P:05 SP:FD CPU Cycle:423305030
CFD4 $38           SEC                         A:42 X:08 Y:02 P:05 SP:FD CPU Cycle:423305033
CFD5 $E9 $01       SBC #$01                    A:42 X:08 Y:02 P:05 SP:FD CPU Cycle:423305035
CFD7 $D0 $FB       BNE $CFD4 = $38             A:41 X:08 Y:02 P:05 SP:FD CPU Cycle:423305037
CFD4 $38           SEC                         A:41 X:08 Y:02 P:05 SP:FD CPU Cycle:423305040
CFD5 $E9 $01       SBC #$01                    A:41 X:08 Y:02 P:05 SP:FD CPU Cycle:423305042
CFD7 $D0 $FB       BNE $CFD4 = $38             A:40 X:08 Y:02 P:05 SP:FD CPU Cycle:423305044
CFD4 $38           SEC                         A:40 X:08 Y:02 P:05 SP:FD CPU Cycle:423305047
CFD5 $E9 $01       SBC #$01                    A:40 X:08 Y:02 P:05 SP:FD CPU Cycle:423305049
CFD7 $D0 $FB       BNE $CFD4 = $38             A:3F X:08 Y:02 P:05 SP:FD CPU Cycle:423305051
CFD4 $38           SEC                         A:3F X:08 Y:02 P:05 SP:FD CPU Cycle:423305054
CFD5 $E9 $01       SBC #$01                    A:3F X:08 Y:02 P:05 SP:FD CPU Cycle:423305056
CFD7 $D0 $FB       BNE $CFD4 = $38             A:3E X:08 Y:02 P:05 SP:FD CPU Cycle:423305058
CFD4 $38           SEC                         A:3E X:08 Y:02 P:05 SP:FD CPU Cycle:423305061
CFD5 $E9 $01       SBC #$01                    A:3E X:08 Y:02 P:05 SP:FD CPU Cycle:423305063
CFD7 $D0 $FB       BNE $CFD4 = $38             A:3D X:08 Y:02 P:05 SP:FD CPU Cycle:423305065
CFD4 $38           SEC                         A:3D X:08 Y:02 P:05 SP:FD CPU Cycle:423305068
CFD5 $E9 $01       SBC #$01                    A:3D X:08 Y:02 P:05 SP:FD CPU Cycle:423305070
CFD7 $D0 $FB       BNE $CFD4 = $38             A:3C X:08 Y:02 P:05 SP:FD CPU Cycle:423305072
CFD4 $38           SEC                         A:3C X:08 Y:02 P:05 SP:FD CPU Cycle:423305075
CFD5 $E9 $01       SBC #$01                    A:3C X:08 Y:02 P:05 SP:FD CPU Cycle:423305077
CFD7 $D0 $FB       BNE $CFD4 = $38             A:3B X:08 Y:02 P:05 SP:FD CPU Cycle:423305079
CFD4 $38           SEC                         A:3B X:08 Y:02 P:05 SP:FD CPU Cycle:423305082
CFD5 $E9 $01       SBC #$01                    A:3B X:08 Y:02 P:05 SP:FD CPU Cycle:423305084
CFD7 $D0 $FB       BNE $CFD4 = $38             A:3A X:08 Y:02 P:05 SP:FD CPU Cycle:423305086
CFD4 $38           SEC                         A:3A X:08 Y:02 P:05 SP:FD CPU Cycle:423305089
CFD5 $E9 $01       SBC #$01                    A:3A X:08 Y:02 P:05 SP:FD CPU Cycle:423305091
CFD7 $D0 $FB       BNE $CFD4 = $38             A:39 X:08 Y:02 P:05 SP:FD CPU Cycle:423305093
CFD4 $38           SEC                         A:39 X:08 Y:02 P:05 SP:FD CPU Cycle:423305096
CFD5 $E9 $01       SBC #$01                    A:39 X:08 Y:02 P:05 SP:FD CPU Cycle:423305098
CFD7 $D0 $FB       BNE $CFD4 = $38             A:38 X:08 Y:02 P:05 SP:FD CPU Cycle:423305100
CFD4 $38           SEC                         A:38 X:08 Y:02 P:05 SP:FD CPU Cycle:423305103
CFD5 $E9 $01       SBC #$01                    A:38 X:08 Y:02 P:05 SP:FD CPU Cycle:423305105
CFD7 $D0 $FB       BNE $CFD4 = $38             A:37 X:08 Y:02 P:05 SP:FD CPU Cycle:423305107
CFD4 $38           SEC                         A:37 X:08 Y:02 P:05 SP:FD CPU Cycle:423305110
CFD5 $E9 $01       SBC #$01                    A:37 X:08 Y:02 P:05 SP:FD CPU Cycle:423305112
CFD7 $D0 $FB       BNE $CFD4 = $38             A:36 X:08 Y:02 P:05 SP:FD CPU Cycle:423305114
CFD4 $38           SEC                         A:36 X:08 Y:02 P:05 SP:FD CPU Cycle:423305117
CFD5 $E9 $01       SBC #$01                    A:36 X:08 Y:02 P:05 SP:FD CPU Cycle:423305119
CFD7 $D0 $FB       BNE $CFD4 = $38             A:35 X:08 Y:02 P:05 SP:FD CPU Cycle:423305121
CFD4 $38           SEC                         A:35 X:08 Y:02 P:05 SP:FD CPU Cycle:423305124
CFD5 $E9 $01       SBC #$01                    A:35 X:08 Y:02 P:05 SP:FD CPU Cycle:423305126
CFD7 $D0 $FB       BNE $CFD4 = $38             A:34 X:08 Y:02 P:05 SP:FD CPU Cycle:423305128
CFD4 $38           SEC                         A:34 X:08 Y:02 P:05 SP:FD CPU Cycle:423305131
CFD5 $E9 $01       SBC #$01                    A:34 X:08 Y:02 P:05 SP:FD CPU Cycle:423305133
CFD7 $D0 $FB       BNE $CFD4 = $38             A:33 X:08 Y:02 P:05 SP:FD CPU Cycle:423305135
CFD4 $38           SEC                         A:33 X:08 Y:02 P:05 SP:FD CPU Cycle:423305138
CFD5 $E9 $01       SBC #$01                    A:33 X:08 Y:02 P:05 SP:FD CPU Cycle:423305140
CFD7 $D0 $FB       BNE $CFD4 = $38             A:32 X:08 Y:02 P:05 SP:FD CPU Cycle:423305142
CFD4 $38           SEC                         A:32 X:08 Y:02 P:05 SP:FD CPU Cycle:423305145
CFD5 $E9 $01       SBC #$01                    A:32 X:08 Y:02 P:05 SP:FD CPU Cycle:423305147
CFD7 $D0 $FB       BNE $CFD4 = $38             A:31 X:08 Y:02 P:05 SP:FD CPU Cycle:423305149
CFD4 $38           SEC                         A:31 X:08 Y:02 P:05 SP:FD CPU Cycle:423305152
CFD5 $E9 $01       SBC #$01                    A:31 X:08 Y:02 P:05 SP:FD CPU Cycle:423305154
CFD7 $D0 $FB       BNE $CFD4 = $38             A:30 X:08 Y:02 P:05 SP:FD CPU Cycle:423305156
CFD4 $38           SEC                         A:30 X:08 Y:02 P:05 SP:FD CPU Cycle:423305159
CFD5 $E9 $01       SBC #$01                    A:30 X:08 Y:02 P:05 SP:FD CPU Cycle:423305161
CFD7 $D0 $FB       BNE $CFD4 = $38             A:2F X:08 Y:02 P:05 SP:FD CPU Cycle:423305163
CFD4 $38           SEC                         A:2F X:08 Y:02 P:05 SP:FD CPU Cycle:423305166
CFD5 $E9 $01       SBC #$01                    A:2F X:08 Y:02 P:05 SP:FD CPU Cycle:423305168
CFD7 $D0 $FB       BNE $CFD4 = $38             A:2E X:08 Y:02 P:05 SP:FD CPU Cycle:423305170
CFD4 $38           SEC                         A:2E X:08 Y:02 P:05 SP:FD CPU Cycle:423305173
CFD5 $E9 $01       SBC #$01                    A:2E X:08 Y:02 P:05 SP:FD CPU Cycle:423305175
CFD7 $D0 $FB       BNE $CFD4 = $38             A:2D X:08 Y:02 P:05 SP:FD CPU Cycle:423305177
CFD4 $38           SEC                         A:2D X:08 Y:02 P:05 SP:FD CPU Cycle:423305180
CFD5 $E9 $01       SBC #$01                    A:2D X:08 Y:02 P:05 SP:FD CPU Cycle:423305182
CFD7 $D0 $FB       BNE $CFD4 = $38             A:2C X:08 Y:02 P:05 SP:FD CPU Cycle:423305184
CFD4 $38           SEC                         A:2C X:08 Y:02 P:05 SP:FD CPU Cycle:423305187
CFD5 $E9 $01       SBC #$01                    A:2C X:08 Y:02 P:05 SP:FD CPU Cycle:423305189
CFD7 $D0 $FB       BNE $CFD4 = $38             A:2B X:08 Y:02 P:05 SP:FD CPU Cycle:423305191
CFD4 $38           SEC                         A:2B X:08 Y:02 P:05 SP:FD CPU Cycle:423305194
CFD5 $E9 $01       SBC #$01                    A:2B X:08 Y:02 P:05 SP:FD CPU Cycle:423305196
CFD7 $D0 $FB       BNE $CFD4 = $38             A:2A X:08 Y:02 P:05 SP:FD CPU Cycle:423305198
CFD4 $38           SEC                         A:2A X:08 Y:02 P:05 SP:FD CPU Cycle:423305201
CFD5 $E9 $01       SBC #$01                    A:2A X:08 Y:02 P:05 SP:FD CPU Cycle:423305203
CFD7 $D0 $FB       BNE $CFD4 = $38             A:29 X:08 Y:02 P:05 SP:FD CPU Cycle:423305205
CFD4 $38           SEC                         A:29 X:08 Y:02 P:05 SP:FD CPU Cycle:423305208
CFD5 $E9 $01       SBC #$01                    A:29 X:08 Y:02 P:05 SP:FD CPU Cycle:423305210
CFD7 $D0 $FB       BNE $CFD4 = $38             A:28 X:08 Y:02 P:05 SP:FD CPU Cycle:423305212
CFD4 $38           SEC                         A:28 X:08 Y:02 P:05 SP:FD CPU Cycle:423305215
CFD5 $E9 $01       SBC #$01                    A:28 X:08 Y:02 P:05 SP:FD CPU Cycle:423305217
CFD7 $D0 $FB       BNE $CFD4 = $38             A:27 X:08 Y:02 P:05 SP:FD CPU Cycle:423305219
CFD4 $38           SEC                         A:27 X:08 Y:02 P:05 SP:FD CPU Cycle:423305222
CFD5 $E9 $01       SBC #$01                    A:27 X:08 Y:02 P:05 SP:FD CPU Cycle:423305224
CFD7 $D0 $FB       BNE $CFD4 = $38             A:26 X:08 Y:02 P:05 SP:FD CPU Cycle:423305226
CFD4 $38           SEC                         A:26 X:08 Y:02 P:05 SP:FD CPU Cycle:423305229
CFD5 $E9 $01       SBC #$01                    A:26 X:08 Y:02 P:05 SP:FD CPU Cycle:423305231
CFD7 $D0 $FB       BNE $CFD4 = $38             A:25 X:08 Y:02 P:05 SP:FD CPU Cycle:423305233
CFD4 $38           SEC                         A:25 X:08 Y:02 P:05 SP:FD CPU Cycle:423305236
CFD5 $E9 $01       SBC #$01                    A:25 X:08 Y:02 P:05 SP:FD CPU Cycle:423305238
CFD7 $D0 $FB       BNE $CFD4 = $38             A:24 X:08 Y:02 P:05 SP:FD CPU Cycle:423305240
CFD4 $38           SEC                         A:24 X:08 Y:02 P:05 SP:FD CPU Cycle:423305243
CFD5 $E9 $01       SBC #$01                    A:24 X:08 Y:02 P:05 SP:FD CPU Cycle:423305245
CFD7 $D0 $FB       BNE $CFD4 = $38             A:23 X:08 Y:02 P:05 SP:FD CPU Cycle:423305247
CFD4 $38           SEC                         A:23 X:08 Y:02 P:05 SP:FD CPU Cycle:423305250
CFD5 $E9 $01       SBC #$01                    A:23 X:08 Y:02 P:05 SP:FD CPU Cycle:423305252
CFD7 $D0 $FB       BNE $CFD4 = $38             A:22 X:08 Y:02 P:05 SP:FD CPU Cycle:423305254
CFD4 $38           SEC                         A:22 X:08 Y:02 P:05 SP:FD CPU Cycle:423305257
CFD5 $E9 $01       SBC #$01                    A:22 X:08 Y:02 P:05 SP:FD CPU Cycle:423305259
CFD7 $D0 $FB       BNE $CFD4 = $38             A:21 X:08 Y:02 P:05 SP:FD CPU Cycle:423305261
CFD4 $38           SEC                         A:21 X:08 Y:02 P:05 SP:FD CPU Cycle:423305264
CFD5 $E9 $01       SBC #$01                    A:21 X:08 Y:02 P:05 SP:FD CPU Cycle:423305266
CFD7 $D0 $FB       BNE $CFD4 = $38             A:20 X:08 Y:02 P:05 SP:FD CPU Cycle:423305268
CFD4 $38           SEC                         A:20 X:08 Y:02 P:05 SP:FD CPU Cycle:423305271
CFD5 $E9 $01       SBC #$01                    A:20 X:08 Y:02 P:05 SP:FD CPU Cycle:423305273
CFD7 $D0 $FB       BNE $CFD4 = $38             A:1F X:08 Y:02 P:05 SP:FD CPU Cycle:423305275
CFD4 $38           SEC                         A:1F X:08 Y:02 P:05 SP:FD CPU Cycle:423305278
CFD5 $E9 $01       SBC #$01                    A:1F X:08 Y:02 P:05 SP:FD CPU Cycle:423305280
CFD7 $D0 $FB       BNE $CFD4 = $38             A:1E X:08 Y:02 P:05 SP:FD CPU Cycle:423305282
CFD4 $38           SEC                         A:1E X:08 Y:02 P:05 SP:FD CPU Cycle:423305285
CFD5 $E9 $01       SBC #$01                    A:1E X:08 Y:02 P:05 SP:FD CPU Cycle:423305287
CFD7 $D0 $FB       BNE $CFD4 = $38             A:1D X:08 Y:02 P:05 SP:FD CPU Cycle:423305289
CFD4 $38           SEC                         A:1D X:08 Y:02 P:05 SP:FD CPU Cycle:423305292
CFD5 $E9 $01       SBC #$01                    A:1D X:08 Y:02 P:05 SP:FD CPU Cycle:423305294
CFD7 $D0 $FB       BNE $CFD4 = $38             A:1C X:08 Y:02 P:05 SP:FD CPU Cycle:423305296
CFD4 $38           SEC                         A:1C X:08 Y:02 P:05 SP:FD CPU Cycle:423305299
CFD5 $E9 $01       SBC #$01                    A:1C X:08 Y:02 P:05 SP:FD CPU Cycle:423305301
CFD7 $D0 $FB       BNE $CFD4 = $38             A:1B X:08 Y:02 P:05 SP:FD CPU Cycle:423305303
CFD4 $38           SEC                         A:1B X:08 Y:02 P:05 SP:FD CPU Cycle:423305306
CFD5 $E9 $01       SBC #$01                    A:1B X:08 Y:02 P:05 SP:FD CPU Cycle:423305308
CFD7 $D0 $FB       BNE $CFD4 = $38             A:1A X:08 Y:02 P:05 SP:FD CPU Cycle:423305310
CFD4 $38           SEC                         A:1A X:08 Y:02 P:05 SP:FD CPU Cycle:423305313
CFD5 $E9 $01       SBC #$01                    A:1A X:08 Y:02 P:05 SP:FD CPU Cycle:423305315
CFD7 $D0 $FB       BNE $CFD4 = $38             A:19 X:08 Y:02 P:05 SP:FD CPU Cycle:423305317
CFD4 $38           SEC                         A:19 X:08 Y:02 P:05 SP:FD CPU Cycle:423305320
CFD5 $E9 $01       SBC #$01                    A:19 X:08 Y:02 P:05 SP:FD CPU Cycle:423305322
CFD7 $D0 $FB       BNE $CFD4 = $38             A:18 X:08 Y:02 P:05 SP:FD CPU Cycle:423305324
CFD4 $38           SEC                         A:18 X:08 Y:02 P:05 SP:FD CPU Cycle:423305327
CFD5 $E9 $01       SBC #$01                    A:18 X:08 Y:02 P:05 SP:FD CPU Cycle:423305329
CFD7 $D0 $FB       BNE $CFD4 = $38             A:17 X:08 Y:02 P:05 SP:FD CPU Cycle:423305331
CFD4 $38           SEC                         A:17 X:08 Y:02 P:05 SP:FD CPU Cycle:423305334
CFD5 $E9 $01       SBC #$01                    A:17 X:08 Y:02 P:05 SP:FD CPU Cycle:423305336
CFD7 $D0 $FB       BNE $CFD4 = $38             A:16 X:08 Y:02 P:05 SP:FD CPU Cycle:423305338
CFD4 $38           SEC                         A:16 X:08 Y:02 P:05 SP:FD CPU Cycle:423305341
CFD5 $E9 $01       SBC #$01                    A:16 X:08 Y:02 P:05 SP:FD CPU Cycle:423305343
CFD7 $D0 $FB       BNE $CFD4 = $38             A:15 X:08 Y:02 P:05 SP:FD CPU Cycle:423305345
CFD4 $38           SEC                         A:15 X:08 Y:02 P:05 SP:FD CPU Cycle:423305348
CFD5 $E9 $01       SBC #$01                    A:15 X:08 Y:02 P:05 SP:FD CPU Cycle:423305350
CFD7 $D0 $FB       BNE $CFD4 = $38             A:14 X:08 Y:02 P:05 SP:FD CPU Cycle:423305352
CFD4 $38           SEC                         A:14 X:08 Y:02 P:05 SP:FD CPU Cycle:423305355
CFD5 $E9 $01       SBC #$01                    A:14 X:08 Y:02 P:05 SP:FD CPU Cycle:423305357
CFD7 $D0 $FB       BNE $CFD4 = $38             A:13 X:08 Y:02 P:05 SP:FD CPU Cycle:423305359
CFD4 $38           SEC                         A:13 X:08 Y:02 P:05 SP:FD CPU Cycle:423305362
CFD5 $E9 $01       SBC #$01                    A:13 X:08 Y:02 P:05 SP:FD CPU Cycle:423305364
CFD7 $D0 $FB       BNE $CFD4 = $38             A:12 X:08 Y:02 P:05 SP:FD CPU Cycle:423305366
CFD4 $38           SEC                         A:12 X:08 Y:02 P:05 SP:FD CPU Cycle:423305369
CFD5 $E9 $01       SBC #$01                    A:12 X:08 Y:02 P:05 SP:FD CPU Cycle:423305371
CFD7 $D0 $FB       BNE $CFD4 = $38             A:11 X:08 Y:02 P:05 SP:FD CPU Cycle:423305373
CFD4 $38           SEC                         A:11 X:08 Y:02 P:05 SP:FD CPU Cycle:423305376
CFD5 $E9 $01       SBC #$01                    A:11 X:08 Y:02 P:05 SP:FD CPU Cycle:423305378
CFD7 $D0 $FB       BNE $CFD4 = $38             A:10 X:08 Y:02 P:05 SP:FD CPU Cycle:423305380
CFD4 $38           SEC                         A:10 X:08 Y:02 P:05 SP:FD CPU Cycle:423305383
CFD5 $E9 $01       SBC #$01                    A:10 X:08 Y:02 P:05 SP:FD CPU Cycle:423305385
CFD7 $D0 $FB       BNE $CFD4 = $38             A:0F X:08 Y:02 P:05 SP:FD CPU Cycle:423305387
CFD4 $38           SEC                         A:0F X:08 Y:02 P:05 SP:FD CPU Cycle:423305390
CFD5 $E9 $01       SBC #$01                    A:0F X:08 Y:02 P:05 SP:FD CPU Cycle:423305392
CFD7 $D0 $FB       BNE $CFD4 = $38             A:0E X:08 Y:02 P:05 SP:FD CPU Cycle:423305394
CFD4 $38           SEC                         A:0E X:08 Y:02 P:05 SP:FD CPU Cycle:423305397
CFD5 $E9 $01       SBC #$01                    A:0E X:08 Y:02 P:05 SP:FD CPU Cycle:423305399
CFD7 $D0 $FB       BNE $CFD4 = $38             A:0D X:08 Y:02 P:05 SP:FD CPU Cycle:423305401
CFD4 $38           SEC                         A:0D X:08 Y:02 P:05 SP:FD CPU Cycle:423305404
CFD5 $E9 $01       SBC #$01                    A:0D X:08 Y:02 P:05 SP:FD CPU Cycle:423305406
CFD7 $D0 $FB       BNE $CFD4 = $38             A:0C X:08 Y:02 P:05 SP:FD CPU Cycle:423305408
CFD4 $38           SEC                         A:0C X:08 Y:02 P:05 SP:FD CPU Cycle:423305411
CFD5 $E9 $01       SBC #$01                    A:0C X:08 Y:02 P:05 SP:FD CPU Cycle:423305413
CFD7 $D0 $FB       BNE $CFD4 = $38             A:0B X:08 Y:02 P:05 SP:FD CPU Cycle:423305415
CFD4 $38           SEC                         A:0B X:08 Y:02 P:05 SP:FD CPU Cycle:423305418
CFD5 $E9 $01       SBC #$01                    A:0B X:08 Y:02 P:05 SP:FD CPU Cycle:423305420
CFD7 $D0 $FB       BNE $CFD4 = $38             A:0A X:08 Y:02 P:05 SP:FD CPU Cycle:423305422
CFD4 $38           SEC                         A:0A X:08 Y:02 P:05 SP:FD CPU Cycle:423305425
CFD5 $E9 $01       SBC #$01                    A:0A X:08 Y:02 P:05 SP:FD CPU Cycle:423305427
CFD7 $D0 $FB       BNE $CFD4 = $38             A:09 X:08 Y:02 P:05 SP:FD CPU Cycle:423305429
CFD4 $38           SEC                         A:09 X:08 Y:02 P:05 SP:FD CPU Cycle:423305432
CFD5 $E9 $01       SBC #$01                    A:09 X:08 Y:02 P:05 SP:FD CPU Cycle:423305434
CFD7 $D0 $FB       BNE $CFD4 = $38             A:08 X:08 Y:02 P:05 SP:FD CPU Cycle:423305436
CFD4 $38           SEC                         A:08 X:08 Y:02 P:05 SP:FD CPU Cycle:423305439
CFD5 $E9 $01       SBC #$01                    A:08 X:08 Y:02 P:05 SP:FD CPU Cycle:423305441
CFD7 $D0 $FB       BNE $CFD4 = $38             A:07 X:08 Y:02 P:05 SP:FD CPU Cycle:423305443
CFD4 $38           SEC                         A:07 X:08 Y:02 P:05 SP:FD CPU Cycle:423305446
CFD5 $E9 $01       SBC #$01                    A:07 X:08 Y:02 P:05 SP:FD CPU Cycle:423305448
CFD7 $D0 $FB       BNE $CFD4 = $38             A:06 X:08 Y:02 P:05 SP:FD CPU Cycle:423305450
CFD4 $38           SEC                         A:06 X:08 Y:02 P:05 SP:FD CPU Cycle:423305453
CFD5 $E9 $01       SBC #$01                    A:06 X:08 Y:02 P:05 SP:FD CPU Cycle:423305455
CFD7 $D0 $FB       BNE $CFD4 = $38             A:05 X:08 Y:02 P:05 SP:FD CPU Cycle:423305457
CFD4 $38           SEC                         A:05 X:08 Y:02 P:05 SP:FD CPU Cycle:423305460
CFD5 $E9 $01       SBC #$01                    A:05 X:08 Y:02 P:05 SP:FD CPU Cycle:423305462
CFD7 $D0 $FB       BNE $CFD4 = $38             A:04 X:08 Y:02 P:05 SP:FD CPU Cycle:423305464
CFD4 $38           SEC                         A:04 X:08 Y:02 P:05 SP:FD CPU Cycle:423305467
CFD5 $E9 $01       SBC #$01                    A:04 X:08 Y:02 P:05 SP:FD CPU Cycle:423305469
CFD7 $D0 $FB       BNE $CFD4 = $38             A:03 X:08 Y:02 P:05 SP:FD CPU Cycle:423305471
CFD4 $38           SEC                         A:03 X:08 Y:02 P:05 SP:FD CPU Cycle:423305474
CFD5 $E9 $01       SBC #$01                    A:03 X:08 Y:02 P:05 SP:FD CPU Cycle:423305476
CFD7 $D0 $FB       BNE $CFD4 = $38             A:02 X:08 Y:02 P:05 SP:FD CPU Cycle:423305478
CFD4 $38           SEC                         A:02 X:08 Y:02 P:05 SP:FD CPU Cycle:423305481
CFD5 $E9 $01       SBC #$01                    A:02 X:08 Y:02 P:05 SP:FD CPU Cycle:423305483
CFD7 $D0 $FB       BNE $CFD4 = $38             A:01 X:08 Y:02 P:05 SP:FD CPU Cycle:423305485
CFD4 $38           SEC                         A:01 X:08 Y:02 P:05 SP:FD CPU Cycle:423305488
CFD5 $E9 $01       SBC #$01                    A:01 X:08 Y:02 P:05 SP:FD CPU Cycle:423305490
CFD7 $D0 $FB       BNE $CFD4 = $38             A:00 X:08 Y:02 P:07 SP:FD CPU Cycle:423305492
CFD9 $CA           DEX                         A:00 X:08 Y:02 P:07 SP:FD CPU Cycle:423305494
CFDA $D0 $F8       BNE $CFD4 = $38             A:00 X:07 Y:02 P:05 SP:FD CPU Cycle:423305496
CFD4 $38           SEC                         A:00 X:07 Y:02 P:05 SP:FD CPU Cycle:423305499
CFD5 $E9 $01       SBC #$01                    A:00 X:07 Y:02 P:05 SP:FD CPU Cycle:423305501
CFD7 $D0 $FB       BNE $CFD4 = $38             A:FF X:07 Y:02 P:84 SP:FD CPU Cycle:423305503
CFD4 $38           SEC                         A:FF X:07 Y:02 P:84 SP:FD CPU Cycle:423305506
CFD5 $E9 $01       SBC #$01                    A:FF X:07 Y:02 P:85 SP:FD CPU Cycle:423305508
CFD7 $D0 $FB       BNE $CFD4 = $38             A:FE X:07 Y:02 P:85 SP:FD CPU Cycle:423305510
CFD4 $38           SEC                         A:FE X:07 Y:02 P:85 SP:FD CPU Cycle:423305513
CFD5 $E9 $01       SBC #$01                    A:FE X:07 Y:02 P:85 SP:FD CPU Cycle:423305515
CFD7 $D0 $FB       BNE $CFD4 = $38             A:FD X:07 Y:02 P:85 SP:FD CPU Cycle:423305517
CFD4 $38           SEC                         A:FD X:07 Y:02 P:85 SP:FD CPU Cycle:423305520
CFD5 $E9 $01       SBC #$01                    A:FD X:07 Y:02 P:85 SP:FD CPU Cycle:423305522
CFD7 $D0 $FB       BNE $CFD4 = $38             A:FC X:07 Y:02 P:85 SP:FD CPU Cycle:423305524
CFD4 $38           SEC                         A:FC X:07 Y:02 P:85 SP:FD CPU Cycle:423305527
CFD5 $E9 $01       SBC #$01                    A:FC X:07 Y:02 P:85 SP:FD CPU Cycle:423305529
CFD7 $D0 $FB       BNE $CFD4 = $38             A:FB X:07 Y:02 P:85 SP:FD CPU Cycle:423305531
CFD4 $38           SEC                         A:FB X:07 Y:02 P:85 SP:FD CPU Cycle:423305534
CFD5 $E9 $01       SBC #$01                    A:FB X:07 Y:02 P:85 SP:FD CPU Cycle:423305536
CFD7 $D0 $FB       BNE $CFD4 = $38             A:FA X:07 Y:02 P:85 SP:FD CPU Cycle:423305538
CFD4 $38           SEC                         A:FA X:07 Y:02 P:85 SP:FD CPU Cycle:423305541
CFD5 $E9 $01       SBC #$01                    A:FA X:07 Y:02 P:85 SP:FD CPU Cycle:423305543
CFD7 $D0 $FB       BNE $CFD4 = $38             A:F9 X:07 Y:02 P:85 SP:FD CPU Cycle:423305545
CFD4 $38           SEC                         A:F9 X:07 Y:02 P:85 SP:FD CPU Cycle:423305548
CFD5 $E9 $01       SBC #$01                    A:F9 X:07 Y:02 P:85 SP:FD CPU Cycle:423305550
CFD7 $D0 $FB       BNE $CFD4 = $38             A:F8 X:07 Y:02 P:85 SP:FD CPU Cycle:423305552
CFD4 $38           SEC                         A:F8 X:07 Y:02 P:85 SP:FD CPU Cycle:423305555
CFD5 $E9 $01       SBC #$01                    A:F8 X:07 Y:02 P:85 SP:FD CPU Cycle:423305557
CFD7 $D0 $FB       BNE $CFD4 = $38             A:F7 X:07 Y:02 P:85 SP:FD CPU Cycle:423305559
CFD4 $38           SEC                         A:F7 X:07 Y:02 P:85 SP:FD CPU Cycle:423305562
CFD5 $E9 $01       SBC #$01                    A:F7 X:07 Y:02 P:85 SP:FD CPU Cycle:423305564
CFD7 $D0 $FB       BNE $CFD4 = $38             A:F6 X:07 Y:02 P:85 SP:FD CPU Cycle:423305566
CFD4 $38           SEC                         A:F6 X:07 Y:02 P:85 SP:FD CPU Cycle:423305569
CFD5 $E9 $01       SBC #$01                    A:F6 X:07 Y:02 P:85 SP:FD CPU Cycle:423305571
CFD7 $D0 $FB       BNE $CFD4 = $38             A:F5 X:07 Y:02 P:85 SP:FD CPU Cycle:423305573
CFD4 $38           SEC                         A:F5 X:07 Y:02 P:85 SP:FD CPU Cycle:423305576
CFD5 $E9 $01       SBC #$01                    A:F5 X:07 Y:02 P:85 SP:FD CPU Cycle:423305578
CFD7 $D0 $FB       BNE $CFD4 = $38             A:F4 X:07 Y:02 P:85 SP:FD CPU Cycle:423305580
CFD4 $38           SEC                         A:F4 X:07 Y:02 P:85 SP:FD CPU Cycle:423305583
CFD5 $E9 $01       SBC #$01                    A:F4 X:07 Y:02 P:85 SP:FD CPU Cycle:423305585
CFD7 $D0 $FB       BNE $CFD4 = $38             A:F3 X:07 Y:02 P:85 SP:FD CPU Cycle:423305587
CFD4 $38           SEC                         A:F3 X:07 Y:02 P:85 SP:FD CPU Cycle:423305590
CFD5 $E9 $01       SBC #$01                    A:F3 X:07 Y:02 P:85 SP:FD CPU Cycle:423305592
CFD7 $D0 $FB       BNE $CFD4 = $38             A:F2 X:07 Y:02 P:85 SP:FD CPU Cycle:423305594
CFD4 $38           SEC                         A:F2 X:07 Y:02 P:85 SP:FD CPU Cycle:423305597
CFD5 $E9 $01       SBC #$01                    A:F2 X:07 Y:02 P:85 SP:FD CPU Cycle:423305599
CFD7 $D0 $FB       BNE $CFD4 = $38             A:F1 X:07 Y:02 P:85 SP:FD CPU Cycle:423305601
CFD4 $38           SEC                         A:F1 X:07 Y:02 P:85 SP:FD CPU Cycle:423305604
CFD5 $E9 $01       SBC #$01                    A:F1 X:07 Y:02 P:85 SP:FD CPU Cycle:423305606
CFD7 $D0 $FB       BNE $CFD4 = $38             A:F0 X:07 Y:02 P:85 SP:FD CPU Cycle:423305608
CFD4 $38           SEC                         A:F0 X:07 Y:02 P:85 SP:FD CPU Cycle:423305611
CFD5 $E9 $01       SBC #$01                    A:F0 X:07 Y:02 P:85 SP:FD CPU Cycle:423305613
CFD7 $D0 $FB       BNE $CFD4 = $38             A:EF X:07 Y:02 P:85 SP:FD CPU Cycle:423305615
CFD4 $38           SEC                         A:EF X:07 Y:02 P:85 SP:FD CPU Cycle:423305618
CFD5 $E9 $01       SBC #$01                    A:EF X:07 Y:02 P:85 SP:FD CPU Cycle:423305620
CFD7 $D0 $FB       BNE $CFD4 = $38             A:EE X:07 Y:02 P:85 SP:FD CPU Cycle:423305622
CFD4 $38           SEC                         A:EE X:07 Y:02 P:85 SP:FD CPU Cycle:423305625
CFD5 $E9 $01       SBC #$01                    A:EE X:07 Y:02 P:85 SP:FD CPU Cycle:423305627
CFD7 $D0 $FB       BNE $CFD4 = $38             A:ED X:07 Y:02 P:85 SP:FD CPU Cycle:423305629
CFD4 $38           SEC                         A:ED X:07 Y:02 P:85 SP:FD CPU Cycle:423305632
CFD5 $E9 $01       SBC #$01                    A:ED X:07 Y:02 P:85 SP:FD CPU Cycle:423305634
CFD7 $D0 $FB       BNE $CFD4 = $38             A:EC X:07 Y:02 P:85 SP:FD CPU Cycle:423305636
CFD4 $38           SEC                         A:EC X:07 Y:02 P:85 SP:FD CPU Cycle:423305639
CFD5 $E9 $01       SBC #$01                    A:EC X:07 Y:02 P:85 SP:FD CPU Cycle:423305641
CFD7 $D0 $FB       BNE $CFD4 = $38             A:EB X:07 Y:02 P:85 SP:FD CPU Cycle:423305643
CFD4 $38           SEC                         A:EB X:07 Y:02 P:85 SP:FD CPU Cycle:423305646
CFD5 $E9 $01       SBC #$01                    A:EB X:07 Y:02 P:85 SP:FD CPU Cycle:423305648
CFD7 $D0 $FB       BNE $CFD4 = $38             A:EA X:07 Y:02 P:85 SP:FD CPU Cycle:423305650
CFD4 $38           SEC                         A:EA X:07 Y:02 P:85 SP:FD CPU Cycle:423305653
CFD5 $E9 $01       SBC #$01                    A:EA X:07 Y:02 P:85 SP:FD CPU Cycle:423305655
CFD7 $D0 $FB       BNE $CFD4 = $38             A:E9 X:07 Y:02 P:85 SP:FD CPU Cycle:423305657
CFD4 $38           SEC                         A:E9 X:07 Y:02 P:85 SP:FD CPU Cycle:423305660
CFD5 $E9 $01       SBC #$01                    A:E9 X:07 Y:02 P:85 SP:FD CPU Cycle:423305662
CFD7 $D0 $FB       BNE $CFD4 = $38             A:E8 X:07 Y:02 P:85 SP:FD CPU Cycle:423305664
CFD4 $38           SEC                         A:E8 X:07 Y:02 P:85 SP:FD CPU Cycle:423305667
CFD5 $E9 $01       SBC #$01                    A:E8 X:07 Y:02 P:85 SP:FD CPU Cycle:423305669
CFD7 $D0 $FB       BNE $CFD4 = $38             A:E7 X:07 Y:02 P:85 SP:FD CPU Cycle:423305671
CFD4 $38           SEC                         A:E7 X:07 Y:02 P:85 SP:FD CPU Cycle:423305674
CFD5 $E9 $01       SBC #$01                    A:E7 X:07 Y:02 P:85 SP:FD CPU Cycle:423305676
CFD7 $D0 $FB       BNE $CFD4 = $38             A:E6 X:07 Y:02 P:85 SP:FD CPU Cycle:423305678
CFD4 $38           SEC                         A:E6 X:07 Y:02 P:85 SP:FD CPU Cycle:423305681
CFD5 $E9 $01       SBC #$01                    A:E6 X:07 Y:02 P:85 SP:FD CPU Cycle:423305683
CFD7 $D0 $FB       BNE $CFD4 = $38             A:E5 X:07 Y:02 P:85 SP:FD CPU Cycle:423305685
CFD4 $38           SEC                         A:E5 X:07 Y:02 P:85 SP:FD CPU Cycle:423305688
CFD5 $E9 $01       SBC #$01                    A:E5 X:07 Y:02 P:85 SP:FD CPU Cycle:423305690
CFD7 $D0 $FB       BNE $CFD4 = $38             A:E4 X:07 Y:02 P:85 SP:FD CPU Cycle:423305692
CFD4 $38           SEC                         A:E4 X:07 Y:02 P:85 SP:FD CPU Cycle:423305695
CFD5 $E9 $01       SBC #$01                    A:E4 X:07 Y:02 P:85 SP:FD CPU Cycle:423305697
CFD7 $D0 $FB       BNE $CFD4 = $38             A:E3 X:07 Y:02 P:85 SP:FD CPU Cycle:423305699
CFD4 $38           SEC                         A:E3 X:07 Y:02 P:85 SP:FD CPU Cycle:423305702
CFD5 $E9 $01       SBC #$01                    A:E3 X:07 Y:02 P:85 SP:FD CPU Cycle:423305704
CFD7 $D0 $FB       BNE $CFD4 = $38             A:E2 X:07 Y:02 P:85 SP:FD CPU Cycle:423305706
CFD4 $38           SEC                         A:E2 X:07 Y:02 P:85 SP:FD CPU Cycle:423305709
CFD5 $E9 $01       SBC #$01                    A:E2 X:07 Y:02 P:85 SP:FD CPU Cycle:423305711
CFD7 $D0 $FB       BNE $CFD4 = $38             A:E1 X:07 Y:02 P:85 SP:FD CPU Cycle:423305713
CFD4 $38           SEC                         A:E1 X:07 Y:02 P:85 SP:FD CPU Cycle:423305716
CFD5 $E9 $01       SBC #$01                    A:E1 X:07 Y:02 P:85 SP:FD CPU Cycle:423305718
CFD7 $D0 $FB       BNE $CFD4 = $38             A:E0 X:07 Y:02 P:85 SP:FD CPU Cycle:423305720
CFD4 $38           SEC                         A:E0 X:07 Y:02 P:85 SP:FD CPU Cycle:423305723
CFD5 $E9 $01       SBC #$01                    A:E0 X:07 Y:02 P:85 SP:FD CPU Cycle:423305725
CFD7 $D0 $FB       BNE $CFD4 = $38             A:DF X:07 Y:02 P:85 SP:FD CPU Cycle:423305727
CFD4 $38           SEC                         A:DF X:07 Y:02 P:85 SP:FD CPU Cycle:423305730
CFD5 $E9 $01       SBC #$01                    A:DF X:07 Y:02 P:85 SP:FD CPU Cycle:423305732
CFD7 $D0 $FB       BNE $CFD4 = $38             A:DE X:07 Y:02 P:85 SP:FD CPU Cycle:423305734
CFD4 $38           SEC                         A:DE X:07 Y:02 P:85 SP:FD CPU Cycle:423305737
CFD5 $E9 $01       SBC #$01                    A:DE X:07 Y:02 P:85 SP:FD CPU Cycle:423305739
CFD7 $D0 $FB       BNE $CFD4 = $38             A:DD X:07 Y:02 P:85 SP:FD CPU Cycle:423305741
CFD4 $38           SEC                         A:DD X:07 Y:02 P:85 SP:FD CPU Cycle:423305744
CFD5 $E9 $01       SBC #$01                    A:DD X:07 Y:02 P:85 SP:FD CPU Cycle:423305746
CFD7 $D0 $FB       BNE $CFD4 = $38             A:DC X:07 Y:02 P:85 SP:FD CPU Cycle:423305748
CFD4 $38           SEC                         A:DC X:07 Y:02 P:85 SP:FD CPU Cycle:423305751
CFD5 $E9 $01       SBC #$01                    A:DC X:07 Y:02 P:85 SP:FD CPU Cycle:423305753
CFD7 $D0 $FB       BNE $CFD4 = $38             A:DB X:07 Y:02 P:85 SP:FD CPU Cycle:423305755
CFD4 $38           SEC                         A:DB X:07 Y:02 P:85 SP:FD CPU Cycle:423305758
CFD5 $E9 $01       SBC #$01                    A:DB X:07 Y:02 P:85 SP:FD CPU Cycle:423305760
CFD7 $D0 $FB       BNE $CFD4 = $38             A:DA X:07 Y:02 P:85 SP:FD CPU Cycle:423305762
CFD4 $38           SEC                         A:DA X:07 Y:02 P:85 SP:FD CPU Cycle:423305765
CFD5 $E9 $01       SBC #$01                    A:DA X:07 Y:02 P:85 SP:FD CPU Cycle:423305767
CFD7 $D0 $FB       BNE $CFD4 = $38             A:D9 X:07 Y:02 P:85 SP:FD CPU Cycle:423305769
CFD4 $38           SEC                         A:D9 X:07 Y:02 P:85 SP:FD CPU Cycle:423305772
CFD5 $E9 $01       SBC #$01                    A:D9 X:07 Y:02 P:85 SP:FD CPU Cycle:423305774
CFD7 $D0 $FB       BNE $CFD4 = $38             A:D8 X:07 Y:02 P:85 SP:FD CPU Cycle:423305776
CFD4 $38           SEC                         A:D8 X:07 Y:02 P:85 SP:FD CPU Cycle:423305779
CFD5 $E9 $01       SBC #$01                    A:D8 X:07 Y:02 P:85 SP:FD CPU Cycle:423305781
CFD7 $D0 $FB       BNE $CFD4 = $38             A:D7 X:07 Y:02 P:85 SP:FD CPU Cycle:423305783
CFD4 $38           SEC                         A:D7 X:07 Y:02 P:85 SP:FD CPU Cycle:423305786
CFD5 $E9 $01       SBC #$01                    A:D7 X:07 Y:02 P:85 SP:FD CPU Cycle:423305788
CFD7 $D0 $FB       BNE $CFD4 = $38             A:D6 X:07 Y:02 P:85 SP:FD CPU Cycle:423305790
CFD4 $38           SEC                         A:D6 X:07 Y:02 P:85 SP:FD CPU Cycle:423305793
CFD5 $E9 $01       SBC #$01                    A:D6 X:07 Y:02 P:85 SP:FD CPU Cycle:423305795
CFD7 $D0 $FB       BNE $CFD4 = $38             A:D5 X:07 Y:02 P:85 SP:FD CPU Cycle:423305797
CFD4 $38           SEC                         A:D5 X:07 Y:02 P:85 SP:FD CPU Cycle:423305800
CFD5 $E9 $01       SBC #$01                    A:D5 X:07 Y:02 P:85 SP:FD CPU Cycle:423305802
CFD7 $D0 $FB       BNE $CFD4 = $38             A:D4 X:07 Y:02 P:85 SP:FD CPU Cycle:423305804
CFD4 $38           SEC                         A:D4 X:07 Y:02 P:85 SP:FD CPU Cycle:423305807
CFD5 $E9 $01       SBC #$01                    A:D4 X:07 Y:02 P:85 SP:FD CPU Cycle:423305809
CFD7 $D0 $FB       BNE $CFD4 = $38             A:D3 X:07 Y:02 P:85 SP:FD CPU Cycle:423305811
CFD4 $38           SEC                         A:D3 X:07 Y:02 P:85 SP:FD CPU Cycle:423305814
CFD5 $E9 $01       SBC #$01                    A:D3 X:07 Y:02 P:85 SP:FD CPU Cycle:423305816
CFD7 $D0 $FB       BNE $CFD4 = $38             A:D2 X:07 Y:02 P:85 SP:FD CPU Cycle:423305818
CFD4 $38           SEC                         A:D2 X:07 Y:02 P:85 SP:FD CPU Cycle:423305821
CFD5 $E9 $01       SBC #$01                    A:D2 X:07 Y:02 P:85 SP:FD CPU Cycle:423305823
CFD7 $D0 $FB       BNE $CFD4 = $38             A:D1 X:07 Y:02 P:85 SP:FD CPU Cycle:423305825
CFD4 $38           SEC                         A:D1 X:07 Y:02 P:85 SP:FD CPU Cycle:423305828
CFD5 $E9 $01       SBC #$01                    A:D1 X:07 Y:02 P:85 SP:FD CPU Cycle:423305830
CFD7 $D0 $FB       BNE $CFD4 = $38             A:D0 X:07 Y:02 P:85 SP:FD CPU Cycle:423305832
CFD4 $38           SEC                         A:D0 X:07 Y:02 P:85 SP:FD CPU Cycle:423305835
CFD5 $E9 $01       SBC #$01                    A:D0 X:07 Y:02 P:85 SP:FD CPU Cycle:423305837
CFD7 $D0 $FB       BNE $CFD4 = $38             A:CF X:07 Y:02 P:85 SP:FD CPU Cycle:423305839
CFD4 $38           SEC                         A:CF X:07 Y:02 P:85 SP:FD CPU Cycle:423305842
CFD5 $E9 $01       SBC #$01                    A:CF X:07 Y:02 P:85 SP:FD CPU Cycle:423305844
CFD7 $D0 $FB       BNE $CFD4 = $38             A:CE X:07 Y:02 P:85 SP:FD CPU Cycle:423305846
CFD4 $38           SEC                         A:CE X:07 Y:02 P:85 SP:FD CPU Cycle:423305849
CFD5 $E9 $01       SBC #$01                    A:CE X:07 Y:02 P:85 SP:FD CPU Cycle:423305851
CFD7 $D0 $FB       BNE $CFD4 = $38             A:CD X:07 Y:02 P:85 SP:FD CPU Cycle:423305853
CFD4 $38           SEC                         A:CD X:07 Y:02 P:85 SP:FD CPU Cycle:423305856
CFD5 $E9 $01       SBC #$01                    A:CD X:07 Y:02 P:85 SP:FD CPU Cycle:423305858
CFD7 $D0 $FB       BNE $CFD4 = $38             A:CC X:07 Y:02 P:85 SP:FD CPU Cycle:423305860
CFD4 $38           SEC                         A:CC X:07 Y:02 P:85 SP:FD CPU Cycle:423305863
CFD5 $E9 $01       SBC #$01                    A:CC X:07 Y:02 P:85 SP:FD CPU Cycle:423305865
CFD7 $D0 $FB       BNE $CFD4 = $38             A:CB X:07 Y:02 P:85 SP:FD CPU Cycle:423305867
CFD4 $38           SEC                         A:CB X:07 Y:02 P:85 SP:FD CPU Cycle:423305870
CFD5 $E9 $01       SBC #$01                    A:CB X:07 Y:02 P:85 SP:FD CPU Cycle:423305872
CFD7 $D0 $FB       BNE $CFD4 = $38             A:CA X:07 Y:02 P:85 SP:FD CPU Cycle:423305874
CFD4 $38           SEC                         A:CA X:07 Y:02 P:85 SP:FD CPU Cycle:423305877
CFD5 $E9 $01       SBC #$01                    A:CA X:07 Y:02 P:85 SP:FD CPU Cycle:423305879
CFD7 $D0 $FB       BNE $CFD4 = $38             A:C9 X:07 Y:02 P:85 SP:FD CPU Cycle:423305881
CFD4 $38           SEC                         A:C9 X:07 Y:02 P:85 SP:FD CPU Cycle:423305884
CFD5 $E9 $01       SBC #$01                    A:C9 X:07 Y:02 P:85 SP:FD CPU Cycle:423305886
CFD7 $D0 $FB       BNE $CFD4 = $38             A:C8 X:07 Y:02 P:85 SP:FD CPU Cycle:423305888
CFD4 $38           SEC                         A:C8 X:07 Y:02 P:85 SP:FD CPU Cycle:423305891
CFD5 $E9 $01       SBC #$01                    A:C8 X:07 Y:02 P:85 SP:FD CPU Cycle:423305893
CFD7 $D0 $FB       BNE $CFD4 = $38             A:C7 X:07 Y:02 P:85 SP:FD CPU Cycle:423305895
CFD4 $38           SEC                         A:C7 X:07 Y:02 P:85 SP:FD CPU Cycle:423305898
CFD5 $E9 $01       SBC #$01                    A:C7 X:07 Y:02 P:85 SP:FD CPU Cycle:423305900
CFD7 $D0 $FB       BNE $CFD4 = $38             A:C6 X:07 Y:02 P:85 SP:FD CPU Cycle:423305902
CFD4 $38           SEC                         A:C6 X:07 Y:02 P:85 SP:FD CPU Cycle:423305905
CFD5 $E9 $01       SBC #$01                    A:C6 X:07 Y:02 P:85 SP:FD CPU Cycle:423305907
CFD7 $D0 $FB       BNE $CFD4 = $38             A:C5 X:07 Y:02 P:85 SP:FD CPU Cycle:423305909
CFD4 $38           SEC                         A:C5 X:07 Y:02 P:85 SP:FD CPU Cycle:423305912
CFD5 $E9 $01       SBC #$01                    A:C5 X:07 Y:02 P:85 SP:FD CPU Cycle:423305914
CFD7 $D0 $FB       BNE $CFD4 = $38             A:C4 X:07 Y:02 P:85 SP:FD CPU Cycle:423305916
CFD4 $38           SEC                         A:C4 X:07 Y:02 P:85 SP:FD CPU Cycle:423305919
CFD5 $E9 $01       SBC #$01                    A:C4 X:07 Y:02 P:85 SP:FD CPU Cycle:423305921
CFD7 $D0 $FB       BNE $CFD4 = $38             A:C3 X:07 Y:02 P:85 SP:FD CPU Cycle:423305923
CFD4 $38           SEC                         A:C3 X:07 Y:02 P:85 SP:FD CPU Cycle:423305926
CFD5 $E9 $01       SBC #$01                    A:C3 X:07 Y:02 P:85 SP:FD CPU Cycle:423305928
CFD7 $D0 $FB       BNE $CFD4 = $38             A:C2 X:07 Y:02 P:85 SP:FD CPU Cycle:423305930
CFD4 $38           SEC                         A:C2 X:07 Y:02 P:85 SP:FD CPU Cycle:423305933
CFD5 $E9 $01       SBC #$01                    A:C2 X:07 Y:02 P:85 SP:FD CPU Cycle:423305935
CFD7 $D0 $FB       BNE $CFD4 = $38             A:C1 X:07 Y:02 P:85 SP:FD CPU Cycle:423305937
CFD4 $38           SEC                         A:C1 X:07 Y:02 P:85 SP:FD CPU Cycle:423305940
CFD5 $E9 $01       SBC #$01                    A:C1 X:07 Y:02 P:85 SP:FD CPU Cycle:423305942
CFD7 $D0 $FB       BNE $CFD4 = $38             A:C0 X:07 Y:02 P:85 SP:FD CPU Cycle:423305944
CFD4 $38           SEC                         A:C0 X:07 Y:02 P:85 SP:FD CPU Cycle:423305947
CFD5 $E9 $01       SBC #$01                    A:C0 X:07 Y:02 P:85 SP:FD CPU Cycle:423305949
CFD7 $D0 $FB       BNE $CFD4 = $38             A:BF X:07 Y:02 P:85 SP:FD CPU Cycle:423305951
CFD4 $38           SEC                         A:BF X:07 Y:02 P:85 SP:FD CPU Cycle:423305954
CFD5 $E9 $01       SBC #$01                    A:BF X:07 Y:02 P:85 SP:FD CPU Cycle:423305956
CFD7 $D0 $FB       BNE $CFD4 = $38             A:BE X:07 Y:02 P:85 SP:FD CPU Cycle:423305958
CFD4 $38           SEC                         A:BE X:07 Y:02 P:85 SP:FD CPU Cycle:423305961
CFD5 $E9 $01       SBC #$01                    A:BE X:07 Y:02 P:85 SP:FD CPU Cycle:423305963
CFD7 $D0 $FB       BNE $CFD4 = $38             A:BD X:07 Y:02 P:85 SP:FD CPU Cycle:423305965
CFD4 $38           SEC                         A:BD X:07 Y:02 P:85 SP:FD CPU Cycle:423305968
CFD5 $E9 $01       SBC #$01                    A:BD X:07 Y:02 P:85 SP:FD CPU Cycle:423305970
CFD7 $D0 $FB       BNE $CFD4 = $38             A:BC X:07 Y:02 P:85 SP:FD CPU Cycle:423305972
CFD4 $38           SEC                         A:BC X:07 Y:02 P:85 SP:FD CPU Cycle:423305975
CFD5 $E9 $01       SBC #$01                    A:BC X:07 Y:02 P:85 SP:FD CPU Cycle:423305977
CFD7 $D0 $FB       BNE $CFD4 = $38             A:BB X:07 Y:02 P:85 SP:FD CPU Cycle:423305979
CFD4 $38           SEC                         A:BB X:07 Y:02 P:85 SP:FD CPU Cycle:423305982
CFD5 $E9 $01       SBC #$01                    A:BB X:07 Y:02 P:85 SP:FD CPU Cycle:423305984
CFD7 $D0 $FB       BNE $CFD4 = $38             A:BA X:07 Y:02 P:85 SP:FD CPU Cycle:423305986
CFD4 $38           SEC                         A:BA X:07 Y:02 P:85 SP:FD CPU Cycle:423305989
CFD5 $E9 $01       SBC #$01                    A:BA X:07 Y:02 P:85 SP:FD CPU Cycle:423305991
CFD7 $D0 $FB       BNE $CFD4 = $38             A:B9 X:07 Y:02 P:85 SP:FD CPU Cycle:423305993
CFD4 $38           SEC                         A:B9 X:07 Y:02 P:85 SP:FD CPU Cycle:423305996
CFD5 $E9 $01       SBC #$01                    A:B9 X:07 Y:02 P:85 SP:FD CPU Cycle:423305998
CFD7 $D0 $FB       BNE $CFD4 = $38             A:B8 X:07 Y:02 P:85 SP:FD CPU Cycle:423306000
CFD4 $38           SEC                         A:B8 X:07 Y:02 P:85 SP:FD CPU Cycle:423306003
CFD5 $E9 $01       SBC #$01                    A:B8 X:07 Y:02 P:85 SP:FD CPU Cycle:423306005
CFD7 $D0 $FB       BNE $CFD4 = $38             A:B7 X:07 Y:02 P:85 SP:FD CPU Cycle:423306007
CFD4 $38           SEC                         A:B7 X:07 Y:02 P:85 SP:FD CPU Cycle:423306010
CFD5 $E9 $01       SBC #$01                    A:B7 X:07 Y:02 P:85 SP:FD CPU Cycle:423306012
CFD7 $D0 $FB       BNE $CFD4 = $38             A:B6 X:07 Y:02 P:85 SP:FD CPU Cycle:423306014
CFD4 $38           SEC                         A:B6 X:07 Y:02 P:85 SP:FD CPU Cycle:423306017
CFD5 $E9 $01       SBC #$01                    A:B6 X:07 Y:02 P:85 SP:FD CPU Cycle:423306019
CFD7 $D0 $FB       BNE $CFD4 = $38             A:B5 X:07 Y:02 P:85 SP:FD CPU Cycle:423306021
CFD4 $38           SEC                         A:B5 X:07 Y:02 P:85 SP:FD CPU Cycle:423306024
CFD5 $E9 $01       SBC #$01                    A:B5 X:07 Y:02 P:85 SP:FD CPU Cycle:423306026
CFD7 $D0 $FB       BNE $CFD4 = $38             A:B4 X:07 Y:02 P:85 SP:FD CPU Cycle:423306028
CFD4 $38           SEC                         A:B4 X:07 Y:02 P:85 SP:FD CPU Cycle:423306031
CFD5 $E9 $01       SBC #$01                    A:B4 X:07 Y:02 P:85 SP:FD CPU Cycle:423306033
CFD7 $D0 $FB       BNE $CFD4 = $38             A:B3 X:07 Y:02 P:85 SP:FD CPU Cycle:423306035
CFD4 $38           SEC                         A:B3 X:07 Y:02 P:85 SP:FD CPU Cycle:423306038
CFD5 $E9 $01       SBC #$01                    A:B3 X:07 Y:02 P:85 SP:FD CPU Cycle:423306040
CFD7 $D0 $FB       BNE $CFD4 = $38             A:B2 X:07 Y:02 P:85 SP:FD CPU Cycle:423306042
CFD4 $38           SEC                         A:B2 X:07 Y:02 P:85 SP:FD CPU Cycle:423306045
CFD5 $E9 $01       SBC #$01                    A:B2 X:07 Y:02 P:85 SP:FD CPU Cycle:423306047
CFD7 $D0 $FB       BNE $CFD4 = $38             A:B1 X:07 Y:02 P:85 SP:FD CPU Cycle:423306049
CFD4 $38           SEC                         A:B1 X:07 Y:02 P:85 SP:FD CPU Cycle:423306052
CFD5 $E9 $01       SBC #$01                    A:B1 X:07 Y:02 P:85 SP:FD CPU Cycle:423306054
CFD7 $D0 $FB       BNE $CFD4 = $38             A:B0 X:07 Y:02 P:85 SP:FD CPU Cycle:423306056
CFD4 $38           SEC                         A:B0 X:07 Y:02 P:85 SP:FD CPU Cycle:423306059
CFD5 $E9 $01       SBC #$01                    A:B0 X:07 Y:02 P:85 SP:FD CPU Cycle:423306061
CFD7 $D0 $FB       BNE $CFD4 = $38             A:AF X:07 Y:02 P:85 SP:FD CPU Cycle:423306063
CFD4 $38           SEC                         A:AF X:07 Y:02 P:85 SP:FD CPU Cycle:423306066
CFD5 $E9 $01       SBC #$01                    A:AF X:07 Y:02 P:85 SP:FD CPU Cycle:423306068
CFD7 $D0 $FB       BNE $CFD4 = $38             A:AE X:07 Y:02 P:85 SP:FD CPU Cycle:423306070
CFD4 $38           SEC                         A:AE X:07 Y:02 P:85 SP:FD CPU Cycle:423306073
CFD5 $E9 $01       SBC #$01                    A:AE X:07 Y:02 P:85 SP:FD CPU Cycle:423306075
CFD7 $D0 $FB       BNE $CFD4 = $38             A:AD X:07 Y:02 P:85 SP:FD CPU Cycle:423306077
CFD4 $38           SEC                         A:AD X:07 Y:02 P:85 SP:FD CPU Cycle:423306080
CFD5 $E9 $01       SBC #$01                    A:AD X:07 Y:02 P:85 SP:FD CPU Cycle:423306082
CFD7 $D0 $FB       BNE $CFD4 = $38             A:AC X:07 Y:02 P:85 SP:FD CPU Cycle:423306084
CFD4 $38           SEC                         A:AC X:07 Y:02 P:85 SP:FD CPU Cycle:423306087
CFD5 $E9 $01       SBC #$01                    A:AC X:07 Y:02 P:85 SP:FD CPU Cycle:423306089
CFD7 $D0 $FB       BNE $CFD4 = $38             A:AB X:07 Y:02 P:85 SP:FD CPU Cycle:423306091
CFD4 $38           SEC                         A:AB X:07 Y:02 P:85 SP:FD CPU Cycle:423306094
CFD5 $E9 $01       SBC #$01                    A:AB X:07 Y:02 P:85 SP:FD CPU Cycle:423306096
CFD7 $D0 $FB       BNE $CFD4 = $38             A:AA X:07 Y:02 P:85 SP:FD CPU Cycle:423306098
CFD4 $38           SEC                         A:AA X:07 Y:02 P:85 SP:FD CPU Cycle:423306101
CFD5 $E9 $01       SBC #$01                    A:AA X:07 Y:02 P:85 SP:FD CPU Cycle:423306103
CFD7 $D0 $FB       BNE $CFD4 = $38             A:A9 X:07 Y:02 P:85 SP:FD CPU Cycle:423306105
CFD4 $38           SEC                         A:A9 X:07 Y:02 P:85 SP:FD CPU Cycle:423306108
CFD5 $E9 $01       SBC #$01                    A:A9 X:07 Y:02 P:85 SP:FD CPU Cycle:423306110
CFD7 $D0 $FB       BNE $CFD4 = $38             A:A8 X:07 Y:02 P:85 SP:FD CPU Cycle:423306112
CFD4 $38           SEC                         A:A8 X:07 Y:02 P:85 SP:FD CPU Cycle:423306115
CFD5 $E9 $01       SBC #$01                    A:A8 X:07 Y:02 P:85 SP:FD CPU Cycle:423306117
CFD7 $D0 $FB       BNE $CFD4 = $38             A:A7 X:07 Y:02 P:85 SP:FD CPU Cycle:423306119
CFD4 $38           SEC                         A:A7 X:07 Y:02 P:85 SP:FD CPU Cycle:423306122
CFD5 $E9 $01       SBC #$01                    A:A7 X:07 Y:02 P:85 SP:FD CPU Cycle:423306124
CFD7 $D0 $FB       BNE $CFD4 = $38             A:A6 X:07 Y:02 P:85 SP:FD CPU Cycle:423306126
CFD4 $38           SEC                         A:A6 X:07 Y:02 P:85 SP:FD CPU Cycle:423306129
CFD5 $E9 $01       SBC #$01                    A:A6 X:07 Y:02 P:85 SP:FD CPU Cycle:423306131
CFD7 $D0 $FB       BNE $CFD4 = $38             A:A5 X:07 Y:02 P:85 SP:FD CPU Cycle:423306133
CFD4 $38           SEC                         A:A5 X:07 Y:02 P:85 SP:FD CPU Cycle:423306136
CFD5 $E9 $01       SBC #$01                    A:A5 X:07 Y:02 P:85 SP:FD CPU Cycle:423306138
CFD7 $D0 $FB       BNE $CFD4 = $38             A:A4 X:07 Y:02 P:85 SP:FD CPU Cycle:423306140
CFD4 $38           SEC                         A:A4 X:07 Y:02 P:85 SP:FD CPU Cycle:423306143
CFD5 $E9 $01       SBC #$01                    A:A4 X:07 Y:02 P:85 SP:FD CPU Cycle:423306145
CFD7 $D0 $FB       BNE $CFD4 = $38             A:A3 X:07 Y:02 P:85 SP:FD CPU Cycle:423306147
CFD4 $38           SEC                         A:A3 X:07 Y:02 P:85 SP:FD CPU Cycle:423306150
CFD5 $E9 $01       SBC #$01                    A:A3 X:07 Y:02 P:85 SP:FD CPU Cycle:423306152
CFD7 $D0 $FB       BNE $CFD4 = $38             A:A2 X:07 Y:02 P:85 SP:FD CPU Cycle:423306154
CFD4 $38           SEC                         A:A2 X:07 Y:02 P:85 SP:FD CPU Cycle:423306157
CFD5 $E9 $01       SBC #$01                    A:A2 X:07 Y:02 P:85 SP:FD CPU Cycle:423306159
CFD7 $D0 $FB       BNE $CFD4 = $38             A:A1 X:07 Y:02 P:85 SP:FD CPU Cycle:423306161
CFD4 $38           SEC                         A:A1 X:07 Y:02 P:85 SP:FD CPU Cycle:423306164
CFD5 $E9 $01       SBC #$01                    A:A1 X:07 Y:02 P:85 SP:FD CPU Cycle:423306166
CFD7 $D0 $FB       BNE $CFD4 = $38             A:A0 X:07 Y:02 P:85 SP:FD CPU Cycle:423306168
CFD4 $38           SEC                         A:A0 X:07 Y:02 P:85 SP:FD CPU Cycle:423306171
CFD5 $E9 $01       SBC #$01                    A:A0 X:07 Y:02 P:85 SP:FD CPU Cycle:423306173
CFD7 $D0 $FB       BNE $CFD4 = $38             A:9F X:07 Y:02 P:85 SP:FD CPU Cycle:423306175
CFD4 $38           SEC                         A:9F X:07 Y:02 P:85 SP:FD CPU Cycle:423306178
CFD5 $E9 $01       SBC #$01                    A:9F X:07 Y:02 P:85 SP:FD CPU Cycle:423306180
CFD7 $D0 $FB       BNE $CFD4 = $38             A:9E X:07 Y:02 P:85 SP:FD CPU Cycle:423306182
CFD4 $38           SEC                         A:9E X:07 Y:02 P:85 SP:FD CPU Cycle:423306185
CFD5 $E9 $01       SBC #$01                    A:9E X:07 Y:02 P:85 SP:FD CPU Cycle:423306187
CFD7 $D0 $FB       BNE $CFD4 = $38             A:9D X:07 Y:02 P:85 SP:FD CPU Cycle:423306189
CFD4 $38           SEC                         A:9D X:07 Y:02 P:85 SP:FD CPU Cycle:423306192
CFD5 $E9 $01       SBC #$01                    A:9D X:07 Y:02 P:85 SP:FD CPU Cycle:423306194
CFD7 $D0 $FB       BNE $CFD4 = $38             A:9C X:07 Y:02 P:85 SP:FD CPU Cycle:423306196
CFD4 $38           SEC                         A:9C X:07 Y:02 P:85 SP:FD CPU Cycle:423306199
CFD5 $E9 $01       SBC #$01                    A:9C X:07 Y:02 P:85 SP:FD CPU Cycle:423306201
CFD7 $D0 $FB       BNE $CFD4 = $38             A:9B X:07 Y:02 P:85 SP:FD CPU Cycle:423306203
CFD4 $38           SEC                         A:9B X:07 Y:02 P:85 SP:FD CPU Cycle:423306206
CFD5 $E9 $01       SBC #$01                    A:9B X:07 Y:02 P:85 SP:FD CPU Cycle:423306208
CFD7 $D0 $FB       BNE $CFD4 = $38             A:9A X:07 Y:02 P:85 SP:FD CPU Cycle:423306210
CFD4 $38           SEC                         A:9A X:07 Y:02 P:85 SP:FD CPU Cycle:423306213
CFD5 $E9 $01       SBC #$01                    A:9A X:07 Y:02 P:85 SP:FD CPU Cycle:423306215
CFD7 $D0 $FB       BNE $CFD4 = $38             A:99 X:07 Y:02 P:85 SP:FD CPU Cycle:423306217
CFD4 $38           SEC                         A:99 X:07 Y:02 P:85 SP:FD CPU Cycle:423306220
CFD5 $E9 $01       SBC #$01                    A:99 X:07 Y:02 P:85 SP:FD CPU Cycle:423306222
CFD7 $D0 $FB       BNE $CFD4 = $38             A:98 X:07 Y:02 P:85 SP:FD CPU Cycle:423306224
CFD4 $38           SEC                         A:98 X:07 Y:02 P:85 SP:FD CPU Cycle:423306227
CFD5 $E9 $01       SBC #$01                    A:98 X:07 Y:02 P:85 SP:FD CPU Cycle:423306229
CFD7 $D0 $FB       BNE $CFD4 = $38             A:97 X:07 Y:02 P:85 SP:FD CPU Cycle:423306231
CFD4 $38           SEC                         A:97 X:07 Y:02 P:85 SP:FD CPU Cycle:423306234
CFD5 $E9 $01       SBC #$01                    A:97 X:07 Y:02 P:85 SP:FD CPU Cycle:423306236
CFD7 $D0 $FB       BNE $CFD4 = $38             A:96 X:07 Y:02 P:85 SP:FD CPU Cycle:423306238
CFD4 $38           SEC                         A:96 X:07 Y:02 P:85 SP:FD CPU Cycle:423306241
CFD5 $E9 $01       SBC #$01                    A:96 X:07 Y:02 P:85 SP:FD CPU Cycle:423306243
CFD7 $D0 $FB       BNE $CFD4 = $38             A:95 X:07 Y:02 P:85 SP:FD CPU Cycle:423306245
CFD4 $38           SEC                         A:95 X:07 Y:02 P:85 SP:FD CPU Cycle:423306248
CFD5 $E9 $01       SBC #$01                    A:95 X:07 Y:02 P:85 SP:FD CPU Cycle:423306250
CFD7 $D0 $FB       BNE $CFD4 = $38             A:94 X:07 Y:02 P:85 SP:FD CPU Cycle:423306252
CFD4 $38           SEC                         A:94 X:07 Y:02 P:85 SP:FD CPU Cycle:423306255
CFD5 $E9 $01       SBC #$01                    A:94 X:07 Y:02 P:85 SP:FD CPU Cycle:423306257
CFD7 $D0 $FB       BNE $CFD4 = $38             A:93 X:07 Y:02 P:85 SP:FD CPU Cycle:423306259
CFD4 $38           SEC                         A:93 X:07 Y:02 P:85 SP:FD CPU Cycle:423306262
CFD5 $E9 $01       SBC #$01                    A:93 X:07 Y:02 P:85 SP:FD CPU Cycle:423306264
CFD7 $D0 $FB       BNE $CFD4 = $38             A:92 X:07 Y:02 P:85 SP:FD CPU Cycle:423306266
CFD4 $38           SEC                         A:92 X:07 Y:02 P:85 SP:FD CPU Cycle:423306269
CFD5 $E9 $01       SBC #$01                    A:92 X:07 Y:02 P:85 SP:FD CPU Cycle:423306271
CFD7 $D0 $FB       BNE $CFD4 = $38             A:91 X:07 Y:02 P:85 SP:FD CPU Cycle:423306273
CFD4 $38           SEC                         A:91 X:07 Y:02 P:85 SP:FD CPU Cycle:423306276
CFD5 $E9 $01       SBC #$01                    A:91 X:07 Y:02 P:85 SP:FD CPU Cycle:423306278
CFD7 $D0 $FB       BNE $CFD4 = $38             A:90 X:07 Y:02 P:85 SP:FD CPU Cycle:423306280
CFD4 $38           SEC                         A:90 X:07 Y:02 P:85 SP:FD CPU Cycle:423306283
CFD5 $E9 $01       SBC #$01                    A:90 X:07 Y:02 P:85 SP:FD CPU Cycle:423306285
CFD7 $D0 $FB       BNE $CFD4 = $38             A:8F X:07 Y:02 P:85 SP:FD CPU Cycle:423306287
CFD4 $38           SEC                         A:8F X:07 Y:02 P:85 SP:FD CPU Cycle:423306290
CFD5 $E9 $01       SBC #$01                    A:8F X:07 Y:02 P:85 SP:FD CPU Cycle:423306292
CFD7 $D0 $FB       BNE $CFD4 = $38             A:8E X:07 Y:02 P:85 SP:FD CPU Cycle:423306294
CFD4 $38           SEC                         A:8E X:07 Y:02 P:85 SP:FD CPU Cycle:423306297
CFD5 $E9 $01       SBC #$01                    A:8E X:07 Y:02 P:85 SP:FD CPU Cycle:423306299
CFD7 $D0 $FB       BNE $CFD4 = $38             A:8D X:07 Y:02 P:85 SP:FD CPU Cycle:423306301
CFD4 $38           SEC                         A:8D X:07 Y:02 P:85 SP:FD CPU Cycle:423306304
CFD5 $E9 $01       SBC #$01                    A:8D X:07 Y:02 P:85 SP:FD CPU Cycle:423306306
CFD7 $D0 $FB       BNE $CFD4 = $38             A:8C X:07 Y:02 P:85 SP:FD CPU Cycle:423306308
CFD4 $38           SEC                         A:8C X:07 Y:02 P:85 SP:FD CPU Cycle:423306311
CFD5 $E9 $01       SBC #$01                    A:8C X:07 Y:02 P:85 SP:FD CPU Cycle:423306313
CFD7 $D0 $FB       BNE $CFD4 = $38             A:8B X:07 Y:02 P:85 SP:FD CPU Cycle:423306315
CFD4 $38           SEC                         A:8B X:07 Y:02 P:85 SP:FD CPU Cycle:423306318
CFD5 $E9 $01       SBC #$01                    A:8B X:07 Y:02 P:85 SP:FD CPU Cycle:423306320
CFD7 $D0 $FB       BNE $CFD4 = $38             A:8A X:07 Y:02 P:85 SP:FD CPU Cycle:423306322
CFD4 $38           SEC                         A:8A X:07 Y:02 P:85 SP:FD CPU Cycle:423306325
CFD5 $E9 $01       SBC #$01                    A:8A X:07 Y:02 P:85 SP:FD CPU Cycle:423306327
CFD7 $D0 $FB       BNE $CFD4 = $38             A:89 X:07 Y:02 P:85 SP:FD CPU Cycle:423306329
CFD4 $38           SEC                         A:89 X:07 Y:02 P:85 SP:FD CPU Cycle:423306332
CFD5 $E9 $01       SBC #$01                    A:89 X:07 Y:02 P:85 SP:FD CPU Cycle:423306334
CFD7 $D0 $FB       BNE $CFD4 = $38             A:88 X:07 Y:02 P:85 SP:FD CPU Cycle:423306336
CFD4 $38           SEC                         A:88 X:07 Y:02 P:85 SP:FD CPU Cycle:423306339
CFD5 $E9 $01       SBC #$01                    A:88 X:07 Y:02 P:85 SP:FD CPU Cycle:423306341
CFD7 $D0 $FB       BNE $CFD4 = $38             A:87 X:07 Y:02 P:85 SP:FD CPU Cycle:423306343
CFD4 $38           SEC                         A:87 X:07 Y:02 P:85 SP:FD CPU Cycle:423306346
CFD5 $E9 $01       SBC #$01                    A:87 X:07 Y:02 P:85 SP:FD CPU Cycle:423306348
CFD7 $D0 $FB       BNE $CFD4 = $38             A:86 X:07 Y:02 P:85 SP:FD CPU Cycle:423306350
CFD4 $38           SEC                         A:86 X:07 Y:02 P:85 SP:FD CPU Cycle:423306353
CFD5 $E9 $01       SBC #$01                    A:86 X:07 Y:02 P:85 SP:FD CPU Cycle:423306355
CFD7 $D0 $FB       BNE $CFD4 = $38             A:85 X:07 Y:02 P:85 SP:FD CPU Cycle:423306357
CFD4 $38           SEC                         A:85 X:07 Y:02 P:85 SP:FD CPU Cycle:423306360
CFD5 $E9 $01       SBC #$01                    A:85 X:07 Y:02 P:85 SP:FD CPU Cycle:423306362
CFD7 $D0 $FB       BNE $CFD4 = $38             A:84 X:07 Y:02 P:85 SP:FD CPU Cycle:423306364
CFD4 $38           SEC                         A:84 X:07 Y:02 P:85 SP:FD CPU Cycle:423306367
CFD5 $E9 $01       SBC #$01                    A:84 X:07 Y:02 P:85 SP:FD CPU Cycle:423306369
CFD7 $D0 $FB       BNE $CFD4 = $38             A:83 X:07 Y:02 P:85 SP:FD CPU Cycle:423306371
CFD4 $38           SEC                         A:83 X:07 Y:02 P:85 SP:FD CPU Cycle:423306374
CFD5 $E9 $01       SBC #$01                    A:83 X:07 Y:02 P:85 SP:FD CPU Cycle:423306376
CFD7 $D0 $FB       BNE $CFD4 = $38             A:82 X:07 Y:02 P:85 SP:FD CPU Cycle:423306378
CFD4 $38           SEC                         A:82 X:07 Y:02 P:85 SP:FD CPU Cycle:423306381
CFD5 $E9 $01       SBC #$01                    A:82 X:07 Y:02 P:85 SP:FD CPU Cycle:423306383
CFD7 $D0 $FB       BNE $CFD4 = $38             A:81 X:07 Y:02 P:85 SP:FD CPU Cycle:423306385
CFD4 $38           SEC                         A:81 X:07 Y:02 P:85 SP:FD CPU Cycle:423306388
CFD5 $E9 $01       SBC #$01                    A:81 X:07 Y:02 P:85 SP:FD CPU Cycle:423306390
CFD7 $D0 $FB       BNE $CFD4 = $38             A:80 X:07 Y:02 P:85 SP:FD CPU Cycle:423306392
CFD4 $38           SEC                         A:80 X:07 Y:02 P:85 SP:FD CPU Cycle:423306395
CFD5 $E9 $01       SBC #$01                    A:80 X:07 Y:02 P:85 SP:FD CPU Cycle:423306397
CFD7 $D0 $FB       BNE $CFD4 = $38             A:7F X:07 Y:02 P:45 SP:FD CPU Cycle:423306399
CFD4 $38           SEC                         A:7F X:07 Y:02 P:45 SP:FD CPU Cycle:423306402
CFD5 $E9 $01       SBC #$01                    A:7F X:07 Y:02 P:45 SP:FD CPU Cycle:423306404
CFD7 $D0 $FB       BNE $CFD4 = $38             A:7E X:07 Y:02 P:05 SP:FD CPU Cycle:423306406
CFD4 $38           SEC                         A:7E X:07 Y:02 P:05 SP:FD CPU Cycle:423306409
CFD5 $E9 $01       SBC #$01                    A:7E X:07 Y:02 P:05 SP:FD CPU Cycle:423306411
CFD7 $D0 $FB       BNE $CFD4 = $38             A:7D X:07 Y:02 P:05 SP:FD CPU Cycle:423306413
CFD4 $38           SEC                         A:7D X:07 Y:02 P:05 SP:FD CPU Cycle:423306416
CFD5 $E9 $01       SBC #$01                    A:7D X:07 Y:02 P:05 SP:FD CPU Cycle:423306418
CFD7 $D0 $FB       BNE $CFD4 = $38             A:7C X:07 Y:02 P:05 SP:FD CPU Cycle:423306420
CFD4 $38           SEC                         A:7C X:07 Y:02 P:05 SP:FD CPU Cycle:423306423
CFD5 $E9 $01       SBC #$01                    A:7C X:07 Y:02 P:05 SP:FD CPU Cycle:423306425
CFD7 $D0 $FB       BNE $CFD4 = $38             A:7B X:07 Y:02 P:05 SP:FD CPU Cycle:423306427
CFD4 $38           SEC                         A:7B X:07 Y:02 P:05 SP:FD CPU Cycle:423306430
CFD5 $E9 $01       SBC #$01                    A:7B X:07 Y:02 P:05 SP:FD CPU Cycle:423306432
CFD7 $D0 $FB       BNE $CFD4 = $38             A:7A X:07 Y:02 P:05 SP:FD CPU Cycle:423306434
CFD4 $38           SEC                         A:7A X:07 Y:02 P:05 SP:FD CPU Cycle:423306437
CFD5 $E9 $01       SBC #$01                    A:7A X:07 Y:02 P:05 SP:FD CPU Cycle:423306439
CFD7 $D0 $FB       BNE $CFD4 = $38             A:79 X:07 Y:02 P:05 SP:FD CPU Cycle:423306441
CFD4 $38           SEC                         A:79 X:07 Y:02 P:05 SP:FD CPU Cycle:423306444
CFD5 $E9 $01       SBC #$01                    A:79 X:07 Y:02 P:05 SP:FD CPU Cycle:423306446
CFD7 $D0 $FB       BNE $CFD4 = $38             A:78 X:07 Y:02 P:05 SP:FD CPU Cycle:423306448
CFD4 $38           SEC                         A:78 X:07 Y:02 P:05 SP:FD CPU Cycle:423306451
CFD5 $E9 $01       SBC #$01                    A:78 X:07 Y:02 P:05 SP:FD CPU Cycle:423306453
CFD7 $D0 $FB       BNE $CFD4 = $38             A:77 X:07 Y:02 P:05 SP:FD CPU Cycle:423306455
CFD4 $38           SEC                         A:77 X:07 Y:02 P:05 SP:FD CPU Cycle:423306458
CFD5 $E9 $01       SBC #$01                    A:77 X:07 Y:02 P:05 SP:FD CPU Cycle:423306460
CFD7 $D0 $FB       BNE $CFD4 = $38             A:76 X:07 Y:02 P:05 SP:FD CPU Cycle:423306462
CFD4 $38           SEC                         A:76 X:07 Y:02 P:05 SP:FD CPU Cycle:423306465
CFD5 $E9 $01       SBC #$01                    A:76 X:07 Y:02 P:05 SP:FD CPU Cycle:423306467
CFD7 $D0 $FB       BNE $CFD4 = $38             A:75 X:07 Y:02 P:05 SP:FD CPU Cycle:423306469
CFD4 $38           SEC                         A:75 X:07 Y:02 P:05 SP:FD CPU Cycle:423306472
CFD5 $E9 $01       SBC #$01                    A:75 X:07 Y:02 P:05 SP:FD CPU Cycle:423306474
CFD7 $D0 $FB       BNE $CFD4 = $38             A:74 X:07 Y:02 P:05 SP:FD CPU Cycle:423306476
CFD4 $38           SEC                         A:74 X:07 Y:02 P:05 SP:FD CPU Cycle:423306479
CFD5 $E9 $01       SBC #$01                    A:74 X:07 Y:02 P:05 SP:FD CPU Cycle:423306481
CFD7 $D0 $FB       BNE $CFD4 = $38             A:73 X:07 Y:02 P:05 SP:FD CPU Cycle:423306483
CFD4 $38           SEC                         A:73 X:07 Y:02 P:05 SP:FD CPU Cycle:423306486
CFD5 $E9 $01       SBC #$01                    A:73 X:07 Y:02 P:05 SP:FD CPU Cycle:423306488
CFD7 $D0 $FB       BNE $CFD4 = $38             A:72 X:07 Y:02 P:05 SP:FD CPU Cycle:423306490
CFD4 $38           SEC                         A:72 X:07 Y:02 P:05 SP:FD CPU Cycle:423306493
CFD5 $E9 $01       SBC #$01                    A:72 X:07 Y:02 P:05 SP:FD CPU Cycle:423306495
CFD7 $D0 $FB       BNE $CFD4 = $38             A:71 X:07 Y:02 P:05 SP:FD CPU Cycle:423306497
CFD4 $38           SEC                         A:71 X:07 Y:02 P:05 SP:FD CPU Cycle:423306500
CFD5 $E9 $01       SBC #$01                    A:71 X:07 Y:02 P:05 SP:FD CPU Cycle:423306502
CFD7 $D0 $FB       BNE $CFD4 = $38             A:70 X:07 Y:02 P:05 SP:FD CPU Cycle:423306504
CFD4 $38           SEC                         A:70 X:07 Y:02 P:05 SP:FD CPU Cycle:423306507
CFD5 $E9 $01       SBC #$01                    A:70 X:07 Y:02 P:05 SP:FD CPU Cycle:423306509
CFD7 $D0 $FB       BNE $CFD4 = $38             A:6F X:07 Y:02 P:05 SP:FD CPU Cycle:423306511
CFD4 $38           SEC                         A:6F X:07 Y:02 P:05 SP:FD CPU Cycle:423306514
CFD5 $E9 $01       SBC #$01                    A:6F X:07 Y:02 P:05 SP:FD CPU Cycle:423306516
CFD7 $D0 $FB       BNE $CFD4 = $38             A:6E X:07 Y:02 P:05 SP:FD CPU Cycle:423306518
CFD4 $38           SEC                         A:6E X:07 Y:02 P:05 SP:FD CPU Cycle:423306521
CFD5 $E9 $01       SBC #$01                    A:6E X:07 Y:02 P:05 SP:FD CPU Cycle:423306523
CFD7 $D0 $FB       BNE $CFD4 = $38             A:6D X:07 Y:02 P:05 SP:FD CPU Cycle:423306525
CFD4 $38           SEC                         A:6D X:07 Y:02 P:05 SP:FD CPU Cycle:423306528
CFD5 $E9 $01       SBC #$01                    A:6D X:07 Y:02 P:05 SP:FD CPU Cycle:423306530
CFD7 $D0 $FB       BNE $CFD4 = $38             A:6C X:07 Y:02 P:05 SP:FD CPU Cycle:423306532
CFD4 $38           SEC                         A:6C X:07 Y:02 P:05 SP:FD CPU Cycle:423306535
CFD5 $E9 $01       SBC #$01                    A:6C X:07 Y:02 P:05 SP:FD CPU Cycle:423306537
CFD7 $D0 $FB       BNE $CFD4 = $38             A:6B X:07 Y:02 P:05 SP:FD CPU Cycle:423306539
CFD4 $38           SEC                         A:6B X:07 Y:02 P:05 SP:FD CPU Cycle:423306542
CFD5 $E9 $01       SBC #$01                    A:6B X:07 Y:02 P:05 SP:FD CPU Cycle:423306544
CFD7 $D0 $FB       BNE $CFD4 = $38             A:6A X:07 Y:02 P:05 SP:FD CPU Cycle:423306546
CFD4 $38           SEC                         A:6A X:07 Y:02 P:05 SP:FD CPU Cycle:423306549
CFD5 $E9 $01       SBC #$01                    A:6A X:07 Y:02 P:05 SP:FD CPU Cycle:423306551
CFD7 $D0 $FB       BNE $CFD4 = $38             A:69 X:07 Y:02 P:05 SP:FD CPU Cycle:423306553
CFD4 $38           SEC                         A:69 X:07 Y:02 P:05 SP:FD CPU Cycle:423306556
CFD5 $E9 $01       SBC #$01                    A:69 X:07 Y:02 P:05 SP:FD CPU Cycle:423306558
CFD7 $D0 $FB       BNE $CFD4 = $38             A:68 X:07 Y:02 P:05 SP:FD CPU Cycle:423306560
CFD4 $38           SEC                         A:68 X:07 Y:02 P:05 SP:FD CPU Cycle:423306563
CFD5 $E9 $01       SBC #$01                    A:68 X:07 Y:02 P:05 SP:FD CPU Cycle:423306565
CFD7 $D0 $FB       BNE $CFD4 = $38             A:67 X:07 Y:02 P:05 SP:FD CPU Cycle:423306567
CFD4 $38           SEC                         A:67 X:07 Y:02 P:05 SP:FD CPU Cycle:423306570
CFD5 $E9 $01       SBC #$01                    A:67 X:07 Y:02 P:05 SP:FD CPU Cycle:423306572
CFD7 $D0 $FB       BNE $CFD4 = $38             A:66 X:07 Y:02 P:05 SP:FD CPU Cycle:423306574
CFD4 $38           SEC                         A:66 X:07 Y:02 P:05 SP:FD CPU Cycle:423306577
CFD5 $E9 $01       SBC #$01                    A:66 X:07 Y:02 P:05 SP:FD CPU Cycle:423306579
CFD7 $D0 $FB       BNE $CFD4 = $38             A:65 X:07 Y:02 P:05 SP:FD CPU Cycle:423306581
CFD4 $38           SEC                         A:65 X:07 Y:02 P:05 SP:FD CPU Cycle:423306584
CFD5 $E9 $01       SBC #$01                    A:65 X:07 Y:02 P:05 SP:FD CPU Cycle:423306586
CFD7 $D0 $FB       BNE $CFD4 = $38             A:64 X:07 Y:02 P:05 SP:FD CPU Cycle:423306588
CFD4 $38           SEC                         A:64 X:07 Y:02 P:05 SP:FD CPU Cycle:423306591
CFD5 $E9 $01       SBC #$01                    A:64 X:07 Y:02 P:05 SP:FD CPU Cycle:423306593
CFD7 $D0 $FB       BNE $CFD4 = $38             A:63 X:07 Y:02 P:05 SP:FD CPU Cycle:423306595
CFD4 $38           SEC                         A:63 X:07 Y:02 P:05 SP:FD CPU Cycle:423306598
CFD5 $E9 $01       SBC #$01                    A:63 X:07 Y:02 P:05 SP:FD CPU Cycle:423306600
CFD7 $D0 $FB       BNE $CFD4 = $38             A:62 X:07 Y:02 P:05 SP:FD CPU Cycle:423306602
CFD4 $38           SEC                         A:62 X:07 Y:02 P:05 SP:FD CPU Cycle:423306605
CFD5 $E9 $01       SBC #$01                    A:62 X:07 Y:02 P:05 SP:FD CPU Cycle:423306607
CFD7 $D0 $FB       BNE $CFD4 = $38             A:61 X:07 Y:02 P:05 SP:FD CPU Cycle:423306609
CFD4 $38           SEC                         A:61 X:07 Y:02 P:05 SP:FD CPU Cycle:423306612
CFD5 $E9 $01       SBC #$01                    A:61 X:07 Y:02 P:05 SP:FD CPU Cycle:423306614
CFD7 $D0 $FB       BNE $CFD4 = $38             A:60 X:07 Y:02 P:05 SP:FD CPU Cycle:423306616
CFD4 $38           SEC                         A:60 X:07 Y:02 P:05 SP:FD CPU Cycle:423306619
CFD5 $E9 $01       SBC #$01                    A:60 X:07 Y:02 P:05 SP:FD CPU Cycle:423306621
CFD7 $D0 $FB       BNE $CFD4 = $38             A:5F X:07 Y:02 P:05 SP:FD CPU Cycle:423306623
CFD4 $38           SEC                         A:5F X:07 Y:02 P:05 SP:FD CPU Cycle:423306626
CFD5 $E9 $01       SBC #$01                    A:5F X:07 Y:02 P:05 SP:FD CPU Cycle:423306628
CFD7 $D0 $FB       BNE $CFD4 = $38             A:5E X:07 Y:02 P:05 SP:FD CPU Cycle:423306630
CFD4 $38           SEC                         A:5E X:07 Y:02 P:05 SP:FD CPU Cycle:423306633
CFD5 $E9 $01       SBC #$01                    A:5E X:07 Y:02 P:05 SP:FD CPU Cycle:423306635
CFD7 $D0 $FB       BNE $CFD4 = $38             A:5D X:07 Y:02 P:05 SP:FD CPU Cycle:423306637
CFD4 $38           SEC                         A:5D X:07 Y:02 P:05 SP:FD CPU Cycle:423306640
CFD5 $E9 $01       SBC #$01                    A:5D X:07 Y:02 P:05 SP:FD CPU Cycle:423306642
CFD7 $D0 $FB       BNE $CFD4 = $38             A:5C X:07 Y:02 P:05 SP:FD CPU Cycle:423306644
CFD4 $38           SEC                         A:5C X:07 Y:02 P:05 SP:FD CPU Cycle:423306647
CFD5 $E9 $01       SBC #$01                    A:5C X:07 Y:02 P:05 SP:FD CPU Cycle:423306649
CFD7 $D0 $FB       BNE $CFD4 = $38             A:5B X:07 Y:02 P:05 SP:FD CPU Cycle:423306651
CFD4 $38           SEC                         A:5B X:07 Y:02 P:05 SP:FD CPU Cycle:423306654
CFD5 $E9 $01       SBC #$01                    A:5B X:07 Y:02 P:05 SP:FD CPU Cycle:423306656
CFD7 $D0 $FB       BNE $CFD4 = $38             A:5A X:07 Y:02 P:05 SP:FD CPU Cycle:423306658
CFD4 $38           SEC                         A:5A X:07 Y:02 P:05 SP:FD CPU Cycle:423306661
CFD5 $E9 $01       SBC #$01                    A:5A X:07 Y:02 P:05 SP:FD CPU Cycle:423306663
CFD7 $D0 $FB       BNE $CFD4 = $38             A:59 X:07 Y:02 P:05 SP:FD CPU Cycle:423306665
CFD4 $38           SEC                         A:59 X:07 Y:02 P:05 SP:FD CPU Cycle:423306668
CFD5 $E9 $01       SBC #$01                    A:59 X:07 Y:02 P:05 SP:FD CPU Cycle:423306670
CFD7 $D0 $FB       BNE $CFD4 = $38             A:58 X:07 Y:02 P:05 SP:FD CPU Cycle:423306672
CFD4 $38           SEC                         A:58 X:07 Y:02 P:05 SP:FD CPU Cycle:423306675
CFD5 $E9 $01       SBC #$01                    A:58 X:07 Y:02 P:05 SP:FD CPU Cycle:423306677
CFD7 $D0 $FB       BNE $CFD4 = $38             A:57 X:07 Y:02 P:05 SP:FD CPU Cycle:423306679
CFD4 $38           SEC                         A:57 X:07 Y:02 P:05 SP:FD CPU Cycle:423306682
CFD5 $E9 $01       SBC #$01                    A:57 X:07 Y:02 P:05 SP:FD CPU Cycle:423306684
CFD7 $D0 $FB       BNE $CFD4 = $38             A:56 X:07 Y:02 P:05 SP:FD CPU Cycle:423306686
CFD4 $38           SEC                         A:56 X:07 Y:02 P:05 SP:FD CPU Cycle:423306689
CFD5 $E9 $01       SBC #$01                    A:56 X:07 Y:02 P:05 SP:FD CPU Cycle:423306691
CFD7 $D0 $FB       BNE $CFD4 = $38             A:55 X:07 Y:02 P:05 SP:FD CPU Cycle:423306693
CFD4 $38           SEC                         A:55 X:07 Y:02 P:05 SP:FD CPU Cycle:423306696
CFD5 $E9 $01       SBC #$01                    A:55 X:07 Y:02 P:05 SP:FD CPU Cycle:423306698
CFD7 $D0 $FB       BNE $CFD4 = $38             A:54 X:07 Y:02 P:05 SP:FD CPU Cycle:423306700
CFD4 $38           SEC                         A:54 X:07 Y:02 P:05 SP:FD CPU Cycle:423306703
CFD5 $E9 $01       SBC #$01                    A:54 X:07 Y:02 P:05 SP:FD CPU Cycle:423306705
CFD7 $D0 $FB       BNE $CFD4 = $38             A:53 X:07 Y:02 P:05 SP:FD CPU Cycle:423306707
CFD4 $38           SEC                         A:53 X:07 Y:02 P:05 SP:FD CPU Cycle:423306710
CFD5 $E9 $01       SBC #$01                    A:53 X:07 Y:02 P:05 SP:FD CPU Cycle:423306712
CFD7 $D0 $FB       BNE $CFD4 = $38             A:52 X:07 Y:02 P:05 SP:FD CPU Cycle:423306714
CFD4 $38           SEC                         A:52 X:07 Y:02 P:05 SP:FD CPU Cycle:423306717
CFD5 $E9 $01       SBC #$01                    A:52 X:07 Y:02 P:05 SP:FD CPU Cycle:423306719
CFD7 $D0 $FB       BNE $CFD4 = $38             A:51 X:07 Y:02 P:05 SP:FD CPU Cycle:423306721
CFD4 $38           SEC                         A:51 X:07 Y:02 P:05 SP:FD CPU Cycle:423306724
CFD5 $E9 $01       SBC #$01                    A:51 X:07 Y:02 P:05 SP:FD CPU Cycle:423306726
CFD7 $D0 $FB       BNE $CFD4 = $38             A:50 X:07 Y:02 P:05 SP:FD CPU Cycle:423306728
CFD4 $38           SEC                         A:50 X:07 Y:02 P:05 SP:FD CPU Cycle:423306731
CFD5 $E9 $01       SBC #$01                    A:50 X:07 Y:02 P:05 SP:FD CPU Cycle:423306733
CFD7 $D0 $FB       BNE $CFD4 = $38             A:4F X:07 Y:02 P:05 SP:FD CPU Cycle:423306735
CFD4 $38           SEC                         A:4F X:07 Y:02 P:05 SP:FD CPU Cycle:423306738
CFD5 $E9 $01       SBC #$01                    A:4F X:07 Y:02 P:05 SP:FD CPU Cycle:423306740
CFD7 $D0 $FB       BNE $CFD4 = $38             A:4E X:07 Y:02 P:05 SP:FD CPU Cycle:423306742
CFD4 $38           SEC                         A:4E X:07 Y:02 P:05 SP:FD CPU Cycle:423306745
CFD5 $E9 $01       SBC #$01                    A:4E X:07 Y:02 P:05 SP:FD CPU Cycle:423306747
CFD7 $D0 $FB       BNE $CFD4 = $38             A:4D X:07 Y:02 P:05 SP:FD CPU Cycle:423306749
CFD4 $38           SEC                         A:4D X:07 Y:02 P:05 SP:FD CPU Cycle:423306752
CFD5 $E9 $01       SBC #$01                    A:4D X:07 Y:02 P:05 SP:FD CPU Cycle:423306754
CFD7 $D0 $FB       BNE $CFD4 = $38             A:4C X:07 Y:02 P:05 SP:FD CPU Cycle:423306756
CFD4 $38           SEC                         A:4C X:07 Y:02 P:05 SP:FD CPU Cycle:423306759
CFD5 $E9 $01       SBC #$01                    A:4C X:07 Y:02 P:05 SP:FD CPU Cycle:423306761
CFD7 $D0 $FB       BNE $CFD4 = $38             A:4B X:07 Y:02 P:05 SP:FD CPU Cycle:423306763
CFD4 $38           SEC                         A:4B X:07 Y:02 P:05 SP:FD CPU Cycle:423306766
CFD5 $E9 $01       SBC #$01                    A:4B X:07 Y:02 P:05 SP:FD CPU Cycle:423306768
CFD7 $D0 $FB       BNE $CFD4 = $38             A:4A X:07 Y:02 P:05 SP:FD CPU Cycle:423306770
CFD4 $38           SEC                         A:4A X:07 Y:02 P:05 SP:FD CPU Cycle:423306773
CFD5 $E9 $01       SBC #$01                    A:4A X:07 Y:02 P:05 SP:FD CPU Cycle:423306775
CFD7 $D0 $FB       BNE $CFD4 = $38             A:49 X:07 Y:02 P:05 SP:FD CPU Cycle:423306777
CFD4 $38           SEC                         A:49 X:07 Y:02 P:05 SP:FD CPU Cycle:423306780
CFD5 $E9 $01       SBC #$01                    A:49 X:07 Y:02 P:05 SP:FD CPU Cycle:423306782
CFD7 $D0 $FB       BNE $CFD4 = $38             A:48 X:07 Y:02 P:05 SP:FD CPU Cycle:423306784
CFD4 $38           SEC                         A:48 X:07 Y:02 P:05 SP:FD CPU Cycle:423306787
CFD5 $E9 $01       SBC #$01                    A:48 X:07 Y:02 P:05 SP:FD CPU Cycle:423306789
CFD7 $D0 $FB       BNE $CFD4 = $38             A:47 X:07 Y:02 P:05 SP:FD CPU Cycle:423306791
CFD4 $38           SEC                         A:47 X:07 Y:02 P:05 SP:FD CPU Cycle:423306794
CFD5 $E9 $01       SBC #$01                    A:47 X:07 Y:02 P:05 SP:FD CPU Cycle:423306796
CFD7 $D0 $FB       BNE $CFD4 = $38             A:46 X:07 Y:02 P:05 SP:FD CPU Cycle:423306798
CFD4 $38           SEC                         A:46 X:07 Y:02 P:05 SP:FD CPU Cycle:423306801
CFD5 $E9 $01       SBC #$01                    A:46 X:07 Y:02 P:05 SP:FD CPU Cycle:423306803
CFD7 $D0 $FB       BNE $CFD4 = $38             A:45 X:07 Y:02 P:05 SP:FD CPU Cycle:423306805
CFD4 $38           SEC                         A:45 X:07 Y:02 P:05 SP:FD CPU Cycle:423306808
CFD5 $E9 $01       SBC #$01                    A:45 X:07 Y:02 P:05 SP:FD CPU Cycle:423306810
CFD7 $D0 $FB       BNE $CFD4 = $38             A:44 X:07 Y:02 P:05 SP:FD CPU Cycle:423306812
CFD4 $38           SEC                         A:44 X:07 Y:02 P:05 SP:FD CPU Cycle:423306815
CFD5 $E9 $01       SBC #$01                    A:44 X:07 Y:02 P:05 SP:FD CPU Cycle:423306817
CFD7 $D0 $FB       BNE $CFD4 = $38             A:43 X:07 Y:02 P:05 SP:FD CPU Cycle:423306819
CFD4 $38           SEC                         A:43 X:07 Y:02 P:05 SP:FD CPU Cycle:423306822
CFD5 $E9 $01       SBC #$01                    A:43 X:07 Y:02 P:05 SP:FD CPU Cycle:423306824
CFD7 $D0 $FB       BNE $CFD4 = $38             A:42 X:07 Y:02 P:05 SP:FD CPU Cycle:423306826
CFD4 $38           SEC                         A:42 X:07 Y:02 P:05 SP:FD CPU Cycle:423306829
CFD5 $E9 $01       SBC #$01                    A:42 X:07 Y:02 P:05 SP:FD CPU Cycle:423306831
CFD7 $D0 $FB       BNE $CFD4 = $38             A:41 X:07 Y:02 P:05 SP:FD CPU Cycle:423306833
CFD4 $38           SEC                         A:41 X:07 Y:02 P:05 SP:FD CPU Cycle:423306836
CFD5 $E9 $01       SBC #$01                    A:41 X:07 Y:02 P:05 SP:FD CPU Cycle:423306838
CFD7 $D0 $FB       BNE $CFD4 = $38             A:40 X:07 Y:02 P:05 SP:FD CPU Cycle:423306840
CFD4 $38           SEC                         A:40 X:07 Y:02 P:05 SP:FD CPU Cycle:423306843
CFD5 $E9 $01       SBC #$01                    A:40 X:07 Y:02 P:05 SP:FD CPU Cycle:423306845
CFD7 $D0 $FB       BNE $CFD4 = $38             A:3F X:07 Y:02 P:05 SP:FD CPU Cycle:423306847
CFD4 $38           SEC                         A:3F X:07 Y:02 P:05 SP:FD CPU Cycle:423306850
CFD5 $E9 $01       SBC #$01                    A:3F X:07 Y:02 P:05 SP:FD CPU Cycle:423306852
CFD7 $D0 $FB       BNE $CFD4 = $38             A:3E X:07 Y:02 P:05 SP:FD CPU Cycle:423306854
CFD4 $38           SEC                         A:3E X:07 Y:02 P:05 SP:FD CPU Cycle:423306857
CFD5 $E9 $01       SBC #$01                    A:3E X:07 Y:02 P:05 SP:FD CPU Cycle:423306859
CFD7 $D0 $FB       BNE $CFD4 = $38             A:3D X:07 Y:02 P:05 SP:FD CPU Cycle:423306861
CFD4 $38           SEC                         A:3D X:07 Y:02 P:05 SP:FD CPU Cycle:423306864
CFD5 $E9 $01       SBC #$01                    A:3D X:07 Y:02 P:05 SP:FD CPU Cycle:423306866
CFD7 $D0 $FB       BNE $CFD4 = $38             A:3C X:07 Y:02 P:05 SP:FD CPU Cycle:423306868
CFD4 $38           SEC                         A:3C X:07 Y:02 P:05 SP:FD CPU Cycle:423306871
CFD5 $E9 $01       SBC #$01                    A:3C X:07 Y:02 P:05 SP:FD CPU Cycle:423306873
CFD7 $D0 $FB       BNE $CFD4 = $38             A:3B X:07 Y:02 P:05 SP:FD CPU Cycle:423306875
CFD4 $38           SEC                         A:3B X:07 Y:02 P:05 SP:FD CPU Cycle:423306878
CFD5 $E9 $01       SBC #$01                    A:3B X:07 Y:02 P:05 SP:FD CPU Cycle:423306880
CFD7 $D0 $FB       BNE $CFD4 = $38             A:3A X:07 Y:02 P:05 SP:FD CPU Cycle:423306882
CFD4 $38           SEC                         A:3A X:07 Y:02 P:05 SP:FD CPU Cycle:423306885
CFD5 $E9 $01       SBC #$01                    A:3A X:07 Y:02 P:05 SP:FD CPU Cycle:423306887
CFD7 $D0 $FB       BNE $CFD4 = $38             A:39 X:07 Y:02 P:05 SP:FD CPU Cycle:423306889
CFD4 $38           SEC                         A:39 X:07 Y:02 P:05 SP:FD CPU Cycle:423306892
CFD5 $E9 $01       SBC #$01                    A:39 X:07 Y:02 P:05 SP:FD CPU Cycle:423306894
CFD7 $D0 $FB       BNE $CFD4 = $38             A:38 X:07 Y:02 P:05 SP:FD CPU Cycle:423306896
CFD4 $38           SEC                         A:38 X:07 Y:02 P:05 SP:FD CPU Cycle:423306899
CFD5 $E9 $01       SBC #$01                    A:38 X:07 Y:02 P:05 SP:FD CPU Cycle:423306901
CFD7 $D0 $FB       BNE $CFD4 = $38             A:37 X:07 Y:02 P:05 SP:FD CPU Cycle:423306903
CFD4 $38           SEC                         A:37 X:07 Y:02 P:05 SP:FD CPU Cycle:423306906
CFD5 $E9 $01       SBC #$01                    A:37 X:07 Y:02 P:05 SP:FD CPU Cycle:423306908
CFD7 $D0 $FB       BNE $CFD4 = $38             A:36 X:07 Y:02 P:05 SP:FD CPU Cycle:423306910
CFD4 $38           SEC                         A:36 X:07 Y:02 P:05 SP:FD CPU Cycle:423306913
CFD5 $E9 $01       SBC #$01                    A:36 X:07 Y:02 P:05 SP:FD CPU Cycle:423306915
CFD7 $D0 $FB       BNE $CFD4 = $38             A:35 X:07 Y:02 P:05 SP:FD CPU Cycle:423306917
CFD4 $38           SEC                         A:35 X:07 Y:02 P:05 SP:FD CPU Cycle:423306920
CFD5 $E9 $01       SBC #$01                    A:35 X:07 Y:02 P:05 SP:FD CPU Cycle:423306922
CFD7 $D0 $FB       BNE $CFD4 = $38             A:34 X:07 Y:02 P:05 SP:FD CPU Cycle:423306924
CFD4 $38           SEC                         A:34 X:07 Y:02 P:05 SP:FD CPU Cycle:423306927
CFD5 $E9 $01       SBC #$01                    A:34 X:07 Y:02 P:05 SP:FD CPU Cycle:423306929
CFD7 $D0 $FB       BNE $CFD4 = $38             A:33 X:07 Y:02 P:05 SP:FD CPU Cycle:423306931
CFD4 $38           SEC                         A:33 X:07 Y:02 P:05 SP:FD CPU Cycle:423306934
CFD5 $E9 $01       SBC #$01                    A:33 X:07 Y:02 P:05 SP:FD CPU Cycle:423306936
CFD7 $D0 $FB       BNE $CFD4 = $38             A:32 X:07 Y:02 P:05 SP:FD CPU Cycle:423306938
CFD4 $38           SEC                         A:32 X:07 Y:02 P:05 SP:FD CPU Cycle:423306941
CFD5 $E9 $01       SBC #$01                    A:32 X:07 Y:02 P:05 SP:FD CPU Cycle:423306943
CFD7 $D0 $FB       BNE $CFD4 = $38             A:31 X:07 Y:02 P:05 SP:FD CPU Cycle:423306945
CFD4 $38           SEC                         A:31 X:07 Y:02 P:05 SP:FD CPU Cycle:423306948
CFD5 $E9 $01       SBC #$01                    A:31 X:07 Y:02 P:05 SP:FD CPU Cycle:423306950
CFD7 $D0 $FB       BNE $CFD4 = $38             A:30 X:07 Y:02 P:05 SP:FD CPU Cycle:423306952
CFD4 $38           SEC                         A:30 X:07 Y:02 P:05 SP:FD CPU Cycle:423306955
CFD5 $E9 $01       SBC #$01                    A:30 X:07 Y:02 P:05 SP:FD CPU Cycle:423306957
CFD7 $D0 $FB       BNE $CFD4 = $38             A:2F X:07 Y:02 P:05 SP:FD CPU Cycle:423306959
CFD4 $38           SEC                         A:2F X:07 Y:02 P:05 SP:FD CPU Cycle:423306962
CFD5 $E9 $01       SBC #$01                    A:2F X:07 Y:02 P:05 SP:FD CPU Cycle:423306964
CFD7 $D0 $FB       BNE $CFD4 = $38             A:2E X:07 Y:02 P:05 SP:FD CPU Cycle:423306966
CFD4 $38           SEC                         A:2E X:07 Y:02 P:05 SP:FD CPU Cycle:423306969
CFD5 $E9 $01       SBC #$01                    A:2E X:07 Y:02 P:05 SP:FD CPU Cycle:423306971
CFD7 $D0 $FB       BNE $CFD4 = $38             A:2D X:07 Y:02 P:05 SP:FD CPU Cycle:423306973
CFD4 $38           SEC                         A:2D X:07 Y:02 P:05 SP:FD CPU Cycle:423306976
CFD5 $E9 $01       SBC #$01                    A:2D X:07 Y:02 P:05 SP:FD CPU Cycle:423306978
CFD7 $D0 $FB       BNE $CFD4 = $38             A:2C X:07 Y:02 P:05 SP:FD CPU Cycle:423306980
CFD4 $38           SEC                         A:2C X:07 Y:02 P:05 SP:FD CPU Cycle:423306983
CFD5 $E9 $01       SBC #$01                    A:2C X:07 Y:02 P:05 SP:FD CPU Cycle:423306985
CFD7 $D0 $FB       BNE $CFD4 = $38             A:2B X:07 Y:02 P:05 SP:FD CPU Cycle:423306987
CFD4 $38           SEC                         A:2B X:07 Y:02 P:05 SP:FD CPU Cycle:423306990
CFD5 $E9 $01       SBC #$01                    A:2B X:07 Y:02 P:05 SP:FD CPU Cycle:423306992
CFD7 $D0 $FB       BNE $CFD4 = $38             A:2A X:07 Y:02 P:05 SP:FD CPU Cycle:423306994
CFD4 $38           SEC                         A:2A X:07 Y:02 P:05 SP:FD CPU Cycle:423306997
CFD5 $E9 $01       SBC #$01                    A:2A X:07 Y:02 P:05 SP:FD CPU Cycle:423306999
CFD7 $D0 $FB       BNE $CFD4 = $38             A:29 X:07 Y:02 P:05 SP:FD CPU Cycle:423307001
CFD4 $38           SEC                         A:29 X:07 Y:02 P:05 SP:FD CPU Cycle:423307004
CFD5 $E9 $01       SBC #$01                    A:29 X:07 Y:02 P:05 SP:FD CPU Cycle:423307006
CFD7 $D0 $FB       BNE $CFD4 = $38             A:28 X:07 Y:02 P:05 SP:FD CPU Cycle:423307008
CFD4 $38           SEC                         A:28 X:07 Y:02 P:05 SP:FD CPU Cycle:423307011
CFD5 $E9 $01       SBC #$01                    A:28 X:07 Y:02 P:05 SP:FD CPU Cycle:423307013
CFD7 $D0 $FB       BNE $CFD4 = $38             A:27 X:07 Y:02 P:05 SP:FD CPU Cycle:423307015
CFD4 $38           SEC                         A:27 X:07 Y:02 P:05 SP:FD CPU Cycle:423307018
CFD5 $E9 $01       SBC #$01                    A:27 X:07 Y:02 P:05 SP:FD CPU Cycle:423307020
CFD7 $D0 $FB       BNE $CFD4 = $38             A:26 X:07 Y:02 P:05 SP:FD CPU Cycle:423307022
CFD4 $38           SEC                         A:26 X:07 Y:02 P:05 SP:FD CPU Cycle:423307025
CFD5 $E9 $01       SBC #$01                    A:26 X:07 Y:02 P:05 SP:FD CPU Cycle:423307027
CFD7 $D0 $FB       BNE $CFD4 = $38             A:25 X:07 Y:02 P:05 SP:FD CPU Cycle:423307029
CFD4 $38           SEC                         A:25 X:07 Y:02 P:05 SP:FD CPU Cycle:423307032
CFD5 $E9 $01       SBC #$01                    A:25 X:07 Y:02 P:05 SP:FD CPU Cycle:423307034
CFD7 $D0 $FB       BNE $CFD4 = $38             A:24 X:07 Y:02 P:05 SP:FD CPU Cycle:423307036
CFD4 $38           SEC                         A:24 X:07 Y:02 P:05 SP:FD CPU Cycle:423307039
CFD5 $E9 $01       SBC #$01                    A:24 X:07 Y:02 P:05 SP:FD CPU Cycle:423307041
CFD7 $D0 $FB       BNE $CFD4 = $38             A:23 X:07 Y:02 P:05 SP:FD CPU Cycle:423307043
CFD4 $38           SEC                         A:23 X:07 Y:02 P:05 SP:FD CPU Cycle:423307046
CFD5 $E9 $01       SBC #$01                    A:23 X:07 Y:02 P:05 SP:FD CPU Cycle:423307048
CFD7 $D0 $FB       BNE $CFD4 = $38             A:22 X:07 Y:02 P:05 SP:FD CPU Cycle:423307050
CFD4 $38           SEC                         A:22 X:07 Y:02 P:05 SP:FD CPU Cycle:423307053
CFD5 $E9 $01       SBC #$01                    A:22 X:07 Y:02 P:05 SP:FD CPU Cycle:423307055
CFD7 $D0 $FB       BNE $CFD4 = $38             A:21 X:07 Y:02 P:05 SP:FD CPU Cycle:423307057
CFD4 $38           SEC                         A:21 X:07 Y:02 P:05 SP:FD CPU Cycle:423307060
CFD5 $E9 $01       SBC #$01                    A:21 X:07 Y:02 P:05 SP:FD CPU Cycle:423307062
CFD7 $D0 $FB       BNE $CFD4 = $38             A:20 X:07 Y:02 P:05 SP:FD CPU Cycle:423307064
CFD4 $38           SEC                         A:20 X:07 Y:02 P:05 SP:FD CPU Cycle:423307067
CFD5 $E9 $01       SBC #$01                    A:20 X:07 Y:02 P:05 SP:FD CPU Cycle:423307069
CFD7 $D0 $FB       BNE $CFD4 = $38             A:1F X:07 Y:02 P:05 SP:FD CPU Cycle:423307071
CFD4 $38           SEC                         A:1F X:07 Y:02 P:05 SP:FD CPU Cycle:423307074
CFD5 $E9 $01       SBC #$01                    A:1F X:07 Y:02 P:05 SP:FD CPU Cycle:423307076
CFD7 $D0 $FB       BNE $CFD4 = $38             A:1E X:07 Y:02 P:05 SP:FD CPU Cycle:423307078
CFD4 $38           SEC                         A:1E X:07 Y:02 P:05 SP:FD CPU Cycle:423307081
CFD5 $E9 $01       SBC #$01                    A:1E X:07 Y:02 P:05 SP:FD CPU Cycle:423307083
CFD7 $D0 $FB       BNE $CFD4 = $38             A:1D X:07 Y:02 P:05 SP:FD CPU Cycle:423307085
CFD4 $38           SEC                         A:1D X:07 Y:02 P:05 SP:FD CPU Cycle:423307088
CFD5 $E9 $01       SBC #$01                    A:1D X:07 Y:02 P:05 SP:FD CPU Cycle:423307090
CFD7 $D0 $FB       BNE $CFD4 = $38             A:1C X:07 Y:02 P:05 SP:FD CPU Cycle:423307092
CFD4 $38           SEC                         A:1C X:07 Y:02 P:05 SP:FD CPU Cycle:423307095
CFD5 $E9 $01       SBC #$01                    A:1C X:07 Y:02 P:05 SP:FD CPU Cycle:423307097
CFD7 $D0 $FB       BNE $CFD4 = $38             A:1B X:07 Y:02 P:05 SP:FD CPU Cycle:423307099
CFD4 $38           SEC                         A:1B X:07 Y:02 P:05 SP:FD CPU Cycle:423307102
CFD5 $E9 $01       SBC #$01                    A:1B X:07 Y:02 P:05 SP:FD CPU Cycle:423307104
CFD7 $D0 $FB       BNE $CFD4 = $38             A:1A X:07 Y:02 P:05 SP:FD CPU Cycle:423307106
CFD4 $38           SEC                         A:1A X:07 Y:02 P:05 SP:FD CPU Cycle:423307109
CFD5 $E9 $01       SBC #$01                    A:1A X:07 Y:02 P:05 SP:FD CPU Cycle:423307111
CFD7 $D0 $FB       BNE $CFD4 = $38             A:19 X:07 Y:02 P:05 SP:FD CPU Cycle:423307113
CFD4 $38           SEC                         A:19 X:07 Y:02 P:05 SP:FD CPU Cycle:423307116
CFD5 $E9 $01       SBC #$01                    A:19 X:07 Y:02 P:05 SP:FD CPU Cycle:423307118
CFD7 $D0 $FB       BNE $CFD4 = $38             A:18 X:07 Y:02 P:05 SP:FD CPU Cycle:423307120
CFD4 $38           SEC                         A:18 X:07 Y:02 P:05 SP:FD CPU Cycle:423307123
CFD5 $E9 $01       SBC #$01                    A:18 X:07 Y:02 P:05 SP:FD CPU Cycle:423307125
CFD7 $D0 $FB       BNE $CFD4 = $38             A:17 X:07 Y:02 P:05 SP:FD CPU Cycle:423307127
CFD4 $38           SEC                         A:17 X:07 Y:02 P:05 SP:FD CPU Cycle:423307130
CFD5 $E9 $01       SBC #$01                    A:17 X:07 Y:02 P:05 SP:FD CPU Cycle:423307132
CFD7 $D0 $FB       BNE $CFD4 = $38             A:16 X:07 Y:02 P:05 SP:FD CPU Cycle:423307134
CFD4 $38           SEC                         A:16 X:07 Y:02 P:05 SP:FD CPU Cycle:423307137
CFD5 $E9 $01       SBC #$01                    A:16 X:07 Y:02 P:05 SP:FD CPU Cycle:423307139
CFD7 $D0 $FB       BNE $CFD4 = $38             A:15 X:07 Y:02 P:05 SP:FD CPU Cycle:423307141
CFD4 $38           SEC                         A:15 X:07 Y:02 P:05 SP:FD CPU Cycle:423307144
CFD5 $E9 $01       SBC #$01                    A:15 X:07 Y:02 P:05 SP:FD CPU Cycle:423307146
CFD7 $D0 $FB       BNE $CFD4 = $38             A:14 X:07 Y:02 P:05 SP:FD CPU Cycle:423307148
CFD4 $38           SEC                         A:14 X:07 Y:02 P:05 SP:FD CPU Cycle:423307151
CFD5 $E9 $01       SBC #$01                    A:14 X:07 Y:02 P:05 SP:FD CPU Cycle:423307153
CFD7 $D0 $FB       BNE $CFD4 = $38             A:13 X:07 Y:02 P:05 SP:FD CPU Cycle:423307155
CFD4 $38           SEC                         A:13 X:07 Y:02 P:05 SP:FD CPU Cycle:423307158
CFD5 $E9 $01       SBC #$01                    A:13 X:07 Y:02 P:05 SP:FD CPU Cycle:423307160
CFD7 $D0 $FB       BNE $CFD4 = $38             A:12 X:07 Y:02 P:05 SP:FD CPU Cycle:423307162
CFD4 $38           SEC                         A:12 X:07 Y:02 P:05 SP:FD CPU Cycle:423307165
CFD5 $E9 $01       SBC #$01                    A:12 X:07 Y:02 P:05 SP:FD CPU Cycle:423307167
CFD7 $D0 $FB       BNE $CFD4 = $38             A:11 X:07 Y:02 P:05 SP:FD CPU Cycle:423307169
CFD4 $38           SEC                         A:11 X:07 Y:02 P:05 SP:FD CPU Cycle:423307172
CFD5 $E9 $01       SBC #$01                    A:11 X:07 Y:02 P:05 SP:FD CPU Cycle:423307174
CFD7 $D0 $FB       BNE $CFD4 = $38             A:10 X:07 Y:02 P:05 SP:FD CPU Cycle:423307176
CFD4 $38           SEC                         A:10 X:07 Y:02 P:05 SP:FD CPU Cycle:423307179
CFD5 $E9 $01       SBC #$01                    A:10 X:07 Y:02 P:05 SP:FD CPU Cycle:423307181
CFD7 $D0 $FB       BNE $CFD4 = $38             A:0F X:07 Y:02 P:05 SP:FD CPU Cycle:423307183
CFD4 $38           SEC                         A:0F X:07 Y:02 P:05 SP:FD CPU Cycle:423307186
CFD5 $E9 $01       SBC #$01                    A:0F X:07 Y:02 P:05 SP:FD CPU Cycle:423307188
CFD7 $D0 $FB       BNE $CFD4 = $38             A:0E X:07 Y:02 P:05 SP:FD CPU Cycle:423307190
CFD4 $38           SEC                         A:0E X:07 Y:02 P:05 SP:FD CPU Cycle:423307193
CFD5 $E9 $01       SBC #$01                    A:0E X:07 Y:02 P:05 SP:FD CPU Cycle:423307195
CFD7 $D0 $FB       BNE $CFD4 = $38             A:0D X:07 Y:02 P:05 SP:FD CPU Cycle:423307197
CFD4 $38           SEC                         A:0D X:07 Y:02 P:05 SP:FD CPU Cycle:423307200
CFD5 $E9 $01       SBC #$01                    A:0D X:07 Y:02 P:05 SP:FD CPU Cycle:423307202
CFD7 $D0 $FB       BNE $CFD4 = $38             A:0C X:07 Y:02 P:05 SP:FD CPU Cycle:423307204
CFD4 $38           SEC                         A:0C X:07 Y:02 P:05 SP:FD CPU Cycle:423307207
CFD5 $E9 $01       SBC #$01                    A:0C X:07 Y:02 P:05 SP:FD CPU Cycle:423307209
CFD7 $D0 $FB       BNE $CFD4 = $38             A:0B X:07 Y:02 P:05 SP:FD CPU Cycle:423307211
CFD4 $38           SEC                         A:0B X:07 Y:02 P:05 SP:FD CPU Cycle:423307214
CFD5 $E9 $01       SBC #$01                    A:0B X:07 Y:02 P:05 SP:FD CPU Cycle:423307216
CFD7 $D0 $FB       BNE $CFD4 = $38             A:0A X:07 Y:02 P:05 SP:FD CPU Cycle:423307218
CFD4 $38           SEC                         A:0A X:07 Y:02 P:05 SP:FD CPU Cycle:423307221
CFD5 $E9 $01       SBC #$01                    A:0A X:07 Y:02 P:05 SP:FD CPU Cycle:423307223
CFD7 $D0 $FB       BNE $CFD4 = $38             A:09 X:07 Y:02 P:05 SP:FD CPU Cycle:423307225
CFD4 $38           SEC                         A:09 X:07 Y:02 P:05 SP:FD CPU Cycle:423307228
CFD5 $E9 $01       SBC #$01                    A:09 X:07 Y:02 P:05 SP:FD CPU Cycle:423307230
CFD7 $D0 $FB       BNE $CFD4 = $38             A:08 X:07 Y:02 P:05 SP:FD CPU Cycle:423307232
CFD4 $38           SEC                         A:08 X:07 Y:02 P:05 SP:FD CPU Cycle:423307235
CFD5 $E9 $01       SBC #$01                    A:08 X:07 Y:02 P:05 SP:FD CPU Cycle:423307237
CFD7 $D0 $FB       BNE $CFD4 = $38             A:07 X:07 Y:02 P:05 SP:FD CPU Cycle:423307239
CFD4 $38           SEC                         A:07 X:07 Y:02 P:05 SP:FD CPU Cycle:423307242
CFD5 $E9 $01       SBC #$01                    A:07 X:07 Y:02 P:05 SP:FD CPU Cycle:423307244
CFD7 $D0 $FB       BNE $CFD4 = $38             A:06 X:07 Y:02 P:05 SP:FD CPU Cycle:423307246
CFD4 $38           SEC                         A:06 X:07 Y:02 P:05 SP:FD CPU Cycle:423307249
CFD5 $E9 $01       SBC #$01                    A:06 X:07 Y:02 P:05 SP:FD CPU Cycle:423307251
CFD7 $D0 $FB       BNE $CFD4 = $38             A:05 X:07 Y:02 P:05 SP:FD CPU Cycle:423307253
CFD4 $38           SEC                         A:05 X:07 Y:02 P:05 SP:FD CPU Cycle:423307256
CFD5 $E9 $01       SBC #$01                    A:05 X:07 Y:02 P:05 SP:FD CPU Cycle:423307258
CFD7 $D0 $FB       BNE $CFD4 = $38             A:04 X:07 Y:02 P:05 SP:FD CPU Cycle:423307260
CFD4 $38           SEC                         A:04 X:07 Y:02 P:05 SP:FD CPU Cycle:423307263
CFD5 $E9 $01       SBC #$01                    A:04 X:07 Y:02 P:05 SP:FD CPU Cycle:423307265
CFD7 $D0 $FB       BNE $CFD4 = $38             A:03 X:07 Y:02 P:05 SP:FD CPU Cycle:423307267
CFD4 $38           SEC                         A:03 X:07 Y:02 P:05 SP:FD CPU Cycle:423307270
CFD5 $E9 $01       SBC #$01                    A:03 X:07 Y:02 P:05 SP:FD CPU Cycle:423307272
CFD7 $D0 $FB       BNE $CFD4 = $38             A:02 X:07 Y:02 P:05 SP:FD CPU Cycle:423307274
CFD4 $38           SEC                         A:02 X:07 Y:02 P:05 SP:FD CPU Cycle:423307277
CFD5 $E9 $01       SBC #$01                    A:02 X:07 Y:02 P:05 SP:FD CPU Cycle:423307279
CFD7 $D0 $FB       BNE $CFD4 = $38             A:01 X:07 Y:02 P:05 SP:FD CPU Cycle:423307281
CFD4 $38           SEC                         A:01 X:07 Y:02 P:05 SP:FD CPU Cycle:423307284
CFD5 $E9 $01       SBC #$01                    A:01 X:07 Y:02 P:05 SP:FD CPU Cycle:423307286
CFD7 $D0 $FB       BNE $CFD4 = $38             A:00 X:07 Y:02 P:07 SP:FD CPU Cycle:423307288
CFD9 $CA           DEX                         A:00 X:07 Y:02 P:07 SP:FD CPU Cycle:423307290
CFDA $D0 $F8       BNE $CFD4 = $38             A:00 X:06 Y:02 P:05 SP:FD CPU Cycle:423307292
CFD4 $38           SEC                         A:00 X:06 Y:02 P:05 SP:FD CPU Cycle:423307295
CFD5 $E9 $01       SBC #$01                    A:00 X:06 Y:02 P:05 SP:FD CPU Cycle:423307297
CFD7 $D0 $FB       BNE $CFD4 = $38             A:FF X:06 Y:02 P:84 SP:FD CPU Cycle:423307299
CFD4 $38           SEC                         A:FF X:06 Y:02 P:84 SP:FD CPU Cycle:423307302
CFD5 $E9 $01       SBC #$01                    A:FF X:06 Y:02 P:85 SP:FD CPU Cycle:423307304
CFD7 $D0 $FB       BNE $CFD4 = $38             A:FE X:06 Y:02 P:85 SP:FD CPU Cycle:423307306
CFD4 $38           SEC                         A:FE X:06 Y:02 P:85 SP:FD CPU Cycle:423307309
CFD5 $E9 $01       SBC #$01                    A:FE X:06 Y:02 P:85 SP:FD CPU Cycle:423307311
CFD7 $D0 $FB       BNE $CFD4 = $38             A:FD X:06 Y:02 P:85 SP:FD CPU Cycle:423307313
CFD4 $38           SEC                         A:FD X:06 Y:02 P:85 SP:FD CPU Cycle:423307316
CFD5 $E9 $01       SBC #$01                    A:FD X:06 Y:02 P:85 SP:FD CPU Cycle:423307318
CFD7 $D0 $FB       BNE $CFD4 = $38             A:FC X:06 Y:02 P:85 SP:FD CPU Cycle:423307320
CFD4 $38           SEC                         A:FC X:06 Y:02 P:85 SP:FD CPU Cycle:423307323
CFD5 $E9 $01       SBC #$01                    A:FC X:06 Y:02 P:85 SP:FD CPU Cycle:423307325
CFD7 $D0 $FB       BNE $CFD4 = $38             A:FB X:06 Y:02 P:85 SP:FD CPU Cycle:423307327
CFD4 $38           SEC                         A:FB X:06 Y:02 P:85 SP:FD CPU Cycle:423307330
CFD5 $E9 $01       SBC #$01                    A:FB X:06 Y:02 P:85 SP:FD CPU Cycle:423307332
CFD7 $D0 $FB       BNE $CFD4 = $38             A:FA X:06 Y:02 P:85 SP:FD CPU Cycle:423307334
CFD4 $38           SEC                         A:FA X:06 Y:02 P:85 SP:FD CPU Cycle:423307337
CFD5 $E9 $01       SBC #$01                    A:FA X:06 Y:02 P:85 SP:FD CPU Cycle:423307339
CFD7 $D0 $FB       BNE $CFD4 = $38             A:F9 X:06 Y:02 P:85 SP:FD CPU Cycle:423307341
CFD4 $38           SEC                         A:F9 X:06 Y:02 P:85 SP:FD CPU Cycle:423307344
CFD5 $E9 $01       SBC #$01                    A:F9 X:06 Y:02 P:85 SP:FD CPU Cycle:423307346
CFD7 $D0 $FB       BNE $CFD4 = $38             A:F8 X:06 Y:02 P:85 SP:FD CPU Cycle:423307348
CFD4 $38           SEC                         A:F8 X:06 Y:02 P:85 SP:FD CPU Cycle:423307351
CFD5 $E9 $01       SBC #$01                    A:F8 X:06 Y:02 P:85 SP:FD CPU Cycle:423307353
CFD7 $D0 $FB       BNE $CFD4 = $38             A:F7 X:06 Y:02 P:85 SP:FD CPU Cycle:423307355
CFD4 $38           SEC                         A:F7 X:06 Y:02 P:85 SP:FD CPU Cycle:423307358
CFD5 $E9 $01       SBC #$01                    A:F7 X:06 Y:02 P:85 SP:FD CPU Cycle:423307360
CFD7 $D0 $FB       BNE $CFD4 = $38             A:F6 X:06 Y:02 P:85 SP:FD CPU Cycle:423307362
CFD4 $38           SEC                         A:F6 X:06 Y:02 P:85 SP:FD CPU Cycle:423307365
CFD5 $E9 $01       SBC #$01                    A:F6 X:06 Y:02 P:85 SP:FD CPU Cycle:423307367
CFD7 $D0 $FB       BNE $CFD4 = $38             A:F5 X:06 Y:02 P:85 SP:FD CPU Cycle:423307369
CFD4 $38           SEC                         A:F5 X:06 Y:02 P:85 SP:FD CPU Cycle:423307372
CFD5 $E9 $01       SBC #$01                    A:F5 X:06 Y:02 P:85 SP:FD CPU Cycle:423307374
CFD7 $D0 $FB       BNE $CFD4 = $38             A:F4 X:06 Y:02 P:85 SP:FD CPU Cycle:423307376
CFD4 $38           SEC                         A:F4 X:06 Y:02 P:85 SP:FD CPU Cycle:423307379
CFD5 $E9 $01       SBC #$01                    A:F4 X:06 Y:02 P:85 SP:FD CPU Cycle:423307381
CFD7 $D0 $FB       BNE $CFD4 = $38             A:F3 X:06 Y:02 P:85 SP:FD CPU Cycle:423307383
CFD4 $38           SEC                         A:F3 X:06 Y:02 P:85 SP:FD CPU Cycle:423307386
CFD5 $E9 $01       SBC #$01                    A:F3 X:06 Y:02 P:85 SP:FD CPU Cycle:423307388
CFD7 $D0 $FB       BNE $CFD4 = $38             A:F2 X:06 Y:02 P:85 SP:FD CPU Cycle:423307390
CFD4 $38           SEC                         A:F2 X:06 Y:02 P:85 SP:FD CPU Cycle:423307393
CFD5 $E9 $01       SBC #$01                    A:F2 X:06 Y:02 P:85 SP:FD CPU Cycle:423307395
CFD7 $D0 $FB       BNE $CFD4 = $38             A:F1 X:06 Y:02 P:85 SP:FD CPU Cycle:423307397
CFD4 $38           SEC                         A:F1 X:06 Y:02 P:85 SP:FD CPU Cycle:423307400
CFD5 $E9 $01       SBC #$01                    A:F1 X:06 Y:02 P:85 SP:FD CPU Cycle:423307402
CFD7 $D0 $FB       BNE $CFD4 = $38             A:F0 X:06 Y:02 P:85 SP:FD CPU Cycle:423307404
CFD4 $38           SEC                         A:F0 X:06 Y:02 P:85 SP:FD CPU Cycle:423307407
CFD5 $E9 $01       SBC #$01                    A:F0 X:06 Y:02 P:85 SP:FD CPU Cycle:423307409
CFD7 $D0 $FB       BNE $CFD4 = $38             A:EF X:06 Y:02 P:85 SP:FD CPU Cycle:423307411
CFD4 $38           SEC                         A:EF X:06 Y:02 P:85 SP:FD CPU Cycle:423307414
CFD5 $E9 $01       SBC #$01                    A:EF X:06 Y:02 P:85 SP:FD CPU Cycle:423307416
CFD7 $D0 $FB       BNE $CFD4 = $38             A:EE X:06 Y:02 P:85 SP:FD CPU Cycle:423307418
CFD4 $38           SEC                         A:EE X:06 Y:02 P:85 SP:FD CPU Cycle:423307421
CFD5 $E9 $01       SBC #$01                    A:EE X:06 Y:02 P:85 SP:FD CPU Cycle:423307423
CFD7 $D0 $FB       BNE $CFD4 = $38             A:ED X:06 Y:02 P:85 SP:FD CPU Cycle:423307425
CFD4 $38           SEC                         A:ED X:06 Y:02 P:85 SP:FD CPU Cycle:423307428
CFD5 $E9 $01       SBC #$01                    A:ED X:06 Y:02 P:85 SP:FD CPU Cycle:423307430
CFD7 $D0 $FB       BNE $CFD4 = $38             A:EC X:06 Y:02 P:85 SP:FD CPU Cycle:423307432
CFD4 $38           SEC                         A:EC X:06 Y:02 P:85 SP:FD CPU Cycle:423307435
CFD5 $E9 $01       SBC #$01                    A:EC X:06 Y:02 P:85 SP:FD CPU Cycle:423307437
CFD7 $D0 $FB       BNE $CFD4 = $38             A:EB X:06 Y:02 P:85 SP:FD CPU Cycle:423307439
CFD4 $38           SEC                         A:EB X:06 Y:02 P:85 SP:FD CPU Cycle:423307442
CFD5 $E9 $01       SBC #$01                    A:EB X:06 Y:02 P:85 SP:FD CPU Cycle:423307444
CFD7 $D0 $FB       BNE $CFD4 = $38             A:EA X:06 Y:02 P:85 SP:FD CPU Cycle:423307446
CFD4 $38           SEC                         A:EA X:06 Y:02 P:85 SP:FD CPU Cycle:423307449
CFD5 $E9 $01       SBC #$01                    A:EA X:06 Y:02 P:85 SP:FD CPU Cycle:423307451
CFD7 $D0 $FB       BNE $CFD4 = $38             A:E9 X:06 Y:02 P:85 SP:FD CPU Cycle:423307453
CFD4 $38           SEC                         A:E9 X:06 Y:02 P:85 SP:FD CPU Cycle:423307456
CFD5 $E9 $01       SBC #$01                    A:E9 X:06 Y:02 P:85 SP:FD CPU Cycle:423307458
CFD7 $D0 $FB       BNE $CFD4 = $38             A:E8 X:06 Y:02 P:85 SP:FD CPU Cycle:423307460
CFD4 $38           SEC                         A:E8 X:06 Y:02 P:85 SP:FD CPU Cycle:423307463
CFD5 $E9 $01       SBC #$01                    A:E8 X:06 Y:02 P:85 SP:FD CPU Cycle:423307465
CFD7 $D0 $FB       BNE $CFD4 = $38             A:E7 X:06 Y:02 P:85 SP:FD CPU Cycle:423307467
CFD4 $38           SEC                         A:E7 X:06 Y:02 P:85 SP:FD CPU Cycle:423307470
CFD5 $E9 $01       SBC #$01                    A:E7 X:06 Y:02 P:85 SP:FD CPU Cycle:423307472
CFD7 $D0 $FB       BNE $CFD4 = $38             A:E6 X:06 Y:02 P:85 SP:FD CPU Cycle:423307474
CFD4 $38           SEC                         A:E6 X:06 Y:02 P:85 SP:FD CPU Cycle:423307477
CFD5 $E9 $01       SBC #$01                    A:E6 X:06 Y:02 P:85 SP:FD CPU Cycle:423307479
CFD7 $D0 $FB       BNE $CFD4 = $38             A:E5 X:06 Y:02 P:85 SP:FD CPU Cycle:423307481
CFD4 $38           SEC                         A:E5 X:06 Y:02 P:85 SP:FD CPU Cycle:423307484
CFD5 $E9 $01       SBC #$01                    A:E5 X:06 Y:02 P:85 SP:FD CPU Cycle:423307486
CFD7 $D0 $FB       BNE $CFD4 = $38             A:E4 X:06 Y:02 P:85 SP:FD CPU Cycle:423307488
CFD4 $38           SEC                         A:E4 X:06 Y:02 P:85 SP:FD CPU Cycle:423307491
CFD5 $E9 $01       SBC #$01                    A:E4 X:06 Y:02 P:85 SP:FD CPU Cycle:423307493
CFD7 $D0 $FB       BNE $CFD4 = $38             A:E3 X:06 Y:02 P:85 SP:FD CPU Cycle:423307495
CFD4 $38           SEC                         A:E3 X:06 Y:02 P:85 SP:FD CPU Cycle:423307498
CFD5 $E9 $01       SBC #$01                    A:E3 X:06 Y:02 P:85 SP:FD CPU Cycle:423307500
CFD7 $D0 $FB       BNE $CFD4 = $38             A:E2 X:06 Y:02 P:85 SP:FD CPU Cycle:423307502
CFD4 $38           SEC                         A:E2 X:06 Y:02 P:85 SP:FD CPU Cycle:423307505
CFD5 $E9 $01       SBC #$01                    A:E2 X:06 Y:02 P:85 SP:FD CPU Cycle:423307507
CFD7 $D0 $FB       BNE $CFD4 = $38             A:E1 X:06 Y:02 P:85 SP:FD CPU Cycle:423307509
CFD4 $38           SEC                         A:E1 X:06 Y:02 P:85 SP:FD CPU Cycle:423307512
CFD5 $E9 $01       SBC #$01                    A:E1 X:06 Y:02 P:85 SP:FD CPU Cycle:423307514
CFD7 $D0 $FB       BNE $CFD4 = $38             A:E0 X:06 Y:02 P:85 SP:FD CPU Cycle:423307516
CFD4 $38           SEC                         A:E0 X:06 Y:02 P:85 SP:FD CPU Cycle:423307519
CFD5 $E9 $01       SBC #$01                    A:E0 X:06 Y:02 P:85 SP:FD CPU Cycle:423307521
CFD7 $D0 $FB       BNE $CFD4 = $38             A:DF X:06 Y:02 P:85 SP:FD CPU Cycle:423307523
CFD4 $38           SEC                         A:DF X:06 Y:02 P:85 SP:FD CPU Cycle:423307526
CFD5 $E9 $01       SBC #$01                    A:DF X:06 Y:02 P:85 SP:FD CPU Cycle:423307528
CFD7 $D0 $FB       BNE $CFD4 = $38             A:DE X:06 Y:02 P:85 SP:FD CPU Cycle:423307530
CFD4 $38           SEC                         A:DE X:06 Y:02 P:85 SP:FD CPU Cycle:423307533
CFD5 $E9 $01       SBC #$01                    A:DE X:06 Y:02 P:85 SP:FD CPU Cycle:423307535
CFD7 $D0 $FB       BNE $CFD4 = $38             A:DD X:06 Y:02 P:85 SP:FD CPU Cycle:423307537
CFD4 $38           SEC                         A:DD X:06 Y:02 P:85 SP:FD CPU Cycle:423307540
CFD5 $E9 $01       SBC #$01                    A:DD X:06 Y:02 P:85 SP:FD CPU Cycle:423307542
CFD7 $D0 $FB       BNE $CFD4 = $38             A:DC X:06 Y:02 P:85 SP:FD CPU Cycle:423307544
CFD4 $38           SEC                         A:DC X:06 Y:02 P:85 SP:FD CPU Cycle:423307547
CFD5 $E9 $01       SBC #$01                    A:DC X:06 Y:02 P:85 SP:FD CPU Cycle:423307549
CFD7 $D0 $FB       BNE $CFD4 = $38             A:DB X:06 Y:02 P:85 SP:FD CPU Cycle:423307551
CFD4 $38           SEC                         A:DB X:06 Y:02 P:85 SP:FD CPU Cycle:423307554
CFD5 $E9 $01       SBC #$01                    A:DB X:06 Y:02 P:85 SP:FD CPU Cycle:423307556
CFD7 $D0 $FB       BNE $CFD4 = $38             A:DA X:06 Y:02 P:85 SP:FD CPU Cycle:423307558
CFD4 $38           SEC                         A:DA X:06 Y:02 P:85 SP:FD CPU Cycle:423307561
CFD5 $E9 $01       SBC #$01                    A:DA X:06 Y:02 P:85 SP:FD CPU Cycle:423307563
CFD7 $D0 $FB       BNE $CFD4 = $38             A:D9 X:06 Y:02 P:85 SP:FD CPU Cycle:423307565
CFD4 $38           SEC                         A:D9 X:06 Y:02 P:85 SP:FD CPU Cycle:423307568
CFD5 $E9 $01       SBC #$01                    A:D9 X:06 Y:02 P:85 SP:FD CPU Cycle:423307570
CFD7 $D0 $FB       BNE $CFD4 = $38             A:D8 X:06 Y:02 P:85 SP:FD CPU Cycle:423307572
CFD4 $38           SEC                         A:D8 X:06 Y:02 P:85 SP:FD CPU Cycle:423307575
CFD5 $E9 $01       SBC #$01                    A:D8 X:06 Y:02 P:85 SP:FD CPU Cycle:423307577
CFD7 $D0 $FB       BNE $CFD4 = $38             A:D7 X:06 Y:02 P:85 SP:FD CPU Cycle:423307579
CFD4 $38           SEC                         A:D7 X:06 Y:02 P:85 SP:FD CPU Cycle:423307582
CFD5 $E9 $01       SBC #$01                    A:D7 X:06 Y:02 P:85 SP:FD CPU Cycle:423307584
CFD7 $D0 $FB       BNE $CFD4 = $38             A:D6 X:06 Y:02 P:85 SP:FD CPU Cycle:423307586
CFD4 $38           SEC                         A:D6 X:06 Y:02 P:85 SP:FD CPU Cycle:423307589
CFD5 $E9 $01       SBC #$01                    A:D6 X:06 Y:02 P:85 SP:FD CPU Cycle:423307591
CFD7 $D0 $FB       BNE $CFD4 = $38             A:D5 X:06 Y:02 P:85 SP:FD CPU Cycle:423307593
CFD4 $38           SEC                         A:D5 X:06 Y:02 P:85 SP:FD CPU Cycle:423307596
CFD5 $E9 $01       SBC #$01                    A:D5 X:06 Y:02 P:85 SP:FD CPU Cycle:423307598
CFD7 $D0 $FB       BNE $CFD4 = $38             A:D4 X:06 Y:02 P:85 SP:FD CPU Cycle:423307600
CFD4 $38           SEC                         A:D4 X:06 Y:02 P:85 SP:FD CPU Cycle:423307603
CFD5 $E9 $01       SBC #$01                    A:D4 X:06 Y:02 P:85 SP:FD CPU Cycle:423307605
CFD7 $D0 $FB       BNE $CFD4 = $38             A:D3 X:06 Y:02 P:85 SP:FD CPU Cycle:423307607
CFD4 $38           SEC                         A:D3 X:06 Y:02 P:85 SP:FD CPU Cycle:423307610
CFD5 $E9 $01       SBC #$01                    A:D3 X:06 Y:02 P:85 SP:FD CPU Cycle:423307612
CFD7 $D0 $FB       BNE $CFD4 = $38             A:D2 X:06 Y:02 P:85 SP:FD CPU Cycle:423307614
CFD4 $38           SEC                         A:D2 X:06 Y:02 P:85 SP:FD CPU Cycle:423307617
CFD5 $E9 $01       SBC #$01                    A:D2 X:06 Y:02 P:85 SP:FD CPU Cycle:423307619
CFD7 $D0 $FB       BNE $CFD4 = $38             A:D1 X:06 Y:02 P:85 SP:FD CPU Cycle:423307621
CFD4 $38           SEC                         A:D1 X:06 Y:02 P:85 SP:FD CPU Cycle:423307624
CFD5 $E9 $01       SBC #$01                    A:D1 X:06 Y:02 P:85 SP:FD CPU Cycle:423307626
CFD7 $D0 $FB       BNE $CFD4 = $38             A:D0 X:06 Y:02 P:85 SP:FD CPU Cycle:423307628
CFD4 $38           SEC                         A:D0 X:06 Y:02 P:85 SP:FD CPU Cycle:423307631
CFD5 $E9 $01       SBC #$01                    A:D0 X:06 Y:02 P:85 SP:FD CPU Cycle:423307633
CFD7 $D0 $FB       BNE $CFD4 = $38             A:CF X:06 Y:02 P:85 SP:FD CPU Cycle:423307635
CFD4 $38           SEC                         A:CF X:06 Y:02 P:85 SP:FD CPU Cycle:423307638
CFD5 $E9 $01       SBC #$01                    A:CF X:06 Y:02 P:85 SP:FD CPU Cycle:423307640
CFD7 $D0 $FB       BNE $CFD4 = $38             A:CE X:06 Y:02 P:85 SP:FD CPU Cycle:423307642
CFD4 $38           SEC                         A:CE X:06 Y:02 P:85 SP:FD CPU Cycle:423307645
CFD5 $E9 $01       SBC #$01                    A:CE X:06 Y:02 P:85 SP:FD CPU Cycle:423307647
CFD7 $D0 $FB       BNE $CFD4 = $38             A:CD X:06 Y:02 P:85 SP:FD CPU Cycle:423307649
CFD4 $38           SEC                         A:CD X:06 Y:02 P:85 SP:FD CPU Cycle:423307652
CFD5 $E9 $01       SBC #$01                    A:CD X:06 Y:02 P:85 SP:FD CPU Cycle:423307654
CFD7 $D0 $FB       BNE $CFD4 = $38             A:CC X:06 Y:02 P:85 SP:FD CPU Cycle:423307656
CFD4 $38           SEC                         A:CC X:06 Y:02 P:85 SP:FD CPU Cycle:423307659
CFD5 $E9 $01       SBC #$01                    A:CC X:06 Y:02 P:85 SP:FD CPU Cycle:423307661
CFD7 $D0 $FB       BNE $CFD4 = $38             A:CB X:06 Y:02 P:85 SP:FD CPU Cycle:423307663
CFD4 $38           SEC                         A:CB X:06 Y:02 P:85 SP:FD CPU Cycle:423307666
CFD5 $E9 $01       SBC #$01                    A:CB X:06 Y:02 P:85 SP:FD CPU Cycle:423307668
CFD7 $D0 $FB       BNE $CFD4 = $38             A:CA X:06 Y:02 P:85 SP:FD CPU Cycle:423307670
CFD4 $38           SEC                         A:CA X:06 Y:02 P:85 SP:FD CPU Cycle:423307673
CFD5 $E9 $01       SBC #$01                    A:CA X:06 Y:02 P:85 SP:FD CPU Cycle:423307675
CFD7 $D0 $FB       BNE $CFD4 = $38             A:C9 X:06 Y:02 P:85 SP:FD CPU Cycle:423307677
CFD4 $38           SEC                         A:C9 X:06 Y:02 P:85 SP:FD CPU Cycle:423307680
CFD5 $E9 $01       SBC #$01                    A:C9 X:06 Y:02 P:85 SP:FD CPU Cycle:423307682
CFD7 $D0 $FB       BNE $CFD4 = $38             A:C8 X:06 Y:02 P:85 SP:FD CPU Cycle:423307684
CFD4 $38           SEC                         A:C8 X:06 Y:02 P:85 SP:FD CPU Cycle:423307687
CFD5 $E9 $01       SBC #$01                    A:C8 X:06 Y:02 P:85 SP:FD CPU Cycle:423307689
CFD7 $D0 $FB       BNE $CFD4 = $38             A:C7 X:06 Y:02 P:85 SP:FD CPU Cycle:423307691
CFD4 $38           SEC                         A:C7 X:06 Y:02 P:85 SP:FD CPU Cycle:423307694
CFD5 $E9 $01       SBC #$01                    A:C7 X:06 Y:02 P:85 SP:FD CPU Cycle:423307696
CFD7 $D0 $FB       BNE $CFD4 = $38             A:C6 X:06 Y:02 P:85 SP:FD CPU Cycle:423307698
CFD4 $38           SEC                         A:C6 X:06 Y:02 P:85 SP:FD CPU Cycle:423307701
CFD5 $E9 $01       SBC #$01                    A:C6 X:06 Y:02 P:85 SP:FD CPU Cycle:423307703
CFD7 $D0 $FB       BNE $CFD4 = $38             A:C5 X:06 Y:02 P:85 SP:FD CPU Cycle:423307705
CFD4 $38           SEC                         A:C5 X:06 Y:02 P:85 SP:FD CPU Cycle:423307708
CFD5 $E9 $01       SBC #$01                    A:C5 X:06 Y:02 P:85 SP:FD CPU Cycle:423307710
CFD7 $D0 $FB       BNE $CFD4 = $38             A:C4 X:06 Y:02 P:85 SP:FD CPU Cycle:423307712
CFD4 $38           SEC                         A:C4 X:06 Y:02 P:85 SP:FD CPU Cycle:423307715
CFD5 $E9 $01       SBC #$01                    A:C4 X:06 Y:02 P:85 SP:FD CPU Cycle:423307717
CFD7 $D0 $FB       BNE $CFD4 = $38             A:C3 X:06 Y:02 P:85 SP:FD CPU Cycle:423307719
CFD4 $38           SEC                         A:C3 X:06 Y:02 P:85 SP:FD CPU Cycle:423307722
CFD5 $E9 $01       SBC #$01                    A:C3 X:06 Y:02 P:85 SP:FD CPU Cycle:423307724
CFD7 $D0 $FB       BNE $CFD4 = $38             A:C2 X:06 Y:02 P:85 SP:FD CPU Cycle:423307726
CFD4 $38           SEC                         A:C2 X:06 Y:02 P:85 SP:FD CPU Cycle:423307729
CFD5 $E9 $01       SBC #$01                    A:C2 X:06 Y:02 P:85 SP:FD CPU Cycle:423307731
CFD7 $D0 $FB       BNE $CFD4 = $38             A:C1 X:06 Y:02 P:85 SP:FD CPU Cycle:423307733
CFD4 $38           SEC                         A:C1 X:06 Y:02 P:85 SP:FD CPU Cycle:423307736
CFD5 $E9 $01       SBC #$01                    A:C1 X:06 Y:02 P:85 SP:FD CPU Cycle:423307738
CFD7 $D0 $FB       BNE $CFD4 = $38             A:C0 X:06 Y:02 P:85 SP:FD CPU Cycle:423307740
CFD4 $38           SEC                         A:C0 X:06 Y:02 P:85 SP:FD CPU Cycle:423307743
CFD5 $E9 $01       SBC #$01                    A:C0 X:06 Y:02 P:85 SP:FD CPU Cycle:423307745
CFD7 $D0 $FB       BNE $CFD4 = $38             A:BF X:06 Y:02 P:85 SP:FD CPU Cycle:423307747
CFD4 $38           SEC                         A:BF X:06 Y:02 P:85 SP:FD CPU Cycle:423307750
CFD5 $E9 $01       SBC #$01                    A:BF X:06 Y:02 P:85 SP:FD CPU Cycle:423307752
CFD7 $D0 $FB       BNE $CFD4 = $38             A:BE X:06 Y:02 P:85 SP:FD CPU Cycle:423307754
CFD4 $38           SEC                         A:BE X:06 Y:02 P:85 SP:FD CPU Cycle:423307757
CFD5 $E9 $01       SBC #$01                    A:BE X:06 Y:02 P:85 SP:FD CPU Cycle:423307759
CFD7 $D0 $FB       BNE $CFD4 = $38             A:BD X:06 Y:02 P:85 SP:FD CPU Cycle:423307761
CFD4 $38           SEC                         A:BD X:06 Y:02 P:85 SP:FD CPU Cycle:423307764
CFD5 $E9 $01       SBC #$01                    A:BD X:06 Y:02 P:85 SP:FD CPU Cycle:423307766
CFD7 $D0 $FB       BNE $CFD4 = $38             A:BC X:06 Y:02 P:85 SP:FD CPU Cycle:423307768
CFD4 $38           SEC                         A:BC X:06 Y:02 P:85 SP:FD CPU Cycle:423307771
CFD5 $E9 $01       SBC #$01                    A:BC X:06 Y:02 P:85 SP:FD CPU Cycle:423307773
CFD7 $D0 $FB       BNE $CFD4 = $38             A:BB X:06 Y:02 P:85 SP:FD CPU Cycle:423307775
CFD4 $38           SEC                         A:BB X:06 Y:02 P:85 SP:FD CPU Cycle:423307778
CFD5 $E9 $01       SBC #$01                    A:BB X:06 Y:02 P:85 SP:FD CPU Cycle:423307780
CFD7 $D0 $FB       BNE $CFD4 = $38             A:BA X:06 Y:02 P:85 SP:FD CPU Cycle:423307782
CFD4 $38           SEC                         A:BA X:06 Y:02 P:85 SP:FD CPU Cycle:423307785
CFD5 $E9 $01       SBC #$01                    A:BA X:06 Y:02 P:85 SP:FD CPU Cycle:423307787
CFD7 $D0 $FB       BNE $CFD4 = $38             A:B9 X:06 Y:02 P:85 SP:FD CPU Cycle:423307789
CFD4 $38           SEC                         A:B9 X:06 Y:02 P:85 SP:FD CPU Cycle:423307792
CFD5 $E9 $01       SBC #$01                    A:B9 X:06 Y:02 P:85 SP:FD CPU Cycle:423307794
CFD7 $D0 $FB       BNE $CFD4 = $38             A:B8 X:06 Y:02 P:85 SP:FD CPU Cycle:423307796
CFD4 $38           SEC                         A:B8 X:06 Y:02 P:85 SP:FD CPU Cycle:423307799
CFD5 $E9 $01       SBC #$01                    A:B8 X:06 Y:02 P:85 SP:FD CPU Cycle:423307801
CFD7 $D0 $FB       BNE $CFD4 = $38             A:B7 X:06 Y:02 P:85 SP:FD CPU Cycle:423307803
CFD4 $38           SEC                         A:B7 X:06 Y:02 P:85 SP:FD CPU Cycle:423307806
CFD5 $E9 $01       SBC #$01                    A:B7 X:06 Y:02 P:85 SP:FD CPU Cycle:423307808
CFD7 $D0 $FB       BNE $CFD4 = $38             A:B6 X:06 Y:02 P:85 SP:FD CPU Cycle:423307810
CFD4 $38           SEC                         A:B6 X:06 Y:02 P:85 SP:FD CPU Cycle:423307813
CFD5 $E9 $01       SBC #$01                    A:B6 X:06 Y:02 P:85 SP:FD CPU Cycle:423307815
CFD7 $D0 $FB       BNE $CFD4 = $38             A:B5 X:06 Y:02 P:85 SP:FD CPU Cycle:423307817
CFD4 $38           SEC                         A:B5 X:06 Y:02 P:85 SP:FD CPU Cycle:423307820
CFD5 $E9 $01       SBC #$01                    A:B5 X:06 Y:02 P:85 SP:FD CPU Cycle:423307822
CFD7 $D0 $FB       BNE $CFD4 = $38             A:B4 X:06 Y:02 P:85 SP:FD CPU Cycle:423307824
CFD4 $38           SEC                         A:B4 X:06 Y:02 P:85 SP:FD CPU Cycle:423307827
CFD5 $E9 $01       SBC #$01                    A:B4 X:06 Y:02 P:85 SP:FD CPU Cycle:423307829
CFD7 $D0 $FB       BNE $CFD4 = $38             A:B3 X:06 Y:02 P:85 SP:FD CPU Cycle:423307831
CFD4 $38           SEC                         A:B3 X:06 Y:02 P:85 SP:FD CPU Cycle:423307834
CFD5 $E9 $01       SBC #$01                    A:B3 X:06 Y:02 P:85 SP:FD CPU Cycle:423307836
CFD7 $D0 $FB       BNE $CFD4 = $38             A:B2 X:06 Y:02 P:85 SP:FD CPU Cycle:423307838
CFD4 $38           SEC                         A:B2 X:06 Y:02 P:85 SP:FD CPU Cycle:423307841
CFD5 $E9 $01       SBC #$01                    A:B2 X:06 Y:02 P:85 SP:FD CPU Cycle:423307843
CFD7 $D0 $FB       BNE $CFD4 = $38             A:B1 X:06 Y:02 P:85 SP:FD CPU Cycle:423307845
CFD4 $38           SEC                         A:B1 X:06 Y:02 P:85 SP:FD CPU Cycle:423307848
CFD5 $E9 $01       SBC #$01                    A:B1 X:06 Y:02 P:85 SP:FD CPU Cycle:423307850
CFD7 $D0 $FB       BNE $CFD4 = $38             A:B0 X:06 Y:02 P:85 SP:FD CPU Cycle:423307852
CFD4 $38           SEC                         A:B0 X:06 Y:02 P:85 SP:FD CPU Cycle:423307855
CFD5 $E9 $01       SBC #$01                    A:B0 X:06 Y:02 P:85 SP:FD CPU Cycle:423307857
CFD7 $D0 $FB       BNE $CFD4 = $38             A:AF X:06 Y:02 P:85 SP:FD CPU Cycle:423307859
CFD4 $38           SEC                         A:AF X:06 Y:02 P:85 SP:FD CPU Cycle:423307862
CFD5 $E9 $01       SBC #$01                    A:AF X:06 Y:02 P:85 SP:FD CPU Cycle:423307864
CFD7 $D0 $FB       BNE $CFD4 = $38             A:AE X:06 Y:02 P:85 SP:FD CPU Cycle:423307866
CFD4 $38           SEC                         A:AE X:06 Y:02 P:85 SP:FD CPU Cycle:423307869
CFD5 $E9 $01       SBC #$01                    A:AE X:06 Y:02 P:85 SP:FD CPU Cycle:423307871
CFD7 $D0 $FB       BNE $CFD4 = $38             A:AD X:06 Y:02 P:85 SP:FD CPU Cycle:423307873
CFD4 $38           SEC                         A:AD X:06 Y:02 P:85 SP:FD CPU Cycle:423307876
CFD5 $E9 $01       SBC #$01                    A:AD X:06 Y:02 P:85 SP:FD CPU Cycle:423307878
CFD7 $D0 $FB       BNE $CFD4 = $38             A:AC X:06 Y:02 P:85 SP:FD CPU Cycle:423307880
CFD4 $38           SEC                         A:AC X:06 Y:02 P:85 SP:FD CPU Cycle:423307883
CFD5 $E9 $01       SBC #$01                    A:AC X:06 Y:02 P:85 SP:FD CPU Cycle:423307885
CFD7 $D0 $FB       BNE $CFD4 = $38             A:AB X:06 Y:02 P:85 SP:FD CPU Cycle:423307887
CFD4 $38           SEC                         A:AB X:06 Y:02 P:85 SP:FD CPU Cycle:423307890
CFD5 $E9 $01       SBC #$01                    A:AB X:06 Y:02 P:85 SP:FD CPU Cycle:423307892
CFD7 $D0 $FB       BNE $CFD4 = $38             A:AA X:06 Y:02 P:85 SP:FD CPU Cycle:423307894
CFD4 $38           SEC                         A:AA X:06 Y:02 P:85 SP:FD CPU Cycle:423307897
CFD5 $E9 $01       SBC #$01                    A:AA X:06 Y:02 P:85 SP:FD CPU Cycle:423307899
CFD7 $D0 $FB       BNE $CFD4 = $38             A:A9 X:06 Y:02 P:85 SP:FD CPU Cycle:423307901
CFD4 $38           SEC                         A:A9 X:06 Y:02 P:85 SP:FD CPU Cycle:423307904
CFD5 $E9 $01       SBC #$01                    A:A9 X:06 Y:02 P:85 SP:FD CPU Cycle:423307906
CFD7 $D0 $FB       BNE $CFD4 = $38             A:A8 X:06 Y:02 P:85 SP:FD CPU Cycle:423307908
CFD4 $38           SEC                         A:A8 X:06 Y:02 P:85 SP:FD CPU Cycle:423307911
CFD5 $E9 $01       SBC #$01                    A:A8 X:06 Y:02 P:85 SP:FD CPU Cycle:423307913
CFD7 $D0 $FB       BNE $CFD4 = $38             A:A7 X:06 Y:02 P:85 SP:FD CPU Cycle:423307915
CFD4 $38           SEC                         A:A7 X:06 Y:02 P:85 SP:FD CPU Cycle:423307918
CFD5 $E9 $01       SBC #$01                    A:A7 X:06 Y:02 P:85 SP:FD CPU Cycle:423307920
CFD7 $D0 $FB       BNE $CFD4 = $38             A:A6 X:06 Y:02 P:85 SP:FD CPU Cycle:423307922
CFD4 $38           SEC                         A:A6 X:06 Y:02 P:85 SP:FD CPU Cycle:423307925
CFD5 $E9 $01       SBC #$01                    A:A6 X:06 Y:02 P:85 SP:FD CPU Cycle:423307927
CFD7 $D0 $FB       BNE $CFD4 = $38             A:A5 X:06 Y:02 P:85 SP:FD CPU Cycle:423307929
CFD4 $38           SEC                         A:A5 X:06 Y:02 P:85 SP:FD CPU Cycle:423307932
CFD5 $E9 $01       SBC #$01                    A:A5 X:06 Y:02 P:85 SP:FD CPU Cycle:423307934
CFD7 $D0 $FB       BNE $CFD4 = $38             A:A4 X:06 Y:02 P:85 SP:FD CPU Cycle:423307936
CFD4 $38           SEC                         A:A4 X:06 Y:02 P:85 SP:FD CPU Cycle:423307939
CFD5 $E9 $01       SBC #$01                    A:A4 X:06 Y:02 P:85 SP:FD CPU Cycle:423307941
CFD7 $D0 $FB       BNE $CFD4 = $38             A:A3 X:06 Y:02 P:85 SP:FD CPU Cycle:423307943
CFD4 $38           SEC                         A:A3 X:06 Y:02 P:85 SP:FD CPU Cycle:423307946
CFD5 $E9 $01       SBC #$01                    A:A3 X:06 Y:02 P:85 SP:FD CPU Cycle:423307948
CFD7 $D0 $FB       BNE $CFD4 = $38             A:A2 X:06 Y:02 P:85 SP:FD CPU Cycle:423307950
CFD4 $38           SEC                         A:A2 X:06 Y:02 P:85 SP:FD CPU Cycle:423307953
CFD5 $E9 $01       SBC #$01                    A:A2 X:06 Y:02 P:85 SP:FD CPU Cycle:423307955
CFD7 $D0 $FB       BNE $CFD4 = $38             A:A1 X:06 Y:02 P:85 SP:FD CPU Cycle:423307957
CFD4 $38           SEC                         A:A1 X:06 Y:02 P:85 SP:FD CPU Cycle:423307960
CFD5 $E9 $01       SBC #$01                    A:A1 X:06 Y:02 P:85 SP:FD CPU Cycle:423307962
CFD7 $D0 $FB       BNE $CFD4 = $38             A:A0 X:06 Y:02 P:85 SP:FD CPU Cycle:423307964
CFD4 $38           SEC                         A:A0 X:06 Y:02 P:85 SP:FD CPU Cycle:423307967
CFD5 $E9 $01       SBC #$01                    A:A0 X:06 Y:02 P:85 SP:FD CPU Cycle:423307969
CFD7 $D0 $FB       BNE $CFD4 = $38             A:9F X:06 Y:02 P:85 SP:FD CPU Cycle:423307971
CFD4 $38           SEC                         A:9F X:06 Y:02 P:85 SP:FD CPU Cycle:423307974
CFD5 $E9 $01       SBC #$01                    A:9F X:06 Y:02 P:85 SP:FD CPU Cycle:423307976
CFD7 $D0 $FB       BNE $CFD4 = $38             A:9E X:06 Y:02 P:85 SP:FD CPU Cycle:423307978
CFD4 $38           SEC                         A:9E X:06 Y:02 P:85 SP:FD CPU Cycle:423307981
CFD5 $E9 $01       SBC #$01                    A:9E X:06 Y:02 P:85 SP:FD CPU Cycle:423307983
CFD7 $D0 $FB       BNE $CFD4 = $38             A:9D X:06 Y:02 P:85 SP:FD CPU Cycle:423307985
CFD4 $38           SEC                         A:9D X:06 Y:02 P:85 SP:FD CPU Cycle:423307988
CFD5 $E9 $01       SBC #$01                    A:9D X:06 Y:02 P:85 SP:FD CPU Cycle:423307990
CFD7 $D0 $FB       BNE $CFD4 = $38             A:9C X:06 Y:02 P:85 SP:FD CPU Cycle:423307992
CFD4 $38           SEC                         A:9C X:06 Y:02 P:85 SP:FD CPU Cycle:423307995
CFD5 $E9 $01       SBC #$01                    A:9C X:06 Y:02 P:85 SP:FD CPU Cycle:423307997
CFD7 $D0 $FB       BNE $CFD4 = $38             A:9B X:06 Y:02 P:85 SP:FD CPU Cycle:423307999
CFD4 $38           SEC                         A:9B X:06 Y:02 P:85 SP:FD CPU Cycle:423308002
CFD5 $E9 $01       SBC #$01                    A:9B X:06 Y:02 P:85 SP:FD CPU Cycle:423308004
CFD7 $D0 $FB       BNE $CFD4 = $38             A:9A X:06 Y:02 P:85 SP:FD CPU Cycle:423308006
CFD4 $38           SEC                         A:9A X:06 Y:02 P:85 SP:FD CPU Cycle:423308009
CFD5 $E9 $01       SBC #$01                    A:9A X:06 Y:02 P:85 SP:FD CPU Cycle:423308011
CFD7 $D0 $FB       BNE $CFD4 = $38             A:99 X:06 Y:02 P:85 SP:FD CPU Cycle:423308013
CFD4 $38           SEC                         A:99 X:06 Y:02 P:85 SP:FD CPU Cycle:423308016
CFD5 $E9 $01       SBC #$01                    A:99 X:06 Y:02 P:85 SP:FD CPU Cycle:423308018
CFD7 $D0 $FB       BNE $CFD4 = $38             A:98 X:06 Y:02 P:85 SP:FD CPU Cycle:423308020
CFD4 $38           SEC                         A:98 X:06 Y:02 P:85 SP:FD CPU Cycle:423308023
CFD5 $E9 $01       SBC #$01                    A:98 X:06 Y:02 P:85 SP:FD CPU Cycle:423308025
CFD7 $D0 $FB       BNE $CFD4 = $38             A:97 X:06 Y:02 P:85 SP:FD CPU Cycle:423308027
CFD4 $38           SEC                         A:97 X:06 Y:02 P:85 SP:FD CPU Cycle:423308030
CFD5 $E9 $01       SBC #$01                    A:97 X:06 Y:02 P:85 SP:FD CPU Cycle:423308032
CFD7 $D0 $FB       BNE $CFD4 = $38             A:96 X:06 Y:02 P:85 SP:FD CPU Cycle:423308034
CFD4 $38           SEC                         A:96 X:06 Y:02 P:85 SP:FD CPU Cycle:423308037
CFD5 $E9 $01       SBC #$01                    A:96 X:06 Y:02 P:85 SP:FD CPU Cycle:423308039
CFD7 $D0 $FB       BNE $CFD4 = $38             A:95 X:06 Y:02 P:85 SP:FD CPU Cycle:423308041
CFD4 $38           SEC                         A:95 X:06 Y:02 P:85 SP:FD CPU Cycle:423308044
CFD5 $E9 $01       SBC #$01                    A:95 X:06 Y:02 P:85 SP:FD CPU Cycle:423308046
CFD7 $D0 $FB       BNE $CFD4 = $38             A:94 X:06 Y:02 P:85 SP:FD CPU Cycle:423308048
CFD4 $38           SEC                         A:94 X:06 Y:02 P:85 SP:FD CPU Cycle:423308051
CFD5 $E9 $01       SBC #$01                    A:94 X:06 Y:02 P:85 SP:FD CPU Cycle:423308053
CFD7 $D0 $FB       BNE $CFD4 = $38             A:93 X:06 Y:02 P:85 SP:FD CPU Cycle:423308055
CFD4 $38           SEC                         A:93 X:06 Y:02 P:85 SP:FD CPU Cycle:423308058
CFD5 $E9 $01       SBC #$01                    A:93 X:06 Y:02 P:85 SP:FD CPU Cycle:423308060
CFD7 $D0 $FB       BNE $CFD4 = $38             A:92 X:06 Y:02 P:85 SP:FD CPU Cycle:423308062
CFD4 $38           SEC                         A:92 X:06 Y:02 P:85 SP:FD CPU Cycle:423308065
CFD5 $E9 $01       SBC #$01                    A:92 X:06 Y:02 P:85 SP:FD CPU Cycle:423308067
CFD7 $D0 $FB       BNE $CFD4 = $38             A:91 X:06 Y:02 P:85 SP:FD CPU Cycle:423308069
CFD4 $38           SEC                         A:91 X:06 Y:02 P:85 SP:FD CPU Cycle:423308072
CFD5 $E9 $01       SBC #$01                    A:91 X:06 Y:02 P:85 SP:FD CPU Cycle:423308074
CFD7 $D0 $FB       BNE $CFD4 = $38             A:90 X:06 Y:02 P:85 SP:FD CPU Cycle:423308076
CFD4 $38           SEC                         A:90 X:06 Y:02 P:85 SP:FD CPU Cycle:423308079
CFD5 $E9 $01       SBC #$01                    A:90 X:06 Y:02 P:85 SP:FD CPU Cycle:423308081
CFD7 $D0 $FB       BNE $CFD4 = $38             A:8F X:06 Y:02 P:85 SP:FD CPU Cycle:423308083
CFD4 $38           SEC                         A:8F X:06 Y:02 P:85 SP:FD CPU Cycle:423308086
CFD5 $E9 $01       SBC #$01                    A:8F X:06 Y:02 P:85 SP:FD CPU Cycle:423308088
CFD7 $D0 $FB       BNE $CFD4 = $38             A:8E X:06 Y:02 P:85 SP:FD CPU Cycle:423308090
CFD4 $38           SEC                         A:8E X:06 Y:02 P:85 SP:FD CPU Cycle:423308093
CFD5 $E9 $01       SBC #$01                    A:8E X:06 Y:02 P:85 SP:FD CPU Cycle:423308095
CFD7 $D0 $FB       BNE $CFD4 = $38             A:8D X:06 Y:02 P:85 SP:FD CPU Cycle:423308097
CFD4 $38           SEC                         A:8D X:06 Y:02 P:85 SP:FD CPU Cycle:423308100
CFD5 $E9 $01       SBC #$01                    A:8D X:06 Y:02 P:85 SP:FD CPU Cycle:423308102
CFD7 $D0 $FB       BNE $CFD4 = $38             A:8C X:06 Y:02 P:85 SP:FD CPU Cycle:423308104
CFD4 $38           SEC                         A:8C X:06 Y:02 P:85 SP:FD CPU Cycle:423308107
CFD5 $E9 $01       SBC #$01                    A:8C X:06 Y:02 P:85 SP:FD CPU Cycle:423308109
CFD7 $D0 $FB       BNE $CFD4 = $38             A:8B X:06 Y:02 P:85 SP:FD CPU Cycle:423308111
CFD4 $38           SEC                         A:8B X:06 Y:02 P:85 SP:FD CPU Cycle:423308114
CFD5 $E9 $01       SBC #$01                    A:8B X:06 Y:02 P:85 SP:FD CPU Cycle:423308116
CFD7 $D0 $FB       BNE $CFD4 = $38             A:8A X:06 Y:02 P:85 SP:FD CPU Cycle:423308118
CFD4 $38           SEC                         A:8A X:06 Y:02 P:85 SP:FD CPU Cycle:423308121
CFD5 $E9 $01       SBC #$01                    A:8A X:06 Y:02 P:85 SP:FD CPU Cycle:423308123
CFD7 $D0 $FB       BNE $CFD4 = $38             A:89 X:06 Y:02 P:85 SP:FD CPU Cycle:423308125
CFD4 $38           SEC                         A:89 X:06 Y:02 P:85 SP:FD CPU Cycle:423308128
CFD5 $E9 $01       SBC #$01                    A:89 X:06 Y:02 P:85 SP:FD CPU Cycle:423308130
CFD7 $D0 $FB       BNE $CFD4 = $38             A:88 X:06 Y:02 P:85 SP:FD CPU Cycle:423308132
CFD4 $38           SEC                         A:88 X:06 Y:02 P:85 SP:FD CPU Cycle:423308135
CFD5 $E9 $01       SBC #$01                    A:88 X:06 Y:02 P:85 SP:FD CPU Cycle:423308137
CFD7 $D0 $FB       BNE $CFD4 = $38             A:87 X:06 Y:02 P:85 SP:FD CPU Cycle:423308139
CFD4 $38           SEC                         A:87 X:06 Y:02 P:85 SP:FD CPU Cycle:423308142
CFD5 $E9 $01       SBC #$01                    A:87 X:06 Y:02 P:85 SP:FD CPU Cycle:423308144
CFD7 $D0 $FB       BNE $CFD4 = $38             A:86 X:06 Y:02 P:85 SP:FD CPU Cycle:423308146
CFD4 $38           SEC                         A:86 X:06 Y:02 P:85 SP:FD CPU Cycle:423308149
CFD5 $E9 $01       SBC #$01                    A:86 X:06 Y:02 P:85 SP:FD CPU Cycle:423308151
CFD7 $D0 $FB       BNE $CFD4 = $38             A:85 X:06 Y:02 P:85 SP:FD CPU Cycle:423308153
CFD4 $38           SEC                         A:85 X:06 Y:02 P:85 SP:FD CPU Cycle:423308156
CFD5 $E9 $01       SBC #$01                    A:85 X:06 Y:02 P:85 SP:FD CPU Cycle:423308158
CFD7 $D0 $FB       BNE $CFD4 = $38             A:84 X:06 Y:02 P:85 SP:FD CPU Cycle:423308160
CFD4 $38           SEC                         A:84 X:06 Y:02 P:85 SP:FD CPU Cycle:423308163
CFD5 $E9 $01       SBC #$01                    A:84 X:06 Y:02 P:85 SP:FD CPU Cycle:423308165
CFD7 $D0 $FB       BNE $CFD4 = $38             A:83 X:06 Y:02 P:85 SP:FD CPU Cycle:423308167
CFD4 $38           SEC                         A:83 X:06 Y:02 P:85 SP:FD CPU Cycle:423308170
CFD5 $E9 $01       SBC #$01                    A:83 X:06 Y:02 P:85 SP:FD CPU Cycle:423308172
CFD7 $D0 $FB       BNE $CFD4 = $38             A:82 X:06 Y:02 P:85 SP:FD CPU Cycle:423308174
CFD4 $38           SEC                         A:82 X:06 Y:02 P:85 SP:FD CPU Cycle:423308177
CFD5 $E9 $01       SBC #$01                    A:82 X:06 Y:02 P:85 SP:FD CPU Cycle:423308179
CFD7 $D0 $FB       BNE $CFD4 = $38             A:81 X:06 Y:02 P:85 SP:FD CPU Cycle:423308181
CFD4 $38           SEC                         A:81 X:06 Y:02 P:85 SP:FD CPU Cycle:423308184
CFD5 $E9 $01       SBC #$01                    A:81 X:06 Y:02 P:85 SP:FD CPU Cycle:423308186
CFD7 $D0 $FB       BNE $CFD4 = $38             A:80 X:06 Y:02 P:85 SP:FD CPU Cycle:423308188
CFD4 $38           SEC                         A:80 X:06 Y:02 P:85 SP:FD CPU Cycle:423308191
CFD5 $E9 $01       SBC #$01                    A:80 X:06 Y:02 P:85 SP:FD CPU Cycle:423308193
CFD7 $D0 $FB       BNE $CFD4 = $38             A:7F X:06 Y:02 P:45 SP:FD CPU Cycle:423308195
CFD4 $38           SEC                         A:7F X:06 Y:02 P:45 SP:FD CPU Cycle:423308198
CFD5 $E9 $01       SBC #$01                    A:7F X:06 Y:02 P:45 SP:FD CPU Cycle:423308200
CFD7 $D0 $FB       BNE $CFD4 = $38             A:7E X:06 Y:02 P:05 SP:FD CPU Cycle:423308202
CFD4 $38           SEC                         A:7E X:06 Y:02 P:05 SP:FD CPU Cycle:423308205
CFD5 $E9 $01       SBC #$01                    A:7E X:06 Y:02 P:05 SP:FD CPU Cycle:423308207
CFD7 $D0 $FB       BNE $CFD4 = $38             A:7D X:06 Y:02 P:05 SP:FD CPU Cycle:423308209
CFD4 $38           SEC                         A:7D X:06 Y:02 P:05 SP:FD CPU Cycle:423308212
CFD5 $E9 $01       SBC #$01                    A:7D X:06 Y:02 P:05 SP:FD CPU Cycle:423308214
CFD7 $D0 $FB       BNE $CFD4 = $38             A:7C X:06 Y:02 P:05 SP:FD CPU Cycle:423308216
CFD4 $38           SEC                         A:7C X:06 Y:02 P:05 SP:FD CPU Cycle:423308219
CFD5 $E9 $01       SBC #$01                    A:7C X:06 Y:02 P:05 SP:FD CPU Cycle:423308221
CFD7 $D0 $FB       BNE $CFD4 = $38             A:7B X:06 Y:02 P:05 SP:FD CPU Cycle:423308223
CFD4 $38           SEC                         A:7B X:06 Y:02 P:05 SP:FD CPU Cycle:423308226
CFD5 $E9 $01       SBC #$01                    A:7B X:06 Y:02 P:05 SP:FD CPU Cycle:423308228
CFD7 $D0 $FB       BNE $CFD4 = $38             A:7A X:06 Y:02 P:05 SP:FD CPU Cycle:423308230
CFD4 $38           SEC                         A:7A X:06 Y:02 P:05 SP:FD CPU Cycle:423308233
CFD5 $E9 $01       SBC #$01                    A:7A X:06 Y:02 P:05 SP:FD CPU Cycle:423308235
CFD7 $D0 $FB       BNE $CFD4 = $38             A:79 X:06 Y:02 P:05 SP:FD CPU Cycle:423308237
CFD4 $38           SEC                         A:79 X:06 Y:02 P:05 SP:FD CPU Cycle:423308240
CFD5 $E9 $01       SBC #$01                    A:79 X:06 Y:02 P:05 SP:FD CPU Cycle:423308242
CFD7 $D0 $FB       BNE $CFD4 = $38             A:78 X:06 Y:02 P:05 SP:FD CPU Cycle:423308244
CFD4 $38           SEC                         A:78 X:06 Y:02 P:05 SP:FD CPU Cycle:423308247
CFD5 $E9 $01       SBC #$01                    A:78 X:06 Y:02 P:05 SP:FD CPU Cycle:423308249
CFD7 $D0 $FB       BNE $CFD4 = $38             A:77 X:06 Y:02 P:05 SP:FD CPU Cycle:423308251
CFD4 $38           SEC                         A:77 X:06 Y:02 P:05 SP:FD CPU Cycle:423308254
CFD5 $E9 $01       SBC #$01                    A:77 X:06 Y:02 P:05 SP:FD CPU Cycle:423308256
CFD7 $D0 $FB       BNE $CFD4 = $38             A:76 X:06 Y:02 P:05 SP:FD CPU Cycle:423308258
CFD4 $38           SEC                         A:76 X:06 Y:02 P:05 SP:FD CPU Cycle:423308261
CFD5 $E9 $01       SBC #$01                    A:76 X:06 Y:02 P:05 SP:FD CPU Cycle:423308263
CFD7 $D0 $FB       BNE $CFD4 = $38             A:75 X:06 Y:02 P:05 SP:FD CPU Cycle:423308265
CFD4 $38           SEC                         A:75 X:06 Y:02 P:05 SP:FD CPU Cycle:423308268
CFD5 $E9 $01       SBC #$01                    A:75 X:06 Y:02 P:05 SP:FD CPU Cycle:423308270
CFD7 $D0 $FB       BNE $CFD4 = $38             A:74 X:06 Y:02 P:05 SP:FD CPU Cycle:423308272
CFD4 $38           SEC                         A:74 X:06 Y:02 P:05 SP:FD CPU Cycle:423308275
CFD5 $E9 $01       SBC #$01                    A:74 X:06 Y:02 P:05 SP:FD CPU Cycle:423308277
CFD7 $D0 $FB       BNE $CFD4 = $38             A:73 X:06 Y:02 P:05 SP:FD CPU Cycle:423308279
CFD4 $38           SEC                         A:73 X:06 Y:02 P:05 SP:FD CPU Cycle:423308282
CFD5 $E9 $01       SBC #$01                    A:73 X:06 Y:02 P:05 SP:FD CPU Cycle:423308284
CFD7 $D0 $FB       BNE $CFD4 = $38             A:72 X:06 Y:02 P:05 SP:FD CPU Cycle:423308286
CFD4 $38           SEC                         A:72 X:06 Y:02 P:05 SP:FD CPU Cycle:423308289
CFD5 $E9 $01       SBC #$01                    A:72 X:06 Y:02 P:05 SP:FD CPU Cycle:423308291
CFD7 $D0 $FB       BNE $CFD4 = $38             A:71 X:06 Y:02 P:05 SP:FD CPU Cycle:423308293
CFD4 $38           SEC                         A:71 X:06 Y:02 P:05 SP:FD CPU Cycle:423308296
CFD5 $E9 $01       SBC #$01                    A:71 X:06 Y:02 P:05 SP:FD CPU Cycle:423308298
CFD7 $D0 $FB       BNE $CFD4 = $38             A:70 X:06 Y:02 P:05 SP:FD CPU Cycle:423308300
CFD4 $38           SEC                         A:70 X:06 Y:02 P:05 SP:FD CPU Cycle:423308303
CFD5 $E9 $01       SBC #$01                    A:70 X:06 Y:02 P:05 SP:FD CPU Cycle:423308305
CFD7 $D0 $FB       BNE $CFD4 = $38             A:6F X:06 Y:02 P:05 SP:FD CPU Cycle:423308307
CFD4 $38           SEC                         A:6F X:06 Y:02 P:05 SP:FD CPU Cycle:423308310
CFD5 $E9 $01       SBC #$01                    A:6F X:06 Y:02 P:05 SP:FD CPU Cycle:423308312
CFD7 $D0 $FB       BNE $CFD4 = $38             A:6E X:06 Y:02 P:05 SP:FD CPU Cycle:423308314
CFD4 $38           SEC                         A:6E X:06 Y:02 P:05 SP:FD CPU Cycle:423308317
CFD5 $E9 $01       SBC #$01                    A:6E X:06 Y:02 P:05 SP:FD CPU Cycle:423308319
CFD7 $D0 $FB       BNE $CFD4 = $38             A:6D X:06 Y:02 P:05 SP:FD CPU Cycle:423308321
CFD4 $38           SEC                         A:6D X:06 Y:02 P:05 SP:FD CPU Cycle:423308324
CFD5 $E9 $01       SBC #$01                    A:6D X:06 Y:02 P:05 SP:FD CPU Cycle:423308326
CFD7 $D0 $FB       BNE $CFD4 = $38             A:6C X:06 Y:02 P:05 SP:FD CPU Cycle:423308328
CFD4 $38           SEC                         A:6C X:06 Y:02 P:05 SP:FD CPU Cycle:423308331
CFD5 $E9 $01       SBC #$01                    A:6C X:06 Y:02 P:05 SP:FD CPU Cycle:423308333
CFD7 $D0 $FB       BNE $CFD4 = $38             A:6B X:06 Y:02 P:05 SP:FD CPU Cycle:423308335
CFD4 $38           SEC                         A:6B X:06 Y:02 P:05 SP:FD CPU Cycle:423308338
CFD5 $E9 $01       SBC #$01                    A:6B X:06 Y:02 P:05 SP:FD CPU Cycle:423308340
CFD7 $D0 $FB       BNE $CFD4 = $38             A:6A X:06 Y:02 P:05 SP:FD CPU Cycle:423308342
CFD4 $38           SEC                         A:6A X:06 Y:02 P:05 SP:FD CPU Cycle:423308345
CFD5 $E9 $01       SBC #$01                    A:6A X:06 Y:02 P:05 SP:FD CPU Cycle:423308347
CFD7 $D0 $FB       BNE $CFD4 = $38             A:69 X:06 Y:02 P:05 SP:FD CPU Cycle:423308349
CFD4 $38           SEC                         A:69 X:06 Y:02 P:05 SP:FD CPU Cycle:423308352
CFD5 $E9 $01       SBC #$01                    A:69 X:06 Y:02 P:05 SP:FD CPU Cycle:423308354
CFD7 $D0 $FB       BNE $CFD4 = $38             A:68 X:06 Y:02 P:05 SP:FD CPU Cycle:423308356
CFD4 $38           SEC                         A:68 X:06 Y:02 P:05 SP:FD CPU Cycle:423308359
CFD5 $E9 $01       SBC #$01                    A:68 X:06 Y:02 P:05 SP:FD CPU Cycle:423308361
CFD7 $D0 $FB       BNE $CFD4 = $38             A:67 X:06 Y:02 P:05 SP:FD CPU Cycle:423308363
CFD4 $38           SEC                         A:67 X:06 Y:02 P:05 SP:FD CPU Cycle:423308366
CFD5 $E9 $01       SBC #$01                    A:67 X:06 Y:02 P:05 SP:FD CPU Cycle:423308368
CFD7 $D0 $FB       BNE $CFD4 = $38             A:66 X:06 Y:02 P:05 SP:FD CPU Cycle:423308370
CFD4 $38           SEC                         A:66 X:06 Y:02 P:05 SP:FD CPU Cycle:423308373
CFD5 $E9 $01       SBC #$01                    A:66 X:06 Y:02 P:05 SP:FD CPU Cycle:423308375
CFD7 $D0 $FB       BNE $CFD4 = $38             A:65 X:06 Y:02 P:05 SP:FD CPU Cycle:423308377
CFD4 $38           SEC                         A:65 X:06 Y:02 P:05 SP:FD CPU Cycle:423308380
CFD5 $E9 $01       SBC #$01                    A:65 X:06 Y:02 P:05 SP:FD CPU Cycle:423308382
CFD7 $D0 $FB       BNE $CFD4 = $38             A:64 X:06 Y:02 P:05 SP:FD CPU Cycle:423308384
CFD4 $38           SEC                         A:64 X:06 Y:02 P:05 SP:FD CPU Cycle:423308387
CFD5 $E9 $01       SBC #$01                    A:64 X:06 Y:02 P:05 SP:FD CPU Cycle:423308389
CFD7 $D0 $FB       BNE $CFD4 = $38             A:63 X:06 Y:02 P:05 SP:FD CPU Cycle:423308391
CFD4 $38           SEC                         A:63 X:06 Y:02 P:05 SP:FD CPU Cycle:423308394
CFD5 $E9 $01       SBC #$01                    A:63 X:06 Y:02 P:05 SP:FD CPU Cycle:423308396
CFD7 $D0 $FB       BNE $CFD4 = $38             A:62 X:06 Y:02 P:05 SP:FD CPU Cycle:423308398
CFD4 $38           SEC                         A:62 X:06 Y:02 P:05 SP:FD CPU Cycle:423308401
CFD5 $E9 $01       SBC #$01                    A:62 X:06 Y:02 P:05 SP:FD CPU Cycle:423308403
CFD7 $D0 $FB       BNE $CFD4 = $38             A:61 X:06 Y:02 P:05 SP:FD CPU Cycle:423308405
CFD4 $38           SEC                         A:61 X:06 Y:02 P:05 SP:FD CPU Cycle:423308408
CFD5 $E9 $01       SBC #$01                    A:61 X:06 Y:02 P:05 SP:FD CPU Cycle:423308410
CFD7 $D0 $FB       BNE $CFD4 = $38             A:60 X:06 Y:02 P:05 SP:FD CPU Cycle:423308412
CFD4 $38           SEC                         A:60 X:06 Y:02 P:05 SP:FD CPU Cycle:423308415
CFD5 $E9 $01       SBC #$01                    A:60 X:06 Y:02 P:05 SP:FD CPU Cycle:423308417
CFD7 $D0 $FB       BNE $CFD4 = $38             A:5F X:06 Y:02 P:05 SP:FD CPU Cycle:423308419
CFD4 $38           SEC                         A:5F X:06 Y:02 P:05 SP:FD CPU Cycle:423308422
CFD5 $E9 $01       SBC #$01                    A:5F X:06 Y:02 P:05 SP:FD CPU Cycle:423308424
CFD7 $D0 $FB       BNE $CFD4 = $38             A:5E X:06 Y:02 P:05 SP:FD CPU Cycle:423308426
CFD4 $38           SEC                         A:5E X:06 Y:02 P:05 SP:FD CPU Cycle:423308429
CFD5 $E9 $01       SBC #$01                    A:5E X:06 Y:02 P:05 SP:FD CPU Cycle:423308431
CFD7 $D0 $FB       BNE $CFD4 = $38             A:5D X:06 Y:02 P:05 SP:FD CPU Cycle:423308433
CFD4 $38           SEC                         A:5D X:06 Y:02 P:05 SP:FD CPU Cycle:423308436
CFD5 $E9 $01       SBC #$01                    A:5D X:06 Y:02 P:05 SP:FD CPU Cycle:423308438
CFD7 $D0 $FB       BNE $CFD4 = $38             A:5C X:06 Y:02 P:05 SP:FD CPU Cycle:423308440
CFD4 $38           SEC                         A:5C X:06 Y:02 P:05 SP:FD CPU Cycle:423308443
CFD5 $E9 $01       SBC #$01                    A:5C X:06 Y:02 P:05 SP:FD CPU Cycle:423308445
CFD7 $D0 $FB       BNE $CFD4 = $38             A:5B X:06 Y:02 P:05 SP:FD CPU Cycle:423308447
CFD4 $38           SEC                         A:5B X:06 Y:02 P:05 SP:FD CPU Cycle:423308450
CFD5 $E9 $01       SBC #$01                    A:5B X:06 Y:02 P:05 SP:FD CPU Cycle:423308452
CFD7 $D0 $FB       BNE $CFD4 = $38             A:5A X:06 Y:02 P:05 SP:FD CPU Cycle:423308454
CFD4 $38           SEC                         A:5A X:06 Y:02 P:05 SP:FD CPU Cycle:423308457
CFD5 $E9 $01       SBC #$01                    A:5A X:06 Y:02 P:05 SP:FD CPU Cycle:423308459
CFD7 $D0 $FB       BNE $CFD4 = $38             A:59 X:06 Y:02 P:05 SP:FD CPU Cycle:423308461
CFD4 $38           SEC                         A:59 X:06 Y:02 P:05 SP:FD CPU Cycle:423308464
CFD5 $E9 $01       SBC #$01                    A:59 X:06 Y:02 P:05 SP:FD CPU Cycle:423308466
CFD7 $D0 $FB       BNE $CFD4 = $38             A:58 X:06 Y:02 P:05 SP:FD CPU Cycle:423308468
CFD4 $38           SEC                         A:58 X:06 Y:02 P:05 SP:FD CPU Cycle:423308471
CFD5 $E9 $01       SBC #$01                    A:58 X:06 Y:02 P:05 SP:FD CPU Cycle:423308473
CFD7 $D0 $FB       BNE $CFD4 = $38             A:57 X:06 Y:02 P:05 SP:FD CPU Cycle:423308475
CFD4 $38           SEC                         A:57 X:06 Y:02 P:05 SP:FD CPU Cycle:423308478
CFD5 $E9 $01       SBC #$01                    A:57 X:06 Y:02 P:05 SP:FD CPU Cycle:423308480
CFD7 $D0 $FB       BNE $CFD4 = $38             A:56 X:06 Y:02 P:05 SP:FD CPU Cycle:423308482
CFD4 $38           SEC                         A:56 X:06 Y:02 P:05 SP:FD CPU Cycle:423308485
CFD5 $E9 $01       SBC #$01                    A:56 X:06 Y:02 P:05 SP:FD CPU Cycle:423308487
CFD7 $D0 $FB       BNE $CFD4 = $38             A:55 X:06 Y:02 P:05 SP:FD CPU Cycle:423308489
CFD4 $38           SEC                         A:55 X:06 Y:02 P:05 SP:FD CPU Cycle:423308492
CFD5 $E9 $01       SBC #$01                    A:55 X:06 Y:02 P:05 SP:FD CPU Cycle:423308494
CFD7 $D0 $FB       BNE $CFD4 = $38             A:54 X:06 Y:02 P:05 SP:FD CPU Cycle:423308496
CFD4 $38           SEC                         A:54 X:06 Y:02 P:05 SP:FD CPU Cycle:423308499
CFD5 $E9 $01       SBC #$01                    A:54 X:06 Y:02 P:05 SP:FD CPU Cycle:423308501
CFD7 $D0 $FB       BNE $CFD4 = $38             A:53 X:06 Y:02 P:05 SP:FD CPU Cycle:423308503
CFD4 $38           SEC                         A:53 X:06 Y:02 P:05 SP:FD CPU Cycle:423308506
CFD5 $E9 $01       SBC #$01                    A:53 X:06 Y:02 P:05 SP:FD CPU Cycle:423308508
CFD7 $D0 $FB       BNE $CFD4 = $38             A:52 X:06 Y:02 P:05 SP:FD CPU Cycle:423308510
CFD4 $38           SEC                         A:52 X:06 Y:02 P:05 SP:FD CPU Cycle:423308513
CFD5 $E9 $01       SBC #$01                    A:52 X:06 Y:02 P:05 SP:FD CPU Cycle:423308515
CFD7 $D0 $FB       BNE $CFD4 = $38             A:51 X:06 Y:02 P:05 SP:FD CPU Cycle:423308517
CFD4 $38           SEC                         A:51 X:06 Y:02 P:05 SP:FD CPU Cycle:423308520
CFD5 $E9 $01       SBC #$01                    A:51 X:06 Y:02 P:05 SP:FD CPU Cycle:423308522
CFD7 $D0 $FB       BNE $CFD4 = $38             A:50 X:06 Y:02 P:05 SP:FD CPU Cycle:423308524
CFD4 $38           SEC                         A:50 X:06 Y:02 P:05 SP:FD CPU Cycle:423308527
CFD5 $E9 $01       SBC #$01                    A:50 X:06 Y:02 P:05 SP:FD CPU Cycle:423308529
CFD7 $D0 $FB       BNE $CFD4 = $38             A:4F X:06 Y:02 P:05 SP:FD CPU Cycle:423308531
CFD4 $38           SEC                         A:4F X:06 Y:02 P:05 SP:FD CPU Cycle:423308534
CFD5 $E9 $01       SBC #$01                    A:4F X:06 Y:02 P:05 SP:FD CPU Cycle:423308536
CFD7 $D0 $FB       BNE $CFD4 = $38             A:4E X:06 Y:02 P:05 SP:FD CPU Cycle:423308538
CFD4 $38           SEC                         A:4E X:06 Y:02 P:05 SP:FD CPU Cycle:423308541
CFD5 $E9 $01       SBC #$01                    A:4E X:06 Y:02 P:05 SP:FD CPU Cycle:423308543
CFD7 $D0 $FB       BNE $CFD4 = $38             A:4D X:06 Y:02 P:05 SP:FD CPU Cycle:423308545
CFD4 $38           SEC                         A:4D X:06 Y:02 P:05 SP:FD CPU Cycle:423308548
CFD5 $E9 $01       SBC #$01                    A:4D X:06 Y:02 P:05 SP:FD CPU Cycle:423308550
CFD7 $D0 $FB       BNE $CFD4 = $38             A:4C X:06 Y:02 P:05 SP:FD CPU Cycle:423308552
CFD4 $38           SEC                         A:4C X:06 Y:02 P:05 SP:FD CPU Cycle:423308555
CFD5 $E9 $01       SBC #$01                    A:4C X:06 Y:02 P:05 SP:FD CPU Cycle:423308557
CFD7 $D0 $FB       BNE $CFD4 = $38             A:4B X:06 Y:02 P:05 SP:FD CPU Cycle:423308559
CFD4 $38           SEC                         A:4B X:06 Y:02 P:05 SP:FD CPU Cycle:423308562
CFD5 $E9 $01       SBC #$01                    A:4B X:06 Y:02 P:05 SP:FD CPU Cycle:423308564
CFD7 $D0 $FB       BNE $CFD4 = $38             A:4A X:06 Y:02 P:05 SP:FD CPU Cycle:423308566
CFD4 $38           SEC                         A:4A X:06 Y:02 P:05 SP:FD CPU Cycle:423308569
CFD5 $E9 $01       SBC #$01                    A:4A X:06 Y:02 P:05 SP:FD CPU Cycle:423308571
CFD7 $D0 $FB       BNE $CFD4 = $38             A:49 X:06 Y:02 P:05 SP:FD CPU Cycle:423308573
CFD4 $38           SEC                         A:49 X:06 Y:02 P:05 SP:FD CPU Cycle:423308576
CFD5 $E9 $01       SBC #$01                    A:49 X:06 Y:02 P:05 SP:FD CPU Cycle:423308578
CFD7 $D0 $FB       BNE $CFD4 = $38             A:48 X:06 Y:02 P:05 SP:FD CPU Cycle:423308580
CFD4 $38           SEC                         A:48 X:06 Y:02 P:05 SP:FD CPU Cycle:423308583
CFD5 $E9 $01       SBC #$01                    A:48 X:06 Y:02 P:05 SP:FD CPU Cycle:423308585
CFD7 $D0 $FB       BNE $CFD4 = $38             A:47 X:06 Y:02 P:05 SP:FD CPU Cycle:423308587
CFD4 $38           SEC                         A:47 X:06 Y:02 P:05 SP:FD CPU Cycle:423308590
CFD5 $E9 $01       SBC #$01                    A:47 X:06 Y:02 P:05 SP:FD CPU Cycle:423308592
CFD7 $D0 $FB       BNE $CFD4 = $38             A:46 X:06 Y:02 P:05 SP:FD CPU Cycle:423308594
CFD4 $38           SEC                         A:46 X:06 Y:02 P:05 SP:FD CPU Cycle:423308597
CFD5 $E9 $01       SBC #$01                    A:46 X:06 Y:02 P:05 SP:FD CPU Cycle:423308599
CFD7 $D0 $FB       BNE $CFD4 = $38             A:45 X:06 Y:02 P:05 SP:FD CPU Cycle:423308601
CFD4 $38           SEC                         A:45 X:06 Y:02 P:05 SP:FD CPU Cycle:423308604
CFD5 $E9 $01       SBC #$01                    A:45 X:06 Y:02 P:05 SP:FD CPU Cycle:423308606
CFD7 $D0 $FB       BNE $CFD4 = $38             A:44 X:06 Y:02 P:05 SP:FD CPU Cycle:423308608
CFD4 $38           SEC                         A:44 X:06 Y:02 P:05 SP:FD CPU Cycle:423308611
CFD5 $E9 $01       SBC #$01                    A:44 X:06 Y:02 P:05 SP:FD CPU Cycle:423308613
CFD7 $D0 $FB       BNE $CFD4 = $38             A:43 X:06 Y:02 P:05 SP:FD CPU Cycle:423308615
CFD4 $38           SEC                         A:43 X:06 Y:02 P:05 SP:FD CPU Cycle:423308618
CFD5 $E9 $01       SBC #$01                    A:43 X:06 Y:02 P:05 SP:FD CPU Cycle:423308620
CFD7 $D0 $FB       BNE $CFD4 = $38             A:42 X:06 Y:02 P:05 SP:FD CPU Cycle:423308622
CFD4 $38           SEC                         A:42 X:06 Y:02 P:05 SP:FD CPU Cycle:423308625
CFD5 $E9 $01       SBC #$01                    A:42 X:06 Y:02 P:05 SP:FD CPU Cycle:423308627
CFD7 $D0 $FB       BNE $CFD4 = $38             A:41 X:06 Y:02 P:05 SP:FD CPU Cycle:423308629
CFD4 $38           SEC                         A:41 X:06 Y:02 P:05 SP:FD CPU Cycle:423308632
CFD5 $E9 $01       SBC #$01                    A:41 X:06 Y:02 P:05 SP:FD CPU Cycle:423308634
CFD7 $D0 $FB       BNE $CFD4 = $38             A:40 X:06 Y:02 P:05 SP:FD CPU Cycle:423308636
CFD4 $38           SEC                         A:40 X:06 Y:02 P:05 SP:FD CPU Cycle:423308639
CFD5 $E9 $01       SBC #$01                    A:40 X:06 Y:02 P:05 SP:FD CPU Cycle:423308641
CFD7 $D0 $FB       BNE $CFD4 = $38             A:3F X:06 Y:02 P:05 SP:FD CPU Cycle:423308643
CFD4 $38           SEC                         A:3F X:06 Y:02 P:05 SP:FD CPU Cycle:423308646
CFD5 $E9 $01       SBC #$01                    A:3F X:06 Y:02 P:05 SP:FD CPU Cycle:423308648
CFD7 $D0 $FB       BNE $CFD4 = $38             A:3E X:06 Y:02 P:05 SP:FD CPU Cycle:423308650
CFD4 $38           SEC                         A:3E X:06 Y:02 P:05 SP:FD CPU Cycle:423308653
CFD5 $E9 $01       SBC #$01                    A:3E X:06 Y:02 P:05 SP:FD CPU Cycle:423308655
CFD7 $D0 $FB       BNE $CFD4 = $38             A:3D X:06 Y:02 P:05 SP:FD CPU Cycle:423308657
CFD4 $38           SEC                         A:3D X:06 Y:02 P:05 SP:FD CPU Cycle:423308660
CFD5 $E9 $01       SBC #$01                    A:3D X:06 Y:02 P:05 SP:FD CPU Cycle:423308662
CFD7 $D0 $FB       BNE $CFD4 = $38             A:3C X:06 Y:02 P:05 SP:FD CPU Cycle:423308664
CFD4 $38           SEC                         A:3C X:06 Y:02 P:05 SP:FD CPU Cycle:423308667
CFD5 $E9 $01       SBC #$01                    A:3C X:06 Y:02 P:05 SP:FD CPU Cycle:423308669
CFD7 $D0 $FB       BNE $CFD4 = $38             A:3B X:06 Y:02 P:05 SP:FD CPU Cycle:423308671
CFD4 $38           SEC                         A:3B X:06 Y:02 P:05 SP:FD CPU Cycle:423308674
CFD5 $E9 $01       SBC #$01                    A:3B X:06 Y:02 P:05 SP:FD CPU Cycle:423308676
CFD7 $D0 $FB       BNE $CFD4 = $38             A:3A X:06 Y:02 P:05 SP:FD CPU Cycle:423308678
CFD4 $38           SEC                         A:3A X:06 Y:02 P:05 SP:FD CPU Cycle:423308681
CFD5 $E9 $01       SBC #$01                    A:3A X:06 Y:02 P:05 SP:FD CPU Cycle:423308683
CFD7 $D0 $FB       BNE $CFD4 = $38             A:39 X:06 Y:02 P:05 SP:FD CPU Cycle:423308685
CFD4 $38           SEC                         A:39 X:06 Y:02 P:05 SP:FD CPU Cycle:423308688
CFD5 $E9 $01       SBC #$01                    A:39 X:06 Y:02 P:05 SP:FD CPU Cycle:423308690
CFD7 $D0 $FB       BNE $CFD4 = $38             A:38 X:06 Y:02 P:05 SP:FD CPU Cycle:423308692
CFD4 $38           SEC                         A:38 X:06 Y:02 P:05 SP:FD CPU Cycle:423308695
CFD5 $E9 $01       SBC #$01                    A:38 X:06 Y:02 P:05 SP:FD CPU Cycle:423308697
CFD7 $D0 $FB       BNE $CFD4 = $38             A:37 X:06 Y:02 P:05 SP:FD CPU Cycle:423308699
CFD4 $38           SEC                         A:37 X:06 Y:02 P:05 SP:FD CPU Cycle:423308702
CFD5 $E9 $01       SBC #$01                    A:37 X:06 Y:02 P:05 SP:FD CPU Cycle:423308704
CFD7 $D0 $FB       BNE $CFD4 = $38             A:36 X:06 Y:02 P:05 SP:FD CPU Cycle:423308706
CFD4 $38           SEC                         A:36 X:06 Y:02 P:05 SP:FD CPU Cycle:423308709
CFD5 $E9 $01       SBC #$01                    A:36 X:06 Y:02 P:05 SP:FD CPU Cycle:423308711
CFD7 $D0 $FB       BNE $CFD4 = $38             A:35 X:06 Y:02 P:05 SP:FD CPU Cycle:423308713
CFD4 $38           SEC                         A:35 X:06 Y:02 P:05 SP:FD CPU Cycle:423308716
CFD5 $E9 $01       SBC #$01                    A:35 X:06 Y:02 P:05 SP:FD CPU Cycle:423308718
CFD7 $D0 $FB       BNE $CFD4 = $38             A:34 X:06 Y:02 P:05 SP:FD CPU Cycle:423308720
CFD4 $38           SEC                         A:34 X:06 Y:02 P:05 SP:FD CPU Cycle:423308723
CFD5 $E9 $01       SBC #$01                    A:34 X:06 Y:02 P:05 SP:FD CPU Cycle:423308725
CFD7 $D0 $FB       BNE $CFD4 = $38             A:33 X:06 Y:02 P:05 SP:FD CPU Cycle:423308727
CFD4 $38           SEC                         A:33 X:06 Y:02 P:05 SP:FD CPU Cycle:423308730
CFD5 $E9 $01       SBC #$01                    A:33 X:06 Y:02 P:05 SP:FD CPU Cycle:423308732
CFD7 $D0 $FB       BNE $CFD4 = $38             A:32 X:06 Y:02 P:05 SP:FD CPU Cycle:423308734
CFD4 $38           SEC                         A:32 X:06 Y:02 P:05 SP:FD CPU Cycle:423308737
CFD5 $E9 $01       SBC #$01                    A:32 X:06 Y:02 P:05 SP:FD CPU Cycle:423308739
CFD7 $D0 $FB       BNE $CFD4 = $38             A:31 X:06 Y:02 P:05 SP:FD CPU Cycle:423308741
CFD4 $38           SEC                         A:31 X:06 Y:02 P:05 SP:FD CPU Cycle:423308744
CFD5 $E9 $01       SBC #$01                    A:31 X:06 Y:02 P:05 SP:FD CPU Cycle:423308746
CFD7 $D0 $FB       BNE $CFD4 = $38             A:30 X:06 Y:02 P:05 SP:FD CPU Cycle:423308748
CFD4 $38           SEC                         A:30 X:06 Y:02 P:05 SP:FD CPU Cycle:423308751
CFD5 $E9 $01       SBC #$01                    A:30 X:06 Y:02 P:05 SP:FD CPU Cycle:423308753
CFD7 $D0 $FB       BNE $CFD4 = $38             A:2F X:06 Y:02 P:05 SP:FD CPU Cycle:423308755
CFD4 $38           SEC                         A:2F X:06 Y:02 P:05 SP:FD CPU Cycle:423308758
CFD5 $E9 $01       SBC #$01                    A:2F X:06 Y:02 P:05 SP:FD CPU Cycle:423308760
CFD7 $D0 $FB       BNE $CFD4 = $38             A:2E X:06 Y:02 P:05 SP:FD CPU Cycle:423308762
CFD4 $38           SEC                         A:2E X:06 Y:02 P:05 SP:FD CPU Cycle:423308765
CFD5 $E9 $01       SBC #$01                    A:2E X:06 Y:02 P:05 SP:FD CPU Cycle:423308767
CFD7 $D0 $FB       BNE $CFD4 = $38             A:2D X:06 Y:02 P:05 SP:FD CPU Cycle:423308769
CFD4 $38           SEC                         A:2D X:06 Y:02 P:05 SP:FD CPU Cycle:423308772
CFD5 $E9 $01       SBC #$01                    A:2D X:06 Y:02 P:05 SP:FD CPU Cycle:423308774
CFD7 $D0 $FB       BNE $CFD4 = $38             A:2C X:06 Y:02 P:05 SP:FD CPU Cycle:423308776
CFD4 $38           SEC                         A:2C X:06 Y:02 P:05 SP:FD CPU Cycle:423308779
CFD5 $E9 $01       SBC #$01                    A:2C X:06 Y:02 P:05 SP:FD CPU Cycle:423308781
CFD7 $D0 $FB       BNE $CFD4 = $38             A:2B X:06 Y:02 P:05 SP:FD CPU Cycle:423308783
CFD4 $38           SEC                         A:2B X:06 Y:02 P:05 SP:FD CPU Cycle:423308786
CFD5 $E9 $01       SBC #$01                    A:2B X:06 Y:02 P:05 SP:FD CPU Cycle:423308788
CFD7 $D0 $FB       BNE $CFD4 = $38             A:2A X:06 Y:02 P:05 SP:FD CPU Cycle:423308790
CFD4 $38           SEC                         A:2A X:06 Y:02 P:05 SP:FD CPU Cycle:423308793
CFD5 $E9 $01       SBC #$01                    A:2A X:06 Y:02 P:05 SP:FD CPU Cycle:423308795
CFD7 $D0 $FB       BNE $CFD4 = $38             A:29 X:06 Y:02 P:05 SP:FD CPU Cycle:423308797
CFD4 $38           SEC                         A:29 X:06 Y:02 P:05 SP:FD CPU Cycle:423308800
CFD5 $E9 $01       SBC #$01                    A:29 X:06 Y:02 P:05 SP:FD CPU Cycle:423308802
CFD7 $D0 $FB       BNE $CFD4 = $38             A:28 X:06 Y:02 P:05 SP:FD CPU Cycle:423308804
CFD4 $38           SEC                         A:28 X:06 Y:02 P:05 SP:FD CPU Cycle:423308807
CFD5 $E9 $01       SBC #$01                    A:28 X:06 Y:02 P:05 SP:FD CPU Cycle:423308809
CFD7 $D0 $FB       BNE $CFD4 = $38             A:27 X:06 Y:02 P:05 SP:FD CPU Cycle:423308811
CFD4 $38           SEC                         A:27 X:06 Y:02 P:05 SP:FD CPU Cycle:423308814
CFD5 $E9 $01       SBC #$01                    A:27 X:06 Y:02 P:05 SP:FD CPU Cycle:423308816
CFD7 $D0 $FB       BNE $CFD4 = $38             A:26 X:06 Y:02 P:05 SP:FD CPU Cycle:423308818
CFD4 $38           SEC                         A:26 X:06 Y:02 P:05 SP:FD CPU Cycle:423308821
CFD5 $E9 $01       SBC #$01                    A:26 X:06 Y:02 P:05 SP:FD CPU Cycle:423308823
CFD7 $D0 $FB       BNE $CFD4 = $38             A:25 X:06 Y:02 P:05 SP:FD CPU Cycle:423308825
CFD4 $38           SEC                         A:25 X:06 Y:02 P:05 SP:FD CPU Cycle:423308828
CFD5 $E9 $01       SBC #$01                    A:25 X:06 Y:02 P:05 SP:FD CPU Cycle:423308830
CFD7 $D0 $FB       BNE $CFD4 = $38             A:24 X:06 Y:02 P:05 SP:FD CPU Cycle:423308832
CFD4 $38           SEC                         A:24 X:06 Y:02 P:05 SP:FD CPU Cycle:423308835
CFD5 $E9 $01       SBC #$01                    A:24 X:06 Y:02 P:05 SP:FD CPU Cycle:423308837
CFD7 $D0 $FB       BNE $CFD4 = $38             A:23 X:06 Y:02 P:05 SP:FD CPU Cycle:423308839
CFD4 $38           SEC                         A:23 X:06 Y:02 P:05 SP:FD CPU Cycle:423308842
CFD5 $E9 $01       SBC #$01                    A:23 X:06 Y:02 P:05 SP:FD CPU Cycle:423308844
CFD7 $D0 $FB       BNE $CFD4 = $38             A:22 X:06 Y:02 P:05 SP:FD CPU Cycle:423308846
CFD4 $38           SEC                         A:22 X:06 Y:02 P:05 SP:FD CPU Cycle:423308849
CFD5 $E9 $01       SBC #$01                    A:22 X:06 Y:02 P:05 SP:FD CPU Cycle:423308851
CFD7 $D0 $FB       BNE $CFD4 = $38             A:21 X:06 Y:02 P:05 SP:FD CPU Cycle:423308853
CFD4 $38           SEC                         A:21 X:06 Y:02 P:05 SP:FD CPU Cycle:423308856
CFD5 $E9 $01       SBC #$01                    A:21 X:06 Y:02 P:05 SP:FD CPU Cycle:423308858
CFD7 $D0 $FB       BNE $CFD4 = $38             A:20 X:06 Y:02 P:05 SP:FD CPU Cycle:423308860
CFD4 $38           SEC                         A:20 X:06 Y:02 P:05 SP:FD CPU Cycle:423308863
CFD5 $E9 $01       SBC #$01                    A:20 X:06 Y:02 P:05 SP:FD CPU Cycle:423308865
CFD7 $D0 $FB       BNE $CFD4 = $38             A:1F X:06 Y:02 P:05 SP:FD CPU Cycle:423308867
CFD4 $38           SEC                         A:1F X:06 Y:02 P:05 SP:FD CPU Cycle:423308870
CFD5 $E9 $01       SBC #$01                    A:1F X:06 Y:02 P:05 SP:FD CPU Cycle:423308872
CFD7 $D0 $FB       BNE $CFD4 = $38             A:1E X:06 Y:02 P:05 SP:FD CPU Cycle:423308874
CFD4 $38           SEC                         A:1E X:06 Y:02 P:05 SP:FD CPU Cycle:423308877
CFD5 $E9 $01       SBC #$01                    A:1E X:06 Y:02 P:05 SP:FD CPU Cycle:423308879
CFD7 $D0 $FB       BNE $CFD4 = $38             A:1D X:06 Y:02 P:05 SP:FD CPU Cycle:423308881
CFD4 $38           SEC                         A:1D X:06 Y:02 P:05 SP:FD CPU Cycle:423308884
CFD5 $E9 $01       SBC #$01                    A:1D X:06 Y:02 P:05 SP:FD CPU Cycle:423308886
CFD7 $D0 $FB       BNE $CFD4 = $38             A:1C X:06 Y:02 P:05 SP:FD CPU Cycle:423308888
CFD4 $38           SEC                         A:1C X:06 Y:02 P:05 SP:FD CPU Cycle:423308891
CFD5 $E9 $01       SBC #$01                    A:1C X:06 Y:02 P:05 SP:FD CPU Cycle:423308893
CFD7 $D0 $FB       BNE $CFD4 = $38             A:1B X:06 Y:02 P:05 SP:FD CPU Cycle:423308895
CFD4 $38           SEC                         A:1B X:06 Y:02 P:05 SP:FD CPU Cycle:423308898
CFD5 $E9 $01       SBC #$01                    A:1B X:06 Y:02 P:05 SP:FD CPU Cycle:423308900
CFD7 $D0 $FB       BNE $CFD4 = $38             A:1A X:06 Y:02 P:05 SP:FD CPU Cycle:423308902
CFD4 $38           SEC                         A:1A X:06 Y:02 P:05 SP:FD CPU Cycle:423308905
CFD5 $E9 $01       SBC #$01                    A:1A X:06 Y:02 P:05 SP:FD CPU Cycle:423308907
CFD7 $D0 $FB       BNE $CFD4 = $38             A:19 X:06 Y:02 P:05 SP:FD CPU Cycle:423308909
CFD4 $38           SEC                         A:19 X:06 Y:02 P:05 SP:FD CPU Cycle:423308912
CFD5 $E9 $01       SBC #$01                    A:19 X:06 Y:02 P:05 SP:FD CPU Cycle:423308914
CFD7 $D0 $FB       BNE $CFD4 = $38             A:18 X:06 Y:02 P:05 SP:FD CPU Cycle:423308916
CFD4 $38           SEC                         A:18 X:06 Y:02 P:05 SP:FD CPU Cycle:423308919
CFD5 $E9 $01       SBC #$01                    A:18 X:06 Y:02 P:05 SP:FD CPU Cycle:423308921
CFD7 $D0 $FB       BNE $CFD4 = $38             A:17 X:06 Y:02 P:05 SP:FD CPU Cycle:423308923
CFD4 $38           SEC                         A:17 X:06 Y:02 P:05 SP:FD CPU Cycle:423308926
CFD5 $E9 $01       SBC #$01                    A:17 X:06 Y:02 P:05 SP:FD CPU Cycle:423308928
CFD7 $D0 $FB       BNE $CFD4 = $38             A:16 X:06 Y:02 P:05 SP:FD CPU Cycle:423308930
CFD4 $38           SEC                         A:16 X:06 Y:02 P:05 SP:FD CPU Cycle:423308933
CFD5 $E9 $01       SBC #$01                    A:16 X:06 Y:02 P:05 SP:FD CPU Cycle:423308935
CFD7 $D0 $FB       BNE $CFD4 = $38             A:15 X:06 Y:02 P:05 SP:FD CPU Cycle:423308937
CFD4 $38           SEC                         A:15 X:06 Y:02 P:05 SP:FD CPU Cycle:423308940
CFD5 $E9 $01       SBC #$01                    A:15 X:06 Y:02 P:05 SP:FD CPU Cycle:423308942
CFD7 $D0 $FB       BNE $CFD4 = $38             A:14 X:06 Y:02 P:05 SP:FD CPU Cycle:423308944
CFD4 $38           SEC                         A:14 X:06 Y:02 P:05 SP:FD CPU Cycle:423308947
CFD5 $E9 $01       SBC #$01                    A:14 X:06 Y:02 P:05 SP:FD CPU Cycle:423308949
CFD7 $D0 $FB       BNE $CFD4 = $38             A:13 X:06 Y:02 P:05 SP:FD CPU Cycle:423308951
CFD4 $38           SEC                         A:13 X:06 Y:02 P:05 SP:FD CPU Cycle:423308954
CFD5 $E9 $01       SBC #$01                    A:13 X:06 Y:02 P:05 SP:FD CPU Cycle:423308956
CFD7 $D0 $FB       BNE $CFD4 = $38             A:12 X:06 Y:02 P:05 SP:FD CPU Cycle:423308958
CFD4 $38           SEC                         A:12 X:06 Y:02 P:05 SP:FD CPU Cycle:423308961
CFD5 $E9 $01       SBC #$01                    A:12 X:06 Y:02 P:05 SP:FD CPU Cycle:423308963
CFD7 $D0 $FB       BNE $CFD4 = $38             A:11 X:06 Y:02 P:05 SP:FD CPU Cycle:423308965
CFD4 $38           SEC                         A:11 X:06 Y:02 P:05 SP:FD CPU Cycle:423308968
CFD5 $E9 $01       SBC #$01                    A:11 X:06 Y:02 P:05 SP:FD CPU Cycle:423308970
CFD7 $D0 $FB       BNE $CFD4 = $38             A:10 X:06 Y:02 P:05 SP:FD CPU Cycle:423308972
CFD4 $38           SEC                         A:10 X:06 Y:02 P:05 SP:FD CPU Cycle:423308975
CFD5 $E9 $01       SBC #$01                    A:10 X:06 Y:02 P:05 SP:FD CPU Cycle:423308977
CFD7 $D0 $FB       BNE $CFD4 = $38             A:0F X:06 Y:02 P:05 SP:FD CPU Cycle:423308979
CFD4 $38           SEC                         A:0F X:06 Y:02 P:05 SP:FD CPU Cycle:423308982
CFD5 $E9 $01       SBC #$01                    A:0F X:06 Y:02 P:05 SP:FD CPU Cycle:423308984
CFD7 $D0 $FB       BNE $CFD4 = $38             A:0E X:06 Y:02 P:05 SP:FD CPU Cycle:423308986
CFD4 $38           SEC                         A:0E X:06 Y:02 P:05 SP:FD CPU Cycle:423308989
CFD5 $E9 $01       SBC #$01                    A:0E X:06 Y:02 P:05 SP:FD CPU Cycle:423308991
CFD7 $D0 $FB       BNE $CFD4 = $38             A:0D X:06 Y:02 P:05 SP:FD CPU Cycle:423308993
CFD4 $38           SEC                         A:0D X:06 Y:02 P:05 SP:FD CPU Cycle:423308996
CFD5 $E9 $01       SBC #$01                    A:0D X:06 Y:02 P:05 SP:FD CPU Cycle:423308998
CFD7 $D0 $FB       BNE $CFD4 = $38             A:0C X:06 Y:02 P:05 SP:FD CPU Cycle:423309000
CFD4 $38           SEC                         A:0C X:06 Y:02 P:05 SP:FD CPU Cycle:423309003
CFD5 $E9 $01       SBC #$01                    A:0C X:06 Y:02 P:05 SP:FD CPU Cycle:423309005
CFD7 $D0 $FB       BNE $CFD4 = $38             A:0B X:06 Y:02 P:05 SP:FD CPU Cycle:423309007
CFD4 $38           SEC                         A:0B X:06 Y:02 P:05 SP:FD CPU Cycle:423309010
CFD5 $E9 $01       SBC #$01                    A:0B X:06 Y:02 P:05 SP:FD CPU Cycle:423309012
CFD7 $D0 $FB       BNE $CFD4 = $38             A:0A X:06 Y:02 P:05 SP:FD CPU Cycle:423309014
CFD4 $38           SEC                         A:0A X:06 Y:02 P:05 SP:FD CPU Cycle:423309017
CFD5 $E9 $01       SBC #$01                    A:0A X:06 Y:02 P:05 SP:FD CPU Cycle:423309019
CFD7 $D0 $FB       BNE $CFD4 = $38             A:09 X:06 Y:02 P:05 SP:FD CPU Cycle:423309021
CFD4 $38           SEC                         A:09 X:06 Y:02 P:05 SP:FD CPU Cycle:423309024
CFD5 $E9 $01       SBC #$01                    A:09 X:06 Y:02 P:05 SP:FD CPU Cycle:423309026
CFD7 $D0 $FB       BNE $CFD4 = $38             A:08 X:06 Y:02 P:05 SP:FD CPU Cycle:423309028
CFD4 $38           SEC                         A:08 X:06 Y:02 P:05 SP:FD CPU Cycle:423309031
CFD5 $E9 $01       SBC #$01                    A:08 X:06 Y:02 P:05 SP:FD CPU Cycle:423309033
CFD7 $D0 $FB       BNE $CFD4 = $38             A:07 X:06 Y:02 P:05 SP:FD CPU Cycle:423309035
CFD4 $38           SEC                         A:07 X:06 Y:02 P:05 SP:FD CPU Cycle:423309038
CFD5 $E9 $01       SBC #$01                    A:07 X:06 Y:02 P:05 SP:FD CPU Cycle:423309040
CFD7 $D0 $FB       BNE $CFD4 = $38             A:06 X:06 Y:02 P:05 SP:FD CPU Cycle:423309042
CFD4 $38           SEC                         A:06 X:06 Y:02 P:05 SP:FD CPU Cycle:423309045
CFD5 $E9 $01       SBC #$01                    A:06 X:06 Y:02 P:05 SP:FD CPU Cycle:423309047
CFD7 $D0 $FB       BNE $CFD4 = $38             A:05 X:06 Y:02 P:05 SP:FD CPU Cycle:423309049
CFD4 $38           SEC                         A:05 X:06 Y:02 P:05 SP:FD CPU Cycle:423309052
CFD5 $E9 $01       SBC #$01                    A:05 X:06 Y:02 P:05 SP:FD CPU Cycle:423309054
CFD7 $D0 $FB       BNE $CFD4 = $38             A:04 X:06 Y:02 P:05 SP:FD CPU Cycle:423309056
CFD4 $38           SEC                         A:04 X:06 Y:02 P:05 SP:FD CPU Cycle:423309059
CFD5 $E9 $01       SBC #$01                    A:04 X:06 Y:02 P:05 SP:FD CPU Cycle:423309061
CFD7 $D0 $FB       BNE $CFD4 = $38             A:03 X:06 Y:02 P:05 SP:FD CPU Cycle:423309063
CFD4 $38           SEC                         A:03 X:06 Y:02 P:05 SP:FD CPU Cycle:423309066
CFD5 $E9 $01       SBC #$01                    A:03 X:06 Y:02 P:05 SP:FD CPU Cycle:423309068
CFD7 $D0 $FB       BNE $CFD4 = $38             A:02 X:06 Y:02 P:05 SP:FD CPU Cycle:423309070
CFD4 $38           SEC                         A:02 X:06 Y:02 P:05 SP:FD CPU Cycle:423309073
CFD5 $E9 $01       SBC #$01                    A:02 X:06 Y:02 P:05 SP:FD CPU Cycle:423309075
CFD7 $D0 $FB       BNE $CFD4 = $38             A:01 X:06 Y:02 P:05 SP:FD CPU Cycle:423309077
CFD4 $38           SEC                         A:01 X:06 Y:02 P:05 SP:FD CPU Cycle:423309080
CFD5 $E9 $01       SBC #$01                    A:01 X:06 Y:02 P:05 SP:FD CPU Cycle:423309082
CFD7 $D0 $FB       BNE $CFD4 = $38             A:00 X:06 Y:02 P:07 SP:FD CPU Cycle:423309084
CFD9 $CA           DEX                         A:00 X:06 Y:02 P:07 SP:FD CPU Cycle:423309086
CFDA $D0 $F8       BNE $CFD4 = $38             A:00 X:05 Y:02 P:05 SP:FD CPU Cycle:423309088
CFD4 $38           SEC                         A:00 X:05 Y:02 P:05 SP:FD CPU Cycle:423309091
CFD5 $E9 $01       SBC #$01                    A:00 X:05 Y:02 P:05 SP:FD CPU Cycle:423309093
CFD7 $D0 $FB       BNE $CFD4 = $38             A:FF X:05 Y:02 P:84 SP:FD CPU Cycle:423309095
CFD4 $38           SEC                         A:FF X:05 Y:02 P:84 SP:FD CPU Cycle:423309098
CFD5 $E9 $01       SBC #$01                    A:FF X:05 Y:02 P:85 SP:FD CPU Cycle:423309100
CFD7 $D0 $FB       BNE $CFD4 = $38             A:FE X:05 Y:02 P:85 SP:FD CPU Cycle:423309102
CFD4 $38           SEC                         A:FE X:05 Y:02 P:85 SP:FD CPU Cycle:423309105
CFD5 $E9 $01       SBC #$01                    A:FE X:05 Y:02 P:85 SP:FD CPU Cycle:423309107
CFD7 $D0 $FB       BNE $CFD4 = $38             A:FD X:05 Y:02 P:85 SP:FD CPU Cycle:423309109
CFD4 $38           SEC                         A:FD X:05 Y:02 P:85 SP:FD CPU Cycle:423309112
CFD5 $E9 $01       SBC #$01                    A:FD X:05 Y:02 P:85 SP:FD CPU Cycle:423309114
CFD7 $D0 $FB       BNE $CFD4 = $38             A:FC X:05 Y:02 P:85 SP:FD CPU Cycle:423309116
CFD4 $38           SEC                         A:FC X:05 Y:02 P:85 SP:FD CPU Cycle:423309119
CFD5 $E9 $01       SBC #$01                    A:FC X:05 Y:02 P:85 SP:FD CPU Cycle:423309121
CFD7 $D0 $FB       BNE $CFD4 = $38             A:FB X:05 Y:02 P:85 SP:FD CPU Cycle:423309123
CFD4 $38           SEC                         A:FB X:05 Y:02 P:85 SP:FD CPU Cycle:423309126
CFD5 $E9 $01       SBC #$01                    A:FB X:05 Y:02 P:85 SP:FD CPU Cycle:423309128
CFD7 $D0 $FB       BNE $CFD4 = $38             A:FA X:05 Y:02 P:85 SP:FD CPU Cycle:423309130
CFD4 $38           SEC                         A:FA X:05 Y:02 P:85 SP:FD CPU Cycle:423309133
CFD5 $E9 $01       SBC #$01                    A:FA X:05 Y:02 P:85 SP:FD CPU Cycle:423309135
CFD7 $D0 $FB       BNE $CFD4 = $38             A:F9 X:05 Y:02 P:85 SP:FD CPU Cycle:423309137
CFD4 $38           SEC                         A:F9 X:05 Y:02 P:85 SP:FD CPU Cycle:423309140
CFD5 $E9 $01       SBC #$01                    A:F9 X:05 Y:02 P:85 SP:FD CPU Cycle:423309142
CFD7 $D0 $FB       BNE $CFD4 = $38             A:F8 X:05 Y:02 P:85 SP:FD CPU Cycle:423309144
CFD4 $38           SEC                         A:F8 X:05 Y:02 P:85 SP:FD CPU Cycle:423309147
CFD5 $E9 $01       SBC #$01                    A:F8 X:05 Y:02 P:85 SP:FD CPU Cycle:423309149
CFD7 $D0 $FB       BNE $CFD4 = $38             A:F7 X:05 Y:02 P:85 SP:FD CPU Cycle:423309151
CFD4 $38           SEC                         A:F7 X:05 Y:02 P:85 SP:FD CPU Cycle:423309154
CFD5 $E9 $01       SBC #$01                    A:F7 X:05 Y:02 P:85 SP:FD CPU Cycle:423309156
CFD7 $D0 $FB       BNE $CFD4 = $38             A:F6 X:05 Y:02 P:85 SP:FD CPU Cycle:423309158
CFD4 $38           SEC                         A:F6 X:05 Y:02 P:85 SP:FD CPU Cycle:423309161
CFD5 $E9 $01       SBC #$01                    A:F6 X:05 Y:02 P:85 SP:FD CPU Cycle:423309163
CFD7 $D0 $FB       BNE $CFD4 = $38             A:F5 X:05 Y:02 P:85 SP:FD CPU Cycle:423309165
CFD4 $38           SEC                         A:F5 X:05 Y:02 P:85 SP:FD CPU Cycle:423309168
CFD5 $E9 $01       SBC #$01                    A:F5 X:05 Y:02 P:85 SP:FD CPU Cycle:423309170
CFD7 $D0 $FB       BNE $CFD4 = $38             A:F4 X:05 Y:02 P:85 SP:FD CPU Cycle:423309172
CFD4 $38           SEC                         A:F4 X:05 Y:02 P:85 SP:FD CPU Cycle:423309175
CFD5 $E9 $01       SBC #$01                    A:F4 X:05 Y:02 P:85 SP:FD CPU Cycle:423309177
CFD7 $D0 $FB       BNE $CFD4 = $38             A:F3 X:05 Y:02 P:85 SP:FD CPU Cycle:423309179
CFD4 $38           SEC                         A:F3 X:05 Y:02 P:85 SP:FD CPU Cycle:423309182
CFD5 $E9 $01       SBC #$01                    A:F3 X:05 Y:02 P:85 SP:FD CPU Cycle:423309184
CFD7 $D0 $FB       BNE $CFD4 = $38             A:F2 X:05 Y:02 P:85 SP:FD CPU Cycle:423309186
CFD4 $38           SEC                         A:F2 X:05 Y:02 P:85 SP:FD CPU Cycle:423309189
CFD5 $E9 $01       SBC #$01                    A:F2 X:05 Y:02 P:85 SP:FD CPU Cycle:423309191
CFD7 $D0 $FB       BNE $CFD4 = $38             A:F1 X:05 Y:02 P:85 SP:FD CPU Cycle:423309193
CFD4 $38           SEC                         A:F1 X:05 Y:02 P:85 SP:FD CPU Cycle:423309196
CFD5 $E9 $01       SBC #$01                    A:F1 X:05 Y:02 P:85 SP:FD CPU Cycle:423309198
CFD7 $D0 $FB       BNE $CFD4 = $38             A:F0 X:05 Y:02 P:85 SP:FD CPU Cycle:423309200
CFD4 $38           SEC                         A:F0 X:05 Y:02 P:85 SP:FD CPU Cycle:423309203
CFD5 $E9 $01       SBC #$01                    A:F0 X:05 Y:02 P:85 SP:FD CPU Cycle:423309205
CFD7 $D0 $FB       BNE $CFD4 = $38             A:EF X:05 Y:02 P:85 SP:FD CPU Cycle:423309207
CFD4 $38           SEC                         A:EF X:05 Y:02 P:85 SP:FD CPU Cycle:423309210
CFD5 $E9 $01       SBC #$01                    A:EF X:05 Y:02 P:85 SP:FD CPU Cycle:423309212
CFD7 $D0 $FB       BNE $CFD4 = $38             A:EE X:05 Y:02 P:85 SP:FD CPU Cycle:423309214
CFD4 $38           SEC                         A:EE X:05 Y:02 P:85 SP:FD CPU Cycle:423309217
CFD5 $E9 $01       SBC #$01                    A:EE X:05 Y:02 P:85 SP:FD CPU Cycle:423309219
CFD7 $D0 $FB       BNE $CFD4 = $38             A:ED X:05 Y:02 P:85 SP:FD CPU Cycle:423309221
CFD4 $38           SEC                         A:ED X:05 Y:02 P:85 SP:FD CPU Cycle:423309224
CFD5 $E9 $01       SBC #$01                    A:ED X:05 Y:02 P:85 SP:FD CPU Cycle:423309226
CFD7 $D0 $FB       BNE $CFD4 = $38             A:EC X:05 Y:02 P:85 SP:FD CPU Cycle:423309228
CFD4 $38           SEC                         A:EC X:05 Y:02 P:85 SP:FD CPU Cycle:423309231
CFD5 $E9 $01       SBC #$01                    A:EC X:05 Y:02 P:85 SP:FD CPU Cycle:423309233
CFD7 $D0 $FB       BNE $CFD4 = $38             A:EB X:05 Y:02 P:85 SP:FD CPU Cycle:423309235
CFD4 $38           SEC                         A:EB X:05 Y:02 P:85 SP:FD CPU Cycle:423309238
CFD5 $E9 $01       SBC #$01                    A:EB X:05 Y:02 P:85 SP:FD CPU Cycle:423309240
CFD7 $D0 $FB       BNE $CFD4 = $38             A:EA X:05 Y:02 P:85 SP:FD CPU Cycle:423309242
CFD4 $38           SEC                         A:EA X:05 Y:02 P:85 SP:FD CPU Cycle:423309245
CFD5 $E9 $01       SBC #$01                    A:EA X:05 Y:02 P:85 SP:FD CPU Cycle:423309247
CFD7 $D0 $FB       BNE $CFD4 = $38             A:E9 X:05 Y:02 P:85 SP:FD CPU Cycle:423309249
CFD4 $38           SEC                         A:E9 X:05 Y:02 P:85 SP:FD CPU Cycle:423309252
CFD5 $E9 $01       SBC #$01                    A:E9 X:05 Y:02 P:85 SP:FD CPU Cycle:423309254
CFD7 $D0 $FB       BNE $CFD4 = $38             A:E8 X:05 Y:02 P:85 SP:FD CPU Cycle:423309256
CFD4 $38           SEC                         A:E8 X:05 Y:02 P:85 SP:FD CPU Cycle:423309259
CFD5 $E9 $01       SBC #$01                    A:E8 X:05 Y:02 P:85 SP:FD CPU Cycle:423309261
CFD7 $D0 $FB       BNE $CFD4 = $38             A:E7 X:05 Y:02 P:85 SP:FD CPU Cycle:423309263
CFD4 $38           SEC                         A:E7 X:05 Y:02 P:85 SP:FD CPU Cycle:423309266
CFD5 $E9 $01       SBC #$01                    A:E7 X:05 Y:02 P:85 SP:FD CPU Cycle:423309268
CFD7 $D0 $FB       BNE $CFD4 = $38             A:E6 X:05 Y:02 P:85 SP:FD CPU Cycle:423309270
CFD4 $38           SEC                         A:E6 X:05 Y:02 P:85 SP:FD CPU Cycle:423309273
CFD5 $E9 $01       SBC #$01                    A:E6 X:05 Y:02 P:85 SP:FD CPU Cycle:423309275
CFD7 $D0 $FB       BNE $CFD4 = $38             A:E5 X:05 Y:02 P:85 SP:FD CPU Cycle:423309277
CFD4 $38           SEC                         A:E5 X:05 Y:02 P:85 SP:FD CPU Cycle:423309280
CFD5 $E9 $01       SBC #$01                    A:E5 X:05 Y:02 P:85 SP:FD CPU Cycle:423309282
CFD7 $D0 $FB       BNE $CFD4 = $38             A:E4 X:05 Y:02 P:85 SP:FD CPU Cycle:423309284
CFD4 $38           SEC                         A:E4 X:05 Y:02 P:85 SP:FD CPU Cycle:423309287
CFD5 $E9 $01       SBC #$01                    A:E4 X:05 Y:02 P:85 SP:FD CPU Cycle:423309289
CFD7 $D0 $FB       BNE $CFD4 = $38             A:E3 X:05 Y:02 P:85 SP:FD CPU Cycle:423309291
CFD4 $38           SEC                         A:E3 X:05 Y:02 P:85 SP:FD CPU Cycle:423309294
CFD5 $E9 $01       SBC #$01                    A:E3 X:05 Y:02 P:85 SP:FD CPU Cycle:423309296
CFD7 $D0 $FB       BNE $CFD4 = $38             A:E2 X:05 Y:02 P:85 SP:FD CPU Cycle:423309298
CFD4 $38           SEC                         A:E2 X:05 Y:02 P:85 SP:FD CPU Cycle:423309301
CFD5 $E9 $01       SBC #$01                    A:E2 X:05 Y:02 P:85 SP:FD CPU Cycle:423309303
CFD7 $D0 $FB       BNE $CFD4 = $38             A:E1 X:05 Y:02 P:85 SP:FD CPU Cycle:423309305
CFD4 $38           SEC                         A:E1 X:05 Y:02 P:85 SP:FD CPU Cycle:423309308
CFD5 $E9 $01       SBC #$01                    A:E1 X:05 Y:02 P:85 SP:FD CPU Cycle:423309310
CFD7 $D0 $FB       BNE $CFD4 = $38             A:E0 X:05 Y:02 P:85 SP:FD CPU Cycle:423309312
CFD4 $38           SEC                         A:E0 X:05 Y:02 P:85 SP:FD CPU Cycle:423309315
CFD5 $E9 $01       SBC #$01                    A:E0 X:05 Y:02 P:85 SP:FD CPU Cycle:423309317
CFD7 $D0 $FB       BNE $CFD4 = $38             A:DF X:05 Y:02 P:85 SP:FD CPU Cycle:423309319
CFD4 $38           SEC                         A:DF X:05 Y:02 P:85 SP:FD CPU Cycle:423309322
CFD5 $E9 $01       SBC #$01                    A:DF X:05 Y:02 P:85 SP:FD CPU Cycle:423309324
CFD7 $D0 $FB       BNE $CFD4 = $38             A:DE X:05 Y:02 P:85 SP:FD CPU Cycle:423309326
CFD4 $38           SEC                         A:DE X:05 Y:02 P:85 SP:FD CPU Cycle:423309329
CFD5 $E9 $01       SBC #$01                    A:DE X:05 Y:02 P:85 SP:FD CPU Cycle:423309331
CFD7 $D0 $FB       BNE $CFD4 = $38             A:DD X:05 Y:02 P:85 SP:FD CPU Cycle:423309333
CFD4 $38           SEC                         A:DD X:05 Y:02 P:85 SP:FD CPU Cycle:423309336
CFD5 $E9 $01       SBC #$01                    A:DD X:05 Y:02 P:85 SP:FD CPU Cycle:423309338
CFD7 $D0 $FB       BNE $CFD4 = $38             A:DC X:05 Y:02 P:85 SP:FD CPU Cycle:423309340
CFD4 $38           SEC                         A:DC X:05 Y:02 P:85 SP:FD CPU Cycle:423309343
CFD5 $E9 $01       SBC #$01                    A:DC X:05 Y:02 P:85 SP:FD CPU Cycle:423309345
CFD7 $D0 $FB       BNE $CFD4 = $38             A:DB X:05 Y:02 P:85 SP:FD CPU Cycle:423309347
CFD4 $38           SEC                         A:DB X:05 Y:02 P:85 SP:FD CPU Cycle:423309350
CFD5 $E9 $01       SBC #$01                    A:DB X:05 Y:02 P:85 SP:FD CPU Cycle:423309352
CFD7 $D0 $FB       BNE $CFD4 = $38             A:DA X:05 Y:02 P:85 SP:FD CPU Cycle:423309354
CFD4 $38           SEC                         A:DA X:05 Y:02 P:85 SP:FD CPU Cycle:423309357
CFD5 $E9 $01       SBC #$01                    A:DA X:05 Y:02 P:85 SP:FD CPU Cycle:423309359
CFD7 $D0 $FB       BNE $CFD4 = $38             A:D9 X:05 Y:02 P:85 SP:FD CPU Cycle:423309361
CFD4 $38           SEC                         A:D9 X:05 Y:02 P:85 SP:FD CPU Cycle:423309364
CFD5 $E9 $01       SBC #$01                    A:D9 X:05 Y:02 P:85 SP:FD CPU Cycle:423309366
CFD7 $D0 $FB       BNE $CFD4 = $38             A:D8 X:05 Y:02 P:85 SP:FD CPU Cycle:423309368
CFD4 $38           SEC                         A:D8 X:05 Y:02 P:85 SP:FD CPU Cycle:423309371
CFD5 $E9 $01       SBC #$01                    A:D8 X:05 Y:02 P:85 SP:FD CPU Cycle:423309373
CFD7 $D0 $FB       BNE $CFD4 = $38             A:D7 X:05 Y:02 P:85 SP:FD CPU Cycle:423309375
CFD4 $38           SEC                         A:D7 X:05 Y:02 P:85 SP:FD CPU Cycle:423309378
CFD5 $E9 $01       SBC #$01                    A:D7 X:05 Y:02 P:85 SP:FD CPU Cycle:423309380
CFD7 $D0 $FB       BNE $CFD4 = $38             A:D6 X:05 Y:02 P:85 SP:FD CPU Cycle:423309382
CFD4 $38           SEC                         A:D6 X:05 Y:02 P:85 SP:FD CPU Cycle:423309385
CFD5 $E9 $01       SBC #$01                    A:D6 X:05 Y:02 P:85 SP:FD CPU Cycle:423309387
CFD7 $D0 $FB       BNE $CFD4 = $38             A:D5 X:05 Y:02 P:85 SP:FD CPU Cycle:423309389
CFD4 $38           SEC                         A:D5 X:05 Y:02 P:85 SP:FD CPU Cycle:423309392
CFD5 $E9 $01       SBC #$01                    A:D5 X:05 Y:02 P:85 SP:FD CPU Cycle:423309394
CFD7 $D0 $FB       BNE $CFD4 = $38             A:D4 X:05 Y:02 P:85 SP:FD CPU Cycle:423309396
CFD4 $38           SEC                         A:D4 X:05 Y:02 P:85 SP:FD CPU Cycle:423309399
CFD5 $E9 $01       SBC #$01                    A:D4 X:05 Y:02 P:85 SP:FD CPU Cycle:423309401
CFD7 $D0 $FB       BNE $CFD4 = $38             A:D3 X:05 Y:02 P:85 SP:FD CPU Cycle:423309403
CFD4 $38           SEC                         A:D3 X:05 Y:02 P:85 SP:FD CPU Cycle:423309406
CFD5 $E9 $01       SBC #$01                    A:D3 X:05 Y:02 P:85 SP:FD CPU Cycle:423309408
CFD7 $D0 $FB       BNE $CFD4 = $38             A:D2 X:05 Y:02 P:85 SP:FD CPU Cycle:423309410
CFD4 $38           SEC                         A:D2 X:05 Y:02 P:85 SP:FD CPU Cycle:423309413
CFD5 $E9 $01       SBC #$01                    A:D2 X:05 Y:02 P:85 SP:FD CPU Cycle:423309415
CFD7 $D0 $FB       BNE $CFD4 = $38             A:D1 X:05 Y:02 P:85 SP:FD CPU Cycle:423309417
CFD4 $38           SEC                         A:D1 X:05 Y:02 P:85 SP:FD CPU Cycle:423309420
CFD5 $E9 $01       SBC #$01                    A:D1 X:05 Y:02 P:85 SP:FD CPU Cycle:423309422
CFD7 $D0 $FB       BNE $CFD4 = $38             A:D0 X:05 Y:02 P:85 SP:FD CPU Cycle:423309424
CFD4 $38           SEC                         A:D0 X:05 Y:02 P:85 SP:FD CPU Cycle:423309427
CFD5 $E9 $01       SBC #$01                    A:D0 X:05 Y:02 P:85 SP:FD CPU Cycle:423309429
CFD7 $D0 $FB       BNE $CFD4 = $38             A:CF X:05 Y:02 P:85 SP:FD CPU Cycle:423309431
CFD4 $38           SEC                         A:CF X:05 Y:02 P:85 SP:FD CPU Cycle:423309434
CFD5 $E9 $01       SBC #$01                    A:CF X:05 Y:02 P:85 SP:FD CPU Cycle:423309436
CFD7 $D0 $FB       BNE $CFD4 = $38             A:CE X:05 Y:02 P:85 SP:FD CPU Cycle:423309438
CFD4 $38           SEC                         A:CE X:05 Y:02 P:85 SP:FD CPU Cycle:423309441
CFD5 $E9 $01       SBC #$01                    A:CE X:05 Y:02 P:85 SP:FD CPU Cycle:423309443
CFD7 $D0 $FB       BNE $CFD4 = $38             A:CD X:05 Y:02 P:85 SP:FD CPU Cycle:423309445
CFD4 $38           SEC                         A:CD X:05 Y:02 P:85 SP:FD CPU Cycle:423309448
CFD5 $E9 $01       SBC #$01                    A:CD X:05 Y:02 P:85 SP:FD CPU Cycle:423309450
CFD7 $D0 $FB       BNE $CFD4 = $38             A:CC X:05 Y:02 P:85 SP:FD CPU Cycle:423309452
CFD4 $38           SEC                         A:CC X:05 Y:02 P:85 SP:FD CPU Cycle:423309455
CFD5 $E9 $01       SBC #$01                    A:CC X:05 Y:02 P:85 SP:FD CPU Cycle:423309457
CFD7 $D0 $FB       BNE $CFD4 = $38             A:CB X:05 Y:02 P:85 SP:FD CPU Cycle:423309459
CFD4 $38           SEC                         A:CB X:05 Y:02 P:85 SP:FD CPU Cycle:423309462
CFD5 $E9 $01       SBC #$01                    A:CB X:05 Y:02 P:85 SP:FD CPU Cycle:423309464
CFD7 $D0 $FB       BNE $CFD4 = $38             A:CA X:05 Y:02 P:85 SP:FD CPU Cycle:423309466
CFD4 $38           SEC                         A:CA X:05 Y:02 P:85 SP:FD CPU Cycle:423309469
CFD5 $E9 $01       SBC #$01                    A:CA X:05 Y:02 P:85 SP:FD CPU Cycle:423309471
CFD7 $D0 $FB       BNE $CFD4 = $38             A:C9 X:05 Y:02 P:85 SP:FD CPU Cycle:423309473
CFD4 $38           SEC                         A:C9 X:05 Y:02 P:85 SP:FD CPU Cycle:423309476
CFD5 $E9 $01       SBC #$01                    A:C9 X:05 Y:02 P:85 SP:FD CPU Cycle:423309478
CFD7 $D0 $FB       BNE $CFD4 = $38             A:C8 X:05 Y:02 P:85 SP:FD CPU Cycle:423309480
CFD4 $38           SEC                         A:C8 X:05 Y:02 P:85 SP:FD CPU Cycle:423309483
CFD5 $E9 $01       SBC #$01                    A:C8 X:05 Y:02 P:85 SP:FD CPU Cycle:423309485
CFD7 $D0 $FB       BNE $CFD4 = $38             A:C7 X:05 Y:02 P:85 SP:FD CPU Cycle:423309487
CFD4 $38           SEC                         A:C7 X:05 Y:02 P:85 SP:FD CPU Cycle:423309490
CFD5 $E9 $01       SBC #$01                    A:C7 X:05 Y:02 P:85 SP:FD CPU Cycle:423309492
CFD7 $D0 $FB       BNE $CFD4 = $38             A:C6 X:05 Y:02 P:85 SP:FD CPU Cycle:423309494
CFD4 $38           SEC                         A:C6 X:05 Y:02 P:85 SP:FD CPU Cycle:423309497
CFD5 $E9 $01       SBC #$01                    A:C6 X:05 Y:02 P:85 SP:FD CPU Cycle:423309499
CFD7 $D0 $FB       BNE $CFD4 = $38             A:C5 X:05 Y:02 P:85 SP:FD CPU Cycle:423309501
CFD4 $38           SEC                         A:C5 X:05 Y:02 P:85 SP:FD CPU Cycle:423309504
CFD5 $E9 $01       SBC #$01                    A:C5 X:05 Y:02 P:85 SP:FD CPU Cycle:423309506
CFD7 $D0 $FB       BNE $CFD4 = $38             A:C4 X:05 Y:02 P:85 SP:FD CPU Cycle:423309508
CFD4 $38           SEC                         A:C4 X:05 Y:02 P:85 SP:FD CPU Cycle:423309511
CFD5 $E9 $01       SBC #$01                    A:C4 X:05 Y:02 P:85 SP:FD CPU Cycle:423309513
CFD7 $D0 $FB       BNE $CFD4 = $38             A:C3 X:05 Y:02 P:85 SP:FD CPU Cycle:423309515
CFD4 $38           SEC                         A:C3 X:05 Y:02 P:85 SP:FD CPU Cycle:423309518
CFD5 $E9 $01       SBC #$01                    A:C3 X:05 Y:02 P:85 SP:FD CPU Cycle:423309520
CFD7 $D0 $FB       BNE $CFD4 = $38             A:C2 X:05 Y:02 P:85 SP:FD CPU Cycle:423309522
CFD4 $38           SEC                         A:C2 X:05 Y:02 P:85 SP:FD CPU Cycle:423309525
CFD5 $E9 $01       SBC #$01                    A:C2 X:05 Y:02 P:85 SP:FD CPU Cycle:423309527
CFD7 $D0 $FB       BNE $CFD4 = $38             A:C1 X:05 Y:02 P:85 SP:FD CPU Cycle:423309529
CFD4 $38           SEC                         A:C1 X:05 Y:02 P:85 SP:FD CPU Cycle:423309532
CFD5 $E9 $01       SBC #$01                    A:C1 X:05 Y:02 P:85 SP:FD CPU Cycle:423309534
CFD7 $D0 $FB       BNE $CFD4 = $38             A:C0 X:05 Y:02 P:85 SP:FD CPU Cycle:423309536
CFD4 $38           SEC                         A:C0 X:05 Y:02 P:85 SP:FD CPU Cycle:423309539
CFD5 $E9 $01       SBC #$01                    A:C0 X:05 Y:02 P:85 SP:FD CPU Cycle:423309541
CFD7 $D0 $FB       BNE $CFD4 = $38             A:BF X:05 Y:02 P:85 SP:FD CPU Cycle:423309543
CFD4 $38           SEC                         A:BF X:05 Y:02 P:85 SP:FD CPU Cycle:423309546
CFD5 $E9 $01       SBC #$01                    A:BF X:05 Y:02 P:85 SP:FD CPU Cycle:423309548
CFD7 $D0 $FB       BNE $CFD4 = $38             A:BE X:05 Y:02 P:85 SP:FD CPU Cycle:423309550
CFD4 $38           SEC                         A:BE X:05 Y:02 P:85 SP:FD CPU Cycle:423309553
CFD5 $E9 $01       SBC #$01                    A:BE X:05 Y:02 P:85 SP:FD CPU Cycle:423309555
CFD7 $D0 $FB       BNE $CFD4 = $38             A:BD X:05 Y:02 P:85 SP:FD CPU Cycle:423309557
CFD4 $38           SEC                         A:BD X:05 Y:02 P:85 SP:FD CPU Cycle:423309560
CFD5 $E9 $01       SBC #$01                    A:BD X:05 Y:02 P:85 SP:FD CPU Cycle:423309562
CFD7 $D0 $FB       BNE $CFD4 = $38             A:BC X:05 Y:02 P:85 SP:FD CPU Cycle:423309564
CFD4 $38           SEC                         A:BC X:05 Y:02 P:85 SP:FD CPU Cycle:423309567
CFD5 $E9 $01       SBC #$01                    A:BC X:05 Y:02 P:85 SP:FD CPU Cycle:423309569
CFD7 $D0 $FB       BNE $CFD4 = $38             A:BB X:05 Y:02 P:85 SP:FD CPU Cycle:423309571
CFD4 $38           SEC                         A:BB X:05 Y:02 P:85 SP:FD CPU Cycle:423309574
CFD5 $E9 $01       SBC #$01                    A:BB X:05 Y:02 P:85 SP:FD CPU Cycle:423309576
CFD7 $D0 $FB       BNE $CFD4 = $38             A:BA X:05 Y:02 P:85 SP:FD CPU Cycle:423309578
CFD4 $38           SEC                         A:BA X:05 Y:02 P:85 SP:FD CPU Cycle:423309581
CFD5 $E9 $01       SBC #$01                    A:BA X:05 Y:02 P:85 SP:FD CPU Cycle:423309583
CFD7 $D0 $FB       BNE $CFD4 = $38             A:B9 X:05 Y:02 P:85 SP:FD CPU Cycle:423309585
CFD4 $38           SEC                         A:B9 X:05 Y:02 P:85 SP:FD CPU Cycle:423309588
CFD5 $E9 $01       SBC #$01                    A:B9 X:05 Y:02 P:85 SP:FD CPU Cycle:423309590
CFD7 $D0 $FB       BNE $CFD4 = $38             A:B8 X:05 Y:02 P:85 SP:FD CPU Cycle:423309592
CFD4 $38           SEC                         A:B8 X:05 Y:02 P:85 SP:FD CPU Cycle:423309595
CFD5 $E9 $01       SBC #$01                    A:B8 X:05 Y:02 P:85 SP:FD CPU Cycle:423309597
CFD7 $D0 $FB       BNE $CFD4 = $38             A:B7 X:05 Y:02 P:85 SP:FD CPU Cycle:423309599
CFD4 $38           SEC                         A:B7 X:05 Y:02 P:85 SP:FD CPU Cycle:423309602
CFD5 $E9 $01       SBC #$01                    A:B7 X:05 Y:02 P:85 SP:FD CPU Cycle:423309604
CFD7 $D0 $FB       BNE $CFD4 = $38             A:B6 X:05 Y:02 P:85 SP:FD CPU Cycle:423309606
CFD4 $38           SEC                         A:B6 X:05 Y:02 P:85 SP:FD CPU Cycle:423309609
CFD5 $E9 $01       SBC #$01                    A:B6 X:05 Y:02 P:85 SP:FD CPU Cycle:423309611
CFD7 $D0 $FB       BNE $CFD4 = $38             A:B5 X:05 Y:02 P:85 SP:FD CPU Cycle:423309613
CFD4 $38           SEC                         A:B5 X:05 Y:02 P:85 SP:FD CPU Cycle:423309616
CFD5 $E9 $01       SBC #$01                    A:B5 X:05 Y:02 P:85 SP:FD CPU Cycle:423309618
CFD7 $D0 $FB       BNE $CFD4 = $38             A:B4 X:05 Y:02 P:85 SP:FD CPU Cycle:423309620
CFD4 $38           SEC                         A:B4 X:05 Y:02 P:85 SP:FD CPU Cycle:423309623
CFD5 $E9 $01       SBC #$01                    A:B4 X:05 Y:02 P:85 SP:FD CPU Cycle:423309625
CFD7 $D0 $FB       BNE $CFD4 = $38             A:B3 X:05 Y:02 P:85 SP:FD CPU Cycle:423309627
CFD4 $38           SEC                         A:B3 X:05 Y:02 P:85 SP:FD CPU Cycle:423309630
CFD5 $E9 $01       SBC #$01                    A:B3 X:05 Y:02 P:85 SP:FD CPU Cycle:423309632
CFD7 $D0 $FB       BNE $CFD4 = $38             A:B2 X:05 Y:02 P:85 SP:FD CPU Cycle:423309634
CFD4 $38           SEC                         A:B2 X:05 Y:02 P:85 SP:FD CPU Cycle:423309637
CFD5 $E9 $01       SBC #$01                    A:B2 X:05 Y:02 P:85 SP:FD CPU Cycle:423309639
CFD7 $D0 $FB       BNE $CFD4 = $38             A:B1 X:05 Y:02 P:85 SP:FD CPU Cycle:423309641
CFD4 $38           SEC                         A:B1 X:05 Y:02 P:85 SP:FD CPU Cycle:423309644
CFD5 $E9 $01       SBC #$01                    A:B1 X:05 Y:02 P:85 SP:FD CPU Cycle:423309646
CFD7 $D0 $FB       BNE $CFD4 = $38             A:B0 X:05 Y:02 P:85 SP:FD CPU Cycle:423309648
CFD4 $38           SEC                         A:B0 X:05 Y:02 P:85 SP:FD CPU Cycle:423309651
CFD5 $E9 $01       SBC #$01                    A:B0 X:05 Y:02 P:85 SP:FD CPU Cycle:423309653
CFD7 $D0 $FB       BNE $CFD4 = $38             A:AF X:05 Y:02 P:85 SP:FD CPU Cycle:423309655
CFD4 $38           SEC                         A:AF X:05 Y:02 P:85 SP:FD CPU Cycle:423309658
CFD5 $E9 $01       SBC #$01                    A:AF X:05 Y:02 P:85 SP:FD CPU Cycle:423309660
CFD7 $D0 $FB       BNE $CFD4 = $38             A:AE X:05 Y:02 P:85 SP:FD CPU Cycle:423309662
CFD4 $38           SEC                         A:AE X:05 Y:02 P:85 SP:FD CPU Cycle:423309665
CFD5 $E9 $01       SBC #$01                    A:AE X:05 Y:02 P:85 SP:FD CPU Cycle:423309667
CFD7 $D0 $FB       BNE $CFD4 = $38             A:AD X:05 Y:02 P:85 SP:FD CPU Cycle:423309669
CFD4 $38           SEC                         A:AD X:05 Y:02 P:85 SP:FD CPU Cycle:423309672
CFD5 $E9 $01       SBC #$01                    A:AD X:05 Y:02 P:85 SP:FD CPU Cycle:423309674
CFD7 $D0 $FB       BNE $CFD4 = $38             A:AC X:05 Y:02 P:85 SP:FD CPU Cycle:423309676
CFD4 $38           SEC                         A:AC X:05 Y:02 P:85 SP:FD CPU Cycle:423309679
CFD5 $E9 $01       SBC #$01                    A:AC X:05 Y:02 P:85 SP:FD CPU Cycle:423309681
CFD7 $D0 $FB       BNE $CFD4 = $38             A:AB X:05 Y:02 P:85 SP:FD CPU Cycle:423309683
CFD4 $38           SEC                         A:AB X:05 Y:02 P:85 SP:FD CPU Cycle:423309686
CFD5 $E9 $01       SBC #$01                    A:AB X:05 Y:02 P:85 SP:FD CPU Cycle:423309688
CFD7 $D0 $FB       BNE $CFD4 = $38             A:AA X:05 Y:02 P:85 SP:FD CPU Cycle:423309690
CFD4 $38           SEC                         A:AA X:05 Y:02 P:85 SP:FD CPU Cycle:423309693
CFD5 $E9 $01       SBC #$01                    A:AA X:05 Y:02 P:85 SP:FD CPU Cycle:423309695
CFD7 $D0 $FB       BNE $CFD4 = $38             A:A9 X:05 Y:02 P:85 SP:FD CPU Cycle:423309697
CFD4 $38           SEC                         A:A9 X:05 Y:02 P:85 SP:FD CPU Cycle:423309700
CFD5 $E9 $01       SBC #$01                    A:A9 X:05 Y:02 P:85 SP:FD CPU Cycle:423309702
CFD7 $D0 $FB       BNE $CFD4 = $38             A:A8 X:05 Y:02 P:85 SP:FD CPU Cycle:423309704
CFD4 $38           SEC                         A:A8 X:05 Y:02 P:85 SP:FD CPU Cycle:423309707
CFD5 $E9 $01       SBC #$01                    A:A8 X:05 Y:02 P:85 SP:FD CPU Cycle:423309709
CFD7 $D0 $FB       BNE $CFD4 = $38             A:A7 X:05 Y:02 P:85 SP:FD CPU Cycle:423309711
CFD4 $38           SEC                         A:A7 X:05 Y:02 P:85 SP:FD CPU Cycle:423309714
CFD5 $E9 $01       SBC #$01                    A:A7 X:05 Y:02 P:85 SP:FD CPU Cycle:423309716
CFD7 $D0 $FB       BNE $CFD4 = $38             A:A6 X:05 Y:02 P:85 SP:FD CPU Cycle:423309718
CFD4 $38           SEC                         A:A6 X:05 Y:02 P:85 SP:FD CPU Cycle:423309721
CFD5 $E9 $01       SBC #$01                    A:A6 X:05 Y:02 P:85 SP:FD CPU Cycle:423309723
CFD7 $D0 $FB       BNE $CFD4 = $38             A:A5 X:05 Y:02 P:85 SP:FD CPU Cycle:423309725
CFD4 $38           SEC                         A:A5 X:05 Y:02 P:85 SP:FD CPU Cycle:423309728
CFD5 $E9 $01       SBC #$01                    A:A5 X:05 Y:02 P:85 SP:FD CPU Cycle:423309730
CFD7 $D0 $FB       BNE $CFD4 = $38             A:A4 X:05 Y:02 P:85 SP:FD CPU Cycle:423309732
CFD4 $38           SEC                         A:A4 X:05 Y:02 P:85 SP:FD CPU Cycle:423309735
CFD5 $E9 $01       SBC #$01                    A:A4 X:05 Y:02 P:85 SP:FD CPU Cycle:423309737
CFD7 $D0 $FB       BNE $CFD4 = $38             A:A3 X:05 Y:02 P:85 SP:FD CPU Cycle:423309739
CFD4 $38           SEC                         A:A3 X:05 Y:02 P:85 SP:FD CPU Cycle:423309742
CFD5 $E9 $01       SBC #$01                    A:A3 X:05 Y:02 P:85 SP:FD CPU Cycle:423309744
CFD7 $D0 $FB       BNE $CFD4 = $38             A:A2 X:05 Y:02 P:85 SP:FD CPU Cycle:423309746
CFD4 $38           SEC                         A:A2 X:05 Y:02 P:85 SP:FD CPU Cycle:423309749
CFD5 $E9 $01       SBC #$01                    A:A2 X:05 Y:02 P:85 SP:FD CPU Cycle:423309751
CFD7 $D0 $FB       BNE $CFD4 = $38             A:A1 X:05 Y:02 P:85 SP:FD CPU Cycle:423309753
CFD4 $38           SEC                         A:A1 X:05 Y:02 P:85 SP:FD CPU Cycle:423309756
CFD5 $E9 $01       SBC #$01                    A:A1 X:05 Y:02 P:85 SP:FD CPU Cycle:423309758
CFD7 $D0 $FB       BNE $CFD4 = $38             A:A0 X:05 Y:02 P:85 SP:FD CPU Cycle:423309760
CFD4 $38           SEC                         A:A0 X:05 Y:02 P:85 SP:FD CPU Cycle:423309763
CFD5 $E9 $01       SBC #$01                    A:A0 X:05 Y:02 P:85 SP:FD CPU Cycle:423309765
CFD7 $D0 $FB       BNE $CFD4 = $38             A:9F X:05 Y:02 P:85 SP:FD CPU Cycle:423309767
CFD4 $38           SEC                         A:9F X:05 Y:02 P:85 SP:FD CPU Cycle:423309770
CFD5 $E9 $01       SBC #$01                    A:9F X:05 Y:02 P:85 SP:FD CPU Cycle:423309772
CFD7 $D0 $FB       BNE $CFD4 = $38             A:9E X:05 Y:02 P:85 SP:FD CPU Cycle:423309774
CFD4 $38           SEC                         A:9E X:05 Y:02 P:85 SP:FD CPU Cycle:423309777
CFD5 $E9 $01       SBC #$01                    A:9E X:05 Y:02 P:85 SP:FD CPU Cycle:423309779
CFD7 $D0 $FB       BNE $CFD4 = $38             A:9D X:05 Y:02 P:85 SP:FD CPU Cycle:423309781
CFD4 $38           SEC                         A:9D X:05 Y:02 P:85 SP:FD CPU Cycle:423309784
CFD5 $E9 $01       SBC #$01                    A:9D X:05 Y:02 P:85 SP:FD CPU Cycle:423309786
CFD7 $D0 $FB       BNE $CFD4 = $38             A:9C X:05 Y:02 P:85 SP:FD CPU Cycle:423309788
CFD4 $38           SEC                         A:9C X:05 Y:02 P:85 SP:FD CPU Cycle:423309791
CFD5 $E9 $01       SBC #$01                    A:9C X:05 Y:02 P:85 SP:FD CPU Cycle:423309793
CFD7 $D0 $FB       BNE $CFD4 = $38             A:9B X:05 Y:02 P:85 SP:FD CPU Cycle:423309795
CFD4 $38           SEC                         A:9B X:05 Y:02 P:85 SP:FD CPU Cycle:423309798
CFD5 $E9 $01       SBC #$01                    A:9B X:05 Y:02 P:85 SP:FD CPU Cycle:423309800
CFD7 $D0 $FB       BNE $CFD4 = $38             A:9A X:05 Y:02 P:85 SP:FD CPU Cycle:423309802
CFD4 $38           SEC                         A:9A X:05 Y:02 P:85 SP:FD CPU Cycle:423309805
CFD5 $E9 $01       SBC #$01                    A:9A X:05 Y:02 P:85 SP:FD CPU Cycle:423309807
CFD7 $D0 $FB       BNE $CFD4 = $38             A:99 X:05 Y:02 P:85 SP:FD CPU Cycle:423309809
CFD4 $38           SEC                         A:99 X:05 Y:02 P:85 SP:FD CPU Cycle:423309812
CFD5 $E9 $01       SBC #$01                    A:99 X:05 Y:02 P:85 SP:FD CPU Cycle:423309814
CFD7 $D0 $FB       BNE $CFD4 = $38             A:98 X:05 Y:02 P:85 SP:FD CPU Cycle:423309816
CFD4 $38           SEC                         A:98 X:05 Y:02 P:85 SP:FD CPU Cycle:423309819
CFD5 $E9 $01       SBC #$01                    A:98 X:05 Y:02 P:85 SP:FD CPU Cycle:423309821
CFD7 $D0 $FB       BNE $CFD4 = $38             A:97 X:05 Y:02 P:85 SP:FD CPU Cycle:423309823
CFD4 $38           SEC                         A:97 X:05 Y:02 P:85 SP:FD CPU Cycle:423309826
CFD5 $E9 $01       SBC #$01                    A:97 X:05 Y:02 P:85 SP:FD CPU Cycle:423309828
CFD7 $D0 $FB       BNE $CFD4 = $38             A:96 X:05 Y:02 P:85 SP:FD CPU Cycle:423309830
CFD4 $38           SEC                         A:96 X:05 Y:02 P:85 SP:FD CPU Cycle:423309833
CFD5 $E9 $01       SBC #$01                    A:96 X:05 Y:02 P:85 SP:FD CPU Cycle:423309835
CFD7 $D0 $FB       BNE $CFD4 = $38             A:95 X:05 Y:02 P:85 SP:FD CPU Cycle:423309837
CFD4 $38           SEC                         A:95 X:05 Y:02 P:85 SP:FD CPU Cycle:423309840
CFD5 $E9 $01       SBC #$01                    A:95 X:05 Y:02 P:85 SP:FD CPU Cycle:423309842
CFD7 $D0 $FB       BNE $CFD4 = $38             A:94 X:05 Y:02 P:85 SP:FD CPU Cycle:423309844
CFD4 $38           SEC                         A:94 X:05 Y:02 P:85 SP:FD CPU Cycle:423309847
CFD5 $E9 $01       SBC #$01                    A:94 X:05 Y:02 P:85 SP:FD CPU Cycle:423309849
CFD7 $D0 $FB       BNE $CFD4 = $38             A:93 X:05 Y:02 P:85 SP:FD CPU Cycle:423309851
CFD4 $38           SEC                         A:93 X:05 Y:02 P:85 SP:FD CPU Cycle:423309854
CFD5 $E9 $01       SBC #$01                    A:93 X:05 Y:02 P:85 SP:FD CPU Cycle:423309856
CFD7 $D0 $FB       BNE $CFD4 = $38             A:92 X:05 Y:02 P:85 SP:FD CPU Cycle:423309858
CFD4 $38           SEC                         A:92 X:05 Y:02 P:85 SP:FD CPU Cycle:423309861
CFD5 $E9 $01       SBC #$01                    A:92 X:05 Y:02 P:85 SP:FD CPU Cycle:423309863
CFD7 $D0 $FB       BNE $CFD4 = $38             A:91 X:05 Y:02 P:85 SP:FD CPU Cycle:423309865
CFD4 $38           SEC                         A:91 X:05 Y:02 P:85 SP:FD CPU Cycle:423309868
CFD5 $E9 $01       SBC #$01                    A:91 X:05 Y:02 P:85 SP:FD CPU Cycle:423309870
CFD7 $D0 $FB       BNE $CFD4 = $38             A:90 X:05 Y:02 P:85 SP:FD CPU Cycle:423309872
CFD4 $38           SEC                         A:90 X:05 Y:02 P:85 SP:FD CPU Cycle:423309875
CFD5 $E9 $01       SBC #$01                    A:90 X:05 Y:02 P:85 SP:FD CPU Cycle:423309877
CFD7 $D0 $FB       BNE $CFD4 = $38             A:8F X:05 Y:02 P:85 SP:FD CPU Cycle:423309879
CFD4 $38           SEC                         A:8F X:05 Y:02 P:85 SP:FD CPU Cycle:423309882
CFD5 $E9 $01       SBC #$01                    A:8F X:05 Y:02 P:85 SP:FD CPU Cycle:423309884
CFD7 $D0 $FB       BNE $CFD4 = $38             A:8E X:05 Y:02 P:85 SP:FD CPU Cycle:423309886
CFD4 $38           SEC                         A:8E X:05 Y:02 P:85 SP:FD CPU Cycle:423309889
CFD5 $E9 $01       SBC #$01                    A:8E X:05 Y:02 P:85 SP:FD CPU Cycle:423309891
CFD7 $D0 $FB       BNE $CFD4 = $38             A:8D X:05 Y:02 P:85 SP:FD CPU Cycle:423309893
CFD4 $38           SEC                         A:8D X:05 Y:02 P:85 SP:FD CPU Cycle:423309896
CFD5 $E9 $01       SBC #$01                    A:8D X:05 Y:02 P:85 SP:FD CPU Cycle:423309898
CFD7 $D0 $FB       BNE $CFD4 = $38             A:8C X:05 Y:02 P:85 SP:FD CPU Cycle:423309900
CFD4 $38           SEC                         A:8C X:05 Y:02 P:85 SP:FD CPU Cycle:423309903
CFD5 $E9 $01       SBC #$01                    A:8C X:05 Y:02 P:85 SP:FD CPU Cycle:423309905
CFD7 $D0 $FB       BNE $CFD4 = $38             A:8B X:05 Y:02 P:85 SP:FD CPU Cycle:423309907
CFD4 $38           SEC                         A:8B X:05 Y:02 P:85 SP:FD CPU Cycle:423309910
CFD5 $E9 $01       SBC #$01                    A:8B X:05 Y:02 P:85 SP:FD CPU Cycle:423309912
CFD7 $D0 $FB       BNE $CFD4 = $38             A:8A X:05 Y:02 P:85 SP:FD CPU Cycle:423309914
CFD4 $38           SEC                         A:8A X:05 Y:02 P:85 SP:FD CPU Cycle:423309917
CFD5 $E9 $01       SBC #$01                    A:8A X:05 Y:02 P:85 SP:FD CPU Cycle:423309919
CFD7 $D0 $FB       BNE $CFD4 = $38             A:89 X:05 Y:02 P:85 SP:FD CPU Cycle:423309921
CFD4 $38           SEC                         A:89 X:05 Y:02 P:85 SP:FD CPU Cycle:423309924
CFD5 $E9 $01       SBC #$01                    A:89 X:05 Y:02 P:85 SP:FD CPU Cycle:423309926
CFD7 $D0 $FB       BNE $CFD4 = $38             A:88 X:05 Y:02 P:85 SP:FD CPU Cycle:423309928
CFD4 $38           SEC                         A:88 X:05 Y:02 P:85 SP:FD CPU Cycle:423309931
CFD5 $E9 $01       SBC #$01                    A:88 X:05 Y:02 P:85 SP:FD CPU Cycle:423309933
CFD7 $D0 $FB       BNE $CFD4 = $38             A:87 X:05 Y:02 P:85 SP:FD CPU Cycle:423309935
CFD4 $38           SEC                         A:87 X:05 Y:02 P:85 SP:FD CPU Cycle:423309938
CFD5 $E9 $01       SBC #$01                    A:87 X:05 Y:02 P:85 SP:FD CPU Cycle:423309940
CFD7 $D0 $FB       BNE $CFD4 = $38             A:86 X:05 Y:02 P:85 SP:FD CPU Cycle:423309942
CFD4 $38           SEC                         A:86 X:05 Y:02 P:85 SP:FD CPU Cycle:423309945
CFD5 $E9 $01       SBC #$01                    A:86 X:05 Y:02 P:85 SP:FD CPU Cycle:423309947
CFD7 $D0 $FB       BNE $CFD4 = $38             A:85 X:05 Y:02 P:85 SP:FD CPU Cycle:423309949
CFD4 $38           SEC                         A:85 X:05 Y:02 P:85 SP:FD CPU Cycle:423309952
CFD5 $E9 $01       SBC #$01                    A:85 X:05 Y:02 P:85 SP:FD CPU Cycle:423309954
CFD7 $D0 $FB       BNE $CFD4 = $38             A:84 X:05 Y:02 P:85 SP:FD CPU Cycle:423309956
CFD4 $38           SEC                         A:84 X:05 Y:02 P:85 SP:FD CPU Cycle:423309959
CFD5 $E9 $01       SBC #$01                    A:84 X:05 Y:02 P:85 SP:FD CPU Cycle:423309961
CFD7 $D0 $FB       BNE $CFD4 = $38             A:83 X:05 Y:02 P:85 SP:FD CPU Cycle:423309963
CFD4 $38           SEC                         A:83 X:05 Y:02 P:85 SP:FD CPU Cycle:423309966
CFD5 $E9 $01       SBC #$01                    A:83 X:05 Y:02 P:85 SP:FD CPU Cycle:423309968
CFD7 $D0 $FB       BNE $CFD4 = $38             A:82 X:05 Y:02 P:85 SP:FD CPU Cycle:423309970
CFD4 $38           SEC                         A:82 X:05 Y:02 P:85 SP:FD CPU Cycle:423309973
CFD5 $E9 $01       SBC #$01                    A:82 X:05 Y:02 P:85 SP:FD CPU Cycle:423309975
CFD7 $D0 $FB       BNE $CFD4 = $38             A:81 X:05 Y:02 P:85 SP:FD CPU Cycle:423309977
CFD4 $38           SEC                         A:81 X:05 Y:02 P:85 SP:FD CPU Cycle:423309980
CFD5 $E9 $01       SBC #$01                    A:81 X:05 Y:02 P:85 SP:FD CPU Cycle:423309982
CFD7 $D0 $FB       BNE $CFD4 = $38             A:80 X:05 Y:02 P:85 SP:FD CPU Cycle:423309984
CFD4 $38           SEC                         A:80 X:05 Y:02 P:85 SP:FD CPU Cycle:423309987
CFD5 $E9 $01       SBC #$01                    A:80 X:05 Y:02 P:85 SP:FD CPU Cycle:423309989
CFD7 $D0 $FB       BNE $CFD4 = $38             A:7F X:05 Y:02 P:45 SP:FD CPU Cycle:423309991
CFD4 $38           SEC                         A:7F X:05 Y:02 P:45 SP:FD CPU Cycle:423309994
CFD5 $E9 $01       SBC #$01                    A:7F X:05 Y:02 P:45 SP:FD CPU Cycle:423309996
CFD7 $D0 $FB       BNE $CFD4 = $38             A:7E X:05 Y:02 P:05 SP:FD CPU Cycle:423309998
CFD4 $38           SEC                         A:7E X:05 Y:02 P:05 SP:FD CPU Cycle:423310001
CFD5 $E9 $01       SBC #$01                    A:7E X:05 Y:02 P:05 SP:FD CPU Cycle:423310003
CFD7 $D0 $FB       BNE $CFD4 = $38             A:7D X:05 Y:02 P:05 SP:FD CPU Cycle:423310005
CFD4 $38           SEC                         A:7D X:05 Y:02 P:05 SP:FD CPU Cycle:423310008
CFD5 $E9 $01       SBC #$01                    A:7D X:05 Y:02 P:05 SP:FD CPU Cycle:423310010
CFD7 $D0 $FB       BNE $CFD4 = $38             A:7C X:05 Y:02 P:05 SP:FD CPU Cycle:423310012
CFD4 $38           SEC                         A:7C X:05 Y:02 P:05 SP:FD CPU Cycle:423310015
CFD5 $E9 $01       SBC #$01                    A:7C X:05 Y:02 P:05 SP:FD CPU Cycle:423310017
CFD7 $D0 $FB       BNE $CFD4 = $38             A:7B X:05 Y:02 P:05 SP:FD CPU Cycle:423310019
CFD4 $38           SEC                         A:7B X:05 Y:02 P:05 SP:FD CPU Cycle:423310022
CFD5 $E9 $01       SBC #$01                    A:7B X:05 Y:02 P:05 SP:FD CPU Cycle:423310024
CFD7 $D0 $FB       BNE $CFD4 = $38             A:7A X:05 Y:02 P:05 SP:FD CPU Cycle:423310026
CFD4 $38           SEC                         A:7A X:05 Y:02 P:05 SP:FD CPU Cycle:423310029
CFD5 $E9 $01       SBC #$01                    A:7A X:05 Y:02 P:05 SP:FD CPU Cycle:423310031
CFD7 $D0 $FB       BNE $CFD4 = $38             A:79 X:05 Y:02 P:05 SP:FD CPU Cycle:423310033
CFD4 $38           SEC                         A:79 X:05 Y:02 P:05 SP:FD CPU Cycle:423310036
CFD5 $E9 $01       SBC #$01                    A:79 X:05 Y:02 P:05 SP:FD CPU Cycle:423310038
CFD7 $D0 $FB       BNE $CFD4 = $38             A:78 X:05 Y:02 P:05 SP:FD CPU Cycle:423310040
CFD4 $38           SEC                         A:78 X:05 Y:02 P:05 SP:FD CPU Cycle:423310043
CFD5 $E9 $01       SBC #$01                    A:78 X:05 Y:02 P:05 SP:FD CPU Cycle:423310045
CFD7 $D0 $FB       BNE $CFD4 = $38             A:77 X:05 Y:02 P:05 SP:FD CPU Cycle:423310047
CFD4 $38           SEC                         A:77 X:05 Y:02 P:05 SP:FD CPU Cycle:423310050
CFD5 $E9 $01       SBC #$01                    A:77 X:05 Y:02 P:05 SP:FD CPU Cycle:423310052
CFD7 $D0 $FB       BNE $CFD4 = $38             A:76 X:05 Y:02 P:05 SP:FD CPU Cycle:423310054
CFD4 $38           SEC                         A:76 X:05 Y:02 P:05 SP:FD CPU Cycle:423310057
CFD5 $E9 $01       SBC #$01                    A:76 X:05 Y:02 P:05 SP:FD CPU Cycle:423310059
CFD7 $D0 $FB       BNE $CFD4 = $38             A:75 X:05 Y:02 P:05 SP:FD CPU Cycle:423310061
CFD4 $38           SEC                         A:75 X:05 Y:02 P:05 SP:FD CPU Cycle:423310064
CFD5 $E9 $01       SBC #$01                    A:75 X:05 Y:02 P:05 SP:FD CPU Cycle:423310066
CFD7 $D0 $FB       BNE $CFD4 = $38             A:74 X:05 Y:02 P:05 SP:FD CPU Cycle:423310068
CFD4 $38           SEC                         A:74 X:05 Y:02 P:05 SP:FD CPU Cycle:423310071
CFD5 $E9 $01       SBC #$01                    A:74 X:05 Y:02 P:05 SP:FD CPU Cycle:423310073
CFD7 $D0 $FB       BNE $CFD4 = $38             A:73 X:05 Y:02 P:05 SP:FD CPU Cycle:423310075
CFD4 $38           SEC                         A:73 X:05 Y:02 P:05 SP:FD CPU Cycle:423310078
CFD5 $E9 $01       SBC #$01                    A:73 X:05 Y:02 P:05 SP:FD CPU Cycle:423310080
CFD7 $D0 $FB       BNE $CFD4 = $38             A:72 X:05 Y:02 P:05 SP:FD CPU Cycle:423310082
CFD4 $38           SEC                         A:72 X:05 Y:02 P:05 SP:FD CPU Cycle:423310085
CFD5 $E9 $01       SBC #$01                    A:72 X:05 Y:02 P:05 SP:FD CPU Cycle:423310087
CFD7 $D0 $FB       BNE $CFD4 = $38             A:71 X:05 Y:02 P:05 SP:FD CPU Cycle:423310089
CFD4 $38           SEC                         A:71 X:05 Y:02 P:05 SP:FD CPU Cycle:423310092
CFD5 $E9 $01       SBC #$01                    A:71 X:05 Y:02 P:05 SP:FD CPU Cycle:423310094
CFD7 $D0 $FB       BNE $CFD4 = $38             A:70 X:05 Y:02 P:05 SP:FD CPU Cycle:423310096
CFD4 $38           SEC                         A:70 X:05 Y:02 P:05 SP:FD CPU Cycle:423310099
CFD5 $E9 $01       SBC #$01                    A:70 X:05 Y:02 P:05 SP:FD CPU Cycle:423310101
CFD7 $D0 $FB       BNE $CFD4 = $38             A:6F X:05 Y:02 P:05 SP:FD CPU Cycle:423310103
CFD4 $38           SEC                         A:6F X:05 Y:02 P:05 SP:FD CPU Cycle:423310106
CFD5 $E9 $01       SBC #$01                    A:6F X:05 Y:02 P:05 SP:FD CPU Cycle:423310108
CFD7 $D0 $FB       BNE $CFD4 = $38             A:6E X:05 Y:02 P:05 SP:FD CPU Cycle:423310110
CFD4 $38           SEC                         A:6E X:05 Y:02 P:05 SP:FD CPU Cycle:423310113
CFD5 $E9 $01       SBC #$01                    A:6E X:05 Y:02 P:05 SP:FD CPU Cycle:423310115
CFD7 $D0 $FB       BNE $CFD4 = $38             A:6D X:05 Y:02 P:05 SP:FD CPU Cycle:423310117
CFD4 $38           SEC                         A:6D X:05 Y:02 P:05 SP:FD CPU Cycle:423310120
CFD5 $E9 $01       SBC #$01                    A:6D X:05 Y:02 P:05 SP:FD CPU Cycle:423310122
CFD7 $D0 $FB       BNE $CFD4 = $38             A:6C X:05 Y:02 P:05 SP:FD CPU Cycle:423310124
CFD4 $38           SEC                         A:6C X:05 Y:02 P:05 SP:FD CPU Cycle:423310127
CFD5 $E9 $01       SBC #$01                    A:6C X:05 Y:02 P:05 SP:FD CPU Cycle:423310129
CFD7 $D0 $FB       BNE $CFD4 = $38             A:6B X:05 Y:02 P:05 SP:FD CPU Cycle:423310131
CFD4 $38           SEC                         A:6B X:05 Y:02 P:05 SP:FD CPU Cycle:423310134
CFD5 $E9 $01       SBC #$01                    A:6B X:05 Y:02 P:05 SP:FD CPU Cycle:423310136
CFD7 $D0 $FB       BNE $CFD4 = $38             A:6A X:05 Y:02 P:05 SP:FD CPU Cycle:423310138
CFD4 $38           SEC                         A:6A X:05 Y:02 P:05 SP:FD CPU Cycle:423310141
CFD5 $E9 $01       SBC #$01                    A:6A X:05 Y:02 P:05 SP:FD CPU Cycle:423310143
CFD7 $D0 $FB       BNE $CFD4 = $38             A:69 X:05 Y:02 P:05 SP:FD CPU Cycle:423310145
CFD4 $38           SEC                         A:69 X:05 Y:02 P:05 SP:FD CPU Cycle:423310148
CFD5 $E9 $01       SBC #$01                    A:69 X:05 Y:02 P:05 SP:FD CPU Cycle:423310150
CFD7 $D0 $FB       BNE $CFD4 = $38             A:68 X:05 Y:02 P:05 SP:FD CPU Cycle:423310152
CFD4 $38           SEC                         A:68 X:05 Y:02 P:05 SP:FD CPU Cycle:423310155
CFD5 $E9 $01       SBC #$01                    A:68 X:05 Y:02 P:05 SP:FD CPU Cycle:423310157
CFD7 $D0 $FB       BNE $CFD4 = $38             A:67 X:05 Y:02 P:05 SP:FD CPU Cycle:423310159
CFD4 $38           SEC                         A:67 X:05 Y:02 P:05 SP:FD CPU Cycle:423310162
CFD5 $E9 $01       SBC #$01                    A:67 X:05 Y:02 P:05 SP:FD CPU Cycle:423310164
CFD7 $D0 $FB       BNE $CFD4 = $38             A:66 X:05 Y:02 P:05 SP:FD CPU Cycle:423310166
CFD4 $38           SEC                         A:66 X:05 Y:02 P:05 SP:FD CPU Cycle:423310169
CFD5 $E9 $01       SBC #$01                    A:66 X:05 Y:02 P:05 SP:FD CPU Cycle:423310171
CFD7 $D0 $FB       BNE $CFD4 = $38             A:65 X:05 Y:02 P:05 SP:FD CPU Cycle:423310173
CFD4 $38           SEC                         A:65 X:05 Y:02 P:05 SP:FD CPU Cycle:423310176
CFD5 $E9 $01       SBC #$01                    A:65 X:05 Y:02 P:05 SP:FD CPU Cycle:423310178
CFD7 $D0 $FB       BNE $CFD4 = $38             A:64 X:05 Y:02 P:05 SP:FD CPU Cycle:423310180
CFD4 $38           SEC                         A:64 X:05 Y:02 P:05 SP:FD CPU Cycle:423310183
CFD5 $E9 $01       SBC #$01                    A:64 X:05 Y:02 P:05 SP:FD CPU Cycle:423310185
CFD7 $D0 $FB       BNE $CFD4 = $38             A:63 X:05 Y:02 P:05 SP:FD CPU Cycle:423310187
CFD4 $38           SEC                         A:63 X:05 Y:02 P:05 SP:FD CPU Cycle:423310190
CFD5 $E9 $01       SBC #$01                    A:63 X:05 Y:02 P:05 SP:FD CPU Cycle:423310192
CFD7 $D0 $FB       BNE $CFD4 = $38             A:62 X:05 Y:02 P:05 SP:FD CPU Cycle:423310194
CFD4 $38           SEC                         A:62 X:05 Y:02 P:05 SP:FD CPU Cycle:423310197
CFD5 $E9 $01       SBC #$01                    A:62 X:05 Y:02 P:05 SP:FD CPU Cycle:423310199
CFD7 $D0 $FB       BNE $CFD4 = $38             A:61 X:05 Y:02 P:05 SP:FD CPU Cycle:423310201
CFD4 $38           SEC                         A:61 X:05 Y:02 P:05 SP:FD CPU Cycle:423310204
CFD5 $E9 $01       SBC #$01                    A:61 X:05 Y:02 P:05 SP:FD CPU Cycle:423310206
CFD7 $D0 $FB       BNE $CFD4 = $38             A:60 X:05 Y:02 P:05 SP:FD CPU Cycle:423310208
CFD4 $38           SEC                         A:60 X:05 Y:02 P:05 SP:FD CPU Cycle:423310211
CFD5 $E9 $01       SBC #$01                    A:60 X:05 Y:02 P:05 SP:FD CPU Cycle:423310213
CFD7 $D0 $FB       BNE $CFD4 = $38             A:5F X:05 Y:02 P:05 SP:FD CPU Cycle:423310215
CFD4 $38           SEC                         A:5F X:05 Y:02 P:05 SP:FD CPU Cycle:423310218
CFD5 $E9 $01       SBC #$01                    A:5F X:05 Y:02 P:05 SP:FD CPU Cycle:423310220
CFD7 $D0 $FB       BNE $CFD4 = $38             A:5E X:05 Y:02 P:05 SP:FD CPU Cycle:423310222
CFD4 $38           SEC                         A:5E X:05 Y:02 P:05 SP:FD CPU Cycle:423310225
CFD5 $E9 $01       SBC #$01                    A:5E X:05 Y:02 P:05 SP:FD CPU Cycle:423310227
CFD7 $D0 $FB       BNE $CFD4 = $38             A:5D X:05 Y:02 P:05 SP:FD CPU Cycle:423310229
CFD4 $38           SEC                         A:5D X:05 Y:02 P:05 SP:FD CPU Cycle:423310232
CFD5 $E9 $01       SBC #$01                    A:5D X:05 Y:02 P:05 SP:FD CPU Cycle:423310234
CFD7 $D0 $FB       BNE $CFD4 = $38             A:5C X:05 Y:02 P:05 SP:FD CPU Cycle:423310236
CFD4 $38           SEC                         A:5C X:05 Y:02 P:05 SP:FD CPU Cycle:423310239
CFD5 $E9 $01       SBC #$01                    A:5C X:05 Y:02 P:05 SP:FD CPU Cycle:423310241
CFD7 $D0 $FB       BNE $CFD4 = $38             A:5B X:05 Y:02 P:05 SP:FD CPU Cycle:423310243
CFD4 $38           SEC                         A:5B X:05 Y:02 P:05 SP:FD CPU Cycle:423310246
CFD5 $E9 $01       SBC #$01                    A:5B X:05 Y:02 P:05 SP:FD CPU Cycle:423310248
CFD7 $D0 $FB       BNE $CFD4 = $38             A:5A X:05 Y:02 P:05 SP:FD CPU Cycle:423310250
CFD4 $38           SEC                         A:5A X:05 Y:02 P:05 SP:FD CPU Cycle:423310253
CFD5 $E9 $01       SBC #$01                    A:5A X:05 Y:02 P:05 SP:FD CPU Cycle:423310255
CFD7 $D0 $FB       BNE $CFD4 = $38             A:59 X:05 Y:02 P:05 SP:FD CPU Cycle:423310257
CFD4 $38           SEC                         A:59 X:05 Y:02 P:05 SP:FD CPU Cycle:423310260
CFD5 $E9 $01       SBC #$01                    A:59 X:05 Y:02 P:05 SP:FD CPU Cycle:423310262
CFD7 $D0 $FB       BNE $CFD4 = $38             A:58 X:05 Y:02 P:05 SP:FD CPU Cycle:423310264
CFD4 $38           SEC                         A:58 X:05 Y:02 P:05 SP:FD CPU Cycle:423310267
CFD5 $E9 $01       SBC #$01                    A:58 X:05 Y:02 P:05 SP:FD CPU Cycle:423310269
CFD7 $D0 $FB       BNE $CFD4 = $38             A:57 X:05 Y:02 P:05 SP:FD CPU Cycle:423310271
CFD4 $38           SEC                         A:57 X:05 Y:02 P:05 SP:FD CPU Cycle:423310274
CFD5 $E9 $01       SBC #$01                    A:57 X:05 Y:02 P:05 SP:FD CPU Cycle:423310276
CFD7 $D0 $FB       BNE $CFD4 = $38             A:56 X:05 Y:02 P:05 SP:FD CPU Cycle:423310278
CFD4 $38           SEC                         A:56 X:05 Y:02 P:05 SP:FD CPU Cycle:423310281
CFD5 $E9 $01       SBC #$01                    A:56 X:05 Y:02 P:05 SP:FD CPU Cycle:423310283
CFD7 $D0 $FB       BNE $CFD4 = $38             A:55 X:05 Y:02 P:05 SP:FD CPU Cycle:423310285
CFD4 $38           SEC                         A:55 X:05 Y:02 P:05 SP:FD CPU Cycle:423310288
CFD5 $E9 $01       SBC #$01                    A:55 X:05 Y:02 P:05 SP:FD CPU Cycle:423310290
CFD7 $D0 $FB       BNE $CFD4 = $38             A:54 X:05 Y:02 P:05 SP:FD CPU Cycle:423310292
CFD4 $38           SEC                         A:54 X:05 Y:02 P:05 SP:FD CPU Cycle:423310295
CFD5 $E9 $01       SBC #$01                    A:54 X:05 Y:02 P:05 SP:FD CPU Cycle:423310297
CFD7 $D0 $FB       BNE $CFD4 = $38             A:53 X:05 Y:02 P:05 SP:FD CPU Cycle:423310299
CFD4 $38           SEC                         A:53 X:05 Y:02 P:05 SP:FD CPU Cycle:423310302
CFD5 $E9 $01       SBC #$01                    A:53 X:05 Y:02 P:05 SP:FD CPU Cycle:423310304
CFD7 $D0 $FB       BNE $CFD4 = $38             A:52 X:05 Y:02 P:05 SP:FD CPU Cycle:423310306
CFD4 $38           SEC                         A:52 X:05 Y:02 P:05 SP:FD CPU Cycle:423310309
CFD5 $E9 $01       SBC #$01                    A:52 X:05 Y:02 P:05 SP:FD CPU Cycle:423310311
CFD7 $D0 $FB       BNE $CFD4 = $38             A:51 X:05 Y:02 P:05 SP:FD CPU Cycle:423310313
CFD4 $38           SEC                         A:51 X:05 Y:02 P:05 SP:FD CPU Cycle:423310316
CFD5 $E9 $01       SBC #$01                    A:51 X:05 Y:02 P:05 SP:FD CPU Cycle:423310318
CFD7 $D0 $FB       BNE $CFD4 = $38             A:50 X:05 Y:02 P:05 SP:FD CPU Cycle:423310320
CFD4 $38           SEC                         A:50 X:05 Y:02 P:05 SP:FD CPU Cycle:423310323
CFD5 $E9 $01       SBC #$01                    A:50 X:05 Y:02 P:05 SP:FD CPU Cycle:423310325
CFD7 $D0 $FB       BNE $CFD4 = $38             A:4F X:05 Y:02 P:05 SP:FD CPU Cycle:423310327
CFD4 $38           SEC                         A:4F X:05 Y:02 P:05 SP:FD CPU Cycle:423310330
CFD5 $E9 $01       SBC #$01                    A:4F X:05 Y:02 P:05 SP:FD CPU Cycle:423310332
CFD7 $D0 $FB       BNE $CFD4 = $38             A:4E X:05 Y:02 P:05 SP:FD CPU Cycle:423310334
CFD4 $38           SEC                         A:4E X:05 Y:02 P:05 SP:FD CPU Cycle:423310337
CFD5 $E9 $01       SBC #$01                    A:4E X:05 Y:02 P:05 SP:FD CPU Cycle:423310339
CFD7 $D0 $FB       BNE $CFD4 = $38             A:4D X:05 Y:02 P:05 SP:FD CPU Cycle:423310341
CFD4 $38           SEC                         A:4D X:05 Y:02 P:05 SP:FD CPU Cycle:423310344
CFD5 $E9 $01       SBC #$01                    A:4D X:05 Y:02 P:05 SP:FD CPU Cycle:423310346
CFD7 $D0 $FB       BNE $CFD4 = $38             A:4C X:05 Y:02 P:05 SP:FD CPU Cycle:423310348
CFD4 $38           SEC                         A:4C X:05 Y:02 P:05 SP:FD CPU Cycle:423310351
CFD5 $E9 $01       SBC #$01                    A:4C X:05 Y:02 P:05 SP:FD CPU Cycle:423310353
CFD7 $D0 $FB       BNE $CFD4 = $38             A:4B X:05 Y:02 P:05 SP:FD CPU Cycle:423310355
CFD4 $38           SEC                         A:4B X:05 Y:02 P:05 SP:FD CPU Cycle:423310358
CFD5 $E9 $01       SBC #$01                    A:4B X:05 Y:02 P:05 SP:FD CPU Cycle:423310360
CFD7 $D0 $FB       BNE $CFD4 = $38             A:4A X:05 Y:02 P:05 SP:FD CPU Cycle:423310362
CFD4 $38           SEC                         A:4A X:05 Y:02 P:05 SP:FD CPU Cycle:423310365
CFD5 $E9 $01       SBC #$01                    A:4A X:05 Y:02 P:05 SP:FD CPU Cycle:423310367
CFD7 $D0 $FB       BNE $CFD4 = $38             A:49 X:05 Y:02 P:05 SP:FD CPU Cycle:423310369
CFD4 $38           SEC                         A:49 X:05 Y:02 P:05 SP:FD CPU Cycle:423310372
CFD5 $E9 $01       SBC #$01                    A:49 X:05 Y:02 P:05 SP:FD CPU Cycle:423310374
CFD7 $D0 $FB       BNE $CFD4 = $38             A:48 X:05 Y:02 P:05 SP:FD CPU Cycle:423310376
CFD4 $38           SEC                         A:48 X:05 Y:02 P:05 SP:FD CPU Cycle:423310379
CFD5 $E9 $01       SBC #$01                    A:48 X:05 Y:02 P:05 SP:FD CPU Cycle:423310381
CFD7 $D0 $FB       BNE $CFD4 = $38             A:47 X:05 Y:02 P:05 SP:FD CPU Cycle:423310383
CFD4 $38           SEC                         A:47 X:05 Y:02 P:05 SP:FD CPU Cycle:423310386
CFD5 $E9 $01       SBC #$01                    A:47 X:05 Y:02 P:05 SP:FD CPU Cycle:423310388
CFD7 $D0 $FB       BNE $CFD4 = $38             A:46 X:05 Y:02 P:05 SP:FD CPU Cycle:423310390
CFD4 $38           SEC                         A:46 X:05 Y:02 P:05 SP:FD CPU Cycle:423310393
CFD5 $E9 $01       SBC #$01                    A:46 X:05 Y:02 P:05 SP:FD CPU Cycle:423310395
CFD7 $D0 $FB       BNE $CFD4 = $38             A:45 X:05 Y:02 P:05 SP:FD CPU Cycle:423310397
CFD4 $38           SEC                         A:45 X:05 Y:02 P:05 SP:FD CPU Cycle:423310400
CFD5 $E9 $01       SBC #$01                    A:45 X:05 Y:02 P:05 SP:FD CPU Cycle:423310402
CFD7 $D0 $FB       BNE $CFD4 = $38             A:44 X:05 Y:02 P:05 SP:FD CPU Cycle:423310404
CFD4 $38           SEC                         A:44 X:05 Y:02 P:05 SP:FD CPU Cycle:423310407
CFD5 $E9 $01       SBC #$01                    A:44 X:05 Y:02 P:05 SP:FD CPU Cycle:423310409
CFD7 $D0 $FB       BNE $CFD4 = $38             A:43 X:05 Y:02 P:05 SP:FD CPU Cycle:423310411
CFD4 $38           SEC                         A:43 X:05 Y:02 P:05 SP:FD CPU Cycle:423310414
CFD5 $E9 $01       SBC #$01                    A:43 X:05 Y:02 P:05 SP:FD CPU Cycle:423310416
CFD7 $D0 $FB       BNE $CFD4 = $38             A:42 X:05 Y:02 P:05 SP:FD CPU Cycle:423310418
CFD4 $38           SEC                         A:42 X:05 Y:02 P:05 SP:FD CPU Cycle:423310421
CFD5 $E9 $01       SBC #$01                    A:42 X:05 Y:02 P:05 SP:FD CPU Cycle:423310423
CFD7 $D0 $FB       BNE $CFD4 = $38             A:41 X:05 Y:02 P:05 SP:FD CPU Cycle:423310425
CFD4 $38           SEC                         A:41 X:05 Y:02 P:05 SP:FD CPU Cycle:423310428
CFD5 $E9 $01       SBC #$01                    A:41 X:05 Y:02 P:05 SP:FD CPU Cycle:423310430
CFD7 $D0 $FB       BNE $CFD4 = $38             A:40 X:05 Y:02 P:05 SP:FD CPU Cycle:423310432
CFD4 $38           SEC                         A:40 X:05 Y:02 P:05 SP:FD CPU Cycle:423310435
CFD5 $E9 $01       SBC #$01                    A:40 X:05 Y:02 P:05 SP:FD CPU Cycle:423310437
CFD7 $D0 $FB       BNE $CFD4 = $38             A:3F X:05 Y:02 P:05 SP:FD CPU Cycle:423310439
CFD4 $38           SEC                         A:3F X:05 Y:02 P:05 SP:FD CPU Cycle:423310442
CFD5 $E9 $01       SBC #$01                    A:3F X:05 Y:02 P:05 SP:FD CPU Cycle:423310444
CFD7 $D0 $FB       BNE $CFD4 = $38             A:3E X:05 Y:02 P:05 SP:FD CPU Cycle:423310446
CFD4 $38           SEC                         A:3E X:05 Y:02 P:05 SP:FD CPU Cycle:423310449
CFD5 $E9 $01       SBC #$01                    A:3E X:05 Y:02 P:05 SP:FD CPU Cycle:423310451
CFD7 $D0 $FB       BNE $CFD4 = $38             A:3D X:05 Y:02 P:05 SP:FD CPU Cycle:423310453
CFD4 $38           SEC                         A:3D X:05 Y:02 P:05 SP:FD CPU Cycle:423310456
CFD5 $E9 $01       SBC #$01                    A:3D X:05 Y:02 P:05 SP:FD CPU Cycle:423310458
CFD7 $D0 $FB       BNE $CFD4 = $38             A:3C X:05 Y:02 P:05 SP:FD CPU Cycle:423310460
CFD4 $38           SEC                         A:3C X:05 Y:02 P:05 SP:FD CPU Cycle:423310463
CFD5 $E9 $01       SBC #$01                    A:3C X:05 Y:02 P:05 SP:FD CPU Cycle:423310465
CFD7 $D0 $FB       BNE $CFD4 = $38             A:3B X:05 Y:02 P:05 SP:FD CPU Cycle:423310467
CFD4 $38           SEC                         A:3B X:05 Y:02 P:05 SP:FD CPU Cycle:423310470
CFD5 $E9 $01       SBC #$01                    A:3B X:05 Y:02 P:05 SP:FD CPU Cycle:423310472
CFD7 $D0 $FB       BNE $CFD4 = $38             A:3A X:05 Y:02 P:05 SP:FD CPU Cycle:423310474
CFD4 $38           SEC                         A:3A X:05 Y:02 P:05 SP:FD CPU Cycle:423310477
CFD5 $E9 $01       SBC #$01                    A:3A X:05 Y:02 P:05 SP:FD CPU Cycle:423310479
CFD7 $D0 $FB       BNE $CFD4 = $38             A:39 X:05 Y:02 P:05 SP:FD CPU Cycle:423310481
CFD4 $38           SEC                         A:39 X:05 Y:02 P:05 SP:FD CPU Cycle:423310484
CFD5 $E9 $01       SBC #$01                    A:39 X:05 Y:02 P:05 SP:FD CPU Cycle:423310486
CFD7 $D0 $FB       BNE $CFD4 = $38             A:38 X:05 Y:02 P:05 SP:FD CPU Cycle:423310488
CFD4 $38           SEC                         A:38 X:05 Y:02 P:05 SP:FD CPU Cycle:423310491
CFD5 $E9 $01       SBC #$01                    A:38 X:05 Y:02 P:05 SP:FD CPU Cycle:423310493
CFD7 $D0 $FB       BNE $CFD4 = $38             A:37 X:05 Y:02 P:05 SP:FD CPU Cycle:423310495
CFD4 $38           SEC                         A:37 X:05 Y:02 P:05 SP:FD CPU Cycle:423310498
CFD5 $E9 $01       SBC #$01                    A:37 X:05 Y:02 P:05 SP:FD CPU Cycle:423310500
CFD7 $D0 $FB       BNE $CFD4 = $38             A:36 X:05 Y:02 P:05 SP:FD CPU Cycle:423310502
CFD4 $38           SEC                         A:36 X:05 Y:02 P:05 SP:FD CPU Cycle:423310505
CFD5 $E9 $01       SBC #$01                    A:36 X:05 Y:02 P:05 SP:FD CPU Cycle:423310507
CFD7 $D0 $FB       BNE $CFD4 = $38             A:35 X:05 Y:02 P:05 SP:FD CPU Cycle:423310509
CFD4 $38           SEC                         A:35 X:05 Y:02 P:05 SP:FD CPU Cycle:423310512
CFD5 $E9 $01       SBC #$01                    A:35 X:05 Y:02 P:05 SP:FD CPU Cycle:423310514
CFD7 $D0 $FB       BNE $CFD4 = $38             A:34 X:05 Y:02 P:05 SP:FD CPU Cycle:423310516
CFD4 $38           SEC                         A:34 X:05 Y:02 P:05 SP:FD CPU Cycle:423310519
CFD5 $E9 $01       SBC #$01                    A:34 X:05 Y:02 P:05 SP:FD CPU Cycle:423310521
CFD7 $D0 $FB       BNE $CFD4 = $38             A:33 X:05 Y:02 P:05 SP:FD CPU Cycle:423310523
CFD4 $38           SEC                         A:33 X:05 Y:02 P:05 SP:FD CPU Cycle:423310526
CFD5 $E9 $01       SBC #$01                    A:33 X:05 Y:02 P:05 SP:FD CPU Cycle:423310528
CFD7 $D0 $FB       BNE $CFD4 = $38             A:32 X:05 Y:02 P:05 SP:FD CPU Cycle:423310530
CFD4 $38           SEC                         A:32 X:05 Y:02 P:05 SP:FD CPU Cycle:423310533
CFD5 $E9 $01       SBC #$01                    A:32 X:05 Y:02 P:05 SP:FD CPU Cycle:423310535
CFD7 $D0 $FB       BNE $CFD4 = $38             A:31 X:05 Y:02 P:05 SP:FD CPU Cycle:423310537
CFD4 $38           SEC                         A:31 X:05 Y:02 P:05 SP:FD CPU Cycle:423310540
CFD5 $E9 $01       SBC #$01                    A:31 X:05 Y:02 P:05 SP:FD CPU Cycle:423310542
CFD7 $D0 $FB       BNE $CFD4 = $38             A:30 X:05 Y:02 P:05 SP:FD CPU Cycle:423310544
CFD4 $38           SEC                         A:30 X:05 Y:02 P:05 SP:FD CPU Cycle:423310547
CFD5 $E9 $01       SBC #$01                    A:30 X:05 Y:02 P:05 SP:FD CPU Cycle:423310549
CFD7 $D0 $FB       BNE $CFD4 = $38             A:2F X:05 Y:02 P:05 SP:FD CPU Cycle:423310551
CFD4 $38           SEC                         A:2F X:05 Y:02 P:05 SP:FD CPU Cycle:423310554
CFD5 $E9 $01       SBC #$01                    A:2F X:05 Y:02 P:05 SP:FD CPU Cycle:423310556
CFD7 $D0 $FB       BNE $CFD4 = $38             A:2E X:05 Y:02 P:05 SP:FD CPU Cycle:423310558
CFD4 $38           SEC                         A:2E X:05 Y:02 P:05 SP:FD CPU Cycle:423310561
CFD5 $E9 $01       SBC #$01                    A:2E X:05 Y:02 P:05 SP:FD CPU Cycle:423310563
CFD7 $D0 $FB       BNE $CFD4 = $38             A:2D X:05 Y:02 P:05 SP:FD CPU Cycle:423310565
CFD4 $38           SEC                         A:2D X:05 Y:02 P:05 SP:FD CPU Cycle:423310568
CFD5 $E9 $01       SBC #$01                    A:2D X:05 Y:02 P:05 SP:FD CPU Cycle:423310570
CFD7 $D0 $FB       BNE $CFD4 = $38             A:2C X:05 Y:02 P:05 SP:FD CPU Cycle:423310572
CFD4 $38           SEC                         A:2C X:05 Y:02 P:05 SP:FD CPU Cycle:423310575
CFD5 $E9 $01       SBC #$01                    A:2C X:05 Y:02 P:05 SP:FD CPU Cycle:423310577
CFD7 $D0 $FB       BNE $CFD4 = $38             A:2B X:05 Y:02 P:05 SP:FD CPU Cycle:423310579
CFD4 $38           SEC                         A:2B X:05 Y:02 P:05 SP:FD CPU Cycle:423310582
CFD5 $E9 $01       SBC #$01                    A:2B X:05 Y:02 P:05 SP:FD CPU Cycle:423310584
CFD7 $D0 $FB       BNE $CFD4 = $38             A:2A X:05 Y:02 P:05 SP:FD CPU Cycle:423310586
CFD4 $38           SEC                         A:2A X:05 Y:02 P:05 SP:FD CPU Cycle:423310589
CFD5 $E9 $01       SBC #$01                    A:2A X:05 Y:02 P:05 SP:FD CPU Cycle:423310591
CFD7 $D0 $FB       BNE $CFD4 = $38             A:29 X:05 Y:02 P:05 SP:FD CPU Cycle:423310593
CFD4 $38           SEC                         A:29 X:05 Y:02 P:05 SP:FD CPU Cycle:423310596
CFD5 $E9 $01       SBC #$01                    A:29 X:05 Y:02 P:05 SP:FD CPU Cycle:423310598
CFD7 $D0 $FB       BNE $CFD4 = $38             A:28 X:05 Y:02 P:05 SP:FD CPU Cycle:423310600
CFD4 $38           SEC                         A:28 X:05 Y:02 P:05 SP:FD CPU Cycle:423310603
CFD5 $E9 $01       SBC #$01                    A:28 X:05 Y:02 P:05 SP:FD CPU Cycle:423310605
CFD7 $D0 $FB       BNE $CFD4 = $38             A:27 X:05 Y:02 P:05 SP:FD CPU Cycle:423310607
CFD4 $38           SEC                         A:27 X:05 Y:02 P:05 SP:FD CPU Cycle:423310610
CFD5 $E9 $01       SBC #$01                    A:27 X:05 Y:02 P:05 SP:FD CPU Cycle:423310612
CFD7 $D0 $FB       BNE $CFD4 = $38             A:26 X:05 Y:02 P:05 SP:FD CPU Cycle:423310614
CFD4 $38           SEC                         A:26 X:05 Y:02 P:05 SP:FD CPU Cycle:423310617
CFD5 $E9 $01       SBC #$01                    A:26 X:05 Y:02 P:05 SP:FD CPU Cycle:423310619
CFD7 $D0 $FB       BNE $CFD4 = $38             A:25 X:05 Y:02 P:05 SP:FD CPU Cycle:423310621
CFD4 $38           SEC                         A:25 X:05 Y:02 P:05 SP:FD CPU Cycle:423310624
CFD5 $E9 $01       SBC #$01                    A:25 X:05 Y:02 P:05 SP:FD CPU Cycle:423310626
CFD7 $D0 $FB       BNE $CFD4 = $38             A:24 X:05 Y:02 P:05 SP:FD CPU Cycle:423310628
CFD4 $38           SEC                         A:24 X:05 Y:02 P:05 SP:FD CPU Cycle:423310631
CFD5 $E9 $01       SBC #$01                    A:24 X:05 Y:02 P:05 SP:FD CPU Cycle:423310633
CFD7 $D0 $FB       BNE $CFD4 = $38             A:23 X:05 Y:02 P:05 SP:FD CPU Cycle:423310635
CFD4 $38           SEC                         A:23 X:05 Y:02 P:05 SP:FD CPU Cycle:423310638
CFD5 $E9 $01       SBC #$01                    A:23 X:05 Y:02 P:05 SP:FD CPU Cycle:423310640
CFD7 $D0 $FB       BNE $CFD4 = $38             A:22 X:05 Y:02 P:05 SP:FD CPU Cycle:423310642
CFD4 $38           SEC                         A:22 X:05 Y:02 P:05 SP:FD CPU Cycle:423310645
CFD5 $E9 $01       SBC #$01                    A:22 X:05 Y:02 P:05 SP:FD CPU Cycle:423310647
CFD7 $D0 $FB       BNE $CFD4 = $38             A:21 X:05 Y:02 P:05 SP:FD CPU Cycle:423310649
CFD4 $38           SEC                         A:21 X:05 Y:02 P:05 SP:FD CPU Cycle:423310652
CFD5 $E9 $01       SBC #$01                    A:21 X:05 Y:02 P:05 SP:FD CPU Cycle:423310654
CFD7 $D0 $FB       BNE $CFD4 = $38             A:20 X:05 Y:02 P:05 SP:FD CPU Cycle:423310656
CFD4 $38           SEC                         A:20 X:05 Y:02 P:05 SP:FD CPU Cycle:423310659
CFD5 $E9 $01       SBC #$01                    A:20 X:05 Y:02 P:05 SP:FD CPU Cycle:423310661
CFD7 $D0 $FB       BNE $CFD4 = $38             A:1F X:05 Y:02 P:05 SP:FD CPU Cycle:423310663
CFD4 $38           SEC                         A:1F X:05 Y:02 P:05 SP:FD CPU Cycle:423310666
CFD5 $E9 $01       SBC #$01                    A:1F X:05 Y:02 P:05 SP:FD CPU Cycle:423310668
CFD7 $D0 $FB       BNE $CFD4 = $38             A:1E X:05 Y:02 P:05 SP:FD CPU Cycle:423310670
CFD4 $38           SEC                         A:1E X:05 Y:02 P:05 SP:FD CPU Cycle:423310673
CFD5 $E9 $01       SBC #$01                    A:1E X:05 Y:02 P:05 SP:FD CPU Cycle:423310675
CFD7 $D0 $FB       BNE $CFD4 = $38             A:1D X:05 Y:02 P:05 SP:FD CPU Cycle:423310677
CFD4 $38           SEC                         A:1D X:05 Y:02 P:05 SP:FD CPU Cycle:423310680
CFD5 $E9 $01       SBC #$01                    A:1D X:05 Y:02 P:05 SP:FD CPU Cycle:423310682
CFD7 $D0 $FB       BNE $CFD4 = $38             A:1C X:05 Y:02 P:05 SP:FD CPU Cycle:423310684
CFD4 $38           SEC                         A:1C X:05 Y:02 P:05 SP:FD CPU Cycle:423310687
CFD5 $E9 $01       SBC #$01                    A:1C X:05 Y:02 P:05 SP:FD CPU Cycle:423310689
CFD7 $D0 $FB       BNE $CFD4 = $38             A:1B X:05 Y:02 P:05 SP:FD CPU Cycle:423310691
CFD4 $38           SEC                         A:1B X:05 Y:02 P:05 SP:FD CPU Cycle:423310694
CFD5 $E9 $01       SBC #$01                    A:1B X:05 Y:02 P:05 SP:FD CPU Cycle:423310696
CFD7 $D0 $FB       BNE $CFD4 = $38             A:1A X:05 Y:02 P:05 SP:FD CPU Cycle:423310698
CFD4 $38           SEC                         A:1A X:05 Y:02 P:05 SP:FD CPU Cycle:423310701
CFD5 $E9 $01       SBC #$01                    A:1A X:05 Y:02 P:05 SP:FD CPU Cycle:423310703
CFD7 $D0 $FB       BNE $CFD4 = $38             A:19 X:05 Y:02 P:05 SP:FD CPU Cycle:423310705
CFD4 $38           SEC                         A:19 X:05 Y:02 P:05 SP:FD CPU Cycle:423310708
CFD5 $E9 $01       SBC #$01                    A:19 X:05 Y:02 P:05 SP:FD CPU Cycle:423310710
CFD7 $D0 $FB       BNE $CFD4 = $38             A:18 X:05 Y:02 P:05 SP:FD CPU Cycle:423310712
CFD4 $38           SEC                         A:18 X:05 Y:02 P:05 SP:FD CPU Cycle:423310715
CFD5 $E9 $01       SBC #$01                    A:18 X:05 Y:02 P:05 SP:FD CPU Cycle:423310717
CFD7 $D0 $FB       BNE $CFD4 = $38             A:17 X:05 Y:02 P:05 SP:FD CPU Cycle:423310719
CFD4 $38           SEC                         A:17 X:05 Y:02 P:05 SP:FD CPU Cycle:423310722
CFD5 $E9 $01       SBC #$01                    A:17 X:05 Y:02 P:05 SP:FD CPU Cycle:423310724
CFD7 $D0 $FB       BNE $CFD4 = $38             A:16 X:05 Y:02 P:05 SP:FD CPU Cycle:423310726
CFD4 $38           SEC                         A:16 X:05 Y:02 P:05 SP:FD CPU Cycle:423310729
CFD5 $E9 $01       SBC #$01                    A:16 X:05 Y:02 P:05 SP:FD CPU Cycle:423310731
CFD7 $D0 $FB       BNE $CFD4 = $38             A:15 X:05 Y:02 P:05 SP:FD CPU Cycle:423310733
CFD4 $38           SEC                         A:15 X:05 Y:02 P:05 SP:FD CPU Cycle:423310736
CFD5 $E9 $01       SBC #$01                    A:15 X:05 Y:02 P:05 SP:FD CPU Cycle:423310738
CFD7 $D0 $FB       BNE $CFD4 = $38             A:14 X:05 Y:02 P:05 SP:FD CPU Cycle:423310740
CFD4 $38           SEC                         A:14 X:05 Y:02 P:05 SP:FD CPU Cycle:423310743
CFD5 $E9 $01       SBC #$01                    A:14 X:05 Y:02 P:05 SP:FD CPU Cycle:423310745
CFD7 $D0 $FB       BNE $CFD4 = $38             A:13 X:05 Y:02 P:05 SP:FD CPU Cycle:423310747
CFD4 $38           SEC                         A:13 X:05 Y:02 P:05 SP:FD CPU Cycle:423310750
CFD5 $E9 $01       SBC #$01                    A:13 X:05 Y:02 P:05 SP:FD CPU Cycle:423310752
CFD7 $D0 $FB       BNE $CFD4 = $38             A:12 X:05 Y:02 P:05 SP:FD CPU Cycle:423310754
CFD4 $38           SEC                         A:12 X:05 Y:02 P:05 SP:FD CPU Cycle:423310757
CFD5 $E9 $01       SBC #$01                    A:12 X:05 Y:02 P:05 SP:FD CPU Cycle:423310759
CFD7 $D0 $FB       BNE $CFD4 = $38             A:11 X:05 Y:02 P:05 SP:FD CPU Cycle:423310761
CFD4 $38           SEC                         A:11 X:05 Y:02 P:05 SP:FD CPU Cycle:423310764
CFD5 $E9 $01       SBC #$01                    A:11 X:05 Y:02 P:05 SP:FD CPU Cycle:423310766
CFD7 $D0 $FB       BNE $CFD4 = $38             A:10 X:05 Y:02 P:05 SP:FD CPU Cycle:423310768
CFD4 $38           SEC                         A:10 X:05 Y:02 P:05 SP:FD CPU Cycle:423310771
CFD5 $E9 $01       SBC #$01                    A:10 X:05 Y:02 P:05 SP:FD CPU Cycle:423310773
CFD7 $D0 $FB       BNE $CFD4 = $38             A:0F X:05 Y:02 P:05 SP:FD CPU Cycle:423310775
CFD4 $38           SEC                         A:0F X:05 Y:02 P:05 SP:FD CPU Cycle:423310778
CFD5 $E9 $01       SBC #$01                    A:0F X:05 Y:02 P:05 SP:FD CPU Cycle:423310780
CFD7 $D0 $FB       BNE $CFD4 = $38             A:0E X:05 Y:02 P:05 SP:FD CPU Cycle:423310782
CFD4 $38           SEC                         A:0E X:05 Y:02 P:05 SP:FD CPU Cycle:423310785
CFD5 $E9 $01       SBC #$01                    A:0E X:05 Y:02 P:05 SP:FD CPU Cycle:423310787
CFD7 $D0 $FB       BNE $CFD4 = $38             A:0D X:05 Y:02 P:05 SP:FD CPU Cycle:423310789
CFD4 $38           SEC                         A:0D X:05 Y:02 P:05 SP:FD CPU Cycle:423310792
CFD5 $E9 $01       SBC #$01                    A:0D X:05 Y:02 P:05 SP:FD CPU Cycle:423310794
CFD7 $D0 $FB       BNE $CFD4 = $38             A:0C X:05 Y:02 P:05 SP:FD CPU Cycle:423310796
CFD4 $38           SEC                         A:0C X:05 Y:02 P:05 SP:FD CPU Cycle:423310799
CFD5 $E9 $01       SBC #$01                    A:0C X:05 Y:02 P:05 SP:FD CPU Cycle:423310801
CFD7 $D0 $FB       BNE $CFD4 = $38             A:0B X:05 Y:02 P:05 SP:FD CPU Cycle:423310803
CFD4 $38           SEC                         A:0B X:05 Y:02 P:05 SP:FD CPU Cycle:423310806
CFD5 $E9 $01       SBC #$01                    A:0B X:05 Y:02 P:05 SP:FD CPU Cycle:423310808
CFD7 $D0 $FB       BNE $CFD4 = $38             A:0A X:05 Y:02 P:05 SP:FD CPU Cycle:423310810
CFD4 $38           SEC                         A:0A X:05 Y:02 P:05 SP:FD CPU Cycle:423310813
CFD5 $E9 $01       SBC #$01                    A:0A X:05 Y:02 P:05 SP:FD CPU Cycle:423310815
CFD7 $D0 $FB       BNE $CFD4 = $38             A:09 X:05 Y:02 P:05 SP:FD CPU Cycle:423310817
CFD4 $38           SEC                         A:09 X:05 Y:02 P:05 SP:FD CPU Cycle:423310820
CFD5 $E9 $01       SBC #$01                    A:09 X:05 Y:02 P:05 SP:FD CPU Cycle:423310822
CFD7 $D0 $FB       BNE $CFD4 = $38             A:08 X:05 Y:02 P:05 SP:FD CPU Cycle:423310824
CFD4 $38           SEC                         A:08 X:05 Y:02 P:05 SP:FD CPU Cycle:423310827
CFD5 $E9 $01       SBC #$01                    A:08 X:05 Y:02 P:05 SP:FD CPU Cycle:423310829
CFD7 $D0 $FB       BNE $CFD4 = $38             A:07 X:05 Y:02 P:05 SP:FD CPU Cycle:423310831
CFD4 $38           SEC                         A:07 X:05 Y:02 P:05 SP:FD CPU Cycle:423310834
CFD5 $E9 $01       SBC #$01                    A:07 X:05 Y:02 P:05 SP:FD CPU Cycle:423310836
CFD7 $D0 $FB       BNE $CFD4 = $38             A:06 X:05 Y:02 P:05 SP:FD CPU Cycle:423310838
CFD4 $38           SEC                         A:06 X:05 Y:02 P:05 SP:FD CPU Cycle:423310841
CFD5 $E9 $01       SBC #$01                    A:06 X:05 Y:02 P:05 SP:FD CPU Cycle:423310843
CFD7 $D0 $FB       BNE $CFD4 = $38             A:05 X:05 Y:02 P:05 SP:FD CPU Cycle:423310845
CFD4 $38           SEC                         A:05 X:05 Y:02 P:05 SP:FD CPU Cycle:423310848
CFD5 $E9 $01       SBC #$01                    A:05 X:05 Y:02 P:05 SP:FD CPU Cycle:423310850
CFD7 $D0 $FB       BNE $CFD4 = $38             A:04 X:05 Y:02 P:05 SP:FD CPU Cycle:423310852
CFD4 $38           SEC                         A:04 X:05 Y:02 P:05 SP:FD CPU Cycle:423310855
CFD5 $E9 $01       SBC #$01                    A:04 X:05 Y:02 P:05 SP:FD CPU Cycle:423310857
CFD7 $D0 $FB       BNE $CFD4 = $38             A:03 X:05 Y:02 P:05 SP:FD CPU Cycle:423310859
CFD4 $38           SEC                         A:03 X:05 Y:02 P:05 SP:FD CPU Cycle:423310862
CFD5 $E9 $01       SBC #$01                    A:03 X:05 Y:02 P:05 SP:FD CPU Cycle:423310864
CFD7 $D0 $FB       BNE $CFD4 = $38             A:02 X:05 Y:02 P:05 SP:FD CPU Cycle:423310866
CFD4 $38           SEC                         A:02 X:05 Y:02 P:05 SP:FD CPU Cycle:423310869
CFD5 $E9 $01       SBC #$01                    A:02 X:05 Y:02 P:05 SP:FD CPU Cycle:423310871
CFD7 $D0 $FB       BNE $CFD4 = $38             A:01 X:05 Y:02 P:05 SP:FD CPU Cycle:423310873
CFD4 $38           SEC                         A:01 X:05 Y:02 P:05 SP:FD CPU Cycle:423310876
CFD5 $E9 $01       SBC #$01                    A:01 X:05 Y:02 P:05 SP:FD CPU Cycle:423310878
CFD7 $D0 $FB       BNE $CFD4 = $38             A:00 X:05 Y:02 P:07 SP:FD CPU Cycle:423310880
CFD9 $CA           DEX                         A:00 X:05 Y:02 P:07 SP:FD CPU Cycle:423310882
CFDA $D0 $F8       BNE $CFD4 = $38             A:00 X:04 Y:02 P:05 SP:FD CPU Cycle:423310884
CFD4 $38           SEC                         A:00 X:04 Y:02 P:05 SP:FD CPU Cycle:423310887
CFD5 $E9 $01       SBC #$01                    A:00 X:04 Y:02 P:05 SP:FD CPU Cycle:423310889
CFD7 $D0 $FB       BNE $CFD4 = $38             A:FF X:04 Y:02 P:84 SP:FD CPU Cycle:423310891
CFD4 $38           SEC                         A:FF X:04 Y:02 P:84 SP:FD CPU Cycle:423310894
CFD5 $E9 $01       SBC #$01                    A:FF X:04 Y:02 P:85 SP:FD CPU Cycle:423310896
CFD7 $D0 $FB       BNE $CFD4 = $38             A:FE X:04 Y:02 P:85 SP:FD CPU Cycle:423310898
CFD4 $38           SEC                         A:FE X:04 Y:02 P:85 SP:FD CPU Cycle:423310901
CFD5 $E9 $01       SBC #$01                    A:FE X:04 Y:02 P:85 SP:FD CPU Cycle:423310903
CFD7 $D0 $FB       BNE $CFD4 = $38             A:FD X:04 Y:02 P:85 SP:FD CPU Cycle:423310905
CFD4 $38           SEC                         A:FD X:04 Y:02 P:85 SP:FD CPU Cycle:423310908
CFD5 $E9 $01       SBC #$01                    A:FD X:04 Y:02 P:85 SP:FD CPU Cycle:423310910
CFD7 $D0 $FB       BNE $CFD4 = $38             A:FC X:04 Y:02 P:85 SP:FD CPU Cycle:423310912
CFD4 $38           SEC                         A:FC X:04 Y:02 P:85 SP:FD CPU Cycle:423310915
CFD5 $E9 $01       SBC #$01                    A:FC X:04 Y:02 P:85 SP:FD CPU Cycle:423310917
CFD7 $D0 $FB       BNE $CFD4 = $38             A:FB X:04 Y:02 P:85 SP:FD CPU Cycle:423310919
CFD4 $38           SEC                         A:FB X:04 Y:02 P:85 SP:FD CPU Cycle:423310922
CFD5 $E9 $01       SBC #$01                    A:FB X:04 Y:02 P:85 SP:FD CPU Cycle:423310924
CFD7 $D0 $FB       BNE $CFD4 = $38             A:FA X:04 Y:02 P:85 SP:FD CPU Cycle:423310926
CFD4 $38           SEC                         A:FA X:04 Y:02 P:85 SP:FD CPU Cycle:423310929
CFD5 $E9 $01       SBC #$01                    A:FA X:04 Y:02 P:85 SP:FD CPU Cycle:423310931
CFD7 $D0 $FB       BNE $CFD4 = $38             A:F9 X:04 Y:02 P:85 SP:FD CPU Cycle:423310933
CFD4 $38           SEC                         A:F9 X:04 Y:02 P:85 SP:FD CPU Cycle:423310936
CFD5 $E9 $01       SBC #$01                    A:F9 X:04 Y:02 P:85 SP:FD CPU Cycle:423310938
CFD7 $D0 $FB       BNE $CFD4 = $38             A:F8 X:04 Y:02 P:85 SP:FD CPU Cycle:423310940
CFD4 $38           SEC                         A:F8 X:04 Y:02 P:85 SP:FD CPU Cycle:423310943
CFD5 $E9 $01       SBC #$01                    A:F8 X:04 Y:02 P:85 SP:FD CPU Cycle:423310945
CFD7 $D0 $FB       BNE $CFD4 = $38             A:F7 X:04 Y:02 P:85 SP:FD CPU Cycle:423310947
CFD4 $38           SEC                         A:F7 X:04 Y:02 P:85 SP:FD CPU Cycle:423310950
CFD5 $E9 $01       SBC #$01                    A:F7 X:04 Y:02 P:85 SP:FD CPU Cycle:423310952
CFD7 $D0 $FB       BNE $CFD4 = $38             A:F6 X:04 Y:02 P:85 SP:FD CPU Cycle:423310954
CFD4 $38           SEC                         A:F6 X:04 Y:02 P:85 SP:FD CPU Cycle:423310957
CFD5 $E9 $01       SBC #$01                    A:F6 X:04 Y:02 P:85 SP:FD CPU Cycle:423310959
CFD7 $D0 $FB       BNE $CFD4 = $38             A:F5 X:04 Y:02 P:85 SP:FD CPU Cycle:423310961
CFD4 $38           SEC                         A:F5 X:04 Y:02 P:85 SP:FD CPU Cycle:423310964
CFD5 $E9 $01       SBC #$01                    A:F5 X:04 Y:02 P:85 SP:FD CPU Cycle:423310966
CFD7 $D0 $FB       BNE $CFD4 = $38             A:F4 X:04 Y:02 P:85 SP:FD CPU Cycle:423310968
CFD4 $38           SEC                         A:F4 X:04 Y:02 P:85 SP:FD CPU Cycle:423310971
CFD5 $E9 $01       SBC #$01                    A:F4 X:04 Y:02 P:85 SP:FD CPU Cycle:423310973
CFD7 $D0 $FB       BNE $CFD4 = $38             A:F3 X:04 Y:02 P:85 SP:FD CPU Cycle:423310975
CFD4 $38           SEC                         A:F3 X:04 Y:02 P:85 SP:FD CPU Cycle:423310978
CFD5 $E9 $01       SBC #$01                    A:F3 X:04 Y:02 P:85 SP:FD CPU Cycle:423310980
CFD7 $D0 $FB       BNE $CFD4 = $38             A:F2 X:04 Y:02 P:85 SP:FD CPU Cycle:423310982
CFD4 $38           SEC                         A:F2 X:04 Y:02 P:85 SP:FD CPU Cycle:423310985
CFD5 $E9 $01       SBC #$01                    A:F2 X:04 Y:02 P:85 SP:FD CPU Cycle:423310987
CFD7 $D0 $FB       BNE $CFD4 = $38             A:F1 X:04 Y:02 P:85 SP:FD CPU Cycle:423310989
CFD4 $38           SEC                         A:F1 X:04 Y:02 P:85 SP:FD CPU Cycle:423310992
CFD5 $E9 $01       SBC #$01                    A:F1 X:04 Y:02 P:85 SP:FD CPU Cycle:423310994
CFD7 $D0 $FB       BNE $CFD4 = $38             A:F0 X:04 Y:02 P:85 SP:FD CPU Cycle:423310996
CFD4 $38           SEC                         A:F0 X:04 Y:02 P:85 SP:FD CPU Cycle:423310999
CFD5 $E9 $01       SBC #$01                    A:F0 X:04 Y:02 P:85 SP:FD CPU Cycle:423311001
CFD7 $D0 $FB       BNE $CFD4 = $38             A:EF X:04 Y:02 P:85 SP:FD CPU Cycle:423311003
CFD4 $38           SEC                         A:EF X:04 Y:02 P:85 SP:FD CPU Cycle:423311006
CFD5 $E9 $01       SBC #$01                    A:EF X:04 Y:02 P:85 SP:FD CPU Cycle:423311008
CFD7 $D0 $FB       BNE $CFD4 = $38             A:EE X:04 Y:02 P:85 SP:FD CPU Cycle:423311010
CFD4 $38           SEC                         A:EE X:04 Y:02 P:85 SP:FD CPU Cycle:423311013
CFD5 $E9 $01       SBC #$01                    A:EE X:04 Y:02 P:85 SP:FD CPU Cycle:423311015
CFD7 $D0 $FB       BNE $CFD4 = $38             A:ED X:04 Y:02 P:85 SP:FD CPU Cycle:423311017
CFD4 $38           SEC                         A:ED X:04 Y:02 P:85 SP:FD CPU Cycle:423311020
CFD5 $E9 $01       SBC #$01                    A:ED X:04 Y:02 P:85 SP:FD CPU Cycle:423311022
CFD7 $D0 $FB       BNE $CFD4 = $38             A:EC X:04 Y:02 P:85 SP:FD CPU Cycle:423311024
CFD4 $38           SEC                         A:EC X:04 Y:02 P:85 SP:FD CPU Cycle:423311027
CFD5 $E9 $01       SBC #$01                    A:EC X:04 Y:02 P:85 SP:FD CPU Cycle:423311029
CFD7 $D0 $FB       BNE $CFD4 = $38             A:EB X:04 Y:02 P:85 SP:FD CPU Cycle:423311031
CFD4 $38           SEC                         A:EB X:04 Y:02 P:85 SP:FD CPU Cycle:423311034
CFD5 $E9 $01       SBC #$01                    A:EB X:04 Y:02 P:85 SP:FD CPU Cycle:423311036
CFD7 $D0 $FB       BNE $CFD4 = $38             A:EA X:04 Y:02 P:85 SP:FD CPU Cycle:423311038
CFD4 $38           SEC                         A:EA X:04 Y:02 P:85 SP:FD CPU Cycle:423311041
CFD5 $E9 $01       SBC #$01                    A:EA X:04 Y:02 P:85 SP:FD CPU Cycle:423311043
CFD7 $D0 $FB       BNE $CFD4 = $38             A:E9 X:04 Y:02 P:85 SP:FD CPU Cycle:423311045
CFD4 $38           SEC                         A:E9 X:04 Y:02 P:85 SP:FD CPU Cycle:423311048
CFD5 $E9 $01       SBC #$01                    A:E9 X:04 Y:02 P:85 SP:FD CPU Cycle:423311050
CFD7 $D0 $FB       BNE $CFD4 = $38             A:E8 X:04 Y:02 P:85 SP:FD CPU Cycle:423311052
CFD4 $38           SEC                         A:E8 X:04 Y:02 P:85 SP:FD CPU Cycle:423311055
CFD5 $E9 $01       SBC #$01                    A:E8 X:04 Y:02 P:85 SP:FD CPU Cycle:423311057
CFD7 $D0 $FB       BNE $CFD4 = $38             A:E7 X:04 Y:02 P:85 SP:FD CPU Cycle:423311059
CFD4 $38           SEC                         A:E7 X:04 Y:02 P:85 SP:FD CPU Cycle:423311062
CFD5 $E9 $01       SBC #$01                    A:E7 X:04 Y:02 P:85 SP:FD CPU Cycle:423311064
CFD7 $D0 $FB       BNE $CFD4 = $38             A:E6 X:04 Y:02 P:85 SP:FD CPU Cycle:423311066
CFD4 $38           SEC                         A:E6 X:04 Y:02 P:85 SP:FD CPU Cycle:423311069
CFD5 $E9 $01       SBC #$01                    A:E6 X:04 Y:02 P:85 SP:FD CPU Cycle:423311071
CFD7 $D0 $FB       BNE $CFD4 = $38             A:E5 X:04 Y:02 P:85 SP:FD CPU Cycle:423311073
CFD4 $38           SEC                         A:E5 X:04 Y:02 P:85 SP:FD CPU Cycle:423311076
CFD5 $E9 $01       SBC #$01                    A:E5 X:04 Y:02 P:85 SP:FD CPU Cycle:423311078
CFD7 $D0 $FB       BNE $CFD4 = $38             A:E4 X:04 Y:02 P:85 SP:FD CPU Cycle:423311080
CFD4 $38           SEC                         A:E4 X:04 Y:02 P:85 SP:FD CPU Cycle:423311083
CFD5 $E9 $01       SBC #$01                    A:E4 X:04 Y:02 P:85 SP:FD CPU Cycle:423311085
CFD7 $D0 $FB       BNE $CFD4 = $38             A:E3 X:04 Y:02 P:85 SP:FD CPU Cycle:423311087
CFD4 $38           SEC                         A:E3 X:04 Y:02 P:85 SP:FD CPU Cycle:423311090
CFD5 $E9 $01       SBC #$01                    A:E3 X:04 Y:02 P:85 SP:FD CPU Cycle:423311092
CFD7 $D0 $FB       BNE $CFD4 = $38             A:E2 X:04 Y:02 P:85 SP:FD CPU Cycle:423311094
CFD4 $38           SEC                         A:E2 X:04 Y:02 P:85 SP:FD CPU Cycle:423311097
CFD5 $E9 $01       SBC #$01                    A:E2 X:04 Y:02 P:85 SP:FD CPU Cycle:423311099
CFD7 $D0 $FB       BNE $CFD4 = $38             A:E1 X:04 Y:02 P:85 SP:FD CPU Cycle:423311101
CFD4 $38           SEC                         A:E1 X:04 Y:02 P:85 SP:FD CPU Cycle:423311104
CFD5 $E9 $01       SBC #$01                    A:E1 X:04 Y:02 P:85 SP:FD CPU Cycle:423311106
CFD7 $D0 $FB       BNE $CFD4 = $38             A:E0 X:04 Y:02 P:85 SP:FD CPU Cycle:423311108
CFD4 $38           SEC                         A:E0 X:04 Y:02 P:85 SP:FD CPU Cycle:423311111
CFD5 $E9 $01       SBC #$01                    A:E0 X:04 Y:02 P:85 SP:FD CPU Cycle:423311113
CFD7 $D0 $FB       BNE $CFD4 = $38             A:DF X:04 Y:02 P:85 SP:FD CPU Cycle:423311115
CFD4 $38           SEC                         A:DF X:04 Y:02 P:85 SP:FD CPU Cycle:423311118
CFD5 $E9 $01       SBC #$01                    A:DF X:04 Y:02 P:85 SP:FD CPU Cycle:423311120
CFD7 $D0 $FB       BNE $CFD4 = $38             A:DE X:04 Y:02 P:85 SP:FD CPU Cycle:423311122
CFD4 $38           SEC                         A:DE X:04 Y:02 P:85 SP:FD CPU Cycle:423311125
CFD5 $E9 $01       SBC #$01                    A:DE X:04 Y:02 P:85 SP:FD CPU Cycle:423311127
CFD7 $D0 $FB       BNE $CFD4 = $38             A:DD X:04 Y:02 P:85 SP:FD CPU Cycle:423311129
CFD4 $38           SEC                         A:DD X:04 Y:02 P:85 SP:FD CPU Cycle:423311132
CFD5 $E9 $01       SBC #$01                    A:DD X:04 Y:02 P:85 SP:FD CPU Cycle:423311134
CFD7 $D0 $FB       BNE $CFD4 = $38             A:DC X:04 Y:02 P:85 SP:FD CPU Cycle:423311136
CFD4 $38           SEC                         A:DC X:04 Y:02 P:85 SP:FD CPU Cycle:423311139
CFD5 $E9 $01       SBC #$01                    A:DC X:04 Y:02 P:85 SP:FD CPU Cycle:423311141
CFD7 $D0 $FB       BNE $CFD4 = $38             A:DB X:04 Y:02 P:85 SP:FD CPU Cycle:423311143
CFD4 $38           SEC                         A:DB X:04 Y:02 P:85 SP:FD CPU Cycle:423311146
CFD5 $E9 $01       SBC #$01                    A:DB X:04 Y:02 P:85 SP:FD CPU Cycle:423311148
CFD7 $D0 $FB       BNE $CFD4 = $38             A:DA X:04 Y:02 P:85 SP:FD CPU Cycle:423311150
CFD4 $38           SEC                         A:DA X:04 Y:02 P:85 SP:FD CPU Cycle:423311153
CFD5 $E9 $01       SBC #$01                    A:DA X:04 Y:02 P:85 SP:FD CPU Cycle:423311155
CFD7 $D0 $FB       BNE $CFD4 = $38             A:D9 X:04 Y:02 P:85 SP:FD CPU Cycle:423311157
CFD4 $38           SEC                         A:D9 X:04 Y:02 P:85 SP:FD CPU Cycle:423311160
CFD5 $E9 $01       SBC #$01                    A:D9 X:04 Y:02 P:85 SP:FD CPU Cycle:423311162
CFD7 $D0 $FB       BNE $CFD4 = $38             A:D8 X:04 Y:02 P:85 SP:FD CPU Cycle:423311164
CFD4 $38           SEC                         A:D8 X:04 Y:02 P:85 SP:FD CPU Cycle:423311167
CFD5 $E9 $01       SBC #$01                    A:D8 X:04 Y:02 P:85 SP:FD CPU Cycle:423311169
CFD7 $D0 $FB       BNE $CFD4 = $38             A:D7 X:04 Y:02 P:85 SP:FD CPU Cycle:423311171
CFD4 $38           SEC                         A:D7 X:04 Y:02 P:85 SP:FD CPU Cycle:423311174
CFD5 $E9 $01       SBC #$01                    A:D7 X:04 Y:02 P:85 SP:FD CPU Cycle:423311176
CFD7 $D0 $FB       BNE $CFD4 = $38             A:D6 X:04 Y:02 P:85 SP:FD CPU Cycle:423311178
CFD4 $38           SEC                         A:D6 X:04 Y:02 P:85 SP:FD CPU Cycle:423311181
CFD5 $E9 $01       SBC #$01                    A:D6 X:04 Y:02 P:85 SP:FD CPU Cycle:423311183
CFD7 $D0 $FB       BNE $CFD4 = $38             A:D5 X:04 Y:02 P:85 SP:FD CPU Cycle:423311185
CFD4 $38           SEC                         A:D5 X:04 Y:02 P:85 SP:FD CPU Cycle:423311188
CFD5 $E9 $01       SBC #$01                    A:D5 X:04 Y:02 P:85 SP:FD CPU Cycle:423311190
CFD7 $D0 $FB       BNE $CFD4 = $38             A:D4 X:04 Y:02 P:85 SP:FD CPU Cycle:423311192
CFD4 $38           SEC                         A:D4 X:04 Y:02 P:85 SP:FD CPU Cycle:423311195
CFD5 $E9 $01       SBC #$01                    A:D4 X:04 Y:02 P:85 SP:FD CPU Cycle:423311197
CFD7 $D0 $FB       BNE $CFD4 = $38             A:D3 X:04 Y:02 P:85 SP:FD CPU Cycle:423311199
CFD4 $38           SEC                         A:D3 X:04 Y:02 P:85 SP:FD CPU Cycle:423311202
CFD5 $E9 $01       SBC #$01                    A:D3 X:04 Y:02 P:85 SP:FD CPU Cycle:423311204
CFD7 $D0 $FB       BNE $CFD4 = $38             A:D2 X:04 Y:02 P:85 SP:FD CPU Cycle:423311206
CFD4 $38           SEC                         A:D2 X:04 Y:02 P:85 SP:FD CPU Cycle:423311209
CFD5 $E9 $01       SBC #$01                    A:D2 X:04 Y:02 P:85 SP:FD CPU Cycle:423311211
CFD7 $D0 $FB       BNE $CFD4 = $38             A:D1 X:04 Y:02 P:85 SP:FD CPU Cycle:423311213
CFD4 $38           SEC                         A:D1 X:04 Y:02 P:85 SP:FD CPU Cycle:423311216
CFD5 $E9 $01       SBC #$01                    A:D1 X:04 Y:02 P:85 SP:FD CPU Cycle:423311218
CFD7 $D0 $FB       BNE $CFD4 = $38             A:D0 X:04 Y:02 P:85 SP:FD CPU Cycle:423311220
CFD4 $38           SEC                         A:D0 X:04 Y:02 P:85 SP:FD CPU Cycle:423311223
CFD5 $E9 $01       SBC #$01                    A:D0 X:04 Y:02 P:85 SP:FD CPU Cycle:423311225
CFD7 $D0 $FB       BNE $CFD4 = $38             A:CF X:04 Y:02 P:85 SP:FD CPU Cycle:423311227
CFD4 $38           SEC                         A:CF X:04 Y:02 P:85 SP:FD CPU Cycle:423311230
CFD5 $E9 $01       SBC #$01                    A:CF X:04 Y:02 P:85 SP:FD CPU Cycle:423311232
CFD7 $D0 $FB       BNE $CFD4 = $38             A:CE X:04 Y:02 P:85 SP:FD CPU Cycle:423311234
CFD4 $38           SEC                         A:CE X:04 Y:02 P:85 SP:FD CPU Cycle:423311237
CFD5 $E9 $01       SBC #$01                    A:CE X:04 Y:02 P:85 SP:FD CPU Cycle:423311239
CFD7 $D0 $FB       BNE $CFD4 = $38             A:CD X:04 Y:02 P:85 SP:FD CPU Cycle:423311241
CFD4 $38           SEC                         A:CD X:04 Y:02 P:85 SP:FD CPU Cycle:423311244
CFD5 $E9 $01       SBC #$01                    A:CD X:04 Y:02 P:85 SP:FD CPU Cycle:423311246
CFD7 $D0 $FB       BNE $CFD4 = $38             A:CC X:04 Y:02 P:85 SP:FD CPU Cycle:423311248
CFD4 $38           SEC                         A:CC X:04 Y:02 P:85 SP:FD CPU Cycle:423311251
CFD5 $E9 $01       SBC #$01                    A:CC X:04 Y:02 P:85 SP:FD CPU Cycle:423311253
CFD7 $D0 $FB       BNE $CFD4 = $38             A:CB X:04 Y:02 P:85 SP:FD CPU Cycle:423311255
CFD4 $38           SEC                         A:CB X:04 Y:02 P:85 SP:FD CPU Cycle:423311258
CFD5 $E9 $01       SBC #$01                    A:CB X:04 Y:02 P:85 SP:FD CPU Cycle:423311260
CFD7 $D0 $FB       BNE $CFD4 = $38             A:CA X:04 Y:02 P:85 SP:FD CPU Cycle:423311262
CFD4 $38           SEC                         A:CA X:04 Y:02 P:85 SP:FD CPU Cycle:423311265
CFD5 $E9 $01       SBC #$01                    A:CA X:04 Y:02 P:85 SP:FD CPU Cycle:423311267
CFD7 $D0 $FB       BNE $CFD4 = $38             A:C9 X:04 Y:02 P:85 SP:FD CPU Cycle:423311269
CFD4 $38           SEC                         A:C9 X:04 Y:02 P:85 SP:FD CPU Cycle:423311272
CFD5 $E9 $01       SBC #$01                    A:C9 X:04 Y:02 P:85 SP:FD CPU Cycle:423311274
CFD7 $D0 $FB       BNE $CFD4 = $38             A:C8 X:04 Y:02 P:85 SP:FD CPU Cycle:423311276
CFD4 $38           SEC                         A:C8 X:04 Y:02 P:85 SP:FD CPU Cycle:423311279
CFD5 $E9 $01       SBC #$01                    A:C8 X:04 Y:02 P:85 SP:FD CPU Cycle:423311281
CFD7 $D0 $FB       BNE $CFD4 = $38             A:C7 X:04 Y:02 P:85 SP:FD CPU Cycle:423311283
CFD4 $38           SEC                         A:C7 X:04 Y:02 P:85 SP:FD CPU Cycle:423311286
CFD5 $E9 $01       SBC #$01                    A:C7 X:04 Y:02 P:85 SP:FD CPU Cycle:423311288
CFD7 $D0 $FB       BNE $CFD4 = $38             A:C6 X:04 Y:02 P:85 SP:FD CPU Cycle:423311290
CFD4 $38           SEC                         A:C6 X:04 Y:02 P:85 SP:FD CPU Cycle:423311293
CFD5 $E9 $01       SBC #$01                    A:C6 X:04 Y:02 P:85 SP:FD CPU Cycle:423311295
CFD7 $D0 $FB       BNE $CFD4 = $38             A:C5 X:04 Y:02 P:85 SP:FD CPU Cycle:423311297
CFD4 $38           SEC                         A:C5 X:04 Y:02 P:85 SP:FD CPU Cycle:423311300
CFD5 $E9 $01       SBC #$01                    A:C5 X:04 Y:02 P:85 SP:FD CPU Cycle:423311302
CFD7 $D0 $FB       BNE $CFD4 = $38             A:C4 X:04 Y:02 P:85 SP:FD CPU Cycle:423311304
CFD4 $38           SEC                         A:C4 X:04 Y:02 P:85 SP:FD CPU Cycle:423311307
CFD5 $E9 $01       SBC #$01                    A:C4 X:04 Y:02 P:85 SP:FD CPU Cycle:423311309
CFD7 $D0 $FB       BNE $CFD4 = $38             A:C3 X:04 Y:02 P:85 SP:FD CPU Cycle:423311311
CFD4 $38           SEC                         A:C3 X:04 Y:02 P:85 SP:FD CPU Cycle:423311314
CFD5 $E9 $01       SBC #$01                    A:C3 X:04 Y:02 P:85 SP:FD CPU Cycle:423311316
CFD7 $D0 $FB       BNE $CFD4 = $38             A:C2 X:04 Y:02 P:85 SP:FD CPU Cycle:423311318
CFD4 $38           SEC                         A:C2 X:04 Y:02 P:85 SP:FD CPU Cycle:423311321
CFD5 $E9 $01       SBC #$01                    A:C2 X:04 Y:02 P:85 SP:FD CPU Cycle:423311323
CFD7 $D0 $FB       BNE $CFD4 = $38             A:C1 X:04 Y:02 P:85 SP:FD CPU Cycle:423311325
CFD4 $38           SEC                         A:C1 X:04 Y:02 P:85 SP:FD CPU Cycle:423311328
CFD5 $E9 $01       SBC #$01                    A:C1 X:04 Y:02 P:85 SP:FD CPU Cycle:423311330
CFD7 $D0 $FB       BNE $CFD4 = $38             A:C0 X:04 Y:02 P:85 SP:FD CPU Cycle:423311332
CFD4 $38           SEC                         A:C0 X:04 Y:02 P:85 SP:FD CPU Cycle:423311335
CFD5 $E9 $01       SBC #$01                    A:C0 X:04 Y:02 P:85 SP:FD CPU Cycle:423311337
CFD7 $D0 $FB       BNE $CFD4 = $38             A:BF X:04 Y:02 P:85 SP:FD CPU Cycle:423311339
CFD4 $38           SEC                         A:BF X:04 Y:02 P:85 SP:FD CPU Cycle:423311342
CFD5 $E9 $01       SBC #$01                    A:BF X:04 Y:02 P:85 SP:FD CPU Cycle:423311344
CFD7 $D0 $FB       BNE $CFD4 = $38             A:BE X:04 Y:02 P:85 SP:FD CPU Cycle:423311346
CFD4 $38           SEC                         A:BE X:04 Y:02 P:85 SP:FD CPU Cycle:423311349
CFD5 $E9 $01       SBC #$01                    A:BE X:04 Y:02 P:85 SP:FD CPU Cycle:423311351
CFD7 $D0 $FB       BNE $CFD4 = $38             A:BD X:04 Y:02 P:85 SP:FD CPU Cycle:423311353
CFD4 $38           SEC                         A:BD X:04 Y:02 P:85 SP:FD CPU Cycle:423311356
CFD5 $E9 $01       SBC #$01                    A:BD X:04 Y:02 P:85 SP:FD CPU Cycle:423311358
CFD7 $D0 $FB       BNE $CFD4 = $38             A:BC X:04 Y:02 P:85 SP:FD CPU Cycle:423311360
CFD4 $38           SEC                         A:BC X:04 Y:02 P:85 SP:FD CPU Cycle:423311363
CFD5 $E9 $01       SBC #$01                    A:BC X:04 Y:02 P:85 SP:FD CPU Cycle:423311365
CFD7 $D0 $FB       BNE $CFD4 = $38             A:BB X:04 Y:02 P:85 SP:FD CPU Cycle:423311367
CFD4 $38           SEC                         A:BB X:04 Y:02 P:85 SP:FD CPU Cycle:423311370
CFD5 $E9 $01       SBC #$01                    A:BB X:04 Y:02 P:85 SP:FD CPU Cycle:423311372
CFD7 $D0 $FB       BNE $CFD4 = $38             A:BA X:04 Y:02 P:85 SP:FD CPU Cycle:423311374
CFD4 $38           SEC                         A:BA X:04 Y:02 P:85 SP:FD CPU Cycle:423311377
CFD5 $E9 $01       SBC #$01                    A:BA X:04 Y:02 P:85 SP:FD CPU Cycle:423311379
CFD7 $D0 $FB       BNE $CFD4 = $38             A:B9 X:04 Y:02 P:85 SP:FD CPU Cycle:423311381
CFD4 $38           SEC                         A:B9 X:04 Y:02 P:85 SP:FD CPU Cycle:423311384
CFD5 $E9 $01       SBC #$01                    A:B9 X:04 Y:02 P:85 SP:FD CPU Cycle:423311386
CFD7 $D0 $FB       BNE $CFD4 = $38             A:B8 X:04 Y:02 P:85 SP:FD CPU Cycle:423311388
CFD4 $38           SEC                         A:B8 X:04 Y:02 P:85 SP:FD CPU Cycle:423311391
CFD5 $E9 $01       SBC #$01                    A:B8 X:04 Y:02 P:85 SP:FD CPU Cycle:423311393
CFD7 $D0 $FB       BNE $CFD4 = $38             A:B7 X:04 Y:02 P:85 SP:FD CPU Cycle:423311395
CFD4 $38           SEC                         A:B7 X:04 Y:02 P:85 SP:FD CPU Cycle:423311398
CFD5 $E9 $01       SBC #$01                    A:B7 X:04 Y:02 P:85 SP:FD CPU Cycle:423311400
CFD7 $D0 $FB       BNE $CFD4 = $38             A:B6 X:04 Y:02 P:85 SP:FD CPU Cycle:423311402
CFD4 $38           SEC                         A:B6 X:04 Y:02 P:85 SP:FD CPU Cycle:423311405
CFD5 $E9 $01       SBC #$01                    A:B6 X:04 Y:02 P:85 SP:FD CPU Cycle:423311407
CFD7 $D0 $FB       BNE $CFD4 = $38             A:B5 X:04 Y:02 P:85 SP:FD CPU Cycle:423311409
CFD4 $38           SEC                         A:B5 X:04 Y:02 P:85 SP:FD CPU Cycle:423311412
CFD5 $E9 $01       SBC #$01                    A:B5 X:04 Y:02 P:85 SP:FD CPU Cycle:423311414
CFD7 $D0 $FB       BNE $CFD4 = $38             A:B4 X:04 Y:02 P:85 SP:FD CPU Cycle:423311416
CFD4 $38           SEC                         A:B4 X:04 Y:02 P:85 SP:FD CPU Cycle:423311419
CFD5 $E9 $01       SBC #$01                    A:B4 X:04 Y:02 P:85 SP:FD CPU Cycle:423311421
CFD7 $D0 $FB       BNE $CFD4 = $38             A:B3 X:04 Y:02 P:85 SP:FD CPU Cycle:423311423
CFD4 $38           SEC                         A:B3 X:04 Y:02 P:85 SP:FD CPU Cycle:423311426
CFD5 $E9 $01       SBC #$01                    A:B3 X:04 Y:02 P:85 SP:FD CPU Cycle:423311428
CFD7 $D0 $FB       BNE $CFD4 = $38             A:B2 X:04 Y:02 P:85 SP:FD CPU Cycle:423311430
CFD4 $38           SEC                         A:B2 X:04 Y:02 P:85 SP:FD CPU Cycle:423311433
CFD5 $E9 $01       SBC #$01                    A:B2 X:04 Y:02 P:85 SP:FD CPU Cycle:423311435
CFD7 $D0 $FB       BNE $CFD4 = $38             A:B1 X:04 Y:02 P:85 SP:FD CPU Cycle:423311437
CFD4 $38           SEC                         A:B1 X:04 Y:02 P:85 SP:FD CPU Cycle:423311440
CFD5 $E9 $01       SBC #$01                    A:B1 X:04 Y:02 P:85 SP:FD CPU Cycle:423311442
CFD7 $D0 $FB       BNE $CFD4 = $38             A:B0 X:04 Y:02 P:85 SP:FD CPU Cycle:423311444
CFD4 $38           SEC                         A:B0 X:04 Y:02 P:85 SP:FD CPU Cycle:423311447
CFD5 $E9 $01       SBC #$01                    A:B0 X:04 Y:02 P:85 SP:FD CPU Cycle:423311449
CFD7 $D0 $FB       BNE $CFD4 = $38             A:AF X:04 Y:02 P:85 SP:FD CPU Cycle:423311451
CFD4 $38           SEC                         A:AF X:04 Y:02 P:85 SP:FD CPU Cycle:423311454
CFD5 $E9 $01       SBC #$01                    A:AF X:04 Y:02 P:85 SP:FD CPU Cycle:423311456
CFD7 $D0 $FB       BNE $CFD4 = $38             A:AE X:04 Y:02 P:85 SP:FD CPU Cycle:423311458
CFD4 $38           SEC                         A:AE X:04 Y:02 P:85 SP:FD CPU Cycle:423311461
CFD5 $E9 $01       SBC #$01                    A:AE X:04 Y:02 P:85 SP:FD CPU Cycle:423311463
CFD7 $D0 $FB       BNE $CFD4 = $38             A:AD X:04 Y:02 P:85 SP:FD CPU Cycle:423311465
CFD4 $38           SEC                         A:AD X:04 Y:02 P:85 SP:FD CPU Cycle:423311468
CFD5 $E9 $01       SBC #$01                    A:AD X:04 Y:02 P:85 SP:FD CPU Cycle:423311470
CFD7 $D0 $FB       BNE $CFD4 = $38             A:AC X:04 Y:02 P:85 SP:FD CPU Cycle:423311472
CFD4 $38           SEC                         A:AC X:04 Y:02 P:85 SP:FD CPU Cycle:423311475
CFD5 $E9 $01       SBC #$01                    A:AC X:04 Y:02 P:85 SP:FD CPU Cycle:423311477
CFD7 $D0 $FB       BNE $CFD4 = $38             A:AB X:04 Y:02 P:85 SP:FD CPU Cycle:423311479
CFD4 $38           SEC                         A:AB X:04 Y:02 P:85 SP:FD CPU Cycle:423311482
CFD5 $E9 $01       SBC #$01                    A:AB X:04 Y:02 P:85 SP:FD CPU Cycle:423311484
CFD7 $D0 $FB       BNE $CFD4 = $38             A:AA X:04 Y:02 P:85 SP:FD CPU Cycle:423311486
CFD4 $38           SEC                         A:AA X:04 Y:02 P:85 SP:FD CPU Cycle:423311489
CFD5 $E9 $01       SBC #$01                    A:AA X:04 Y:02 P:85 SP:FD CPU Cycle:423311491
CFD7 $D0 $FB       BNE $CFD4 = $38             A:A9 X:04 Y:02 P:85 SP:FD CPU Cycle:423311493
CFD4 $38           SEC                         A:A9 X:04 Y:02 P:85 SP:FD CPU Cycle:423311496
CFD5 $E9 $01       SBC #$01                    A:A9 X:04 Y:02 P:85 SP:FD CPU Cycle:423311498
CFD7 $D0 $FB       BNE $CFD4 = $38             A:A8 X:04 Y:02 P:85 SP:FD CPU Cycle:423311500
CFD4 $38           SEC                         A:A8 X:04 Y:02 P:85 SP:FD CPU Cycle:423311503
CFD5 $E9 $01       SBC #$01                    A:A8 X:04 Y:02 P:85 SP:FD CPU Cycle:423311505
CFD7 $D0 $FB       BNE $CFD4 = $38             A:A7 X:04 Y:02 P:85 SP:FD CPU Cycle:423311507
CFD4 $38           SEC                         A:A7 X:04 Y:02 P:85 SP:FD CPU Cycle:423311510
CFD5 $E9 $01       SBC #$01                    A:A7 X:04 Y:02 P:85 SP:FD CPU Cycle:423311512
CFD7 $D0 $FB       BNE $CFD4 = $38             A:A6 X:04 Y:02 P:85 SP:FD CPU Cycle:423311514
CFD4 $38           SEC                         A:A6 X:04 Y:02 P:85 SP:FD CPU Cycle:423311517
CFD5 $E9 $01       SBC #$01                    A:A6 X:04 Y:02 P:85 SP:FD CPU Cycle:423311519
CFD7 $D0 $FB       BNE $CFD4 = $38             A:A5 X:04 Y:02 P:85 SP:FD CPU Cycle:423311521
CFD4 $38           SEC                         A:A5 X:04 Y:02 P:85 SP:FD CPU Cycle:423311524
CFD5 $E9 $01       SBC #$01                    A:A5 X:04 Y:02 P:85 SP:FD CPU Cycle:423311526
CFD7 $D0 $FB       BNE $CFD4 = $38             A:A4 X:04 Y:02 P:85 SP:FD CPU Cycle:423311528
CFD4 $38           SEC                         A:A4 X:04 Y:02 P:85 SP:FD CPU Cycle:423311531
CFD5 $E9 $01       SBC #$01                    A:A4 X:04 Y:02 P:85 SP:FD CPU Cycle:423311533
CFD7 $D0 $FB       BNE $CFD4 = $38             A:A3 X:04 Y:02 P:85 SP:FD CPU Cycle:423311535
CFD4 $38           SEC                         A:A3 X:04 Y:02 P:85 SP:FD CPU Cycle:423311538
CFD5 $E9 $01       SBC #$01                    A:A3 X:04 Y:02 P:85 SP:FD CPU Cycle:423311540
CFD7 $D0 $FB       BNE $CFD4 = $38             A:A2 X:04 Y:02 P:85 SP:FD CPU Cycle:423311542
CFD4 $38           SEC                         A:A2 X:04 Y:02 P:85 SP:FD CPU Cycle:423311545
CFD5 $E9 $01       SBC #$01                    A:A2 X:04 Y:02 P:85 SP:FD CPU Cycle:423311547
CFD7 $D0 $FB       BNE $CFD4 = $38             A:A1 X:04 Y:02 P:85 SP:FD CPU Cycle:423311549
CFD4 $38           SEC                         A:A1 X:04 Y:02 P:85 SP:FD CPU Cycle:423311552
CFD5 $E9 $01       SBC #$01                    A:A1 X:04 Y:02 P:85 SP:FD CPU Cycle:423311554
CFD7 $D0 $FB       BNE $CFD4 = $38             A:A0 X:04 Y:02 P:85 SP:FD CPU Cycle:423311556
CFD4 $38           SEC                         A:A0 X:04 Y:02 P:85 SP:FD CPU Cycle:423311559
CFD5 $E9 $01       SBC #$01                    A:A0 X:04 Y:02 P:85 SP:FD CPU Cycle:423311561
CFD7 $D0 $FB       BNE $CFD4 = $38             A:9F X:04 Y:02 P:85 SP:FD CPU Cycle:423311563
CFD4 $38           SEC                         A:9F X:04 Y:02 P:85 SP:FD CPU Cycle:423311566
CFD5 $E9 $01       SBC #$01                    A:9F X:04 Y:02 P:85 SP:FD CPU Cycle:423311568
CFD7 $D0 $FB       BNE $CFD4 = $38             A:9E X:04 Y:02 P:85 SP:FD CPU Cycle:423311570
CFD4 $38           SEC                         A:9E X:04 Y:02 P:85 SP:FD CPU Cycle:423311573
CFD5 $E9 $01       SBC #$01                    A:9E X:04 Y:02 P:85 SP:FD CPU Cycle:423311575
CFD7 $D0 $FB       BNE $CFD4 = $38             A:9D X:04 Y:02 P:85 SP:FD CPU Cycle:423311577
CFD4 $38           SEC                         A:9D X:04 Y:02 P:85 SP:FD CPU Cycle:423311580
CFD5 $E9 $01       SBC #$01                    A:9D X:04 Y:02 P:85 SP:FD CPU Cycle:423311582
CFD7 $D0 $FB       BNE $CFD4 = $38             A:9C X:04 Y:02 P:85 SP:FD CPU Cycle:423311584
CFD4 $38           SEC                         A:9C X:04 Y:02 P:85 SP:FD CPU Cycle:423311587
CFD5 $E9 $01       SBC #$01                    A:9C X:04 Y:02 P:85 SP:FD CPU Cycle:423311589
CFD7 $D0 $FB       BNE $CFD4 = $38             A:9B X:04 Y:02 P:85 SP:FD CPU Cycle:423311591
CFD4 $38           SEC                         A:9B X:04 Y:02 P:85 SP:FD CPU Cycle:423311594
CFD5 $E9 $01       SBC #$01                    A:9B X:04 Y:02 P:85 SP:FD CPU Cycle:423311596
CFD7 $D0 $FB       BNE $CFD4 = $38             A:9A X:04 Y:02 P:85 SP:FD CPU Cycle:423311598
CFD4 $38           SEC                         A:9A X:04 Y:02 P:85 SP:FD CPU Cycle:423311601
CFD5 $E9 $01       SBC #$01                    A:9A X:04 Y:02 P:85 SP:FD CPU Cycle:423311603
CFD7 $D0 $FB       BNE $CFD4 = $38             A:99 X:04 Y:02 P:85 SP:FD CPU Cycle:423311605
CFD4 $38           SEC                         A:99 X:04 Y:02 P:85 SP:FD CPU Cycle:423311608
CFD5 $E9 $01       SBC #$01                    A:99 X:04 Y:02 P:85 SP:FD CPU Cycle:423311610
CFD7 $D0 $FB       BNE $CFD4 = $38             A:98 X:04 Y:02 P:85 SP:FD CPU Cycle:423311612
CFD4 $38           SEC                         A:98 X:04 Y:02 P:85 SP:FD CPU Cycle:423311615
CFD5 $E9 $01       SBC #$01                    A:98 X:04 Y:02 P:85 SP:FD CPU Cycle:423311617
CFD7 $D0 $FB       BNE $CFD4 = $38             A:97 X:04 Y:02 P:85 SP:FD CPU Cycle:423311619
CFD4 $38           SEC                         A:97 X:04 Y:02 P:85 SP:FD CPU Cycle:423311622
CFD5 $E9 $01       SBC #$01                    A:97 X:04 Y:02 P:85 SP:FD CPU Cycle:423311624
CFD7 $D0 $FB       BNE $CFD4 = $38             A:96 X:04 Y:02 P:85 SP:FD CPU Cycle:423311626
CFD4 $38           SEC                         A:96 X:04 Y:02 P:85 SP:FD CPU Cycle:423311629
CFD5 $E9 $01       SBC #$01                    A:96 X:04 Y:02 P:85 SP:FD CPU Cycle:423311631
CFD7 $D0 $FB       BNE $CFD4 = $38             A:95 X:04 Y:02 P:85 SP:FD CPU Cycle:423311633
CFD4 $38           SEC                         A:95 X:04 Y:02 P:85 SP:FD CPU Cycle:423311636
CFD5 $E9 $01       SBC #$01                    A:95 X:04 Y:02 P:85 SP:FD CPU Cycle:423311638
CFD7 $D0 $FB       BNE $CFD4 = $38             A:94 X:04 Y:02 P:85 SP:FD CPU Cycle:423311640
CFD4 $38           SEC                         A:94 X:04 Y:02 P:85 SP:FD CPU Cycle:423311643
CFD5 $E9 $01       SBC #$01                    A:94 X:04 Y:02 P:85 SP:FD CPU Cycle:423311645
CFD7 $D0 $FB       BNE $CFD4 = $38             A:93 X:04 Y:02 P:85 SP:FD CPU Cycle:423311647
CFD4 $38           SEC                         A:93 X:04 Y:02 P:85 SP:FD CPU Cycle:423311650
CFD5 $E9 $01       SBC #$01                    A:93 X:04 Y:02 P:85 SP:FD CPU Cycle:423311652
CFD7 $D0 $FB       BNE $CFD4 = $38             A:92 X:04 Y:02 P:85 SP:FD CPU Cycle:423311654
CFD4 $38           SEC                         A:92 X:04 Y:02 P:85 SP:FD CPU Cycle:423311657
CFD5 $E9 $01       SBC #$01                    A:92 X:04 Y:02 P:85 SP:FD CPU Cycle:423311659
CFD7 $D0 $FB       BNE $CFD4 = $38             A:91 X:04 Y:02 P:85 SP:FD CPU Cycle:423311661
CFD4 $38           SEC                         A:91 X:04 Y:02 P:85 SP:FD CPU Cycle:423311664
CFD5 $E9 $01       SBC #$01                    A:91 X:04 Y:02 P:85 SP:FD CPU Cycle:423311666
CFD7 $D0 $FB       BNE $CFD4 = $38             A:90 X:04 Y:02 P:85 SP:FD CPU Cycle:423311668
CFD4 $38           SEC                         A:90 X:04 Y:02 P:85 SP:FD CPU Cycle:423311671
CFD5 $E9 $01       SBC #$01                    A:90 X:04 Y:02 P:85 SP:FD CPU Cycle:423311673
CFD7 $D0 $FB       BNE $CFD4 = $38             A:8F X:04 Y:02 P:85 SP:FD CPU Cycle:423311675
CFD4 $38           SEC                         A:8F X:04 Y:02 P:85 SP:FD CPU Cycle:423311678
CFD5 $E9 $01       SBC #$01                    A:8F X:04 Y:02 P:85 SP:FD CPU Cycle:423311680
CFD7 $D0 $FB       BNE $CFD4 = $38             A:8E X:04 Y:02 P:85 SP:FD CPU Cycle:423311682
CFD4 $38           SEC                         A:8E X:04 Y:02 P:85 SP:FD CPU Cycle:423311685
CFD5 $E9 $01       SBC #$01                    A:8E X:04 Y:02 P:85 SP:FD CPU Cycle:423311687
CFD7 $D0 $FB       BNE $CFD4 = $38             A:8D X:04 Y:02 P:85 SP:FD CPU Cycle:423311689
CFD4 $38           SEC                         A:8D X:04 Y:02 P:85 SP:FD CPU Cycle:423311692
CFD5 $E9 $01       SBC #$01                    A:8D X:04 Y:02 P:85 SP:FD CPU Cycle:423311694
CFD7 $D0 $FB       BNE $CFD4 = $38             A:8C X:04 Y:02 P:85 SP:FD CPU Cycle:423311696
CFD4 $38           SEC                         A:8C X:04 Y:02 P:85 SP:FD CPU Cycle:423311699
CFD5 $E9 $01       SBC #$01                    A:8C X:04 Y:02 P:85 SP:FD CPU Cycle:423311701
CFD7 $D0 $FB       BNE $CFD4 = $38             A:8B X:04 Y:02 P:85 SP:FD CPU Cycle:423311703
CFD4 $38           SEC                         A:8B X:04 Y:02 P:85 SP:FD CPU Cycle:423311706
CFD5 $E9 $01       SBC #$01                    A:8B X:04 Y:02 P:85 SP:FD CPU Cycle:423311708
CFD7 $D0 $FB       BNE $CFD4 = $38             A:8A X:04 Y:02 P:85 SP:FD CPU Cycle:423311710
CFD4 $38           SEC                         A:8A X:04 Y:02 P:85 SP:FD CPU Cycle:423311713
CFD5 $E9 $01       SBC #$01                    A:8A X:04 Y:02 P:85 SP:FD CPU Cycle:423311715
CFD7 $D0 $FB       BNE $CFD4 = $38             A:89 X:04 Y:02 P:85 SP:FD CPU Cycle:423311717
CFD4 $38           SEC                         A:89 X:04 Y:02 P:85 SP:FD CPU Cycle:423311720
CFD5 $E9 $01       SBC #$01                    A:89 X:04 Y:02 P:85 SP:FD CPU Cycle:423311722
CFD7 $D0 $FB       BNE $CFD4 = $38             A:88 X:04 Y:02 P:85 SP:FD CPU Cycle:423311724
CFD4 $38           SEC                         A:88 X:04 Y:02 P:85 SP:FD CPU Cycle:423311727
CFD5 $E9 $01       SBC #$01                    A:88 X:04 Y:02 P:85 SP:FD CPU Cycle:423311729
CFD7 $D0 $FB       BNE $CFD4 = $38             A:87 X:04 Y:02 P:85 SP:FD CPU Cycle:423311731
CFD4 $38           SEC                         A:87 X:04 Y:02 P:85 SP:FD CPU Cycle:423311734
CFD5 $E9 $01       SBC #$01                    A:87 X:04 Y:02 P:85 SP:FD CPU Cycle:423311736
CFD7 $D0 $FB       BNE $CFD4 = $38             A:86 X:04 Y:02 P:85 SP:FD CPU Cycle:423311738
CFD4 $38           SEC                         A:86 X:04 Y:02 P:85 SP:FD CPU Cycle:423311741
CFD5 $E9 $01       SBC #$01                    A:86 X:04 Y:02 P:85 SP:FD CPU Cycle:423311743
CFD7 $D0 $FB       BNE $CFD4 = $38             A:85 X:04 Y:02 P:85 SP:FD CPU Cycle:423311745
CFD4 $38           SEC                         A:85 X:04 Y:02 P:85 SP:FD CPU Cycle:423311748
CFD5 $E9 $01       SBC #$01                    A:85 X:04 Y:02 P:85 SP:FD CPU Cycle:423311750
CFD7 $D0 $FB       BNE $CFD4 = $38             A:84 X:04 Y:02 P:85 SP:FD CPU Cycle:423311752
CFD4 $38           SEC                         A:84 X:04 Y:02 P:85 SP:FD CPU Cycle:423311755
CFD5 $E9 $01       SBC #$01                    A:84 X:04 Y:02 P:85 SP:FD CPU Cycle:423311757
CFD7 $D0 $FB       BNE $CFD4 = $38             A:83 X:04 Y:02 P:85 SP:FD CPU Cycle:423311759
CFD4 $38           SEC                         A:83 X:04 Y:02 P:85 SP:FD CPU Cycle:423311762
CFD5 $E9 $01       SBC #$01                    A:83 X:04 Y:02 P:85 SP:FD CPU Cycle:423311764
CFD7 $D0 $FB       BNE $CFD4 = $38             A:82 X:04 Y:02 P:85 SP:FD CPU Cycle:423311766
CFD4 $38           SEC                         A:82 X:04 Y:02 P:85 SP:FD CPU Cycle:423311769
CFD5 $E9 $01       SBC #$01                    A:82 X:04 Y:02 P:85 SP:FD CPU Cycle:423311771
CFD7 $D0 $FB       BNE $CFD4 = $38             A:81 X:04 Y:02 P:85 SP:FD CPU Cycle:423311773
CFD4 $38           SEC                         A:81 X:04 Y:02 P:85 SP:FD CPU Cycle:423311776
CFD5 $E9 $01       SBC #$01                    A:81 X:04 Y:02 P:85 SP:FD CPU Cycle:423311778
CFD7 $D0 $FB       BNE $CFD4 = $38             A:80 X:04 Y:02 P:85 SP:FD CPU Cycle:423311780
CFD4 $38           SEC                         A:80 X:04 Y:02 P:85 SP:FD CPU Cycle:423311783
CFD5 $E9 $01       SBC #$01                    A:80 X:04 Y:02 P:85 SP:FD CPU Cycle:423311785
CFD7 $D0 $FB       BNE $CFD4 = $38             A:7F X:04 Y:02 P:45 SP:FD CPU Cycle:423311787
CFD4 $38           SEC                         A:7F X:04 Y:02 P:45 SP:FD CPU Cycle:423311790
CFD5 $E9 $01       SBC #$01                    A:7F X:04 Y:02 P:45 SP:FD CPU Cycle:423311792
CFD7 $D0 $FB       BNE $CFD4 = $38             A:7E X:04 Y:02 P:05 SP:FD CPU Cycle:423311794
CFD4 $38           SEC                         A:7E X:04 Y:02 P:05 SP:FD CPU Cycle:423311797
CFD5 $E9 $01       SBC #$01                    A:7E X:04 Y:02 P:05 SP:FD CPU Cycle:423311799
CFD7 $D0 $FB       BNE $CFD4 = $38             A:7D X:04 Y:02 P:05 SP:FD CPU Cycle:423311801
CFD4 $38           SEC                         A:7D X:04 Y:02 P:05 SP:FD CPU Cycle:423311804
CFD5 $E9 $01       SBC #$01                    A:7D X:04 Y:02 P:05 SP:FD CPU Cycle:423311806
CFD7 $D0 $FB       BNE $CFD4 = $38             A:7C X:04 Y:02 P:05 SP:FD CPU Cycle:423311808
CFD4 $38           SEC                         A:7C X:04 Y:02 P:05 SP:FD CPU Cycle:423311811
CFD5 $E9 $01       SBC #$01                    A:7C X:04 Y:02 P:05 SP:FD CPU Cycle:423311813
CFD7 $D0 $FB       BNE $CFD4 = $38             A:7B X:04 Y:02 P:05 SP:FD CPU Cycle:423311815
CFD4 $38           SEC                         A:7B X:04 Y:02 P:05 SP:FD CPU Cycle:423311818
CFD5 $E9 $01       SBC #$01                    A:7B X:04 Y:02 P:05 SP:FD CPU Cycle:423311820
CFD7 $D0 $FB       BNE $CFD4 = $38             A:7A X:04 Y:02 P:05 SP:FD CPU Cycle:423311822
CFD4 $38           SEC                         A:7A X:04 Y:02 P:05 SP:FD CPU Cycle:423311825
CFD5 $E9 $01       SBC #$01                    A:7A X:04 Y:02 P:05 SP:FD CPU Cycle:423311827
CFD7 $D0 $FB       BNE $CFD4 = $38             A:79 X:04 Y:02 P:05 SP:FD CPU Cycle:423311829
CFD4 $38           SEC                         A:79 X:04 Y:02 P:05 SP:FD CPU Cycle:423311832
CFD5 $E9 $01       SBC #$01                    A:79 X:04 Y:02 P:05 SP:FD CPU Cycle:423311834
CFD7 $D0 $FB       BNE $CFD4 = $38             A:78 X:04 Y:02 P:05 SP:FD CPU Cycle:423311836
CFD4 $38           SEC                         A:78 X:04 Y:02 P:05 SP:FD CPU Cycle:423311839
CFD5 $E9 $01       SBC #$01                    A:78 X:04 Y:02 P:05 SP:FD CPU Cycle:423311841
CFD7 $D0 $FB       BNE $CFD4 = $38             A:77 X:04 Y:02 P:05 SP:FD CPU Cycle:423311843
CFD4 $38           SEC                         A:77 X:04 Y:02 P:05 SP:FD CPU Cycle:423311846
CFD5 $E9 $01       SBC #$01                    A:77 X:04 Y:02 P:05 SP:FD CPU Cycle:423311848
CFD7 $D0 $FB       BNE $CFD4 = $38             A:76 X:04 Y:02 P:05 SP:FD CPU Cycle:423311850
CFD4 $38           SEC                         A:76 X:04 Y:02 P:05 SP:FD CPU Cycle:423311853
CFD5 $E9 $01       SBC #$01                    A:76 X:04 Y:02 P:05 SP:FD CPU Cycle:423311855
CFD7 $D0 $FB       BNE $CFD4 = $38             A:75 X:04 Y:02 P:05 SP:FD CPU Cycle:423311857
CFD4 $38           SEC                         A:75 X:04 Y:02 P:05 SP:FD CPU Cycle:423311860
CFD5 $E9 $01       SBC #$01                    A:75 X:04 Y:02 P:05 SP:FD CPU Cycle:423311862
CFD7 $D0 $FB       BNE $CFD4 = $38             A:74 X:04 Y:02 P:05 SP:FD CPU Cycle:423311864
CFD4 $38           SEC                         A:74 X:04 Y:02 P:05 SP:FD CPU Cycle:423311867
CFD5 $E9 $01       SBC #$01                    A:74 X:04 Y:02 P:05 SP:FD CPU Cycle:423311869
CFD7 $D0 $FB       BNE $CFD4 = $38             A:73 X:04 Y:02 P:05 SP:FD CPU Cycle:423311871
CFD4 $38           SEC                         A:73 X:04 Y:02 P:05 SP:FD CPU Cycle:423311874
CFD5 $E9 $01       SBC #$01                    A:73 X:04 Y:02 P:05 SP:FD CPU Cycle:423311876
CFD7 $D0 $FB       BNE $CFD4 = $38             A:72 X:04 Y:02 P:05 SP:FD CPU Cycle:423311878
CFD4 $38           SEC                         A:72 X:04 Y:02 P:05 SP:FD CPU Cycle:423311881
CFD5 $E9 $01       SBC #$01                    A:72 X:04 Y:02 P:05 SP:FD CPU Cycle:423311883
CFD7 $D0 $FB       BNE $CFD4 = $38             A:71 X:04 Y:02 P:05 SP:FD CPU Cycle:423311885
CFD4 $38           SEC                         A:71 X:04 Y:02 P:05 SP:FD CPU Cycle:423311888
CFD5 $E9 $01       SBC #$01                    A:71 X:04 Y:02 P:05 SP:FD CPU Cycle:423311890
CFD7 $D0 $FB       BNE $CFD4 = $38             A:70 X:04 Y:02 P:05 SP:FD CPU Cycle:423311892
CFD4 $38           SEC                         A:70 X:04 Y:02 P:05 SP:FD CPU Cycle:423311895
CFD5 $E9 $01       SBC #$01                    A:70 X:04 Y:02 P:05 SP:FD CPU Cycle:423311897
CFD7 $D0 $FB       BNE $CFD4 = $38             A:6F X:04 Y:02 P:05 SP:FD CPU Cycle:423311899
CFD4 $38           SEC                         A:6F X:04 Y:02 P:05 SP:FD CPU Cycle:423311902
CFD5 $E9 $01       SBC #$01                    A:6F X:04 Y:02 P:05 SP:FD CPU Cycle:423311904
CFD7 $D0 $FB       BNE $CFD4 = $38             A:6E X:04 Y:02 P:05 SP:FD CPU Cycle:423311906
CFD4 $38           SEC                         A:6E X:04 Y:02 P:05 SP:FD CPU Cycle:423311909
CFD5 $E9 $01       SBC #$01                    A:6E X:04 Y:02 P:05 SP:FD CPU Cycle:423311911
CFD7 $D0 $FB       BNE $CFD4 = $38             A:6D X:04 Y:02 P:05 SP:FD CPU Cycle:423311913
CFD4 $38           SEC                         A:6D X:04 Y:02 P:05 SP:FD CPU Cycle:423311916
CFD5 $E9 $01       SBC #$01                    A:6D X:04 Y:02 P:05 SP:FD CPU Cycle:423311918
CFD7 $D0 $FB       BNE $CFD4 = $38             A:6C X:04 Y:02 P:05 SP:FD CPU Cycle:423311920
CFD4 $38           SEC                         A:6C X:04 Y:02 P:05 SP:FD CPU Cycle:423311923
CFD5 $E9 $01       SBC #$01                    A:6C X:04 Y:02 P:05 SP:FD CPU Cycle:423311925
CFD7 $D0 $FB       BNE $CFD4 = $38             A:6B X:04 Y:02 P:05 SP:FD CPU Cycle:423311927
CFD4 $38           SEC                         A:6B X:04 Y:02 P:05 SP:FD CPU Cycle:423311930
CFD5 $E9 $01       SBC #$01                    A:6B X:04 Y:02 P:05 SP:FD CPU Cycle:423311932
CFD7 $D0 $FB       BNE $CFD4 = $38             A:6A X:04 Y:02 P:05 SP:FD CPU Cycle:423311934
CFD4 $38           SEC                         A:6A X:04 Y:02 P:05 SP:FD CPU Cycle:423311937
CFD5 $E9 $01       SBC #$01                    A:6A X:04 Y:02 P:05 SP:FD CPU Cycle:423311939
CFD7 $D0 $FB       BNE $CFD4 = $38             A:69 X:04 Y:02 P:05 SP:FD CPU Cycle:423311941
CFD4 $38           SEC                         A:69 X:04 Y:02 P:05 SP:FD CPU Cycle:423311944
CFD5 $E9 $01       SBC #$01                    A:69 X:04 Y:02 P:05 SP:FD CPU Cycle:423311946
CFD7 $D0 $FB       BNE $CFD4 = $38             A:68 X:04 Y:02 P:05 SP:FD CPU Cycle:423311948
CFD4 $38           SEC                         A:68 X:04 Y:02 P:05 SP:FD CPU Cycle:423311951
CFD5 $E9 $01       SBC #$01                    A:68 X:04 Y:02 P:05 SP:FD CPU Cycle:423311953
CFD7 $D0 $FB       BNE $CFD4 = $38             A:67 X:04 Y:02 P:05 SP:FD CPU Cycle:423311955
CFD4 $38           SEC                         A:67 X:04 Y:02 P:05 SP:FD CPU Cycle:423311958
CFD5 $E9 $01       SBC #$01                    A:67 X:04 Y:02 P:05 SP:FD CPU Cycle:423311960
CFD7 $D0 $FB       BNE $CFD4 = $38             A:66 X:04 Y:02 P:05 SP:FD CPU Cycle:423311962
CFD4 $38           SEC                         A:66 X:04 Y:02 P:05 SP:FD CPU Cycle:423311965
CFD5 $E9 $01       SBC #$01                    A:66 X:04 Y:02 P:05 SP:FD CPU Cycle:423311967
CFD7 $D0 $FB       BNE $CFD4 = $38             A:65 X:04 Y:02 P:05 SP:FD CPU Cycle:423311969
CFD4 $38           SEC                         A:65 X:04 Y:02 P:05 SP:FD CPU Cycle:423311972
CFD5 $E9 $01       SBC #$01                    A:65 X:04 Y:02 P:05 SP:FD CPU Cycle:423311974
CFD7 $D0 $FB       BNE $CFD4 = $38             A:64 X:04 Y:02 P:05 SP:FD CPU Cycle:423311976
CFD4 $38           SEC                         A:64 X:04 Y:02 P:05 SP:FD CPU Cycle:423311979
CFD5 $E9 $01       SBC #$01                    A:64 X:04 Y:02 P:05 SP:FD CPU Cycle:423311981
CFD7 $D0 $FB       BNE $CFD4 = $38             A:63 X:04 Y:02 P:05 SP:FD CPU Cycle:423311983
CFD4 $38           SEC                         A:63 X:04 Y:02 P:05 SP:FD CPU Cycle:423311986
CFD5 $E9 $01       SBC #$01                    A:63 X:04 Y:02 P:05 SP:FD CPU Cycle:423311988
CFD7 $D0 $FB       BNE $CFD4 = $38             A:62 X:04 Y:02 P:05 SP:FD CPU Cycle:423311990
CFD4 $38           SEC                         A:62 X:04 Y:02 P:05 SP:FD CPU Cycle:423311993
CFD5 $E9 $01       SBC #$01                    A:62 X:04 Y:02 P:05 SP:FD CPU Cycle:423311995
CFD7 $D0 $FB       BNE $CFD4 = $38             A:61 X:04 Y:02 P:05 SP:FD CPU Cycle:423311997
CFD4 $38           SEC                         A:61 X:04 Y:02 P:05 SP:FD CPU Cycle:423312000
CFD5 $E9 $01       SBC #$01                    A:61 X:04 Y:02 P:05 SP:FD CPU Cycle:423312002
CFD7 $D0 $FB       BNE $CFD4 = $38             A:60 X:04 Y:02 P:05 SP:FD CPU Cycle:423312004
CFD4 $38           SEC                         A:60 X:04 Y:02 P:05 SP:FD CPU Cycle:423312007
CFD5 $E9 $01       SBC #$01                    A:60 X:04 Y:02 P:05 SP:FD CPU Cycle:423312009
CFD7 $D0 $FB       BNE $CFD4 = $38             A:5F X:04 Y:02 P:05 SP:FD CPU Cycle:423312011
CFD4 $38           SEC                         A:5F X:04 Y:02 P:05 SP:FD CPU Cycle:423312014
CFD5 $E9 $01       SBC #$01                    A:5F X:04 Y:02 P:05 SP:FD CPU Cycle:423312016
CFD7 $D0 $FB       BNE $CFD4 = $38             A:5E X:04 Y:02 P:05 SP:FD CPU Cycle:423312018
CFD4 $38           SEC                         A:5E X:04 Y:02 P:05 SP:FD CPU Cycle:423312021
CFD5 $E9 $01       SBC #$01                    A:5E X:04 Y:02 P:05 SP:FD CPU Cycle:423312023
CFD7 $D0 $FB       BNE $CFD4 = $38             A:5D X:04 Y:02 P:05 SP:FD CPU Cycle:423312025
CFD4 $38           SEC                         A:5D X:04 Y:02 P:05 SP:FD CPU Cycle:423312028
CFD5 $E9 $01       SBC #$01                    A:5D X:04 Y:02 P:05 SP:FD CPU Cycle:423312030
CFD7 $D0 $FB       BNE $CFD4 = $38             A:5C X:04 Y:02 P:05 SP:FD CPU Cycle:423312032
CFD4 $38           SEC                         A:5C X:04 Y:02 P:05 SP:FD CPU Cycle:423312035
CFD5 $E9 $01       SBC #$01                    A:5C X:04 Y:02 P:05 SP:FD CPU Cycle:423312037
CFD7 $D0 $FB       BNE $CFD4 = $38             A:5B X:04 Y:02 P:05 SP:FD CPU Cycle:423312039
CFD4 $38           SEC                         A:5B X:04 Y:02 P:05 SP:FD CPU Cycle:423312042
CFD5 $E9 $01       SBC #$01                    A:5B X:04 Y:02 P:05 SP:FD CPU Cycle:423312044
CFD7 $D0 $FB       BNE $CFD4 = $38             A:5A X:04 Y:02 P:05 SP:FD CPU Cycle:423312046
CFD4 $38           SEC                         A:5A X:04 Y:02 P:05 SP:FD CPU Cycle:423312049
CFD5 $E9 $01       SBC #$01                    A:5A X:04 Y:02 P:05 SP:FD CPU Cycle:423312051
CFD7 $D0 $FB       BNE $CFD4 = $38             A:59 X:04 Y:02 P:05 SP:FD CPU Cycle:423312053
CFD4 $38           SEC                         A:59 X:04 Y:02 P:05 SP:FD CPU Cycle:423312056
CFD5 $E9 $01       SBC #$01                    A:59 X:04 Y:02 P:05 SP:FD CPU Cycle:423312058
CFD7 $D0 $FB       BNE $CFD4 = $38             A:58 X:04 Y:02 P:05 SP:FD CPU Cycle:423312060
CFD4 $38           SEC                         A:58 X:04 Y:02 P:05 SP:FD CPU Cycle:423312063
CFD5 $E9 $01       SBC #$01                    A:58 X:04 Y:02 P:05 SP:FD CPU Cycle:423312065
CFD7 $D0 $FB       BNE $CFD4 = $38             A:57 X:04 Y:02 P:05 SP:FD CPU Cycle:423312067
CFD4 $38           SEC                         A:57 X:04 Y:02 P:05 SP:FD CPU Cycle:423312070
CFD5 $E9 $01       SBC #$01                    A:57 X:04 Y:02 P:05 SP:FD CPU Cycle:423312072
CFD7 $D0 $FB       BNE $CFD4 = $38             A:56 X:04 Y:02 P:05 SP:FD CPU Cycle:423312074
CFD4 $38           SEC                         A:56 X:04 Y:02 P:05 SP:FD CPU Cycle:423312077
CFD5 $E9 $01       SBC #$01                    A:56 X:04 Y:02 P:05 SP:FD CPU Cycle:423312079
CFD7 $D0 $FB       BNE $CFD4 = $38             A:55 X:04 Y:02 P:05 SP:FD CPU Cycle:423312081
CFD4 $38           SEC                         A:55 X:04 Y:02 P:05 SP:FD CPU Cycle:423312084
CFD5 $E9 $01       SBC #$01                    A:55 X:04 Y:02 P:05 SP:FD CPU Cycle:423312086
CFD7 $D0 $FB       BNE $CFD4 = $38             A:54 X:04 Y:02 P:05 SP:FD CPU Cycle:423312088
CFD4 $38           SEC                         A:54 X:04 Y:02 P:05 SP:FD CPU Cycle:423312091
CFD5 $E9 $01       SBC #$01                    A:54 X:04 Y:02 P:05 SP:FD CPU Cycle:423312093
CFD7 $D0 $FB       BNE $CFD4 = $38             A:53 X:04 Y:02 P:05 SP:FD CPU Cycle:423312095
CFD4 $38           SEC                         A:53 X:04 Y:02 P:05 SP:FD CPU Cycle:423312098
CFD5 $E9 $01       SBC #$01                    A:53 X:04 Y:02 P:05 SP:FD CPU Cycle:423312100
CFD7 $D0 $FB       BNE $CFD4 = $38             A:52 X:04 Y:02 P:05 SP:FD CPU Cycle:423312102
CFD4 $38           SEC                         A:52 X:04 Y:02 P:05 SP:FD CPU Cycle:423312105
CFD5 $E9 $01       SBC #$01                    A:52 X:04 Y:02 P:05 SP:FD CPU Cycle:423312107
CFD7 $D0 $FB       BNE $CFD4 = $38             A:51 X:04 Y:02 P:05 SP:FD CPU Cycle:423312109
CFD4 $38           SEC                         A:51 X:04 Y:02 P:05 SP:FD CPU Cycle:423312112
CFD5 $E9 $01       SBC #$01                    A:51 X:04 Y:02 P:05 SP:FD CPU Cycle:423312114
CFD7 $D0 $FB       BNE $CFD4 = $38             A:50 X:04 Y:02 P:05 SP:FD CPU Cycle:423312116
CFD4 $38           SEC                         A:50 X:04 Y:02 P:05 SP:FD CPU Cycle:423312119
CFD5 $E9 $01       SBC #$01                    A:50 X:04 Y:02 P:05 SP:FD CPU Cycle:423312121
CFD7 $D0 $FB       BNE $CFD4 = $38             A:4F X:04 Y:02 P:05 SP:FD CPU Cycle:423312123
CFD4 $38           SEC                         A:4F X:04 Y:02 P:05 SP:FD CPU Cycle:423312126
CFD5 $E9 $01       SBC #$01                    A:4F X:04 Y:02 P:05 SP:FD CPU Cycle:423312128
CFD7 $D0 $FB       BNE $CFD4 = $38             A:4E X:04 Y:02 P:05 SP:FD CPU Cycle:423312130
CFD4 $38           SEC                         A:4E X:04 Y:02 P:05 SP:FD CPU Cycle:423312133
CFD5 $E9 $01       SBC #$01                    A:4E X:04 Y:02 P:05 SP:FD CPU Cycle:423312135
CFD7 $D0 $FB       BNE $CFD4 = $38             A:4D X:04 Y:02 P:05 SP:FD CPU Cycle:423312137
CFD4 $38           SEC                         A:4D X:04 Y:02 P:05 SP:FD CPU Cycle:423312140
CFD5 $E9 $01       SBC #$01                    A:4D X:04 Y:02 P:05 SP:FD CPU Cycle:423312142
CFD7 $D0 $FB       BNE $CFD4 = $38             A:4C X:04 Y:02 P:05 SP:FD CPU Cycle:423312144
CFD4 $38           SEC                         A:4C X:04 Y:02 P:05 SP:FD CPU Cycle:423312147
CFD5 $E9 $01       SBC #$01                    A:4C X:04 Y:02 P:05 SP:FD CPU Cycle:423312149
CFD7 $D0 $FB       BNE $CFD4 = $38             A:4B X:04 Y:02 P:05 SP:FD CPU Cycle:423312151
CFD4 $38           SEC                         A:4B X:04 Y:02 P:05 SP:FD CPU Cycle:423312154
CFD5 $E9 $01       SBC #$01                    A:4B X:04 Y:02 P:05 SP:FD CPU Cycle:423312156
CFD7 $D0 $FB       BNE $CFD4 = $38             A:4A X:04 Y:02 P:05 SP:FD CPU Cycle:423312158
CFD4 $38           SEC                         A:4A X:04 Y:02 P:05 SP:FD CPU Cycle:423312161
CFD5 $E9 $01       SBC #$01                    A:4A X:04 Y:02 P:05 SP:FD CPU Cycle:423312163
CFD7 $D0 $FB       BNE $CFD4 = $38             A:49 X:04 Y:02 P:05 SP:FD CPU Cycle:423312165
CFD4 $38           SEC                         A:49 X:04 Y:02 P:05 SP:FD CPU Cycle:423312168
CFD5 $E9 $01       SBC #$01                    A:49 X:04 Y:02 P:05 SP:FD CPU Cycle:423312170
CFD7 $D0 $FB       BNE $CFD4 = $38             A:48 X:04 Y:02 P:05 SP:FD CPU Cycle:423312172
CFD4 $38           SEC                         A:48 X:04 Y:02 P:05 SP:FD CPU Cycle:423312175
CFD5 $E9 $01       SBC #$01                    A:48 X:04 Y:02 P:05 SP:FD CPU Cycle:423312177
CFD7 $D0 $FB       BNE $CFD4 = $38             A:47 X:04 Y:02 P:05 SP:FD CPU Cycle:423312179
CFD4 $38           SEC                         A:47 X:04 Y:02 P:05 SP:FD CPU Cycle:423312182
CFD5 $E9 $01       SBC #$01                    A:47 X:04 Y:02 P:05 SP:FD CPU Cycle:423312184
CFD7 $D0 $FB       BNE $CFD4 = $38             A:46 X:04 Y:02 P:05 SP:FD CPU Cycle:423312186
CFD4 $38           SEC                         A:46 X:04 Y:02 P:05 SP:FD CPU Cycle:423312189
CFD5 $E9 $01       SBC #$01                    A:46 X:04 Y:02 P:05 SP:FD CPU Cycle:423312191
CFD7 $D0 $FB       BNE $CFD4 = $38             A:45 X:04 Y:02 P:05 SP:FD CPU Cycle:423312193
CFD4 $38           SEC                         A:45 X:04 Y:02 P:05 SP:FD CPU Cycle:423312196
CFD5 $E9 $01       SBC #$01                    A:45 X:04 Y:02 P:05 SP:FD CPU Cycle:423312198
CFD7 $D0 $FB       BNE $CFD4 = $38             A:44 X:04 Y:02 P:05 SP:FD CPU Cycle:423312200
CFD4 $38           SEC                         A:44 X:04 Y:02 P:05 SP:FD CPU Cycle:423312203
CFD5 $E9 $01       SBC #$01                    A:44 X:04 Y:02 P:05 SP:FD CPU Cycle:423312205
CFD7 $D0 $FB       BNE $CFD4 = $38             A:43 X:04 Y:02 P:05 SP:FD CPU Cycle:423312207
CFD4 $38           SEC                         A:43 X:04 Y:02 P:05 SP:FD CPU Cycle:423312210
CFD5 $E9 $01       SBC #$01                    A:43 X:04 Y:02 P:05 SP:FD CPU Cycle:423312212
CFD7 $D0 $FB       BNE $CFD4 = $38             A:42 X:04 Y:02 P:05 SP:FD CPU Cycle:423312214
CFD4 $38           SEC                         A:42 X:04 Y:02 P:05 SP:FD CPU Cycle:423312217
CFD5 $E9 $01       SBC #$01                    A:42 X:04 Y:02 P:05 SP:FD CPU Cycle:423312219
CFD7 $D0 $FB       BNE $CFD4 = $38             A:41 X:04 Y:02 P:05 SP:FD CPU Cycle:423312221
CFD4 $38           SEC                         A:41 X:04 Y:02 P:05 SP:FD CPU Cycle:423312224
CFD5 $E9 $01       SBC #$01                    A:41 X:04 Y:02 P:05 SP:FD CPU Cycle:423312226
CFD7 $D0 $FB       BNE $CFD4 = $38             A:40 X:04 Y:02 P:05 SP:FD CPU Cycle:423312228
CFD4 $38           SEC                         A:40 X:04 Y:02 P:05 SP:FD CPU Cycle:423312231
CFD5 $E9 $01       SBC #$01                    A:40 X:04 Y:02 P:05 SP:FD CPU Cycle:423312233
CFD7 $D0 $FB       BNE $CFD4 = $38             A:3F X:04 Y:02 P:05 SP:FD CPU Cycle:423312235
CFD4 $38           SEC                         A:3F X:04 Y:02 P:05 SP:FD CPU Cycle:423312238
CFD5 $E9 $01       SBC #$01                    A:3F X:04 Y:02 P:05 SP:FD CPU Cycle:423312240
CFD7 $D0 $FB       BNE $CFD4 = $38             A:3E X:04 Y:02 P:05 SP:FD CPU Cycle:423312242
CFD4 $38           SEC                         A:3E X:04 Y:02 P:05 SP:FD CPU Cycle:423312245
CFD5 $E9 $01       SBC #$01                    A:3E X:04 Y:02 P:05 SP:FD CPU Cycle:423312247
CFD7 $D0 $FB       BNE $CFD4 = $38             A:3D X:04 Y:02 P:05 SP:FD CPU Cycle:423312249
CFD4 $38           SEC                         A:3D X:04 Y:02 P:05 SP:FD CPU Cycle:423312252
CFD5 $E9 $01       SBC #$01                    A:3D X:04 Y:02 P:05 SP:FD CPU Cycle:423312254
CFD7 $D0 $FB       BNE $CFD4 = $38             A:3C X:04 Y:02 P:05 SP:FD CPU Cycle:423312256
CFD4 $38           SEC                         A:3C X:04 Y:02 P:05 SP:FD CPU Cycle:423312259
CFD5 $E9 $01       SBC #$01                    A:3C X:04 Y:02 P:05 SP:FD CPU Cycle:423312261
CFD7 $D0 $FB       BNE $CFD4 = $38             A:3B X:04 Y:02 P:05 SP:FD CPU Cycle:423312263
CFD4 $38           SEC                         A:3B X:04 Y:02 P:05 SP:FD CPU Cycle:423312266
CFD5 $E9 $01       SBC #$01                    A:3B X:04 Y:02 P:05 SP:FD CPU Cycle:423312268
CFD7 $D0 $FB       BNE $CFD4 = $38             A:3A X:04 Y:02 P:05 SP:FD CPU Cycle:423312270
CFD4 $38           SEC                         A:3A X:04 Y:02 P:05 SP:FD CPU Cycle:423312273
CFD5 $E9 $01       SBC #$01                    A:3A X:04 Y:02 P:05 SP:FD CPU Cycle:423312275
CFD7 $D0 $FB       BNE $CFD4 = $38             A:39 X:04 Y:02 P:05 SP:FD CPU Cycle:423312277
CFD4 $38           SEC                         A:39 X:04 Y:02 P:05 SP:FD CPU Cycle:423312280
CFD5 $E9 $01       SBC #$01                    A:39 X:04 Y:02 P:05 SP:FD CPU Cycle:423312282
CFD7 $D0 $FB       BNE $CFD4 = $38             A:38 X:04 Y:02 P:05 SP:FD CPU Cycle:423312284
CFD4 $38           SEC                         A:38 X:04 Y:02 P:05 SP:FD CPU Cycle:423312287
CFD5 $E9 $01       SBC #$01                    A:38 X:04 Y:02 P:05 SP:FD CPU Cycle:423312289
CFD7 $D0 $FB       BNE $CFD4 = $38             A:37 X:04 Y:02 P:05 SP:FD CPU Cycle:423312291
CFD4 $38           SEC                         A:37 X:04 Y:02 P:05 SP:FD CPU Cycle:423312294
CFD5 $E9 $01       SBC #$01                    A:37 X:04 Y:02 P:05 SP:FD CPU Cycle:423312296
CFD7 $D0 $FB       BNE $CFD4 = $38             A:36 X:04 Y:02 P:05 SP:FD CPU Cycle:423312298
CFD4 $38           SEC                         A:36 X:04 Y:02 P:05 SP:FD CPU Cycle:423312301
CFD5 $E9 $01       SBC #$01                    A:36 X:04 Y:02 P:05 SP:FD CPU Cycle:423312303
CFD7 $D0 $FB       BNE $CFD4 = $38             A:35 X:04 Y:02 P:05 SP:FD CPU Cycle:423312305
CFD4 $38           SEC                         A:35 X:04 Y:02 P:05 SP:FD CPU Cycle:423312308
CFD5 $E9 $01       SBC #$01                    A:35 X:04 Y:02 P:05 SP:FD CPU Cycle:423312310
CFD7 $D0 $FB       BNE $CFD4 = $38             A:34 X:04 Y:02 P:05 SP:FD CPU Cycle:423312312
CFD4 $38           SEC                         A:34 X:04 Y:02 P:05 SP:FD CPU Cycle:423312315
CFD5 $E9 $01       SBC #$01                    A:34 X:04 Y:02 P:05 SP:FD CPU Cycle:423312317
CFD7 $D0 $FB       BNE $CFD4 = $38             A:33 X:04 Y:02 P:05 SP:FD CPU Cycle:423312319
CFD4 $38           SEC                         A:33 X:04 Y:02 P:05 SP:FD CPU Cycle:423312322
CFD5 $E9 $01       SBC #$01                    A:33 X:04 Y:02 P:05 SP:FD CPU Cycle:423312324
CFD7 $D0 $FB       BNE $CFD4 = $38             A:32 X:04 Y:02 P:05 SP:FD CPU Cycle:423312326
CFD4 $38           SEC                         A:32 X:04 Y:02 P:05 SP:FD CPU Cycle:423312329
CFD5 $E9 $01       SBC #$01                    A:32 X:04 Y:02 P:05 SP:FD CPU Cycle:423312331
CFD7 $D0 $FB       BNE $CFD4 = $38             A:31 X:04 Y:02 P:05 SP:FD CPU Cycle:423312333
CFD4 $38           SEC                         A:31 X:04 Y:02 P:05 SP:FD CPU Cycle:423312336
CFD5 $E9 $01       SBC #$01                    A:31 X:04 Y:02 P:05 SP:FD CPU Cycle:423312338
CFD7 $D0 $FB       BNE $CFD4 = $38             A:30 X:04 Y:02 P:05 SP:FD CPU Cycle:423312340
CFD4 $38           SEC                         A:30 X:04 Y:02 P:05 SP:FD CPU Cycle:423312343
CFD5 $E9 $01       SBC #$01                    A:30 X:04 Y:02 P:05 SP:FD CPU Cycle:423312345
CFD7 $D0 $FB       BNE $CFD4 = $38             A:2F X:04 Y:02 P:05 SP:FD CPU Cycle:423312347
CFD4 $38           SEC                         A:2F X:04 Y:02 P:05 SP:FD CPU Cycle:423312350
CFD5 $E9 $01       SBC #$01                    A:2F X:04 Y:02 P:05 SP:FD CPU Cycle:423312352
CFD7 $D0 $FB       BNE $CFD4 = $38             A:2E X:04 Y:02 P:05 SP:FD CPU Cycle:423312354
CFD4 $38           SEC                         A:2E X:04 Y:02 P:05 SP:FD CPU Cycle:423312357
CFD5 $E9 $01       SBC #$01                    A:2E X:04 Y:02 P:05 SP:FD CPU Cycle:423312359
CFD7 $D0 $FB       BNE $CFD4 = $38             A:2D X:04 Y:02 P:05 SP:FD CPU Cycle:423312361
CFD4 $38           SEC                         A:2D X:04 Y:02 P:05 SP:FD CPU Cycle:423312364
CFD5 $E9 $01       SBC #$01                    A:2D X:04 Y:02 P:05 SP:FD CPU Cycle:423312366
CFD7 $D0 $FB       BNE $CFD4 = $38             A:2C X:04 Y:02 P:05 SP:FD CPU Cycle:423312368
CFD4 $38           SEC                         A:2C X:04 Y:02 P:05 SP:FD CPU Cycle:423312371
CFD5 $E9 $01       SBC #$01                    A:2C X:04 Y:02 P:05 SP:FD CPU Cycle:423312373
CFD7 $D0 $FB       BNE $CFD4 = $38             A:2B X:04 Y:02 P:05 SP:FD CPU Cycle:423312375
CFD4 $38           SEC                         A:2B X:04 Y:02 P:05 SP:FD CPU Cycle:423312378
CFD5 $E9 $01       SBC #$01                    A:2B X:04 Y:02 P:05 SP:FD CPU Cycle:423312380
CFD7 $D0 $FB       BNE $CFD4 = $38             A:2A X:04 Y:02 P:05 SP:FD CPU Cycle:423312382
CFD4 $38           SEC                         A:2A X:04 Y:02 P:05 SP:FD CPU Cycle:423312385
CFD5 $E9 $01       SBC #$01                    A:2A X:04 Y:02 P:05 SP:FD CPU Cycle:423312387
CFD7 $D0 $FB       BNE $CFD4 = $38             A:29 X:04 Y:02 P:05 SP:FD CPU Cycle:423312389
CFD4 $38           SEC                         A:29 X:04 Y:02 P:05 SP:FD CPU Cycle:423312392
CFD5 $E9 $01       SBC #$01                    A:29 X:04 Y:02 P:05 SP:FD CPU Cycle:423312394
CFD7 $D0 $FB       BNE $CFD4 = $38             A:28 X:04 Y:02 P:05 SP:FD CPU Cycle:423312396
CFD4 $38           SEC                         A:28 X:04 Y:02 P:05 SP:FD CPU Cycle:423312399
CFD5 $E9 $01       SBC #$01                    A:28 X:04 Y:02 P:05 SP:FD CPU Cycle:423312401
CFD7 $D0 $FB       BNE $CFD4 = $38             A:27 X:04 Y:02 P:05 SP:FD CPU Cycle:423312403
CFD4 $38           SEC                         A:27 X:04 Y:02 P:05 SP:FD CPU Cycle:423312406
CFD5 $E9 $01       SBC #$01                    A:27 X:04 Y:02 P:05 SP:FD CPU Cycle:423312408
CFD7 $D0 $FB       BNE $CFD4 = $38             A:26 X:04 Y:02 P:05 SP:FD CPU Cycle:423312410
CFD4 $38           SEC                         A:26 X:04 Y:02 P:05 SP:FD CPU Cycle:423312413
CFD5 $E9 $01       SBC #$01                    A:26 X:04 Y:02 P:05 SP:FD CPU Cycle:423312415
CFD7 $D0 $FB       BNE $CFD4 = $38             A:25 X:04 Y:02 P:05 SP:FD CPU Cycle:423312417
CFD4 $38           SEC                         A:25 X:04 Y:02 P:05 SP:FD CPU Cycle:423312420
CFD5 $E9 $01       SBC #$01                    A:25 X:04 Y:02 P:05 SP:FD CPU Cycle:423312422
CFD7 $D0 $FB       BNE $CFD4 = $38             A:24 X:04 Y:02 P:05 SP:FD CPU Cycle:423312424
CFD4 $38           SEC                         A:24 X:04 Y:02 P:05 SP:FD CPU Cycle:423312427
CFD5 $E9 $01       SBC #$01                    A:24 X:04 Y:02 P:05 SP:FD CPU Cycle:423312429
CFD7 $D0 $FB       BNE $CFD4 = $38             A:23 X:04 Y:02 P:05 SP:FD CPU Cycle:423312431
CFD4 $38           SEC                         A:23 X:04 Y:02 P:05 SP:FD CPU Cycle:423312434
CFD5 $E9 $01       SBC #$01                    A:23 X:04 Y:02 P:05 SP:FD CPU Cycle:423312436
CFD7 $D0 $FB       BNE $CFD4 = $38             A:22 X:04 Y:02 P:05 SP:FD CPU Cycle:423312438
CFD4 $38           SEC                         A:22 X:04 Y:02 P:05 SP:FD CPU Cycle:423312441
CFD5 $E9 $01       SBC #$01                    A:22 X:04 Y:02 P:05 SP:FD CPU Cycle:423312443
CFD7 $D0 $FB       BNE $CFD4 = $38             A:21 X:04 Y:02 P:05 SP:FD CPU Cycle:423312445
CFD4 $38           SEC                         A:21 X:04 Y:02 P:05 SP:FD CPU Cycle:423312448
CFD5 $E9 $01       SBC #$01                    A:21 X:04 Y:02 P:05 SP:FD CPU Cycle:423312450
CFD7 $D0 $FB       BNE $CFD4 = $38             A:20 X:04 Y:02 P:05 SP:FD CPU Cycle:423312452
CFD4 $38           SEC                         A:20 X:04 Y:02 P:05 SP:FD CPU Cycle:423312455
CFD5 $E9 $01       SBC #$01                    A:20 X:04 Y:02 P:05 SP:FD CPU Cycle:423312457
CFD7 $D0 $FB       BNE $CFD4 = $38             A:1F X:04 Y:02 P:05 SP:FD CPU Cycle:423312459
CFD4 $38           SEC                         A:1F X:04 Y:02 P:05 SP:FD CPU Cycle:423312462
CFD5 $E9 $01       SBC #$01                    A:1F X:04 Y:02 P:05 SP:FD CPU Cycle:423312464
CFD7 $D0 $FB       BNE $CFD4 = $38             A:1E X:04 Y:02 P:05 SP:FD CPU Cycle:423312466
CFD4 $38           SEC                         A:1E X:04 Y:02 P:05 SP:FD CPU Cycle:423312469
CFD5 $E9 $01       SBC #$01                    A:1E X:04 Y:02 P:05 SP:FD CPU Cycle:423312471
CFD7 $D0 $FB       BNE $CFD4 = $38             A:1D X:04 Y:02 P:05 SP:FD CPU Cycle:423312473
CFD4 $38           SEC                         A:1D X:04 Y:02 P:05 SP:FD CPU Cycle:423312476
CFD5 $E9 $01       SBC #$01                    A:1D X:04 Y:02 P:05 SP:FD CPU Cycle:423312478
CFD7 $D0 $FB       BNE $CFD4 = $38             A:1C X:04 Y:02 P:05 SP:FD CPU Cycle:423312480
CFD4 $38           SEC                         A:1C X:04 Y:02 P:05 SP:FD CPU Cycle:423312483
CFD5 $E9 $01       SBC #$01                    A:1C X:04 Y:02 P:05 SP:FD CPU Cycle:423312485
CFD7 $D0 $FB       BNE $CFD4 = $38             A:1B X:04 Y:02 P:05 SP:FD CPU Cycle:423312487
CFD4 $38           SEC                         A:1B X:04 Y:02 P:05 SP:FD CPU Cycle:423312490
CFD5 $E9 $01       SBC #$01                    A:1B X:04 Y:02 P:05 SP:FD CPU Cycle:423312492
CFD7 $D0 $FB       BNE $CFD4 = $38             A:1A X:04 Y:02 P:05 SP:FD CPU Cycle:423312494
CFD4 $38           SEC                         A:1A X:04 Y:02 P:05 SP:FD CPU Cycle:423312497
CFD5 $E9 $01       SBC #$01                    A:1A X:04 Y:02 P:05 SP:FD CPU Cycle:423312499
CFD7 $D0 $FB       BNE $CFD4 = $38             A:19 X:04 Y:02 P:05 SP:FD CPU Cycle:423312501
CFD4 $38           SEC                         A:19 X:04 Y:02 P:05 SP:FD CPU Cycle:423312504
CFD5 $E9 $01       SBC #$01                    A:19 X:04 Y:02 P:05 SP:FD CPU Cycle:423312506
CFD7 $D0 $FB       BNE $CFD4 = $38             A:18 X:04 Y:02 P:05 SP:FD CPU Cycle:423312508
CFD4 $38           SEC                         A:18 X:04 Y:02 P:05 SP:FD CPU Cycle:423312511
CFD5 $E9 $01       SBC #$01                    A:18 X:04 Y:02 P:05 SP:FD CPU Cycle:423312513
CFD7 $D0 $FB       BNE $CFD4 = $38             A:17 X:04 Y:02 P:05 SP:FD CPU Cycle:423312515
CFD4 $38           SEC                         A:17 X:04 Y:02 P:05 SP:FD CPU Cycle:423312518
CFD5 $E9 $01       SBC #$01                    A:17 X:04 Y:02 P:05 SP:FD CPU Cycle:423312520
CFD7 $D0 $FB       BNE $CFD4 = $38             A:16 X:04 Y:02 P:05 SP:FD CPU Cycle:423312522
CFD4 $38           SEC                         A:16 X:04 Y:02 P:05 SP:FD CPU Cycle:423312525
CFD5 $E9 $01       SBC #$01                    A:16 X:04 Y:02 P:05 SP:FD CPU Cycle:423312527
CFD7 $D0 $FB       BNE $CFD4 = $38             A:15 X:04 Y:02 P:05 SP:FD CPU Cycle:423312529
CFD4 $38           SEC                         A:15 X:04 Y:02 P:05 SP:FD CPU Cycle:423312532
CFD5 $E9 $01       SBC #$01                    A:15 X:04 Y:02 P:05 SP:FD CPU Cycle:423312534
CFD7 $D0 $FB       BNE $CFD4 = $38             A:14 X:04 Y:02 P:05 SP:FD CPU Cycle:423312536
CFD4 $38           SEC                         A:14 X:04 Y:02 P:05 SP:FD CPU Cycle:423312539
CFD5 $E9 $01       SBC #$01                    A:14 X:04 Y:02 P:05 SP:FD CPU Cycle:423312541
CFD7 $D0 $FB       BNE $CFD4 = $38             A:13 X:04 Y:02 P:05 SP:FD CPU Cycle:423312543
CFD4 $38           SEC                         A:13 X:04 Y:02 P:05 SP:FD CPU Cycle:423312546
CFD5 $E9 $01       SBC #$01                    A:13 X:04 Y:02 P:05 SP:FD CPU Cycle:423312548
CFD7 $D0 $FB       BNE $CFD4 = $38             A:12 X:04 Y:02 P:05 SP:FD CPU Cycle:423312550
CFD4 $38           SEC                         A:12 X:04 Y:02 P:05 SP:FD CPU Cycle:423312553
CFD5 $E9 $01       SBC #$01                    A:12 X:04 Y:02 P:05 SP:FD CPU Cycle:423312555
CFD7 $D0 $FB       BNE $CFD4 = $38             A:11 X:04 Y:02 P:05 SP:FD CPU Cycle:423312557
CFD4 $38           SEC                         A:11 X:04 Y:02 P:05 SP:FD CPU Cycle:423312560
CFD5 $E9 $01       SBC #$01                    A:11 X:04 Y:02 P:05 SP:FD CPU Cycle:423312562
CFD7 $D0 $FB       BNE $CFD4 = $38             A:10 X:04 Y:02 P:05 SP:FD CPU Cycle:423312564
CFD4 $38           SEC                         A:10 X:04 Y:02 P:05 SP:FD CPU Cycle:423312567
CFD5 $E9 $01       SBC #$01                    A:10 X:04 Y:02 P:05 SP:FD CPU Cycle:423312569
CFD7 $D0 $FB       BNE $CFD4 = $38             A:0F X:04 Y:02 P:05 SP:FD CPU Cycle:423312571
CFD4 $38           SEC                         A:0F X:04 Y:02 P:05 SP:FD CPU Cycle:423312574
CFD5 $E9 $01       SBC #$01                    A:0F X:04 Y:02 P:05 SP:FD CPU Cycle:423312576
CFD7 $D0 $FB       BNE $CFD4 = $38             A:0E X:04 Y:02 P:05 SP:FD CPU Cycle:423312578
CFD4 $38           SEC                         A:0E X:04 Y:02 P:05 SP:FD CPU Cycle:423312581
CFD5 $E9 $01       SBC #$01                    A:0E X:04 Y:02 P:05 SP:FD CPU Cycle:423312583
CFD7 $D0 $FB       BNE $CFD4 = $38             A:0D X:04 Y:02 P:05 SP:FD CPU Cycle:423312585
CFD4 $38           SEC                         A:0D X:04 Y:02 P:05 SP:FD CPU Cycle:423312588
CFD5 $E9 $01       SBC #$01                    A:0D X:04 Y:02 P:05 SP:FD CPU Cycle:423312590
CFD7 $D0 $FB       BNE $CFD4 = $38             A:0C X:04 Y:02 P:05 SP:FD CPU Cycle:423312592
CFD4 $38           SEC                         A:0C X:04 Y:02 P:05 SP:FD CPU Cycle:423312595
CFD5 $E9 $01       SBC #$01                    A:0C X:04 Y:02 P:05 SP:FD CPU Cycle:423312597
CFD7 $D0 $FB       BNE $CFD4 = $38             A:0B X:04 Y:02 P:05 SP:FD CPU Cycle:423312599
CFD4 $38           SEC                         A:0B X:04 Y:02 P:05 SP:FD CPU Cycle:423312602
CFD5 $E9 $01       SBC #$01                    A:0B X:04 Y:02 P:05 SP:FD CPU Cycle:423312604
CFD7 $D0 $FB       BNE $CFD4 = $38             A:0A X:04 Y:02 P:05 SP:FD CPU Cycle:423312606
CFD4 $38           SEC                         A:0A X:04 Y:02 P:05 SP:FD CPU Cycle:423312609
CFD5 $E9 $01       SBC #$01                    A:0A X:04 Y:02 P:05 SP:FD CPU Cycle:423312611
CFD7 $D0 $FB       BNE $CFD4 = $38             A:09 X:04 Y:02 P:05 SP:FD CPU Cycle:423312613
CFD4 $38           SEC                         A:09 X:04 Y:02 P:05 SP:FD CPU Cycle:423312616
CFD5 $E9 $01       SBC #$01                    A:09 X:04 Y:02 P:05 SP:FD CPU Cycle:423312618
CFD7 $D0 $FB       BNE $CFD4 = $38             A:08 X:04 Y:02 P:05 SP:FD CPU Cycle:423312620
CFD4 $38           SEC                         A:08 X:04 Y:02 P:05 SP:FD CPU Cycle:423312623
CFD5 $E9 $01       SBC #$01                    A:08 X:04 Y:02 P:05 SP:FD CPU Cycle:423312625
CFD7 $D0 $FB       BNE $CFD4 = $38             A:07 X:04 Y:02 P:05 SP:FD CPU Cycle:423312627
CFD4 $38           SEC                         A:07 X:04 Y:02 P:05 SP:FD CPU Cycle:423312630
CFD5 $E9 $01       SBC #$01                    A:07 X:04 Y:02 P:05 SP:FD CPU Cycle:423312632
CFD7 $D0 $FB       BNE $CFD4 = $38             A:06 X:04 Y:02 P:05 SP:FD CPU Cycle:423312634
CFD4 $38           SEC                         A:06 X:04 Y:02 P:05 SP:FD CPU Cycle:423312637
CFD5 $E9 $01       SBC #$01                    A:06 X:04 Y:02 P:05 SP:FD CPU Cycle:423312639
CFD7 $D0 $FB       BNE $CFD4 = $38             A:05 X:04 Y:02 P:05 SP:FD CPU Cycle:423312641
CFD4 $38           SEC                         A:05 X:04 Y:02 P:05 SP:FD CPU Cycle:423312644
CFD5 $E9 $01       SBC #$01                    A:05 X:04 Y:02 P:05 SP:FD CPU Cycle:423312646
CFD7 $D0 $FB       BNE $CFD4 = $38             A:04 X:04 Y:02 P:05 SP:FD CPU Cycle:423312648
CFD4 $38           SEC                         A:04 X:04 Y:02 P:05 SP:FD CPU Cycle:423312651
CFD5 $E9 $01       SBC #$01                    A:04 X:04 Y:02 P:05 SP:FD CPU Cycle:423312653
CFD7 $D0 $FB       BNE $CFD4 = $38             A:03 X:04 Y:02 P:05 SP:FD CPU Cycle:423312655
CFD4 $38           SEC                         A:03 X:04 Y:02 P:05 SP:FD CPU Cycle:423312658
CFD5 $E9 $01       SBC #$01                    A:03 X:04 Y:02 P:05 SP:FD CPU Cycle:423312660
CFD7 $D0 $FB       BNE $CFD4 = $38             A:02 X:04 Y:02 P:05 SP:FD CPU Cycle:423312662
CFD4 $38           SEC                         A:02 X:04 Y:02 P:05 SP:FD CPU Cycle:423312665
CFD5 $E9 $01       SBC #$01                    A:02 X:04 Y:02 P:05 SP:FD CPU Cycle:423312667
CFD7 $D0 $FB       BNE $CFD4 = $38             A:01 X:04 Y:02 P:05 SP:FD CPU Cycle:423312669
CFD4 $38           SEC                         A:01 X:04 Y:02 P:05 SP:FD CPU Cycle:423312672
CFD5 $E9 $01       SBC #$01                    A:01 X:04 Y:02 P:05 SP:FD CPU Cycle:423312674
CFD7 $D0 $FB       BNE $CFD4 = $38             A:00 X:04 Y:02 P:07 SP:FD CPU Cycle:423312676
CFD9 $CA           DEX                         A:00 X:04 Y:02 P:07 SP:FD CPU Cycle:423312678
CFDA $D0 $F8       BNE $CFD4 = $38             A:00 X:03 Y:02 P:05 SP:FD CPU Cycle:423312680
CFD4 $38           SEC                         A:00 X:03 Y:02 P:05 SP:FD CPU Cycle:423312683
CFD5 $E9 $01       SBC #$01                    A:00 X:03 Y:02 P:05 SP:FD CPU Cycle:423312685
CFD7 $D0 $FB       BNE $CFD4 = $38             A:FF X:03 Y:02 P:84 SP:FD CPU Cycle:423312687
CFD4 $38           SEC                         A:FF X:03 Y:02 P:84 SP:FD CPU Cycle:423312690
CFD5 $E9 $01       SBC #$01                    A:FF X:03 Y:02 P:85 SP:FD CPU Cycle:423312692
CFD7 $D0 $FB       BNE $CFD4 = $38             A:FE X:03 Y:02 P:85 SP:FD CPU Cycle:423312694
CFD4 $38           SEC                         A:FE X:03 Y:02 P:85 SP:FD CPU Cycle:423312697
CFD5 $E9 $01       SBC #$01                    A:FE X:03 Y:02 P:85 SP:FD CPU Cycle:423312699
CFD7 $D0 $FB       BNE $CFD4 = $38             A:FD X:03 Y:02 P:85 SP:FD CPU Cycle:423312701
CFD4 $38           SEC                         A:FD X:03 Y:02 P:85 SP:FD CPU Cycle:423312704
CFD5 $E9 $01       SBC #$01                    A:FD X:03 Y:02 P:85 SP:FD CPU Cycle:423312706
CFD7 $D0 $FB       BNE $CFD4 = $38             A:FC X:03 Y:02 P:85 SP:FD CPU Cycle:423312708
CFD4 $38           SEC                         A:FC X:03 Y:02 P:85 SP:FD CPU Cycle:423312711
CFD5 $E9 $01       SBC #$01                    A:FC X:03 Y:02 P:85 SP:FD CPU Cycle:423312713
CFD7 $D0 $FB       BNE $CFD4 = $38             A:FB X:03 Y:02 P:85 SP:FD CPU Cycle:423312715
CFD4 $38           SEC                         A:FB X:03 Y:02 P:85 SP:FD CPU Cycle:423312718
CFD5 $E9 $01       SBC #$01                    A:FB X:03 Y:02 P:85 SP:FD CPU Cycle:423312720
CFD7 $D0 $FB       BNE $CFD4 = $38             A:FA X:03 Y:02 P:85 SP:FD CPU Cycle:423312722
CFD4 $38           SEC                         A:FA X:03 Y:02 P:85 SP:FD CPU Cycle:423312725
CFD5 $E9 $01       SBC #$01                    A:FA X:03 Y:02 P:85 SP:FD CPU Cycle:423312727
CFD7 $D0 $FB       BNE $CFD4 = $38             A:F9 X:03 Y:02 P:85 SP:FD CPU Cycle:423312729
CFD4 $38           SEC                         A:F9 X:03 Y:02 P:85 SP:FD CPU Cycle:423312732
CFD5 $E9 $01       SBC #$01                    A:F9 X:03 Y:02 P:85 SP:FD CPU Cycle:423312734
CFD7 $D0 $FB       BNE $CFD4 = $38             A:F8 X:03 Y:02 P:85 SP:FD CPU Cycle:423312736
CFD4 $38           SEC                         A:F8 X:03 Y:02 P:85 SP:FD CPU Cycle:423312739
CFD5 $E9 $01       SBC #$01                    A:F8 X:03 Y:02 P:85 SP:FD CPU Cycle:423312741
CFD7 $D0 $FB       BNE $CFD4 = $38             A:F7 X:03 Y:02 P:85 SP:FD CPU Cycle:423312743
CFD4 $38           SEC                         A:F7 X:03 Y:02 P:85 SP:FD CPU Cycle:423312746
CFD5 $E9 $01       SBC #$01                    A:F7 X:03 Y:02 P:85 SP:FD CPU Cycle:423312748
CFD7 $D0 $FB       BNE $CFD4 = $38             A:F6 X:03 Y:02 P:85 SP:FD CPU Cycle:423312750
CFD4 $38           SEC                         A:F6 X:03 Y:02 P:85 SP:FD CPU Cycle:423312753
CFD5 $E9 $01       SBC #$01                    A:F6 X:03 Y:02 P:85 SP:FD CPU Cycle:423312755
CFD7 $D0 $FB       BNE $CFD4 = $38             A:F5 X:03 Y:02 P:85 SP:FD CPU Cycle:423312757
CFD4 $38           SEC                         A:F5 X:03 Y:02 P:85 SP:FD CPU Cycle:423312760
CFD5 $E9 $01       SBC #$01                    A:F5 X:03 Y:02 P:85 SP:FD CPU Cycle:423312762
CFD7 $D0 $FB       BNE $CFD4 = $38             A:F4 X:03 Y:02 P:85 SP:FD CPU Cycle:423312764
CFD4 $38           SEC                         A:F4 X:03 Y:02 P:85 SP:FD CPU Cycle:423312767
CFD5 $E9 $01       SBC #$01                    A:F4 X:03 Y:02 P:85 SP:FD CPU Cycle:423312769
CFD7 $D0 $FB       BNE $CFD4 = $38             A:F3 X:03 Y:02 P:85 SP:FD CPU Cycle:423312771
CFD4 $38           SEC                         A:F3 X:03 Y:02 P:85 SP:FD CPU Cycle:423312774
CFD5 $E9 $01       SBC #$01                    A:F3 X:03 Y:02 P:85 SP:FD CPU Cycle:423312776
CFD7 $D0 $FB       BNE $CFD4 = $38             A:F2 X:03 Y:02 P:85 SP:FD CPU Cycle:423312778
CFD4 $38           SEC                         A:F2 X:03 Y:02 P:85 SP:FD CPU Cycle:423312781
CFD5 $E9 $01       SBC #$01                    A:F2 X:03 Y:02 P:85 SP:FD CPU Cycle:423312783
CFD7 $D0 $FB       BNE $CFD4 = $38             A:F1 X:03 Y:02 P:85 SP:FD CPU Cycle:423312785
CFD4 $38           SEC                         A:F1 X:03 Y:02 P:85 SP:FD CPU Cycle:423312788
CFD5 $E9 $01       SBC #$01                    A:F1 X:03 Y:02 P:85 SP:FD CPU Cycle:423312790
CFD7 $D0 $FB       BNE $CFD4 = $38             A:F0 X:03 Y:02 P:85 SP:FD CPU Cycle:423312792
CFD4 $38           SEC                         A:F0 X:03 Y:02 P:85 SP:FD CPU Cycle:423312795
CFD5 $E9 $01       SBC #$01                    A:F0 X:03 Y:02 P:85 SP:FD CPU Cycle:423312797
CFD7 $D0 $FB       BNE $CFD4 = $38             A:EF X:03 Y:02 P:85 SP:FD CPU Cycle:423312799
CFD4 $38           SEC                         A:EF X:03 Y:02 P:85 SP:FD CPU Cycle:423312802
CFD5 $E9 $01       SBC #$01                    A:EF X:03 Y:02 P:85 SP:FD CPU Cycle:423312804
CFD7 $D0 $FB       BNE $CFD4 = $38             A:EE X:03 Y:02 P:85 SP:FD CPU Cycle:423312806
CFD4 $38           SEC                         A:EE X:03 Y:02 P:85 SP:FD CPU Cycle:423312809
CFD5 $E9 $01       SBC #$01                    A:EE X:03 Y:02 P:85 SP:FD CPU Cycle:423312811
CFD7 $D0 $FB       BNE $CFD4 = $38             A:ED X:03 Y:02 P:85 SP:FD CPU Cycle:423312813
CFD4 $38           SEC                         A:ED X:03 Y:02 P:85 SP:FD CPU Cycle:423312816
CFD5 $E9 $01       SBC #$01                    A:ED X:03 Y:02 P:85 SP:FD CPU Cycle:423312818
CFD7 $D0 $FB       BNE $CFD4 = $38             A:EC X:03 Y:02 P:85 SP:FD CPU Cycle:423312820
CFD4 $38           SEC                         A:EC X:03 Y:02 P:85 SP:FD CPU Cycle:423312823
CFD5 $E9 $01       SBC #$01                    A:EC X:03 Y:02 P:85 SP:FD CPU Cycle:423312825
CFD7 $D0 $FB       BNE $CFD4 = $38             A:EB X:03 Y:02 P:85 SP:FD CPU Cycle:423312827
CFD4 $38           SEC                         A:EB X:03 Y:02 P:85 SP:FD CPU Cycle:423312830
CFD5 $E9 $01       SBC #$01                    A:EB X:03 Y:02 P:85 SP:FD CPU Cycle:423312832
CFD7 $D0 $FB       BNE $CFD4 = $38             A:EA X:03 Y:02 P:85 SP:FD CPU Cycle:423312834
CFD4 $38           SEC                         A:EA X:03 Y:02 P:85 SP:FD CPU Cycle:423312837
CFD5 $E9 $01       SBC #$01                    A:EA X:03 Y:02 P:85 SP:FD CPU Cycle:423312839
CFD7 $D0 $FB       BNE $CFD4 = $38             A:E9 X:03 Y:02 P:85 SP:FD CPU Cycle:423312841
CFD4 $38           SEC                         A:E9 X:03 Y:02 P:85 SP:FD CPU Cycle:423312844
CFD5 $E9 $01       SBC #$01                    A:E9 X:03 Y:02 P:85 SP:FD CPU Cycle:423312846
CFD7 $D0 $FB       BNE $CFD4 = $38             A:E8 X:03 Y:02 P:85 SP:FD CPU Cycle:423312848
CFD4 $38           SEC                         A:E8 X:03 Y:02 P:85 SP:FD CPU Cycle:423312851
CFD5 $E9 $01       SBC #$01                    A:E8 X:03 Y:02 P:85 SP:FD CPU Cycle:423312853
CFD7 $D0 $FB       BNE $CFD4 = $38             A:E7 X:03 Y:02 P:85 SP:FD CPU Cycle:423312855
CFD4 $38           SEC                         A:E7 X:03 Y:02 P:85 SP:FD CPU Cycle:423312858
CFD5 $E9 $01       SBC #$01                    A:E7 X:03 Y:02 P:85 SP:FD CPU Cycle:423312860
CFD7 $D0 $FB       BNE $CFD4 = $38             A:E6 X:03 Y:02 P:85 SP:FD CPU Cycle:423312862
CFD4 $38           SEC                         A:E6 X:03 Y:02 P:85 SP:FD CPU Cycle:423312865
CFD5 $E9 $01       SBC #$01                    A:E6 X:03 Y:02 P:85 SP:FD CPU Cycle:423312867
CFD7 $D0 $FB       BNE $CFD4 = $38             A:E5 X:03 Y:02 P:85 SP:FD CPU Cycle:423312869
CFD4 $38           SEC                         A:E5 X:03 Y:02 P:85 SP:FD CPU Cycle:423312872
CFD5 $E9 $01       SBC #$01                    A:E5 X:03 Y:02 P:85 SP:FD CPU Cycle:423312874
CFD7 $D0 $FB       BNE $CFD4 = $38             A:E4 X:03 Y:02 P:85 SP:FD CPU Cycle:423312876
CFD4 $38           SEC                         A:E4 X:03 Y:02 P:85 SP:FD CPU Cycle:423312879
CFD5 $E9 $01       SBC #$01                    A:E4 X:03 Y:02 P:85 SP:FD CPU Cycle:423312881
CFD7 $D0 $FB       BNE $CFD4 = $38             A:E3 X:03 Y:02 P:85 SP:FD CPU Cycle:423312883
CFD4 $38           SEC                         A:E3 X:03 Y:02 P:85 SP:FD CPU Cycle:423312886
CFD5 $E9 $01       SBC #$01                    A:E3 X:03 Y:02 P:85 SP:FD CPU Cycle:423312888
CFD7 $D0 $FB       BNE $CFD4 = $38             A:E2 X:03 Y:02 P:85 SP:FD CPU Cycle:423312890
CFD4 $38           SEC                         A:E2 X:03 Y:02 P:85 SP:FD CPU Cycle:423312893
CFD5 $E9 $01       SBC #$01                    A:E2 X:03 Y:02 P:85 SP:FD CPU Cycle:423312895
CFD7 $D0 $FB       BNE $CFD4 = $38             A:E1 X:03 Y:02 P:85 SP:FD CPU Cycle:423312897
CFD4 $38           SEC                         A:E1 X:03 Y:02 P:85 SP:FD CPU Cycle:423312900
CFD5 $E9 $01       SBC #$01                    A:E1 X:03 Y:02 P:85 SP:FD CPU Cycle:423312902
CFD7 $D0 $FB       BNE $CFD4 = $38             A:E0 X:03 Y:02 P:85 SP:FD CPU Cycle:423312904
CFD4 $38           SEC                         A:E0 X:03 Y:02 P:85 SP:FD CPU Cycle:423312907
CFD5 $E9 $01       SBC #$01                    A:E0 X:03 Y:02 P:85 SP:FD CPU Cycle:423312909
CFD7 $D0 $FB       BNE $CFD4 = $38             A:DF X:03 Y:02 P:85 SP:FD CPU Cycle:423312911
CFD4 $38           SEC                         A:DF X:03 Y:02 P:85 SP:FD CPU Cycle:423312914
CFD5 $E9 $01       SBC #$01                    A:DF X:03 Y:02 P:85 SP:FD CPU Cycle:423312916
CFD7 $D0 $FB       BNE $CFD4 = $38             A:DE X:03 Y:02 P:85 SP:FD CPU Cycle:423312918
CFD4 $38           SEC                         A:DE X:03 Y:02 P:85 SP:FD CPU Cycle:423312921
CFD5 $E9 $01       SBC #$01                    A:DE X:03 Y:02 P:85 SP:FD CPU Cycle:423312923
CFD7 $D0 $FB       BNE $CFD4 = $38             A:DD X:03 Y:02 P:85 SP:FD CPU Cycle:423312925
CFD4 $38           SEC                         A:DD X:03 Y:02 P:85 SP:FD CPU Cycle:423312928
CFD5 $E9 $01       SBC #$01                    A:DD X:03 Y:02 P:85 SP:FD CPU Cycle:423312930
CFD7 $D0 $FB       BNE $CFD4 = $38             A:DC X:03 Y:02 P:85 SP:FD CPU Cycle:423312932
CFD4 $38           SEC                         A:DC X:03 Y:02 P:85 SP:FD CPU Cycle:423312935
CFD5 $E9 $01       SBC #$01                    A:DC X:03 Y:02 P:85 SP:FD CPU Cycle:423312937
CFD7 $D0 $FB       BNE $CFD4 = $38             A:DB X:03 Y:02 P:85 SP:FD CPU Cycle:423312939
CFD4 $38           SEC                         A:DB X:03 Y:02 P:85 SP:FD CPU Cycle:423312942
CFD5 $E9 $01       SBC #$01                    A:DB X:03 Y:02 P:85 SP:FD CPU Cycle:423312944
CFD7 $D0 $FB       BNE $CFD4 = $38             A:DA X:03 Y:02 P:85 SP:FD CPU Cycle:423312946
CFD4 $38           SEC                         A:DA X:03 Y:02 P:85 SP:FD CPU Cycle:423312949
CFD5 $E9 $01       SBC #$01                    A:DA X:03 Y:02 P:85 SP:FD CPU Cycle:423312951
CFD7 $D0 $FB       BNE $CFD4 = $38             A:D9 X:03 Y:02 P:85 SP:FD CPU Cycle:423312953
CFD4 $38           SEC                         A:D9 X:03 Y:02 P:85 SP:FD CPU Cycle:423312956
CFD5 $E9 $01       SBC #$01                    A:D9 X:03 Y:02 P:85 SP:FD CPU Cycle:423312958
CFD7 $D0 $FB       BNE $CFD4 = $38             A:D8 X:03 Y:02 P:85 SP:FD CPU Cycle:423312960
CFD4 $38           SEC                         A:D8 X:03 Y:02 P:85 SP:FD CPU Cycle:423312963
CFD5 $E9 $01       SBC #$01                    A:D8 X:03 Y:02 P:85 SP:FD CPU Cycle:423312965
CFD7 $D0 $FB       BNE $CFD4 = $38             A:D7 X:03 Y:02 P:85 SP:FD CPU Cycle:423312967
CFD4 $38           SEC                         A:D7 X:03 Y:02 P:85 SP:FD CPU Cycle:423312970
CFD5 $E9 $01       SBC #$01                    A:D7 X:03 Y:02 P:85 SP:FD CPU Cycle:423312972
CFD7 $D0 $FB       BNE $CFD4 = $38             A:D6 X:03 Y:02 P:85 SP:FD CPU Cycle:423312974
CFD4 $38           SEC                         A:D6 X:03 Y:02 P:85 SP:FD CPU Cycle:423312977
CFD5 $E9 $01       SBC #$01                    A:D6 X:03 Y:02 P:85 SP:FD CPU Cycle:423312979
CFD7 $D0 $FB       BNE $CFD4 = $38             A:D5 X:03 Y:02 P:85 SP:FD CPU Cycle:423312981
CFD4 $38           SEC                         A:D5 X:03 Y:02 P:85 SP:FD CPU Cycle:423312984
CFD5 $E9 $01       SBC #$01                    A:D5 X:03 Y:02 P:85 SP:FD CPU Cycle:423312986
CFD7 $D0 $FB       BNE $CFD4 = $38             A:D4 X:03 Y:02 P:85 SP:FD CPU Cycle:423312988
CFD4 $38           SEC                         A:D4 X:03 Y:02 P:85 SP:FD CPU Cycle:423312991
CFD5 $E9 $01       SBC #$01                    A:D4 X:03 Y:02 P:85 SP:FD CPU Cycle:423312993
CFD7 $D0 $FB       BNE $CFD4 = $38             A:D3 X:03 Y:02 P:85 SP:FD CPU Cycle:423312995
CFD4 $38           SEC                         A:D3 X:03 Y:02 P:85 SP:FD CPU Cycle:423312998
CFD5 $E9 $01       SBC #$01                    A:D3 X:03 Y:02 P:85 SP:FD CPU Cycle:423313000
CFD7 $D0 $FB       BNE $CFD4 = $38             A:D2 X:03 Y:02 P:85 SP:FD CPU Cycle:423313002
CFD4 $38           SEC                         A:D2 X:03 Y:02 P:85 SP:FD CPU Cycle:423313005
CFD5 $E9 $01       SBC #$01                    A:D2 X:03 Y:02 P:85 SP:FD CPU Cycle:423313007
CFD7 $D0 $FB       BNE $CFD4 = $38             A:D1 X:03 Y:02 P:85 SP:FD CPU Cycle:423313009
CFD4 $38           SEC                         A:D1 X:03 Y:02 P:85 SP:FD CPU Cycle:423313012
CFD5 $E9 $01       SBC #$01                    A:D1 X:03 Y:02 P:85 SP:FD CPU Cycle:423313014
CFD7 $D0 $FB       BNE $CFD4 = $38             A:D0 X:03 Y:02 P:85 SP:FD CPU Cycle:423313016
CFD4 $38           SEC                         A:D0 X:03 Y:02 P:85 SP:FD CPU Cycle:423313019
CFD5 $E9 $01       SBC #$01                    A:D0 X:03 Y:02 P:85 SP:FD CPU Cycle:423313021
CFD7 $D0 $FB       BNE $CFD4 = $38             A:CF X:03 Y:02 P:85 SP:FD CPU Cycle:423313023
CFD4 $38           SEC                         A:CF X:03 Y:02 P:85 SP:FD CPU Cycle:423313026
CFD5 $E9 $01       SBC #$01                    A:CF X:03 Y:02 P:85 SP:FD CPU Cycle:423313028
CFD7 $D0 $FB       BNE $CFD4 = $38             A:CE X:03 Y:02 P:85 SP:FD CPU Cycle:423313030
CFD4 $38           SEC                         A:CE X:03 Y:02 P:85 SP:FD CPU Cycle:423313033
CFD5 $E9 $01       SBC #$01                    A:CE X:03 Y:02 P:85 SP:FD CPU Cycle:423313035
CFD7 $D0 $FB       BNE $CFD4 = $38             A:CD X:03 Y:02 P:85 SP:FD CPU Cycle:423313037
CFD4 $38           SEC                         A:CD X:03 Y:02 P:85 SP:FD CPU Cycle:423313040
CFD5 $E9 $01       SBC #$01                    A:CD X:03 Y:02 P:85 SP:FD CPU Cycle:423313042
CFD7 $D0 $FB       BNE $CFD4 = $38             A:CC X:03 Y:02 P:85 SP:FD CPU Cycle:423313044
CFD4 $38           SEC                         A:CC X:03 Y:02 P:85 SP:FD CPU Cycle:423313047
CFD5 $E9 $01       SBC #$01                    A:CC X:03 Y:02 P:85 SP:FD CPU Cycle:423313049
CFD7 $D0 $FB       BNE $CFD4 = $38             A:CB X:03 Y:02 P:85 SP:FD CPU Cycle:423313051
CFD4 $38           SEC                         A:CB X:03 Y:02 P:85 SP:FD CPU Cycle:423313054
CFD5 $E9 $01       SBC #$01                    A:CB X:03 Y:02 P:85 SP:FD CPU Cycle:423313056
CFD7 $D0 $FB       BNE $CFD4 = $38             A:CA X:03 Y:02 P:85 SP:FD CPU Cycle:423313058
CFD4 $38           SEC                         A:CA X:03 Y:02 P:85 SP:FD CPU Cycle:423313061
CFD5 $E9 $01       SBC #$01                    A:CA X:03 Y:02 P:85 SP:FD CPU Cycle:423313063
CFD7 $D0 $FB       BNE $CFD4 = $38             A:C9 X:03 Y:02 P:85 SP:FD CPU Cycle:423313065
CFD4 $38           SEC                         A:C9 X:03 Y:02 P:85 SP:FD CPU Cycle:423313068
CFD5 $E9 $01       SBC #$01                    A:C9 X:03 Y:02 P:85 SP:FD CPU Cycle:423313070
CFD7 $D0 $FB       BNE $CFD4 = $38             A:C8 X:03 Y:02 P:85 SP:FD CPU Cycle:423313072
CFD4 $38           SEC                         A:C8 X:03 Y:02 P:85 SP:FD CPU Cycle:423313075
CFD5 $E9 $01       SBC #$01                    A:C8 X:03 Y:02 P:85 SP:FD CPU Cycle:423313077
CFD7 $D0 $FB       BNE $CFD4 = $38             A:C7 X:03 Y:02 P:85 SP:FD CPU Cycle:423313079
CFD4 $38           SEC                         A:C7 X:03 Y:02 P:85 SP:FD CPU Cycle:423313082
CFD5 $E9 $01       SBC #$01                    A:C7 X:03 Y:02 P:85 SP:FD CPU Cycle:423313084
CFD7 $D0 $FB       BNE $CFD4 = $38             A:C6 X:03 Y:02 P:85 SP:FD CPU Cycle:423313086
CFD4 $38           SEC                         A:C6 X:03 Y:02 P:85 SP:FD CPU Cycle:423313089
CFD5 $E9 $01       SBC #$01                    A:C6 X:03 Y:02 P:85 SP:FD CPU Cycle:423313091
CFD7 $D0 $FB       BNE $CFD4 = $38             A:C5 X:03 Y:02 P:85 SP:FD CPU Cycle:423313093
CFD4 $38           SEC                         A:C5 X:03 Y:02 P:85 SP:FD CPU Cycle:423313096
CFD5 $E9 $01       SBC #$01                    A:C5 X:03 Y:02 P:85 SP:FD CPU Cycle:423313098
CFD7 $D0 $FB       BNE $CFD4 = $38             A:C4 X:03 Y:02 P:85 SP:FD CPU Cycle:423313100
CFD4 $38           SEC                         A:C4 X:03 Y:02 P:85 SP:FD CPU Cycle:423313103
CFD5 $E9 $01       SBC #$01                    A:C4 X:03 Y:02 P:85 SP:FD CPU Cycle:423313105
CFD7 $D0 $FB       BNE $CFD4 = $38             A:C3 X:03 Y:02 P:85 SP:FD CPU Cycle:423313107
CFD4 $38           SEC                         A:C3 X:03 Y:02 P:85 SP:FD CPU Cycle:423313110
CFD5 $E9 $01       SBC #$01                    A:C3 X:03 Y:02 P:85 SP:FD CPU Cycle:423313112
CFD7 $D0 $FB       BNE $CFD4 = $38             A:C2 X:03 Y:02 P:85 SP:FD CPU Cycle:423313114
CFD4 $38           SEC                         A:C2 X:03 Y:02 P:85 SP:FD CPU Cycle:423313117
CFD5 $E9 $01       SBC #$01                    A:C2 X:03 Y:02 P:85 SP:FD CPU Cycle:423313119
CFD7 $D0 $FB       BNE $CFD4 = $38             A:C1 X:03 Y:02 P:85 SP:FD CPU Cycle:423313121
CFD4 $38           SEC                         A:C1 X:03 Y:02 P:85 SP:FD CPU Cycle:423313124
CFD5 $E9 $01       SBC #$01                    A:C1 X:03 Y:02 P:85 SP:FD CPU Cycle:423313126
CFD7 $D0 $FB       BNE $CFD4 = $38             A:C0 X:03 Y:02 P:85 SP:FD CPU Cycle:423313128
CFD4 $38           SEC                         A:C0 X:03 Y:02 P:85 SP:FD CPU Cycle:423313131
CFD5 $E9 $01       SBC #$01                    A:C0 X:03 Y:02 P:85 SP:FD CPU Cycle:423313133
CFD7 $D0 $FB       BNE $CFD4 = $38             A:BF X:03 Y:02 P:85 SP:FD CPU Cycle:423313135
CFD4 $38           SEC                         A:BF X:03 Y:02 P:85 SP:FD CPU Cycle:423313138
CFD5 $E9 $01       SBC #$01                    A:BF X:03 Y:02 P:85 SP:FD CPU Cycle:423313140
CFD7 $D0 $FB       BNE $CFD4 = $38             A:BE X:03 Y:02 P:85 SP:FD CPU Cycle:423313142
CFD4 $38           SEC                         A:BE X:03 Y:02 P:85 SP:FD CPU Cycle:423313145
CFD5 $E9 $01       SBC #$01                    A:BE X:03 Y:02 P:85 SP:FD CPU Cycle:423313147
CFD7 $D0 $FB       BNE $CFD4 = $38             A:BD X:03 Y:02 P:85 SP:FD CPU Cycle:423313149
CFD4 $38           SEC                         A:BD X:03 Y:02 P:85 SP:FD CPU Cycle:423313152
CFD5 $E9 $01       SBC #$01                    A:BD X:03 Y:02 P:85 SP:FD CPU Cycle:423313154
CFD7 $D0 $FB       BNE $CFD4 = $38             A:BC X:03 Y:02 P:85 SP:FD CPU Cycle:423313156
CFD4 $38           SEC                         A:BC X:03 Y:02 P:85 SP:FD CPU Cycle:423313159
CFD5 $E9 $01       SBC #$01                    A:BC X:03 Y:02 P:85 SP:FD CPU Cycle:423313161
CFD7 $D0 $FB       BNE $CFD4 = $38             A:BB X:03 Y:02 P:85 SP:FD CPU Cycle:423313163
CFD4 $38           SEC                         A:BB X:03 Y:02 P:85 SP:FD CPU Cycle:423313166
CFD5 $E9 $01       SBC #$01                    A:BB X:03 Y:02 P:85 SP:FD CPU Cycle:423313168
CFD7 $D0 $FB       BNE $CFD4 = $38             A:BA X:03 Y:02 P:85 SP:FD CPU Cycle:423313170
CFD4 $38           SEC                         A:BA X:03 Y:02 P:85 SP:FD CPU Cycle:423313173
CFD5 $E9 $01       SBC #$01                    A:BA X:03 Y:02 P:85 SP:FD CPU Cycle:423313175
CFD7 $D0 $FB       BNE $CFD4 = $38             A:B9 X:03 Y:02 P:85 SP:FD CPU Cycle:423313177
CFD4 $38           SEC                         A:B9 X:03 Y:02 P:85 SP:FD CPU Cycle:423313180
CFD5 $E9 $01       SBC #$01                    A:B9 X:03 Y:02 P:85 SP:FD CPU Cycle:423313182
CFD7 $D0 $FB       BNE $CFD4 = $38             A:B8 X:03 Y:02 P:85 SP:FD CPU Cycle:423313184
CFD4 $38           SEC                         A:B8 X:03 Y:02 P:85 SP:FD CPU Cycle:423313187
CFD5 $E9 $01       SBC #$01                    A:B8 X:03 Y:02 P:85 SP:FD CPU Cycle:423313189
CFD7 $D0 $FB       BNE $CFD4 = $38             A:B7 X:03 Y:02 P:85 SP:FD CPU Cycle:423313191
CFD4 $38           SEC                         A:B7 X:03 Y:02 P:85 SP:FD CPU Cycle:423313194
CFD5 $E9 $01       SBC #$01                    A:B7 X:03 Y:02 P:85 SP:FD CPU Cycle:423313196
CFD7 $D0 $FB       BNE $CFD4 = $38             A:B6 X:03 Y:02 P:85 SP:FD CPU Cycle:423313198
CFD4 $38           SEC                         A:B6 X:03 Y:02 P:85 SP:FD CPU Cycle:423313201
CFD5 $E9 $01       SBC #$01                    A:B6 X:03 Y:02 P:85 SP:FD CPU Cycle:423313203
CFD7 $D0 $FB       BNE $CFD4 = $38             A:B5 X:03 Y:02 P:85 SP:FD CPU Cycle:423313205
CFD4 $38           SEC                         A:B5 X:03 Y:02 P:85 SP:FD CPU Cycle:423313208
CFD5 $E9 $01       SBC #$01                    A:B5 X:03 Y:02 P:85 SP:FD CPU Cycle:423313210
CFD7 $D0 $FB       BNE $CFD4 = $38             A:B4 X:03 Y:02 P:85 SP:FD CPU Cycle:423313212
CFD4 $38           SEC                         A:B4 X:03 Y:02 P:85 SP:FD CPU Cycle:423313215
CFD5 $E9 $01       SBC #$01                    A:B4 X:03 Y:02 P:85 SP:FD CPU Cycle:423313217
CFD7 $D0 $FB       BNE $CFD4 = $38             A:B3 X:03 Y:02 P:85 SP:FD CPU Cycle:423313219
CFD4 $38           SEC                         A:B3 X:03 Y:02 P:85 SP:FD CPU Cycle:423313222
CFD5 $E9 $01       SBC #$01                    A:B3 X:03 Y:02 P:85 SP:FD CPU Cycle:423313224
CFD7 $D0 $FB       BNE $CFD4 = $38             A:B2 X:03 Y:02 P:85 SP:FD CPU Cycle:423313226
CFD4 $38           SEC                         A:B2 X:03 Y:02 P:85 SP:FD CPU Cycle:423313229
CFD5 $E9 $01       SBC #$01                    A:B2 X:03 Y:02 P:85 SP:FD CPU Cycle:423313231
CFD7 $D0 $FB       BNE $CFD4 = $38             A:B1 X:03 Y:02 P:85 SP:FD CPU Cycle:423313233
CFD4 $38           SEC                         A:B1 X:03 Y:02 P:85 SP:FD CPU Cycle:423313236
CFD5 $E9 $01       SBC #$01                    A:B1 X:03 Y:02 P:85 SP:FD CPU Cycle:423313238
CFD7 $D0 $FB       BNE $CFD4 = $38             A:B0 X:03 Y:02 P:85 SP:FD CPU Cycle:423313240
CFD4 $38           SEC                         A:B0 X:03 Y:02 P:85 SP:FD CPU Cycle:423313243
CFD5 $E9 $01       SBC #$01                    A:B0 X:03 Y:02 P:85 SP:FD CPU Cycle:423313245
CFD7 $D0 $FB       BNE $CFD4 = $38             A:AF X:03 Y:02 P:85 SP:FD CPU Cycle:423313247
CFD4 $38           SEC                         A:AF X:03 Y:02 P:85 SP:FD CPU Cycle:423313250
CFD5 $E9 $01       SBC #$01                    A:AF X:03 Y:02 P:85 SP:FD CPU Cycle:423313252
CFD7 $D0 $FB       BNE $CFD4 = $38             A:AE X:03 Y:02 P:85 SP:FD CPU Cycle:423313254
CFD4 $38           SEC                         A:AE X:03 Y:02 P:85 SP:FD CPU Cycle:423313257
CFD5 $E9 $01       SBC #$01                    A:AE X:03 Y:02 P:85 SP:FD CPU Cycle:423313259
CFD7 $D0 $FB       BNE $CFD4 = $38             A:AD X:03 Y:02 P:85 SP:FD CPU Cycle:423313261
CFD4 $38           SEC                         A:AD X:03 Y:02 P:85 SP:FD CPU Cycle:423313264
CFD5 $E9 $01       SBC #$01                    A:AD X:03 Y:02 P:85 SP:FD CPU Cycle:423313266
CFD7 $D0 $FB       BNE $CFD4 = $38             A:AC X:03 Y:02 P:85 SP:FD CPU Cycle:423313268
CFD4 $38           SEC                         A:AC X:03 Y:02 P:85 SP:FD CPU Cycle:423313271
CFD5 $E9 $01       SBC #$01                    A:AC X:03 Y:02 P:85 SP:FD CPU Cycle:423313273
CFD7 $D0 $FB       BNE $CFD4 = $38             A:AB X:03 Y:02 P:85 SP:FD CPU Cycle:423313275
CFD4 $38           SEC                         A:AB X:03 Y:02 P:85 SP:FD CPU Cycle:423313278
CFD5 $E9 $01       SBC #$01                    A:AB X:03 Y:02 P:85 SP:FD CPU Cycle:423313280
CFD7 $D0 $FB       BNE $CFD4 = $38             A:AA X:03 Y:02 P:85 SP:FD CPU Cycle:423313282
CFD4 $38           SEC                         A:AA X:03 Y:02 P:85 SP:FD CPU Cycle:423313285
CFD5 $E9 $01       SBC #$01                    A:AA X:03 Y:02 P:85 SP:FD CPU Cycle:423313287
CFD7 $D0 $FB       BNE $CFD4 = $38             A:A9 X:03 Y:02 P:85 SP:FD CPU Cycle:423313289
CFD4 $38           SEC                         A:A9 X:03 Y:02 P:85 SP:FD CPU Cycle:423313292
CFD5 $E9 $01       SBC #$01                    A:A9 X:03 Y:02 P:85 SP:FD CPU Cycle:423313294
CFD7 $D0 $FB       BNE $CFD4 = $38             A:A8 X:03 Y:02 P:85 SP:FD CPU Cycle:423313296
CFD4 $38           SEC                         A:A8 X:03 Y:02 P:85 SP:FD CPU Cycle:423313299
CFD5 $E9 $01       SBC #$01                    A:A8 X:03 Y:02 P:85 SP:FD CPU Cycle:423313301
CFD7 $D0 $FB       BNE $CFD4 = $38             A:A7 X:03 Y:02 P:85 SP:FD CPU Cycle:423313303
CFD4 $38           SEC                         A:A7 X:03 Y:02 P:85 SP:FD CPU Cycle:423313306
CFD5 $E9 $01       SBC #$01                    A:A7 X:03 Y:02 P:85 SP:FD CPU Cycle:423313308
CFD7 $D0 $FB       BNE $CFD4 = $38             A:A6 X:03 Y:02 P:85 SP:FD CPU Cycle:423313310
CFD4 $38           SEC                         A:A6 X:03 Y:02 P:85 SP:FD CPU Cycle:423313313
CFD5 $E9 $01       SBC #$01                    A:A6 X:03 Y:02 P:85 SP:FD CPU Cycle:423313315
CFD7 $D0 $FB       BNE $CFD4 = $38             A:A5 X:03 Y:02 P:85 SP:FD CPU Cycle:423313317
CFD4 $38           SEC                         A:A5 X:03 Y:02 P:85 SP:FD CPU Cycle:423313320
CFD5 $E9 $01       SBC #$01                    A:A5 X:03 Y:02 P:85 SP:FD CPU Cycle:423313322
CFD7 $D0 $FB       BNE $CFD4 = $38             A:A4 X:03 Y:02 P:85 SP:FD CPU Cycle:423313324
CFD4 $38           SEC                         A:A4 X:03 Y:02 P:85 SP:FD CPU Cycle:423313327
CFD5 $E9 $01       SBC #$01                    A:A4 X:03 Y:02 P:85 SP:FD CPU Cycle:423313329
CFD7 $D0 $FB       BNE $CFD4 = $38             A:A3 X:03 Y:02 P:85 SP:FD CPU Cycle:423313331
CFD4 $38           SEC                         A:A3 X:03 Y:02 P:85 SP:FD CPU Cycle:423313334
CFD5 $E9 $01       SBC #$01                    A:A3 X:03 Y:02 P:85 SP:FD CPU Cycle:423313336
CFD7 $D0 $FB       BNE $CFD4 = $38             A:A2 X:03 Y:02 P:85 SP:FD CPU Cycle:423313338
CFD4 $38           SEC                         A:A2 X:03 Y:02 P:85 SP:FD CPU Cycle:423313341
CFD5 $E9 $01       SBC #$01                    A:A2 X:03 Y:02 P:85 SP:FD CPU Cycle:423313343
CFD7 $D0 $FB       BNE $CFD4 = $38             A:A1 X:03 Y:02 P:85 SP:FD CPU Cycle:423313345
CFD4 $38           SEC                         A:A1 X:03 Y:02 P:85 SP:FD CPU Cycle:423313348
CFD5 $E9 $01       SBC #$01                    A:A1 X:03 Y:02 P:85 SP:FD CPU Cycle:423313350
CFD7 $D0 $FB       BNE $CFD4 = $38             A:A0 X:03 Y:02 P:85 SP:FD CPU Cycle:423313352
CFD4 $38           SEC                         A:A0 X:03 Y:02 P:85 SP:FD CPU Cycle:423313355
CFD5 $E9 $01       SBC #$01                    A:A0 X:03 Y:02 P:85 SP:FD CPU Cycle:423313357
CFD7 $D0 $FB       BNE $CFD4 = $38             A:9F X:03 Y:02 P:85 SP:FD CPU Cycle:423313359
CFD4 $38           SEC                         A:9F X:03 Y:02 P:85 SP:FD CPU Cycle:423313362
CFD5 $E9 $01       SBC #$01                    A:9F X:03 Y:02 P:85 SP:FD CPU Cycle:423313364
CFD7 $D0 $FB       BNE $CFD4 = $38             A:9E X:03 Y:02 P:85 SP:FD CPU Cycle:423313366
CFD4 $38           SEC                         A:9E X:03 Y:02 P:85 SP:FD CPU Cycle:423313369
CFD5 $E9 $01       SBC #$01                    A:9E X:03 Y:02 P:85 SP:FD CPU Cycle:423313371
CFD7 $D0 $FB       BNE $CFD4 = $38             A:9D X:03 Y:02 P:85 SP:FD CPU Cycle:423313373
CFD4 $38           SEC                         A:9D X:03 Y:02 P:85 SP:FD CPU Cycle:423313376
CFD5 $E9 $01       SBC #$01                    A:9D X:03 Y:02 P:85 SP:FD CPU Cycle:423313378
CFD7 $D0 $FB       BNE $CFD4 = $38             A:9C X:03 Y:02 P:85 SP:FD CPU Cycle:423313380
CFD4 $38           SEC                         A:9C X:03 Y:02 P:85 SP:FD CPU Cycle:423313383
CFD5 $E9 $01       SBC #$01                    A:9C X:03 Y:02 P:85 SP:FD CPU Cycle:423313385
CFD7 $D0 $FB       BNE $CFD4 = $38             A:9B X:03 Y:02 P:85 SP:FD CPU Cycle:423313387
CFD4 $38           SEC                         A:9B X:03 Y:02 P:85 SP:FD CPU Cycle:423313390
CFD5 $E9 $01       SBC #$01                    A:9B X:03 Y:02 P:85 SP:FD CPU Cycle:423313392
CFD7 $D0 $FB       BNE $CFD4 = $38             A:9A X:03 Y:02 P:85 SP:FD CPU Cycle:423313394
CFD4 $38           SEC                         A:9A X:03 Y:02 P:85 SP:FD CPU Cycle:423313397
CFD5 $E9 $01       SBC #$01                    A:9A X:03 Y:02 P:85 SP:FD CPU Cycle:423313399
CFD7 $D0 $FB       BNE $CFD4 = $38             A:99 X:03 Y:02 P:85 SP:FD CPU Cycle:423313401
CFD4 $38           SEC                         A:99 X:03 Y:02 P:85 SP:FD CPU Cycle:423313404
CFD5 $E9 $01       SBC #$01                    A:99 X:03 Y:02 P:85 SP:FD CPU Cycle:423313406
CFD7 $D0 $FB       BNE $CFD4 = $38             A:98 X:03 Y:02 P:85 SP:FD CPU Cycle:423313408
CFD4 $38           SEC                         A:98 X:03 Y:02 P:85 SP:FD CPU Cycle:423313411
CFD5 $E9 $01       SBC #$01                    A:98 X:03 Y:02 P:85 SP:FD CPU Cycle:423313413
CFD7 $D0 $FB       BNE $CFD4 = $38             A:97 X:03 Y:02 P:85 SP:FD CPU Cycle:423313415
CFD4 $38           SEC                         A:97 X:03 Y:02 P:85 SP:FD CPU Cycle:423313418
CFD5 $E9 $01       SBC #$01                    A:97 X:03 Y:02 P:85 SP:FD CPU Cycle:423313420
CFD7 $D0 $FB       BNE $CFD4 = $38             A:96 X:03 Y:02 P:85 SP:FD CPU Cycle:423313422
CFD4 $38           SEC                         A:96 X:03 Y:02 P:85 SP:FD CPU Cycle:423313425
CFD5 $E9 $01       SBC #$01                    A:96 X:03 Y:02 P:85 SP:FD CPU Cycle:423313427
CFD7 $D0 $FB       BNE $CFD4 = $38             A:95 X:03 Y:02 P:85 SP:FD CPU Cycle:423313429
CFD4 $38           SEC                         A:95 X:03 Y:02 P:85 SP:FD CPU Cycle:423313432
CFD5 $E9 $01       SBC #$01                    A:95 X:03 Y:02 P:85 SP:FD CPU Cycle:423313434
CFD7 $D0 $FB       BNE $CFD4 = $38             A:94 X:03 Y:02 P:85 SP:FD CPU Cycle:423313436
CFD4 $38           SEC                         A:94 X:03 Y:02 P:85 SP:FD CPU Cycle:423313439
CFD5 $E9 $01       SBC #$01                    A:94 X:03 Y:02 P:85 SP:FD CPU Cycle:423313441
CFD7 $D0 $FB       BNE $CFD4 = $38             A:93 X:03 Y:02 P:85 SP:FD CPU Cycle:423313443
CFD4 $38           SEC                         A:93 X:03 Y:02 P:85 SP:FD CPU Cycle:423313446
CFD5 $E9 $01       SBC #$01                    A:93 X:03 Y:02 P:85 SP:FD CPU Cycle:423313448
CFD7 $D0 $FB       BNE $CFD4 = $38             A:92 X:03 Y:02 P:85 SP:FD CPU Cycle:423313450
CFD4 $38           SEC                         A:92 X:03 Y:02 P:85 SP:FD CPU Cycle:423313453
CFD5 $E9 $01       SBC #$01                    A:92 X:03 Y:02 P:85 SP:FD CPU Cycle:423313455
CFD7 $D0 $FB       BNE $CFD4 = $38             A:91 X:03 Y:02 P:85 SP:FD CPU Cycle:423313457
CFD4 $38           SEC                         A:91 X:03 Y:02 P:85 SP:FD CPU Cycle:423313460
CFD5 $E9 $01       SBC #$01                    A:91 X:03 Y:02 P:85 SP:FD CPU Cycle:423313462
CFD7 $D0 $FB       BNE $CFD4 = $38             A:90 X:03 Y:02 P:85 SP:FD CPU Cycle:423313464
CFD4 $38           SEC                         A:90 X:03 Y:02 P:85 SP:FD CPU Cycle:423313467
CFD5 $E9 $01       SBC #$01                    A:90 X:03 Y:02 P:85 SP:FD CPU Cycle:423313469
CFD7 $D0 $FB       BNE $CFD4 = $38             A:8F X:03 Y:02 P:85 SP:FD CPU Cycle:423313471
CFD4 $38           SEC                         A:8F X:03 Y:02 P:85 SP:FD CPU Cycle:423313474
CFD5 $E9 $01       SBC #$01                    A:8F X:03 Y:02 P:85 SP:FD CPU Cycle:423313476
CFD7 $D0 $FB       BNE $CFD4 = $38             A:8E X:03 Y:02 P:85 SP:FD CPU Cycle:423313478
CFD4 $38           SEC                         A:8E X:03 Y:02 P:85 SP:FD CPU Cycle:423313481
CFD5 $E9 $01       SBC #$01                    A:8E X:03 Y:02 P:85 SP:FD CPU Cycle:423313483
CFD7 $D0 $FB       BNE $CFD4 = $38             A:8D X:03 Y:02 P:85 SP:FD CPU Cycle:423313485
CFD4 $38           SEC                         A:8D X:03 Y:02 P:85 SP:FD CPU Cycle:423313488
CFD5 $E9 $01       SBC #$01                    A:8D X:03 Y:02 P:85 SP:FD CPU Cycle:423313490
CFD7 $D0 $FB       BNE $CFD4 = $38             A:8C X:03 Y:02 P:85 SP:FD CPU Cycle:423313492
CFD4 $38           SEC                         A:8C X:03 Y:02 P:85 SP:FD CPU Cycle:423313495
CFD5 $E9 $01       SBC #$01                    A:8C X:03 Y:02 P:85 SP:FD CPU Cycle:423313497
CFD7 $D0 $FB       BNE $CFD4 = $38             A:8B X:03 Y:02 P:85 SP:FD CPU Cycle:423313499
CFD4 $38           SEC                         A:8B X:03 Y:02 P:85 SP:FD CPU Cycle:423313502
CFD5 $E9 $01       SBC #$01                    A:8B X:03 Y:02 P:85 SP:FD CPU Cycle:423313504
CFD7 $D0 $FB       BNE $CFD4 = $38             A:8A X:03 Y:02 P:85 SP:FD CPU Cycle:423313506
CFD4 $38           SEC                         A:8A X:03 Y:02 P:85 SP:FD CPU Cycle:423313509
CFD5 $E9 $01       SBC #$01                    A:8A X:03 Y:02 P:85 SP:FD CPU Cycle:423313511
CFD7 $D0 $FB       BNE $CFD4 = $38             A:89 X:03 Y:02 P:85 SP:FD CPU Cycle:423313513
CFD4 $38           SEC                         A:89 X:03 Y:02 P:85 SP:FD CPU Cycle:423313516
CFD5 $E9 $01       SBC #$01                    A:89 X:03 Y:02 P:85 SP:FD CPU Cycle:423313518
CFD7 $D0 $FB       BNE $CFD4 = $38             A:88 X:03 Y:02 P:85 SP:FD CPU Cycle:423313520
CFD4 $38           SEC                         A:88 X:03 Y:02 P:85 SP:FD CPU Cycle:423313523
CFD5 $E9 $01       SBC #$01                    A:88 X:03 Y:02 P:85 SP:FD CPU Cycle:423313525
CFD7 $D0 $FB       BNE $CFD4 = $38             A:87 X:03 Y:02 P:85 SP:FD CPU Cycle:423313527
CFD4 $38           SEC                         A:87 X:03 Y:02 P:85 SP:FD CPU Cycle:423313530
CFD5 $E9 $01       SBC #$01                    A:87 X:03 Y:02 P:85 SP:FD CPU Cycle:423313532
CFD7 $D0 $FB       BNE $CFD4 = $38             A:86 X:03 Y:02 P:85 SP:FD CPU Cycle:423313534
CFD4 $38           SEC                         A:86 X:03 Y:02 P:85 SP:FD CPU Cycle:423313537
CFD5 $E9 $01       SBC #$01                    A:86 X:03 Y:02 P:85 SP:FD CPU Cycle:423313539
CFD7 $D0 $FB       BNE $CFD4 = $38             A:85 X:03 Y:02 P:85 SP:FD CPU Cycle:423313541
CFD4 $38           SEC                         A:85 X:03 Y:02 P:85 SP:FD CPU Cycle:423313544
CFD5 $E9 $01       SBC #$01                    A:85 X:03 Y:02 P:85 SP:FD CPU Cycle:423313546
CFD7 $D0 $FB       BNE $CFD4 = $38             A:84 X:03 Y:02 P:85 SP:FD CPU Cycle:423313548
CFD4 $38           SEC                         A:84 X:03 Y:02 P:85 SP:FD CPU Cycle:423313551
CFD5 $E9 $01       SBC #$01                    A:84 X:03 Y:02 P:85 SP:FD CPU Cycle:423313553
CFD7 $D0 $FB       BNE $CFD4 = $38             A:83 X:03 Y:02 P:85 SP:FD CPU Cycle:423313555
CFD4 $38           SEC                         A:83 X:03 Y:02 P:85 SP:FD CPU Cycle:423313558
CFD5 $E9 $01       SBC #$01                    A:83 X:03 Y:02 P:85 SP:FD CPU Cycle:423313560
CFD7 $D0 $FB       BNE $CFD4 = $38             A:82 X:03 Y:02 P:85 SP:FD CPU Cycle:423313562
CFD4 $38           SEC                         A:82 X:03 Y:02 P:85 SP:FD CPU Cycle:423313565
CFD5 $E9 $01       SBC #$01                    A:82 X:03 Y:02 P:85 SP:FD CPU Cycle:423313567
CFD7 $D0 $FB       BNE $CFD4 = $38             A:81 X:03 Y:02 P:85 SP:FD CPU Cycle:423313569
CFD4 $38           SEC                         A:81 X:03 Y:02 P:85 SP:FD CPU Cycle:423313572
CFD5 $E9 $01       SBC #$01                    A:81 X:03 Y:02 P:85 SP:FD CPU Cycle:423313574
CFD7 $D0 $FB       BNE $CFD4 = $38             A:80 X:03 Y:02 P:85 SP:FD CPU Cycle:423313576
CFD4 $38           SEC                         A:80 X:03 Y:02 P:85 SP:FD CPU Cycle:423313579
CFD5 $E9 $01       SBC #$01                    A:80 X:03 Y:02 P:85 SP:FD CPU Cycle:423313581
CFD7 $D0 $FB       BNE $CFD4 = $38             A:7F X:03 Y:02 P:45 SP:FD CPU Cycle:423313583
CFD4 $38           SEC                         A:7F X:03 Y:02 P:45 SP:FD CPU Cycle:423313586
CFD5 $E9 $01       SBC #$01                    A:7F X:03 Y:02 P:45 SP:FD CPU Cycle:423313588
CFD7 $D0 $FB       BNE $CFD4 = $38             A:7E X:03 Y:02 P:05 SP:FD CPU Cycle:423313590
CFD4 $38           SEC                         A:7E X:03 Y:02 P:05 SP:FD CPU Cycle:423313593
CFD5 $E9 $01       SBC #$01                    A:7E X:03 Y:02 P:05 SP:FD CPU Cycle:423313595
CFD7 $D0 $FB       BNE $CFD4 = $38             A:7D X:03 Y:02 P:05 SP:FD CPU Cycle:423313597
CFD4 $38           SEC                         A:7D X:03 Y:02 P:05 SP:FD CPU Cycle:423313600
CFD5 $E9 $01       SBC #$01                    A:7D X:03 Y:02 P:05 SP:FD CPU Cycle:423313602
CFD7 $D0 $FB       BNE $CFD4 = $38             A:7C X:03 Y:02 P:05 SP:FD CPU Cycle:423313604
CFD4 $38           SEC                         A:7C X:03 Y:02 P:05 SP:FD CPU Cycle:423313607
CFD5 $E9 $01       SBC #$01                    A:7C X:03 Y:02 P:05 SP:FD CPU Cycle:423313609
CFD7 $D0 $FB       BNE $CFD4 = $38             A:7B X:03 Y:02 P:05 SP:FD CPU Cycle:423313611
CFD4 $38           SEC                         A:7B X:03 Y:02 P:05 SP:FD CPU Cycle:423313614
CFD5 $E9 $01       SBC #$01                    A:7B X:03 Y:02 P:05 SP:FD CPU Cycle:423313616
CFD7 $D0 $FB       BNE $CFD4 = $38             A:7A X:03 Y:02 P:05 SP:FD CPU Cycle:423313618
CFD4 $38           SEC                         A:7A X:03 Y:02 P:05 SP:FD CPU Cycle:423313621
CFD5 $E9 $01       SBC #$01                    A:7A X:03 Y:02 P:05 SP:FD CPU Cycle:423313623
CFD7 $D0 $FB       BNE $CFD4 = $38             A:79 X:03 Y:02 P:05 SP:FD CPU Cycle:423313625
CFD4 $38           SEC                         A:79 X:03 Y:02 P:05 SP:FD CPU Cycle:423313628
CFD5 $E9 $01       SBC #$01                    A:79 X:03 Y:02 P:05 SP:FD CPU Cycle:423313630
CFD7 $D0 $FB       BNE $CFD4 = $38             A:78 X:03 Y:02 P:05 SP:FD CPU Cycle:423313632
CFD4 $38           SEC                         A:78 X:03 Y:02 P:05 SP:FD CPU Cycle:423313635
CFD5 $E9 $01       SBC #$01                    A:78 X:03 Y:02 P:05 SP:FD CPU Cycle:423313637
CFD7 $D0 $FB       BNE $CFD4 = $38             A:77 X:03 Y:02 P:05 SP:FD CPU Cycle:423313639
CFD4 $38           SEC                         A:77 X:03 Y:02 P:05 SP:FD CPU Cycle:423313642
CFD5 $E9 $01       SBC #$01                    A:77 X:03 Y:02 P:05 SP:FD CPU Cycle:423313644
CFD7 $D0 $FB       BNE $CFD4 = $38             A:76 X:03 Y:02 P:05 SP:FD CPU Cycle:423313646
CFD4 $38           SEC                         A:76 X:03 Y:02 P:05 SP:FD CPU Cycle:423313649
CFD5 $E9 $01       SBC #$01                    A:76 X:03 Y:02 P:05 SP:FD CPU Cycle:423313651
CFD7 $D0 $FB       BNE $CFD4 = $38             A:75 X:03 Y:02 P:05 SP:FD CPU Cycle:423313653
CFD4 $38           SEC                         A:75 X:03 Y:02 P:05 SP:FD CPU Cycle:423313656
CFD5 $E9 $01       SBC #$01                    A:75 X:03 Y:02 P:05 SP:FD CPU Cycle:423313658
CFD7 $D0 $FB       BNE $CFD4 = $38             A:74 X:03 Y:02 P:05 SP:FD CPU Cycle:423313660
CFD4 $38           SEC                         A:74 X:03 Y:02 P:05 SP:FD CPU Cycle:423313663
CFD5 $E9 $01       SBC #$01                    A:74 X:03 Y:02 P:05 SP:FD CPU Cycle:423313665
CFD7 $D0 $FB       BNE $CFD4 = $38             A:73 X:03 Y:02 P:05 SP:FD CPU Cycle:423313667
CFD4 $38           SEC                         A:73 X:03 Y:02 P:05 SP:FD CPU Cycle:423313670
CFD5 $E9 $01       SBC #$01                    A:73 X:03 Y:02 P:05 SP:FD CPU Cycle:423313672
CFD7 $D0 $FB       BNE $CFD4 = $38             A:72 X:03 Y:02 P:05 SP:FD CPU Cycle:423313674
CFD4 $38           SEC                         A:72 X:03 Y:02 P:05 SP:FD CPU Cycle:423313677
CFD5 $E9 $01       SBC #$01                    A:72 X:03 Y:02 P:05 SP:FD CPU Cycle:423313679
CFD7 $D0 $FB       BNE $CFD4 = $38             A:71 X:03 Y:02 P:05 SP:FD CPU Cycle:423313681
CFD4 $38           SEC                         A:71 X:03 Y:02 P:05 SP:FD CPU Cycle:423313684
CFD5 $E9 $01       SBC #$01                    A:71 X:03 Y:02 P:05 SP:FD CPU Cycle:423313686
CFD7 $D0 $FB       BNE $CFD4 = $38             A:70 X:03 Y:02 P:05 SP:FD CPU Cycle:423313688
CFD4 $38           SEC                         A:70 X:03 Y:02 P:05 SP:FD CPU Cycle:423313691
CFD5 $E9 $01       SBC #$01                    A:70 X:03 Y:02 P:05 SP:FD CPU Cycle:423313693
CFD7 $D0 $FB       BNE $CFD4 = $38             A:6F X:03 Y:02 P:05 SP:FD CPU Cycle:423313695
CFD4 $38           SEC                         A:6F X:03 Y:02 P:05 SP:FD CPU Cycle:423313698
CFD5 $E9 $01       SBC #$01                    A:6F X:03 Y:02 P:05 SP:FD CPU Cycle:423313700
CFD7 $D0 $FB       BNE $CFD4 = $38             A:6E X:03 Y:02 P:05 SP:FD CPU Cycle:423313702
CFD4 $38           SEC                         A:6E X:03 Y:02 P:05 SP:FD CPU Cycle:423313705
CFD5 $E9 $01       SBC #$01                    A:6E X:03 Y:02 P:05 SP:FD CPU Cycle:423313707
CFD7 $D0 $FB       BNE $CFD4 = $38             A:6D X:03 Y:02 P:05 SP:FD CPU Cycle:423313709
CFD4 $38           SEC                         A:6D X:03 Y:02 P:05 SP:FD CPU Cycle:423313712
CFD5 $E9 $01       SBC #$01                    A:6D X:03 Y:02 P:05 SP:FD CPU Cycle:423313714
CFD7 $D0 $FB       BNE $CFD4 = $38             A:6C X:03 Y:02 P:05 SP:FD CPU Cycle:423313716
CFD4 $38           SEC                         A:6C X:03 Y:02 P:05 SP:FD CPU Cycle:423313719
CFD5 $E9 $01       SBC #$01                    A:6C X:03 Y:02 P:05 SP:FD CPU Cycle:423313721
CFD7 $D0 $FB       BNE $CFD4 = $38             A:6B X:03 Y:02 P:05 SP:FD CPU Cycle:423313723
CFD4 $38           SEC                         A:6B X:03 Y:02 P:05 SP:FD CPU Cycle:423313726
CFD5 $E9 $01       SBC #$01                    A:6B X:03 Y:02 P:05 SP:FD CPU Cycle:423313728
CFD7 $D0 $FB       BNE $CFD4 = $38             A:6A X:03 Y:02 P:05 SP:FD CPU Cycle:423313730
CFD4 $38           SEC                         A:6A X:03 Y:02 P:05 SP:FD CPU Cycle:423313733
CFD5 $E9 $01       SBC #$01                    A:6A X:03 Y:02 P:05 SP:FD CPU Cycle:423313735
CFD7 $D0 $FB       BNE $CFD4 = $38             A:69 X:03 Y:02 P:05 SP:FD CPU Cycle:423313737
CFD4 $38           SEC                         A:69 X:03 Y:02 P:05 SP:FD CPU Cycle:423313740
CFD5 $E9 $01       SBC #$01                    A:69 X:03 Y:02 P:05 SP:FD CPU Cycle:423313742
CFD7 $D0 $FB       BNE $CFD4 = $38             A:68 X:03 Y:02 P:05 SP:FD CPU Cycle:423313744
CFD4 $38           SEC                         A:68 X:03 Y:02 P:05 SP:FD CPU Cycle:423313747
CFD5 $E9 $01       SBC #$01                    A:68 X:03 Y:02 P:05 SP:FD CPU Cycle:423313749
CFD7 $D0 $FB       BNE $CFD4 = $38             A:67 X:03 Y:02 P:05 SP:FD CPU Cycle:423313751
CFD4 $38           SEC                         A:67 X:03 Y:02 P:05 SP:FD CPU Cycle:423313754
CFD5 $E9 $01       SBC #$01                    A:67 X:03 Y:02 P:05 SP:FD CPU Cycle:423313756
CFD7 $D0 $FB       BNE $CFD4 = $38             A:66 X:03 Y:02 P:05 SP:FD CPU Cycle:423313758
CFD4 $38           SEC                         A:66 X:03 Y:02 P:05 SP:FD CPU Cycle:423313761
CFD5 $E9 $01       SBC #$01                    A:66 X:03 Y:02 P:05 SP:FD CPU Cycle:423313763
CFD7 $D0 $FB       BNE $CFD4 = $38             A:65 X:03 Y:02 P:05 SP:FD CPU Cycle:423313765
CFD4 $38           SEC                         A:65 X:03 Y:02 P:05 SP:FD CPU Cycle:423313768
CFD5 $E9 $01       SBC #$01                    A:65 X:03 Y:02 P:05 SP:FD CPU Cycle:423313770
CFD7 $D0 $FB       BNE $CFD4 = $38             A:64 X:03 Y:02 P:05 SP:FD CPU Cycle:423313772
CFD4 $38           SEC                         A:64 X:03 Y:02 P:05 SP:FD CPU Cycle:423313775
CFD5 $E9 $01       SBC #$01                    A:64 X:03 Y:02 P:05 SP:FD CPU Cycle:423313777
CFD7 $D0 $FB       BNE $CFD4 = $38             A:63 X:03 Y:02 P:05 SP:FD CPU Cycle:423313779
CFD4 $38           SEC                         A:63 X:03 Y:02 P:05 SP:FD CPU Cycle:423313782
CFD5 $E9 $01       SBC #$01                    A:63 X:03 Y:02 P:05 SP:FD CPU Cycle:423313784
CFD7 $D0 $FB       BNE $CFD4 = $38             A:62 X:03 Y:02 P:05 SP:FD CPU Cycle:423313786
CFD4 $38           SEC                         A:62 X:03 Y:02 P:05 SP:FD CPU Cycle:423313789
CFD5 $E9 $01       SBC #$01                    A:62 X:03 Y:02 P:05 SP:FD CPU Cycle:423313791
CFD7 $D0 $FB       BNE $CFD4 = $38             A:61 X:03 Y:02 P:05 SP:FD CPU Cycle:423313793
CFD4 $38           SEC                         A:61 X:03 Y:02 P:05 SP:FD CPU Cycle:423313796
CFD5 $E9 $01       SBC #$01                    A:61 X:03 Y:02 P:05 SP:FD CPU Cycle:423313798
CFD7 $D0 $FB       BNE $CFD4 = $38             A:60 X:03 Y:02 P:05 SP:FD CPU Cycle:423313800
CFD4 $38           SEC                         A:60 X:03 Y:02 P:05 SP:FD CPU Cycle:423313803
CFD5 $E9 $01       SBC #$01                    A:60 X:03 Y:02 P:05 SP:FD CPU Cycle:423313805
CFD7 $D0 $FB       BNE $CFD4 = $38             A:5F X:03 Y:02 P:05 SP:FD CPU Cycle:423313807
CFD4 $38           SEC                         A:5F X:03 Y:02 P:05 SP:FD CPU Cycle:423313810
CFD5 $E9 $01       SBC #$01                    A:5F X:03 Y:02 P:05 SP:FD CPU Cycle:423313812
CFD7 $D0 $FB       BNE $CFD4 = $38             A:5E X:03 Y:02 P:05 SP:FD CPU Cycle:423313814
CFD4 $38           SEC                         A:5E X:03 Y:02 P:05 SP:FD CPU Cycle:423313817
CFD5 $E9 $01       SBC #$01                    A:5E X:03 Y:02 P:05 SP:FD CPU Cycle:423313819
CFD7 $D0 $FB       BNE $CFD4 = $38             A:5D X:03 Y:02 P:05 SP:FD CPU Cycle:423313821
CFD4 $38           SEC                         A:5D X:03 Y:02 P:05 SP:FD CPU Cycle:423313824
CFD5 $E9 $01       SBC #$01                    A:5D X:03 Y:02 P:05 SP:FD CPU Cycle:423313826
CFD7 $D0 $FB       BNE $CFD4 = $38             A:5C X:03 Y:02 P:05 SP:FD CPU Cycle:423313828
CFD4 $38           SEC                         A:5C X:03 Y:02 P:05 SP:FD CPU Cycle:423313831
CFD5 $E9 $01       SBC #$01                    A:5C X:03 Y:02 P:05 SP:FD CPU Cycle:423313833
CFD7 $D0 $FB       BNE $CFD4 = $38             A:5B X:03 Y:02 P:05 SP:FD CPU Cycle:423313835
CFD4 $38           SEC                         A:5B X:03 Y:02 P:05 SP:FD CPU Cycle:423313838
CFD5 $E9 $01       SBC #$01                    A:5B X:03 Y:02 P:05 SP:FD CPU Cycle:423313840
CFD7 $D0 $FB       BNE $CFD4 = $38             A:5A X:03 Y:02 P:05 SP:FD CPU Cycle:423313842
CFD4 $38           SEC                         A:5A X:03 Y:02 P:05 SP:FD CPU Cycle:423313845
CFD5 $E9 $01       SBC #$01                    A:5A X:03 Y:02 P:05 SP:FD CPU Cycle:423313847
CFD7 $D0 $FB       BNE $CFD4 = $38             A:59 X:03 Y:02 P:05 SP:FD CPU Cycle:423313849
CFD4 $38           SEC                         A:59 X:03 Y:02 P:05 SP:FD CPU Cycle:423313852
CFD5 $E9 $01       SBC #$01                    A:59 X:03 Y:02 P:05 SP:FD CPU Cycle:423313854
CFD7 $D0 $FB       BNE $CFD4 = $38             A:58 X:03 Y:02 P:05 SP:FD CPU Cycle:423313856
CFD4 $38           SEC                         A:58 X:03 Y:02 P:05 SP:FD CPU Cycle:423313859
CFD5 $E9 $01       SBC #$01                    A:58 X:03 Y:02 P:05 SP:FD CPU Cycle:423313861
CFD7 $D0 $FB       BNE $CFD4 = $38             A:57 X:03 Y:02 P:05 SP:FD CPU Cycle:423313863
CFD4 $38           SEC                         A:57 X:03 Y:02 P:05 SP:FD CPU Cycle:423313866
CFD5 $E9 $01       SBC #$01                    A:57 X:03 Y:02 P:05 SP:FD CPU Cycle:423313868
CFD7 $D0 $FB       BNE $CFD4 = $38             A:56 X:03 Y:02 P:05 SP:FD CPU Cycle:423313870
CFD4 $38           SEC                         A:56 X:03 Y:02 P:05 SP:FD CPU Cycle:423313873
CFD5 $E9 $01       SBC #$01                    A:56 X:03 Y:02 P:05 SP:FD CPU Cycle:423313875
CFD7 $D0 $FB       BNE $CFD4 = $38             A:55 X:03 Y:02 P:05 SP:FD CPU Cycle:423313877
CFD4 $38           SEC                         A:55 X:03 Y:02 P:05 SP:FD CPU Cycle:423313880
CFD5 $E9 $01       SBC #$01                    A:55 X:03 Y:02 P:05 SP:FD CPU Cycle:423313882
CFD7 $D0 $FB       BNE $CFD4 = $38             A:54 X:03 Y:02 P:05 SP:FD CPU Cycle:423313884
CFD4 $38           SEC                         A:54 X:03 Y:02 P:05 SP:FD CPU Cycle:423313887
CFD5 $E9 $01       SBC #$01                    A:54 X:03 Y:02 P:05 SP:FD CPU Cycle:423313889
CFD7 $D0 $FB       BNE $CFD4 = $38             A:53 X:03 Y:02 P:05 SP:FD CPU Cycle:423313891
CFD4 $38           SEC                         A:53 X:03 Y:02 P:05 SP:FD CPU Cycle:423313894
CFD5 $E9 $01       SBC #$01                    A:53 X:03 Y:02 P:05 SP:FD CPU Cycle:423313896
CFD7 $D0 $FB       BNE $CFD4 = $38             A:52 X:03 Y:02 P:05 SP:FD CPU Cycle:423313898
CFD4 $38           SEC                         A:52 X:03 Y:02 P:05 SP:FD CPU Cycle:423313901
CFD5 $E9 $01       SBC #$01                    A:52 X:03 Y:02 P:05 SP:FD CPU Cycle:423313903
CFD7 $D0 $FB       BNE $CFD4 = $38             A:51 X:03 Y:02 P:05 SP:FD CPU Cycle:423313905
CFD4 $38           SEC                         A:51 X:03 Y:02 P:05 SP:FD CPU Cycle:423313908
CFD5 $E9 $01       SBC #$01                    A:51 X:03 Y:02 P:05 SP:FD CPU Cycle:423313910
CFD7 $D0 $FB       BNE $CFD4 = $38             A:50 X:03 Y:02 P:05 SP:FD CPU Cycle:423313912
CFD4 $38           SEC                         A:50 X:03 Y:02 P:05 SP:FD CPU Cycle:423313915
CFD5 $E9 $01       SBC #$01                    A:50 X:03 Y:02 P:05 SP:FD CPU Cycle:423313917
CFD7 $D0 $FB       BNE $CFD4 = $38             A:4F X:03 Y:02 P:05 SP:FD CPU Cycle:423313919
CFD4 $38           SEC                         A:4F X:03 Y:02 P:05 SP:FD CPU Cycle:423313922
CFD5 $E9 $01       SBC #$01                    A:4F X:03 Y:02 P:05 SP:FD CPU Cycle:423313924
CFD7 $D0 $FB       BNE $CFD4 = $38             A:4E X:03 Y:02 P:05 SP:FD CPU Cycle:423313926
CFD4 $38           SEC                         A:4E X:03 Y:02 P:05 SP:FD CPU Cycle:423313929
CFD5 $E9 $01       SBC #$01                    A:4E X:03 Y:02 P:05 SP:FD CPU Cycle:423313931
CFD7 $D0 $FB       BNE $CFD4 = $38             A:4D X:03 Y:02 P:05 SP:FD CPU Cycle:423313933
CFD4 $38           SEC                         A:4D X:03 Y:02 P:05 SP:FD CPU Cycle:423313936
CFD5 $E9 $01       SBC #$01                    A:4D X:03 Y:02 P:05 SP:FD CPU Cycle:423313938
CFD7 $D0 $FB       BNE $CFD4 = $38             A:4C X:03 Y:02 P:05 SP:FD CPU Cycle:423313940
CFD4 $38           SEC                         A:4C X:03 Y:02 P:05 SP:FD CPU Cycle:423313943
CFD5 $E9 $01       SBC #$01                    A:4C X:03 Y:02 P:05 SP:FD CPU Cycle:423313945
CFD7 $D0 $FB       BNE $CFD4 = $38             A:4B X:03 Y:02 P:05 SP:FD CPU Cycle:423313947
CFD4 $38           SEC                         A:4B X:03 Y:02 P:05 SP:FD CPU Cycle:423313950
CFD5 $E9 $01       SBC #$01                    A:4B X:03 Y:02 P:05 SP:FD CPU Cycle:423313952
CFD7 $D0 $FB       BNE $CFD4 = $38             A:4A X:03 Y:02 P:05 SP:FD CPU Cycle:423313954
CFD4 $38           SEC                         A:4A X:03 Y:02 P:05 SP:FD CPU Cycle:423313957
CFD5 $E9 $01       SBC #$01                    A:4A X:03 Y:02 P:05 SP:FD CPU Cycle:423313959
CFD7 $D0 $FB       BNE $CFD4 = $38             A:49 X:03 Y:02 P:05 SP:FD CPU Cycle:423313961
CFD4 $38           SEC                         A:49 X:03 Y:02 P:05 SP:FD CPU Cycle:423313964
CFD5 $E9 $01       SBC #$01                    A:49 X:03 Y:02 P:05 SP:FD CPU Cycle:423313966
CFD7 $D0 $FB       BNE $CFD4 = $38             A:48 X:03 Y:02 P:05 SP:FD CPU Cycle:423313968
CFD4 $38           SEC                         A:48 X:03 Y:02 P:05 SP:FD CPU Cycle:423313971
CFD5 $E9 $01       SBC #$01                    A:48 X:03 Y:02 P:05 SP:FD CPU Cycle:423313973
CFD7 $D0 $FB       BNE $CFD4 = $38             A:47 X:03 Y:02 P:05 SP:FD CPU Cycle:423313975
CFD4 $38           SEC                         A:47 X:03 Y:02 P:05 SP:FD CPU Cycle:423313978
CFD5 $E9 $01       SBC #$01                    A:47 X:03 Y:02 P:05 SP:FD CPU Cycle:423313980
CFD7 $D0 $FB       BNE $CFD4 = $38             A:46 X:03 Y:02 P:05 SP:FD CPU Cycle:423313982
CFD4 $38           SEC                         A:46 X:03 Y:02 P:05 SP:FD CPU Cycle:423313985
CFD5 $E9 $01       SBC #$01                    A:46 X:03 Y:02 P:05 SP:FD CPU Cycle:423313987
CFD7 $D0 $FB       BNE $CFD4 = $38             A:45 X:03 Y:02 P:05 SP:FD CPU Cycle:423313989
CFD4 $38           SEC                         A:45 X:03 Y:02 P:05 SP:FD CPU Cycle:423313992
CFD5 $E9 $01       SBC #$01                    A:45 X:03 Y:02 P:05 SP:FD CPU Cycle:423313994
CFD7 $D0 $FB       BNE $CFD4 = $38             A:44 X:03 Y:02 P:05 SP:FD CPU Cycle:423313996
CFD4 $38           SEC                         A:44 X:03 Y:02 P:05 SP:FD CPU Cycle:423313999
CFD5 $E9 $01       SBC #$01                    A:44 X:03 Y:02 P:05 SP:FD CPU Cycle:423314001
CFD7 $D0 $FB       BNE $CFD4 = $38             A:43 X:03 Y:02 P:05 SP:FD CPU Cycle:423314003
CFD4 $38           SEC                         A:43 X:03 Y:02 P:05 SP:FD CPU Cycle:423314006
CFD5 $E9 $01       SBC #$01                    A:43 X:03 Y:02 P:05 SP:FD CPU Cycle:423314008
CFD7 $D0 $FB       BNE $CFD4 = $38             A:42 X:03 Y:02 P:05 SP:FD CPU Cycle:423314010
CFD4 $38           SEC                         A:42 X:03 Y:02 P:05 SP:FD CPU Cycle:423314013
CFD5 $E9 $01       SBC #$01                    A:42 X:03 Y:02 P:05 SP:FD CPU Cycle:423314015
CFD7 $D0 $FB       BNE $CFD4 = $38             A:41 X:03 Y:02 P:05 SP:FD CPU Cycle:423314017
CFD4 $38           SEC                         A:41 X:03 Y:02 P:05 SP:FD CPU Cycle:423314020
CFD5 $E9 $01       SBC #$01                    A:41 X:03 Y:02 P:05 SP:FD CPU Cycle:423314022
CFD7 $D0 $FB       BNE $CFD4 = $38             A:40 X:03 Y:02 P:05 SP:FD CPU Cycle:423314024
CFD4 $38           SEC                         A:40 X:03 Y:02 P:05 SP:FD CPU Cycle:423314027
CFD5 $E9 $01       SBC #$01                    A:40 X:03 Y:02 P:05 SP:FD CPU Cycle:423314029
CFD7 $D0 $FB       BNE $CFD4 = $38             A:3F X:03 Y:02 P:05 SP:FD CPU Cycle:423314031
CFD4 $38           SEC                         A:3F X:03 Y:02 P:05 SP:FD CPU Cycle:423314034
CFD5 $E9 $01       SBC #$01                    A:3F X:03 Y:02 P:05 SP:FD CPU Cycle:423314036
CFD7 $D0 $FB       BNE $CFD4 = $38             A:3E X:03 Y:02 P:05 SP:FD CPU Cycle:423314038
CFD4 $38           SEC                         A:3E X:03 Y:02 P:05 SP:FD CPU Cycle:423314041
CFD5 $E9 $01       SBC #$01                    A:3E X:03 Y:02 P:05 SP:FD CPU Cycle:423314043
CFD7 $D0 $FB       BNE $CFD4 = $38             A:3D X:03 Y:02 P:05 SP:FD CPU Cycle:423314045
CFD4 $38           SEC                         A:3D X:03 Y:02 P:05 SP:FD CPU Cycle:423314048
CFD5 $E9 $01       SBC #$01                    A:3D X:03 Y:02 P:05 SP:FD CPU Cycle:423314050
CFD7 $D0 $FB       BNE $CFD4 = $38             A:3C X:03 Y:02 P:05 SP:FD CPU Cycle:423314052
CFD4 $38           SEC                         A:3C X:03 Y:02 P:05 SP:FD CPU Cycle:423314055
CFD5 $E9 $01       SBC #$01                    A:3C X:03 Y:02 P:05 SP:FD CPU Cycle:423314057
CFD7 $D0 $FB       BNE $CFD4 = $38             A:3B X:03 Y:02 P:05 SP:FD CPU Cycle:423314059
CFD4 $38           SEC                         A:3B X:03 Y:02 P:05 SP:FD CPU Cycle:423314062
CFD5 $E9 $01       SBC #$01                    A:3B X:03 Y:02 P:05 SP:FD CPU Cycle:423314064
CFD7 $D0 $FB       BNE $CFD4 = $38             A:3A X:03 Y:02 P:05 SP:FD CPU Cycle:423314066
CFD4 $38           SEC                         A:3A X:03 Y:02 P:05 SP:FD CPU Cycle:423314069
CFD5 $E9 $01       SBC #$01                    A:3A X:03 Y:02 P:05 SP:FD CPU Cycle:423314071
CFD7 $D0 $FB       BNE $CFD4 = $38             A:39 X:03 Y:02 P:05 SP:FD CPU Cycle:423314073
CFD4 $38           SEC                         A:39 X:03 Y:02 P:05 SP:FD CPU Cycle:423314076
CFD5 $E9 $01       SBC #$01                    A:39 X:03 Y:02 P:05 SP:FD CPU Cycle:423314078
CFD7 $D0 $FB       BNE $CFD4 = $38             A:38 X:03 Y:02 P:05 SP:FD CPU Cycle:423314080
CFD4 $38           SEC                         A:38 X:03 Y:02 P:05 SP:FD CPU Cycle:423314083
CFD5 $E9 $01       SBC #$01                    A:38 X:03 Y:02 P:05 SP:FD CPU Cycle:423314085
CFD7 $D0 $FB       BNE $CFD4 = $38             A:37 X:03 Y:02 P:05 SP:FD CPU Cycle:423314087
CFD4 $38           SEC                         A:37 X:03 Y:02 P:05 SP:FD CPU Cycle:423314090
CFD5 $E9 $01       SBC #$01                    A:37 X:03 Y:02 P:05 SP:FD CPU Cycle:423314092
CFD7 $D0 $FB       BNE $CFD4 = $38             A:36 X:03 Y:02 P:05 SP:FD CPU Cycle:423314094
CFD4 $38           SEC                         A:36 X:03 Y:02 P:05 SP:FD CPU Cycle:423314097
CFD5 $E9 $01       SBC #$01                    A:36 X:03 Y:02 P:05 SP:FD CPU Cycle:423314099
CFD7 $D0 $FB       BNE $CFD4 = $38             A:35 X:03 Y:02 P:05 SP:FD CPU Cycle:423314101
CFD4 $38           SEC                         A:35 X:03 Y:02 P:05 SP:FD CPU Cycle:423314104
CFD5 $E9 $01       SBC #$01                    A:35 X:03 Y:02 P:05 SP:FD CPU Cycle:423314106
CFD7 $D0 $FB       BNE $CFD4 = $38             A:34 X:03 Y:02 P:05 SP:FD CPU Cycle:423314108
CFD4 $38           SEC                         A:34 X:03 Y:02 P:05 SP:FD CPU Cycle:423314111
CFD5 $E9 $01       SBC #$01                    A:34 X:03 Y:02 P:05 SP:FD CPU Cycle:423314113
CFD7 $D0 $FB       BNE $CFD4 = $38             A:33 X:03 Y:02 P:05 SP:FD CPU Cycle:423314115
CFD4 $38           SEC                         A:33 X:03 Y:02 P:05 SP:FD CPU Cycle:423314118
CFD5 $E9 $01       SBC #$01                    A:33 X:03 Y:02 P:05 SP:FD CPU Cycle:423314120
CFD7 $D0 $FB       BNE $CFD4 = $38             A:32 X:03 Y:02 P:05 SP:FD CPU Cycle:423314122
CFD4 $38           SEC                         A:32 X:03 Y:02 P:05 SP:FD CPU Cycle:423314125
CFD5 $E9 $01       SBC #$01                    A:32 X:03 Y:02 P:05 SP:FD CPU Cycle:423314127
CFD7 $D0 $FB       BNE $CFD4 = $38             A:31 X:03 Y:02 P:05 SP:FD CPU Cycle:423314129
CFD4 $38           SEC                         A:31 X:03 Y:02 P:05 SP:FD CPU Cycle:423314132
CFD5 $E9 $01       SBC #$01                    A:31 X:03 Y:02 P:05 SP:FD CPU Cycle:423314134
CFD7 $D0 $FB       BNE $CFD4 = $38             A:30 X:03 Y:02 P:05 SP:FD CPU Cycle:423314136
CFD4 $38           SEC                         A:30 X:03 Y:02 P:05 SP:FD CPU Cycle:423314139
CFD5 $E9 $01       SBC #$01                    A:30 X:03 Y:02 P:05 SP:FD CPU Cycle:423314141
CFD7 $D0 $FB       BNE $CFD4 = $38             A:2F X:03 Y:02 P:05 SP:FD CPU Cycle:423314143
CFD4 $38           SEC                         A:2F X:03 Y:02 P:05 SP:FD CPU Cycle:423314146
CFD5 $E9 $01       SBC #$01                    A:2F X:03 Y:02 P:05 SP:FD CPU Cycle:423314148
CFD7 $D0 $FB       BNE $CFD4 = $38             A:2E X:03 Y:02 P:05 SP:FD CPU Cycle:423314150
CFD4 $38           SEC                         A:2E X:03 Y:02 P:05 SP:FD CPU Cycle:423314153
CFD5 $E9 $01       SBC #$01                    A:2E X:03 Y:02 P:05 SP:FD CPU Cycle:423314155
CFD7 $D0 $FB       BNE $CFD4 = $38             A:2D X:03 Y:02 P:05 SP:FD CPU Cycle:423314157
CFD4 $38           SEC                         A:2D X:03 Y:02 P:05 SP:FD CPU Cycle:423314160
CFD5 $E9 $01       SBC #$01                    A:2D X:03 Y:02 P:05 SP:FD CPU Cycle:423314162
CFD7 $D0 $FB       BNE $CFD4 = $38             A:2C X:03 Y:02 P:05 SP:FD CPU Cycle:423314164
CFD4 $38           SEC                         A:2C X:03 Y:02 P:05 SP:FD CPU Cycle:423314167
CFD5 $E9 $01       SBC #$01                    A:2C X:03 Y:02 P:05 SP:FD CPU Cycle:423314169
CFD7 $D0 $FB       BNE $CFD4 = $38             A:2B X:03 Y:02 P:05 SP:FD CPU Cycle:423314171
CFD4 $38           SEC                         A:2B X:03 Y:02 P:05 SP:FD CPU Cycle:423314174
CFD5 $E9 $01       SBC #$01                    A:2B X:03 Y:02 P:05 SP:FD CPU Cycle:423314176
CFD7 $D0 $FB       BNE $CFD4 = $38             A:2A X:03 Y:02 P:05 SP:FD CPU Cycle:423314178
CFD4 $38           SEC                         A:2A X:03 Y:02 P:05 SP:FD CPU Cycle:423314181
CFD5 $E9 $01       SBC #$01                    A:2A X:03 Y:02 P:05 SP:FD CPU Cycle:423314183
CFD7 $D0 $FB       BNE $CFD4 = $38             A:29 X:03 Y:02 P:05 SP:FD CPU Cycle:423314185
CFD4 $38           SEC                         A:29 X:03 Y:02 P:05 SP:FD CPU Cycle:423314188
CFD5 $E9 $01       SBC #$01                    A:29 X:03 Y:02 P:05 SP:FD CPU Cycle:423314190
CFD7 $D0 $FB       BNE $CFD4 = $38             A:28 X:03 Y:02 P:05 SP:FD CPU Cycle:423314192
CFD4 $38           SEC                         A:28 X:03 Y:02 P:05 SP:FD CPU Cycle:423314195
CFD5 $E9 $01       SBC #$01                    A:28 X:03 Y:02 P:05 SP:FD CPU Cycle:423314197
CFD7 $D0 $FB       BNE $CFD4 = $38             A:27 X:03 Y:02 P:05 SP:FD CPU Cycle:423314199
CFD4 $38           SEC                         A:27 X:03 Y:02 P:05 SP:FD CPU Cycle:423314202
CFD5 $E9 $01       SBC #$01                    A:27 X:03 Y:02 P:05 SP:FD CPU Cycle:423314204
CFD7 $D0 $FB       BNE $CFD4 = $38             A:26 X:03 Y:02 P:05 SP:FD CPU Cycle:423314206
CFD4 $38           SEC                         A:26 X:03 Y:02 P:05 SP:FD CPU Cycle:423314209
CFD5 $E9 $01       SBC #$01                    A:26 X:03 Y:02 P:05 SP:FD CPU Cycle:423314211
CFD7 $D0 $FB       BNE $CFD4 = $38             A:25 X:03 Y:02 P:05 SP:FD CPU Cycle:423314213
CFD4 $38           SEC                         A:25 X:03 Y:02 P:05 SP:FD CPU Cycle:423314216
CFD5 $E9 $01       SBC #$01                    A:25 X:03 Y:02 P:05 SP:FD CPU Cycle:423314218
CFD7 $D0 $FB       BNE $CFD4 = $38             A:24 X:03 Y:02 P:05 SP:FD CPU Cycle:423314220
CFD4 $38           SEC                         A:24 X:03 Y:02 P:05 SP:FD CPU Cycle:423314223
CFD5 $E9 $01       SBC #$01                    A:24 X:03 Y:02 P:05 SP:FD CPU Cycle:423314225
CFD7 $D0 $FB       BNE $CFD4 = $38             A:23 X:03 Y:02 P:05 SP:FD CPU Cycle:423314227
CFD4 $38           SEC                         A:23 X:03 Y:02 P:05 SP:FD CPU Cycle:423314230
CFD5 $E9 $01       SBC #$01                    A:23 X:03 Y:02 P:05 SP:FD CPU Cycle:423314232
CFD7 $D0 $FB       BNE $CFD4 = $38             A:22 X:03 Y:02 P:05 SP:FD CPU Cycle:423314234
CFD4 $38           SEC                         A:22 X:03 Y:02 P:05 SP:FD CPU Cycle:423314237
CFD5 $E9 $01       SBC #$01                    A:22 X:03 Y:02 P:05 SP:FD CPU Cycle:423314239
CFD7 $D0 $FB       BNE $CFD4 = $38             A:21 X:03 Y:02 P:05 SP:FD CPU Cycle:423314241
CFD4 $38           SEC                         A:21 X:03 Y:02 P:05 SP:FD CPU Cycle:423314244
CFD5 $E9 $01       SBC #$01                    A:21 X:03 Y:02 P:05 SP:FD CPU Cycle:423314246
CFD7 $D0 $FB       BNE $CFD4 = $38             A:20 X:03 Y:02 P:05 SP:FD CPU Cycle:423314248
CFD4 $38           SEC                         A:20 X:03 Y:02 P:05 SP:FD CPU Cycle:423314251
CFD5 $E9 $01       SBC #$01                    A:20 X:03 Y:02 P:05 SP:FD CPU Cycle:423314253
CFD7 $D0 $FB       BNE $CFD4 = $38             A:1F X:03 Y:02 P:05 SP:FD CPU Cycle:423314255
CFD4 $38           SEC                         A:1F X:03 Y:02 P:05 SP:FD CPU Cycle:423314258
CFD5 $E9 $01       SBC #$01                    A:1F X:03 Y:02 P:05 SP:FD CPU Cycle:423314260
CFD7 $D0 $FB       BNE $CFD4 = $38             A:1E X:03 Y:02 P:05 SP:FD CPU Cycle:423314262
CFD4 $38           SEC                         A:1E X:03 Y:02 P:05 SP:FD CPU Cycle:423314265
CFD5 $E9 $01       SBC #$01                    A:1E X:03 Y:02 P:05 SP:FD CPU Cycle:423314267
CFD7 $D0 $FB       BNE $CFD4 = $38             A:1D X:03 Y:02 P:05 SP:FD CPU Cycle:423314269
CFD4 $38           SEC                         A:1D X:03 Y:02 P:05 SP:FD CPU Cycle:423314272
CFD5 $E9 $01       SBC #$01                    A:1D X:03 Y:02 P:05 SP:FD CPU Cycle:423314274
CFD7 $D0 $FB       BNE $CFD4 = $38             A:1C X:03 Y:02 P:05 SP:FD CPU Cycle:423314276
CFD4 $38           SEC                         A:1C X:03 Y:02 P:05 SP:FD CPU Cycle:423314279
CFD5 $E9 $01       SBC #$01                    A:1C X:03 Y:02 P:05 SP:FD CPU Cycle:423314281
CFD7 $D0 $FB       BNE $CFD4 = $38             A:1B X:03 Y:02 P:05 SP:FD CPU Cycle:423314283
CFD4 $38           SEC                         A:1B X:03 Y:02 P:05 SP:FD CPU Cycle:423314286
CFD5 $E9 $01       SBC #$01                    A:1B X:03 Y:02 P:05 SP:FD CPU Cycle:423314288
CFD7 $D0 $FB       BNE $CFD4 = $38             A:1A X:03 Y:02 P:05 SP:FD CPU Cycle:423314290
CFD4 $38           SEC                         A:1A X:03 Y:02 P:05 SP:FD CPU Cycle:423314293
CFD5 $E9 $01       SBC #$01                    A:1A X:03 Y:02 P:05 SP:FD CPU Cycle:423314295
CFD7 $D0 $FB       BNE $CFD4 = $38             A:19 X:03 Y:02 P:05 SP:FD CPU Cycle:423314297
CFD4 $38           SEC                         A:19 X:03 Y:02 P:05 SP:FD CPU Cycle:423314300
CFD5 $E9 $01       SBC #$01                    A:19 X:03 Y:02 P:05 SP:FD CPU Cycle:423314302
CFD7 $D0 $FB       BNE $CFD4 = $38             A:18 X:03 Y:02 P:05 SP:FD CPU Cycle:423314304
CFD4 $38           SEC                         A:18 X:03 Y:02 P:05 SP:FD CPU Cycle:423314307
CFD5 $E9 $01       SBC #$01                    A:18 X:03 Y:02 P:05 SP:FD CPU Cycle:423314309
CFD7 $D0 $FB       BNE $CFD4 = $38             A:17 X:03 Y:02 P:05 SP:FD CPU Cycle:423314311
CFD4 $38           SEC                         A:17 X:03 Y:02 P:05 SP:FD CPU Cycle:423314314
CFD5 $E9 $01       SBC #$01                    A:17 X:03 Y:02 P:05 SP:FD CPU Cycle:423314316
CFD7 $D0 $FB       BNE $CFD4 = $38             A:16 X:03 Y:02 P:05 SP:FD CPU Cycle:423314318
CFD4 $38           SEC                         A:16 X:03 Y:02 P:05 SP:FD CPU Cycle:423314321
CFD5 $E9 $01       SBC #$01                    A:16 X:03 Y:02 P:05 SP:FD CPU Cycle:423314323
CFD7 $D0 $FB       BNE $CFD4 = $38             A:15 X:03 Y:02 P:05 SP:FD CPU Cycle:423314325
CFD4 $38           SEC                         A:15 X:03 Y:02 P:05 SP:FD CPU Cycle:423314328
CFD5 $E9 $01       SBC #$01                    A:15 X:03 Y:02 P:05 SP:FD CPU Cycle:423314330
CFD7 $D0 $FB       BNE $CFD4 = $38             A:14 X:03 Y:02 P:05 SP:FD CPU Cycle:423314332
CFD4 $38           SEC                         A:14 X:03 Y:02 P:05 SP:FD CPU Cycle:423314335
CFD5 $E9 $01       SBC #$01                    A:14 X:03 Y:02 P:05 SP:FD CPU Cycle:423314337
CFD7 $D0 $FB       BNE $CFD4 = $38             A:13 X:03 Y:02 P:05 SP:FD CPU Cycle:423314339
CFD4 $38           SEC                         A:13 X:03 Y:02 P:05 SP:FD CPU Cycle:423314342
CFD5 $E9 $01       SBC #$01                    A:13 X:03 Y:02 P:05 SP:FD CPU Cycle:423314344
CFD7 $D0 $FB       BNE $CFD4 = $38             A:12 X:03 Y:02 P:05 SP:FD CPU Cycle:423314346
CFD4 $38           SEC                         A:12 X:03 Y:02 P:05 SP:FD CPU Cycle:423314349
CFD5 $E9 $01       SBC #$01                    A:12 X:03 Y:02 P:05 SP:FD CPU Cycle:423314351
CFD7 $D0 $FB       BNE $CFD4 = $38             A:11 X:03 Y:02 P:05 SP:FD CPU Cycle:423314353
CFD4 $38           SEC                         A:11 X:03 Y:02 P:05 SP:FD CPU Cycle:423314356
CFD5 $E9 $01       SBC #$01                    A:11 X:03 Y:02 P:05 SP:FD CPU Cycle:423314358
CFD7 $D0 $FB       BNE $CFD4 = $38             A:10 X:03 Y:02 P:05 SP:FD CPU Cycle:423314360
CFD4 $38           SEC                         A:10 X:03 Y:02 P:05 SP:FD CPU Cycle:423314363
CFD5 $E9 $01       SBC #$01                    A:10 X:03 Y:02 P:05 SP:FD CPU Cycle:423314365
CFD7 $D0 $FB       BNE $CFD4 = $38             A:0F X:03 Y:02 P:05 SP:FD CPU Cycle:423314367
CFD4 $38           SEC                         A:0F X:03 Y:02 P:05 SP:FD CPU Cycle:423314370
CFD5 $E9 $01       SBC #$01                    A:0F X:03 Y:02 P:05 SP:FD CPU Cycle:423314372
CFD7 $D0 $FB       BNE $CFD4 = $38             A:0E X:03 Y:02 P:05 SP:FD CPU Cycle:423314374
CFD4 $38           SEC                         A:0E X:03 Y:02 P:05 SP:FD CPU Cycle:423314377
CFD5 $E9 $01       SBC #$01                    A:0E X:03 Y:02 P:05 SP:FD CPU Cycle:423314379
CFD7 $D0 $FB       BNE $CFD4 = $38             A:0D X:03 Y:02 P:05 SP:FD CPU Cycle:423314381
CFD4 $38           SEC                         A:0D X:03 Y:02 P:05 SP:FD CPU Cycle:423314384
CFD5 $E9 $01       SBC #$01                    A:0D X:03 Y:02 P:05 SP:FD CPU Cycle:423314386
CFD7 $D0 $FB       BNE $CFD4 = $38             A:0C X:03 Y:02 P:05 SP:FD CPU Cycle:423314388
CFD4 $38           SEC                         A:0C X:03 Y:02 P:05 SP:FD CPU Cycle:423314391
CFD5 $E9 $01       SBC #$01                    A:0C X:03 Y:02 P:05 SP:FD CPU Cycle:423314393
CFD7 $D0 $FB       BNE $CFD4 = $38             A:0B X:03 Y:02 P:05 SP:FD CPU Cycle:423314395
CFD4 $38           SEC                         A:0B X:03 Y:02 P:05 SP:FD CPU Cycle:423314398
CFD5 $E9 $01       SBC #$01                    A:0B X:03 Y:02 P:05 SP:FD CPU Cycle:423314400
CFD7 $D0 $FB       BNE $CFD4 = $38             A:0A X:03 Y:02 P:05 SP:FD CPU Cycle:423314402
CFD4 $38           SEC                         A:0A X:03 Y:02 P:05 SP:FD CPU Cycle:423314405
CFD5 $E9 $01       SBC #$01                    A:0A X:03 Y:02 P:05 SP:FD CPU Cycle:423314407
CFD7 $D0 $FB       BNE $CFD4 = $38             A:09 X:03 Y:02 P:05 SP:FD CPU Cycle:423314409
CFD4 $38           SEC                         A:09 X:03 Y:02 P:05 SP:FD CPU Cycle:423314412
CFD5 $E9 $01       SBC #$01                    A:09 X:03 Y:02 P:05 SP:FD CPU Cycle:423314414
CFD7 $D0 $FB       BNE $CFD4 = $38             A:08 X:03 Y:02 P:05 SP:FD CPU Cycle:423314416
CFD4 $38           SEC                         A:08 X:03 Y:02 P:05 SP:FD CPU Cycle:423314419
CFD5 $E9 $01       SBC #$01                    A:08 X:03 Y:02 P:05 SP:FD CPU Cycle:423314421
CFD7 $D0 $FB       BNE $CFD4 = $38             A:07 X:03 Y:02 P:05 SP:FD CPU Cycle:423314423
CFD4 $38           SEC                         A:07 X:03 Y:02 P:05 SP:FD CPU Cycle:423314426
CFD5 $E9 $01       SBC #$01                    A:07 X:03 Y:02 P:05 SP:FD CPU Cycle:423314428
CFD7 $D0 $FB       BNE $CFD4 = $38             A:06 X:03 Y:02 P:05 SP:FD CPU Cycle:423314430
CFD4 $38           SEC                         A:06 X:03 Y:02 P:05 SP:FD CPU Cycle:423314433
CFD5 $E9 $01       SBC #$01                    A:06 X:03 Y:02 P:05 SP:FD CPU Cycle:423314435
CFD7 $D0 $FB       BNE $CFD4 = $38             A:05 X:03 Y:02 P:05 SP:FD CPU Cycle:423314437
CFD4 $38           SEC                         A:05 X:03 Y:02 P:05 SP:FD CPU Cycle:423314440
CFD5 $E9 $01       SBC #$01                    A:05 X:03 Y:02 P:05 SP:FD CPU Cycle:423314442
CFD7 $D0 $FB       BNE $CFD4 = $38             A:04 X:03 Y:02 P:05 SP:FD CPU Cycle:423314444
CFD4 $38           SEC                         A:04 X:03 Y:02 P:05 SP:FD CPU Cycle:423314447
CFD5 $E9 $01       SBC #$01                    A:04 X:03 Y:02 P:05 SP:FD CPU Cycle:423314449
CFD7 $D0 $FB       BNE $CFD4 = $38             A:03 X:03 Y:02 P:05 SP:FD CPU Cycle:423314451
CFD4 $38           SEC                         A:03 X:03 Y:02 P:05 SP:FD CPU Cycle:423314454
CFD5 $E9 $01       SBC #$01                    A:03 X:03 Y:02 P:05 SP:FD CPU Cycle:423314456
CFD7 $D0 $FB       BNE $CFD4 = $38             A:02 X:03 Y:02 P:05 SP:FD CPU Cycle:423314458
CFD4 $38           SEC                         A:02 X:03 Y:02 P:05 SP:FD CPU Cycle:423314461
CFD5 $E9 $01       SBC #$01                    A:02 X:03 Y:02 P:05 SP:FD CPU Cycle:423314463
CFD7 $D0 $FB       BNE $CFD4 = $38             A:01 X:03 Y:02 P:05 SP:FD CPU Cycle:423314465
CFD4 $38           SEC                         A:01 X:03 Y:02 P:05 SP:FD CPU Cycle:423314468
CFD5 $E9 $01       SBC #$01                    A:01 X:03 Y:02 P:05 SP:FD CPU Cycle:423314470
CFD7 $D0 $FB       BNE $CFD4 = $38             A:00 X:03 Y:02 P:07 SP:FD CPU Cycle:423314472
CFD9 $CA           DEX                         A:00 X:03 Y:02 P:07 SP:FD CPU Cycle:423314474
CFDA $D0 $F8       BNE $CFD4 = $38             A:00 X:02 Y:02 P:05 SP:FD CPU Cycle:423314476
CFD4 $38           SEC                         A:00 X:02 Y:02 P:05 SP:FD CPU Cycle:423314479
CFD5 $E9 $01       SBC #$01                    A:00 X:02 Y:02 P:05 SP:FD CPU Cycle:423314481
CFD7 $D0 $FB       BNE $CFD4 = $38             A:FF X:02 Y:02 P:84 SP:FD CPU Cycle:423314483
CFD4 $38           SEC                         A:FF X:02 Y:02 P:84 SP:FD CPU Cycle:423314486
CFD5 $E9 $01       SBC #$01                    A:FF X:02 Y:02 P:85 SP:FD CPU Cycle:423314488
CFD7 $D0 $FB       BNE $CFD4 = $38             A:FE X:02 Y:02 P:85 SP:FD CPU Cycle:423314490
CFD4 $38           SEC                         A:FE X:02 Y:02 P:85 SP:FD CPU Cycle:423314493
CFD5 $E9 $01       SBC #$01                    A:FE X:02 Y:02 P:85 SP:FD CPU Cycle:423314495
CFD7 $D0 $FB       BNE $CFD4 = $38             A:FD X:02 Y:02 P:85 SP:FD CPU Cycle:423314497
CFD4 $38           SEC                         A:FD X:02 Y:02 P:85 SP:FD CPU Cycle:423314500
CFD5 $E9 $01       SBC #$01                    A:FD X:02 Y:02 P:85 SP:FD CPU Cycle:423314502
CFD7 $D0 $FB       BNE $CFD4 = $38             A:FC X:02 Y:02 P:85 SP:FD CPU Cycle:423314504
CFD4 $38           SEC                         A:FC X:02 Y:02 P:85 SP:FD CPU Cycle:423314507
CFD5 $E9 $01       SBC #$01                    A:FC X:02 Y:02 P:85 SP:FD CPU Cycle:423314509
CFD7 $D0 $FB       BNE $CFD4 = $38             A:FB X:02 Y:02 P:85 SP:FD CPU Cycle:423314511
CFD4 $38           SEC                         A:FB X:02 Y:02 P:85 SP:FD CPU Cycle:423314514
CFD5 $E9 $01       SBC #$01                    A:FB X:02 Y:02 P:85 SP:FD CPU Cycle:423314516
CFD7 $D0 $FB       BNE $CFD4 = $38             A:FA X:02 Y:02 P:85 SP:FD CPU Cycle:423314518
CFD4 $38           SEC                         A:FA X:02 Y:02 P:85 SP:FD CPU Cycle:423314521
CFD5 $E9 $01       SBC #$01                    A:FA X:02 Y:02 P:85 SP:FD CPU Cycle:423314523
CFD7 $D0 $FB       BNE $CFD4 = $38             A:F9 X:02 Y:02 P:85 SP:FD CPU Cycle:423314525
CFD4 $38           SEC                         A:F9 X:02 Y:02 P:85 SP:FD CPU Cycle:423314528
CFD5 $E9 $01       SBC #$01                    A:F9 X:02 Y:02 P:85 SP:FD CPU Cycle:423314530
CFD7 $D0 $FB       BNE $CFD4 = $38             A:F8 X:02 Y:02 P:85 SP:FD CPU Cycle:423314532
CFD4 $38           SEC                         A:F8 X:02 Y:02 P:85 SP:FD CPU Cycle:423314535
CFD5 $E9 $01       SBC #$01                    A:F8 X:02 Y:02 P:85 SP:FD CPU Cycle:423314537
CFD7 $D0 $FB       BNE $CFD4 = $38             A:F7 X:02 Y:02 P:85 SP:FD CPU Cycle:423314539
CFD4 $38           SEC                         A:F7 X:02 Y:02 P:85 SP:FD CPU Cycle:423314542
CFD5 $E9 $01       SBC #$01                    A:F7 X:02 Y:02 P:85 SP:FD CPU Cycle:423314544
CFD7 $D0 $FB       BNE $CFD4 = $38             A:F6 X:02 Y:02 P:85 SP:FD CPU Cycle:423314546
CFD4 $38           SEC                         A:F6 X:02 Y:02 P:85 SP:FD CPU Cycle:423314549
CFD5 $E9 $01       SBC #$01                    A:F6 X:02 Y:02 P:85 SP:FD CPU Cycle:423314551
CFD7 $D0 $FB       BNE $CFD4 = $38             A:F5 X:02 Y:02 P:85 SP:FD CPU Cycle:423314553
CFD4 $38           SEC                         A:F5 X:02 Y:02 P:85 SP:FD CPU Cycle:423314556
CFD5 $E9 $01       SBC #$01                    A:F5 X:02 Y:02 P:85 SP:FD CPU Cycle:423314558
CFD7 $D0 $FB       BNE $CFD4 = $38             A:F4 X:02 Y:02 P:85 SP:FD CPU Cycle:423314560
CFD4 $38           SEC                         A:F4 X:02 Y:02 P:85 SP:FD CPU Cycle:423314563
CFD5 $E9 $01       SBC #$01                    A:F4 X:02 Y:02 P:85 SP:FD CPU Cycle:423314565
CFD7 $D0 $FB       BNE $CFD4 = $38             A:F3 X:02 Y:02 P:85 SP:FD CPU Cycle:423314567
CFD4 $38           SEC                         A:F3 X:02 Y:02 P:85 SP:FD CPU Cycle:423314570
CFD5 $E9 $01       SBC #$01                    A:F3 X:02 Y:02 P:85 SP:FD CPU Cycle:423314572
CFD7 $D0 $FB       BNE $CFD4 = $38             A:F2 X:02 Y:02 P:85 SP:FD CPU Cycle:423314574
CFD4 $38           SEC                         A:F2 X:02 Y:02 P:85 SP:FD CPU Cycle:423314577
CFD5 $E9 $01       SBC #$01                    A:F2 X:02 Y:02 P:85 SP:FD CPU Cycle:423314579
CFD7 $D0 $FB       BNE $CFD4 = $38             A:F1 X:02 Y:02 P:85 SP:FD CPU Cycle:423314581
CFD4 $38           SEC                         A:F1 X:02 Y:02 P:85 SP:FD CPU Cycle:423314584
CFD5 $E9 $01       SBC #$01                    A:F1 X:02 Y:02 P:85 SP:FD CPU Cycle:423314586
CFD7 $D0 $FB       BNE $CFD4 = $38             A:F0 X:02 Y:02 P:85 SP:FD CPU Cycle:423314588
CFD4 $38           SEC                         A:F0 X:02 Y:02 P:85 SP:FD CPU Cycle:423314591
CFD5 $E9 $01       SBC #$01                    A:F0 X:02 Y:02 P:85 SP:FD CPU Cycle:423314593
CFD7 $D0 $FB       BNE $CFD4 = $38             A:EF X:02 Y:02 P:85 SP:FD CPU Cycle:423314595
CFD4 $38           SEC                         A:EF X:02 Y:02 P:85 SP:FD CPU Cycle:423314598
CFD5 $E9 $01       SBC #$01                    A:EF X:02 Y:02 P:85 SP:FD CPU Cycle:423314600
CFD7 $D0 $FB       BNE $CFD4 = $38             A:EE X:02 Y:02 P:85 SP:FD CPU Cycle:423314602
CFD4 $38           SEC                         A:EE X:02 Y:02 P:85 SP:FD CPU Cycle:423314605
CFD5 $E9 $01       SBC #$01                    A:EE X:02 Y:02 P:85 SP:FD CPU Cycle:423314607
CFD7 $D0 $FB       BNE $CFD4 = $38             A:ED X:02 Y:02 P:85 SP:FD CPU Cycle:423314609
CFD4 $38           SEC                         A:ED X:02 Y:02 P:85 SP:FD CPU Cycle:423314612
CFD5 $E9 $01       SBC #$01                    A:ED X:02 Y:02 P:85 SP:FD CPU Cycle:423314614
CFD7 $D0 $FB       BNE $CFD4 = $38             A:EC X:02 Y:02 P:85 SP:FD CPU Cycle:423314616
CFD4 $38           SEC                         A:EC X:02 Y:02 P:85 SP:FD CPU Cycle:423314619
CFD5 $E9 $01       SBC #$01                    A:EC X:02 Y:02 P:85 SP:FD CPU Cycle:423314621
CFD7 $D0 $FB       BNE $CFD4 = $38             A:EB X:02 Y:02 P:85 SP:FD CPU Cycle:423314623
CFD4 $38           SEC                         A:EB X:02 Y:02 P:85 SP:FD CPU Cycle:423314626
CFD5 $E9 $01       SBC #$01                    A:EB X:02 Y:02 P:85 SP:FD CPU Cycle:423314628
CFD7 $D0 $FB       BNE $CFD4 = $38             A:EA X:02 Y:02 P:85 SP:FD CPU Cycle:423314630
CFD4 $38           SEC                         A:EA X:02 Y:02 P:85 SP:FD CPU Cycle:423314633
CFD5 $E9 $01       SBC #$01                    A:EA X:02 Y:02 P:85 SP:FD CPU Cycle:423314635
CFD7 $D0 $FB       BNE $CFD4 = $38             A:E9 X:02 Y:02 P:85 SP:FD CPU Cycle:423314637
CFD4 $38           SEC                         A:E9 X:02 Y:02 P:85 SP:FD CPU Cycle:423314640
CFD5 $E9 $01       SBC #$01                    A:E9 X:02 Y:02 P:85 SP:FD CPU Cycle:423314642
CFD7 $D0 $FB       BNE $CFD4 = $38             A:E8 X:02 Y:02 P:85 SP:FD CPU Cycle:423314644
CFD4 $38           SEC                         A:E8 X:02 Y:02 P:85 SP:FD CPU Cycle:423314647
CFD5 $E9 $01       SBC #$01                    A:E8 X:02 Y:02 P:85 SP:FD CPU Cycle:423314649
CFD7 $D0 $FB       BNE $CFD4 = $38             A:E7 X:02 Y:02 P:85 SP:FD CPU Cycle:423314651
CFD4 $38           SEC                         A:E7 X:02 Y:02 P:85 SP:FD CPU Cycle:423314654
CFD5 $E9 $01       SBC #$01                    A:E7 X:02 Y:02 P:85 SP:FD CPU Cycle:423314656
CFD7 $D0 $FB       BNE $CFD4 = $38             A:E6 X:02 Y:02 P:85 SP:FD CPU Cycle:423314658
CFD4 $38           SEC                         A:E6 X:02 Y:02 P:85 SP:FD CPU Cycle:423314661
CFD5 $E9 $01       SBC #$01                    A:E6 X:02 Y:02 P:85 SP:FD CPU Cycle:423314663
CFD7 $D0 $FB       BNE $CFD4 = $38             A:E5 X:02 Y:02 P:85 SP:FD CPU Cycle:423314665
CFD4 $38           SEC                         A:E5 X:02 Y:02 P:85 SP:FD CPU Cycle:423314668
CFD5 $E9 $01       SBC #$01                    A:E5 X:02 Y:02 P:85 SP:FD CPU Cycle:423314670
CFD7 $D0 $FB       BNE $CFD4 = $38             A:E4 X:02 Y:02 P:85 SP:FD CPU Cycle:423314672
CFD4 $38           SEC                         A:E4 X:02 Y:02 P:85 SP:FD CPU Cycle:423314675
CFD5 $E9 $01       SBC #$01                    A:E4 X:02 Y:02 P:85 SP:FD CPU Cycle:423314677
CFD7 $D0 $FB       BNE $CFD4 = $38             A:E3 X:02 Y:02 P:85 SP:FD CPU Cycle:423314679
CFD4 $38           SEC                         A:E3 X:02 Y:02 P:85 SP:FD CPU Cycle:423314682
CFD5 $E9 $01       SBC #$01                    A:E3 X:02 Y:02 P:85 SP:FD CPU Cycle:423314684
CFD7 $D0 $FB       BNE $CFD4 = $38             A:E2 X:02 Y:02 P:85 SP:FD CPU Cycle:423314686
CFD4 $38           SEC                         A:E2 X:02 Y:02 P:85 SP:FD CPU Cycle:423314689
CFD5 $E9 $01       SBC #$01                    A:E2 X:02 Y:02 P:85 SP:FD CPU Cycle:423314691
CFD7 $D0 $FB       BNE $CFD4 = $38             A:E1 X:02 Y:02 P:85 SP:FD CPU Cycle:423314693
CFD4 $38           SEC                         A:E1 X:02 Y:02 P:85 SP:FD CPU Cycle:423314696
CFD5 $E9 $01       SBC #$01                    A:E1 X:02 Y:02 P:85 SP:FD CPU Cycle:423314698
CFD7 $D0 $FB       BNE $CFD4 = $38             A:E0 X:02 Y:02 P:85 SP:FD CPU Cycle:423314700
CFD4 $38           SEC                         A:E0 X:02 Y:02 P:85 SP:FD CPU Cycle:423314703
CFD5 $E9 $01       SBC #$01                    A:E0 X:02 Y:02 P:85 SP:FD CPU Cycle:423314705
CFD7 $D0 $FB       BNE $CFD4 = $38             A:DF X:02 Y:02 P:85 SP:FD CPU Cycle:423314707
CFD4 $38           SEC                         A:DF X:02 Y:02 P:85 SP:FD CPU Cycle:423314710
CFD5 $E9 $01       SBC #$01                    A:DF X:02 Y:02 P:85 SP:FD CPU Cycle:423314712
CFD7 $D0 $FB       BNE $CFD4 = $38             A:DE X:02 Y:02 P:85 SP:FD CPU Cycle:423314714
CFD4 $38           SEC                         A:DE X:02 Y:02 P:85 SP:FD CPU Cycle:423314717
CFD5 $E9 $01       SBC #$01                    A:DE X:02 Y:02 P:85 SP:FD CPU Cycle:423314719
CFD7 $D0 $FB       BNE $CFD4 = $38             A:DD X:02 Y:02 P:85 SP:FD CPU Cycle:423314721
CFD4 $38           SEC                         A:DD X:02 Y:02 P:85 SP:FD CPU Cycle:423314724
CFD5 $E9 $01       SBC #$01                    A:DD X:02 Y:02 P:85 SP:FD CPU Cycle:423314726
CFD7 $D0 $FB       BNE $CFD4 = $38             A:DC X:02 Y:02 P:85 SP:FD CPU Cycle:423314728
CFD4 $38           SEC                         A:DC X:02 Y:02 P:85 SP:FD CPU Cycle:423314731
CFD5 $E9 $01       SBC #$01                    A:DC X:02 Y:02 P:85 SP:FD CPU Cycle:423314733
CFD7 $D0 $FB       BNE $CFD4 = $38             A:DB X:02 Y:02 P:85 SP:FD CPU Cycle:423314735
CFD4 $38           SEC                         A:DB X:02 Y:02 P:85 SP:FD CPU Cycle:423314738
CFD5 $E9 $01       SBC #$01                    A:DB X:02 Y:02 P:85 SP:FD CPU Cycle:423314740
CFD7 $D0 $FB       BNE $CFD4 = $38             A:DA X:02 Y:02 P:85 SP:FD CPU Cycle:423314742
CFD4 $38           SEC                         A:DA X:02 Y:02 P:85 SP:FD CPU Cycle:423314745
CFD5 $E9 $01       SBC #$01                    A:DA X:02 Y:02 P:85 SP:FD CPU Cycle:423314747
CFD7 $D0 $FB       BNE $CFD4 = $38             A:D9 X:02 Y:02 P:85 SP:FD CPU Cycle:423314749
CFD4 $38           SEC                         A:D9 X:02 Y:02 P:85 SP:FD CPU Cycle:423314752
CFD5 $E9 $01       SBC #$01                    A:D9 X:02 Y:02 P:85 SP:FD CPU Cycle:423314754
CFD7 $D0 $FB       BNE $CFD4 = $38             A:D8 X:02 Y:02 P:85 SP:FD CPU Cycle:423314756
CFD4 $38           SEC                         A:D8 X:02 Y:02 P:85 SP:FD CPU Cycle:423314759
CFD5 $E9 $01       SBC #$01                    A:D8 X:02 Y:02 P:85 SP:FD CPU Cycle:423314761
CFD7 $D0 $FB       BNE $CFD4 = $38             A:D7 X:02 Y:02 P:85 SP:FD CPU Cycle:423314763
CFD4 $38           SEC                         A:D7 X:02 Y:02 P:85 SP:FD CPU Cycle:423314766
CFD5 $E9 $01       SBC #$01                    A:D7 X:02 Y:02 P:85 SP:FD CPU Cycle:423314768
CFD7 $D0 $FB       BNE $CFD4 = $38             A:D6 X:02 Y:02 P:85 SP:FD CPU Cycle:423314770
CFD4 $38           SEC                         A:D6 X:02 Y:02 P:85 SP:FD CPU Cycle:423314773
CFD5 $E9 $01       SBC #$01                    A:D6 X:02 Y:02 P:85 SP:FD CPU Cycle:423314775
CFD7 $D0 $FB       BNE $CFD4 = $38             A:D5 X:02 Y:02 P:85 SP:FD CPU Cycle:423314777
CFD4 $38           SEC                         A:D5 X:02 Y:02 P:85 SP:FD CPU Cycle:423314780
CFD5 $E9 $01       SBC #$01                    A:D5 X:02 Y:02 P:85 SP:FD CPU Cycle:423314782
CFD7 $D0 $FB       BNE $CFD4 = $38             A:D4 X:02 Y:02 P:85 SP:FD CPU Cycle:423314784
CFD4 $38           SEC                         A:D4 X:02 Y:02 P:85 SP:FD CPU Cycle:423314787
CFD5 $E9 $01       SBC #$01                    A:D4 X:02 Y:02 P:85 SP:FD CPU Cycle:423314789
CFD7 $D0 $FB       BNE $CFD4 = $38             A:D3 X:02 Y:02 P:85 SP:FD CPU Cycle:423314791
CFD4 $38           SEC                         A:D3 X:02 Y:02 P:85 SP:FD CPU Cycle:423314794
CFD5 $E9 $01       SBC #$01                    A:D3 X:02 Y:02 P:85 SP:FD CPU Cycle:423314796
CFD7 $D0 $FB       BNE $CFD4 = $38             A:D2 X:02 Y:02 P:85 SP:FD CPU Cycle:423314798
CFD4 $38           SEC                         A:D2 X:02 Y:02 P:85 SP:FD CPU Cycle:423314801
CFD5 $E9 $01       SBC #$01                    A:D2 X:02 Y:02 P:85 SP:FD CPU Cycle:423314803
CFD7 $D0 $FB       BNE $CFD4 = $38             A:D1 X:02 Y:02 P:85 SP:FD CPU Cycle:423314805
CFD4 $38           SEC                         A:D1 X:02 Y:02 P:85 SP:FD CPU Cycle:423314808
CFD5 $E9 $01       SBC #$01                    A:D1 X:02 Y:02 P:85 SP:FD CPU Cycle:423314810
CFD7 $D0 $FB       BNE $CFD4 = $38             A:D0 X:02 Y:02 P:85 SP:FD CPU Cycle:423314812
CFD4 $38           SEC                         A:D0 X:02 Y:02 P:85 SP:FD CPU Cycle:423314815
CFD5 $E9 $01       SBC #$01                    A:D0 X:02 Y:02 P:85 SP:FD CPU Cycle:423314817
CFD7 $D0 $FB       BNE $CFD4 = $38             A:CF X:02 Y:02 P:85 SP:FD CPU Cycle:423314819
CFD4 $38           SEC                         A:CF X:02 Y:02 P:85 SP:FD CPU Cycle:423314822
CFD5 $E9 $01       SBC #$01                    A:CF X:02 Y:02 P:85 SP:FD CPU Cycle:423314824
CFD7 $D0 $FB       BNE $CFD4 = $38             A:CE X:02 Y:02 P:85 SP:FD CPU Cycle:423314826
CFD4 $38           SEC                         A:CE X:02 Y:02 P:85 SP:FD CPU Cycle:423314829
CFD5 $E9 $01       SBC #$01                    A:CE X:02 Y:02 P:85 SP:FD CPU Cycle:423314831
CFD7 $D0 $FB       BNE $CFD4 = $38             A:CD X:02 Y:02 P:85 SP:FD CPU Cycle:423314833
CFD4 $38           SEC                         A:CD X:02 Y:02 P:85 SP:FD CPU Cycle:423314836
CFD5 $E9 $01       SBC #$01                    A:CD X:02 Y:02 P:85 SP:FD CPU Cycle:423314838
CFD7 $D0 $FB       BNE $CFD4 = $38             A:CC X:02 Y:02 P:85 SP:FD CPU Cycle:423314840
CFD4 $38           SEC                         A:CC X:02 Y:02 P:85 SP:FD CPU Cycle:423314843
CFD5 $E9 $01       SBC #$01                    A:CC X:02 Y:02 P:85 SP:FD CPU Cycle:423314845
CFD7 $D0 $FB       BNE $CFD4 = $38             A:CB X:02 Y:02 P:85 SP:FD CPU Cycle:423314847
CFD4 $38           SEC                         A:CB X:02 Y:02 P:85 SP:FD CPU Cycle:423314850
CFD5 $E9 $01       SBC #$01                    A:CB X:02 Y:02 P:85 SP:FD CPU Cycle:423314852
CFD7 $D0 $FB       BNE $CFD4 = $38             A:CA X:02 Y:02 P:85 SP:FD CPU Cycle:423314854
CFD4 $38           SEC                         A:CA X:02 Y:02 P:85 SP:FD CPU Cycle:423314857
CFD5 $E9 $01       SBC #$01                    A:CA X:02 Y:02 P:85 SP:FD CPU Cycle:423314859
CFD7 $D0 $FB       BNE $CFD4 = $38             A:C9 X:02 Y:02 P:85 SP:FD CPU Cycle:423314861
CFD4 $38           SEC                         A:C9 X:02 Y:02 P:85 SP:FD CPU Cycle:423314864
CFD5 $E9 $01       SBC #$01                    A:C9 X:02 Y:02 P:85 SP:FD CPU Cycle:423314866
CFD7 $D0 $FB       BNE $CFD4 = $38             A:C8 X:02 Y:02 P:85 SP:FD CPU Cycle:423314868
CFD4 $38           SEC                         A:C8 X:02 Y:02 P:85 SP:FD CPU Cycle:423314871
CFD5 $E9 $01       SBC #$01                    A:C8 X:02 Y:02 P:85 SP:FD CPU Cycle:423314873
CFD7 $D0 $FB       BNE $CFD4 = $38             A:C7 X:02 Y:02 P:85 SP:FD CPU Cycle:423314875
CFD4 $38           SEC                         A:C7 X:02 Y:02 P:85 SP:FD CPU Cycle:423314878
CFD5 $E9 $01       SBC #$01                    A:C7 X:02 Y:02 P:85 SP:FD CPU Cycle:423314880
CFD7 $D0 $FB       BNE $CFD4 = $38             A:C6 X:02 Y:02 P:85 SP:FD CPU Cycle:423314882
CFD4 $38           SEC                         A:C6 X:02 Y:02 P:85 SP:FD CPU Cycle:423314885
CFD5 $E9 $01       SBC #$01                    A:C6 X:02 Y:02 P:85 SP:FD CPU Cycle:423314887
CFD7 $D0 $FB       BNE $CFD4 = $38             A:C5 X:02 Y:02 P:85 SP:FD CPU Cycle:423314889
CFD4 $38           SEC                         A:C5 X:02 Y:02 P:85 SP:FD CPU Cycle:423314892
CFD5 $E9 $01       SBC #$01                    A:C5 X:02 Y:02 P:85 SP:FD CPU Cycle:423314894
CFD7 $D0 $FB       BNE $CFD4 = $38             A:C4 X:02 Y:02 P:85 SP:FD CPU Cycle:423314896
CFD4 $38           SEC                         A:C4 X:02 Y:02 P:85 SP:FD CPU Cycle:423314899
CFD5 $E9 $01       SBC #$01                    A:C4 X:02 Y:02 P:85 SP:FD CPU Cycle:423314901
CFD7 $D0 $FB       BNE $CFD4 = $38             A:C3 X:02 Y:02 P:85 SP:FD CPU Cycle:423314903
CFD4 $38           SEC                         A:C3 X:02 Y:02 P:85 SP:FD CPU Cycle:423314906
CFD5 $E9 $01       SBC #$01                    A:C3 X:02 Y:02 P:85 SP:FD CPU Cycle:423314908
CFD7 $D0 $FB       BNE $CFD4 = $38             A:C2 X:02 Y:02 P:85 SP:FD CPU Cycle:423314910
CFD4 $38           SEC                         A:C2 X:02 Y:02 P:85 SP:FD CPU Cycle:423314913
CFD5 $E9 $01       SBC #$01                    A:C2 X:02 Y:02 P:85 SP:FD CPU Cycle:423314915
CFD7 $D0 $FB       BNE $CFD4 = $38             A:C1 X:02 Y:02 P:85 SP:FD CPU Cycle:423314917
CFD4 $38           SEC                         A:C1 X:02 Y:02 P:85 SP:FD CPU Cycle:423314920
CFD5 $E9 $01       SBC #$01                    A:C1 X:02 Y:02 P:85 SP:FD CPU Cycle:423314922
CFD7 $D0 $FB       BNE $CFD4 = $38             A:C0 X:02 Y:02 P:85 SP:FD CPU Cycle:423314924
CFD4 $38           SEC                         A:C0 X:02 Y:02 P:85 SP:FD CPU Cycle:423314927
CFD5 $E9 $01       SBC #$01                    A:C0 X:02 Y:02 P:85 SP:FD CPU Cycle:423314929
CFD7 $D0 $FB       BNE $CFD4 = $38             A:BF X:02 Y:02 P:85 SP:FD CPU Cycle:423314931
CFD4 $38           SEC                         A:BF X:02 Y:02 P:85 SP:FD CPU Cycle:423314934
CFD5 $E9 $01       SBC #$01                    A:BF X:02 Y:02 P:85 SP:FD CPU Cycle:423314936
CFD7 $D0 $FB       BNE $CFD4 = $38             A:BE X:02 Y:02 P:85 SP:FD CPU Cycle:423314938
CFD4 $38           SEC                         A:BE X:02 Y:02 P:85 SP:FD CPU Cycle:423314941
CFD5 $E9 $01       SBC #$01                    A:BE X:02 Y:02 P:85 SP:FD CPU Cycle:423314943
CFD7 $D0 $FB       BNE $CFD4 = $38             A:BD X:02 Y:02 P:85 SP:FD CPU Cycle:423314945
CFD4 $38           SEC                         A:BD X:02 Y:02 P:85 SP:FD CPU Cycle:423314948
CFD5 $E9 $01       SBC #$01                    A:BD X:02 Y:02 P:85 SP:FD CPU Cycle:423314950
CFD7 $D0 $FB       BNE $CFD4 = $38             A:BC X:02 Y:02 P:85 SP:FD CPU Cycle:423314952
CFD4 $38           SEC                         A:BC X:02 Y:02 P:85 SP:FD CPU Cycle:423314955
CFD5 $E9 $01       SBC #$01                    A:BC X:02 Y:02 P:85 SP:FD CPU Cycle:423314957
CFD7 $D0 $FB       BNE $CFD4 = $38             A:BB X:02 Y:02 P:85 SP:FD CPU Cycle:423314959
CFD4 $38           SEC                         A:BB X:02 Y:02 P:85 SP:FD CPU Cycle:423314962
CFD5 $E9 $01       SBC #$01                    A:BB X:02 Y:02 P:85 SP:FD CPU Cycle:423314964
CFD7 $D0 $FB       BNE $CFD4 = $38             A:BA X:02 Y:02 P:85 SP:FD CPU Cycle:423314966
CFD4 $38           SEC                         A:BA X:02 Y:02 P:85 SP:FD CPU Cycle:423314969
CFD5 $E9 $01       SBC #$01                    A:BA X:02 Y:02 P:85 SP:FD CPU Cycle:423314971
CFD7 $D0 $FB       BNE $CFD4 = $38             A:B9 X:02 Y:02 P:85 SP:FD CPU Cycle:423314973
CFD4 $38           SEC                         A:B9 X:02 Y:02 P:85 SP:FD CPU Cycle:423314976
CFD5 $E9 $01       SBC #$01                    A:B9 X:02 Y:02 P:85 SP:FD CPU Cycle:423314978
CFD7 $D0 $FB       BNE $CFD4 = $38             A:B8 X:02 Y:02 P:85 SP:FD CPU Cycle:423314980
CFD4 $38           SEC                         A:B8 X:02 Y:02 P:85 SP:FD CPU Cycle:423314983
CFD5 $E9 $01       SBC #$01                    A:B8 X:02 Y:02 P:85 SP:FD CPU Cycle:423314985
CFD7 $D0 $FB       BNE $CFD4 = $38             A:B7 X:02 Y:02 P:85 SP:FD CPU Cycle:423314987
CFD4 $38           SEC                         A:B7 X:02 Y:02 P:85 SP:FD CPU Cycle:423314990
CFD5 $E9 $01       SBC #$01                    A:B7 X:02 Y:02 P:85 SP:FD CPU Cycle:423314992
CFD7 $D0 $FB       BNE $CFD4 = $38             A:B6 X:02 Y:02 P:85 SP:FD CPU Cycle:423314994
CFD4 $38           SEC                         A:B6 X:02 Y:02 P:85 SP:FD CPU Cycle:423314997
CFD5 $E9 $01       SBC #$01                    A:B6 X:02 Y:02 P:85 SP:FD CPU Cycle:423314999
CFD7 $D0 $FB       BNE $CFD4 = $38             A:B5 X:02 Y:02 P:85 SP:FD CPU Cycle:423315001
CFD4 $38           SEC                         A:B5 X:02 Y:02 P:85 SP:FD CPU Cycle:423315004
CFD5 $E9 $01       SBC #$01                    A:B5 X:02 Y:02 P:85 SP:FD CPU Cycle:423315006
CFD7 $D0 $FB       BNE $CFD4 = $38             A:B4 X:02 Y:02 P:85 SP:FD CPU Cycle:423315008
CFD4 $38           SEC                         A:B4 X:02 Y:02 P:85 SP:FD CPU Cycle:423315011
CFD5 $E9 $01       SBC #$01                    A:B4 X:02 Y:02 P:85 SP:FD CPU Cycle:423315013
CFD7 $D0 $FB       BNE $CFD4 = $38             A:B3 X:02 Y:02 P:85 SP:FD CPU Cycle:423315015
CFD4 $38           SEC                         A:B3 X:02 Y:02 P:85 SP:FD CPU Cycle:423315018
CFD5 $E9 $01       SBC #$01                    A:B3 X:02 Y:02 P:85 SP:FD CPU Cycle:423315020
CFD7 $D0 $FB       BNE $CFD4 = $38             A:B2 X:02 Y:02 P:85 SP:FD CPU Cycle:423315022
CFD4 $38           SEC                         A:B2 X:02 Y:02 P:85 SP:FD CPU Cycle:423315025
CFD5 $E9 $01       SBC #$01                    A:B2 X:02 Y:02 P:85 SP:FD CPU Cycle:423315027
CFD7 $D0 $FB       BNE $CFD4 = $38             A:B1 X:02 Y:02 P:85 SP:FD CPU Cycle:423315029
CFD4 $38           SEC                         A:B1 X:02 Y:02 P:85 SP:FD CPU Cycle:423315032
CFD5 $E9 $01       SBC #$01                    A:B1 X:02 Y:02 P:85 SP:FD CPU Cycle:423315034
CFD7 $D0 $FB       BNE $CFD4 = $38             A:B0 X:02 Y:02 P:85 SP:FD CPU Cycle:423315036
CFD4 $38           SEC                         A:B0 X:02 Y:02 P:85 SP:FD CPU Cycle:423315039
CFD5 $E9 $01       SBC #$01                    A:B0 X:02 Y:02 P:85 SP:FD CPU Cycle:423315041
CFD7 $D0 $FB       BNE $CFD4 = $38             A:AF X:02 Y:02 P:85 SP:FD CPU Cycle:423315043
CFD4 $38           SEC                         A:AF X:02 Y:02 P:85 SP:FD CPU Cycle:423315046
CFD5 $E9 $01       SBC #$01                    A:AF X:02 Y:02 P:85 SP:FD CPU Cycle:423315048
CFD7 $D0 $FB       BNE $CFD4 = $38             A:AE X:02 Y:02 P:85 SP:FD CPU Cycle:423315050
CFD4 $38           SEC                         A:AE X:02 Y:02 P:85 SP:FD CPU Cycle:423315053
CFD5 $E9 $01       SBC #$01                    A:AE X:02 Y:02 P:85 SP:FD CPU Cycle:423315055
CFD7 $D0 $FB       BNE $CFD4 = $38             A:AD X:02 Y:02 P:85 SP:FD CPU Cycle:423315057
CFD4 $38           SEC                         A:AD X:02 Y:02 P:85 SP:FD CPU Cycle:423315060
CFD5 $E9 $01       SBC #$01                    A:AD X:02 Y:02 P:85 SP:FD CPU Cycle:423315062
CFD7 $D0 $FB       BNE $CFD4 = $38             A:AC X:02 Y:02 P:85 SP:FD CPU Cycle:423315064
CFD4 $38           SEC                         A:AC X:02 Y:02 P:85 SP:FD CPU Cycle:423315067
CFD5 $E9 $01       SBC #$01                    A:AC X:02 Y:02 P:85 SP:FD CPU Cycle:423315069
CFD7 $D0 $FB       BNE $CFD4 = $38             A:AB X:02 Y:02 P:85 SP:FD CPU Cycle:423315071
CFD4 $38           SEC                         A:AB X:02 Y:02 P:85 SP:FD CPU Cycle:423315074
CFD5 $E9 $01       SBC #$01                    A:AB X:02 Y:02 P:85 SP:FD CPU Cycle:423315076
CFD7 $D0 $FB       BNE $CFD4 = $38             A:AA X:02 Y:02 P:85 SP:FD CPU Cycle:423315078
CFD4 $38           SEC                         A:AA X:02 Y:02 P:85 SP:FD CPU Cycle:423315081
CFD5 $E9 $01       SBC #$01                    A:AA X:02 Y:02 P:85 SP:FD CPU Cycle:423315083
CFD7 $D0 $FB       BNE $CFD4 = $38             A:A9 X:02 Y:02 P:85 SP:FD CPU Cycle:423315085
CFD4 $38           SEC                         A:A9 X:02 Y:02 P:85 SP:FD CPU Cycle:423315088
CFD5 $E9 $01       SBC #$01                    A:A9 X:02 Y:02 P:85 SP:FD CPU Cycle:423315090
CFD7 $D0 $FB       BNE $CFD4 = $38             A:A8 X:02 Y:02 P:85 SP:FD CPU Cycle:423315092
CFD4 $38           SEC                         A:A8 X:02 Y:02 P:85 SP:FD CPU Cycle:423315095
CFD5 $E9 $01       SBC #$01                    A:A8 X:02 Y:02 P:85 SP:FD CPU Cycle:423315097
CFD7 $D0 $FB       BNE $CFD4 = $38             A:A7 X:02 Y:02 P:85 SP:FD CPU Cycle:423315099
CFD4 $38           SEC                         A:A7 X:02 Y:02 P:85 SP:FD CPU Cycle:423315102
CFD5 $E9 $01       SBC #$01                    A:A7 X:02 Y:02 P:85 SP:FD CPU Cycle:423315104
CFD7 $D0 $FB       BNE $CFD4 = $38             A:A6 X:02 Y:02 P:85 SP:FD CPU Cycle:423315106
CFD4 $38           SEC                         A:A6 X:02 Y:02 P:85 SP:FD CPU Cycle:423315109
CFD5 $E9 $01       SBC #$01                    A:A6 X:02 Y:02 P:85 SP:FD CPU Cycle:423315111
CFD7 $D0 $FB       BNE $CFD4 = $38             A:A5 X:02 Y:02 P:85 SP:FD CPU Cycle:423315113
CFD4 $38           SEC                         A:A5 X:02 Y:02 P:85 SP:FD CPU Cycle:423315116
CFD5 $E9 $01       SBC #$01                    A:A5 X:02 Y:02 P:85 SP:FD CPU Cycle:423315118
CFD7 $D0 $FB       BNE $CFD4 = $38             A:A4 X:02 Y:02 P:85 SP:FD CPU Cycle:423315120
CFD4 $38           SEC                         A:A4 X:02 Y:02 P:85 SP:FD CPU Cycle:423315123
CFD5 $E9 $01       SBC #$01                    A:A4 X:02 Y:02 P:85 SP:FD CPU Cycle:423315125
CFD7 $D0 $FB       BNE $CFD4 = $38             A:A3 X:02 Y:02 P:85 SP:FD CPU Cycle:423315127
CFD4 $38           SEC                         A:A3 X:02 Y:02 P:85 SP:FD CPU Cycle:423315130
CFD5 $E9 $01       SBC #$01                    A:A3 X:02 Y:02 P:85 SP:FD CPU Cycle:423315132
CFD7 $D0 $FB       BNE $CFD4 = $38             A:A2 X:02 Y:02 P:85 SP:FD CPU Cycle:423315134
CFD4 $38           SEC                         A:A2 X:02 Y:02 P:85 SP:FD CPU Cycle:423315137
CFD5 $E9 $01       SBC #$01                    A:A2 X:02 Y:02 P:85 SP:FD CPU Cycle:423315139
CFD7 $D0 $FB       BNE $CFD4 = $38             A:A1 X:02 Y:02 P:85 SP:FD CPU Cycle:423315141
CFD4 $38           SEC                         A:A1 X:02 Y:02 P:85 SP:FD CPU Cycle:423315144
CFD5 $E9 $01       SBC #$01                    A:A1 X:02 Y:02 P:85 SP:FD CPU Cycle:423315146
CFD7 $D0 $FB       BNE $CFD4 = $38             A:A0 X:02 Y:02 P:85 SP:FD CPU Cycle:423315148
CFD4 $38           SEC                         A:A0 X:02 Y:02 P:85 SP:FD CPU Cycle:423315151
CFD5 $E9 $01       SBC #$01                    A:A0 X:02 Y:02 P:85 SP:FD CPU Cycle:423315153
CFD7 $D0 $FB       BNE $CFD4 = $38             A:9F X:02 Y:02 P:85 SP:FD CPU Cycle:423315155
CFD4 $38           SEC                         A:9F X:02 Y:02 P:85 SP:FD CPU Cycle:423315158
CFD5 $E9 $01       SBC #$01                    A:9F X:02 Y:02 P:85 SP:FD CPU Cycle:423315160
CFD7 $D0 $FB       BNE $CFD4 = $38             A:9E X:02 Y:02 P:85 SP:FD CPU Cycle:423315162
CFD4 $38           SEC                         A:9E X:02 Y:02 P:85 SP:FD CPU Cycle:423315165
CFD5 $E9 $01       SBC #$01                    A:9E X:02 Y:02 P:85 SP:FD CPU Cycle:423315167
CFD7 $D0 $FB       BNE $CFD4 = $38             A:9D X:02 Y:02 P:85 SP:FD CPU Cycle:423315169
CFD4 $38           SEC                         A:9D X:02 Y:02 P:85 SP:FD CPU Cycle:423315172
CFD5 $E9 $01       SBC #$01                    A:9D X:02 Y:02 P:85 SP:FD CPU Cycle:423315174
CFD7 $D0 $FB       BNE $CFD4 = $38             A:9C X:02 Y:02 P:85 SP:FD CPU Cycle:423315176
CFD4 $38           SEC                         A:9C X:02 Y:02 P:85 SP:FD CPU Cycle:423315179
CFD5 $E9 $01       SBC #$01                    A:9C X:02 Y:02 P:85 SP:FD CPU Cycle:423315181
CFD7 $D0 $FB       BNE $CFD4 = $38             A:9B X:02 Y:02 P:85 SP:FD CPU Cycle:423315183
CFD4 $38           SEC                         A:9B X:02 Y:02 P:85 SP:FD CPU Cycle:423315186
CFD5 $E9 $01       SBC #$01                    A:9B X:02 Y:02 P:85 SP:FD CPU Cycle:423315188
CFD7 $D0 $FB       BNE $CFD4 = $38             A:9A X:02 Y:02 P:85 SP:FD CPU Cycle:423315190
CFD4 $38           SEC                         A:9A X:02 Y:02 P:85 SP:FD CPU Cycle:423315193
CFD5 $E9 $01       SBC #$01                    A:9A X:02 Y:02 P:85 SP:FD CPU Cycle:423315195
CFD7 $D0 $FB       BNE $CFD4 = $38             A:99 X:02 Y:02 P:85 SP:FD CPU Cycle:423315197
CFD4 $38           SEC                         A:99 X:02 Y:02 P:85 SP:FD CPU Cycle:423315200
CFD5 $E9 $01       SBC #$01                    A:99 X:02 Y:02 P:85 SP:FD CPU Cycle:423315202
CFD7 $D0 $FB       BNE $CFD4 = $38             A:98 X:02 Y:02 P:85 SP:FD CPU Cycle:423315204
CFD4 $38           SEC                         A:98 X:02 Y:02 P:85 SP:FD CPU Cycle:423315207
CFD5 $E9 $01       SBC #$01                    A:98 X:02 Y:02 P:85 SP:FD CPU Cycle:423315209
CFD7 $D0 $FB       BNE $CFD4 = $38             A:97 X:02 Y:02 P:85 SP:FD CPU Cycle:423315211
CFD4 $38           SEC                         A:97 X:02 Y:02 P:85 SP:FD CPU Cycle:423315214
CFD5 $E9 $01       SBC #$01                    A:97 X:02 Y:02 P:85 SP:FD CPU Cycle:423315216
CFD7 $D0 $FB       BNE $CFD4 = $38             A:96 X:02 Y:02 P:85 SP:FD CPU Cycle:423315218
CFD4 $38           SEC                         A:96 X:02 Y:02 P:85 SP:FD CPU Cycle:423315221
CFD5 $E9 $01       SBC #$01                    A:96 X:02 Y:02 P:85 SP:FD CPU Cycle:423315223
CFD7 $D0 $FB       BNE $CFD4 = $38             A:95 X:02 Y:02 P:85 SP:FD CPU Cycle:423315225
CFD4 $38           SEC                         A:95 X:02 Y:02 P:85 SP:FD CPU Cycle:423315228
CFD5 $E9 $01       SBC #$01                    A:95 X:02 Y:02 P:85 SP:FD CPU Cycle:423315230
CFD7 $D0 $FB       BNE $CFD4 = $38             A:94 X:02 Y:02 P:85 SP:FD CPU Cycle:423315232
CFD4 $38           SEC                         A:94 X:02 Y:02 P:85 SP:FD CPU Cycle:423315235
CFD5 $E9 $01       SBC #$01                    A:94 X:02 Y:02 P:85 SP:FD CPU Cycle:423315237
CFD7 $D0 $FB       BNE $CFD4 = $38             A:93 X:02 Y:02 P:85 SP:FD CPU Cycle:423315239
CFD4 $38           SEC                         A:93 X:02 Y:02 P:85 SP:FD CPU Cycle:423315242
CFD5 $E9 $01       SBC #$01                    A:93 X:02 Y:02 P:85 SP:FD CPU Cycle:423315244
CFD7 $D0 $FB       BNE $CFD4 = $38             A:92 X:02 Y:02 P:85 SP:FD CPU Cycle:423315246
CFD4 $38           SEC                         A:92 X:02 Y:02 P:85 SP:FD CPU Cycle:423315249
CFD5 $E9 $01       SBC #$01                    A:92 X:02 Y:02 P:85 SP:FD CPU Cycle:423315251
CFD7 $D0 $FB       BNE $CFD4 = $38             A:91 X:02 Y:02 P:85 SP:FD CPU Cycle:423315253
CFD4 $38           SEC                         A:91 X:02 Y:02 P:85 SP:FD CPU Cycle:423315256
CFD5 $E9 $01       SBC #$01                    A:91 X:02 Y:02 P:85 SP:FD CPU Cycle:423315258
CFD7 $D0 $FB       BNE $CFD4 = $38             A:90 X:02 Y:02 P:85 SP:FD CPU Cycle:423315260
CFD4 $38           SEC                         A:90 X:02 Y:02 P:85 SP:FD CPU Cycle:423315263
CFD5 $E9 $01       SBC #$01                    A:90 X:02 Y:02 P:85 SP:FD CPU Cycle:423315265
CFD7 $D0 $FB       BNE $CFD4 = $38             A:8F X:02 Y:02 P:85 SP:FD CPU Cycle:423315267
CFD4 $38           SEC                         A:8F X:02 Y:02 P:85 SP:FD CPU Cycle:423315270
CFD5 $E9 $01       SBC #$01                    A:8F X:02 Y:02 P:85 SP:FD CPU Cycle:423315272
CFD7 $D0 $FB       BNE $CFD4 = $38             A:8E X:02 Y:02 P:85 SP:FD CPU Cycle:423315274
CFD4 $38           SEC                         A:8E X:02 Y:02 P:85 SP:FD CPU Cycle:423315277
CFD5 $E9 $01       SBC #$01                    A:8E X:02 Y:02 P:85 SP:FD CPU Cycle:423315279
CFD7 $D0 $FB       BNE $CFD4 = $38             A:8D X:02 Y:02 P:85 SP:FD CPU Cycle:423315281
CFD4 $38           SEC                         A:8D X:02 Y:02 P:85 SP:FD CPU Cycle:423315284
CFD5 $E9 $01       SBC #$01                    A:8D X:02 Y:02 P:85 SP:FD CPU Cycle:423315286
CFD7 $D0 $FB       BNE $CFD4 = $38             A:8C X:02 Y:02 P:85 SP:FD CPU Cycle:423315288
CFD4 $38           SEC                         A:8C X:02 Y:02 P:85 SP:FD CPU Cycle:423315291
CFD5 $E9 $01       SBC #$01                    A:8C X:02 Y:02 P:85 SP:FD CPU Cycle:423315293
CFD7 $D0 $FB       BNE $CFD4 = $38             A:8B X:02 Y:02 P:85 SP:FD CPU Cycle:423315295
CFD4 $38           SEC                         A:8B X:02 Y:02 P:85 SP:FD CPU Cycle:423315298
CFD5 $E9 $01       SBC #$01                    A:8B X:02 Y:02 P:85 SP:FD CPU Cycle:423315300
CFD7 $D0 $FB       BNE $CFD4 = $38             A:8A X:02 Y:02 P:85 SP:FD CPU Cycle:423315302
CFD4 $38           SEC                         A:8A X:02 Y:02 P:85 SP:FD CPU Cycle:423315305
CFD5 $E9 $01       SBC #$01                    A:8A X:02 Y:02 P:85 SP:FD CPU Cycle:423315307
CFD7 $D0 $FB       BNE $CFD4 = $38             A:89 X:02 Y:02 P:85 SP:FD CPU Cycle:423315309
CFD4 $38           SEC                         A:89 X:02 Y:02 P:85 SP:FD CPU Cycle:423315312
CFD5 $E9 $01       SBC #$01                    A:89 X:02 Y:02 P:85 SP:FD CPU Cycle:423315314
CFD7 $D0 $FB       BNE $CFD4 = $38             A:88 X:02 Y:02 P:85 SP:FD CPU Cycle:423315316
CFD4 $38           SEC                         A:88 X:02 Y:02 P:85 SP:FD CPU Cycle:423315319
CFD5 $E9 $01       SBC #$01                    A:88 X:02 Y:02 P:85 SP:FD CPU Cycle:423315321
CFD7 $D0 $FB       BNE $CFD4 = $38             A:87 X:02 Y:02 P:85 SP:FD CPU Cycle:423315323
CFD4 $38           SEC                         A:87 X:02 Y:02 P:85 SP:FD CPU Cycle:423315326
CFD5 $E9 $01       SBC #$01                    A:87 X:02 Y:02 P:85 SP:FD CPU Cycle:423315328
CFD7 $D0 $FB       BNE $CFD4 = $38             A:86 X:02 Y:02 P:85 SP:FD CPU Cycle:423315330
CFD4 $38           SEC                         A:86 X:02 Y:02 P:85 SP:FD CPU Cycle:423315333
CFD5 $E9 $01       SBC #$01                    A:86 X:02 Y:02 P:85 SP:FD CPU Cycle:423315335
CFD7 $D0 $FB       BNE $CFD4 = $38             A:85 X:02 Y:02 P:85 SP:FD CPU Cycle:423315337
CFD4 $38           SEC                         A:85 X:02 Y:02 P:85 SP:FD CPU Cycle:423315340
CFD5 $E9 $01       SBC #$01                    A:85 X:02 Y:02 P:85 SP:FD CPU Cycle:423315342
CFD7 $D0 $FB       BNE $CFD4 = $38             A:84 X:02 Y:02 P:85 SP:FD CPU Cycle:423315344
CFD4 $38           SEC                         A:84 X:02 Y:02 P:85 SP:FD CPU Cycle:423315347
CFD5 $E9 $01       SBC #$01                    A:84 X:02 Y:02 P:85 SP:FD CPU Cycle:423315349
CFD7 $D0 $FB       BNE $CFD4 = $38             A:83 X:02 Y:02 P:85 SP:FD CPU Cycle:423315351
CFD4 $38           SEC                         A:83 X:02 Y:02 P:85 SP:FD CPU Cycle:423315354
CFD5 $E9 $01       SBC #$01                    A:83 X:02 Y:02 P:85 SP:FD CPU Cycle:423315356
CFD7 $D0 $FB       BNE $CFD4 = $38             A:82 X:02 Y:02 P:85 SP:FD CPU Cycle:423315358
CFD4 $38           SEC                         A:82 X:02 Y:02 P:85 SP:FD CPU Cycle:423315361
CFD5 $E9 $01       SBC #$01                    A:82 X:02 Y:02 P:85 SP:FD CPU Cycle:423315363
CFD7 $D0 $FB       BNE $CFD4 = $38             A:81 X:02 Y:02 P:85 SP:FD CPU Cycle:423315365
CFD4 $38           SEC                         A:81 X:02 Y:02 P:85 SP:FD CPU Cycle:423315368
CFD5 $E9 $01       SBC #$01                    A:81 X:02 Y:02 P:85 SP:FD CPU Cycle:423315370
CFD7 $D0 $FB       BNE $CFD4 = $38             A:80 X:02 Y:02 P:85 SP:FD CPU Cycle:423315372
CFD4 $38           SEC                         A:80 X:02 Y:02 P:85 SP:FD CPU Cycle:423315375
CFD5 $E9 $01       SBC #$01                    A:80 X:02 Y:02 P:85 SP:FD CPU Cycle:423315377
CFD7 $D0 $FB       BNE $CFD4 = $38             A:7F X:02 Y:02 P:45 SP:FD CPU Cycle:423315379
CFD4 $38           SEC                         A:7F X:02 Y:02 P:45 SP:FD CPU Cycle:423315382
CFD5 $E9 $01       SBC #$01                    A:7F X:02 Y:02 P:45 SP:FD CPU Cycle:423315384
CFD7 $D0 $FB       BNE $CFD4 = $38             A:7E X:02 Y:02 P:05 SP:FD CPU Cycle:423315386
CFD4 $38           SEC                         A:7E X:02 Y:02 P:05 SP:FD CPU Cycle:423315389
CFD5 $E9 $01       SBC #$01                    A:7E X:02 Y:02 P:05 SP:FD CPU Cycle:423315391
CFD7 $D0 $FB       BNE $CFD4 = $38             A:7D X:02 Y:02 P:05 SP:FD CPU Cycle:423315393
CFD4 $38           SEC                         A:7D X:02 Y:02 P:05 SP:FD CPU Cycle:423315396
CFD5 $E9 $01       SBC #$01                    A:7D X:02 Y:02 P:05 SP:FD CPU Cycle:423315398
CFD7 $D0 $FB       BNE $CFD4 = $38             A:7C X:02 Y:02 P:05 SP:FD CPU Cycle:423315400
CFD4 $38           SEC                         A:7C X:02 Y:02 P:05 SP:FD CPU Cycle:423315403
CFD5 $E9 $01       SBC #$01                    A:7C X:02 Y:02 P:05 SP:FD CPU Cycle:423315405
CFD7 $D0 $FB       BNE $CFD4 = $38             A:7B X:02 Y:02 P:05 SP:FD CPU Cycle:423315407
CFD4 $38           SEC                         A:7B X:02 Y:02 P:05 SP:FD CPU Cycle:423315410
CFD5 $E9 $01       SBC #$01                    A:7B X:02 Y:02 P:05 SP:FD CPU Cycle:423315412
CFD7 $D0 $FB       BNE $CFD4 = $38             A:7A X:02 Y:02 P:05 SP:FD CPU Cycle:423315414
CFD4 $38           SEC                         A:7A X:02 Y:02 P:05 SP:FD CPU Cycle:423315417
CFD5 $E9 $01       SBC #$01                    A:7A X:02 Y:02 P:05 SP:FD CPU Cycle:423315419
CFD7 $D0 $FB       BNE $CFD4 = $38             A:79 X:02 Y:02 P:05 SP:FD CPU Cycle:423315421
CFD4 $38           SEC                         A:79 X:02 Y:02 P:05 SP:FD CPU Cycle:423315424
CFD5 $E9 $01       SBC #$01                    A:79 X:02 Y:02 P:05 SP:FD CPU Cycle:423315426
CFD7 $D0 $FB       BNE $CFD4 = $38             A:78 X:02 Y:02 P:05 SP:FD CPU Cycle:423315428
CFD4 $38           SEC                         A:78 X:02 Y:02 P:05 SP:FD CPU Cycle:423315431
CFD5 $E9 $01       SBC #$01                    A:78 X:02 Y:02 P:05 SP:FD CPU Cycle:423315433
CFD7 $D0 $FB       BNE $CFD4 = $38             A:77 X:02 Y:02 P:05 SP:FD CPU Cycle:423315435
CFD4 $38           SEC                         A:77 X:02 Y:02 P:05 SP:FD CPU Cycle:423315438
CFD5 $E9 $01       SBC #$01                    A:77 X:02 Y:02 P:05 SP:FD CPU Cycle:423315440
CFD7 $D0 $FB       BNE $CFD4 = $38             A:76 X:02 Y:02 P:05 SP:FD CPU Cycle:423315442
CFD4 $38           SEC                         A:76 X:02 Y:02 P:05 SP:FD CPU Cycle:423315445
CFD5 $E9 $01       SBC #$01                    A:76 X:02 Y:02 P:05 SP:FD CPU Cycle:423315447
CFD7 $D0 $FB       BNE $CFD4 = $38             A:75 X:02 Y:02 P:05 SP:FD CPU Cycle:423315449
CFD4 $38           SEC                         A:75 X:02 Y:02 P:05 SP:FD CPU Cycle:423315452
CFD5 $E9 $01       SBC #$01                    A:75 X:02 Y:02 P:05 SP:FD CPU Cycle:423315454
CFD7 $D0 $FB       BNE $CFD4 = $38             A:74 X:02 Y:02 P:05 SP:FD CPU Cycle:423315456
CFD4 $38           SEC                         A:74 X:02 Y:02 P:05 SP:FD CPU Cycle:423315459
CFD5 $E9 $01       SBC #$01                    A:74 X:02 Y:02 P:05 SP:FD CPU Cycle:423315461
CFD7 $D0 $FB       BNE $CFD4 = $38             A:73 X:02 Y:02 P:05 SP:FD CPU Cycle:423315463
CFD4 $38           SEC                         A:73 X:02 Y:02 P:05 SP:FD CPU Cycle:423315466
CFD5 $E9 $01       SBC #$01                    A:73 X:02 Y:02 P:05 SP:FD CPU Cycle:423315468
CFD7 $D0 $FB       BNE $CFD4 = $38             A:72 X:02 Y:02 P:05 SP:FD CPU Cycle:423315470
CFD4 $38           SEC                         A:72 X:02 Y:02 P:05 SP:FD CPU Cycle:423315473
CFD5 $E9 $01       SBC #$01                    A:72 X:02 Y:02 P:05 SP:FD CPU Cycle:423315475
CFD7 $D0 $FB       BNE $CFD4 = $38             A:71 X:02 Y:02 P:05 SP:FD CPU Cycle:423315477
CFD4 $38           SEC                         A:71 X:02 Y:02 P:05 SP:FD CPU Cycle:423315480
CFD5 $E9 $01       SBC #$01                    A:71 X:02 Y:02 P:05 SP:FD CPU Cycle:423315482
CFD7 $D0 $FB       BNE $CFD4 = $38             A:70 X:02 Y:02 P:05 SP:FD CPU Cycle:423315484
CFD4 $38           SEC                         A:70 X:02 Y:02 P:05 SP:FD CPU Cycle:423315487
CFD5 $E9 $01       SBC #$01                    A:70 X:02 Y:02 P:05 SP:FD CPU Cycle:423315489
CFD7 $D0 $FB       BNE $CFD4 = $38             A:6F X:02 Y:02 P:05 SP:FD CPU Cycle:423315491
CFD4 $38           SEC                         A:6F X:02 Y:02 P:05 SP:FD CPU Cycle:423315494
CFD5 $E9 $01       SBC #$01                    A:6F X:02 Y:02 P:05 SP:FD CPU Cycle:423315496
CFD7 $D0 $FB       BNE $CFD4 = $38             A:6E X:02 Y:02 P:05 SP:FD CPU Cycle:423315498
CFD4 $38           SEC                         A:6E X:02 Y:02 P:05 SP:FD CPU Cycle:423315501
CFD5 $E9 $01       SBC #$01                    A:6E X:02 Y:02 P:05 SP:FD CPU Cycle:423315503
CFD7 $D0 $FB       BNE $CFD4 = $38             A:6D X:02 Y:02 P:05 SP:FD CPU Cycle:423315505
CFD4 $38           SEC                         A:6D X:02 Y:02 P:05 SP:FD CPU Cycle:423315508
CFD5 $E9 $01       SBC #$01                    A:6D X:02 Y:02 P:05 SP:FD CPU Cycle:423315510
CFD7 $D0 $FB       BNE $CFD4 = $38             A:6C X:02 Y:02 P:05 SP:FD CPU Cycle:423315512
CFD4 $38           SEC                         A:6C X:02 Y:02 P:05 SP:FD CPU Cycle:423315515
CFD5 $E9 $01       SBC #$01                    A:6C X:02 Y:02 P:05 SP:FD CPU Cycle:423315517
CFD7 $D0 $FB       BNE $CFD4 = $38             A:6B X:02 Y:02 P:05 SP:FD CPU Cycle:423315519
CFD4 $38           SEC                         A:6B X:02 Y:02 P:05 SP:FD CPU Cycle:423315522
CFD5 $E9 $01       SBC #$01                    A:6B X:02 Y:02 P:05 SP:FD CPU Cycle:423315524
CFD7 $D0 $FB       BNE $CFD4 = $38             A:6A X:02 Y:02 P:05 SP:FD CPU Cycle:423315526
CFD4 $38           SEC                         A:6A X:02 Y:02 P:05 SP:FD CPU Cycle:423315529
CFD5 $E9 $01       SBC #$01                    A:6A X:02 Y:02 P:05 SP:FD CPU Cycle:423315531
CFD7 $D0 $FB       BNE $CFD4 = $38             A:69 X:02 Y:02 P:05 SP:FD CPU Cycle:423315533
CFD4 $38           SEC                         A:69 X:02 Y:02 P:05 SP:FD CPU Cycle:423315536
CFD5 $E9 $01       SBC #$01                    A:69 X:02 Y:02 P:05 SP:FD CPU Cycle:423315538
CFD7 $D0 $FB       BNE $CFD4 = $38             A:68 X:02 Y:02 P:05 SP:FD CPU Cycle:423315540
CFD4 $38           SEC                         A:68 X:02 Y:02 P:05 SP:FD CPU Cycle:423315543
CFD5 $E9 $01       SBC #$01                    A:68 X:02 Y:02 P:05 SP:FD CPU Cycle:423315545
CFD7 $D0 $FB       BNE $CFD4 = $38             A:67 X:02 Y:02 P:05 SP:FD CPU Cycle:423315547
CFD4 $38           SEC                         A:67 X:02 Y:02 P:05 SP:FD CPU Cycle:423315550
CFD5 $E9 $01       SBC #$01                    A:67 X:02 Y:02 P:05 SP:FD CPU Cycle:423315552
CFD7 $D0 $FB       BNE $CFD4 = $38             A:66 X:02 Y:02 P:05 SP:FD CPU Cycle:423315554
CFD4 $38           SEC                         A:66 X:02 Y:02 P:05 SP:FD CPU Cycle:423315557
CFD5 $E9 $01       SBC #$01                    A:66 X:02 Y:02 P:05 SP:FD CPU Cycle:423315559
CFD7 $D0 $FB       BNE $CFD4 = $38             A:65 X:02 Y:02 P:05 SP:FD CPU Cycle:423315561
CFD4 $38           SEC                         A:65 X:02 Y:02 P:05 SP:FD CPU Cycle:423315564
CFD5 $E9 $01       SBC #$01                    A:65 X:02 Y:02 P:05 SP:FD CPU Cycle:423315566
CFD7 $D0 $FB       BNE $CFD4 = $38             A:64 X:02 Y:02 P:05 SP:FD CPU Cycle:423315568
CFD4 $38           SEC                         A:64 X:02 Y:02 P:05 SP:FD CPU Cycle:423315571
CFD5 $E9 $01       SBC #$01                    A:64 X:02 Y:02 P:05 SP:FD CPU Cycle:423315573
CFD7 $D0 $FB       BNE $CFD4 = $38             A:63 X:02 Y:02 P:05 SP:FD CPU Cycle:423315575
CFD4 $38           SEC                         A:63 X:02 Y:02 P:05 SP:FD CPU Cycle:423315578
CFD5 $E9 $01       SBC #$01                    A:63 X:02 Y:02 P:05 SP:FD CPU Cycle:423315580
CFD7 $D0 $FB       BNE $CFD4 = $38             A:62 X:02 Y:02 P:05 SP:FD CPU Cycle:423315582
CFD4 $38           SEC                         A:62 X:02 Y:02 P:05 SP:FD CPU Cycle:423315585
CFD5 $E9 $01       SBC #$01                    A:62 X:02 Y:02 P:05 SP:FD CPU Cycle:423315587
CFD7 $D0 $FB       BNE $CFD4 = $38             A:61 X:02 Y:02 P:05 SP:FD CPU Cycle:423315589
CFD4 $38           SEC                         A:61 X:02 Y:02 P:05 SP:FD CPU Cycle:423315592
CFD5 $E9 $01       SBC #$01                    A:61 X:02 Y:02 P:05 SP:FD CPU Cycle:423315594
CFD7 $D0 $FB       BNE $CFD4 = $38             A:60 X:02 Y:02 P:05 SP:FD CPU Cycle:423315596
CFD4 $38           SEC                         A:60 X:02 Y:02 P:05 SP:FD CPU Cycle:423315599
CFD5 $E9 $01       SBC #$01                    A:60 X:02 Y:02 P:05 SP:FD CPU Cycle:423315601
CFD7 $D0 $FB       BNE $CFD4 = $38             A:5F X:02 Y:02 P:05 SP:FD CPU Cycle:423315603
CFD4 $38           SEC                         A:5F X:02 Y:02 P:05 SP:FD CPU Cycle:423315606
CFD5 $E9 $01       SBC #$01                    A:5F X:02 Y:02 P:05 SP:FD CPU Cycle:423315608
CFD7 $D0 $FB       BNE $CFD4 = $38             A:5E X:02 Y:02 P:05 SP:FD CPU Cycle:423315610
CFD4 $38           SEC                         A:5E X:02 Y:02 P:05 SP:FD CPU Cycle:423315613
CFD5 $E9 $01       SBC #$01                    A:5E X:02 Y:02 P:05 SP:FD CPU Cycle:423315615
CFD7 $D0 $FB       BNE $CFD4 = $38             A:5D X:02 Y:02 P:05 SP:FD CPU Cycle:423315617
CFD4 $38           SEC                         A:5D X:02 Y:02 P:05 SP:FD CPU Cycle:423315620
CFD5 $E9 $01       SBC #$01                    A:5D X:02 Y:02 P:05 SP:FD CPU Cycle:423315622
CFD7 $D0 $FB       BNE $CFD4 = $38             A:5C X:02 Y:02 P:05 SP:FD CPU Cycle:423315624
CFD4 $38           SEC                         A:5C X:02 Y:02 P:05 SP:FD CPU Cycle:423315627
CFD5 $E9 $01       SBC #$01                    A:5C X:02 Y:02 P:05 SP:FD CPU Cycle:423315629
CFD7 $D0 $FB       BNE $CFD4 = $38             A:5B X:02 Y:02 P:05 SP:FD CPU Cycle:423315631
CFD4 $38           SEC                         A:5B X:02 Y:02 P:05 SP:FD CPU Cycle:423315634
CFD5 $E9 $01       SBC #$01                    A:5B X:02 Y:02 P:05 SP:FD CPU Cycle:423315636
CFD7 $D0 $FB       BNE $CFD4 = $38             A:5A X:02 Y:02 P:05 SP:FD CPU Cycle:423315638
CFD4 $38           SEC                         A:5A X:02 Y:02 P:05 SP:FD CPU Cycle:423315641
CFD5 $E9 $01       SBC #$01                    A:5A X:02 Y:02 P:05 SP:FD CPU Cycle:423315643
CFD7 $D0 $FB       BNE $CFD4 = $38             A:59 X:02 Y:02 P:05 SP:FD CPU Cycle:423315645
CFD4 $38           SEC                         A:59 X:02 Y:02 P:05 SP:FD CPU Cycle:423315648
CFD5 $E9 $01       SBC #$01                    A:59 X:02 Y:02 P:05 SP:FD CPU Cycle:423315650
CFD7 $D0 $FB       BNE $CFD4 = $38             A:58 X:02 Y:02 P:05 SP:FD CPU Cycle:423315652
CFD4 $38           SEC                         A:58 X:02 Y:02 P:05 SP:FD CPU Cycle:423315655
CFD5 $E9 $01       SBC #$01                    A:58 X:02 Y:02 P:05 SP:FD CPU Cycle:423315657
CFD7 $D0 $FB       BNE $CFD4 = $38             A:57 X:02 Y:02 P:05 SP:FD CPU Cycle:423315659
CFD4 $38           SEC                         A:57 X:02 Y:02 P:05 SP:FD CPU Cycle:423315662
CFD5 $E9 $01       SBC #$01                    A:57 X:02 Y:02 P:05 SP:FD CPU Cycle:423315664
CFD7 $D0 $FB       BNE $CFD4 = $38             A:56 X:02 Y:02 P:05 SP:FD CPU Cycle:423315666
CFD4 $38           SEC                         A:56 X:02 Y:02 P:05 SP:FD CPU Cycle:423315669
CFD5 $E9 $01       SBC #$01                    A:56 X:02 Y:02 P:05 SP:FD CPU Cycle:423315671
CFD7 $D0 $FB       BNE $CFD4 = $38             A:55 X:02 Y:02 P:05 SP:FD CPU Cycle:423315673
CFD4 $38           SEC                         A:55 X:02 Y:02 P:05 SP:FD CPU Cycle:423315676
CFD5 $E9 $01       SBC #$01                    A:55 X:02 Y:02 P:05 SP:FD CPU Cycle:423315678
CFD7 $D0 $FB       BNE $CFD4 = $38             A:54 X:02 Y:02 P:05 SP:FD CPU Cycle:423315680
CFD4 $38           SEC                         A:54 X:02 Y:02 P:05 SP:FD CPU Cycle:423315683
CFD5 $E9 $01       SBC #$01                    A:54 X:02 Y:02 P:05 SP:FD CPU Cycle:423315685
CFD7 $D0 $FB       BNE $CFD4 = $38             A:53 X:02 Y:02 P:05 SP:FD CPU Cycle:423315687
CFD4 $38           SEC                         A:53 X:02 Y:02 P:05 SP:FD CPU Cycle:423315690
CFD5 $E9 $01       SBC #$01                    A:53 X:02 Y:02 P:05 SP:FD CPU Cycle:423315692
CFD7 $D0 $FB       BNE $CFD4 = $38             A:52 X:02 Y:02 P:05 SP:FD CPU Cycle:423315694
CFD4 $38           SEC                         A:52 X:02 Y:02 P:05 SP:FD CPU Cycle:423315697
CFD5 $E9 $01       SBC #$01                    A:52 X:02 Y:02 P:05 SP:FD CPU Cycle:423315699
CFD7 $D0 $FB       BNE $CFD4 = $38             A:51 X:02 Y:02 P:05 SP:FD CPU Cycle:423315701
CFD4 $38           SEC                         A:51 X:02 Y:02 P:05 SP:FD CPU Cycle:423315704
CFD5 $E9 $01       SBC #$01                    A:51 X:02 Y:02 P:05 SP:FD CPU Cycle:423315706
CFD7 $D0 $FB       BNE $CFD4 = $38             A:50 X:02 Y:02 P:05 SP:FD CPU Cycle:423315708
CFD4 $38           SEC                         A:50 X:02 Y:02 P:05 SP:FD CPU Cycle:423315711
CFD5 $E9 $01       SBC #$01                    A:50 X:02 Y:02 P:05 SP:FD CPU Cycle:423315713
CFD7 $D0 $FB       BNE $CFD4 = $38             A:4F X:02 Y:02 P:05 SP:FD CPU Cycle:423315715
CFD4 $38           SEC                         A:4F X:02 Y:02 P:05 SP:FD CPU Cycle:423315718
CFD5 $E9 $01       SBC #$01                    A:4F X:02 Y:02 P:05 SP:FD CPU Cycle:423315720
CFD7 $D0 $FB       BNE $CFD4 = $38             A:4E X:02 Y:02 P:05 SP:FD CPU Cycle:423315722
CFD4 $38           SEC                         A:4E X:02 Y:02 P:05 SP:FD CPU Cycle:423315725
CFD5 $E9 $01       SBC #$01                    A:4E X:02 Y:02 P:05 SP:FD CPU Cycle:423315727
CFD7 $D0 $FB       BNE $CFD4 = $38             A:4D X:02 Y:02 P:05 SP:FD CPU Cycle:423315729
CFD4 $38           SEC                         A:4D X:02 Y:02 P:05 SP:FD CPU Cycle:423315732
CFD5 $E9 $01       SBC #$01                    A:4D X:02 Y:02 P:05 SP:FD CPU Cycle:423315734
CFD7 $D0 $FB       BNE $CFD4 = $38             A:4C X:02 Y:02 P:05 SP:FD CPU Cycle:423315736
CFD4 $38           SEC                         A:4C X:02 Y:02 P:05 SP:FD CPU Cycle:423315739
CFD5 $E9 $01       SBC #$01                    A:4C X:02 Y:02 P:05 SP:FD CPU Cycle:423315741
CFD7 $D0 $FB       BNE $CFD4 = $38             A:4B X:02 Y:02 P:05 SP:FD CPU Cycle:423315743
CFD4 $38           SEC                         A:4B X:02 Y:02 P:05 SP:FD CPU Cycle:423315746
CFD5 $E9 $01       SBC #$01                    A:4B X:02 Y:02 P:05 SP:FD CPU Cycle:423315748
CFD7 $D0 $FB       BNE $CFD4 = $38             A:4A X:02 Y:02 P:05 SP:FD CPU Cycle:423315750
CFD4 $38           SEC                         A:4A X:02 Y:02 P:05 SP:FD CPU Cycle:423315753
CFD5 $E9 $01       SBC #$01                    A:4A X:02 Y:02 P:05 SP:FD CPU Cycle:423315755
CFD7 $D0 $FB       BNE $CFD4 = $38             A:49 X:02 Y:02 P:05 SP:FD CPU Cycle:423315757
CFD4 $38           SEC                         A:49 X:02 Y:02 P:05 SP:FD CPU Cycle:423315760
CFD5 $E9 $01       SBC #$01                    A:49 X:02 Y:02 P:05 SP:FD CPU Cycle:423315762
CFD7 $D0 $FB       BNE $CFD4 = $38             A:48 X:02 Y:02 P:05 SP:FD CPU Cycle:423315764
CFD4 $38           SEC                         A:48 X:02 Y:02 P:05 SP:FD CPU Cycle:423315767
CFD5 $E9 $01       SBC #$01                    A:48 X:02 Y:02 P:05 SP:FD CPU Cycle:423315769
CFD7 $D0 $FB       BNE $CFD4 = $38             A:47 X:02 Y:02 P:05 SP:FD CPU Cycle:423315771
CFD4 $38           SEC                         A:47 X:02 Y:02 P:05 SP:FD CPU Cycle:423315774
CFD5 $E9 $01       SBC #$01                    A:47 X:02 Y:02 P:05 SP:FD CPU Cycle:423315776
CFD7 $D0 $FB       BNE $CFD4 = $38             A:46 X:02 Y:02 P:05 SP:FD CPU Cycle:423315778
CFD4 $38           SEC                         A:46 X:02 Y:02 P:05 SP:FD CPU Cycle:423315781
CFD5 $E9 $01       SBC #$01                    A:46 X:02 Y:02 P:05 SP:FD CPU Cycle:423315783
CFD7 $D0 $FB       BNE $CFD4 = $38             A:45 X:02 Y:02 P:05 SP:FD CPU Cycle:423315785
CFD4 $38           SEC                         A:45 X:02 Y:02 P:05 SP:FD CPU Cycle:423315788
CFD5 $E9 $01       SBC #$01                    A:45 X:02 Y:02 P:05 SP:FD CPU Cycle:423315790
CFD7 $D0 $FB       BNE $CFD4 = $38             A:44 X:02 Y:02 P:05 SP:FD CPU Cycle:423315792
CFD4 $38           SEC                         A:44 X:02 Y:02 P:05 SP:FD CPU Cycle:423315795
CFD5 $E9 $01       SBC #$01                    A:44 X:02 Y:02 P:05 SP:FD CPU Cycle:423315797
CFD7 $D0 $FB       BNE $CFD4 = $38             A:43 X:02 Y:02 P:05 SP:FD CPU Cycle:423315799
CFD4 $38           SEC                         A:43 X:02 Y:02 P:05 SP:FD CPU Cycle:423315802
CFD5 $E9 $01       SBC #$01                    A:43 X:02 Y:02 P:05 SP:FD CPU Cycle:423315804
CFD7 $D0 $FB       BNE $CFD4 = $38             A:42 X:02 Y:02 P:05 SP:FD CPU Cycle:423315806
CFD4 $38           SEC                         A:42 X:02 Y:02 P:05 SP:FD CPU Cycle:423315809
CFD5 $E9 $01       SBC #$01                    A:42 X:02 Y:02 P:05 SP:FD CPU Cycle:423315811
CFD7 $D0 $FB       BNE $CFD4 = $38             A:41 X:02 Y:02 P:05 SP:FD CPU Cycle:423315813
CFD4 $38           SEC                         A:41 X:02 Y:02 P:05 SP:FD CPU Cycle:423315816
CFD5 $E9 $01       SBC #$01                    A:41 X:02 Y:02 P:05 SP:FD CPU Cycle:423315818
CFD7 $D0 $FB       BNE $CFD4 = $38             A:40 X:02 Y:02 P:05 SP:FD CPU Cycle:423315820
CFD4 $38           SEC                         A:40 X:02 Y:02 P:05 SP:FD CPU Cycle:423315823
CFD5 $E9 $01       SBC #$01                    A:40 X:02 Y:02 P:05 SP:FD CPU Cycle:423315825
CFD7 $D0 $FB       BNE $CFD4 = $38             A:3F X:02 Y:02 P:05 SP:FD CPU Cycle:423315827
CFD4 $38           SEC                         A:3F X:02 Y:02 P:05 SP:FD CPU Cycle:423315830
CFD5 $E9 $01       SBC #$01                    A:3F X:02 Y:02 P:05 SP:FD CPU Cycle:423315832
CFD7 $D0 $FB       BNE $CFD4 = $38             A:3E X:02 Y:02 P:05 SP:FD CPU Cycle:423315834
CFD4 $38           SEC                         A:3E X:02 Y:02 P:05 SP:FD CPU Cycle:423315837
CFD5 $E9 $01       SBC #$01                    A:3E X:02 Y:02 P:05 SP:FD CPU Cycle:423315839
CFD7 $D0 $FB       BNE $CFD4 = $38             A:3D X:02 Y:02 P:05 SP:FD CPU Cycle:423315841
CFD4 $38           SEC                         A:3D X:02 Y:02 P:05 SP:FD CPU Cycle:423315844
CFD5 $E9 $01       SBC #$01                    A:3D X:02 Y:02 P:05 SP:FD CPU Cycle:423315846
CFD7 $D0 $FB       BNE $CFD4 = $38             A:3C X:02 Y:02 P:05 SP:FD CPU Cycle:423315848
CFD4 $38           SEC                         A:3C X:02 Y:02 P:05 SP:FD CPU Cycle:423315851
CFD5 $E9 $01       SBC #$01                    A:3C X:02 Y:02 P:05 SP:FD CPU Cycle:423315853
CFD7 $D0 $FB       BNE $CFD4 = $38             A:3B X:02 Y:02 P:05 SP:FD CPU Cycle:423315855
CFD4 $38           SEC                         A:3B X:02 Y:02 P:05 SP:FD CPU Cycle:423315858
CFD5 $E9 $01       SBC #$01                    A:3B X:02 Y:02 P:05 SP:FD CPU Cycle:423315860
CFD7 $D0 $FB       BNE $CFD4 = $38             A:3A X:02 Y:02 P:05 SP:FD CPU Cycle:423315862
CFD4 $38           SEC                         A:3A X:02 Y:02 P:05 SP:FD CPU Cycle:423315865
CFD5 $E9 $01       SBC #$01                    A:3A X:02 Y:02 P:05 SP:FD CPU Cycle:423315867
CFD7 $D0 $FB       BNE $CFD4 = $38             A:39 X:02 Y:02 P:05 SP:FD CPU Cycle:423315869
CFD4 $38           SEC                         A:39 X:02 Y:02 P:05 SP:FD CPU Cycle:423315872
CFD5 $E9 $01       SBC #$01                    A:39 X:02 Y:02 P:05 SP:FD CPU Cycle:423315874
CFD7 $D0 $FB       BNE $CFD4 = $38             A:38 X:02 Y:02 P:05 SP:FD CPU Cycle:423315876
CFD4 $38           SEC                         A:38 X:02 Y:02 P:05 SP:FD CPU Cycle:423315879
CFD5 $E9 $01       SBC #$01                    A:38 X:02 Y:02 P:05 SP:FD CPU Cycle:423315881
CFD7 $D0 $FB       BNE $CFD4 = $38             A:37 X:02 Y:02 P:05 SP:FD CPU Cycle:423315883
CFD4 $38           SEC                         A:37 X:02 Y:02 P:05 SP:FD CPU Cycle:423315886
CFD5 $E9 $01       SBC #$01                    A:37 X:02 Y:02 P:05 SP:FD CPU Cycle:423315888
CFD7 $D0 $FB       BNE $CFD4 = $38             A:36 X:02 Y:02 P:05 SP:FD CPU Cycle:423315890
CFD4 $38           SEC                         A:36 X:02 Y:02 P:05 SP:FD CPU Cycle:423315893
CFD5 $E9 $01       SBC #$01                    A:36 X:02 Y:02 P:05 SP:FD CPU Cycle:423315895
CFD7 $D0 $FB       BNE $CFD4 = $38             A:35 X:02 Y:02 P:05 SP:FD CPU Cycle:423315897
CFD4 $38           SEC                         A:35 X:02 Y:02 P:05 SP:FD CPU Cycle:423315900
CFD5 $E9 $01       SBC #$01                    A:35 X:02 Y:02 P:05 SP:FD CPU Cycle:423315902
CFD7 $D0 $FB       BNE $CFD4 = $38             A:34 X:02 Y:02 P:05 SP:FD CPU Cycle:423315904
CFD4 $38           SEC                         A:34 X:02 Y:02 P:05 SP:FD CPU Cycle:423315907
CFD5 $E9 $01       SBC #$01                    A:34 X:02 Y:02 P:05 SP:FD CPU Cycle:423315909
CFD7 $D0 $FB       BNE $CFD4 = $38             A:33 X:02 Y:02 P:05 SP:FD CPU Cycle:423315911
CFD4 $38           SEC                         A:33 X:02 Y:02 P:05 SP:FD CPU Cycle:423315914
CFD5 $E9 $01       SBC #$01                    A:33 X:02 Y:02 P:05 SP:FD CPU Cycle:423315916
CFD7 $D0 $FB       BNE $CFD4 = $38             A:32 X:02 Y:02 P:05 SP:FD CPU Cycle:423315918
CFD4 $38           SEC                         A:32 X:02 Y:02 P:05 SP:FD CPU Cycle:423315921
CFD5 $E9 $01       SBC #$01                    A:32 X:02 Y:02 P:05 SP:FD CPU Cycle:423315923
CFD7 $D0 $FB       BNE $CFD4 = $38             A:31 X:02 Y:02 P:05 SP:FD CPU Cycle:423315925
CFD4 $38           SEC                         A:31 X:02 Y:02 P:05 SP:FD CPU Cycle:423315928
CFD5 $E9 $01       SBC #$01                    A:31 X:02 Y:02 P:05 SP:FD CPU Cycle:423315930
CFD7 $D0 $FB       BNE $CFD4 = $38             A:30 X:02 Y:02 P:05 SP:FD CPU Cycle:423315932
CFD4 $38           SEC                         A:30 X:02 Y:02 P:05 SP:FD CPU Cycle:423315935
CFD5 $E9 $01       SBC #$01                    A:30 X:02 Y:02 P:05 SP:FD CPU Cycle:423315937
CFD7 $D0 $FB       BNE $CFD4 = $38             A:2F X:02 Y:02 P:05 SP:FD CPU Cycle:423315939
CFD4 $38           SEC                         A:2F X:02 Y:02 P:05 SP:FD CPU Cycle:423315942
CFD5 $E9 $01       SBC #$01                    A:2F X:02 Y:02 P:05 SP:FD CPU Cycle:423315944
CFD7 $D0 $FB       BNE $CFD4 = $38             A:2E X:02 Y:02 P:05 SP:FD CPU Cycle:423315946
CFD4 $38           SEC                         A:2E X:02 Y:02 P:05 SP:FD CPU Cycle:423315949
CFD5 $E9 $01       SBC #$01                    A:2E X:02 Y:02 P:05 SP:FD CPU Cycle:423315951
CFD7 $D0 $FB       BNE $CFD4 = $38             A:2D X:02 Y:02 P:05 SP:FD CPU Cycle:423315953
CFD4 $38           SEC                         A:2D X:02 Y:02 P:05 SP:FD CPU Cycle:423315956
CFD5 $E9 $01       SBC #$01                    A:2D X:02 Y:02 P:05 SP:FD CPU Cycle:423315958
CFD7 $D0 $FB       BNE $CFD4 = $38             A:2C X:02 Y:02 P:05 SP:FD CPU Cycle:423315960
CFD4 $38           SEC                         A:2C X:02 Y:02 P:05 SP:FD CPU Cycle:423315963
CFD5 $E9 $01       SBC #$01                    A:2C X:02 Y:02 P:05 SP:FD CPU Cycle:423315965
CFD7 $D0 $FB       BNE $CFD4 = $38             A:2B X:02 Y:02 P:05 SP:FD CPU Cycle:423315967
CFD4 $38           SEC                         A:2B X:02 Y:02 P:05 SP:FD CPU Cycle:423315970
CFD5 $E9 $01       SBC #$01                    A:2B X:02 Y:02 P:05 SP:FD CPU Cycle:423315972
CFD7 $D0 $FB       BNE $CFD4 = $38             A:2A X:02 Y:02 P:05 SP:FD CPU Cycle:423315974
CFD4 $38           SEC                         A:2A X:02 Y:02 P:05 SP:FD CPU Cycle:423315977
CFD5 $E9 $01       SBC #$01                    A:2A X:02 Y:02 P:05 SP:FD CPU Cycle:423315979
CFD7 $D0 $FB       BNE $CFD4 = $38             A:29 X:02 Y:02 P:05 SP:FD CPU Cycle:423315981
CFD4 $38           SEC                         A:29 X:02 Y:02 P:05 SP:FD CPU Cycle:423315984
CFD5 $E9 $01       SBC #$01                    A:29 X:02 Y:02 P:05 SP:FD CPU Cycle:423315986
CFD7 $D0 $FB       BNE $CFD4 = $38             A:28 X:02 Y:02 P:05 SP:FD CPU Cycle:423315988
CFD4 $38           SEC                         A:28 X:02 Y:02 P:05 SP:FD CPU Cycle:423315991
CFD5 $E9 $01       SBC #$01                    A:28 X:02 Y:02 P:05 SP:FD CPU Cycle:423315993
CFD7 $D0 $FB       BNE $CFD4 = $38             A:27 X:02 Y:02 P:05 SP:FD CPU Cycle:423315995
CFD4 $38           SEC                         A:27 X:02 Y:02 P:05 SP:FD CPU Cycle:423315998
CFD5 $E9 $01       SBC #$01                    A:27 X:02 Y:02 P:05 SP:FD CPU Cycle:423316000
CFD7 $D0 $FB       BNE $CFD4 = $38             A:26 X:02 Y:02 P:05 SP:FD CPU Cycle:423316002
CFD4 $38           SEC                         A:26 X:02 Y:02 P:05 SP:FD CPU Cycle:423316005
CFD5 $E9 $01       SBC #$01                    A:26 X:02 Y:02 P:05 SP:FD CPU Cycle:423316007
CFD7 $D0 $FB       BNE $CFD4 = $38             A:25 X:02 Y:02 P:05 SP:FD CPU Cycle:423316009
CFD4 $38           SEC                         A:25 X:02 Y:02 P:05 SP:FD CPU Cycle:423316012
CFD5 $E9 $01       SBC #$01                    A:25 X:02 Y:02 P:05 SP:FD CPU Cycle:423316014
CFD7 $D0 $FB       BNE $CFD4 = $38             A:24 X:02 Y:02 P:05 SP:FD CPU Cycle:423316016
CFD4 $38           SEC                         A:24 X:02 Y:02 P:05 SP:FD CPU Cycle:423316019
CFD5 $E9 $01       SBC #$01                    A:24 X:02 Y:02 P:05 SP:FD CPU Cycle:423316021
CFD7 $D0 $FB       BNE $CFD4 = $38             A:23 X:02 Y:02 P:05 SP:FD CPU Cycle:423316023
CFD4 $38           SEC                         A:23 X:02 Y:02 P:05 SP:FD CPU Cycle:423316026
CFD5 $E9 $01       SBC #$01                    A:23 X:02 Y:02 P:05 SP:FD CPU Cycle:423316028
CFD7 $D0 $FB       BNE $CFD4 = $38             A:22 X:02 Y:02 P:05 SP:FD CPU Cycle:423316030
CFD4 $38           SEC                         A:22 X:02 Y:02 P:05 SP:FD CPU Cycle:423316033
CFD5 $E9 $01       SBC #$01                    A:22 X:02 Y:02 P:05 SP:FD CPU Cycle:423316035
CFD7 $D0 $FB       BNE $CFD4 = $38             A:21 X:02 Y:02 P:05 SP:FD CPU Cycle:423316037
CFD4 $38           SEC                         A:21 X:02 Y:02 P:05 SP:FD CPU Cycle:423316040
CFD5 $E9 $01       SBC #$01                    A:21 X:02 Y:02 P:05 SP:FD CPU Cycle:423316042
CFD7 $D0 $FB       BNE $CFD4 = $38             A:20 X:02 Y:02 P:05 SP:FD CPU Cycle:423316044
CFD4 $38           SEC                         A:20 X:02 Y:02 P:05 SP:FD CPU Cycle:423316047
CFD5 $E9 $01       SBC #$01                    A:20 X:02 Y:02 P:05 SP:FD CPU Cycle:423316049
CFD7 $D0 $FB       BNE $CFD4 = $38             A:1F X:02 Y:02 P:05 SP:FD CPU Cycle:423316051
CFD4 $38           SEC                         A:1F X:02 Y:02 P:05 SP:FD CPU Cycle:423316054
CFD5 $E9 $01       SBC #$01                    A:1F X:02 Y:02 P:05 SP:FD CPU Cycle:423316056
CFD7 $D0 $FB       BNE $CFD4 = $38             A:1E X:02 Y:02 P:05 SP:FD CPU Cycle:423316058
CFD4 $38           SEC                         A:1E X:02 Y:02 P:05 SP:FD CPU Cycle:423316061
CFD5 $E9 $01       SBC #$01                    A:1E X:02 Y:02 P:05 SP:FD CPU Cycle:423316063
CFD7 $D0 $FB       BNE $CFD4 = $38             A:1D X:02 Y:02 P:05 SP:FD CPU Cycle:423316065
CFD4 $38           SEC                         A:1D X:02 Y:02 P:05 SP:FD CPU Cycle:423316068
CFD5 $E9 $01       SBC #$01                    A:1D X:02 Y:02 P:05 SP:FD CPU Cycle:423316070
CFD7 $D0 $FB       BNE $CFD4 = $38             A:1C X:02 Y:02 P:05 SP:FD CPU Cycle:423316072
CFD4 $38           SEC                         A:1C X:02 Y:02 P:05 SP:FD CPU Cycle:423316075
CFD5 $E9 $01       SBC #$01                    A:1C X:02 Y:02 P:05 SP:FD CPU Cycle:423316077
CFD7 $D0 $FB       BNE $CFD4 = $38             A:1B X:02 Y:02 P:05 SP:FD CPU Cycle:423316079
CFD4 $38           SEC                         A:1B X:02 Y:02 P:05 SP:FD CPU Cycle:423316082
CFD5 $E9 $01       SBC #$01                    A:1B X:02 Y:02 P:05 SP:FD CPU Cycle:423316084
CFD7 $D0 $FB       BNE $CFD4 = $38             A:1A X:02 Y:02 P:05 SP:FD CPU Cycle:423316086
CFD4 $38           SEC                         A:1A X:02 Y:02 P:05 SP:FD CPU Cycle:423316089
CFD5 $E9 $01       SBC #$01                    A:1A X:02 Y:02 P:05 SP:FD CPU Cycle:423316091
CFD7 $D0 $FB       BNE $CFD4 = $38             A:19 X:02 Y:02 P:05 SP:FD CPU Cycle:423316093
CFD4 $38           SEC                         A:19 X:02 Y:02 P:05 SP:FD CPU Cycle:423316096
CFD5 $E9 $01       SBC #$01                    A:19 X:02 Y:02 P:05 SP:FD CPU Cycle:423316098
CFD7 $D0 $FB       BNE $CFD4 = $38             A:18 X:02 Y:02 P:05 SP:FD CPU Cycle:423316100
CFD4 $38           SEC                         A:18 X:02 Y:02 P:05 SP:FD CPU Cycle:423316103
CFD5 $E9 $01       SBC #$01                    A:18 X:02 Y:02 P:05 SP:FD CPU Cycle:423316105
CFD7 $D0 $FB       BNE $CFD4 = $38             A:17 X:02 Y:02 P:05 SP:FD CPU Cycle:423316107
CFD4 $38           SEC                         A:17 X:02 Y:02 P:05 SP:FD CPU Cycle:423316110
CFD5 $E9 $01       SBC #$01                    A:17 X:02 Y:02 P:05 SP:FD CPU Cycle:423316112
CFD7 $D0 $FB       BNE $CFD4 = $38             A:16 X:02 Y:02 P:05 SP:FD CPU Cycle:423316114
CFD4 $38           SEC                         A:16 X:02 Y:02 P:05 SP:FD CPU Cycle:423316117
CFD5 $E9 $01       SBC #$01                    A:16 X:02 Y:02 P:05 SP:FD CPU Cycle:423316119
CFD7 $D0 $FB       BNE $CFD4 = $38             A:15 X:02 Y:02 P:05 SP:FD CPU Cycle:423316121
CFD4 $38           SEC                         A:15 X:02 Y:02 P:05 SP:FD CPU Cycle:423316124
CFD5 $E9 $01       SBC #$01                    A:15 X:02 Y:02 P:05 SP:FD CPU Cycle:423316126
CFD7 $D0 $FB       BNE $CFD4 = $38             A:14 X:02 Y:02 P:05 SP:FD CPU Cycle:423316128
CFD4 $38           SEC                         A:14 X:02 Y:02 P:05 SP:FD CPU Cycle:423316131
CFD5 $E9 $01       SBC #$01                    A:14 X:02 Y:02 P:05 SP:FD CPU Cycle:423316133
CFD7 $D0 $FB       BNE $CFD4 = $38             A:13 X:02 Y:02 P:05 SP:FD CPU Cycle:423316135
CFD4 $38           SEC                         A:13 X:02 Y:02 P:05 SP:FD CPU Cycle:423316138
CFD5 $E9 $01       SBC #$01                    A:13 X:02 Y:02 P:05 SP:FD CPU Cycle:423316140
CFD7 $D0 $FB       BNE $CFD4 = $38             A:12 X:02 Y:02 P:05 SP:FD CPU Cycle:423316142
CFD4 $38           SEC                         A:12 X:02 Y:02 P:05 SP:FD CPU Cycle:423316145
CFD5 $E9 $01       SBC #$01                    A:12 X:02 Y:02 P:05 SP:FD CPU Cycle:423316147
CFD7 $D0 $FB       BNE $CFD4 = $38             A:11 X:02 Y:02 P:05 SP:FD CPU Cycle:423316149
CFD4 $38           SEC                         A:11 X:02 Y:02 P:05 SP:FD CPU Cycle:423316152
CFD5 $E9 $01       SBC #$01                    A:11 X:02 Y:02 P:05 SP:FD CPU Cycle:423316154
CFD7 $D0 $FB       BNE $CFD4 = $38             A:10 X:02 Y:02 P:05 SP:FD CPU Cycle:423316156
CFD4 $38           SEC                         A:10 X:02 Y:02 P:05 SP:FD CPU Cycle:423316159
CFD5 $E9 $01       SBC #$01                    A:10 X:02 Y:02 P:05 SP:FD CPU Cycle:423316161
CFD7 $D0 $FB       BNE $CFD4 = $38             A:0F X:02 Y:02 P:05 SP:FD CPU Cycle:423316163
CFD4 $38           SEC                         A:0F X:02 Y:02 P:05 SP:FD CPU Cycle:423316166
CFD5 $E9 $01       SBC #$01                    A:0F X:02 Y:02 P:05 SP:FD CPU Cycle:423316168
CFD7 $D0 $FB       BNE $CFD4 = $38             A:0E X:02 Y:02 P:05 SP:FD CPU Cycle:423316170
CFD4 $38           SEC                         A:0E X:02 Y:02 P:05 SP:FD CPU Cycle:423316173
CFD5 $E9 $01       SBC #$01                    A:0E X:02 Y:02 P:05 SP:FD CPU Cycle:423316175
CFD7 $D0 $FB       BNE $CFD4 = $38             A:0D X:02 Y:02 P:05 SP:FD CPU Cycle:423316177
CFD4 $38           SEC                         A:0D X:02 Y:02 P:05 SP:FD CPU Cycle:423316180
CFD5 $E9 $01       SBC #$01                    A:0D X:02 Y:02 P:05 SP:FD CPU Cycle:423316182
CFD7 $D0 $FB       BNE $CFD4 = $38             A:0C X:02 Y:02 P:05 SP:FD CPU Cycle:423316184
CFD4 $38           SEC                         A:0C X:02 Y:02 P:05 SP:FD CPU Cycle:423316187
CFD5 $E9 $01       SBC #$01                    A:0C X:02 Y:02 P:05 SP:FD CPU Cycle:423316189
CFD7 $D0 $FB       BNE $CFD4 = $38             A:0B X:02 Y:02 P:05 SP:FD CPU Cycle:423316191
CFD4 $38           SEC                         A:0B X:02 Y:02 P:05 SP:FD CPU Cycle:423316194
CFD5 $E9 $01       SBC #$01                    A:0B X:02 Y:02 P:05 SP:FD CPU Cycle:423316196
CFD7 $D0 $FB       BNE $CFD4 = $38             A:0A X:02 Y:02 P:05 SP:FD CPU Cycle:423316198
CFD4 $38           SEC                         A:0A X:02 Y:02 P:05 SP:FD CPU Cycle:423316201
CFD5 $E9 $01       SBC #$01                    A:0A X:02 Y:02 P:05 SP:FD CPU Cycle:423316203
CFD7 $D0 $FB       BNE $CFD4 = $38             A:09 X:02 Y:02 P:05 SP:FD CPU Cycle:423316205
CFD4 $38           SEC                         A:09 X:02 Y:02 P:05 SP:FD CPU Cycle:423316208
CFD5 $E9 $01       SBC #$01                    A:09 X:02 Y:02 P:05 SP:FD CPU Cycle:423316210
CFD7 $D0 $FB       BNE $CFD4 = $38             A:08 X:02 Y:02 P:05 SP:FD CPU Cycle:423316212
CFD4 $38           SEC                         A:08 X:02 Y:02 P:05 SP:FD CPU Cycle:423316215
CFD5 $E9 $01       SBC #$01                    A:08 X:02 Y:02 P:05 SP:FD CPU Cycle:423316217
CFD7 $D0 $FB       BNE $CFD4 = $38             A:07 X:02 Y:02 P:05 SP:FD CPU Cycle:423316219
CFD4 $38           SEC                         A:07 X:02 Y:02 P:05 SP:FD CPU Cycle:423316222
CFD5 $E9 $01       SBC #$01                    A:07 X:02 Y:02 P:05 SP:FD CPU Cycle:423316224
CFD7 $D0 $FB       BNE $CFD4 = $38             A:06 X:02 Y:02 P:05 SP:FD CPU Cycle:423316226
CFD4 $38           SEC                         A:06 X:02 Y:02 P:05 SP:FD CPU Cycle:423316229
CFD5 $E9 $01       SBC #$01                    A:06 X:02 Y:02 P:05 SP:FD CPU Cycle:423316231
CFD7 $D0 $FB       BNE $CFD4 = $38             A:05 X:02 Y:02 P:05 SP:FD CPU Cycle:423316233
CFD4 $38           SEC                         A:05 X:02 Y:02 P:05 SP:FD CPU Cycle:423316236
CFD5 $E9 $01       SBC #$01                    A:05 X:02 Y:02 P:05 SP:FD CPU Cycle:423316238
CFD7 $D0 $FB       BNE $CFD4 = $38             A:04 X:02 Y:02 P:05 SP:FD CPU Cycle:423316240
CFD4 $38           SEC                         A:04 X:02 Y:02 P:05 SP:FD CPU Cycle:423316243
CFD5 $E9 $01       SBC #$01                    A:04 X:02 Y:02 P:05 SP:FD CPU Cycle:423316245
CFD7 $D0 $FB       BNE $CFD4 = $38             A:03 X:02 Y:02 P:05 SP:FD CPU Cycle:423316247
CFD4 $38           SEC                         A:03 X:02 Y:02 P:05 SP:FD CPU Cycle:423316250
CFD5 $E9 $01       SBC #$01                    A:03 X:02 Y:02 P:05 SP:FD CPU Cycle:423316252
CFD7 $D0 $FB       BNE $CFD4 = $38             A:02 X:02 Y:02 P:05 SP:FD CPU Cycle:423316254
CFD4 $38           SEC                         A:02 X:02 Y:02 P:05 SP:FD CPU Cycle:423316257
CFD5 $E9 $01       SBC #$01                    A:02 X:02 Y:02 P:05 SP:FD CPU Cycle:423316259
CFD7 $D0 $FB       BNE $CFD4 = $38             A:01 X:02 Y:02 P:05 SP:FD CPU Cycle:423316261
CFD4 $38           SEC                         A:01 X:02 Y:02 P:05 SP:FD CPU Cycle:423316264
CFD5 $E9 $01       SBC #$01                    A:01 X:02 Y:02 P:05 SP:FD CPU Cycle:423316266
CFD7 $D0 $FB       BNE $CFD4 = $38             A:00 X:02 Y:02 P:07 SP:FD CPU Cycle:423316268
CFD9 $CA           DEX                         A:00 X:02 Y:02 P:07 SP:FD CPU Cycle:423316270
CFDA $D0 $F8       BNE $CFD4 = $38             A:00 X:01 Y:02 P:05 SP:FD CPU Cycle:423316272
CFD4 $38           SEC                         A:00 X:01 Y:02 P:05 SP:FD CPU Cycle:423316275
CFD5 $E9 $01       SBC #$01                    A:00 X:01 Y:02 P:05 SP:FD CPU Cycle:423316277
CFD7 $D0 $FB       BNE $CFD4 = $38             A:FF X:01 Y:02 P:84 SP:FD CPU Cycle:423316279
CFD4 $38           SEC                         A:FF X:01 Y:02 P:84 SP:FD CPU Cycle:423316282
CFD5 $E9 $01       SBC #$01                    A:FF X:01 Y:02 P:85 SP:FD CPU Cycle:423316284
CFD7 $D0 $FB       BNE $CFD4 = $38             A:FE X:01 Y:02 P:85 SP:FD CPU Cycle:423316286
CFD4 $38           SEC                         A:FE X:01 Y:02 P:85 SP:FD CPU Cycle:423316289
CFD5 $E9 $01       SBC #$01                    A:FE X:01 Y:02 P:85 SP:FD CPU Cycle:423316291
CFD7 $D0 $FB       BNE $CFD4 = $38             A:FD X:01 Y:02 P:85 SP:FD CPU Cycle:423316293
CFD4 $38           SEC                         A:FD X:01 Y:02 P:85 SP:FD CPU Cycle:423316296
CFD5 $E9 $01       SBC #$01                    A:FD X:01 Y:02 P:85 SP:FD CPU Cycle:423316298
CFD7 $D0 $FB       BNE $CFD4 = $38             A:FC X:01 Y:02 P:85 SP:FD CPU Cycle:423316300
CFD4 $38           SEC                         A:FC X:01 Y:02 P:85 SP:FD CPU Cycle:423316303
CFD5 $E9 $01       SBC #$01                    A:FC X:01 Y:02 P:85 SP:FD CPU Cycle:423316305
CFD7 $D0 $FB       BNE $CFD4 = $38             A:FB X:01 Y:02 P:85 SP:FD CPU Cycle:423316307
CFD4 $38           SEC                         A:FB X:01 Y:02 P:85 SP:FD CPU Cycle:423316310
CFD5 $E9 $01       SBC #$01                    A:FB X:01 Y:02 P:85 SP:FD CPU Cycle:423316312
CFD7 $D0 $FB       BNE $CFD4 = $38             A:FA X:01 Y:02 P:85 SP:FD CPU Cycle:423316314
CFD4 $38           SEC                         A:FA X:01 Y:02 P:85 SP:FD CPU Cycle:423316317
CFD5 $E9 $01       SBC #$01                    A:FA X:01 Y:02 P:85 SP:FD CPU Cycle:423316319
CFD7 $D0 $FB       BNE $CFD4 = $38             A:F9 X:01 Y:02 P:85 SP:FD CPU Cycle:423316321
CFD4 $38           SEC                         A:F9 X:01 Y:02 P:85 SP:FD CPU Cycle:423316324
CFD5 $E9 $01       SBC #$01                    A:F9 X:01 Y:02 P:85 SP:FD CPU Cycle:423316326
CFD7 $D0 $FB       BNE $CFD4 = $38             A:F8 X:01 Y:02 P:85 SP:FD CPU Cycle:423316328
CFD4 $38           SEC                         A:F8 X:01 Y:02 P:85 SP:FD CPU Cycle:423316331
CFD5 $E9 $01       SBC #$01                    A:F8 X:01 Y:02 P:85 SP:FD CPU Cycle:423316333
CFD7 $D0 $FB       BNE $CFD4 = $38             A:F7 X:01 Y:02 P:85 SP:FD CPU Cycle:423316335
CFD4 $38           SEC                         A:F7 X:01 Y:02 P:85 SP:FD CPU Cycle:423316338
CFD5 $E9 $01       SBC #$01                    A:F7 X:01 Y:02 P:85 SP:FD CPU Cycle:423316340
CFD7 $D0 $FB       BNE $CFD4 = $38             A:F6 X:01 Y:02 P:85 SP:FD CPU Cycle:423316342
CFD4 $38           SEC                         A:F6 X:01 Y:02 P:85 SP:FD CPU Cycle:423316345
CFD5 $E9 $01       SBC #$01                    A:F6 X:01 Y:02 P:85 SP:FD CPU Cycle:423316347
CFD7 $D0 $FB       BNE $CFD4 = $38             A:F5 X:01 Y:02 P:85 SP:FD CPU Cycle:423316349
CFD4 $38           SEC                         A:F5 X:01 Y:02 P:85 SP:FD CPU Cycle:423316352
CFD5 $E9 $01       SBC #$01                    A:F5 X:01 Y:02 P:85 SP:FD CPU Cycle:423316354
CFD7 $D0 $FB       BNE $CFD4 = $38             A:F4 X:01 Y:02 P:85 SP:FD CPU Cycle:423316356
CFD4 $38           SEC                         A:F4 X:01 Y:02 P:85 SP:FD CPU Cycle:423316359
CFD5 $E9 $01       SBC #$01                    A:F4 X:01 Y:02 P:85 SP:FD CPU Cycle:423316361
CFD7 $D0 $FB       BNE $CFD4 = $38             A:F3 X:01 Y:02 P:85 SP:FD CPU Cycle:423316363
CFD4 $38           SEC                         A:F3 X:01 Y:02 P:85 SP:FD CPU Cycle:423316366
CFD5 $E9 $01       SBC #$01                    A:F3 X:01 Y:02 P:85 SP:FD CPU Cycle:423316368
CFD7 $D0 $FB       BNE $CFD4 = $38             A:F2 X:01 Y:02 P:85 SP:FD CPU Cycle:423316370
CFD4 $38           SEC                         A:F2 X:01 Y:02 P:85 SP:FD CPU Cycle:423316373
CFD5 $E9 $01       SBC #$01                    A:F2 X:01 Y:02 P:85 SP:FD CPU Cycle:423316375
CFD7 $D0 $FB       BNE $CFD4 = $38             A:F1 X:01 Y:02 P:85 SP:FD CPU Cycle:423316377
CFD4 $38           SEC                         A:F1 X:01 Y:02 P:85 SP:FD CPU Cycle:423316380
CFD5 $E9 $01       SBC #$01                    A:F1 X:01 Y:02 P:85 SP:FD CPU Cycle:423316382
CFD7 $D0 $FB       BNE $CFD4 = $38             A:F0 X:01 Y:02 P:85 SP:FD CPU Cycle:423316384
CFD4 $38           SEC                         A:F0 X:01 Y:02 P:85 SP:FD CPU Cycle:423316387
CFD5 $E9 $01       SBC #$01                    A:F0 X:01 Y:02 P:85 SP:FD CPU Cycle:423316389
CFD7 $D0 $FB       BNE $CFD4 = $38             A:EF X:01 Y:02 P:85 SP:FD CPU Cycle:423316391
CFD4 $38           SEC                         A:EF X:01 Y:02 P:85 SP:FD CPU Cycle:423316394
CFD5 $E9 $01       SBC #$01                    A:EF X:01 Y:02 P:85 SP:FD CPU Cycle:423316396
CFD7 $D0 $FB       BNE $CFD4 = $38             A:EE X:01 Y:02 P:85 SP:FD CPU Cycle:423316398
CFD4 $38           SEC                         A:EE X:01 Y:02 P:85 SP:FD CPU Cycle:423316401
CFD5 $E9 $01       SBC #$01                    A:EE X:01 Y:02 P:85 SP:FD CPU Cycle:423316403
CFD7 $D0 $FB       BNE $CFD4 = $38             A:ED X:01 Y:02 P:85 SP:FD CPU Cycle:423316405
CFD4 $38           SEC                         A:ED X:01 Y:02 P:85 SP:FD CPU Cycle:423316408
CFD5 $E9 $01       SBC #$01                    A:ED X:01 Y:02 P:85 SP:FD CPU Cycle:423316410
CFD7 $D0 $FB       BNE $CFD4 = $38             A:EC X:01 Y:02 P:85 SP:FD CPU Cycle:423316412
CFD4 $38           SEC                         A:EC X:01 Y:02 P:85 SP:FD CPU Cycle:423316415
CFD5 $E9 $01       SBC #$01                    A:EC X:01 Y:02 P:85 SP:FD CPU Cycle:423316417
CFD7 $D0 $FB       BNE $CFD4 = $38             A:EB X:01 Y:02 P:85 SP:FD CPU Cycle:423316419
CFD4 $38           SEC                         A:EB X:01 Y:02 P:85 SP:FD CPU Cycle:423316422
CFD5 $E9 $01       SBC #$01                    A:EB X:01 Y:02 P:85 SP:FD CPU Cycle:423316424
CFD7 $D0 $FB       BNE $CFD4 = $38             A:EA X:01 Y:02 P:85 SP:FD CPU Cycle:423316426
CFD4 $38           SEC                         A:EA X:01 Y:02 P:85 SP:FD CPU Cycle:423316429
CFD5 $E9 $01       SBC #$01                    A:EA X:01 Y:02 P:85 SP:FD CPU Cycle:423316431
CFD7 $D0 $FB       BNE $CFD4 = $38             A:E9 X:01 Y:02 P:85 SP:FD CPU Cycle:423316433
CFD4 $38           SEC                         A:E9 X:01 Y:02 P:85 SP:FD CPU Cycle:423316436
CFD5 $E9 $01       SBC #$01                    A:E9 X:01 Y:02 P:85 SP:FD CPU Cycle:423316438
CFD7 $D0 $FB       BNE $CFD4 = $38             A:E8 X:01 Y:02 P:85 SP:FD CPU Cycle:423316440
CFD4 $38           SEC                         A:E8 X:01 Y:02 P:85 SP:FD CPU Cycle:423316443
CFD5 $E9 $01       SBC #$01                    A:E8 X:01 Y:02 P:85 SP:FD CPU Cycle:423316445
CFD7 $D0 $FB       BNE $CFD4 = $38             A:E7 X:01 Y:02 P:85 SP:FD CPU Cycle:423316447
CFD4 $38           SEC                         A:E7 X:01 Y:02 P:85 SP:FD CPU Cycle:423316450
CFD5 $E9 $01       SBC #$01                    A:E7 X:01 Y:02 P:85 SP:FD CPU Cycle:423316452
CFD7 $D0 $FB       BNE $CFD4 = $38             A:E6 X:01 Y:02 P:85 SP:FD CPU Cycle:423316454
CFD4 $38           SEC                         A:E6 X:01 Y:02 P:85 SP:FD CPU Cycle:423316457
CFD5 $E9 $01       SBC #$01                    A:E6 X:01 Y:02 P:85 SP:FD CPU Cycle:423316459
CFD7 $D0 $FB       BNE $CFD4 = $38             A:E5 X:01 Y:02 P:85 SP:FD CPU Cycle:423316461
CFD4 $38           SEC                         A:E5 X:01 Y:02 P:85 SP:FD CPU Cycle:423316464
CFD5 $E9 $01       SBC #$01                    A:E5 X:01 Y:02 P:85 SP:FD CPU Cycle:423316466
CFD7 $D0 $FB       BNE $CFD4 = $38             A:E4 X:01 Y:02 P:85 SP:FD CPU Cycle:423316468
CFD4 $38           SEC                         A:E4 X:01 Y:02 P:85 SP:FD CPU Cycle:423316471
CFD5 $E9 $01       SBC #$01                    A:E4 X:01 Y:02 P:85 SP:FD CPU Cycle:423316473
CFD7 $D0 $FB       BNE $CFD4 = $38             A:E3 X:01 Y:02 P:85 SP:FD CPU Cycle:423316475
CFD4 $38           SEC                         A:E3 X:01 Y:02 P:85 SP:FD CPU Cycle:423316478
CFD5 $E9 $01       SBC #$01                    A:E3 X:01 Y:02 P:85 SP:FD CPU Cycle:423316480
CFD7 $D0 $FB       BNE $CFD4 = $38             A:E2 X:01 Y:02 P:85 SP:FD CPU Cycle:423316482
CFD4 $38           SEC                         A:E2 X:01 Y:02 P:85 SP:FD CPU Cycle:423316485
CFD5 $E9 $01       SBC #$01                    A:E2 X:01 Y:02 P:85 SP:FD CPU Cycle:423316487
CFD7 $D0 $FB       BNE $CFD4 = $38             A:E1 X:01 Y:02 P:85 SP:FD CPU Cycle:423316489
CFD4 $38           SEC                         A:E1 X:01 Y:02 P:85 SP:FD CPU Cycle:423316492
CFD5 $E9 $01       SBC #$01                    A:E1 X:01 Y:02 P:85 SP:FD CPU Cycle:423316494
CFD7 $D0 $FB       BNE $CFD4 = $38             A:E0 X:01 Y:02 P:85 SP:FD CPU Cycle:423316496
CFD4 $38           SEC                         A:E0 X:01 Y:02 P:85 SP:FD CPU Cycle:423316499
CFD5 $E9 $01       SBC #$01                    A:E0 X:01 Y:02 P:85 SP:FD CPU Cycle:423316501
CFD7 $D0 $FB       BNE $CFD4 = $38             A:DF X:01 Y:02 P:85 SP:FD CPU Cycle:423316503
CFD4 $38           SEC                         A:DF X:01 Y:02 P:85 SP:FD CPU Cycle:423316506
CFD5 $E9 $01       SBC #$01                    A:DF X:01 Y:02 P:85 SP:FD CPU Cycle:423316508
CFD7 $D0 $FB       BNE $CFD4 = $38             A:DE X:01 Y:02 P:85 SP:FD CPU Cycle:423316510
CFD4 $38           SEC                         A:DE X:01 Y:02 P:85 SP:FD CPU Cycle:423316513
CFD5 $E9 $01       SBC #$01                    A:DE X:01 Y:02 P:85 SP:FD CPU Cycle:423316515
CFD7 $D0 $FB       BNE $CFD4 = $38             A:DD X:01 Y:02 P:85 SP:FD CPU Cycle:423316517
CFD4 $38           SEC                         A:DD X:01 Y:02 P:85 SP:FD CPU Cycle:423316520
CFD5 $E9 $01       SBC #$01                    A:DD X:01 Y:02 P:85 SP:FD CPU Cycle:423316522
CFD7 $D0 $FB       BNE $CFD4 = $38             A:DC X:01 Y:02 P:85 SP:FD CPU Cycle:423316524
CFD4 $38           SEC                         A:DC X:01 Y:02 P:85 SP:FD CPU Cycle:423316527
CFD5 $E9 $01       SBC #$01                    A:DC X:01 Y:02 P:85 SP:FD CPU Cycle:423316529
CFD7 $D0 $FB       BNE $CFD4 = $38             A:DB X:01 Y:02 P:85 SP:FD CPU Cycle:423316531
CFD4 $38           SEC                         A:DB X:01 Y:02 P:85 SP:FD CPU Cycle:423316534
CFD5 $E9 $01       SBC #$01                    A:DB X:01 Y:02 P:85 SP:FD CPU Cycle:423316536
CFD7 $D0 $FB       BNE $CFD4 = $38             A:DA X:01 Y:02 P:85 SP:FD CPU Cycle:423316538
CFD4 $38           SEC                         A:DA X:01 Y:02 P:85 SP:FD CPU Cycle:423316541
CFD5 $E9 $01       SBC #$01                    A:DA X:01 Y:02 P:85 SP:FD CPU Cycle:423316543
CFD7 $D0 $FB       BNE $CFD4 = $38             A:D9 X:01 Y:02 P:85 SP:FD CPU Cycle:423316545
CFD4 $38           SEC                         A:D9 X:01 Y:02 P:85 SP:FD CPU Cycle:423316548
CFD5 $E9 $01       SBC #$01                    A:D9 X:01 Y:02 P:85 SP:FD CPU Cycle:423316550
CFD7 $D0 $FB       BNE $CFD4 = $38             A:D8 X:01 Y:02 P:85 SP:FD CPU Cycle:423316552
CFD4 $38           SEC                         A:D8 X:01 Y:02 P:85 SP:FD CPU Cycle:423316555
CFD5 $E9 $01       SBC #$01                    A:D8 X:01 Y:02 P:85 SP:FD CPU Cycle:423316557
CFD7 $D0 $FB       BNE $CFD4 = $38             A:D7 X:01 Y:02 P:85 SP:FD CPU Cycle:423316559
CFD4 $38           SEC                         A:D7 X:01 Y:02 P:85 SP:FD CPU Cycle:423316562
CFD5 $E9 $01       SBC #$01                    A:D7 X:01 Y:02 P:85 SP:FD CPU Cycle:423316564
CFD7 $D0 $FB       BNE $CFD4 = $38             A:D6 X:01 Y:02 P:85 SP:FD CPU Cycle:423316566
CFD4 $38           SEC                         A:D6 X:01 Y:02 P:85 SP:FD CPU Cycle:423316569
CFD5 $E9 $01       SBC #$01                    A:D6 X:01 Y:02 P:85 SP:FD CPU Cycle:423316571
CFD7 $D0 $FB       BNE $CFD4 = $38             A:D5 X:01 Y:02 P:85 SP:FD CPU Cycle:423316573
CFD4 $38           SEC                         A:D5 X:01 Y:02 P:85 SP:FD CPU Cycle:423316576
CFD5 $E9 $01       SBC #$01                    A:D5 X:01 Y:02 P:85 SP:FD CPU Cycle:423316578
CFD7 $D0 $FB       BNE $CFD4 = $38             A:D4 X:01 Y:02 P:85 SP:FD CPU Cycle:423316580
CFD4 $38           SEC                         A:D4 X:01 Y:02 P:85 SP:FD CPU Cycle:423316583
CFD5 $E9 $01       SBC #$01                    A:D4 X:01 Y:02 P:85 SP:FD CPU Cycle:423316585
CFD7 $D0 $FB       BNE $CFD4 = $38             A:D3 X:01 Y:02 P:85 SP:FD CPU Cycle:423316587
CFD4 $38           SEC                         A:D3 X:01 Y:02 P:85 SP:FD CPU Cycle:423316590
CFD5 $E9 $01       SBC #$01                    A:D3 X:01 Y:02 P:85 SP:FD CPU Cycle:423316592
CFD7 $D0 $FB       BNE $CFD4 = $38             A:D2 X:01 Y:02 P:85 SP:FD CPU Cycle:423316594
CFD4 $38           SEC                         A:D2 X:01 Y:02 P:85 SP:FD CPU Cycle:423316597
CFD5 $E9 $01       SBC #$01                    A:D2 X:01 Y:02 P:85 SP:FD CPU Cycle:423316599
CFD7 $D0 $FB       BNE $CFD4 = $38             A:D1 X:01 Y:02 P:85 SP:FD CPU Cycle:423316601
CFD4 $38           SEC                         A:D1 X:01 Y:02 P:85 SP:FD CPU Cycle:423316604
CFD5 $E9 $01       SBC #$01                    A:D1 X:01 Y:02 P:85 SP:FD CPU Cycle:423316606
CFD7 $D0 $FB       BNE $CFD4 = $38             A:D0 X:01 Y:02 P:85 SP:FD CPU Cycle:423316608
CFD4 $38           SEC                         A:D0 X:01 Y:02 P:85 SP:FD CPU Cycle:423316611
CFD5 $E9 $01       SBC #$01                    A:D0 X:01 Y:02 P:85 SP:FD CPU Cycle:423316613
CFD7 $D0 $FB       BNE $CFD4 = $38             A:CF X:01 Y:02 P:85 SP:FD CPU Cycle:423316615
CFD4 $38           SEC                         A:CF X:01 Y:02 P:85 SP:FD CPU Cycle:423316618
CFD5 $E9 $01       SBC #$01                    A:CF X:01 Y:02 P:85 SP:FD CPU Cycle:423316620
CFD7 $D0 $FB       BNE $CFD4 = $38             A:CE X:01 Y:02 P:85 SP:FD CPU Cycle:423316622
CFD4 $38           SEC                         A:CE X:01 Y:02 P:85 SP:FD CPU Cycle:423316625
CFD5 $E9 $01       SBC #$01                    A:CE X:01 Y:02 P:85 SP:FD CPU Cycle:423316627
CFD7 $D0 $FB       BNE $CFD4 = $38             A:CD X:01 Y:02 P:85 SP:FD CPU Cycle:423316629
CFD4 $38           SEC                         A:CD X:01 Y:02 P:85 SP:FD CPU Cycle:423316632
CFD5 $E9 $01       SBC #$01                    A:CD X:01 Y:02 P:85 SP:FD CPU Cycle:423316634
CFD7 $D0 $FB       BNE $CFD4 = $38             A:CC X:01 Y:02 P:85 SP:FD CPU Cycle:423316636
CFD4 $38           SEC                         A:CC X:01 Y:02 P:85 SP:FD CPU Cycle:423316639
CFD5 $E9 $01       SBC #$01                    A:CC X:01 Y:02 P:85 SP:FD CPU Cycle:423316641
CFD7 $D0 $FB       BNE $CFD4 = $38             A:CB X:01 Y:02 P:85 SP:FD CPU Cycle:423316643
CFD4 $38           SEC                         A:CB X:01 Y:02 P:85 SP:FD CPU Cycle:423316646
CFD5 $E9 $01       SBC #$01                    A:CB X:01 Y:02 P:85 SP:FD CPU Cycle:423316648
CFD7 $D0 $FB       BNE $CFD4 = $38             A:CA X:01 Y:02 P:85 SP:FD CPU Cycle:423316650
CFD4 $38           SEC                         A:CA X:01 Y:02 P:85 SP:FD CPU Cycle:423316653
CFD5 $E9 $01       SBC #$01                    A:CA X:01 Y:02 P:85 SP:FD CPU Cycle:423316655
CFD7 $D0 $FB       BNE $CFD4 = $38             A:C9 X:01 Y:02 P:85 SP:FD CPU Cycle:423316657
CFD4 $38           SEC                         A:C9 X:01 Y:02 P:85 SP:FD CPU Cycle:423316660
CFD5 $E9 $01       SBC #$01                    A:C9 X:01 Y:02 P:85 SP:FD CPU Cycle:423316662
CFD7 $D0 $FB       BNE $CFD4 = $38             A:C8 X:01 Y:02 P:85 SP:FD CPU Cycle:423316664
CFD4 $38           SEC                         A:C8 X:01 Y:02 P:85 SP:FD CPU Cycle:423316667
CFD5 $E9 $01       SBC #$01                    A:C8 X:01 Y:02 P:85 SP:FD CPU Cycle:423316669
CFD7 $D0 $FB       BNE $CFD4 = $38             A:C7 X:01 Y:02 P:85 SP:FD CPU Cycle:423316671
CFD4 $38           SEC                         A:C7 X:01 Y:02 P:85 SP:FD CPU Cycle:423316674
CFD5 $E9 $01       SBC #$01                    A:C7 X:01 Y:02 P:85 SP:FD CPU Cycle:423316676
CFD7 $D0 $FB       BNE $CFD4 = $38             A:C6 X:01 Y:02 P:85 SP:FD CPU Cycle:423316678
CFD4 $38           SEC                         A:C6 X:01 Y:02 P:85 SP:FD CPU Cycle:423316681
CFD5 $E9 $01       SBC #$01                    A:C6 X:01 Y:02 P:85 SP:FD CPU Cycle:423316683
CFD7 $D0 $FB       BNE $CFD4 = $38             A:C5 X:01 Y:02 P:85 SP:FD CPU Cycle:423316685
CFD4 $38           SEC                         A:C5 X:01 Y:02 P:85 SP:FD CPU Cycle:423316688
CFD5 $E9 $01       SBC #$01                    A:C5 X:01 Y:02 P:85 SP:FD CPU Cycle:423316690
CFD7 $D0 $FB       BNE $CFD4 = $38             A:C4 X:01 Y:02 P:85 SP:FD CPU Cycle:423316692
CFD4 $38           SEC                         A:C4 X:01 Y:02 P:85 SP:FD CPU Cycle:423316695
CFD5 $E9 $01       SBC #$01                    A:C4 X:01 Y:02 P:85 SP:FD CPU Cycle:423316697
CFD7 $D0 $FB       BNE $CFD4 = $38             A:C3 X:01 Y:02 P:85 SP:FD CPU Cycle:423316699
CFD4 $38           SEC                         A:C3 X:01 Y:02 P:85 SP:FD CPU Cycle:423316702
CFD5 $E9 $01       SBC #$01                    A:C3 X:01 Y:02 P:85 SP:FD CPU Cycle:423316704
CFD7 $D0 $FB       BNE $CFD4 = $38             A:C2 X:01 Y:02 P:85 SP:FD CPU Cycle:423316706
CFD4 $38           SEC                         A:C2 X:01 Y:02 P:85 SP:FD CPU Cycle:423316709
CFD5 $E9 $01       SBC #$01                    A:C2 X:01 Y:02 P:85 SP:FD CPU Cycle:423316711
CFD7 $D0 $FB       BNE $CFD4 = $38             A:C1 X:01 Y:02 P:85 SP:FD CPU Cycle:423316713
CFD4 $38           SEC                         A:C1 X:01 Y:02 P:85 SP:FD CPU Cycle:423316716
CFD5 $E9 $01       SBC #$01                    A:C1 X:01 Y:02 P:85 SP:FD CPU Cycle:423316718
CFD7 $D0 $FB       BNE $CFD4 = $38             A:C0 X:01 Y:02 P:85 SP:FD CPU Cycle:423316720
CFD4 $38           SEC                         A:C0 X:01 Y:02 P:85 SP:FD CPU Cycle:423316723
CFD5 $E9 $01       SBC #$01                    A:C0 X:01 Y:02 P:85 SP:FD CPU Cycle:423316725
CFD7 $D0 $FB       BNE $CFD4 = $38             A:BF X:01 Y:02 P:85 SP:FD CPU Cycle:423316727
CFD4 $38           SEC                         A:BF X:01 Y:02 P:85 SP:FD CPU Cycle:423316730
CFD5 $E9 $01       SBC #$01                    A:BF X:01 Y:02 P:85 SP:FD CPU Cycle:423316732
CFD7 $D0 $FB       BNE $CFD4 = $38             A:BE X:01 Y:02 P:85 SP:FD CPU Cycle:423316734
CFD4 $38           SEC                         A:BE X:01 Y:02 P:85 SP:FD CPU Cycle:423316737
CFD5 $E9 $01       SBC #$01                    A:BE X:01 Y:02 P:85 SP:FD CPU Cycle:423316739
CFD7 $D0 $FB       BNE $CFD4 = $38             A:BD X:01 Y:02 P:85 SP:FD CPU Cycle:423316741
CFD4 $38           SEC                         A:BD X:01 Y:02 P:85 SP:FD CPU Cycle:423316744
CFD5 $E9 $01       SBC #$01                    A:BD X:01 Y:02 P:85 SP:FD CPU Cycle:423316746
CFD7 $D0 $FB       BNE $CFD4 = $38             A:BC X:01 Y:02 P:85 SP:FD CPU Cycle:423316748
CFD4 $38           SEC                         A:BC X:01 Y:02 P:85 SP:FD CPU Cycle:423316751
CFD5 $E9 $01       SBC #$01                    A:BC X:01 Y:02 P:85 SP:FD CPU Cycle:423316753
CFD7 $D0 $FB       BNE $CFD4 = $38             A:BB X:01 Y:02 P:85 SP:FD CPU Cycle:423316755
CFD4 $38           SEC                         A:BB X:01 Y:02 P:85 SP:FD CPU Cycle:423316758
CFD5 $E9 $01       SBC #$01                    A:BB X:01 Y:02 P:85 SP:FD CPU Cycle:423316760
CFD7 $D0 $FB       BNE $CFD4 = $38             A:BA X:01 Y:02 P:85 SP:FD CPU Cycle:423316762
CFD4 $38           SEC                         A:BA X:01 Y:02 P:85 SP:FD CPU Cycle:423316765
CFD5 $E9 $01       SBC #$01                    A:BA X:01 Y:02 P:85 SP:FD CPU Cycle:423316767
CFD7 $D0 $FB       BNE $CFD4 = $38             A:B9 X:01 Y:02 P:85 SP:FD CPU Cycle:423316769
CFD4 $38           SEC                         A:B9 X:01 Y:02 P:85 SP:FD CPU Cycle:423316772
CFD5 $E9 $01       SBC #$01                    A:B9 X:01 Y:02 P:85 SP:FD CPU Cycle:423316774
CFD7 $D0 $FB       BNE $CFD4 = $38             A:B8 X:01 Y:02 P:85 SP:FD CPU Cycle:423316776
CFD4 $38           SEC                         A:B8 X:01 Y:02 P:85 SP:FD CPU Cycle:423316779
CFD5 $E9 $01       SBC #$01                    A:B8 X:01 Y:02 P:85 SP:FD CPU Cycle:423316781
CFD7 $D0 $FB       BNE $CFD4 = $38             A:B7 X:01 Y:02 P:85 SP:FD CPU Cycle:423316783
CFD4 $38           SEC                         A:B7 X:01 Y:02 P:85 SP:FD CPU Cycle:423316786
CFD5 $E9 $01       SBC #$01                    A:B7 X:01 Y:02 P:85 SP:FD CPU Cycle:423316788
CFD7 $D0 $FB       BNE $CFD4 = $38             A:B6 X:01 Y:02 P:85 SP:FD CPU Cycle:423316790
CFD4 $38           SEC                         A:B6 X:01 Y:02 P:85 SP:FD CPU Cycle:423316793
CFD5 $E9 $01       SBC #$01                    A:B6 X:01 Y:02 P:85 SP:FD CPU Cycle:423316795
CFD7 $D0 $FB       BNE $CFD4 = $38             A:B5 X:01 Y:02 P:85 SP:FD CPU Cycle:423316797
CFD4 $38           SEC                         A:B5 X:01 Y:02 P:85 SP:FD CPU Cycle:423316800
CFD5 $E9 $01       SBC #$01                    A:B5 X:01 Y:02 P:85 SP:FD CPU Cycle:423316802
CFD7 $D0 $FB       BNE $CFD4 = $38             A:B4 X:01 Y:02 P:85 SP:FD CPU Cycle:423316804
CFD4 $38           SEC                         A:B4 X:01 Y:02 P:85 SP:FD CPU Cycle:423316807
CFD5 $E9 $01       SBC #$01                    A:B4 X:01 Y:02 P:85 SP:FD CPU Cycle:423316809
CFD7 $D0 $FB       BNE $CFD4 = $38             A:B3 X:01 Y:02 P:85 SP:FD CPU Cycle:423316811
CFD4 $38           SEC                         A:B3 X:01 Y:02 P:85 SP:FD CPU Cycle:423316814
CFD5 $E9 $01       SBC #$01                    A:B3 X:01 Y:02 P:85 SP:FD CPU Cycle:423316816
CFD7 $D0 $FB       BNE $CFD4 = $38             A:B2 X:01 Y:02 P:85 SP:FD CPU Cycle:423316818
CFD4 $38           SEC                         A:B2 X:01 Y:02 P:85 SP:FD CPU Cycle:423316821
CFD5 $E9 $01       SBC #$01                    A:B2 X:01 Y:02 P:85 SP:FD CPU Cycle:423316823
CFD7 $D0 $FB       BNE $CFD4 = $38             A:B1 X:01 Y:02 P:85 SP:FD CPU Cycle:423316825
CFD4 $38           SEC                         A:B1 X:01 Y:02 P:85 SP:FD CPU Cycle:423316828
CFD5 $E9 $01       SBC #$01                    A:B1 X:01 Y:02 P:85 SP:FD CPU Cycle:423316830
CFD7 $D0 $FB       BNE $CFD4 = $38             A:B0 X:01 Y:02 P:85 SP:FD CPU Cycle:423316832
CFD4 $38           SEC                         A:B0 X:01 Y:02 P:85 SP:FD CPU Cycle:423316835
CFD5 $E9 $01       SBC #$01                    A:B0 X:01 Y:02 P:85 SP:FD CPU Cycle:423316837
CFD7 $D0 $FB       BNE $CFD4 = $38             A:AF X:01 Y:02 P:85 SP:FD CPU Cycle:423316839
CFD4 $38           SEC                         A:AF X:01 Y:02 P:85 SP:FD CPU Cycle:423316842
CFD5 $E9 $01       SBC #$01                    A:AF X:01 Y:02 P:85 SP:FD CPU Cycle:423316844
CFD7 $D0 $FB       BNE $CFD4 = $38             A:AE X:01 Y:02 P:85 SP:FD CPU Cycle:423316846
CFD4 $38           SEC                         A:AE X:01 Y:02 P:85 SP:FD CPU Cycle:423316849
CFD5 $E9 $01       SBC #$01                    A:AE X:01 Y:02 P:85 SP:FD CPU Cycle:423316851
CFD7 $D0 $FB       BNE $CFD4 = $38             A:AD X:01 Y:02 P:85 SP:FD CPU Cycle:423316853
CFD4 $38           SEC                         A:AD X:01 Y:02 P:85 SP:FD CPU Cycle:423316856
CFD5 $E9 $01       SBC #$01                    A:AD X:01 Y:02 P:85 SP:FD CPU Cycle:423316858
CFD7 $D0 $FB       BNE $CFD4 = $38             A:AC X:01 Y:02 P:85 SP:FD CPU Cycle:423316860
CFD4 $38           SEC                         A:AC X:01 Y:02 P:85 SP:FD CPU Cycle:423316863
CFD5 $E9 $01       SBC #$01                    A:AC X:01 Y:02 P:85 SP:FD CPU Cycle:423316865
CFD7 $D0 $FB       BNE $CFD4 = $38             A:AB X:01 Y:02 P:85 SP:FD CPU Cycle:423316867
CFD4 $38           SEC                         A:AB X:01 Y:02 P:85 SP:FD CPU Cycle:423316870
CFD5 $E9 $01       SBC #$01                    A:AB X:01 Y:02 P:85 SP:FD CPU Cycle:423316872
CFD7 $D0 $FB       BNE $CFD4 = $38             A:AA X:01 Y:02 P:85 SP:FD CPU Cycle:423316874
CFD4 $38           SEC                         A:AA X:01 Y:02 P:85 SP:FD CPU Cycle:423316877
CFD5 $E9 $01       SBC #$01                    A:AA X:01 Y:02 P:85 SP:FD CPU Cycle:423316879
CFD7 $D0 $FB       BNE $CFD4 = $38             A:A9 X:01 Y:02 P:85 SP:FD CPU Cycle:423316881
CFD4 $38           SEC                         A:A9 X:01 Y:02 P:85 SP:FD CPU Cycle:423316884
CFD5 $E9 $01       SBC #$01                    A:A9 X:01 Y:02 P:85 SP:FD CPU Cycle:423316886
CFD7 $D0 $FB       BNE $CFD4 = $38             A:A8 X:01 Y:02 P:85 SP:FD CPU Cycle:423316888
CFD4 $38           SEC                         A:A8 X:01 Y:02 P:85 SP:FD CPU Cycle:423316891
CFD5 $E9 $01       SBC #$01                    A:A8 X:01 Y:02 P:85 SP:FD CPU Cycle:423316893
CFD7 $D0 $FB       BNE $CFD4 = $38             A:A7 X:01 Y:02 P:85 SP:FD CPU Cycle:423316895
CFD4 $38           SEC                         A:A7 X:01 Y:02 P:85 SP:FD CPU Cycle:423316898
CFD5 $E9 $01       SBC #$01                    A:A7 X:01 Y:02 P:85 SP:FD CPU Cycle:423316900
CFD7 $D0 $FB       BNE $CFD4 = $38             A:A6 X:01 Y:02 P:85 SP:FD CPU Cycle:423316902
CFD4 $38           SEC                         A:A6 X:01 Y:02 P:85 SP:FD CPU Cycle:423316905
CFD5 $E9 $01       SBC #$01                    A:A6 X:01 Y:02 P:85 SP:FD CPU Cycle:423316907
CFD7 $D0 $FB       BNE $CFD4 = $38             A:A5 X:01 Y:02 P:85 SP:FD CPU Cycle:423316909
CFD4 $38           SEC                         A:A5 X:01 Y:02 P:85 SP:FD CPU Cycle:423316912
CFD5 $E9 $01       SBC #$01                    A:A5 X:01 Y:02 P:85 SP:FD CPU Cycle:423316914
CFD7 $D0 $FB       BNE $CFD4 = $38             A:A4 X:01 Y:02 P:85 SP:FD CPU Cycle:423316916
CFD4 $38           SEC                         A:A4 X:01 Y:02 P:85 SP:FD CPU Cycle:423316919
CFD5 $E9 $01       SBC #$01                    A:A4 X:01 Y:02 P:85 SP:FD CPU Cycle:423316921
CFD7 $D0 $FB       BNE $CFD4 = $38             A:A3 X:01 Y:02 P:85 SP:FD CPU Cycle:423316923
CFD4 $38           SEC                         A:A3 X:01 Y:02 P:85 SP:FD CPU Cycle:423316926
CFD5 $E9 $01       SBC #$01                    A:A3 X:01 Y:02 P:85 SP:FD CPU Cycle:423316928
CFD7 $D0 $FB       BNE $CFD4 = $38             A:A2 X:01 Y:02 P:85 SP:FD CPU Cycle:423316930
CFD4 $38           SEC                         A:A2 X:01 Y:02 P:85 SP:FD CPU Cycle:423316933
CFD5 $E9 $01       SBC #$01                    A:A2 X:01 Y:02 P:85 SP:FD CPU Cycle:423316935
CFD7 $D0 $FB       BNE $CFD4 = $38             A:A1 X:01 Y:02 P:85 SP:FD CPU Cycle:423316937
CFD4 $38           SEC                         A:A1 X:01 Y:02 P:85 SP:FD CPU Cycle:423316940
CFD5 $E9 $01       SBC #$01                    A:A1 X:01 Y:02 P:85 SP:FD CPU Cycle:423316942
CFD7 $D0 $FB       BNE $CFD4 = $38             A:A0 X:01 Y:02 P:85 SP:FD CPU Cycle:423316944
CFD4 $38           SEC                         A:A0 X:01 Y:02 P:85 SP:FD CPU Cycle:423316947
CFD5 $E9 $01       SBC #$01                    A:A0 X:01 Y:02 P:85 SP:FD CPU Cycle:423316949
CFD7 $D0 $FB       BNE $CFD4 = $38             A:9F X:01 Y:02 P:85 SP:FD CPU Cycle:423316951
CFD4 $38           SEC                         A:9F X:01 Y:02 P:85 SP:FD CPU Cycle:423316954
CFD5 $E9 $01       SBC #$01                    A:9F X:01 Y:02 P:85 SP:FD CPU Cycle:423316956
CFD7 $D0 $FB       BNE $CFD4 = $38             A:9E X:01 Y:02 P:85 SP:FD CPU Cycle:423316958
CFD4 $38           SEC                         A:9E X:01 Y:02 P:85 SP:FD CPU Cycle:423316961
CFD5 $E9 $01       SBC #$01                    A:9E X:01 Y:02 P:85 SP:FD CPU Cycle:423316963
CFD7 $D0 $FB       BNE $CFD4 = $38             A:9D X:01 Y:02 P:85 SP:FD CPU Cycle:423316965
CFD4 $38           SEC                         A:9D X:01 Y:02 P:85 SP:FD CPU Cycle:423316968
CFD5 $E9 $01       SBC #$01                    A:9D X:01 Y:02 P:85 SP:FD CPU Cycle:423316970
CFD7 $D0 $FB       BNE $CFD4 = $38             A:9C X:01 Y:02 P:85 SP:FD CPU Cycle:423316972
CFD4 $38           SEC                         A:9C X:01 Y:02 P:85 SP:FD CPU Cycle:423316975
CFD5 $E9 $01       SBC #$01                    A:9C X:01 Y:02 P:85 SP:FD CPU Cycle:423316977
CFD7 $D0 $FB       BNE $CFD4 = $38             A:9B X:01 Y:02 P:85 SP:FD CPU Cycle:423316979
CFD4 $38           SEC                         A:9B X:01 Y:02 P:85 SP:FD CPU Cycle:423316982
CFD5 $E9 $01       SBC #$01                    A:9B X:01 Y:02 P:85 SP:FD CPU Cycle:423316984
CFD7 $D0 $FB       BNE $CFD4 = $38             A:9A X:01 Y:02 P:85 SP:FD CPU Cycle:423316986
CFD4 $38           SEC                         A:9A X:01 Y:02 P:85 SP:FD CPU Cycle:423316989
CFD5 $E9 $01       SBC #$01                    A:9A X:01 Y:02 P:85 SP:FD CPU Cycle:423316991
CFD7 $D0 $FB       BNE $CFD4 = $38             A:99 X:01 Y:02 P:85 SP:FD CPU Cycle:423316993
CFD4 $38           SEC                         A:99 X:01 Y:02 P:85 SP:FD CPU Cycle:423316996
CFD5 $E9 $01       SBC #$01                    A:99 X:01 Y:02 P:85 SP:FD CPU Cycle:423316998
CFD7 $D0 $FB       BNE $CFD4 = $38             A:98 X:01 Y:02 P:85 SP:FD CPU Cycle:423317000
CFD4 $38           SEC                         A:98 X:01 Y:02 P:85 SP:FD CPU Cycle:423317003
CFD5 $E9 $01       SBC #$01                    A:98 X:01 Y:02 P:85 SP:FD CPU Cycle:423317005
CFD7 $D0 $FB       BNE $CFD4 = $38             A:97 X:01 Y:02 P:85 SP:FD CPU Cycle:423317007
CFD4 $38           SEC                         A:97 X:01 Y:02 P:85 SP:FD CPU Cycle:423317010
CFD5 $E9 $01       SBC #$01                    A:97 X:01 Y:02 P:85 SP:FD CPU Cycle:423317012
CFD7 $D0 $FB       BNE $CFD4 = $38             A:96 X:01 Y:02 P:85 SP:FD CPU Cycle:423317014
CFD4 $38           SEC                         A:96 X:01 Y:02 P:85 SP:FD CPU Cycle:423317017
CFD5 $E9 $01       SBC #$01                    A:96 X:01 Y:02 P:85 SP:FD CPU Cycle:423317019
CFD7 $D0 $FB       BNE $CFD4 = $38             A:95 X:01 Y:02 P:85 SP:FD CPU Cycle:423317021
CFD4 $38           SEC                         A:95 X:01 Y:02 P:85 SP:FD CPU Cycle:423317024
CFD5 $E9 $01       SBC #$01                    A:95 X:01 Y:02 P:85 SP:FD CPU Cycle:423317026
CFD7 $D0 $FB       BNE $CFD4 = $38             A:94 X:01 Y:02 P:85 SP:FD CPU Cycle:423317028
CFD4 $38           SEC                         A:94 X:01 Y:02 P:85 SP:FD CPU Cycle:423317031
CFD5 $E9 $01       SBC #$01                    A:94 X:01 Y:02 P:85 SP:FD CPU Cycle:423317033
CFD7 $D0 $FB       BNE $CFD4 = $38             A:93 X:01 Y:02 P:85 SP:FD CPU Cycle:423317035
CFD4 $38           SEC                         A:93 X:01 Y:02 P:85 SP:FD CPU Cycle:423317038
CFD5 $E9 $01       SBC #$01                    A:93 X:01 Y:02 P:85 SP:FD CPU Cycle:423317040
CFD7 $D0 $FB       BNE $CFD4 = $38             A:92 X:01 Y:02 P:85 SP:FD CPU Cycle:423317042
CFD4 $38           SEC                         A:92 X:01 Y:02 P:85 SP:FD CPU Cycle:423317045
CFD5 $E9 $01       SBC #$01                    A:92 X:01 Y:02 P:85 SP:FD CPU Cycle:423317047
CFD7 $D0 $FB       BNE $CFD4 = $38             A:91 X:01 Y:02 P:85 SP:FD CPU Cycle:423317049
CFD4 $38           SEC                         A:91 X:01 Y:02 P:85 SP:FD CPU Cycle:423317052
CFD5 $E9 $01       SBC #$01                    A:91 X:01 Y:02 P:85 SP:FD CPU Cycle:423317054
CFD7 $D0 $FB       BNE $CFD4 = $38             A:90 X:01 Y:02 P:85 SP:FD CPU Cycle:423317056
CFD4 $38           SEC                         A:90 X:01 Y:02 P:85 SP:FD CPU Cycle:423317059
CFD5 $E9 $01       SBC #$01                    A:90 X:01 Y:02 P:85 SP:FD CPU Cycle:423317061
CFD7 $D0 $FB       BNE $CFD4 = $38             A:8F X:01 Y:02 P:85 SP:FD CPU Cycle:423317063
CFD4 $38           SEC                         A:8F X:01 Y:02 P:85 SP:FD CPU Cycle:423317066
CFD5 $E9 $01       SBC #$01                    A:8F X:01 Y:02 P:85 SP:FD CPU Cycle:423317068
CFD7 $D0 $FB       BNE $CFD4 = $38             A:8E X:01 Y:02 P:85 SP:FD CPU Cycle:423317070
CFD4 $38           SEC                         A:8E X:01 Y:02 P:85 SP:FD CPU Cycle:423317073
CFD5 $E9 $01       SBC #$01                    A:8E X:01 Y:02 P:85 SP:FD CPU Cycle:423317075
CFD7 $D0 $FB       BNE $CFD4 = $38             A:8D X:01 Y:02 P:85 SP:FD CPU Cycle:423317077
CFD4 $38           SEC                         A:8D X:01 Y:02 P:85 SP:FD CPU Cycle:423317080
CFD5 $E9 $01       SBC #$01                    A:8D X:01 Y:02 P:85 SP:FD CPU Cycle:423317082
CFD7 $D0 $FB       BNE $CFD4 = $38             A:8C X:01 Y:02 P:85 SP:FD CPU Cycle:423317084
CFD4 $38           SEC                         A:8C X:01 Y:02 P:85 SP:FD CPU Cycle:423317087
CFD5 $E9 $01       SBC #$01                    A:8C X:01 Y:02 P:85 SP:FD CPU Cycle:423317089
CFD7 $D0 $FB       BNE $CFD4 = $38             A:8B X:01 Y:02 P:85 SP:FD CPU Cycle:423317091
CFD4 $38           SEC                         A:8B X:01 Y:02 P:85 SP:FD CPU Cycle:423317094
CFD5 $E9 $01       SBC #$01                    A:8B X:01 Y:02 P:85 SP:FD CPU Cycle:423317096
CFD7 $D0 $FB       BNE $CFD4 = $38             A:8A X:01 Y:02 P:85 SP:FD CPU Cycle:423317098
CFD4 $38           SEC                         A:8A X:01 Y:02 P:85 SP:FD CPU Cycle:423317101
CFD5 $E9 $01       SBC #$01                    A:8A X:01 Y:02 P:85 SP:FD CPU Cycle:423317103
CFD7 $D0 $FB       BNE $CFD4 = $38             A:89 X:01 Y:02 P:85 SP:FD CPU Cycle:423317105
CFD4 $38           SEC                         A:89 X:01 Y:02 P:85 SP:FD CPU Cycle:423317108
CFD5 $E9 $01       SBC #$01                    A:89 X:01 Y:02 P:85 SP:FD CPU Cycle:423317110
CFD7 $D0 $FB       BNE $CFD4 = $38             A:88 X:01 Y:02 P:85 SP:FD CPU Cycle:423317112
CFD4 $38           SEC                         A:88 X:01 Y:02 P:85 SP:FD CPU Cycle:423317115
CFD5 $E9 $01       SBC #$01                    A:88 X:01 Y:02 P:85 SP:FD CPU Cycle:423317117
CFD7 $D0 $FB       BNE $CFD4 = $38             A:87 X:01 Y:02 P:85 SP:FD CPU Cycle:423317119
CFD4 $38           SEC                         A:87 X:01 Y:02 P:85 SP:FD CPU Cycle:423317122
CFD5 $E9 $01       SBC #$01                    A:87 X:01 Y:02 P:85 SP:FD CPU Cycle:423317124
CFD7 $D0 $FB       BNE $CFD4 = $38             A:86 X:01 Y:02 P:85 SP:FD CPU Cycle:423317126
CFD4 $38           SEC                         A:86 X:01 Y:02 P:85 SP:FD CPU Cycle:423317129
CFD5 $E9 $01       SBC #$01                    A:86 X:01 Y:02 P:85 SP:FD CPU Cycle:423317131
CFD7 $D0 $FB       BNE $CFD4 = $38             A:85 X:01 Y:02 P:85 SP:FD CPU Cycle:423317133
CFD4 $38           SEC                         A:85 X:01 Y:02 P:85 SP:FD CPU Cycle:423317136
CFD5 $E9 $01       SBC #$01                    A:85 X:01 Y:02 P:85 SP:FD CPU Cycle:423317138
CFD7 $D0 $FB       BNE $CFD4 = $38             A:84 X:01 Y:02 P:85 SP:FD CPU Cycle:423317140
CFD4 $38           SEC                         A:84 X:01 Y:02 P:85 SP:FD CPU Cycle:423317143
CFD5 $E9 $01       SBC #$01                    A:84 X:01 Y:02 P:85 SP:FD CPU Cycle:423317145
CFD7 $D0 $FB       BNE $CFD4 = $38             A:83 X:01 Y:02 P:85 SP:FD CPU Cycle:423317147
CFD4 $38           SEC                         A:83 X:01 Y:02 P:85 SP:FD CPU Cycle:423317150
CFD5 $E9 $01       SBC #$01                    A:83 X:01 Y:02 P:85 SP:FD CPU Cycle:423317152
CFD7 $D0 $FB       BNE $CFD4 = $38             A:82 X:01 Y:02 P:85 SP:FD CPU Cycle:423317154
CFD4 $38           SEC                         A:82 X:01 Y:02 P:85 SP:FD CPU Cycle:423317157
CFD5 $E9 $01       SBC #$01                    A:82 X:01 Y:02 P:85 SP:FD CPU Cycle:423317159
CFD7 $D0 $FB       BNE $CFD4 = $38             A:81 X:01 Y:02 P:85 SP:FD CPU Cycle:423317161
CFD4 $38           SEC                         A:81 X:01 Y:02 P:85 SP:FD CPU Cycle:423317164
CFD5 $E9 $01       SBC #$01                    A:81 X:01 Y:02 P:85 SP:FD CPU Cycle:423317166
CFD7 $D0 $FB       BNE $CFD4 = $38             A:80 X:01 Y:02 P:85 SP:FD CPU Cycle:423317168
CFD4 $38           SEC                         A:80 X:01 Y:02 P:85 SP:FD CPU Cycle:423317171
CFD5 $E9 $01       SBC #$01                    A:80 X:01 Y:02 P:85 SP:FD CPU Cycle:423317173
CFD7 $D0 $FB       BNE $CFD4 = $38             A:7F X:01 Y:02 P:45 SP:FD CPU Cycle:423317175
CFD4 $38           SEC                         A:7F X:01 Y:02 P:45 SP:FD CPU Cycle:423317178
CFD5 $E9 $01       SBC #$01                    A:7F X:01 Y:02 P:45 SP:FD CPU Cycle:423317180
CFD7 $D0 $FB       BNE $CFD4 = $38             A:7E X:01 Y:02 P:05 SP:FD CPU Cycle:423317182
CFD4 $38           SEC                         A:7E X:01 Y:02 P:05 SP:FD CPU Cycle:423317185
CFD5 $E9 $01       SBC #$01                    A:7E X:01 Y:02 P:05 SP:FD CPU Cycle:423317187
CFD7 $D0 $FB       BNE $CFD4 = $38             A:7D X:01 Y:02 P:05 SP:FD CPU Cycle:423317189
CFD4 $38           SEC                         A:7D X:01 Y:02 P:05 SP:FD CPU Cycle:423317192
CFD5 $E9 $01       SBC #$01                    A:7D X:01 Y:02 P:05 SP:FD CPU Cycle:423317194
CFD7 $D0 $FB       BNE $CFD4 = $38             A:7C X:01 Y:02 P:05 SP:FD CPU Cycle:423317196
CFD4 $38           SEC                         A:7C X:01 Y:02 P:05 SP:FD CPU Cycle:423317199
CFD5 $E9 $01       SBC #$01                    A:7C X:01 Y:02 P:05 SP:FD CPU Cycle:423317201
CFD7 $D0 $FB       BNE $CFD4 = $38             A:7B X:01 Y:02 P:05 SP:FD CPU Cycle:423317203
CFD4 $38           SEC                         A:7B X:01 Y:02 P:05 SP:FD CPU Cycle:423317206
CFD5 $E9 $01       SBC #$01                    A:7B X:01 Y:02 P:05 SP:FD CPU Cycle:423317208
CFD7 $D0 $FB       BNE $CFD4 = $38             A:7A X:01 Y:02 P:05 SP:FD CPU Cycle:423317210
CFD4 $38           SEC                         A:7A X:01 Y:02 P:05 SP:FD CPU Cycle:423317213
CFD5 $E9 $01       SBC #$01                    A:7A X:01 Y:02 P:05 SP:FD CPU Cycle:423317215
CFD7 $D0 $FB       BNE $CFD4 = $38             A:79 X:01 Y:02 P:05 SP:FD CPU Cycle:423317217
CFD4 $38           SEC                         A:79 X:01 Y:02 P:05 SP:FD CPU Cycle:423317220
CFD5 $E9 $01       SBC #$01                    A:79 X:01 Y:02 P:05 SP:FD CPU Cycle:423317222
CFD7 $D0 $FB       BNE $CFD4 = $38             A:78 X:01 Y:02 P:05 SP:FD CPU Cycle:423317224
CFD4 $38           SEC                         A:78 X:01 Y:02 P:05 SP:FD CPU Cycle:423317227
CFD5 $E9 $01       SBC #$01                    A:78 X:01 Y:02 P:05 SP:FD CPU Cycle:423317229
CFD7 $D0 $FB       BNE $CFD4 = $38             A:77 X:01 Y:02 P:05 SP:FD CPU Cycle:423317231
CFD4 $38           SEC                         A:77 X:01 Y:02 P:05 SP:FD CPU Cycle:423317234
CFD5 $E9 $01       SBC #$01                    A:77 X:01 Y:02 P:05 SP:FD CPU Cycle:423317236
CFD7 $D0 $FB       BNE $CFD4 = $38             A:76 X:01 Y:02 P:05 SP:FD CPU Cycle:423317238
CFD4 $38           SEC                         A:76 X:01 Y:02 P:05 SP:FD CPU Cycle:423317241
CFD5 $E9 $01       SBC #$01                    A:76 X:01 Y:02 P:05 SP:FD CPU Cycle:423317243
CFD7 $D0 $FB       BNE $CFD4 = $38             A:75 X:01 Y:02 P:05 SP:FD CPU Cycle:423317245
CFD4 $38           SEC                         A:75 X:01 Y:02 P:05 SP:FD CPU Cycle:423317248
CFD5 $E9 $01       SBC #$01                    A:75 X:01 Y:02 P:05 SP:FD CPU Cycle:423317250
CFD7 $D0 $FB       BNE $CFD4 = $38             A:74 X:01 Y:02 P:05 SP:FD CPU Cycle:423317252
CFD4 $38           SEC                         A:74 X:01 Y:02 P:05 SP:FD CPU Cycle:423317255
CFD5 $E9 $01       SBC #$01                    A:74 X:01 Y:02 P:05 SP:FD CPU Cycle:423317257
CFD7 $D0 $FB       BNE $CFD4 = $38             A:73 X:01 Y:02 P:05 SP:FD CPU Cycle:423317259
CFD4 $38           SEC                         A:73 X:01 Y:02 P:05 SP:FD CPU Cycle:423317262
CFD5 $E9 $01       SBC #$01                    A:73 X:01 Y:02 P:05 SP:FD CPU Cycle:423317264
CFD7 $D0 $FB       BNE $CFD4 = $38             A:72 X:01 Y:02 P:05 SP:FD CPU Cycle:423317266
CFD4 $38           SEC                         A:72 X:01 Y:02 P:05 SP:FD CPU Cycle:423317269
CFD5 $E9 $01       SBC #$01                    A:72 X:01 Y:02 P:05 SP:FD CPU Cycle:423317271
CFD7 $D0 $FB       BNE $CFD4 = $38             A:71 X:01 Y:02 P:05 SP:FD CPU Cycle:423317273
CFD4 $38           SEC                         A:71 X:01 Y:02 P:05 SP:FD CPU Cycle:423317276
CFD5 $E9 $01       SBC #$01                    A:71 X:01 Y:02 P:05 SP:FD CPU Cycle:423317278
CFD7 $D0 $FB       BNE $CFD4 = $38             A:70 X:01 Y:02 P:05 SP:FD CPU Cycle:423317280
CFD4 $38           SEC                         A:70 X:01 Y:02 P:05 SP:FD CPU Cycle:423317283
CFD5 $E9 $01       SBC #$01                    A:70 X:01 Y:02 P:05 SP:FD CPU Cycle:423317285
CFD7 $D0 $FB       BNE $CFD4 = $38             A:6F X:01 Y:02 P:05 SP:FD CPU Cycle:423317287
CFD4 $38           SEC                         A:6F X:01 Y:02 P:05 SP:FD CPU Cycle:423317290
CFD5 $E9 $01       SBC #$01                    A:6F X:01 Y:02 P:05 SP:FD CPU Cycle:423317292
CFD7 $D0 $FB       BNE $CFD4 = $38             A:6E X:01 Y:02 P:05 SP:FD CPU Cycle:423317294
CFD4 $38           SEC                         A:6E X:01 Y:02 P:05 SP:FD CPU Cycle:423317297
CFD5 $E9 $01       SBC #$01                    A:6E X:01 Y:02 P:05 SP:FD CPU Cycle:423317299
CFD7 $D0 $FB       BNE $CFD4 = $38             A:6D X:01 Y:02 P:05 SP:FD CPU Cycle:423317301
CFD4 $38           SEC                         A:6D X:01 Y:02 P:05 SP:FD CPU Cycle:423317304
CFD5 $E9 $01       SBC #$01                    A:6D X:01 Y:02 P:05 SP:FD CPU Cycle:423317306
CFD7 $D0 $FB       BNE $CFD4 = $38             A:6C X:01 Y:02 P:05 SP:FD CPU Cycle:423317308
CFD4 $38           SEC                         A:6C X:01 Y:02 P:05 SP:FD CPU Cycle:423317311
CFD5 $E9 $01       SBC #$01                    A:6C X:01 Y:02 P:05 SP:FD CPU Cycle:423317313
CFD7 $D0 $FB       BNE $CFD4 = $38             A:6B X:01 Y:02 P:05 SP:FD CPU Cycle:423317315
CFD4 $38           SEC                         A:6B X:01 Y:02 P:05 SP:FD CPU Cycle:423317318
CFD5 $E9 $01       SBC #$01                    A:6B X:01 Y:02 P:05 SP:FD CPU Cycle:423317320
CFD7 $D0 $FB       BNE $CFD4 = $38             A:6A X:01 Y:02 P:05 SP:FD CPU Cycle:423317322
CFD4 $38           SEC                         A:6A X:01 Y:02 P:05 SP:FD CPU Cycle:423317325
CFD5 $E9 $01       SBC #$01                    A:6A X:01 Y:02 P:05 SP:FD CPU Cycle:423317327
CFD7 $D0 $FB       BNE $CFD4 = $38             A:69 X:01 Y:02 P:05 SP:FD CPU Cycle:423317329
CFD4 $38           SEC                         A:69 X:01 Y:02 P:05 SP:FD CPU Cycle:423317332
CFD5 $E9 $01       SBC #$01                    A:69 X:01 Y:02 P:05 SP:FD CPU Cycle:423317334
CFD7 $D0 $FB       BNE $CFD4 = $38             A:68 X:01 Y:02 P:05 SP:FD CPU Cycle:423317336
CFD4 $38           SEC                         A:68 X:01 Y:02 P:05 SP:FD CPU Cycle:423317339
CFD5 $E9 $01       SBC #$01                    A:68 X:01 Y:02 P:05 SP:FD CPU Cycle:423317341
CFD7 $D0 $FB       BNE $CFD4 = $38             A:67 X:01 Y:02 P:05 SP:FD CPU Cycle:423317343
CFD4 $38           SEC                         A:67 X:01 Y:02 P:05 SP:FD CPU Cycle:423317346
CFD5 $E9 $01       SBC #$01                    A:67 X:01 Y:02 P:05 SP:FD CPU Cycle:423317348
CFD7 $D0 $FB       BNE $CFD4 = $38             A:66 X:01 Y:02 P:05 SP:FD CPU Cycle:423317350
CFD4 $38           SEC                         A:66 X:01 Y:02 P:05 SP:FD CPU Cycle:423317353
CFD5 $E9 $01       SBC #$01                    A:66 X:01 Y:02 P:05 SP:FD CPU Cycle:423317355
CFD7 $D0 $FB       BNE $CFD4 = $38             A:65 X:01 Y:02 P:05 SP:FD CPU Cycle:423317357
CFD4 $38           SEC                         A:65 X:01 Y:02 P:05 SP:FD CPU Cycle:423317360
CFD5 $E9 $01       SBC #$01                    A:65 X:01 Y:02 P:05 SP:FD CPU Cycle:423317362
CFD7 $D0 $FB       BNE $CFD4 = $38             A:64 X:01 Y:02 P:05 SP:FD CPU Cycle:423317364
CFD4 $38           SEC                         A:64 X:01 Y:02 P:05 SP:FD CPU Cycle:423317367
CFD5 $E9 $01       SBC #$01                    A:64 X:01 Y:02 P:05 SP:FD CPU Cycle:423317369
CFD7 $D0 $FB       BNE $CFD4 = $38             A:63 X:01 Y:02 P:05 SP:FD CPU Cycle:423317371
CFD4 $38           SEC                         A:63 X:01 Y:02 P:05 SP:FD CPU Cycle:423317374
CFD5 $E9 $01       SBC #$01                    A:63 X:01 Y:02 P:05 SP:FD CPU Cycle:423317376
CFD7 $D0 $FB       BNE $CFD4 = $38             A:62 X:01 Y:02 P:05 SP:FD CPU Cycle:423317378
CFD4 $38           SEC                         A:62 X:01 Y:02 P:05 SP:FD CPU Cycle:423317381
CFD5 $E9 $01       SBC #$01                    A:62 X:01 Y:02 P:05 SP:FD CPU Cycle:423317383
CFD7 $D0 $FB       BNE $CFD4 = $38             A:61 X:01 Y:02 P:05 SP:FD CPU Cycle:423317385
CFD4 $38           SEC                         A:61 X:01 Y:02 P:05 SP:FD CPU Cycle:423317388
CFD5 $E9 $01       SBC #$01                    A:61 X:01 Y:02 P:05 SP:FD CPU Cycle:423317390
CFD7 $D0 $FB       BNE $CFD4 = $38             A:60 X:01 Y:02 P:05 SP:FD CPU Cycle:423317392
CFD4 $38           SEC                         A:60 X:01 Y:02 P:05 SP:FD CPU Cycle:423317395
CFD5 $E9 $01       SBC #$01                    A:60 X:01 Y:02 P:05 SP:FD CPU Cycle:423317397
CFD7 $D0 $FB       BNE $CFD4 = $38             A:5F X:01 Y:02 P:05 SP:FD CPU Cycle:423317399
CFD4 $38           SEC                         A:5F X:01 Y:02 P:05 SP:FD CPU Cycle:423317402
CFD5 $E9 $01       SBC #$01                    A:5F X:01 Y:02 P:05 SP:FD CPU Cycle:423317404
CFD7 $D0 $FB       BNE $CFD4 = $38             A:5E X:01 Y:02 P:05 SP:FD CPU Cycle:423317406
CFD4 $38           SEC                         A:5E X:01 Y:02 P:05 SP:FD CPU Cycle:423317409
CFD5 $E9 $01       SBC #$01                    A:5E X:01 Y:02 P:05 SP:FD CPU Cycle:423317411
CFD7 $D0 $FB       BNE $CFD4 = $38             A:5D X:01 Y:02 P:05 SP:FD CPU Cycle:423317413
CFD4 $38           SEC                         A:5D X:01 Y:02 P:05 SP:FD CPU Cycle:423317416
CFD5 $E9 $01       SBC #$01                    A:5D X:01 Y:02 P:05 SP:FD CPU Cycle:423317418
CFD7 $D0 $FB       BNE $CFD4 = $38             A:5C X:01 Y:02 P:05 SP:FD CPU Cycle:423317420
CFD4 $38           SEC                         A:5C X:01 Y:02 P:05 SP:FD CPU Cycle:423317423
CFD5 $E9 $01       SBC #$01                    A:5C X:01 Y:02 P:05 SP:FD CPU Cycle:423317425
CFD7 $D0 $FB       BNE $CFD4 = $38             A:5B X:01 Y:02 P:05 SP:FD CPU Cycle:423317427
CFD4 $38           SEC                         A:5B X:01 Y:02 P:05 SP:FD CPU Cycle:423317430
CFD5 $E9 $01       SBC #$01                    A:5B X:01 Y:02 P:05 SP:FD CPU Cycle:423317432
CFD7 $D0 $FB       BNE $CFD4 = $38             A:5A X:01 Y:02 P:05 SP:FD CPU Cycle:423317434
CFD4 $38           SEC                         A:5A X:01 Y:02 P:05 SP:FD CPU Cycle:423317437
CFD5 $E9 $01       SBC #$01                    A:5A X:01 Y:02 P:05 SP:FD CPU Cycle:423317439
CFD7 $D0 $FB       BNE $CFD4 = $38             A:59 X:01 Y:02 P:05 SP:FD CPU Cycle:423317441
CFD4 $38           SEC                         A:59 X:01 Y:02 P:05 SP:FD CPU Cycle:423317444
CFD5 $E9 $01       SBC #$01                    A:59 X:01 Y:02 P:05 SP:FD CPU Cycle:423317446
CFD7 $D0 $FB       BNE $CFD4 = $38             A:58 X:01 Y:02 P:05 SP:FD CPU Cycle:423317448
CFD4 $38           SEC                         A:58 X:01 Y:02 P:05 SP:FD CPU Cycle:423317451
CFD5 $E9 $01       SBC #$01                    A:58 X:01 Y:02 P:05 SP:FD CPU Cycle:423317453
CFD7 $D0 $FB       BNE $CFD4 = $38             A:57 X:01 Y:02 P:05 SP:FD CPU Cycle:423317455
CFD4 $38           SEC                         A:57 X:01 Y:02 P:05 SP:FD CPU Cycle:423317458
CFD5 $E9 $01       SBC #$01                    A:57 X:01 Y:02 P:05 SP:FD CPU Cycle:423317460
CFD7 $D0 $FB       BNE $CFD4 = $38             A:56 X:01 Y:02 P:05 SP:FD CPU Cycle:423317462
CFD4 $38           SEC                         A:56 X:01 Y:02 P:05 SP:FD CPU Cycle:423317465
CFD5 $E9 $01       SBC #$01                    A:56 X:01 Y:02 P:05 SP:FD CPU Cycle:423317467
CFD7 $D0 $FB       BNE $CFD4 = $38             A:55 X:01 Y:02 P:05 SP:FD CPU Cycle:423317469
CFD4 $38           SEC                         A:55 X:01 Y:02 P:05 SP:FD CPU Cycle:423317472
CFD5 $E9 $01       SBC #$01                    A:55 X:01 Y:02 P:05 SP:FD CPU Cycle:423317474
CFD7 $D0 $FB       BNE $CFD4 = $38             A:54 X:01 Y:02 P:05 SP:FD CPU Cycle:423317476
CFD4 $38           SEC                         A:54 X:01 Y:02 P:05 SP:FD CPU Cycle:423317479
CFD5 $E9 $01       SBC #$01                    A:54 X:01 Y:02 P:05 SP:FD CPU Cycle:423317481
CFD7 $D0 $FB       BNE $CFD4 = $38             A:53 X:01 Y:02 P:05 SP:FD CPU Cycle:423317483
CFD4 $38           SEC                         A:53 X:01 Y:02 P:05 SP:FD CPU Cycle:423317486
CFD5 $E9 $01       SBC #$01                    A:53 X:01 Y:02 P:05 SP:FD CPU Cycle:423317488
CFD7 $D0 $FB       BNE $CFD4 = $38             A:52 X:01 Y:02 P:05 SP:FD CPU Cycle:423317490
CFD4 $38           SEC                         A:52 X:01 Y:02 P:05 SP:FD CPU Cycle:423317493
CFD5 $E9 $01       SBC #$01                    A:52 X:01 Y:02 P:05 SP:FD CPU Cycle:423317495
CFD7 $D0 $FB       BNE $CFD4 = $38             A:51 X:01 Y:02 P:05 SP:FD CPU Cycle:423317497
CFD4 $38           SEC                         A:51 X:01 Y:02 P:05 SP:FD CPU Cycle:423317500
CFD5 $E9 $01       SBC #$01                    A:51 X:01 Y:02 P:05 SP:FD CPU Cycle:423317502
CFD7 $D0 $FB       BNE $CFD4 = $38             A:50 X:01 Y:02 P:05 SP:FD CPU Cycle:423317504
CFD4 $38           SEC                         A:50 X:01 Y:02 P:05 SP:FD CPU Cycle:423317507
CFD5 $E9 $01       SBC #$01                    A:50 X:01 Y:02 P:05 SP:FD CPU Cycle:423317509
CFD7 $D0 $FB       BNE $CFD4 = $38             A:4F X:01 Y:02 P:05 SP:FD CPU Cycle:423317511
CFD4 $38           SEC                         A:4F X:01 Y:02 P:05 SP:FD CPU Cycle:423317514
CFD5 $E9 $01       SBC #$01                    A:4F X:01 Y:02 P:05 SP:FD CPU Cycle:423317516
CFD7 $D0 $FB       BNE $CFD4 = $38             A:4E X:01 Y:02 P:05 SP:FD CPU Cycle:423317518
CFD4 $38           SEC                         A:4E X:01 Y:02 P:05 SP:FD CPU Cycle:423317521
CFD5 $E9 $01       SBC #$01                    A:4E X:01 Y:02 P:05 SP:FD CPU Cycle:423317523
CFD7 $D0 $FB       BNE $CFD4 = $38             A:4D X:01 Y:02 P:05 SP:FD CPU Cycle:423317525
CFD4 $38           SEC                         A:4D X:01 Y:02 P:05 SP:FD CPU Cycle:423317528
CFD5 $E9 $01       SBC #$01                    A:4D X:01 Y:02 P:05 SP:FD CPU Cycle:423317530
CFD7 $D0 $FB       BNE $CFD4 = $38             A:4C X:01 Y:02 P:05 SP:FD CPU Cycle:423317532
CFD4 $38           SEC                         A:4C X:01 Y:02 P:05 SP:FD CPU Cycle:423317535
CFD5 $E9 $01       SBC #$01                    A:4C X:01 Y:02 P:05 SP:FD CPU Cycle:423317537
CFD7 $D0 $FB       BNE $CFD4 = $38             A:4B X:01 Y:02 P:05 SP:FD CPU Cycle:423317539
CFD4 $38           SEC                         A:4B X:01 Y:02 P:05 SP:FD CPU Cycle:423317542
CFD5 $E9 $01       SBC #$01                    A:4B X:01 Y:02 P:05 SP:FD CPU Cycle:423317544
CFD7 $D0 $FB       BNE $CFD4 = $38             A:4A X:01 Y:02 P:05 SP:FD CPU Cycle:423317546
CFD4 $38           SEC                         A:4A X:01 Y:02 P:05 SP:FD CPU Cycle:423317549
CFD5 $E9 $01       SBC #$01                    A:4A X:01 Y:02 P:05 SP:FD CPU Cycle:423317551
CFD7 $D0 $FB       BNE $CFD4 = $38             A:49 X:01 Y:02 P:05 SP:FD CPU Cycle:423317553
CFD4 $38           SEC                         A:49 X:01 Y:02 P:05 SP:FD CPU Cycle:423317556
CFD5 $E9 $01       SBC #$01                    A:49 X:01 Y:02 P:05 SP:FD CPU Cycle:423317558
CFD7 $D0 $FB       BNE $CFD4 = $38             A:48 X:01 Y:02 P:05 SP:FD CPU Cycle:423317560
CFD4 $38           SEC                         A:48 X:01 Y:02 P:05 SP:FD CPU Cycle:423317563
CFD5 $E9 $01       SBC #$01                    A:48 X:01 Y:02 P:05 SP:FD CPU Cycle:423317565
CFD7 $D0 $FB       BNE $CFD4 = $38             A:47 X:01 Y:02 P:05 SP:FD CPU Cycle:423317567
CFD4 $38           SEC                         A:47 X:01 Y:02 P:05 SP:FD CPU Cycle:423317570
CFD5 $E9 $01       SBC #$01                    A:47 X:01 Y:02 P:05 SP:FD CPU Cycle:423317572
CFD7 $D0 $FB       BNE $CFD4 = $38             A:46 X:01 Y:02 P:05 SP:FD CPU Cycle:423317574
CFD4 $38           SEC                         A:46 X:01 Y:02 P:05 SP:FD CPU Cycle:423317577
CFD5 $E9 $01       SBC #$01                    A:46 X:01 Y:02 P:05 SP:FD CPU Cycle:423317579
CFD7 $D0 $FB       BNE $CFD4 = $38             A:45 X:01 Y:02 P:05 SP:FD CPU Cycle:423317581
CFD4 $38           SEC                         A:45 X:01 Y:02 P:05 SP:FD CPU Cycle:423317584
CFD5 $E9 $01       SBC #$01                    A:45 X:01 Y:02 P:05 SP:FD CPU Cycle:423317586
CFD7 $D0 $FB       BNE $CFD4 = $38             A:44 X:01 Y:02 P:05 SP:FD CPU Cycle:423317588
CFD4 $38           SEC                         A:44 X:01 Y:02 P:05 SP:FD CPU Cycle:423317591
CFD5 $E9 $01       SBC #$01                    A:44 X:01 Y:02 P:05 SP:FD CPU Cycle:423317593
CFD7 $D0 $FB       BNE $CFD4 = $38             A:43 X:01 Y:02 P:05 SP:FD CPU Cycle:423317595
CFD4 $38           SEC                         A:43 X:01 Y:02 P:05 SP:FD CPU Cycle:423317598
CFD5 $E9 $01       SBC #$01                    A:43 X:01 Y:02 P:05 SP:FD CPU Cycle:423317600
CFD7 $D0 $FB       BNE $CFD4 = $38             A:42 X:01 Y:02 P:05 SP:FD CPU Cycle:423317602
CFD4 $38           SEC                         A:42 X:01 Y:02 P:05 SP:FD CPU Cycle:423317605
CFD5 $E9 $01       SBC #$01                    A:42 X:01 Y:02 P:05 SP:FD CPU Cycle:423317607
CFD7 $D0 $FB       BNE $CFD4 = $38             A:41 X:01 Y:02 P:05 SP:FD CPU Cycle:423317609
CFD4 $38           SEC                         A:41 X:01 Y:02 P:05 SP:FD CPU Cycle:423317612
CFD5 $E9 $01       SBC #$01                    A:41 X:01 Y:02 P:05 SP:FD CPU Cycle:423317614
CFD7 $D0 $FB       BNE $CFD4 = $38             A:40 X:01 Y:02 P:05 SP:FD CPU Cycle:423317616
CFD4 $38           SEC                         A:40 X:01 Y:02 P:05 SP:FD CPU Cycle:423317619
CFD5 $E9 $01       SBC #$01                    A:40 X:01 Y:02 P:05 SP:FD CPU Cycle:423317621
CFD7 $D0 $FB       BNE $CFD4 = $38             A:3F X:01 Y:02 P:05 SP:FD CPU Cycle:423317623
CFD4 $38           SEC                         A:3F X:01 Y:02 P:05 SP:FD CPU Cycle:423317626
CFD5 $E9 $01       SBC #$01                    A:3F X:01 Y:02 P:05 SP:FD CPU Cycle:423317628
CFD7 $D0 $FB       BNE $CFD4 = $38             A:3E X:01 Y:02 P:05 SP:FD CPU Cycle:423317630
CFD4 $38           SEC                         A:3E X:01 Y:02 P:05 SP:FD CPU Cycle:423317633
CFD5 $E9 $01       SBC #$01                    A:3E X:01 Y:02 P:05 SP:FD CPU Cycle:423317635
CFD7 $D0 $FB       BNE $CFD4 = $38             A:3D X:01 Y:02 P:05 SP:FD CPU Cycle:423317637
CFD4 $38           SEC                         A:3D X:01 Y:02 P:05 SP:FD CPU Cycle:423317640
CFD5 $E9 $01       SBC #$01                    A:3D X:01 Y:02 P:05 SP:FD CPU Cycle:423317642
CFD7 $D0 $FB       BNE $CFD4 = $38             A:3C X:01 Y:02 P:05 SP:FD CPU Cycle:423317644
CFD4 $38           SEC                         A:3C X:01 Y:02 P:05 SP:FD CPU Cycle:423317647
CFD5 $E9 $01       SBC #$01                    A:3C X:01 Y:02 P:05 SP:FD CPU Cycle:423317649
CFD7 $D0 $FB       BNE $CFD4 = $38             A:3B X:01 Y:02 P:05 SP:FD CPU Cycle:423317651
CFD4 $38           SEC                         A:3B X:01 Y:02 P:05 SP:FD CPU Cycle:423317654
CFD5 $E9 $01       SBC #$01                    A:3B X:01 Y:02 P:05 SP:FD CPU Cycle:423317656
CFD7 $D0 $FB       BNE $CFD4 = $38             A:3A X:01 Y:02 P:05 SP:FD CPU Cycle:423317658
CFD4 $38           SEC                         A:3A X:01 Y:02 P:05 SP:FD CPU Cycle:423317661
CFD5 $E9 $01       SBC #$01                    A:3A X:01 Y:02 P:05 SP:FD CPU Cycle:423317663
CFD7 $D0 $FB       BNE $CFD4 = $38             A:39 X:01 Y:02 P:05 SP:FD CPU Cycle:423317665
CFD4 $38           SEC                         A:39 X:01 Y:02 P:05 SP:FD CPU Cycle:423317668
CFD5 $E9 $01       SBC #$01                    A:39 X:01 Y:02 P:05 SP:FD CPU Cycle:423317670
CFD7 $D0 $FB       BNE $CFD4 = $38             A:38 X:01 Y:02 P:05 SP:FD CPU Cycle:423317672
CFD4 $38           SEC                         A:38 X:01 Y:02 P:05 SP:FD CPU Cycle:423317675
CFD5 $E9 $01       SBC #$01                    A:38 X:01 Y:02 P:05 SP:FD CPU Cycle:423317677
CFD7 $D0 $FB       BNE $CFD4 = $38             A:37 X:01 Y:02 P:05 SP:FD CPU Cycle:423317679
CFD4 $38           SEC                         A:37 X:01 Y:02 P:05 SP:FD CPU Cycle:423317682
CFD5 $E9 $01       SBC #$01                    A:37 X:01 Y:02 P:05 SP:FD CPU Cycle:423317684
CFD7 $D0 $FB       BNE $CFD4 = $38             A:36 X:01 Y:02 P:05 SP:FD CPU Cycle:423317686
CFD4 $38           SEC                         A:36 X:01 Y:02 P:05 SP:FD CPU Cycle:423317689
CFD5 $E9 $01       SBC #$01                    A:36 X:01 Y:02 P:05 SP:FD CPU Cycle:423317691
CFD7 $D0 $FB       BNE $CFD4 = $38             A:35 X:01 Y:02 P:05 SP:FD CPU Cycle:423317693
CFD4 $38           SEC                         A:35 X:01 Y:02 P:05 SP:FD CPU Cycle:423317696
CFD5 $E9 $01       SBC #$01                    A:35 X:01 Y:02 P:05 SP:FD CPU Cycle:423317698
CFD7 $D0 $FB       BNE $CFD4 = $38             A:34 X:01 Y:02 P:05 SP:FD CPU Cycle:423317700
CFD4 $38           SEC                         A:34 X:01 Y:02 P:05 SP:FD CPU Cycle:423317703
CFD5 $E9 $01       SBC #$01                    A:34 X:01 Y:02 P:05 SP:FD CPU Cycle:423317705
CFD7 $D0 $FB       BNE $CFD4 = $38             A:33 X:01 Y:02 P:05 SP:FD CPU Cycle:423317707
CFD4 $38           SEC                         A:33 X:01 Y:02 P:05 SP:FD CPU Cycle:423317710
CFD5 $E9 $01       SBC #$01                    A:33 X:01 Y:02 P:05 SP:FD CPU Cycle:423317712
CFD7 $D0 $FB       BNE $CFD4 = $38             A:32 X:01 Y:02 P:05 SP:FD CPU Cycle:423317714
CFD4 $38           SEC                         A:32 X:01 Y:02 P:05 SP:FD CPU Cycle:423317717
CFD5 $E9 $01       SBC #$01                    A:32 X:01 Y:02 P:05 SP:FD CPU Cycle:423317719
CFD7 $D0 $FB       BNE $CFD4 = $38             A:31 X:01 Y:02 P:05 SP:FD CPU Cycle:423317721
CFD4 $38           SEC                         A:31 X:01 Y:02 P:05 SP:FD CPU Cycle:423317724
CFD5 $E9 $01       SBC #$01                    A:31 X:01 Y:02 P:05 SP:FD CPU Cycle:423317726
CFD7 $D0 $FB       BNE $CFD4 = $38             A:30 X:01 Y:02 P:05 SP:FD CPU Cycle:423317728
CFD4 $38           SEC                         A:30 X:01 Y:02 P:05 SP:FD CPU Cycle:423317731
CFD5 $E9 $01       SBC #$01                    A:30 X:01 Y:02 P:05 SP:FD CPU Cycle:423317733
CFD7 $D0 $FB       BNE $CFD4 = $38             A:2F X:01 Y:02 P:05 SP:FD CPU Cycle:423317735
CFD4 $38           SEC                         A:2F X:01 Y:02 P:05 SP:FD CPU Cycle:423317738
CFD5 $E9 $01       SBC #$01                    A:2F X:01 Y:02 P:05 SP:FD CPU Cycle:423317740
CFD7 $D0 $FB       BNE $CFD4 = $38             A:2E X:01 Y:02 P:05 SP:FD CPU Cycle:423317742
CFD4 $38           SEC                         A:2E X:01 Y:02 P:05 SP:FD CPU Cycle:423317745
CFD5 $E9 $01       SBC #$01                    A:2E X:01 Y:02 P:05 SP:FD CPU Cycle:423317747
CFD7 $D0 $FB       BNE $CFD4 = $38             A:2D X:01 Y:02 P:05 SP:FD CPU Cycle:423317749
CFD4 $38           SEC                         A:2D X:01 Y:02 P:05 SP:FD CPU Cycle:423317752
CFD5 $E9 $01       SBC #$01                    A:2D X:01 Y:02 P:05 SP:FD CPU Cycle:423317754
CFD7 $D0 $FB       BNE $CFD4 = $38             A:2C X:01 Y:02 P:05 SP:FD CPU Cycle:423317756
CFD4 $38           SEC                         A:2C X:01 Y:02 P:05 SP:FD CPU Cycle:423317759
CFD5 $E9 $01       SBC #$01                    A:2C X:01 Y:02 P:05 SP:FD CPU Cycle:423317761
CFD7 $D0 $FB       BNE $CFD4 = $38             A:2B X:01 Y:02 P:05 SP:FD CPU Cycle:423317763
CFD4 $38           SEC                         A:2B X:01 Y:02 P:05 SP:FD CPU Cycle:423317766
CFD5 $E9 $01       SBC #$01                    A:2B X:01 Y:02 P:05 SP:FD CPU Cycle:423317768
CFD7 $D0 $FB       BNE $CFD4 = $38             A:2A X:01 Y:02 P:05 SP:FD CPU Cycle:423317770
CFD4 $38           SEC                         A:2A X:01 Y:02 P:05 SP:FD CPU Cycle:423317773
CFD5 $E9 $01       SBC #$01                    A:2A X:01 Y:02 P:05 SP:FD CPU Cycle:423317775
CFD7 $D0 $FB       BNE $CFD4 = $38             A:29 X:01 Y:02 P:05 SP:FD CPU Cycle:423317777
CFD4 $38           SEC                         A:29 X:01 Y:02 P:05 SP:FD CPU Cycle:423317780
CFD5 $E9 $01       SBC #$01                    A:29 X:01 Y:02 P:05 SP:FD CPU Cycle:423317782
CFD7 $D0 $FB       BNE $CFD4 = $38             A:28 X:01 Y:02 P:05 SP:FD CPU Cycle:423317784
CFD4 $38           SEC                         A:28 X:01 Y:02 P:05 SP:FD CPU Cycle:423317787
CFD5 $E9 $01       SBC #$01                    A:28 X:01 Y:02 P:05 SP:FD CPU Cycle:423317789
CFD7 $D0 $FB       BNE $CFD4 = $38             A:27 X:01 Y:02 P:05 SP:FD CPU Cycle:423317791
CFD4 $38           SEC                         A:27 X:01 Y:02 P:05 SP:FD CPU Cycle:423317794
CFD5 $E9 $01       SBC #$01                    A:27 X:01 Y:02 P:05 SP:FD CPU Cycle:423317796
CFD7 $D0 $FB       BNE $CFD4 = $38             A:26 X:01 Y:02 P:05 SP:FD CPU Cycle:423317798
CFD4 $38           SEC                         A:26 X:01 Y:02 P:05 SP:FD CPU Cycle:423317801
CFD5 $E9 $01       SBC #$01                    A:26 X:01 Y:02 P:05 SP:FD CPU Cycle:423317803
CFD7 $D0 $FB       BNE $CFD4 = $38             A:25 X:01 Y:02 P:05 SP:FD CPU Cycle:423317805
CFD4 $38           SEC                         A:25 X:01 Y:02 P:05 SP:FD CPU Cycle:423317808
CFD5 $E9 $01       SBC #$01                    A:25 X:01 Y:02 P:05 SP:FD CPU Cycle:423317810
CFD7 $D0 $FB       BNE $CFD4 = $38             A:24 X:01 Y:02 P:05 SP:FD CPU Cycle:423317812
CFD4 $38           SEC                         A:24 X:01 Y:02 P:05 SP:FD CPU Cycle:423317815
CFD5 $E9 $01       SBC #$01                    A:24 X:01 Y:02 P:05 SP:FD CPU Cycle:423317817
CFD7 $D0 $FB       BNE $CFD4 = $38             A:23 X:01 Y:02 P:05 SP:FD CPU Cycle:423317819
CFD4 $38           SEC                         A:23 X:01 Y:02 P:05 SP:FD CPU Cycle:423317822
CFD5 $E9 $01       SBC #$01                    A:23 X:01 Y:02 P:05 SP:FD CPU Cycle:423317824
CFD7 $D0 $FB       BNE $CFD4 = $38             A:22 X:01 Y:02 P:05 SP:FD CPU Cycle:423317826
CFD4 $38           SEC                         A:22 X:01 Y:02 P:05 SP:FD CPU Cycle:423317829
CFD5 $E9 $01       SBC #$01                    A:22 X:01 Y:02 P:05 SP:FD CPU Cycle:423317831
CFD7 $D0 $FB       BNE $CFD4 = $38             A:21 X:01 Y:02 P:05 SP:FD CPU Cycle:423317833
CFD4 $38           SEC                         A:21 X:01 Y:02 P:05 SP:FD CPU Cycle:423317836
CFD5 $E9 $01       SBC #$01                    A:21 X:01 Y:02 P:05 SP:FD CPU Cycle:423317838
CFD7 $D0 $FB       BNE $CFD4 = $38             A:20 X:01 Y:02 P:05 SP:FD CPU Cycle:423317840
CFD4 $38           SEC                         A:20 X:01 Y:02 P:05 SP:FD CPU Cycle:423317843
CFD5 $E9 $01       SBC #$01                    A:20 X:01 Y:02 P:05 SP:FD CPU Cycle:423317845
CFD7 $D0 $FB       BNE $CFD4 = $38             A:1F X:01 Y:02 P:05 SP:FD CPU Cycle:423317847
CFD4 $38           SEC                         A:1F X:01 Y:02 P:05 SP:FD CPU Cycle:423317850
CFD5 $E9 $01       SBC #$01                    A:1F X:01 Y:02 P:05 SP:FD CPU Cycle:423317852
CFD7 $D0 $FB       BNE $CFD4 = $38             A:1E X:01 Y:02 P:05 SP:FD CPU Cycle:423317854
CFD4 $38           SEC                         A:1E X:01 Y:02 P:05 SP:FD CPU Cycle:423317857
CFD5 $E9 $01       SBC #$01                    A:1E X:01 Y:02 P:05 SP:FD CPU Cycle:423317859
CFD7 $D0 $FB       BNE $CFD4 = $38             A:1D X:01 Y:02 P:05 SP:FD CPU Cycle:423317861
CFD4 $38           SEC                         A:1D X:01 Y:02 P:05 SP:FD CPU Cycle:423317864
CFD5 $E9 $01       SBC #$01                    A:1D X:01 Y:02 P:05 SP:FD CPU Cycle:423317866
CFD7 $D0 $FB       BNE $CFD4 = $38             A:1C X:01 Y:02 P:05 SP:FD CPU Cycle:423317868
CFD4 $38           SEC                         A:1C X:01 Y:02 P:05 SP:FD CPU Cycle:423317871
CFD5 $E9 $01       SBC #$01                    A:1C X:01 Y:02 P:05 SP:FD CPU Cycle:423317873
CFD7 $D0 $FB       BNE $CFD4 = $38             A:1B X:01 Y:02 P:05 SP:FD CPU Cycle:423317875
CFD4 $38           SEC                         A:1B X:01 Y:02 P:05 SP:FD CPU Cycle:423317878
CFD5 $E9 $01       SBC #$01                    A:1B X:01 Y:02 P:05 SP:FD CPU Cycle:423317880
CFD7 $D0 $FB       BNE $CFD4 = $38             A:1A X:01 Y:02 P:05 SP:FD CPU Cycle:423317882
CFD4 $38           SEC                         A:1A X:01 Y:02 P:05 SP:FD CPU Cycle:423317885
CFD5 $E9 $01       SBC #$01                    A:1A X:01 Y:02 P:05 SP:FD CPU Cycle:423317887
CFD7 $D0 $FB       BNE $CFD4 = $38             A:19 X:01 Y:02 P:05 SP:FD CPU Cycle:423317889
CFD4 $38           SEC                         A:19 X:01 Y:02 P:05 SP:FD CPU Cycle:423317892
CFD5 $E9 $01       SBC #$01                    A:19 X:01 Y:02 P:05 SP:FD CPU Cycle:423317894
CFD7 $D0 $FB       BNE $CFD4 = $38             A:18 X:01 Y:02 P:05 SP:FD CPU Cycle:423317896
CFD4 $38           SEC                         A:18 X:01 Y:02 P:05 SP:FD CPU Cycle:423317899
CFD5 $E9 $01       SBC #$01                    A:18 X:01 Y:02 P:05 SP:FD CPU Cycle:423317901
CFD7 $D0 $FB       BNE $CFD4 = $38             A:17 X:01 Y:02 P:05 SP:FD CPU Cycle:423317903
CFD4 $38           SEC                         A:17 X:01 Y:02 P:05 SP:FD CPU Cycle:423317906
CFD5 $E9 $01       SBC #$01                    A:17 X:01 Y:02 P:05 SP:FD CPU Cycle:423317908
CFD7 $D0 $FB       BNE $CFD4 = $38             A:16 X:01 Y:02 P:05 SP:FD CPU Cycle:423317910
CFD4 $38           SEC                         A:16 X:01 Y:02 P:05 SP:FD CPU Cycle:423317913
CFD5 $E9 $01       SBC #$01                    A:16 X:01 Y:02 P:05 SP:FD CPU Cycle:423317915
CFD7 $D0 $FB       BNE $CFD4 = $38             A:15 X:01 Y:02 P:05 SP:FD CPU Cycle:423317917
CFD4 $38           SEC                         A:15 X:01 Y:02 P:05 SP:FD CPU Cycle:423317920
CFD5 $E9 $01       SBC #$01                    A:15 X:01 Y:02 P:05 SP:FD CPU Cycle:423317922
CFD7 $D0 $FB       BNE $CFD4 = $38             A:14 X:01 Y:02 P:05 SP:FD CPU Cycle:423317924
CFD4 $38           SEC                         A:14 X:01 Y:02 P:05 SP:FD CPU Cycle:423317927
CFD5 $E9 $01       SBC #$01                    A:14 X:01 Y:02 P:05 SP:FD CPU Cycle:423317929
CFD7 $D0 $FB       BNE $CFD4 = $38             A:13 X:01 Y:02 P:05 SP:FD CPU Cycle:423317931
CFD4 $38           SEC                         A:13 X:01 Y:02 P:05 SP:FD CPU Cycle:423317934
CFD5 $E9 $01       SBC #$01                    A:13 X:01 Y:02 P:05 SP:FD CPU Cycle:423317936
CFD7 $D0 $FB       BNE $CFD4 = $38             A:12 X:01 Y:02 P:05 SP:FD CPU Cycle:423317938
CFD4 $38           SEC                         A:12 X:01 Y:02 P:05 SP:FD CPU Cycle:423317941
CFD5 $E9 $01       SBC #$01                    A:12 X:01 Y:02 P:05 SP:FD CPU Cycle:423317943
CFD7 $D0 $FB       BNE $CFD4 = $38             A:11 X:01 Y:02 P:05 SP:FD CPU Cycle:423317945
CFD4 $38           SEC                         A:11 X:01 Y:02 P:05 SP:FD CPU Cycle:423317948
CFD5 $E9 $01       SBC #$01                    A:11 X:01 Y:02 P:05 SP:FD CPU Cycle:423317950
CFD7 $D0 $FB       BNE $CFD4 = $38             A:10 X:01 Y:02 P:05 SP:FD CPU Cycle:423317952
CFD4 $38           SEC                         A:10 X:01 Y:02 P:05 SP:FD CPU Cycle:423317955
CFD5 $E9 $01       SBC #$01                    A:10 X:01 Y:02 P:05 SP:FD CPU Cycle:423317957
CFD7 $D0 $FB       BNE $CFD4 = $38             A:0F X:01 Y:02 P:05 SP:FD CPU Cycle:423317959
CFD4 $38           SEC                         A:0F X:01 Y:02 P:05 SP:FD CPU Cycle:423317962
CFD5 $E9 $01       SBC #$01                    A:0F X:01 Y:02 P:05 SP:FD CPU Cycle:423317964
CFD7 $D0 $FB       BNE $CFD4 = $38             A:0E X:01 Y:02 P:05 SP:FD CPU Cycle:423317966
CFD4 $38           SEC                         A:0E X:01 Y:02 P:05 SP:FD CPU Cycle:423317969
CFD5 $E9 $01       SBC #$01                    A:0E X:01 Y:02 P:05 SP:FD CPU Cycle:423317971
CFD7 $D0 $FB       BNE $CFD4 = $38             A:0D X:01 Y:02 P:05 SP:FD CPU Cycle:423317973
CFD4 $38           SEC                         A:0D X:01 Y:02 P:05 SP:FD CPU Cycle:423317976
CFD5 $E9 $01       SBC #$01                    A:0D X:01 Y:02 P:05 SP:FD CPU Cycle:423317978
CFD7 $D0 $FB       BNE $CFD4 = $38             A:0C X:01 Y:02 P:05 SP:FD CPU Cycle:423317980
CFD4 $38           SEC                         A:0C X:01 Y:02 P:05 SP:FD CPU Cycle:423317983
CFD5 $E9 $01       SBC #$01                    A:0C X:01 Y:02 P:05 SP:FD CPU Cycle:423317985
CFD7 $D0 $FB       BNE $CFD4 = $38             A:0B X:01 Y:02 P:05 SP:FD CPU Cycle:423317987
CFD4 $38           SEC                         A:0B X:01 Y:02 P:05 SP:FD CPU Cycle:423317990
CFD5 $E9 $01       SBC #$01                    A:0B X:01 Y:02 P:05 SP:FD CPU Cycle:423317992
CFD7 $D0 $FB       BNE $CFD4 = $38             A:0A X:01 Y:02 P:05 SP:FD CPU Cycle:423317994
CFD4 $38           SEC                         A:0A X:01 Y:02 P:05 SP:FD CPU Cycle:423317997
CFD5 $E9 $01       SBC #$01                    A:0A X:01 Y:02 P:05 SP:FD CPU Cycle:423317999
CFD7 $D0 $FB       BNE $CFD4 = $38             A:09 X:01 Y:02 P:05 SP:FD CPU Cycle:423318001
CFD4 $38           SEC                         A:09 X:01 Y:02 P:05 SP:FD CPU Cycle:423318004
CFD5 $E9 $01       SBC #$01                    A:09 X:01 Y:02 P:05 SP:FD CPU Cycle:423318006
CFD7 $D0 $FB       BNE $CFD4 = $38             A:08 X:01 Y:02 P:05 SP:FD CPU Cycle:423318008
CFD4 $38           SEC                         A:08 X:01 Y:02 P:05 SP:FD CPU Cycle:423318011
CFD5 $E9 $01       SBC #$01                    A:08 X:01 Y:02 P:05 SP:FD CPU Cycle:423318013
CFD7 $D0 $FB       BNE $CFD4 = $38             A:07 X:01 Y:02 P:05 SP:FD CPU Cycle:423318015
CFD4 $38           SEC                         A:07 X:01 Y:02 P:05 SP:FD CPU Cycle:423318018
CFD5 $E9 $01       SBC #$01                    A:07 X:01 Y:02 P:05 SP:FD CPU Cycle:423318020
CFD7 $D0 $FB       BNE $CFD4 = $38             A:06 X:01 Y:02 P:05 SP:FD CPU Cycle:423318022
CFD4 $38           SEC                         A:06 X:01 Y:02 P:05 SP:FD CPU Cycle:423318025
CFD5 $E9 $01       SBC #$01                    A:06 X:01 Y:02 P:05 SP:FD CPU Cycle:423318027
CFD7 $D0 $FB       BNE $CFD4 = $38             A:05 X:01 Y:02 P:05 SP:FD CPU Cycle:423318029
CFD4 $38           SEC                         A:05 X:01 Y:02 P:05 SP:FD CPU Cycle:423318032
CFD5 $E9 $01       SBC #$01                    A:05 X:01 Y:02 P:05 SP:FD CPU Cycle:423318034
CFD7 $D0 $FB       BNE $CFD4 = $38             A:04 X:01 Y:02 P:05 SP:FD CPU Cycle:423318036
CFD4 $38           SEC                         A:04 X:01 Y:02 P:05 SP:FD CPU Cycle:423318039
CFD5 $E9 $01       SBC #$01                    A:04 X:01 Y:02 P:05 SP:FD CPU Cycle:423318041
CFD7 $D0 $FB       BNE $CFD4 = $38             A:03 X:01 Y:02 P:05 SP:FD CPU Cycle:423318043
CFD4 $38           SEC                         A:03 X:01 Y:02 P:05 SP:FD CPU Cycle:423318046
CFD5 $E9 $01       SBC #$01                    A:03 X:01 Y:02 P:05 SP:FD CPU Cycle:423318048
CFD7 $D0 $FB       BNE $CFD4 = $38             A:02 X:01 Y:02 P:05 SP:FD CPU Cycle:423318050
CFD4 $38           SEC                         A:02 X:01 Y:02 P:05 SP:FD CPU Cycle:423318053
CFD5 $E9 $01       SBC #$01                    A:02 X:01 Y:02 P:05 SP:FD CPU Cycle:423318055
CFD7 $D0 $FB       BNE $CFD4 = $38             A:01 X:01 Y:02 P:05 SP:FD CPU Cycle:423318057
CFD4 $38           SEC                         A:01 X:01 Y:02 P:05 SP:FD CPU Cycle:423318060
CFD5 $E9 $01       SBC #$01                    A:01 X:01 Y:02 P:05 SP:FD CPU Cycle:423318062
CFD7 $D0 $FB       BNE $CFD4 = $38             A:00 X:01 Y:02 P:07 SP:FD CPU Cycle:423318064
CFD9 $CA           DEX                         A:00 X:01 Y:02 P:07 SP:FD CPU Cycle:423318066
CFDA $D0 $F8       BNE $CFD4 = $38             A:00 X:00 Y:02 P:07 SP:FD CPU Cycle:423318068
CFDC $AE $45 $03   LDX $0345 = $00             A:00 X:00 Y:02 P:07 SP:FD CPU Cycle:423318070
CFDF $24 $91       BIT $91 = $00               A:00 X:00 Y:02 P:07 SP:FD CPU Cycle:423318074
CFE1 $30 $05       BMI $CFE8 = $24             A:00 X:00 Y:02 P:07 SP:FD CPU Cycle:423318077
CFE3 $A9 $05       LDA #$05                    A:00 X:00 Y:02 P:07 SP:FD CPU Cycle:423318079
CFE5 $20 $1B $F8   JSR $F81B = $20             A:05 X:00 Y:02 P:05 SP:FD CPU Cycle:423318081
F81B $20 $3E $F8     JSR $F83E = $8D           A:05 X:00 Y:02 P:05 SP:FB CPU Cycle:423318087
F83E $8D $3F $03       STA $033F = $99         A:05 X:00 Y:02 P:05 SP:F9 CPU Cycle:423318093
F841 $8E $40 $03       STX $0340 = $00         A:05 X:00 Y:02 P:05 SP:F9 CPU Cycle:423318097
F844 $8C $41 $03       STY $0341 = $0A         A:05 X:00 Y:02 P:05 SP:F9 CPU Cycle:423318101
F847 $A9 $06           LDA #$06                A:05 X:00 Y:02 P:05 SP:F9 CPU Cycle:423318105
F849 $8D $00 $80       STA $8000 = $20         A:06 X:00 Y:02 P:05 SP:F9 CPU Cycle:423318107
F84C $A9 $0B           LDA #$0B                A:06 X:00 Y:02 P:05 SP:F9 CPU Cycle:423318111
F84E $8D $01 $80       STA $8001 = $00         A:0B X:00 Y:02 P:05 SP:F9 CPU Cycle:423318113
F851 $AD $3F $03       LDA $033F = $05         A:0B X:00 Y:02 P:05 SP:F9 CPU Cycle:423318117
F854 $60               RTS                     A:05 X:00 Y:02 P:05 SP:F9 CPU Cycle:423318121
F81E $20 $03 $80     JSR $8003 = $4C           A:05 X:00 Y:02 P:05 SP:FB CPU Cycle:423318127
8003 $4C $09 $80       JMP $8009 = $84         A:05 X:00 Y:02 P:05 SP:F9 CPU Cycle:423318133
8009 $84 $FF           STY $FF = $02           A:05 X:00 Y:02 P:05 SP:F9 CPU Cycle:423318136
800B $20 $49 $80       JSR $8049 = $AC         A:05 X:00 Y:02 P:05 SP:F9 CPU Cycle:423318139
8049 $AC $11 $05         LDY $0511 = $00       A:05 X:00 Y:02 P:05 SP:F7 CPU Cycle:423318145
804C $C8                 INY                   A:05 X:00 Y:00 P:07 SP:F7 CPU Cycle:423318149
804D $C0 $10             CPY #$10              A:05 X:00 Y:01 P:05 SP:F7 CPU Cycle:423318151
804F $90 $02             BCC $8053 = $8C       A:05 X:00 Y:01 P:84 SP:F7 CPU Cycle:423318153
8053 $8C $11 $05         STY $0511 = $00       A:05 X:00 Y:01 P:84 SP:F7 CPU Cycle:423318156
8056 $CC $10 $05         CPY $0510 = $00       A:05 X:00 Y:01 P:84 SP:F7 CPU Cycle:423318160
8059 $D0 $03             BNE $805E = $99       A:05 X:00 Y:01 P:05 SP:F7 CPU Cycle:423318164
805E $99 $00 $05         STA $0500,Y = $05     A:05 X:00 Y:01 P:05 SP:F7 CPU Cycle:423318167
8061 $60                 RTS                   A:05 X:00 Y:01 P:05 SP:F7 CPU Cycle:423318172
800E $A4 $FF           LDY $FF = $02           A:05 X:00 Y:01 P:05 SP:F9 CPU Cycle:423318178
8010 $60               RTS                     A:05 X:00 Y:02 P:05 SP:F9 CPU Cycle:423318181
F821 $4C $2A $F8     JMP $F82A = $A9           A:05 X:00 Y:02 P:05 SP:FB CPU Cycle:423318187
F82A $A9 $06         LDA #$06                  A:05 X:00 Y:02 P:05 SP:FB CPU Cycle:423318190
F82C $8D $00 $80     STA $8000 = $4C           A:06 X:00 Y:02 P:05 SP:FB CPU Cycle:423318192
F82F $A9 $0C         LDA #$0C                  A:06 X:00 Y:02 P:05 SP:FB CPU Cycle:423318196
F831 $8D $01 $80     STA $8001 = $11           A:0C X:00 Y:02 P:05 SP:FB CPU Cycle:423318198
F834 $AC $41 $03     LDY $0341 = $02           A:0C X:00 Y:02 P:05 SP:FB CPU Cycle:423318202
F837 $AE $40 $03     LDX $0340 = $00           A:0C X:00 Y:02 P:05 SP:FB CPU Cycle:423318206
F83A $AD $3F $03     LDA $033F = $05           A:0C X:00 Y:02 P:07 SP:FB CPU Cycle:423318210
F83D $60             RTS                       A:05 X:00 Y:02 P:05 SP:FB CPU Cycle:423318214
CFE8 $24 $92       BIT $92 = $80               A:05 X:00 Y:02 P:05 SP:FD CPU Cycle:423318220
CFEA $30 $22       BMI $D00E = $86             A:05 X:00 Y:02 P:87 SP:FD CPU Cycle:423318223
D00E $86 $11       STX $11 = $80               A:05 X:00 Y:02 P:87 SP:FD CPU Cycle:423318227
D010 $A5 $D0       LDA $D0 = $08               A:05 X:00 Y:02 P:87 SP:FD CPU Cycle:423318230
D012 $05 $D1       ORA $D1 = $00               A:08 X:00 Y:02 P:05 SP:FD CPU Cycle:423318233
D014 $29 $08       AND #$08                    A:08 X:00 Y:02 P:05 SP:FD CPU Cycle:423318236
D016 $D0 $09       BNE $D021 = $AD             A:08 X:00 Y:02 P:05 SP:FD CPU Cycle:423318238
D021 $AD $2E $03   LDA $032E = $80             A:08 X:00 Y:02 P:05 SP:FD CPU Cycle:423318241
D024 $30 $07       BMI $D02D = $60             A:80 X:00 Y:02 P:85 SP:FD CPU Cycle:423318245
D02D $60           RTS                         A:80 X:00 Y:02 P:85 SP:FD CPU Cycle:423318248
CF3F $24 $11     BIT $11 = $00                 A:80 X:00 Y:02 P:85 SP:FF CPU Cycle:423318254
CF41 $30 $F9     BMI $CF3C = $20               A:80 X:00 Y:02 P:07 SP:FF CPU Cycle:423318257
CF43 $20 $CF $DB JSR $DBCF = $A2               A:80 X:00 Y:02 P:07 SP:FF CPU Cycle:423318259
DBCF $A2 $01       LDX #$01                    A:80 X:00 Y:02 P:07 SP:FD CPU Cycle:423318265
DBD1 $B5 $91       LDA $91,X = $80             A:80 X:01 Y:02 P:05 SP:FD CPU Cycle:423318267
DBD3 $30 $42       BMI $DC17 = $CA             A:80 X:01 Y:02 P:85 SP:FD CPU Cycle:423318271
DC17 $CA           DEX                         A:80 X:01 Y:02 P:85 SP:FD CPU Cycle:423318275
DC18 $10 $B7       BPL $DBD1 = $B5             A:80 X:00 Y:02 P:07 SP:FD CPU Cycle:423318277
DBD1 $B5 $91       LDA $91,X = $00             A:80 X:00 Y:02 P:07 SP:FD CPU Cycle:423318281
DBD3 $30 $42       BMI $DC17 = $CA             A:00 X:00 Y:02 P:07 SP:FD CPU Cycle:423318285
DBD5 $29 $62       AND #$62                    A:00 X:00 Y:02 P:07 SP:FD CPU Cycle:423318287
DBD7 $D0 $3E       BNE $DC17 = $CA             A:00 X:00 Y:02 P:07 SP:FD CPU Cycle:423318289
DBD9 $20 $1B $DC   JSR $DC1B = $B5             A:00 X:00 Y:02 P:07 SP:FD CPU Cycle:423318291
DC1B $B5 $D0         LDA $D0,X = $08           A:00 X:00 Y:02 P:07 SP:FB CPU Cycle:423318297
DC1D $29 $C0         AND #$C0                  A:08 X:00 Y:02 P:05 SP:FB CPU Cycle:423318301
DC1F $D0 $03         BNE $DC24 = $B5           A:00 X:00 Y:02 P:07 SP:FB CPU Cycle:423318303
DC21 $95 $D2         STA $D2,X = $00           A:00 X:00 Y:02 P:07 SP:FB CPU Cycle:423318305
DC23 $60             RTS                       A:00 X:00 Y:02 P:07 SP:FB CPU Cycle:423318309
DBDC $B5 $D0       LDA $D0,X = $08             A:00 X:00 Y:02 P:07 SP:FD CPU Cycle:423318315
DBDE $29 $C0       AND #$C0                    A:08 X:00 Y:02 P:05 SP:FD CPU Cycle:423318319
DBE0 $D0 $09       BNE $DBEB = $A5             A:00 X:00 Y:02 P:07 SP:FD CPU Cycle:423318321
DBE2 $C9 $03       CMP #$03                    A:00 X:00 Y:02 P:07 SP:FD CPU Cycle:423318323
DBE4 $90 $0C       BCC $DBF2 = $18             A:00 X:00 Y:02 P:84 SP:FD CPU Cycle:423318325
DBF2 $18           CLC                         A:00 X:00 Y:02 P:84 SP:FD CPU Cycle:423318328
DBF3 $75 $70       ADC $70,X = $00             A:00 X:00 Y:02 P:84 SP:FD CPU Cycle:423318330
DBF5 $30 $0F       BMI $DC06 = $C9             A:00 X:00 Y:02 P:06 SP:FD CPU Cycle:423318334
DBF7 $C9 $03       CMP #$03                    A:00 X:00 Y:02 P:06 SP:FD CPU Cycle:423318336
DBF9 $90 $1A       BCC $DC15 = $95             A:00 X:00 Y:02 P:84 SP:FD CPU Cycle:423318338
DC15 $95 $70       STA $70,X = $00             A:00 X:00 Y:02 P:84 SP:FD CPU Cycle:423318342
DC17 $CA           DEX                         A:00 X:00 Y:02 P:84 SP:FD CPU Cycle:423318346
DC18 $10 $B7       BPL $DBD1 = $B5             A:00 X:FF Y:02 P:84 SP:FD CPU Cycle:423318348
DC1A $60           RTS                         A:00 X:FF Y:02 P:84 SP:FD CPU Cycle:423318350
CF46 $A5 $91     LDA $91 = $00                 A:00 X:FF Y:02 P:84 SP:FF CPU Cycle:423318356
CF48 $10 $14     BPL $CF5E = $A2               A:00 X:FF Y:02 P:06 SP:FF CPU Cycle:423318359
CF5E $A2 $03     LDX #$03                      A:00 X:FF Y:02 P:06 SP:FF CPU Cycle:423318362
CF60 $20 $B7 $D6 JSR $D6B7 = $A9               A:00 X:03 Y:02 P:04 SP:FF CPU Cycle:423318364
D6B7 $A9 $00       LDA #$00                    A:00 X:03 Y:02 P:04 SP:FD CPU Cycle:423318370
D6B9 $85 $06       STA $06 = $00               A:00 X:03 Y:02 P:06 SP:FD CPU Cycle:423318372
D6BB $85 $05       STA $05 = $5F               A:00 X:03 Y:02 P:06 SP:FD CPU Cycle:423318375
D6BD $A5 $12       LDA $12 = $00               A:00 X:03 Y:02 P:06 SP:FD CPU Cycle:423318378
D6BF $D0 $E2       BNE $D6A3 = $60             A:00 X:03 Y:02 P:06 SP:FD CPU Cycle:423318381
D6C1 $A5 $0D       LDA $0D = $80               A:00 X:03 Y:02 P:06 SP:FD CPU Cycle:423318383
D6C3 $30 $09       BMI $D6CE = $B5             A:80 X:03 Y:02 P:84 SP:FD CPU Cycle:423318386
D6CE $B5 $C6       LDA $C6,X = $38             A:80 X:03 Y:02 P:84 SP:FD CPU Cycle:423318389
D6D0 $30 $06       BMI $D6D8 = $A9             A:38 X:03 Y:02 P:04 SP:FD CPU Cycle:423318393
D6D2 $B5 $9D       LDA $9D,X = $00             A:38 X:03 Y:02 P:04 SP:FD CPU Cycle:423318395
D6D4 $29 $01       AND #$01                    A:00 X:03 Y:02 P:06 SP:FD CPU Cycle:423318399
D6D6 $D0 $3C       BNE $D714 = $B5             A:00 X:03 Y:02 P:06 SP:FD CPU Cycle:423318401
D6D8 $A9 $00       LDA #$00                    A:00 X:03 Y:02 P:06 SP:FD CPU Cycle:423318403
D6DA $85 $02       STA $02 = $AD               A:00 X:03 Y:02 P:06 SP:FD CPU Cycle:423318405
D6DC $B5 $4C       LDA $4C,X = $55             A:00 X:03 Y:02 P:06 SP:FD CPU Cycle:423318408
D6DE $38           SEC                         A:55 X:03 Y:02 P:04 SP:FD CPU Cycle:423318412
D6DF $E9 $18       SBC #$18                    A:55 X:03 Y:02 P:05 SP:FD CPU Cycle:423318414
D6E1 $0A           ASL A                       A:3D X:03 Y:02 P:05 SP:FD CPU Cycle:423318416
D6E2 $26 $02       ROL $02 = $00               A:7A X:03 Y:02 P:04 SP:FD CPU Cycle:423318418
D6E4 $0A           ASL A                       A:7A X:03 Y:02 P:06 SP:FD CPU Cycle:423318423
D6E5 $26 $02       ROL $02 = $00               A:F4 X:03 Y:02 P:84 SP:FD CPU Cycle:423318425
D6E7 $29 $E0       AND #$E0                    A:F4 X:03 Y:02 P:06 SP:FD CPU Cycle:423318430
D6E9 $85 $01       STA $01 = $F3               A:E0 X:03 Y:02 P:84 SP:FD CPU Cycle:423318432
D6EB $B5 $57       LDA $57,X = $95             A:E0 X:03 Y:02 P:84 SP:FD CPU Cycle:423318435
D6ED $18           CLC                         A:95 X:03 Y:02 P:84 SP:FD CPU Cycle:423318439
D6EE $69 $08       ADC #$08                    A:95 X:03 Y:02 P:84 SP:FD CPU Cycle:423318441
D6F0 $4A           LSR A                       A:9D X:03 Y:02 P:84 SP:FD CPU Cycle:423318443
D6F1 $4A           LSR A                       A:4E X:03 Y:02 P:05 SP:FD CPU Cycle:423318445
D6F2 $4A           LSR A                       A:27 X:03 Y:02 P:04 SP:FD CPU Cycle:423318447
D6F3 $05 $01       ORA $01 = $E0               A:13 X:03 Y:02 P:05 SP:FD CPU Cycle:423318449
D6F5 $85 $01       STA $01 = $E0               A:F3 X:03 Y:02 P:85 SP:FD CPU Cycle:423318452
D6F7 $A4 $14       LDY $14 = $04               A:F3 X:03 Y:02 P:85 SP:FD CPU Cycle:423318455
D6F9 $B9 $61 $E1   LDA $E161,Y = $F3           A:F3 X:03 Y:04 P:05 SP:FD CPU Cycle:423318458
D6FC $18           CLC                         A:F3 X:03 Y:04 P:85 SP:FD CPU Cycle:423318462
D6FD $65 $01       ADC $01 = $F3               A:F3 X:03 Y:04 P:84 SP:FD CPU Cycle:423318464
D6FF $85 $01       STA $01 = $F3               A:E6 X:03 Y:04 P:85 SP:FD CPU Cycle:423318467
D701 $B9 $68 $E1   LDA $E168,Y = $A7           A:E6 X:03 Y:04 P:85 SP:FD CPU Cycle:423318470
D704 $65 $02       ADC $02 = $00               A:A7 X:03 Y:04 P:85 SP:FD CPU Cycle:423318474
D706 $85 $02       STA $02 = $00               A:A8 X:03 Y:04 P:84 SP:FD CPU Cycle:423318477
D708 $A0 $00       LDY #$00                    A:A8 X:03 Y:04 P:84 SP:FD CPU Cycle:423318480
D70A $B1 $01       LDA ($01),Y = $E6           A:A8 X:03 Y:00 P:06 SP:FD CPU Cycle:423318482
D70C $85 $1B       STA $1B = $00               A:E6 X:03 Y:00 P:84 SP:FD CPU Cycle:423318487
D70E $4A           LSR A                       A:E6 X:03 Y:00 P:84 SP:FD CPU Cycle:423318490
D70F $4A           LSR A                       A:73 X:03 Y:00 P:04 SP:FD CPU Cycle:423318492
D710 $29 $FE       AND #$FE                    A:39 X:03 Y:00 P:05 SP:FD CPU Cycle:423318494
D712 $95 $C6       STA $C6,X = $38             A:38 X:03 Y:00 P:05 SP:FD CPU Cycle:423318496
D714 $B5 $91       LDA $91,X = $80             A:38 X:03 Y:00 P:05 SP:FD CPU Cycle:423318500
D716 $10 $03       BPL $D71B = $B5             A:80 X:03 Y:00 P:85 SP:FD CPU Cycle:423318504
D718 $4C $28 $D8   JMP $D828 = $B5             A:80 X:03 Y:00 P:85 SP:FD CPU Cycle:423318506
D828 $B5 $91       LDA $91,X = $80             A:80 X:03 Y:00 P:85 SP:FD CPU Cycle:423318509
D82A $29 $08       AND #$08                    A:80 X:03 Y:00 P:85 SP:FD CPU Cycle:423318513
D82C $F0 $06       BEQ $D834 = $B5             A:00 X:03 Y:00 P:07 SP:FD CPU Cycle:423318515
D834 $B5 $91       LDA $91,X = $80             A:00 X:03 Y:00 P:07 SP:FD CPU Cycle:423318518
D836 $29 $42       AND #$42                    A:80 X:03 Y:00 P:85 SP:FD CPU Cycle:423318522
D838 $F0 $03       BEQ $D83D = $B5             A:00 X:03 Y:00 P:07 SP:FD CPU Cycle:423318524
D83D $B5 $91       LDA $91,X = $80             A:00 X:03 Y:00 P:07 SP:FD CPU Cycle:423318527
D83F $29 $30       AND #$30                    A:80 X:03 Y:00 P:85 SP:FD CPU Cycle:423318531
D841 $D0 $34       BNE $D877 = $B5             A:00 X:03 Y:00 P:07 SP:FD CPU Cycle:423318533
D843 $B5 $C6       LDA $C6,X = $38             A:00 X:03 Y:00 P:07 SP:FD CPU Cycle:423318535
D845 $55 $7C       EOR $7C,X = $36             A:38 X:03 Y:00 P:05 SP:FD CPU Cycle:423318539
D847 $29 $3E       AND #$3E                    A:0E X:03 Y:00 P:05 SP:FD CPU Cycle:423318543
D849 $F0 $2C       BEQ $D877 = $B5             A:0E X:03 Y:00 P:05 SP:FD CPU Cycle:423318545
D84B $B5 $C6       LDA $C6,X = $38             A:0E X:03 Y:00 P:05 SP:FD CPU Cycle:423318547
D84D $38           SEC                         A:38 X:03 Y:00 P:05 SP:FD CPU Cycle:423318551
D84E $F5 $7C       SBC $7C,X = $36             A:38 X:03 Y:00 P:05 SP:FD CPU Cycle:423318553
D850 $30 $06       BMI $D858 = $C9             A:02 X:03 Y:00 P:05 SP:FD CPU Cycle:423318557
D852 $C9 $20       CMP #$20                    A:02 X:03 Y:00 P:05 SP:FD CPU Cycle:423318559
D854 $B0 $15       BCS $D86B = $8A             A:02 X:03 Y:00 P:84 SP:FD CPU Cycle:423318561
D856 $90 $04       BCC $D85C = $8A             A:02 X:03 Y:00 P:84 SP:FD CPU Cycle:423318563
D85C $8A           TXA                         A:02 X:03 Y:00 P:84 SP:FD CPU Cycle:423318566
D85D $18           CLC                         A:03 X:03 Y:00 P:04 SP:FD CPU Cycle:423318568
D85E $65 $09       ADC $09 = $0F               A:03 X:03 Y:00 P:04 SP:FD CPU Cycle:423318570
D860 $29 $01       AND #$01                    A:12 X:03 Y:00 P:04 SP:FD CPU Cycle:423318573
D862 $D0 $13       BNE $D877 = $B5             A:00 X:03 Y:00 P:06 SP:FD CPU Cycle:423318575
D864 $F6 $7C       INC $7C,X = $36             A:00 X:03 Y:00 P:06 SP:FD CPU Cycle:423318577
D866 $F6 $7C       INC $7C,X = $37             A:00 X:03 Y:00 P:04 SP:FD CPU Cycle:423318583
D868 $4C $77 $D8   JMP $D877 = $B5             A:00 X:03 Y:00 P:04 SP:FD CPU Cycle:423318589
D877 $B5 $7C       LDA $7C,X = $38             A:00 X:03 Y:00 P:04 SP:FD CPU Cycle:423318592
D879 $29 $3E       AND #$3E                    A:38 X:03 Y:00 P:04 SP:FD CPU Cycle:423318596
D87B $95 $7C       STA $7C,X = $38             A:38 X:03 Y:00 P:04 SP:FD CPU Cycle:423318598
D87D $95 $62       STA $62,X = $36             A:38 X:03 Y:00 P:04 SP:FD CPU Cycle:423318602
D87F $A5 $0F       LDA $0F = $06               A:38 X:03 Y:00 P:04 SP:FD CPU Cycle:423318606
D881 $20 $1C $D9   JSR $D91C = $E0             A:06 X:03 Y:00 P:04 SP:FD CPU Cycle:423318609
D91C $E0 $03         CPX #$03                  A:06 X:03 Y:00 P:04 SP:FB CPU Cycle:423318615
D91E $D0 $19         BNE $D939 = $60           A:06 X:03 Y:00 P:07 SP:FB CPU Cycle:423318617
D920 $85 $1C         STA $1C = $00             A:06 X:03 Y:00 P:07 SP:FB CPU Cycle:423318619
D922 $A5 $BC         LDA $BC = $02             A:06 X:03 Y:00 P:07 SP:FB CPU Cycle:423318622
D924 $38             SEC                       A:02 X:03 Y:00 P:05 SP:FB CPU Cycle:423318625
D925 $E5 $BD         SBC $BD = $05             A:02 X:03 Y:00 P:05 SP:FB CPU Cycle:423318627
D927 $10 $11         BPL $D93A = $38           A:FD X:03 Y:00 P:84 SP:FB CPU Cycle:423318630
D929 $A5 $BB         LDA $BB = $03             A:FD X:03 Y:00 P:84 SP:FB CPU Cycle:423318632
D92B $38             SEC                       A:03 X:03 Y:00 P:04 SP:FB CPU Cycle:423318635
D92C $E5 $BD         SBC $BD = $05             A:03 X:03 Y:00 P:05 SP:FB CPU Cycle:423318637
D92E $10 $0A         BPL $D93A = $38           A:FE X:03 Y:00 P:84 SP:FB CPU Cycle:423318640
D930 $A5 $BA         LDA $BA = $01             A:FE X:03 Y:00 P:84 SP:FB CPU Cycle:423318642
D932 $38             SEC                       A:01 X:03 Y:00 P:04 SP:FB CPU Cycle:423318645
D933 $E5 $BD         SBC $BD = $05             A:01 X:03 Y:00 P:05 SP:FB CPU Cycle:423318647
D935 $10 $03         BPL $D93A = $38           A:FC X:03 Y:00 P:84 SP:FB CPU Cycle:423318650
D937 $A5 $1C         LDA $1C = $06             A:FC X:03 Y:00 P:84 SP:FB CPU Cycle:423318652
D939 $60             RTS                       A:06 X:03 Y:00 P:04 SP:FB CPU Cycle:423318655
D884 $29 $FE       AND #$FE                    A:06 X:03 Y:00 P:04 SP:FD CPU Cycle:423318661
D886 $A8           TAY                         A:06 X:03 Y:00 P:04 SP:FD CPU Cycle:423318663
D887 $B9 $B9 $E7   LDA $E7B9,Y = $E9           A:06 X:03 Y:06 P:04 SP:FD CPU Cycle:423318665
D88A $85 $01       STA $01 = $E6               A:E9 X:03 Y:06 P:84 SP:FD CPU Cycle:423318669
D88C $B9 $BA $E7   LDA $E7BA,Y = $E6           A:E9 X:03 Y:06 P:84 SP:FD CPU Cycle:423318672
D88F $85 $02       STA $02 = $A8               A:E6 X:03 Y:06 P:84 SP:FD CPU Cycle:423318676
D891 $A5 $1B       LDA $1B = $E6               A:E6 X:03 Y:06 P:84 SP:FD CPU Cycle:423318679
D893 $29 $07       AND #$07                    A:E6 X:03 Y:06 P:84 SP:FD CPU Cycle:423318682
D895 $A8           TAY                         A:06 X:03 Y:06 P:04 SP:FD CPU Cycle:423318684
D896 $B9 $44 $E1   LDA $E144,Y = $0E           A:06 X:03 Y:06 P:04 SP:FD CPU Cycle:423318686
D899 $A8           TAY                         A:0E X:03 Y:06 P:04 SP:FD CPU Cycle:423318690
D89A $B1 $01       LDA ($01),Y = $10           A:0E X:03 Y:0E P:04 SP:FD CPU Cycle:423318692
D89C $D5 $74       CMP $74,X = $11             A:10 X:03 Y:0E P:04 SP:FD CPU Cycle:423318697
D89E $90 $57       BCC $D8F7 = $20             A:10 X:03 Y:0E P:84 SP:FD CPU Cycle:423318701
D8F7 $20 $49 $D9   JSR $D949 = $98             A:10 X:03 Y:0E P:84 SP:FD CPU Cycle:423318704
D949 $98             TYA                       A:10 X:03 Y:0E P:84 SP:FB CPU Cycle:423318710
D94A $48             PHA                       A:0E X:03 Y:0E P:04 SP:FB CPU Cycle:423318712
D94B $B5 $74          LDA $74,X = $11          A:0E X:03 Y:0E P:04 SP:FA CPU Cycle:423318715
D94D $F0 $0F          BEQ $D95E = $68          A:11 X:03 Y:0E P:04 SP:FA CPU Cycle:423318719
D94F $A8              TAY                      A:11 X:03 Y:0E P:04 SP:FA CPU Cycle:423318721
D950 $B9 $CD $E5      LDA $E5CD,Y = $B8        A:11 X:03 Y:11 P:04 SP:FA CPU Cycle:423318723
D953 $18              CLC                      A:B8 X:03 Y:11 P:84 SP:FA CPU Cycle:423318727
D954 $75 $78          ADC $78,X = $5C          A:B8 X:03 Y:11 P:84 SP:FA CPU Cycle:423318729
D956 $95 $78          STA $78,X = $5C          A:14 X:03 Y:11 P:05 SP:FA CPU Cycle:423318733
D958 $B5 $74          LDA $74,X = $11          A:14 X:03 Y:11 P:05 SP:FA CPU Cycle:423318737
D95A $69 $FF          ADC #$FF                 A:11 X:03 Y:11 P:05 SP:FA CPU Cycle:423318741
D95C $95 $74          STA $74,X = $11          A:11 X:03 Y:11 P:05 SP:FA CPU Cycle:423318743
D95E $68              PLA                      A:11 X:03 Y:11 P:05 SP:FA CPU Cycle:423318747
D95F $A8             TAY                       A:0E X:03 Y:11 P:05 SP:FB CPU Cycle:423318751
D960 $60             RTS                       A:0E X:03 Y:0E P:05 SP:FB CPU Cycle:423318753
D8FA $4C $DB $D8   JMP $D8DB = $A5             A:0E X:03 Y:0E P:05 SP:FD CPU Cycle:423318759
D8DB $A5 $0E       LDA $0E = $00               A:0E X:03 Y:0E P:05 SP:FD CPU Cycle:423318762
D8DD $0A           ASL A                       A:00 X:03 Y:0E P:07 SP:FD CPU Cycle:423318765
D8DE $A8           TAY                         A:00 X:03 Y:0E P:06 SP:FD CPU Cycle:423318767
D8DF $B9 $6D $E3   LDA $E36D,Y = $6D           A:00 X:03 Y:00 P:06 SP:FD CPU Cycle:423318769
D8E2 $85 $01       STA $01 = $E9               A:6D X:03 Y:00 P:04 SP:FD CPU Cycle:423318773
D8E4 $B9 $6E $E3   LDA $E36E,Y = $E2           A:6D X:03 Y:00 P:04 SP:FD CPU Cycle:423318776
D8E7 $85 $02       STA $02 = $E6               A:E2 X:03 Y:00 P:84 SP:FD CPU Cycle:423318780
D8E9 $B5 $74       LDA $74,X = $11             A:E2 X:03 Y:00 P:84 SP:FD CPU Cycle:423318783
D8EB $0A           ASL A                       A:11 X:03 Y:00 P:04 SP:FD CPU Cycle:423318787
D8EC $A8           TAY                         A:22 X:03 Y:00 P:04 SP:FD CPU Cycle:423318789
D8ED $B1 $01       LDA ($01),Y = $A8           A:22 X:03 Y:22 P:04 SP:FD CPU Cycle:423318791
D8EF $85 $05       STA $05 = $00               A:A8 X:03 Y:22 P:84 SP:FD CPU Cycle:423318796
D8F1 $C8           INY                         A:A8 X:03 Y:22 P:84 SP:FD CPU Cycle:423318799
D8F2 $B1 $01       LDA ($01),Y = $02           A:A8 X:03 Y:23 P:04 SP:FD CPU Cycle:423318801
D8F4 $85 $06       STA $06 = $00               A:02 X:03 Y:23 P:04 SP:FD CPU Cycle:423318806
D8F6 $60           RTS                         A:02 X:03 Y:23 P:04 SP:FD CPU Cycle:423318809
CF63 $20 $0A $DD JSR $DD0A = $A4               A:02 X:03 Y:23 P:04 SP:FF CPU Cycle:423318815
DD0A $A4 $A1       LDY $A1 = $30               A:02 X:03 Y:23 P:04 SP:FD CPU Cycle:423318821
DD0C $A5 $A5       LDA $A5 = $00               A:02 X:03 Y:30 P:04 SP:FD CPU Cycle:423318824
DD0E $99 $16 $02   STA $0216,Y = $00           A:00 X:03 Y:30 P:06 SP:FD CPU Cycle:423318827
DD11 $99 $1A $02   STA $021A,Y = $00           A:00 X:03 Y:30 P:06 SP:FD CPU Cycle:423318832
DD14 $99 $1E $02   STA $021E,Y = $00           A:00 X:03 Y:30 P:06 SP:FD CPU Cycle:423318837
DD17 $99 $22 $02   STA $0222,Y = $00           A:00 X:03 Y:30 P:06 SP:FD CPU Cycle:423318842
DD1A $A4 $A2       LDY $A2 = $20               A:00 X:03 Y:30 P:06 SP:FD CPU Cycle:423318847
DD1C $A5 $A6       LDA $A6 = $01               A:00 X:03 Y:20 P:04 SP:FD CPU Cycle:423318850
DD1E $99 $16 $02   STA $0216,Y = $01           A:01 X:03 Y:20 P:04 SP:FD CPU Cycle:423318853
DD21 $99 $1A $02   STA $021A,Y = $01           A:01 X:03 Y:20 P:04 SP:FD CPU Cycle:423318858
DD24 $99 $1E $02   STA $021E,Y = $01           A:01 X:03 Y:20 P:04 SP:FD CPU Cycle:423318863
DD27 $99 $22 $02   STA $0222,Y = $01           A:01 X:03 Y:20 P:04 SP:FD CPU Cycle:423318868
DD2A $A4 $A3       LDY $A3 = $10               A:01 X:03 Y:20 P:04 SP:FD CPU Cycle:423318873
DD2C $A5 $A7       LDA $A7 = $02               A:01 X:03 Y:10 P:04 SP:FD CPU Cycle:423318876
DD2E $99 $16 $02   STA $0216,Y = $02           A:02 X:03 Y:10 P:04 SP:FD CPU Cycle:423318879
DD31 $99 $1A $02   STA $021A,Y = $02           A:02 X:03 Y:10 P:04 SP:FD CPU Cycle:423318884
DD34 $99 $1E $02   STA $021E,Y = $02           A:02 X:03 Y:10 P:04 SP:FD CPU Cycle:423318889
DD37 $99 $22 $02   STA $0222,Y = $02           A:02 X:03 Y:10 P:04 SP:FD CPU Cycle:423318894
DD3A $A4 $A4       LDY $A4 = $00               A:02 X:03 Y:10 P:04 SP:FD CPU Cycle:423318899
DD3C $A5 $A8       LDA $A8 = $03               A:02 X:03 Y:00 P:06 SP:FD CPU Cycle:423318902
DD3E $99 $16 $02   STA $0216,Y = $03           A:03 X:03 Y:00 P:04 SP:FD CPU Cycle:423318905
DD41 $99 $1A $02   STA $021A,Y = $03           A:03 X:03 Y:00 P:04 SP:FD CPU Cycle:423318910
DD44 $99 $1E $02   STA $021E,Y = $03           A:03 X:03 Y:00 P:04 SP:FD CPU Cycle:423318915
DD47 $99 $22 $02   STA $0222,Y = $03           A:03 X:03 Y:00 P:04 SP:FD CPU Cycle:423318920
DD4A $A5 $A9       LDA $A9 = $03               A:03 X:03 Y:00 P:04 SP:FD CPU Cycle:423318925
DD4C $8D $02 $02   STA $0202 = $03             A:03 X:03 Y:00 P:04 SP:FD CPU Cycle:423318928
DD4F $8D $06 $02   STA $0206 = $03             A:03 X:03 Y:00 P:04 SP:FD CPU Cycle:423318932
DD52 $8D $0A $02   STA $020A = $03             A:03 X:03 Y:00 P:04 SP:FD CPU Cycle:423318936
DD55 $8D $0E $02   STA $020E = $03             A:03 X:03 Y:00 P:04 SP:FD CPU Cycle:423318940
DD58 $A5 $AA       LDA $AA = $03               A:03 X:03 Y:00 P:04 SP:FD CPU Cycle:423318944
DD5A $8D $12 $02   STA $0212 = $03             A:03 X:03 Y:00 P:04 SP:FD CPU Cycle:423318947
DD5D $A5 $AB       LDA $AB = $00               A:03 X:03 Y:00 P:04 SP:FD CPU Cycle:423318951
DD5F $8D $6A $02   STA $026A = $00             A:00 X:03 Y:00 P:06 SP:FD CPU Cycle:423318954
DD62 $60           RTS                         A:00 X:03 Y:00 P:06 SP:FD CPU Cycle:423318958
CF66 $20 $63 $DD JSR $DD63 = $A4               A:00 X:03 Y:00 P:06 SP:FF CPU Cycle:423318964
DD63 $A4 $A1       LDY $A1 = $30               A:00 X:03 Y:00 P:06 SP:FD CPU Cycle:423318970
DD65 $A5 $62       LDA $62 = $00               A:00 X:03 Y:30 P:04 SP:FD CPU Cycle:423318973
DD67 $29 $FE       AND #$FE                    A:00 X:03 Y:30 P:06 SP:FD CPU Cycle:423318976
DD69 $0A           ASL A                       A:00 X:03 Y:30 P:06 SP:FD CPU Cycle:423318978
DD6A $99 $15 $02   STA $0215,Y = $00           A:00 X:03 Y:30 P:06 SP:FD CPU Cycle:423318980
DD6D $18           CLC                         A:00 X:03 Y:30 P:06 SP:FD CPU Cycle:423318985
DD6E $69 $01       ADC #$01                    A:00 X:03 Y:30 P:06 SP:FD CPU Cycle:423318987
DD70 $99 $19 $02   STA $0219,Y = $01           A:01 X:03 Y:30 P:04 SP:FD CPU Cycle:423318989
DD73 $18           CLC                         A:01 X:03 Y:30 P:04 SP:FD CPU Cycle:423318994
DD74 $69 $01       ADC #$01                    A:01 X:03 Y:30 P:04 SP:FD CPU Cycle:423318996
DD76 $99 $1D $02   STA $021D,Y = $02           A:02 X:03 Y:30 P:04 SP:FD CPU Cycle:423318998
DD79 $18           CLC                         A:02 X:03 Y:30 P:04 SP:FD CPU Cycle:423319003
DD7A $69 $01       ADC #$01                    A:02 X:03 Y:30 P:04 SP:FD CPU Cycle:423319005
DD7C $99 $21 $02   STA $0221,Y = $03           A:03 X:03 Y:30 P:04 SP:FD CPU Cycle:423319007
DD7F $A5 $4C       LDA $4C = $CE               A:03 X:03 Y:30 P:04 SP:FD CPU Cycle:423319012
DD81 $99 $14 $02   STA $0214,Y = $CE           A:CE X:03 Y:30 P:84 SP:FD CPU Cycle:423319015
DD84 $99 $18 $02   STA $0218,Y = $CE           A:CE X:03 Y:30 P:84 SP:FD CPU Cycle:423319020
DD87 $18           CLC                         A:CE X:03 Y:30 P:84 SP:FD CPU Cycle:423319025
DD88 $69 $08       ADC #$08                    A:CE X:03 Y:30 P:84 SP:FD CPU Cycle:423319027
DD8A $99 $1C $02   STA $021C,Y = $D6           A:D6 X:03 Y:30 P:84 SP:FD CPU Cycle:423319029
DD8D $99 $20 $02   STA $0220,Y = $D6           A:D6 X:03 Y:30 P:84 SP:FD CPU Cycle:423319034
DD90 $A5 $57       LDA $57 = $93               A:D6 X:03 Y:30 P:84 SP:FD CPU Cycle:423319039
DD92 $99 $17 $02   STA $0217,Y = $93           A:93 X:03 Y:30 P:84 SP:FD CPU Cycle:423319042
DD95 $99 $1F $02   STA $021F,Y = $93           A:93 X:03 Y:30 P:84 SP:FD CPU Cycle:423319047
DD98 $18           CLC                         A:93 X:03 Y:30 P:84 SP:FD CPU Cycle:423319052
DD99 $69 $08       ADC #$08                    A:93 X:03 Y:30 P:84 SP:FD CPU Cycle:423319054
DD9B $99 $1B $02   STA $021B,Y = $9B           A:9B X:03 Y:30 P:84 SP:FD CPU Cycle:423319056
DD9E $99 $23 $02   STA $0223,Y = $9B           A:9B X:03 Y:30 P:84 SP:FD CPU Cycle:423319061
DDA1 $A4 $A2       LDY $A2 = $20               A:9B X:03 Y:30 P:84 SP:FD CPU Cycle:423319066
DDA3 $A5 $63       LDA $63 = $20               A:9B X:03 Y:20 P:04 SP:FD CPU Cycle:423319069
DDA5 $29 $FE       AND #$FE                    A:20 X:03 Y:20 P:04 SP:FD CPU Cycle:423319072
DDA7 $0A           ASL A                       A:20 X:03 Y:20 P:04 SP:FD CPU Cycle:423319074
DDA8 $99 $15 $02   STA $0215,Y = $40           A:40 X:03 Y:20 P:04 SP:FD CPU Cycle:423319076
DDAB $18           CLC                         A:40 X:03 Y:20 P:04 SP:FD CPU Cycle:423319081
DDAC $69 $01       ADC #$01                    A:40 X:03 Y:20 P:04 SP:FD CPU Cycle:423319083
DDAE $99 $19 $02   STA $0219,Y = $41           A:41 X:03 Y:20 P:04 SP:FD CPU Cycle:423319085
DDB1 $18           CLC                         A:41 X:03 Y:20 P:04 SP:FD CPU Cycle:423319090
DDB2 $69 $01       ADC #$01                    A:41 X:03 Y:20 P:04 SP:FD CPU Cycle:423319092
DDB4 $99 $1D $02   STA $021D,Y = $42           A:42 X:03 Y:20 P:04 SP:FD CPU Cycle:423319094
DDB7 $18           CLC                         A:42 X:03 Y:20 P:04 SP:FD CPU Cycle:423319099
DDB8 $69 $01       ADC #$01                    A:42 X:03 Y:20 P:04 SP:FD CPU Cycle:423319101
DDBA $99 $21 $02   STA $0221,Y = $43           A:43 X:03 Y:20 P:04 SP:FD CPU Cycle:423319103
DDBD $A5 $4D       LDA $4D = $33               A:43 X:03 Y:20 P:04 SP:FD CPU Cycle:423319108
DDBF $99 $14 $02   STA $0214,Y = $33           A:33 X:03 Y:20 P:04 SP:FD CPU Cycle:423319111
DDC2 $99 $18 $02   STA $0218,Y = $33           A:33 X:03 Y:20 P:04 SP:FD CPU Cycle:423319116
DDC5 $18           CLC                         A:33 X:03 Y:20 P:04 SP:FD CPU Cycle:423319121
DDC6 $69 $08       ADC #$08                    A:33 X:03 Y:20 P:04 SP:FD CPU Cycle:423319123
DDC8 $99 $1C $02   STA $021C,Y = $3B           A:3B X:03 Y:20 P:04 SP:FD CPU Cycle:423319125
DDCB $99 $20 $02   STA $0220,Y = $3B           A:3B X:03 Y:20 P:04 SP:FD CPU Cycle:423319130
DDCE $A5 $58       LDA $58 = $BD               A:3B X:03 Y:20 P:04 SP:FD CPU Cycle:423319135
DDD0 $99 $17 $02   STA $0217,Y = $BD           A:BD X:03 Y:20 P:84 SP:FD CPU Cycle:423319138
DDD3 $99 $1F $02   STA $021F,Y = $BD           A:BD X:03 Y:20 P:84 SP:FD CPU Cycle:423319143
DDD6 $18           CLC                         A:BD X:03 Y:20 P:84 SP:FD CPU Cycle:423319148
DDD7 $69 $08       ADC #$08                    A:BD X:03 Y:20 P:84 SP:FD CPU Cycle:423319150
DDD9 $99 $1B $02   STA $021B,Y = $C5           A:C5 X:03 Y:20 P:84 SP:FD CPU Cycle:423319152
DDDC $99 $23 $02   STA $0223,Y = $C5           A:C5 X:03 Y:20 P:84 SP:FD CPU Cycle:423319157
DDDF $A4 $A3       LDY $A3 = $10               A:C5 X:03 Y:20 P:84 SP:FD CPU Cycle:423319162
DDE1 $A5 $64       LDA $64 = $10               A:C5 X:03 Y:10 P:04 SP:FD CPU Cycle:423319165
DDE3 $29 $FE       AND #$FE                    A:10 X:03 Y:10 P:04 SP:FD CPU Cycle:423319168
DDE5 $0A           ASL A                       A:10 X:03 Y:10 P:04 SP:FD CPU Cycle:423319170
DDE6 $99 $15 $02   STA $0215,Y = $20           A:20 X:03 Y:10 P:04 SP:FD CPU Cycle:423319172
DDE9 $18           CLC                         A:20 X:03 Y:10 P:04 SP:FD CPU Cycle:423319177
DDEA $69 $01       ADC #$01                    A:20 X:03 Y:10 P:04 SP:FD CPU Cycle:423319179
DDEC $99 $19 $02   STA $0219,Y = $21           A:21 X:03 Y:10 P:04 SP:FD CPU Cycle:423319181
DDEF $18           CLC                         A:21 X:03 Y:10 P:04 SP:FD CPU Cycle:423319186
DDF0 $69 $01       ADC #$01                    A:21 X:03 Y:10 P:04 SP:FD CPU Cycle:423319188
DDF2 $99 $1D $02   STA $021D,Y = $22           A:22 X:03 Y:10 P:04 SP:FD CPU Cycle:423319190
DDF5 $18           CLC                         A:22 X:03 Y:10 P:04 SP:FD CPU Cycle:423319195
DDF6 $69 $01       ADC #$01                    A:22 X:03 Y:10 P:04 SP:FD CPU Cycle:423319197
DDF8 $99 $21 $02   STA $0221,Y = $23           A:23 X:03 Y:10 P:04 SP:FD CPU Cycle:423319199
DDFB $A5 $4E       LDA $4E = $61               A:23 X:03 Y:10 P:04 SP:FD CPU Cycle:423319204
DDFD $99 $14 $02   STA $0214,Y = $61           A:61 X:03 Y:10 P:04 SP:FD CPU Cycle:423319207
DE00 $99 $18 $02   STA $0218,Y = $61           A:61 X:03 Y:10 P:04 SP:FD CPU Cycle:423319212
DE03 $18           CLC                         A:61 X:03 Y:10 P:04 SP:FD CPU Cycle:423319217
DE04 $69 $08       ADC #$08                    A:61 X:03 Y:10 P:04 SP:FD CPU Cycle:423319219
DE06 $99 $1C $02   STA $021C,Y = $69           A:69 X:03 Y:10 P:04 SP:FD CPU Cycle:423319221
DE09 $99 $20 $02   STA $0220,Y = $69           A:69 X:03 Y:10 P:04 SP:FD CPU Cycle:423319226
DE0C $A5 $59       LDA $59 = $D3               A:69 X:03 Y:10 P:04 SP:FD CPU Cycle:423319231
DE0E $99 $17 $02   STA $0217,Y = $D3           A:D3 X:03 Y:10 P:84 SP:FD CPU Cycle:423319234
DE11 $99 $1F $02   STA $021F,Y = $D3           A:D3 X:03 Y:10 P:84 SP:FD CPU Cycle:423319239
DE14 $18           CLC                         A:D3 X:03 Y:10 P:84 SP:FD CPU Cycle:423319244
DE15 $69 $08       ADC #$08                    A:D3 X:03 Y:10 P:84 SP:FD CPU Cycle:423319246
DE17 $99 $1B $02   STA $021B,Y = $DB           A:DB X:03 Y:10 P:84 SP:FD CPU Cycle:423319248
DE1A $99 $23 $02   STA $0223,Y = $DB           A:DB X:03 Y:10 P:84 SP:FD CPU Cycle:423319253
DE1D $A4 $A4       LDY $A4 = $00               A:DB X:03 Y:10 P:84 SP:FD CPU Cycle:423319258
DE1F $A5 $65       LDA $65 = $38               A:DB X:03 Y:00 P:06 SP:FD CPU Cycle:423319261
DE21 $29 $FE       AND #$FE                    A:38 X:03 Y:00 P:04 SP:FD CPU Cycle:423319264
DE23 $0A           ASL A                       A:38 X:03 Y:00 P:04 SP:FD CPU Cycle:423319266
DE24 $99 $15 $02   STA $0215,Y = $6C           A:70 X:03 Y:00 P:04 SP:FD CPU Cycle:423319268
DE27 $18           CLC                         A:70 X:03 Y:00 P:04 SP:FD CPU Cycle:423319273
DE28 $69 $01       ADC #$01                    A:70 X:03 Y:00 P:04 SP:FD CPU Cycle:423319275
DE2A $99 $19 $02   STA $0219,Y = $6D           A:71 X:03 Y:00 P:04 SP:FD CPU Cycle:423319277
DE2D $18           CLC                         A:71 X:03 Y:00 P:04 SP:FD CPU Cycle:423319282
DE2E $69 $01       ADC #$01                    A:71 X:03 Y:00 P:04 SP:FD CPU Cycle:423319284
DE30 $99 $1D $02   STA $021D,Y = $6E           A:72 X:03 Y:00 P:04 SP:FD CPU Cycle:423319286
DE33 $18           CLC                         A:72 X:03 Y:00 P:04 SP:FD CPU Cycle:423319291
DE34 $69 $01       ADC #$01                    A:72 X:03 Y:00 P:04 SP:FD CPU Cycle:423319293
DE36 $99 $21 $02   STA $0221,Y = $6F           A:73 X:03 Y:00 P:04 SP:FD CPU Cycle:423319295
DE39 $A5 $4F       LDA $4F = $55               A:73 X:03 Y:00 P:04 SP:FD CPU Cycle:423319300
DE3B $99 $14 $02   STA $0214,Y = $55           A:55 X:03 Y:00 P:04 SP:FD CPU Cycle:423319303
DE3E $99 $18 $02   STA $0218,Y = $55           A:55 X:03 Y:00 P:04 SP:FD CPU Cycle:423319308
DE41 $18           CLC                         A:55 X:03 Y:00 P:04 SP:FD CPU Cycle:423319313
DE42 $69 $08       ADC #$08                    A:55 X:03 Y:00 P:04 SP:FD CPU Cycle:423319315
DE44 $99 $1C $02   STA $021C,Y = $5D           A:5D X:03 Y:00 P:04 SP:FD CPU Cycle:423319317
DE47 $99 $20 $02   STA $0220,Y = $5D           A:5D X:03 Y:00 P:04 SP:FD CPU Cycle:423319322
DE4A $A5 $5A       LDA $5A = $95               A:5D X:03 Y:00 P:04 SP:FD CPU Cycle:423319327
DE4C $99 $17 $02   STA $0217,Y = $95           A:95 X:03 Y:00 P:84 SP:FD CPU Cycle:423319330
DE4F $99 $1F $02   STA $021F,Y = $95           A:95 X:03 Y:00 P:84 SP:FD CPU Cycle:423319335
DE52 $18           CLC                         A:95 X:03 Y:00 P:84 SP:FD CPU Cycle:423319340
DE53 $69 $08       ADC #$08                    A:95 X:03 Y:00 P:84 SP:FD CPU Cycle:423319342
DE55 $99 $1B $02   STA $021B,Y = $9D           A:9D X:03 Y:00 P:84 SP:FD CPU Cycle:423319344
DE58 $99 $23 $02   STA $0223,Y = $9D           A:9D X:03 Y:00 P:84 SP:FD CPU Cycle:423319349
DE5B $A5 $51       LDA $51 = $F0               A:9D X:03 Y:00 P:84 SP:FD CPU Cycle:423319354
DE5D $8D $10 $02   STA $0210 = $F0             A:F0 X:03 Y:00 P:84 SP:FD CPU Cycle:423319357
DE60 $A5 $5C       LDA $5C = $00               A:F0 X:03 Y:00 P:84 SP:FD CPU Cycle:423319361
DE62 $8D $13 $02   STA $0213 = $00             A:00 X:03 Y:00 P:06 SP:FD CPU Cycle:423319364
DE65 $A5 $68       LDA $68 = $00               A:00 X:03 Y:00 P:06 SP:FD CPU Cycle:423319368
DE67 $8D $11 $02   STA $0211 = $00             A:00 X:03 Y:00 P:06 SP:FD CPU Cycle:423319371
DE6A $A5 $3E       LDA $3E = $F0               A:00 X:03 Y:00 P:06 SP:FD CPU Cycle:423319375
DE6C $8D $5C $02   STA $025C = $F0             A:F0 X:03 Y:00 P:84 SP:FD CPU Cycle:423319378
DE6F $A5 $41       LDA $41 = $00               A:F0 X:03 Y:00 P:84 SP:FD CPU Cycle:423319382
DE71 $8D $5F $02   STA $025F = $00             A:00 X:03 Y:00 P:06 SP:FD CPU Cycle:423319385
DE74 $A5 $69       LDA $69 = $00               A:00 X:03 Y:00 P:06 SP:FD CPU Cycle:423319389
DE76 $8D $5D $02   STA $025D = $00             A:00 X:03 Y:00 P:06 SP:FD CPU Cycle:423319392
DE79 $A5 $3F       LDA $3F = $F0               A:00 X:03 Y:00 P:06 SP:FD CPU Cycle:423319396
DE7B $8D $60 $02   STA $0260 = $F0             A:F0 X:03 Y:00 P:84 SP:FD CPU Cycle:423319399
DE7E $A5 $42       LDA $42 = $00               A:F0 X:03 Y:00 P:84 SP:FD CPU Cycle:423319403
DE80 $8D $63 $02   STA $0263 = $00             A:00 X:03 Y:00 P:06 SP:FD CPU Cycle:423319406
DE83 $A5 $6A       LDA $6A = $00               A:00 X:03 Y:00 P:06 SP:FD CPU Cycle:423319410
DE85 $8D $61 $02   STA $0261 = $00             A:00 X:03 Y:00 P:06 SP:FD CPU Cycle:423319413
DE88 $A5 $40       LDA $40 = $F0               A:00 X:03 Y:00 P:06 SP:FD CPU Cycle:423319417
DE8A $8D $64 $02   STA $0264 = $F0             A:F0 X:03 Y:00 P:84 SP:FD CPU Cycle:423319420
DE8D $A5 $43       LDA $43 = $00               A:F0 X:03 Y:00 P:84 SP:FD CPU Cycle:423319424
DE8F $8D $67 $02   STA $0267 = $00             A:00 X:03 Y:00 P:06 SP:FD CPU Cycle:423319427
DE92 $A5 $6B       LDA $6B = $00               A:00 X:03 Y:00 P:06 SP:FD CPU Cycle:423319431
DE94 $8D $65 $02   STA $0265 = $00             A:00 X:03 Y:00 P:06 SP:FD CPU Cycle:423319434
DE97 $2C $23 $03   BIT $0323 = $40             A:00 X:03 Y:00 P:06 SP:FD CPU Cycle:423319438
DE9A $30 $41       BMI $DEDD = $A5             A:00 X:03 Y:00 P:46 SP:FD CPU Cycle:423319442
DE9C $AD $19 $03   LDA $0319 = $03             A:00 X:03 Y:00 P:46 SP:FD CPU Cycle:423319444
DE9F $F0 $3C       BEQ $DEDD = $A5             A:03 X:03 Y:00 P:44 SP:FD CPU Cycle:423319448
DEA1 $A5 $50       LDA $50 = $65               A:03 X:03 Y:00 P:44 SP:FD CPU Cycle:423319450
DEA3 $8D $00 $02   STA $0200 = $65             A:65 X:03 Y:00 P:44 SP:FD CPU Cycle:423319453
DEA6 $8D $04 $02   STA $0204 = $65             A:65 X:03 Y:00 P:44 SP:FD CPU Cycle:423319457
DEA9 $18           CLC                         A:65 X:03 Y:00 P:44 SP:FD CPU Cycle:423319461
DEAA $69 $08       ADC #$08                    A:65 X:03 Y:00 P:44 SP:FD CPU Cycle:423319463
DEAC $8D $08 $02   STA $0208 = $6D             A:6D X:03 Y:00 P:04 SP:FD CPU Cycle:423319465
DEAF $8D $0C $02   STA $020C = $6D             A:6D X:03 Y:00 P:04 SP:FD CPU Cycle:423319469
DEB2 $A5 $5B       LDA $5B = $2C               A:6D X:03 Y:00 P:04 SP:FD CPU Cycle:423319473
DEB4 $8D $03 $02   STA $0203 = $2C             A:2C X:03 Y:00 P:04 SP:FD CPU Cycle:423319476
DEB7 $8D $0B $02   STA $020B = $2C             A:2C X:03 Y:00 P:04 SP:FD CPU Cycle:423319480
DEBA $18           CLC                         A:2C X:03 Y:00 P:04 SP:FD CPU Cycle:423319484
DEBB $69 $08       ADC #$08                    A:2C X:03 Y:00 P:04 SP:FD CPU Cycle:423319486
DEBD $8D $07 $02   STA $0207 = $34             A:34 X:03 Y:00 P:04 SP:FD CPU Cycle:423319488
DEC0 $8D $0F $02   STA $020F = $34             A:34 X:03 Y:00 P:04 SP:FD CPU Cycle:423319492
DEC3 $A5 $66       LDA $66 = $40               A:34 X:03 Y:00 P:04 SP:FD CPU Cycle:423319496
DEC5 $29 $FE       AND #$FE                    A:40 X:03 Y:00 P:04 SP:FD CPU Cycle:423319499
DEC7 $0A           ASL A                       A:40 X:03 Y:00 P:04 SP:FD CPU Cycle:423319501
DEC8 $8D $01 $02   STA $0201 = $80             A:80 X:03 Y:00 P:84 SP:FD CPU Cycle:423319503
DECB $18           CLC                         A:80 X:03 Y:00 P:84 SP:FD CPU Cycle:423319507
DECC $69 $01       ADC #$01                    A:80 X:03 Y:00 P:84 SP:FD CPU Cycle:423319509
DECE $8D $05 $02   STA $0205 = $81             A:81 X:03 Y:00 P:84 SP:FD CPU Cycle:423319511
DED1 $18           CLC                         A:81 X:03 Y:00 P:84 SP:FD CPU Cycle:423319515
DED2 $69 $01       ADC #$01                    A:81 X:03 Y:00 P:84 SP:FD CPU Cycle:423319517
DED4 $8D $09 $02   STA $0209 = $82             A:82 X:03 Y:00 P:84 SP:FD CPU Cycle:423319519
DED7 $18           CLC                         A:82 X:03 Y:00 P:84 SP:FD CPU Cycle:423319523
DED8 $69 $01       ADC #$01                    A:82 X:03 Y:00 P:84 SP:FD CPU Cycle:423319525
DEDA $8D $0D $02   STA $020D = $83             A:83 X:03 Y:00 P:84 SP:FD CPU Cycle:423319527
DEDD $A5 $36       LDA $36 = $6C               A:83 X:03 Y:00 P:84 SP:FD CPU Cycle:423319531
DEDF $8D $68 $02   STA $0268 = $6C             A:6C X:03 Y:00 P:04 SP:FD CPU Cycle:423319534
DEE2 $A5 $37       LDA $37 = $55               A:6C X:03 Y:00 P:04 SP:FD CPU Cycle:423319538
DEE4 $8D $6B $02   STA $026B = $55             A:55 X:03 Y:00 P:04 SP:FD CPU Cycle:423319541
DEE7 $A9 $B7       LDA #$B7                    A:55 X:03 Y:00 P:04 SP:FD CPU Cycle:423319545
DEE9 $8D $69 $02   STA $0269 = $B7             A:B7 X:03 Y:00 P:84 SP:FD CPU Cycle:423319547
DEEC $A5 $38       LDA $38 = $7D               A:B7 X:03 Y:00 P:84 SP:FD CPU Cycle:423319551
DEEE $8D $6C $02   STA $026C = $7D             A:7D X:03 Y:00 P:04 SP:FD CPU Cycle:423319554
DEF1 $A5 $39       LDA $39 = $E4               A:7D X:03 Y:00 P:04 SP:FD CPU Cycle:423319558
DEF3 $8D $6F $02   STA $026F = $E4             A:E4 X:03 Y:00 P:84 SP:FD CPU Cycle:423319561
DEF6 $A5 $2B       LDA $2B = $BC               A:E4 X:03 Y:00 P:84 SP:FD CPU Cycle:423319565
DEF8 $8D $6D $02   STA $026D = $BC             A:BC X:03 Y:00 P:84 SP:FD CPU Cycle:423319568
DEFB $A5 $3A       LDA $3A = $AB               A:BC X:03 Y:00 P:84 SP:FD CPU Cycle:423319572
DEFD $8D $54 $02   STA $0254 = $AB             A:AB X:03 Y:00 P:84 SP:FD CPU Cycle:423319575
DF00 $A5 $3B       LDA $3B = $1F               A:AB X:03 Y:00 P:84 SP:FD CPU Cycle:423319579
DF02 $8D $57 $02   STA $0257 = $1F             A:1F X:03 Y:00 P:04 SP:FD CPU Cycle:423319582
DF05 $A5 $2C       LDA $2C = $BF               A:1F X:03 Y:00 P:04 SP:FD CPU Cycle:423319586
DF07 $8D $55 $02   STA $0255 = $BF             A:BF X:03 Y:00 P:84 SP:FD CPU Cycle:423319589
DF0A $A5 $3C       LDA $3C = $AB               A:BF X:03 Y:00 P:84 SP:FD CPU Cycle:423319593
DF0C $8D $58 $02   STA $0258 = $AB             A:AB X:03 Y:00 P:84 SP:FD CPU Cycle:423319596
DF0F $A5 $3D       LDA $3D = $27               A:AB X:03 Y:00 P:84 SP:FD CPU Cycle:423319600
DF11 $8D $5B $02   STA $025B = $27             A:27 X:03 Y:00 P:04 SP:FD CPU Cycle:423319603
DF14 $A5 $2D       LDA $2D = $C0               A:27 X:03 Y:00 P:04 SP:FD CPU Cycle:423319607
DF16 $8D $59 $02   STA $0259 = $C0             A:C0 X:03 Y:00 P:84 SP:FD CPU Cycle:423319610
DF19 $A9 $0F       LDA #$0F                    A:C0 X:03 Y:00 P:84 SP:FD CPU Cycle:423319614
DF1B $24 $2A       BIT $2A = $00               A:0F X:03 Y:00 P:04 SP:FD CPU Cycle:423319616
DF1D $70 $06       BVS $DF25 = $8D             A:0F X:03 Y:00 P:06 SP:FD CPU Cycle:423319619
DF1F $24 $92       BIT $92 = $80               A:0F X:03 Y:00 P:06 SP:FD CPU Cycle:423319621
DF21 $10 $02       BPL $DF25 = $8D             A:0F X:03 Y:00 P:86 SP:FD CPU Cycle:423319624
DF23 $A9 $17       LDA #$17                    A:0F X:03 Y:00 P:86 SP:FD CPU Cycle:423319626
DF25 $8D $70 $02   STA $0270 = $17             A:17 X:03 Y:00 P:04 SP:FD CPU Cycle:423319628
DF28 $8D $74 $02   STA $0274 = $17             A:17 X:03 Y:00 P:04 SP:FD CPU Cycle:423319632
DF2B $A9 $17       LDA #$17                    A:17 X:03 Y:00 P:04 SP:FD CPU Cycle:423319636
DF2D $8D $78 $02   STA $0278 = $17             A:17 X:03 Y:00 P:04 SP:FD CPU Cycle:423319638
DF30 $8D $7C $02   STA $027C = $17             A:17 X:03 Y:00 P:04 SP:FD CPU Cycle:423319642
DF33 $A9 $11       LDA #$11                    A:17 X:03 Y:00 P:04 SP:FD CPU Cycle:423319646
DF35 $8D $73 $02   STA $0273 = $11             A:11 X:03 Y:00 P:04 SP:FD CPU Cycle:423319648
DF38 $8D $7B $02   STA $027B = $11             A:11 X:03 Y:00 P:04 SP:FD CPU Cycle:423319652
DF3B $18           CLC                         A:11 X:03 Y:00 P:04 SP:FD CPU Cycle:423319656
DF3C $69 $08       ADC #$08                    A:11 X:03 Y:00 P:04 SP:FD CPU Cycle:423319658
DF3E $8D $77 $02   STA $0277 = $19             A:19 X:03 Y:00 P:04 SP:FD CPU Cycle:423319660
DF41 $8D $7F $02   STA $027F = $19             A:19 X:03 Y:00 P:04 SP:FD CPU Cycle:423319664
DF44 $60           RTS                         A:19 X:03 Y:00 P:04 SP:FD CPU Cycle:423319668
CF69 $20 $2F $F7 JSR $F72F = $A9               A:19 X:03 Y:00 P:04 SP:FF CPU Cycle:423319674
F72F $A9 $00       LDA #$00                    A:19 X:03 Y:00 P:04 SP:FD CPU Cycle:423319680
F731 $85 $1E       STA $1E = $40               A:00 X:03 Y:00 P:06 SP:FD CPU Cycle:423319682
F733 $A9 $30       LDA #$30                    A:00 X:03 Y:00 P:06 SP:FD CPU Cycle:423319685
F735 $85 $1F       STA $1F = $30               A:30 X:03 Y:00 P:04 SP:FD CPU Cycle:423319687
F737 $A0 $03       LDY #$03                    A:30 X:03 Y:00 P:04 SP:FD CPU Cycle:423319690
F739 $B9 $9D $00   LDA $009D,Y = $00           A:30 X:03 Y:03 P:04 SP:FD CPU Cycle:423319692
F73C $29 $01       AND #$01                    A:00 X:03 Y:03 P:06 SP:FD CPU Cycle:423319696
F73E $D0 $0D       BNE $F74D = $A5             A:00 X:03 Y:03 P:06 SP:FD CPU Cycle:423319698
F740 $A5 $1E       LDA $1E = $00               A:00 X:03 Y:03 P:06 SP:FD CPU Cycle:423319700
F742 $99 $A1 $00   STA $00A1,Y = $00           A:00 X:03 Y:03 P:06 SP:FD CPU Cycle:423319703
F745 $18           CLC                         A:00 X:03 Y:03 P:06 SP:FD CPU Cycle:423319708
F746 $69 $10       ADC #$10                    A:00 X:03 Y:03 P:06 SP:FD CPU Cycle:423319710
F748 $85 $1E       STA $1E = $00               A:10 X:03 Y:03 P:04 SP:FD CPU Cycle:423319712
F74A $4C $57 $F7   JMP $F757 = $88             A:10 X:03 Y:03 P:04 SP:FD CPU Cycle:423319715
F757 $88           DEY                         A:10 X:03 Y:03 P:04 SP:FD CPU Cycle:423319718
F758 $10 $DF       BPL $F739 = $B9             A:10 X:03 Y:02 P:04 SP:FD CPU Cycle:423319720
F739 $B9 $9D $00   LDA $009D,Y = $00           A:10 X:03 Y:02 P:04 SP:FD CPU Cycle:423319723
F73C $29 $01       AND #$01                    A:00 X:03 Y:02 P:06 SP:FD CPU Cycle:423319727
F73E $D0 $0D       BNE $F74D = $A5             A:00 X:03 Y:02 P:06 SP:FD CPU Cycle:423319729
F740 $A5 $1E       LDA $1E = $10               A:00 X:03 Y:02 P:06 SP:FD CPU Cycle:423319731
F742 $99 $A1 $00   STA $00A1,Y = $10           A:10 X:03 Y:02 P:04 SP:FD CPU Cycle:423319734
F745 $18           CLC                         A:10 X:03 Y:02 P:04 SP:FD CPU Cycle:423319739
F746 $69 $10       ADC #$10                    A:10 X:03 Y:02 P:04 SP:FD CPU Cycle:423319741
F748 $85 $1E       STA $1E = $10               A:20 X:03 Y:02 P:04 SP:FD CPU Cycle:423319743
F74A $4C $57 $F7   JMP $F757 = $88             A:20 X:03 Y:02 P:04 SP:FD CPU Cycle:423319746
F757 $88           DEY                         A:20 X:03 Y:02 P:04 SP:FD CPU Cycle:423319749
F758 $10 $DF       BPL $F739 = $B9             A:20 X:03 Y:01 P:04 SP:FD CPU Cycle:423319751
F739 $B9 $9D $00   LDA $009D,Y = $00           A:20 X:03 Y:01 P:04 SP:FD CPU Cycle:423319754
F73C $29 $01       AND #$01                    A:00 X:03 Y:01 P:06 SP:FD CPU Cycle:423319758
F73E $D0 $0D       BNE $F74D = $A5             A:00 X:03 Y:01 P:06 SP:FD CPU Cycle:423319760
F740 $A5 $1E       LDA $1E = $20               A:00 X:03 Y:01 P:06 SP:FD CPU Cycle:423319762
F742 $99 $A1 $00   STA $00A1,Y = $20           A:20 X:03 Y:01 P:04 SP:FD CPU Cycle:423319765
F745 $18           CLC                         A:20 X:03 Y:01 P:04 SP:FD CPU Cycle:423319770
F746 $69 $10       ADC #$10                    A:20 X:03 Y:01 P:04 SP:FD CPU Cycle:423319772
F748 $85 $1E       STA $1E = $20               A:30 X:03 Y:01 P:04 SP:FD CPU Cycle:423319774
F74A $4C $57 $F7   JMP $F757 = $88             A:30 X:03 Y:01 P:04 SP:FD CPU Cycle:423319777
F757 $88           DEY                         A:30 X:03 Y:01 P:04 SP:FD CPU Cycle:423319780
F758 $10 $DF       BPL $F739 = $B9             A:30 X:03 Y:00 P:06 SP:FD CPU Cycle:423319782
F739 $B9 $9D $00   LDA $009D,Y = $00           A:30 X:03 Y:00 P:06 SP:FD CPU Cycle:423319785
F73C $29 $01       AND #$01                    A:00 X:03 Y:00 P:06 SP:FD CPU Cycle:423319789
F73E $D0 $0D       BNE $F74D = $A5             A:00 X:03 Y:00 P:06 SP:FD CPU Cycle:423319791
F740 $A5 $1E       LDA $1E = $30               A:00 X:03 Y:00 P:06 SP:FD CPU Cycle:423319793
F742 $99 $A1 $00   STA $00A1,Y = $30           A:30 X:03 Y:00 P:04 SP:FD CPU Cycle:423319796
F745 $18           CLC                         A:30 X:03 Y:00 P:04 SP:FD CPU Cycle:423319801
F746 $69 $10       ADC #$10                    A:30 X:03 Y:00 P:04 SP:FD CPU Cycle:423319803
F748 $85 $1E       STA $1E = $30               A:40 X:03 Y:00 P:04 SP:FD CPU Cycle:423319805
F74A $4C $57 $F7   JMP $F757 = $88             A:40 X:03 Y:00 P:04 SP:FD CPU Cycle:423319808
F757 $88           DEY                         A:40 X:03 Y:00 P:04 SP:FD CPU Cycle:423319811
F758 $10 $DF       BPL $F739 = $B9             A:40 X:03 Y:FF P:84 SP:FD CPU Cycle:423319813
F75A $60           RTS                         A:40 X:03 Y:FF P:84 SP:FD CPU Cycle:423319815
CF6C $20 $61 $D9 JSR $D961 = $46               A:40 X:03 Y:FF P:84 SP:FF CPU Cycle:423319821
D961 $46 $06       LSR $06 = $02               A:40 X:03 Y:FF P:84 SP:FD CPU Cycle:423319827
D963 $66 $05       ROR $05 = $A8               A:40 X:03 Y:FF P:04 SP:FD CPU Cycle:423319832
D965 $B5 $7C       LDA $7C,X = $38             A:40 X:03 Y:FF P:04 SP:FD CPU Cycle:423319837
D967 $4A           LSR A                       A:38 X:03 Y:FF P:04 SP:FD CPU Cycle:423319841
D968 $29 $1F       AND #$1F                    A:1C X:03 Y:FF P:04 SP:FD CPU Cycle:423319843
D96A $8D $5C $03   STA $035C = $02             A:1C X:03 Y:FF P:04 SP:FD CPU Cycle:423319845
D96D $A8           TAY                         A:1C X:03 Y:FF P:04 SP:FD CPU Cycle:423319849
D96E $B9 $19 $E2   LDA $E219,Y = $B5           A:1C X:03 Y:1C P:04 SP:FD CPU Cycle:423319851
D971 $85 $08       STA $08 = $24               A:B5 X:03 Y:1C P:84 SP:FD CPU Cycle:423319855
D973 $A5 $05       LDA $05 = $54               A:B5 X:03 Y:1C P:84 SP:FD CPU Cycle:423319858
D975 $85 $07       STA $07 = $00               A:54 X:03 Y:1C P:04 SP:FD CPU Cycle:423319861
D977 $20 $A5 $DC   JSR $DCA5 = $A9             A:54 X:03 Y:1C P:04 SP:FD CPU Cycle:423319864
DCA5 $A9 $00         LDA #$00                  A:54 X:03 Y:1C P:04 SP:FB CPU Cycle:423319870
DCA7 $0A             ASL A                     A:00 X:03 Y:1C P:06 SP:FB CPU Cycle:423319872
DCA8 $26 $07         ROL $07 = $54             A:00 X:03 Y:1C P:06 SP:FB CPU Cycle:423319874
DCAA $90 $07         BCC $DCB3 = $0A           A:00 X:03 Y:1C P:84 SP:FB CPU Cycle:423319879
DCB3 $0A             ASL A                     A:00 X:03 Y:1C P:84 SP:FB CPU Cycle:423319882
DCB4 $26 $07         ROL $07 = $A8             A:00 X:03 Y:1C P:06 SP:FB CPU Cycle:423319884
DCB6 $90 $07         BCC $DCBF = $0A           A:00 X:03 Y:1C P:05 SP:FB CPU Cycle:423319889
DCB8 $18             CLC                       A:00 X:03 Y:1C P:05 SP:FB CPU Cycle:423319891
DCB9 $65 $08         ADC $08 = $B5             A:00 X:03 Y:1C P:04 SP:FB CPU Cycle:423319893
DCBB $90 $02         BCC $DCBF = $0A           A:B5 X:03 Y:1C P:84 SP:FB CPU Cycle:423319896
DCBF $0A             ASL A                     A:B5 X:03 Y:1C P:84 SP:FB CPU Cycle:423319899
DCC0 $26 $07         ROL $07 = $50             A:6A X:03 Y:1C P:05 SP:FB CPU Cycle:423319901
DCC2 $90 $07         BCC $DCCB = $0A           A:6A X:03 Y:1C P:84 SP:FB CPU Cycle:423319906
DCCB $0A             ASL A                     A:6A X:03 Y:1C P:84 SP:FB CPU Cycle:423319909
DCCC $26 $07         ROL $07 = $A1             A:D4 X:03 Y:1C P:84 SP:FB CPU Cycle:423319911
DCCE $90 $07         BCC $DCD7 = $0A           A:D4 X:03 Y:1C P:05 SP:FB CPU Cycle:423319916
DCD0 $18             CLC                       A:D4 X:03 Y:1C P:05 SP:FB CPU Cycle:423319918
DCD1 $65 $08         ADC $08 = $B5             A:D4 X:03 Y:1C P:04 SP:FB CPU Cycle:423319920
DCD3 $90 $02         BCC $DCD7 = $0A           A:89 X:03 Y:1C P:85 SP:FB CPU Cycle:423319923
DCD5 $E6 $07         INC $07 = $42             A:89 X:03 Y:1C P:85 SP:FB CPU Cycle:423319925
DCD7 $0A             ASL A                     A:89 X:03 Y:1C P:05 SP:FB CPU Cycle:423319930
DCD8 $26 $07         ROL $07 = $43             A:12 X:03 Y:1C P:05 SP:FB CPU Cycle:423319932
DCDA $90 $07         BCC $DCE3 = $0A           A:12 X:03 Y:1C P:84 SP:FB CPU Cycle:423319937
DCE3 $0A             ASL A                     A:12 X:03 Y:1C P:84 SP:FB CPU Cycle:423319940
DCE4 $26 $07         ROL $07 = $87             A:24 X:03 Y:1C P:04 SP:FB CPU Cycle:423319942
DCE6 $90 $07         BCC $DCEF = $0A           A:24 X:03 Y:1C P:05 SP:FB CPU Cycle:423319947
DCE8 $18             CLC                       A:24 X:03 Y:1C P:05 SP:FB CPU Cycle:423319949
DCE9 $65 $08         ADC $08 = $B5             A:24 X:03 Y:1C P:04 SP:FB CPU Cycle:423319951
DCEB $90 $02         BCC $DCEF = $0A           A:D9 X:03 Y:1C P:84 SP:FB CPU Cycle:423319954
DCEF $0A             ASL A                     A:D9 X:03 Y:1C P:84 SP:FB CPU Cycle:423319957
DCF0 $26 $07         ROL $07 = $0E             A:B2 X:03 Y:1C P:85 SP:FB CPU Cycle:423319959
DCF2 $90 $07         BCC $DCFB = $0A           A:B2 X:03 Y:1C P:04 SP:FB CPU Cycle:423319964
DCFB $0A             ASL A                     A:B2 X:03 Y:1C P:04 SP:FB CPU Cycle:423319967
DCFC $26 $07         ROL $07 = $1D             A:64 X:03 Y:1C P:05 SP:FB CPU Cycle:423319969
DCFE $90 $07         BCC $DD07 = $85           A:64 X:03 Y:1C P:04 SP:FB CPU Cycle:423319974
DD07 $85 $08         STA $08 = $B5             A:64 X:03 Y:1C P:04 SP:FB CPU Cycle:423319977
DD09 $60             RTS                       A:64 X:03 Y:1C P:04 SP:FB CPU Cycle:423319980
D97A $A5 $07       LDA $07 = $3B               A:64 X:03 Y:1C P:04 SP:FD CPU Cycle:423319986
D97C $85 $1B       STA $1B = $E6               A:3B X:03 Y:1C P:04 SP:FD CPU Cycle:423319989
D97E $AC $5C $03   LDY $035C = $1C             A:3B X:03 Y:1C P:04 SP:FD CPU Cycle:423319992
D981 $B9 $19 $E2   LDA $E219,Y = $B5           A:3B X:03 Y:1C P:04 SP:FD CPU Cycle:423319996
D984 $85 $08       STA $08 = $64               A:B5 X:03 Y:1C P:84 SP:FD CPU Cycle:423320000
D986 $A5 $06       LDA $06 = $01               A:B5 X:03 Y:1C P:84 SP:FD CPU Cycle:423320003
D988 $85 $07       STA $07 = $3B               A:01 X:03 Y:1C P:04 SP:FD CPU Cycle:423320006
D98A $20 $A5 $DC   JSR $DCA5 = $A9             A:01 X:03 Y:1C P:04 SP:FD CPU Cycle:423320009
DCA5 $A9 $00         LDA #$00                  A:01 X:03 Y:1C P:04 SP:FB CPU Cycle:423320015
DCA7 $0A             ASL A                     A:00 X:03 Y:1C P:06 SP:FB CPU Cycle:423320017
DCA8 $26 $07         ROL $07 = $01             A:00 X:03 Y:1C P:06 SP:FB CPU Cycle:423320019
DCAA $90 $07         BCC $DCB3 = $0A           A:00 X:03 Y:1C P:04 SP:FB CPU Cycle:423320024
DCB3 $0A             ASL A                     A:00 X:03 Y:1C P:04 SP:FB CPU Cycle:423320027
DCB4 $26 $07         ROL $07 = $02             A:00 X:03 Y:1C P:06 SP:FB CPU Cycle:423320029
DCB6 $90 $07         BCC $DCBF = $0A           A:00 X:03 Y:1C P:04 SP:FB CPU Cycle:423320034
DCBF $0A             ASL A                     A:00 X:03 Y:1C P:04 SP:FB CPU Cycle:423320037
DCC0 $26 $07         ROL $07 = $04             A:00 X:03 Y:1C P:06 SP:FB CPU Cycle:423320039
DCC2 $90 $07         BCC $DCCB = $0A           A:00 X:03 Y:1C P:04 SP:FB CPU Cycle:423320044
DCCB $0A             ASL A                     A:00 X:03 Y:1C P:04 SP:FB CPU Cycle:423320047
DCCC $26 $07         ROL $07 = $08             A:00 X:03 Y:1C P:06 SP:FB CPU Cycle:423320049
DCCE $90 $07         BCC $DCD7 = $0A           A:00 X:03 Y:1C P:04 SP:FB CPU Cycle:423320054
DCD7 $0A             ASL A                     A:00 X:03 Y:1C P:04 SP:FB CPU Cycle:423320057
DCD8 $26 $07         ROL $07 = $10             A:00 X:03 Y:1C P:06 SP:FB CPU Cycle:423320059
DCDA $90 $07         BCC $DCE3 = $0A           A:00 X:03 Y:1C P:04 SP:FB CPU Cycle:423320064
DCE3 $0A             ASL A                     A:00 X:03 Y:1C P:04 SP:FB CPU Cycle:423320067
DCE4 $26 $07         ROL $07 = $20             A:00 X:03 Y:1C P:06 SP:FB CPU Cycle:423320069
DCE6 $90 $07         BCC $DCEF = $0A           A:00 X:03 Y:1C P:04 SP:FB CPU Cycle:423320074
DCEF $0A             ASL A                     A:00 X:03 Y:1C P:04 SP:FB CPU Cycle:423320077
DCF0 $26 $07         ROL $07 = $40             A:00 X:03 Y:1C P:06 SP:FB CPU Cycle:423320079
DCF2 $90 $07         BCC $DCFB = $0A           A:00 X:03 Y:1C P:84 SP:FB CPU Cycle:423320084
DCFB $0A             ASL A                     A:00 X:03 Y:1C P:84 SP:FB CPU Cycle:423320087
DCFC $26 $07         ROL $07 = $80             A:00 X:03 Y:1C P:06 SP:FB CPU Cycle:423320089
DCFE $90 $07         BCC $DD07 = $85           A:00 X:03 Y:1C P:07 SP:FB CPU Cycle:423320094
DD00 $18             CLC                       A:00 X:03 Y:1C P:07 SP:FB CPU Cycle:423320096
DD01 $65 $08         ADC $08 = $B5             A:00 X:03 Y:1C P:06 SP:FB CPU Cycle:423320098
DD03 $90 $02         BCC $DD07 = $85           A:B5 X:03 Y:1C P:84 SP:FB CPU Cycle:423320101
DD07 $85 $08         STA $08 = $B5             A:B5 X:03 Y:1C P:84 SP:FB CPU Cycle:423320104
DD09 $60             RTS                       A:B5 X:03 Y:1C P:84 SP:FB CPU Cycle:423320107
D98D $A5 $1B       LDA $1B = $3B               A:B5 X:03 Y:1C P:84 SP:FD CPU Cycle:423320113
D98F $18           CLC                         A:3B X:03 Y:1C P:04 SP:FD CPU Cycle:423320116
D990 $65 $08       ADC $08 = $B5               A:3B X:03 Y:1C P:04 SP:FD CPU Cycle:423320118
D992 $85 $08       STA $08 = $B5               A:F0 X:03 Y:1C P:84 SP:FD CPU Cycle:423320121
D994 $90 $02       BCC $D998 = $AD             A:F0 X:03 Y:1C P:84 SP:FD CPU Cycle:423320124
D998 $AD $5C $03   LDA $035C = $1C             A:F0 X:03 Y:1C P:84 SP:FD CPU Cycle:423320127
D99B $C9 $08       CMP #$08                    A:1C X:03 Y:1C P:04 SP:FD CPU Cycle:423320131
D99D $90 $04       BCC $D9A3 = $B5             A:1C X:03 Y:1C P:05 SP:FD CPU Cycle:423320133
D99F $C9 $18       CMP #$18                    A:1C X:03 Y:1C P:05 SP:FD CPU Cycle:423320135
D9A1 $90 $10       BCC $D9B3 = $B5             A:1C X:03 Y:1C P:05 SP:FD CPU Cycle:423320137
D9A3 $B5 $5D       LDA $5D,X = $CF             A:1C X:03 Y:1C P:05 SP:FD CPU Cycle:423320139
D9A5 $18           CLC                         A:CF X:03 Y:1C P:85 SP:FD CPU Cycle:423320143
D9A6 $65 $08       ADC $08 = $F0               A:CF X:03 Y:1C P:84 SP:FD CPU Cycle:423320145
D9A8 $95 $5D       STA $5D,X = $CF             A:BF X:03 Y:1C P:85 SP:FD CPU Cycle:423320148
D9AA $B5 $57       LDA $57,X = $95             A:BF X:03 Y:1C P:85 SP:FD CPU Cycle:423320152
D9AC $65 $07       ADC $07 = $00               A:95 X:03 Y:1C P:85 SP:FD CPU Cycle:423320156
D9AE $95 $57       STA $57,X = $95             A:96 X:03 Y:1C P:84 SP:FD CPU Cycle:423320159
D9B0 $4C $C0 $D9   JMP $D9C0 = $AC             A:96 X:03 Y:1C P:84 SP:FD CPU Cycle:423320163
D9C0 $AC $5C $03   LDY $035C = $1C             A:96 X:03 Y:1C P:84 SP:FD CPU Cycle:423320166
D9C3 $B9 $11 $E2   LDA $E211,Y = $B5           A:96 X:03 Y:1C P:04 SP:FD CPU Cycle:423320170
D9C6 $85 $08       STA $08 = $F0               A:B5 X:03 Y:1C P:84 SP:FD CPU Cycle:423320174
D9C8 $A5 $05       LDA $05 = $54               A:B5 X:03 Y:1C P:84 SP:FD CPU Cycle:423320177
D9CA $85 $07       STA $07 = $00               A:54 X:03 Y:1C P:04 SP:FD CPU Cycle:423320180
D9CC $20 $A5 $DC   JSR $DCA5 = $A9             A:54 X:03 Y:1C P:04 SP:FD CPU Cycle:423320183
DCA5 $A9 $00         LDA #$00                  A:54 X:03 Y:1C P:04 SP:FB CPU Cycle:423320189
DCA7 $0A             ASL A                     A:00 X:03 Y:1C P:06 SP:FB CPU Cycle:423320191
DCA8 $26 $07         ROL $07 = $54             A:00 X:03 Y:1C P:06 SP:FB CPU Cycle:423320193
DCAA $90 $07         BCC $DCB3 = $0A           A:00 X:03 Y:1C P:84 SP:FB CPU Cycle:423320198
DCB3 $0A             ASL A                     A:00 X:03 Y:1C P:84 SP:FB CPU Cycle:423320201
DCB4 $26 $07         ROL $07 = $A8             A:00 X:03 Y:1C P:06 SP:FB CPU Cycle:423320203
DCB6 $90 $07         BCC $DCBF = $0A           A:00 X:03 Y:1C P:05 SP:FB CPU Cycle:423320208
DCB8 $18             CLC                       A:00 X:03 Y:1C P:05 SP:FB CPU Cycle:423320210
DCB9 $65 $08         ADC $08 = $B5             A:00 X:03 Y:1C P:04 SP:FB CPU Cycle:423320212
DCBB $90 $02         BCC $DCBF = $0A           A:B5 X:03 Y:1C P:84 SP:FB CPU Cycle:423320215
DCBF $0A             ASL A                     A:B5 X:03 Y:1C P:84 SP:FB CPU Cycle:423320218
DCC0 $26 $07         ROL $07 = $50             A:6A X:03 Y:1C P:05 SP:FB CPU Cycle:423320220
DCC2 $90 $07         BCC $DCCB = $0A           A:6A X:03 Y:1C P:84 SP:FB CPU Cycle:423320225
DCCB $0A             ASL A                     A:6A X:03 Y:1C P:84 SP:FB CPU Cycle:423320228
DCCC $26 $07         ROL $07 = $A1             A:D4 X:03 Y:1C P:84 SP:FB CPU Cycle:423320230
DCCE $90 $07         BCC $DCD7 = $0A           A:D4 X:03 Y:1C P:05 SP:FB CPU Cycle:423320235
DCD0 $18             CLC                       A:D4 X:03 Y:1C P:05 SP:FB CPU Cycle:423320237
DCD1 $65 $08         ADC $08 = $B5             A:D4 X:03 Y:1C P:04 SP:FB CPU Cycle:423320239
DCD3 $90 $02         BCC $DCD7 = $0A           A:89 X:03 Y:1C P:85 SP:FB CPU Cycle:423320242
DCD5 $E6 $07         INC $07 = $42             A:89 X:03 Y:1C P:85 SP:FB CPU Cycle:423320244
DCD7 $0A             ASL A                     A:89 X:03 Y:1C P:05 SP:FB CPU Cycle:423320249
DCD8 $26 $07         ROL $07 = $43             A:12 X:03 Y:1C P:05 SP:FB CPU Cycle:423320251
DCDA $90 $07         BCC $DCE3 = $0A           A:12 X:03 Y:1C P:84 SP:FB CPU Cycle:423320256
DCE3 $0A             ASL A                     A:12 X:03 Y:1C P:84 SP:FB CPU Cycle:423320259
DCE4 $26 $07         ROL $07 = $87             A:24 X:03 Y:1C P:04 SP:FB CPU Cycle:423320261
DCE6 $90 $07         BCC $DCEF = $0A           A:24 X:03 Y:1C P:05 SP:FB CPU Cycle:423320266
DCE8 $18             CLC                       A:24 X:03 Y:1C P:05 SP:FB CPU Cycle:423320268
DCE9 $65 $08         ADC $08 = $B5             A:24 X:03 Y:1C P:04 SP:FB CPU Cycle:423320270
DCEB $90 $02         BCC $DCEF = $0A           A:D9 X:03 Y:1C P:84 SP:FB CPU Cycle:423320273
DCEF $0A             ASL A                     A:D9 X:03 Y:1C P:84 SP:FB CPU Cycle:423320276
DCF0 $26 $07         ROL $07 = $0E             A:B2 X:03 Y:1C P:85 SP:FB CPU Cycle:423320278
DCF2 $90 $07         BCC $DCFB = $0A           A:B2 X:03 Y:1C P:04 SP:FB CPU Cycle:423320283
DCFB $0A             ASL A                     A:B2 X:03 Y:1C P:04 SP:FB CPU Cycle:423320286
DCFC $26 $07         ROL $07 = $1D             A:64 X:03 Y:1C P:05 SP:FB CPU Cycle:423320288
DCFE $90 $07         BCC $DD07 = $85           A:64 X:03 Y:1C P:04 SP:FB CPU Cycle:423320293
DD07 $85 $08         STA $08 = $B5             A:64 X:03 Y:1C P:04 SP:FB CPU Cycle:423320296
DD09 $60             RTS                       A:64 X:03 Y:1C P:04 SP:FB CPU Cycle:423320299
D9CF $A5 $07       LDA $07 = $3B               A:64 X:03 Y:1C P:04 SP:FD CPU Cycle:423320305
D9D1 $85 $1B       STA $1B = $3B               A:3B X:03 Y:1C P:04 SP:FD CPU Cycle:423320308
D9D3 $AC $5C $03   LDY $035C = $1C             A:3B X:03 Y:1C P:04 SP:FD CPU Cycle:423320311
D9D6 $B9 $11 $E2   LDA $E211,Y = $B5           A:3B X:03 Y:1C P:04 SP:FD CPU Cycle:423320315
D9D9 $85 $08       STA $08 = $64               A:B5 X:03 Y:1C P:84 SP:FD CPU Cycle:423320319
D9DB $A5 $06       LDA $06 = $01               A:B5 X:03 Y:1C P:84 SP:FD CPU Cycle:423320322
D9DD $85 $07       STA $07 = $3B               A:01 X:03 Y:1C P:04 SP:FD CPU Cycle:423320325
D9DF $20 $A5 $DC   JSR $DCA5 = $A9             A:01 X:03 Y:1C P:04 SP:FD CPU Cycle:423320328
DCA5 $A9 $00         LDA #$00                  A:01 X:03 Y:1C P:04 SP:FB CPU Cycle:423320334
DCA7 $0A             ASL A                     A:00 X:03 Y:1C P:06 SP:FB CPU Cycle:423320336
DCA8 $26 $07         ROL $07 = $01             A:00 X:03 Y:1C P:06 SP:FB CPU Cycle:423320338
DCAA $90 $07         BCC $DCB3 = $0A           A:00 X:03 Y:1C P:04 SP:FB CPU Cycle:423320343
DCB3 $0A             ASL A                     A:00 X:03 Y:1C P:04 SP:FB CPU Cycle:423320346
DCB4 $26 $07         ROL $07 = $02             A:00 X:03 Y:1C P:06 SP:FB CPU Cycle:423320348
DCB6 $90 $07         BCC $DCBF = $0A           A:00 X:03 Y:1C P:04 SP:FB CPU Cycle:423320353
DCBF $0A             ASL A                     A:00 X:03 Y:1C P:04 SP:FB CPU Cycle:423320356
DCC0 $26 $07         ROL $07 = $04             A:00 X:03 Y:1C P:06 SP:FB CPU Cycle:423320358
DCC2 $90 $07         BCC $DCCB = $0A           A:00 X:03 Y:1C P:04 SP:FB CPU Cycle:423320363
DCCB $0A             ASL A                     A:00 X:03 Y:1C P:04 SP:FB CPU Cycle:423320366
DCCC $26 $07         ROL $07 = $08             A:00 X:03 Y:1C P:06 SP:FB CPU Cycle:423320368
DCCE $90 $07         BCC $DCD7 = $0A           A:00 X:03 Y:1C P:04 SP:FB CPU Cycle:423320373
DCD7 $0A             ASL A                     A:00 X:03 Y:1C P:04 SP:FB CPU Cycle:423320376
DCD8 $26 $07         ROL $07 = $10             A:00 X:03 Y:1C P:06 SP:FB CPU Cycle:423320378
DCDA $90 $07         BCC $DCE3 = $0A           A:00 X:03 Y:1C P:04 SP:FB CPU Cycle:423320383
DCE3 $0A             ASL A                     A:00 X:03 Y:1C P:04 SP:FB CPU Cycle:423320386
DCE4 $26 $07         ROL $07 = $20             A:00 X:03 Y:1C P:06 SP:FB CPU Cycle:423320388
DCE6 $90 $07         BCC $DCEF = $0A           A:00 X:03 Y:1C P:04 SP:FB CPU Cycle:423320393
DCEF $0A             ASL A                     A:00 X:03 Y:1C P:04 SP:FB CPU Cycle:423320396
DCF0 $26 $07         ROL $07 = $40             A:00 X:03 Y:1C P:06 SP:FB CPU Cycle:423320398
DCF2 $90 $07         BCC $DCFB = $0A           A:00 X:03 Y:1C P:84 SP:FB CPU Cycle:423320403
DCFB $0A             ASL A                     A:00 X:03 Y:1C P:84 SP:FB CPU Cycle:423320406
DCFC $26 $07         ROL $07 = $80             A:00 X:03 Y:1C P:06 SP:FB CPU Cycle:423320408
DCFE $90 $07         BCC $DD07 = $85           A:00 X:03 Y:1C P:07 SP:FB CPU Cycle:423320413
DD00 $18             CLC                       A:00 X:03 Y:1C P:07 SP:FB CPU Cycle:423320415
DD01 $65 $08         ADC $08 = $B5             A:00 X:03 Y:1C P:06 SP:FB CPU Cycle:423320417
DD03 $90 $02         BCC $DD07 = $85           A:B5 X:03 Y:1C P:84 SP:FB CPU Cycle:423320420
DD07 $85 $08         STA $08 = $B5             A:B5 X:03 Y:1C P:84 SP:FB CPU Cycle:423320423
DD09 $60             RTS                       A:B5 X:03 Y:1C P:84 SP:FB CPU Cycle:423320426
D9E2 $A5 $1B       LDA $1B = $3B               A:B5 X:03 Y:1C P:84 SP:FD CPU Cycle:423320432
D9E4 $18           CLC                         A:3B X:03 Y:1C P:04 SP:FD CPU Cycle:423320435
D9E5 $65 $08       ADC $08 = $B5               A:3B X:03 Y:1C P:04 SP:FD CPU Cycle:423320437
D9E7 $85 $08       STA $08 = $B5               A:F0 X:03 Y:1C P:84 SP:FD CPU Cycle:423320440
D9E9 $90 $02       BCC $D9ED = $AD             A:F0 X:03 Y:1C P:84 SP:FD CPU Cycle:423320443
D9ED $AD $5C $03   LDA $035C = $1C             A:F0 X:03 Y:1C P:84 SP:FD CPU Cycle:423320446
D9F0 $C9 $10       CMP #$10                    A:1C X:03 Y:1C P:04 SP:FD CPU Cycle:423320450
D9F2 $90 $0E       BCC $DA02 = $B5             A:1C X:03 Y:1C P:05 SP:FD CPU Cycle:423320452
D9F4 $B5 $52       LDA $52,X = $A5             A:1C X:03 Y:1C P:05 SP:FD CPU Cycle:423320454
D9F6 $18           CLC                         A:A5 X:03 Y:1C P:85 SP:FD CPU Cycle:423320458
D9F7 $65 $08       ADC $08 = $F0               A:A5 X:03 Y:1C P:84 SP:FD CPU Cycle:423320460
D9F9 $95 $52       STA $52,X = $A5             A:95 X:03 Y:1C P:85 SP:FD CPU Cycle:423320463
D9FB $B5 $4C       LDA $4C,X = $55             A:95 X:03 Y:1C P:85 SP:FD CPU Cycle:423320467
D9FD $65 $07       ADC $07 = $00               A:55 X:03 Y:1C P:05 SP:FD CPU Cycle:423320471
D9FF $95 $4C       STA $4C,X = $55             A:56 X:03 Y:1C P:04 SP:FD CPU Cycle:423320474
DA01 $60           RTS                         A:56 X:03 Y:1C P:04 SP:FD CPU Cycle:423320478
CF6F $20 $D9 $E7 JSR $E7D9 = $AD               A:56 X:03 Y:1C P:04 SP:FF CPU Cycle:423320484
E7D9 $AD $30 $03   LDA $0330 = $FF             A:56 X:03 Y:1C P:04 SP:FD CPU Cycle:423320490
E7DC $30 $3D       BMI $E81B = $A9             A:FF X:03 Y:1C P:84 SP:FD CPU Cycle:423320494
E81B $A9 $00       LDA #$00                    A:FF X:03 Y:1C P:84 SP:FD CPU Cycle:423320498
E81D $85 $02       STA $02 = $E2               A:00 X:03 Y:1C P:06 SP:FD CPU Cycle:423320500
E81F $B5 $4C       LDA $4C,X = $56             A:00 X:03 Y:1C P:06 SP:FD CPU Cycle:423320503
E821 $38           SEC                         A:56 X:03 Y:1C P:04 SP:FD CPU Cycle:423320507
E822 $E9 $18       SBC #$18                    A:56 X:03 Y:1C P:05 SP:FD CPU Cycle:423320509
E824 $0A           ASL A                       A:3E X:03 Y:1C P:05 SP:FD CPU Cycle:423320511
E825 $26 $02       ROL $02 = $00               A:7C X:03 Y:1C P:04 SP:FD CPU Cycle:423320513
E827 $0A           ASL A                       A:7C X:03 Y:1C P:06 SP:FD CPU Cycle:423320518
E828 $26 $02       ROL $02 = $00               A:F8 X:03 Y:1C P:84 SP:FD CPU Cycle:423320520
E82A $29 $E0       AND #$E0                    A:F8 X:03 Y:1C P:06 SP:FD CPU Cycle:423320525
E82C $85 $01       STA $01 = $6D               A:E0 X:03 Y:1C P:84 SP:FD CPU Cycle:423320527
E82E $B5 $57       LDA $57,X = $96             A:E0 X:03 Y:1C P:84 SP:FD CPU Cycle:423320530
E830 $18           CLC                         A:96 X:03 Y:1C P:84 SP:FD CPU Cycle:423320534
E831 $69 $08       ADC #$08                    A:96 X:03 Y:1C P:84 SP:FD CPU Cycle:423320536
E833 $4A           LSR A                       A:9E X:03 Y:1C P:84 SP:FD CPU Cycle:423320538
E834 $4A           LSR A                       A:4F X:03 Y:1C P:04 SP:FD CPU Cycle:423320540
E835 $4A           LSR A                       A:27 X:03 Y:1C P:05 SP:FD CPU Cycle:423320542
E836 $05 $01       ORA $01 = $E0               A:13 X:03 Y:1C P:05 SP:FD CPU Cycle:423320544
E838 $85 $01       STA $01 = $E0               A:F3 X:03 Y:1C P:85 SP:FD CPU Cycle:423320547
E83A $A4 $14       LDY $14 = $04               A:F3 X:03 Y:1C P:85 SP:FD CPU Cycle:423320550
E83C $B9 $70 $F4   LDA $F470,Y = $F3           A:F3 X:03 Y:04 P:05 SP:FD CPU Cycle:423320553
E83F $18           CLC                         A:F3 X:03 Y:04 P:85 SP:FD CPU Cycle:423320557
E840 $65 $01       ADC $01 = $F3               A:F3 X:03 Y:04 P:84 SP:FD CPU Cycle:423320559
E842 $85 $01       STA $01 = $F3               A:E6 X:03 Y:04 P:85 SP:FD CPU Cycle:423320562
E844 $B9 $77 $F4   LDA $F477,Y = $AA           A:E6 X:03 Y:04 P:85 SP:FD CPU Cycle:423320565
E847 $65 $02       ADC $02 = $00               A:AA X:03 Y:04 P:85 SP:FD CPU Cycle:423320569
E849 $85 $02       STA $02 = $00               A:AB X:03 Y:04 P:84 SP:FD CPU Cycle:423320572
E84B $A0 $00       LDY #$00                    A:AB X:03 Y:04 P:84 SP:FD CPU Cycle:423320575
E84D $B1 $01       LDA ($01),Y = $44           A:AB X:03 Y:00 P:06 SP:FD CPU Cycle:423320577
E84F $85 $1B       STA $1B = $3B               A:44 X:03 Y:00 P:04 SP:FD CPU Cycle:423320582
E851 $D5 $BE       CMP $BE,X = $00             A:44 X:03 Y:00 P:04 SP:FD CPU Cycle:423320585
E853 $F0 $18       BEQ $E86D = $60             A:44 X:03 Y:00 P:05 SP:FD CPU Cycle:423320589
E855 $D5 $C2       CMP $C2,X = $00             A:44 X:03 Y:00 P:05 SP:FD CPU Cycle:423320591
E857 $F0 $14       BEQ $E86D = $60             A:44 X:03 Y:00 P:05 SP:FD CPU Cycle:423320595
E859 $0A           ASL A                       A:44 X:03 Y:00 P:05 SP:FD CPU Cycle:423320597
E85A $A8           TAY                         A:88 X:03 Y:00 P:84 SP:FD CPU Cycle:423320599
E85B $B9 $BF $F4   LDA $F4BF,Y = $E9           A:88 X:03 Y:88 P:84 SP:FD CPU Cycle:423320601
E85E $48           PHA                         A:E9 X:03 Y:88 P:84 SP:FD CPU Cycle:423320606
E85F $B9 $BE $F4    LDA $F4BE,Y = $D3          A:E9 X:03 Y:88 P:84 SP:FC CPU Cycle:423320609
E862 $48            PHA                        A:D3 X:03 Y:88 P:84 SP:FC CPU Cycle:423320614
E863 $A4 $1B         LDY $1B = $44             A:D3 X:03 Y:88 P:84 SP:FB CPU Cycle:423320617
E865 $B9 $8C $F4     LDA $F48C,Y = $04         A:D3 X:03 Y:44 P:04 SP:FB CPU Cycle:423320620
E868 $0A             ASL A                     A:04 X:03 Y:44 P:04 SP:FB CPU Cycle:423320624
E869 $29 $3E         AND #$3E                  A:08 X:03 Y:44 P:04 SP:FB CPU Cycle:423320626
E86B $85 $1C         STA $1C = $06             A:08 X:03 Y:44 P:04 SP:FB CPU Cycle:423320628
E86D $60             RTS                       A:08 X:03 Y:44 P:04 SP:FB CPU Cycle:423320631
E9D4 $20 $56 $E9   JSR $E956 = $A4             A:08 X:03 Y:44 P:04 SP:FD CPU Cycle:423320637
E956 $A4 $14         LDY $14 = $04             A:08 X:03 Y:44 P:04 SP:FB CPU Cycle:423320643
E958 $B9 $7E $F4     LDA $F47E,Y = $F3         A:08 X:03 Y:04 P:04 SP:FB CPU Cycle:423320646
E95B $85 $01         STA $01 = $E6             A:F3 X:03 Y:04 P:84 SP:FB CPU Cycle:423320650
E95D $B9 $85 $F4     LDA $F485,Y = $AD         A:F3 X:03 Y:04 P:84 SP:FB CPU Cycle:423320653
E960 $85 $02         STA $02 = $AB             A:AD X:03 Y:04 P:84 SP:FB CPU Cycle:423320657
E962 $A5 $1B         LDA $1B = $44             A:AD X:03 Y:04 P:84 SP:FB CPU Cycle:423320660
E964 $29 $3F         AND #$3F                  A:44 X:03 Y:04 P:04 SP:FB CPU Cycle:423320663
E966 $0A             ASL A                     A:04 X:03 Y:04 P:04 SP:FB CPU Cycle:423320665
E967 $0A             ASL A                     A:08 X:03 Y:04 P:04 SP:FB CPU Cycle:423320667
E968 $A8             TAY                       A:10 X:03 Y:04 P:04 SP:FB CPU Cycle:423320669
E969 $A9 $80         LDA #$80                  A:10 X:03 Y:10 P:04 SP:FB CPU Cycle:423320671
E96B $8D $5D $03     STA $035D = $80           A:80 X:03 Y:10 P:84 SP:FB CPU Cycle:423320673
E96E $B5 $7C         LDA $7C,X = $38           A:80 X:03 Y:10 P:84 SP:FB CPU Cycle:423320677
E970 $38             SEC                       A:38 X:03 Y:10 P:04 SP:FB CPU Cycle:423320681
E971 $F1 $01         SBC ($01),Y = $30         A:38 X:03 Y:10 P:05 SP:FB CPU Cycle:423320683
E973 $B0 $04         BCS $E979 = $C9           A:08 X:03 Y:10 P:05 SP:FB CPU Cycle:423320689
E979 $C9 $11         CMP #$11                  A:08 X:03 Y:10 P:05 SP:FB CPU Cycle:423320692
E97B $90 $09         BCC $E986 = $C8           A:08 X:03 Y:10 P:84 SP:FB CPU Cycle:423320694
E986 $C8             INY                       A:08 X:03 Y:10 P:84 SP:FB CPU Cycle:423320697
E987 $B1 $01         LDA ($01),Y = $00         A:08 X:03 Y:11 P:04 SP:FB CPU Cycle:423320699
E989 $4D $5D $03     EOR $035D = $80           A:00 X:03 Y:11 P:06 SP:FB CPU Cycle:423320705
E98C $30 $02         BMI $E990 = $29           A:80 X:03 Y:11 P:84 SP:FB CPU Cycle:423320709
E990 $29 $7F         AND #$7F                  A:80 X:03 Y:11 P:84 SP:FB CPU Cycle:423320712
E992 $95 $BE         STA $BE,X = $00           A:00 X:03 Y:11 P:06 SP:FB CPU Cycle:423320714
E994 $C8             INY                       A:00 X:03 Y:11 P:06 SP:FB CPU Cycle:423320718
E995 $B1 $01         LDA ($01),Y = $00         A:00 X:03 Y:12 P:04 SP:FB CPU Cycle:423320720
E997 $4D $5D $03     EOR $035D = $80           A:00 X:03 Y:12 P:06 SP:FB CPU Cycle:423320726
E99A $30 $02         BMI $E99E = $29           A:80 X:03 Y:12 P:84 SP:FB CPU Cycle:423320730
E99E $29 $7F         AND #$7F                  A:80 X:03 Y:12 P:84 SP:FB CPU Cycle:423320733
E9A0 $95 $C2         STA $C2,X = $00           A:00 X:03 Y:12 P:06 SP:FB CPU Cycle:423320735
E9A2 $C8             INY                       A:00 X:03 Y:12 P:06 SP:FB CPU Cycle:423320739
E9A3 $B1 $01         LDA ($01),Y = $00         A:00 X:03 Y:13 P:04 SP:FB CPU Cycle:423320741
E9A5 $4D $5D $03     EOR $035D = $80           A:00 X:03 Y:13 P:06 SP:FB CPU Cycle:423320747
E9A8 $30 $02         BMI $E9AC = $29           A:80 X:03 Y:13 P:84 SP:FB CPU Cycle:423320751
E9AC $29 $7F         AND #$7F                  A:80 X:03 Y:13 P:84 SP:FB CPU Cycle:423320754
E9AE $85 $1D         STA $1D = $5C             A:00 X:03 Y:13 P:06 SP:FB CPU Cycle:423320756
E9B0 $B5 $9D         LDA $9D,X = $00           A:00 X:03 Y:13 P:06 SP:FB CPU Cycle:423320759
E9B2 $29 $3E         AND #$3E                  A:00 X:03 Y:13 P:06 SP:FB CPU Cycle:423320763
E9B4 $05 $1D         ORA $1D = $00             A:00 X:03 Y:13 P:06 SP:FB CPU Cycle:423320765
E9B6 $95 $9D         STA $9D,X = $00           A:00 X:03 Y:13 P:06 SP:FB CPU Cycle:423320768
E9B8 $29 $01         AND #$01                  A:00 X:03 Y:13 P:06 SP:FB CPU Cycle:423320772
E9BA $F0 $11         BEQ $E9CD = $B5           A:00 X:03 Y:13 P:06 SP:FB CPU Cycle:423320774
E9CD $B5 $A5         LDA $A5,X = $03           A:00 X:03 Y:13 P:06 SP:FB CPU Cycle:423320777
E9CF $29 $DF         AND #$DF                  A:03 X:03 Y:13 P:04 SP:FB CPU Cycle:423320781
E9D1 $95 $A5         STA $A5,X = $03           A:03 X:03 Y:13 P:04 SP:FB CPU Cycle:423320783
E9D3 $60             RTS                       A:03 X:03 Y:13 P:04 SP:FB CPU Cycle:423320787
E9D7 $A5 $1B       LDA $1B = $44               A:03 X:03 Y:13 P:04 SP:FD CPU Cycle:423320793
E9D9 $29 $3F       AND #$3F                    A:44 X:03 Y:13 P:04 SP:FD CPU Cycle:423320796
E9DB $D5 $B2       CMP $B2,X = $05             A:04 X:03 Y:13 P:04 SP:FD CPU Cycle:423320798
E9DD $D0 $26       BNE $EA05 = $60             A:04 X:03 Y:13 P:84 SP:FD CPU Cycle:423320802
EA05 $60           RTS                         A:04 X:03 Y:13 P:84 SP:FD CPU Cycle:423320806
CF72 $20 $55 $D3 JSR $D355 = $B5               A:04 X:03 Y:13 P:84 SP:FF CPU Cycle:423320812
D355 $B5 $B6       LDA $B6,X = $00             A:04 X:03 Y:13 P:84 SP:FD CPU Cycle:423320818
D357 $C9 $04       CMP #$04                    A:00 X:03 Y:13 P:06 SP:FD CPU Cycle:423320822
D359 $F0 $10       BEQ $D36B = $24             A:00 X:03 Y:13 P:84 SP:FD CPU Cycle:423320824
D35B $C9 $01       CMP #$01                    A:00 X:03 Y:13 P:84 SP:FD CPU Cycle:423320826
D35D $D0 $33       BNE $D392 = $60             A:00 X:03 Y:13 P:84 SP:FD CPU Cycle:423320828
D392 $60           RTS                         A:00 X:03 Y:13 P:84 SP:FD CPU Cycle:423320831
CF75 $20 $14 $D4 JSR $D414 = $AD               A:00 X:03 Y:13 P:84 SP:FF CPU Cycle:423320837
D414 $AD $19 $03   LDA $0319 = $03             A:00 X:03 Y:13 P:84 SP:FD CPU Cycle:423320843
D417 $F0 $0E       BEQ $D427 = $60             A:03 X:03 Y:13 P:04 SP:FD CPU Cycle:423320847
D419 $A5 $0C       LDA $0C = $78               A:03 X:03 Y:13 P:04 SP:FD CPU Cycle:423320849
D41B $C9 $F0       CMP #$F0                    A:78 X:03 Y:13 P:04 SP:FD CPU Cycle:423320852
D41D $F0 $09       BEQ $D428 = $2C             A:78 X:03 Y:13 P:84 SP:FD CPU Cycle:423320854
D41F $AD $2C $03   LDA $032C = $00             A:78 X:03 Y:13 P:84 SP:FD CPU Cycle:423320856
D422 $29 $7F       AND #$7F                    A:00 X:03 Y:13 P:06 SP:FD CPU Cycle:423320860
D424 $8D $2C $03   STA $032C = $00             A:00 X:03 Y:13 P:06 SP:FD CPU Cycle:423320862
D427 $60           RTS                         A:00 X:03 Y:13 P:06 SP:FD CPU Cycle:423320866
CF78 $20 $10 $DA JSR $DA10 = $B5               A:00 X:03 Y:13 P:06 SP:FF CPU Cycle:423320872
DA10 $B5 $91       LDA $91,X = $80             A:00 X:03 Y:13 P:06 SP:FD CPU Cycle:423320878
DA12 $29 $7A       AND #$7A                    A:80 X:03 Y:13 P:84 SP:FD CPU Cycle:423320882
DA14 $F0 $3B       BEQ $DA51 = $60             A:00 X:03 Y:13 P:06 SP:FD CPU Cycle:423320884
DA51 $60           RTS                         A:00 X:03 Y:13 P:06 SP:FD CPU Cycle:423320887
CF7B $CA         DEX                           A:00 X:03 Y:13 P:06 SP:FF CPU Cycle:423320893
CF7C $10 $E2     BPL $CF60 = $20               A:00 X:02 Y:13 P:04 SP:FF CPU Cycle:423320895
CF60 $20 $B7 $D6 JSR $D6B7 = $A9               A:00 X:02 Y:13 P:04 SP:FF CPU Cycle:423320898
D6B7 $A9 $00       LDA #$00                    A:00 X:02 Y:13 P:04 SP:FD CPU Cycle:423320904
D6B9 $85 $06       STA $06 = $01               A:00 X:02 Y:13 P:06 SP:FD CPU Cycle:423320906
D6BB $85 $05       STA $05 = $54               A:00 X:02 Y:13 P:06 SP:FD CPU Cycle:423320909
D6BD $A5 $12       LDA $12 = $00               A:00 X:02 Y:13 P:06 SP:FD CPU Cycle:423320912
D6BF $D0 $E2       BNE $D6A3 = $60             A:00 X:02 Y:13 P:06 SP:FD CPU Cycle:423320915
D6C1 $A5 $0D       LDA $0D = $80               A:00 X:02 Y:13 P:06 SP:FD CPU Cycle:423320917
D6C3 $30 $09       BMI $D6CE = $B5             A:80 X:02 Y:13 P:84 SP:FD CPU Cycle:423320920
D6CE $B5 $C6       LDA $C6,X = $10             A:80 X:02 Y:13 P:84 SP:FD CPU Cycle:423320923
D6D0 $30 $06       BMI $D6D8 = $A9             A:10 X:02 Y:13 P:04 SP:FD CPU Cycle:423320927
D6D2 $B5 $9D       LDA $9D,X = $00             A:10 X:02 Y:13 P:04 SP:FD CPU Cycle:423320929
D6D4 $29 $01       AND #$01                    A:00 X:02 Y:13 P:06 SP:FD CPU Cycle:423320933
D6D6 $D0 $3C       BNE $D714 = $B5             A:00 X:02 Y:13 P:06 SP:FD CPU Cycle:423320935
D6D8 $A9 $00       LDA #$00                    A:00 X:02 Y:13 P:06 SP:FD CPU Cycle:423320937
D6DA $85 $02       STA $02 = $AD               A:00 X:02 Y:13 P:06 SP:FD CPU Cycle:423320939
D6DC $B5 $4C       LDA $4C,X = $61             A:00 X:02 Y:13 P:06 SP:FD CPU Cycle:423320942
D6DE $38           SEC                         A:61 X:02 Y:13 P:04 SP:FD CPU Cycle:423320946
D6DF $E9 $18       SBC #$18                    A:61 X:02 Y:13 P:05 SP:FD CPU Cycle:423320948
D6E1 $0A           ASL A                       A:49 X:02 Y:13 P:05 SP:FD CPU Cycle:423320950
D6E2 $26 $02       ROL $02 = $00               A:92 X:02 Y:13 P:84 SP:FD CPU Cycle:423320952
D6E4 $0A           ASL A                       A:92 X:02 Y:13 P:06 SP:FD CPU Cycle:423320957
D6E5 $26 $02       ROL $02 = $00               A:24 X:02 Y:13 P:05 SP:FD CPU Cycle:423320959
D6E7 $29 $E0       AND #$E0                    A:24 X:02 Y:13 P:04 SP:FD CPU Cycle:423320964
D6E9 $85 $01       STA $01 = $F3               A:20 X:02 Y:13 P:04 SP:FD CPU Cycle:423320966
D6EB $B5 $57       LDA $57,X = $D3             A:20 X:02 Y:13 P:04 SP:FD CPU Cycle:423320969
D6ED $18           CLC                         A:D3 X:02 Y:13 P:84 SP:FD CPU Cycle:423320973
D6EE $69 $08       ADC #$08                    A:D3 X:02 Y:13 P:84 SP:FD CPU Cycle:423320975
D6F0 $4A           LSR A                       A:DB X:02 Y:13 P:84 SP:FD CPU Cycle:423320977
D6F1 $4A           LSR A                       A:6D X:02 Y:13 P:05 SP:FD CPU Cycle:423320979
D6F2 $4A           LSR A                       A:36 X:02 Y:13 P:05 SP:FD CPU Cycle:423320981
D6F3 $05 $01       ORA $01 = $20               A:1B X:02 Y:13 P:04 SP:FD CPU Cycle:423320983
D6F5 $85 $01       STA $01 = $20               A:3B X:02 Y:13 P:04 SP:FD CPU Cycle:423320986
D6F7 $A4 $14       LDY $14 = $04               A:3B X:02 Y:13 P:04 SP:FD CPU Cycle:423320989
D6F9 $B9 $61 $E1   LDA $E161,Y = $F3           A:3B X:02 Y:04 P:04 SP:FD CPU Cycle:423320992
D6FC $18           CLC                         A:F3 X:02 Y:04 P:84 SP:FD CPU Cycle:423320996
D6FD $65 $01       ADC $01 = $3B               A:F3 X:02 Y:04 P:84 SP:FD CPU Cycle:423320998
D6FF $85 $01       STA $01 = $3B               A:2E X:02 Y:04 P:05 SP:FD CPU Cycle:423321001
D701 $B9 $68 $E1   LDA $E168,Y = $A7           A:2E X:02 Y:04 P:05 SP:FD CPU Cycle:423321004
D704 $65 $02       ADC $02 = $01               A:A7 X:02 Y:04 P:85 SP:FD CPU Cycle:423321008
D706 $85 $02       STA $02 = $01               A:A9 X:02 Y:04 P:84 SP:FD CPU Cycle:423321011
D708 $A0 $00       LDY #$00                    A:A9 X:02 Y:04 P:84 SP:FD CPU Cycle:423321014
D70A $B1 $01       LDA ($01),Y = $47           A:A9 X:02 Y:00 P:06 SP:FD CPU Cycle:423321016
D70C $85 $1B       STA $1B = $44               A:47 X:02 Y:00 P:04 SP:FD CPU Cycle:423321021
D70E $4A           LSR A                       A:47 X:02 Y:00 P:04 SP:FD CPU Cycle:423321024
D70F $4A           LSR A                       A:23 X:02 Y:00 P:05 SP:FD CPU Cycle:423321026
D710 $29 $FE       AND #$FE                    A:11 X:02 Y:00 P:05 SP:FD CPU Cycle:423321028
D712 $95 $C6       STA $C6,X = $10             A:10 X:02 Y:00 P:05 SP:FD CPU Cycle:423321030
D714 $B5 $91       LDA $91,X = $80             A:10 X:02 Y:00 P:05 SP:FD CPU Cycle:423321034
D716 $10 $03       BPL $D71B = $B5             A:80 X:02 Y:00 P:85 SP:FD CPU Cycle:423321038
D718 $4C $28 $D8   JMP $D828 = $B5             A:80 X:02 Y:00 P:85 SP:FD CPU Cycle:423321040
D828 $B5 $91       LDA $91,X = $80             A:80 X:02 Y:00 P:85 SP:FD CPU Cycle:423321043
D82A $29 $08       AND #$08                    A:80 X:02 Y:00 P:85 SP:FD CPU Cycle:423321047
D82C $F0 $06       BEQ $D834 = $B5             A:00 X:02 Y:00 P:07 SP:FD CPU Cycle:423321049
D834 $B5 $91       LDA $91,X = $80             A:00 X:02 Y:00 P:07 SP:FD CPU Cycle:423321052
D836 $29 $42       AND #$42                    A:80 X:02 Y:00 P:85 SP:FD CPU Cycle:423321056
D838 $F0 $03       BEQ $D83D = $B5             A:00 X:02 Y:00 P:07 SP:FD CPU Cycle:423321058
D83D $B5 $91       LDA $91,X = $80             A:00 X:02 Y:00 P:07 SP:FD CPU Cycle:423321061
D83F $29 $30       AND #$30                    A:80 X:02 Y:00 P:85 SP:FD CPU Cycle:423321065
D841 $D0 $34       BNE $D877 = $B5             A:00 X:02 Y:00 P:07 SP:FD CPU Cycle:423321067
D843 $B5 $C6       LDA $C6,X = $10             A:00 X:02 Y:00 P:07 SP:FD CPU Cycle:423321069
D845 $55 $7C       EOR $7C,X = $10             A:10 X:02 Y:00 P:05 SP:FD CPU Cycle:423321073
D847 $29 $3E       AND #$3E                    A:00 X:02 Y:00 P:07 SP:FD CPU Cycle:423321077
D849 $F0 $2C       BEQ $D877 = $B5             A:00 X:02 Y:00 P:07 SP:FD CPU Cycle:423321079
D877 $B5 $7C       LDA $7C,X = $10             A:00 X:02 Y:00 P:07 SP:FD CPU Cycle:423321082
D879 $29 $3E       AND #$3E                    A:10 X:02 Y:00 P:05 SP:FD CPU Cycle:423321086
D87B $95 $7C       STA $7C,X = $10             A:10 X:02 Y:00 P:05 SP:FD CPU Cycle:423321088
D87D $95 $62       STA $62,X = $10             A:10 X:02 Y:00 P:05 SP:FD CPU Cycle:423321092
D87F $A5 $0F       LDA $0F = $06               A:10 X:02 Y:00 P:05 SP:FD CPU Cycle:423321096
D881 $20 $1C $D9   JSR $D91C = $E0             A:06 X:02 Y:00 P:05 SP:FD CPU Cycle:423321099
D91C $E0 $03         CPX #$03                  A:06 X:02 Y:00 P:05 SP:FB CPU Cycle:423321105
D91E $D0 $19         BNE $D939 = $60           A:06 X:02 Y:00 P:84 SP:FB CPU Cycle:423321107
D939 $60             RTS                       A:06 X:02 Y:00 P:84 SP:FB CPU Cycle:423321110
D884 $29 $FE       AND #$FE                    A:06 X:02 Y:00 P:84 SP:FD CPU Cycle:423321116
D886 $A8           TAY                         A:06 X:02 Y:00 P:04 SP:FD CPU Cycle:423321118
D887 $B9 $B9 $E7   LDA $E7B9,Y = $E9           A:06 X:02 Y:06 P:04 SP:FD CPU Cycle:423321120
D88A $85 $01       STA $01 = $2E               A:E9 X:02 Y:06 P:84 SP:FD CPU Cycle:423321124
D88C $B9 $BA $E7   LDA $E7BA,Y = $E6           A:E9 X:02 Y:06 P:84 SP:FD CPU Cycle:423321127
D88F $85 $02       STA $02 = $A9               A:E6 X:02 Y:06 P:84 SP:FD CPU Cycle:423321131
D891 $A5 $1B       LDA $1B = $47               A:E6 X:02 Y:06 P:84 SP:FD CPU Cycle:423321134
D893 $29 $07       AND #$07                    A:47 X:02 Y:06 P:04 SP:FD CPU Cycle:423321137
D895 $A8           TAY                         A:07 X:02 Y:06 P:04 SP:FD CPU Cycle:423321139
D896 $B9 $44 $E1   LDA $E144,Y = $0F           A:07 X:02 Y:07 P:04 SP:FD CPU Cycle:423321141
D899 $A8           TAY                         A:0F X:02 Y:07 P:04 SP:FD CPU Cycle:423321145
D89A $B1 $01       LDA ($01),Y = $10           A:0F X:02 Y:0F P:04 SP:FD CPU Cycle:423321147
D89C $D5 $74       CMP $74,X = $11             A:10 X:02 Y:0F P:04 SP:FD CPU Cycle:423321152
D89E $90 $57       BCC $D8F7 = $20             A:10 X:02 Y:0F P:84 SP:FD CPU Cycle:423321156
D8F7 $20 $49 $D9   JSR $D949 = $98             A:10 X:02 Y:0F P:84 SP:FD CPU Cycle:423321159
D949 $98             TYA                       A:10 X:02 Y:0F P:84 SP:FB CPU Cycle:423321165
D94A $48             PHA                       A:0F X:02 Y:0F P:04 SP:FB CPU Cycle:423321167
D94B $B5 $74          LDA $74,X = $11          A:0F X:02 Y:0F P:04 SP:FA CPU Cycle:423321170
D94D $F0 $0F          BEQ $D95E = $68          A:11 X:02 Y:0F P:04 SP:FA CPU Cycle:423321174
D94F $A8              TAY                      A:11 X:02 Y:0F P:04 SP:FA CPU Cycle:423321176
D950 $B9 $CD $E5      LDA $E5CD,Y = $B8        A:11 X:02 Y:11 P:04 SP:FA CPU Cycle:423321178
D953 $18              CLC                      A:B8 X:02 Y:11 P:84 SP:FA CPU Cycle:423321182
D954 $75 $78          ADC $78,X = $20          A:B8 X:02 Y:11 P:84 SP:FA CPU Cycle:423321184
D956 $95 $78          STA $78,X = $20          A:D8 X:02 Y:11 P:84 SP:FA CPU Cycle:423321188
D958 $B5 $74          LDA $74,X = $11          A:D8 X:02 Y:11 P:84 SP:FA CPU Cycle:423321192
D95A $69 $FF          ADC #$FF                 A:11 X:02 Y:11 P:04 SP:FA CPU Cycle:423321196
D95C $95 $74          STA $74,X = $11          A:10 X:02 Y:11 P:05 SP:FA CPU Cycle:423321198
D95E $68              PLA                      A:10 X:02 Y:11 P:05 SP:FA CPU Cycle:423321202
D95F $A8             TAY                       A:0F X:02 Y:11 P:05 SP:FB CPU Cycle:423321206
D960 $60             RTS                       A:0F X:02 Y:0F P:05 SP:FB CPU Cycle:423321208
D8FA $4C $DB $D8   JMP $D8DB = $A5             A:0F X:02 Y:0F P:05 SP:FD CPU Cycle:423321214
D8DB $A5 $0E       LDA $0E = $00               A:0F X:02 Y:0F P:05 SP:FD CPU Cycle:423321217
D8DD $0A           ASL A                       A:00 X:02 Y:0F P:07 SP:FD CPU Cycle:423321220
D8DE $A8           TAY                         A:00 X:02 Y:0F P:06 SP:FD CPU Cycle:423321222
D8DF $B9 $6D $E3   LDA $E36D,Y = $6D           A:00 X:02 Y:00 P:06 SP:FD CPU Cycle:423321224
D8E2 $85 $01       STA $01 = $E9               A:6D X:02 Y:00 P:04 SP:FD CPU Cycle:423321228
D8E4 $B9 $6E $E3   LDA $E36E,Y = $E2           A:6D X:02 Y:00 P:04 SP:FD CPU Cycle:423321231
D8E7 $85 $02       STA $02 = $E6               A:E2 X:02 Y:00 P:84 SP:FD CPU Cycle:423321235
D8E9 $B5 $74       LDA $74,X = $10             A:E2 X:02 Y:00 P:84 SP:FD CPU Cycle:423321238
D8EB $0A           ASL A                       A:10 X:02 Y:00 P:04 SP:FD CPU Cycle:423321242
D8EC $A8           TAY                         A:20 X:02 Y:00 P:04 SP:FD CPU Cycle:423321244
D8ED $B1 $01       LDA ($01),Y = $80           A:20 X:02 Y:20 P:04 SP:FD CPU Cycle:423321246
D8EF $85 $05       STA $05 = $00               A:80 X:02 Y:20 P:84 SP:FD CPU Cycle:423321251
D8F1 $C8           INY                         A:80 X:02 Y:20 P:84 SP:FD CPU Cycle:423321254
D8F2 $B1 $01       LDA ($01),Y = $02           A:80 X:02 Y:21 P:04 SP:FD CPU Cycle:423321256
D8F4 $85 $06       STA $06 = $00               A:02 X:02 Y:21 P:04 SP:FD CPU Cycle:423321261
D8F6 $60           RTS                         A:02 X:02 Y:21 P:04 SP:FD CPU Cycle:423321264
CF63 $20 $0A $DD JSR $DD0A = $A4               A:02 X:02 Y:21 P:04 SP:FF CPU Cycle:423321270
DD0A $A4 $A1       LDY $A1 = $30               A:02 X:02 Y:21 P:04 SP:FD CPU Cycle:423321276
DD0C $A5 $A5       LDA $A5 = $00               A:02 X:02 Y:30 P:04 SP:FD CPU Cycle:423321279
DD0E $99 $16 $02   STA $0216,Y = $00           A:00 X:02 Y:30 P:06 SP:FD CPU Cycle:423321282
DD11 $99 $1A $02   STA $021A,Y = $00           A:00 X:02 Y:30 P:06 SP:FD CPU Cycle:423321287
DD14 $99 $1E $02   STA $021E,Y = $00           A:00 X:02 Y:30 P:06 SP:FD CPU Cycle:423321292
DD17 $99 $22 $02   STA $0222,Y = $00           A:00 X:02 Y:30 P:06 SP:FD CPU Cycle:423321297
DD1A $A4 $A2       LDY $A2 = $20               A:00 X:02 Y:30 P:06 SP:FD CPU Cycle:423321302
DD1C $A5 $A6       LDA $A6 = $01               A:00 X:02 Y:20 P:04 SP:FD CPU Cycle:423321305
DD1E $99 $16 $02   STA $0216,Y = $01           A:01 X:02 Y:20 P:04 SP:FD CPU Cycle:423321308
DD21 $99 $1A $02   STA $021A,Y = $01           A:01 X:02 Y:20 P:04 SP:FD CPU Cycle:423321313
DD24 $99 $1E $02   STA $021E,Y = $01           A:01 X:02 Y:20 P:04 SP:FD CPU Cycle:423321318
DD27 $99 $22 $02   STA $0222,Y = $01           A:01 X:02 Y:20 P:04 SP:FD CPU Cycle:423321323
DD2A $A4 $A3       LDY $A3 = $10               A:01 X:02 Y:20 P:04 SP:FD CPU Cycle:423321328
DD2C $A5 $A7       LDA $A7 = $02               A:01 X:02 Y:10 P:04 SP:FD CPU Cycle:423321331
DD2E $99 $16 $02   STA $0216,Y = $02           A:02 X:02 Y:10 P:04 SP:FD CPU Cycle:423321334
DD31 $99 $1A $02   STA $021A,Y = $02           A:02 X:02 Y:10 P:04 SP:FD CPU Cycle:423321339
DD34 $99 $1E $02   STA $021E,Y = $02           A:02 X:02 Y:10 P:04 SP:FD CPU Cycle:423321344
DD37 $99 $22 $02   STA $0222,Y = $02           A:02 X:02 Y:10 P:04 SP:FD CPU Cycle:423321349
DD3A $A4 $A4       LDY $A4 = $00               A:02 X:02 Y:10 P:04 SP:FD CPU Cycle:423321354
DD3C $A5 $A8       LDA $A8 = $03               A:02 X:02 Y:00 P:06 SP:FD CPU Cycle:423321357
DD3E $99 $16 $02   STA $0216,Y = $03           A:03 X:02 Y:00 P:04 SP:FD CPU Cycle:423321360
DD41 $99 $1A $02   STA $021A,Y = $03           A:03 X:02 Y:00 P:04 SP:FD CPU Cycle:423321365
DD44 $99 $1E $02   STA $021E,Y = $03           A:03 X:02 Y:00 P:04 SP:FD CPU Cycle:423321370
DD47 $99 $22 $02   STA $0222,Y = $03           A:03 X:02 Y:00 P:04 SP:FD CPU Cycle:423321375
DD4A $A5 $A9       LDA $A9 = $03               A:03 X:02 Y:00 P:04 SP:FD CPU Cycle:423321380
DD4C $8D $02 $02   STA $0202 = $03             A:03 X:02 Y:00 P:04 SP:FD CPU Cycle:423321383
DD4F $8D $06 $02   STA $0206 = $03             A:03 X:02 Y:00 P:04 SP:FD CPU Cycle:423321387
DD52 $8D $0A $02   STA $020A = $03             A:03 X:02 Y:00 P:04 SP:FD CPU Cycle:423321391
DD55 $8D $0E $02   STA $020E = $03             A:03 X:02 Y:00 P:04 SP:FD CPU Cycle:423321395
DD58 $A5 $AA       LDA $AA = $03               A:03 X:02 Y:00 P:04 SP:FD CPU Cycle:423321399
DD5A $8D $12 $02   STA $0212 = $03             A:03 X:02 Y:00 P:04 SP:FD CPU Cycle:423321402
DD5D $A5 $AB       LDA $AB = $00               A:03 X:02 Y:00 P:04 SP:FD CPU Cycle:423321406
DD5F $8D $6A $02   STA $026A = $00             A:00 X:02 Y:00 P:06 SP:FD CPU Cycle:423321409
DD62 $60           RTS                         A:00 X:02 Y:00 P:06 SP:FD CPU Cycle:423321413
CF66 $20 $63 $DD JSR $DD63 = $A4               A:00 X:02 Y:00 P:06 SP:FF CPU Cycle:423321419
DD63 $A4 $A1       LDY $A1 = $30               A:00 X:02 Y:00 P:06 SP:FD CPU Cycle:423321425
DD65 $A5 $62       LDA $62 = $00               A:00 X:02 Y:30 P:04 SP:FD CPU Cycle:423321428
DD67 $29 $FE       AND #$FE                    A:00 X:02 Y:30 P:06 SP:FD CPU Cycle:423321431
DD69 $0A           ASL A                       A:00 X:02 Y:30 P:06 SP:FD CPU Cycle:423321433
DD6A $99 $15 $02   STA $0215,Y = $00           A:00 X:02 Y:30 P:06 SP:FD CPU Cycle:423321435
DD6D $18           CLC                         A:00 X:02 Y:30 P:06 SP:FD CPU Cycle:423321440
DD6E $69 $01       ADC #$01                    A:00 X:02 Y:30 P:06 SP:FD CPU Cycle:423321442
DD70 $99 $19 $02   STA $0219,Y = $01           A:01 X:02 Y:30 P:04 SP:FD CPU Cycle:423321444
DD73 $18           CLC                         A:01 X:02 Y:30 P:04 SP:FD CPU Cycle:423321449
DD74 $69 $01       ADC #$01                    A:01 X:02 Y:30 P:04 SP:FD CPU Cycle:423321451
DD76 $99 $1D $02   STA $021D,Y = $02           A:02 X:02 Y:30 P:04 SP:FD CPU Cycle:423321453
DD79 $18           CLC                         A:02 X:02 Y:30 P:04 SP:FD CPU Cycle:423321458
DD7A $69 $01       ADC #$01                    A:02 X:02 Y:30 P:04 SP:FD CPU Cycle:423321460
DD7C $99 $21 $02   STA $0221,Y = $03           A:03 X:02 Y:30 P:04 SP:FD CPU Cycle:423321462
DD7F $A5 $4C       LDA $4C = $CE               A:03 X:02 Y:30 P:04 SP:FD CPU Cycle:423321467
DD81 $99 $14 $02   STA $0214,Y = $CE           A:CE X:02 Y:30 P:84 SP:FD CPU Cycle:423321470
DD84 $99 $18 $02   STA $0218,Y = $CE           A:CE X:02 Y:30 P:84 SP:FD CPU Cycle:423321475
DD87 $18           CLC                         A:CE X:02 Y:30 P:84 SP:FD CPU Cycle:423321480
DD88 $69 $08       ADC #$08                    A:CE X:02 Y:30 P:84 SP:FD CPU Cycle:423321482
DD8A $99 $1C $02   STA $021C,Y = $D6           A:D6 X:02 Y:30 P:84 SP:FD CPU Cycle:423321484
DD8D $99 $20 $02   STA $0220,Y = $D6           A:D6 X:02 Y:30 P:84 SP:FD CPU Cycle:423321489
DD90 $A5 $57       LDA $57 = $93               A:D6 X:02 Y:30 P:84 SP:FD CPU Cycle:423321494
DD92 $99 $17 $02   STA $0217,Y = $93           A:93 X:02 Y:30 P:84 SP:FD CPU Cycle:423321497
DD95 $99 $1F $02   STA $021F,Y = $93           A:93 X:02 Y:30 P:84 SP:FD CPU Cycle:423321502
DD98 $18           CLC                         A:93 X:02 Y:30 P:84 SP:FD CPU Cycle:423321507
DD99 $69 $08       ADC #$08                    A:93 X:02 Y:30 P:84 SP:FD CPU Cycle:423321509
DD9B $99 $1B $02   STA $021B,Y = $9B           A:9B X:02 Y:30 P:84 SP:FD CPU Cycle:423321511
DD9E $99 $23 $02   STA $0223,Y = $9B           A:9B X:02 Y:30 P:84 SP:FD CPU Cycle:423321516
DDA1 $A4 $A2       LDY $A2 = $20               A:9B X:02 Y:30 P:84 SP:FD CPU Cycle:423321521
DDA3 $A5 $63       LDA $63 = $20               A:9B X:02 Y:20 P:04 SP:FD CPU Cycle:423321524
DDA5 $29 $FE       AND #$FE                    A:20 X:02 Y:20 P:04 SP:FD CPU Cycle:423321527
DDA7 $0A           ASL A                       A:20 X:02 Y:20 P:04 SP:FD CPU Cycle:423321529
DDA8 $99 $15 $02   STA $0215,Y = $40           A:40 X:02 Y:20 P:04 SP:FD CPU Cycle:423321531
DDAB $18           CLC                         A:40 X:02 Y:20 P:04 SP:FD CPU Cycle:423321536
DDAC $69 $01       ADC #$01                    A:40 X:02 Y:20 P:04 SP:FD CPU Cycle:423321538
DDAE $99 $19 $02   STA $0219,Y = $41           A:41 X:02 Y:20 P:04 SP:FD CPU Cycle:423321540
DDB1 $18           CLC                         A:41 X:02 Y:20 P:04 SP:FD CPU Cycle:423321545
DDB2 $69 $01       ADC #$01                    A:41 X:02 Y:20 P:04 SP:FD CPU Cycle:423321547
DDB4 $99 $1D $02   STA $021D,Y = $42           A:42 X:02 Y:20 P:04 SP:FD CPU Cycle:423321549
DDB7 $18           CLC                         A:42 X:02 Y:20 P:04 SP:FD CPU Cycle:423321554
DDB8 $69 $01       ADC #$01                    A:42 X:02 Y:20 P:04 SP:FD CPU Cycle:423321556
DDBA $99 $21 $02   STA $0221,Y = $43           A:43 X:02 Y:20 P:04 SP:FD CPU Cycle:423321558
DDBD $A5 $4D       LDA $4D = $33               A:43 X:02 Y:20 P:04 SP:FD CPU Cycle:423321563
DDBF $99 $14 $02   STA $0214,Y = $33           A:33 X:02 Y:20 P:04 SP:FD CPU Cycle:423321566
DDC2 $99 $18 $02   STA $0218,Y = $33           A:33 X:02 Y:20 P:04 SP:FD CPU Cycle:423321571
DDC5 $18           CLC                         A:33 X:02 Y:20 P:04 SP:FD CPU Cycle:423321576
DDC6 $69 $08       ADC #$08                    A:33 X:02 Y:20 P:04 SP:FD CPU Cycle:423321578
DDC8 $99 $1C $02   STA $021C,Y = $3B           A:3B X:02 Y:20 P:04 SP:FD CPU Cycle:423321580
DDCB $99 $20 $02   STA $0220,Y = $3B           A:3B X:02 Y:20 P:04 SP:FD CPU Cycle:423321585
DDCE $A5 $58       LDA $58 = $BD               A:3B X:02 Y:20 P:04 SP:FD CPU Cycle:423321590
DDD0 $99 $17 $02   STA $0217,Y = $BD           A:BD X:02 Y:20 P:84 SP:FD CPU Cycle:423321593
DDD3 $99 $1F $02   STA $021F,Y = $BD           A:BD X:02 Y:20 P:84 SP:FD CPU Cycle:423321598
DDD6 $18           CLC                         A:BD X:02 Y:20 P:84 SP:FD CPU Cycle:423321603
DDD7 $69 $08       ADC #$08                    A:BD X:02 Y:20 P:84 SP:FD CPU Cycle:423321605
DDD9 $99 $1B $02   STA $021B,Y = $C5           A:C5 X:02 Y:20 P:84 SP:FD CPU Cycle:423321607
DDDC $99 $23 $02   STA $0223,Y = $C5           A:C5 X:02 Y:20 P:84 SP:FD CPU Cycle:423321612
DDDF $A4 $A3       LDY $A3 = $10               A:C5 X:02 Y:20 P:84 SP:FD CPU Cycle:423321617
DDE1 $A5 $64       LDA $64 = $10               A:C5 X:02 Y:10 P:04 SP:FD CPU Cycle:423321620
DDE3 $29 $FE       AND #$FE                    A:10 X:02 Y:10 P:04 SP:FD CPU Cycle:423321623
DDE5 $0A           ASL A                       A:10 X:02 Y:10 P:04 SP:FD CPU Cycle:423321625
DDE6 $99 $15 $02   STA $0215,Y = $20           A:20 X:02 Y:10 P:04 SP:FD CPU Cycle:423321627
DDE9 $18           CLC                         A:20 X:02 Y:10 P:04 SP:FD CPU Cycle:423321632
DDEA $69 $01       ADC #$01                    A:20 X:02 Y:10 P:04 SP:FD CPU Cycle:423321634
DDEC $99 $19 $02   STA $0219,Y = $21           A:21 X:02 Y:10 P:04 SP:FD CPU Cycle:423321636
DDEF $18           CLC                         A:21 X:02 Y:10 P:04 SP:FD CPU Cycle:423321641
DDF0 $69 $01       ADC #$01                    A:21 X:02 Y:10 P:04 SP:FD CPU Cycle:423321643
DDF2 $99 $1D $02   STA $021D,Y = $22           A:22 X:02 Y:10 P:04 SP:FD CPU Cycle:423321645
DDF5 $18           CLC                         A:22 X:02 Y:10 P:04 SP:FD CPU Cycle:423321650
DDF6 $69 $01       ADC #$01                    A:22 X:02 Y:10 P:04 SP:FD CPU Cycle:423321652
DDF8 $99 $21 $02   STA $0221,Y = $23           A:23 X:02 Y:10 P:04 SP:FD CPU Cycle:423321654
DDFB $A5 $4E       LDA $4E = $61               A:23 X:02 Y:10 P:04 SP:FD CPU Cycle:423321659
DDFD $99 $14 $02   STA $0214,Y = $61           A:61 X:02 Y:10 P:04 SP:FD CPU Cycle:423321662
DE00 $99 $18 $02   STA $0218,Y = $61           A:61 X:02 Y:10 P:04 SP:FD CPU Cycle:423321667
DE03 $18           CLC                         A:61 X:02 Y:10 P:04 SP:FD CPU Cycle:423321672
DE04 $69 $08       ADC #$08                    A:61 X:02 Y:10 P:04 SP:FD CPU Cycle:423321674
DE06 $99 $1C $02   STA $021C,Y = $69           A:69 X:02 Y:10 P:04 SP:FD CPU Cycle:423321676
DE09 $99 $20 $02   STA $0220,Y = $69           A:69 X:02 Y:10 P:04 SP:FD CPU Cycle:423321681
DE0C $A5 $59       LDA $59 = $D3               A:69 X:02 Y:10 P:04 SP:FD CPU Cycle:423321686
DE0E $99 $17 $02   STA $0217,Y = $D3           A:D3 X:02 Y:10 P:84 SP:FD CPU Cycle:423321689
DE11 $99 $1F $02   STA $021F,Y = $D3           A:D3 X:02 Y:10 P:84 SP:FD CPU Cycle:423321694
DE14 $18           CLC                         A:D3 X:02 Y:10 P:84 SP:FD CPU Cycle:423321699
DE15 $69 $08       ADC #$08                    A:D3 X:02 Y:10 P:84 SP:FD CPU Cycle:423321701
DE17 $99 $1B $02   STA $021B,Y = $DB           A:DB X:02 Y:10 P:84 SP:FD CPU Cycle:423321703
DE1A $99 $23 $02   STA $0223,Y = $DB           A:DB X:02 Y:10 P:84 SP:FD CPU Cycle:423321708
DE1D $A4 $A4       LDY $A4 = $00               A:DB X:02 Y:10 P:84 SP:FD CPU Cycle:423321713
DE1F $A5 $65       LDA $65 = $38               A:DB X:02 Y:00 P:06 SP:FD CPU Cycle:423321716
DE21 $29 $FE       AND #$FE                    A:38 X:02 Y:00 P:04 SP:FD CPU Cycle:423321719
DE23 $0A           ASL A                       A:38 X:02 Y:00 P:04 SP:FD CPU Cycle:423321721
DE24 $99 $15 $02   STA $0215,Y = $70           A:70 X:02 Y:00 P:04 SP:FD CPU Cycle:423321723
DE27 $18           CLC                         A:70 X:02 Y:00 P:04 SP:FD CPU Cycle:423321728
DE28 $69 $01       ADC #$01                    A:70 X:02 Y:00 P:04 SP:FD CPU Cycle:423321730
DE2A $99 $19 $02   STA $0219,Y = $71           A:71 X:02 Y:00 P:04 SP:FD CPU Cycle:423321732
DE2D $18           CLC                         A:71 X:02 Y:00 P:04 SP:FD CPU Cycle:423321737
DE2E $69 $01       ADC #$01                    A:71 X:02 Y:00 P:04 SP:FD CPU Cycle:423321739
DE30 $99 $1D $02   STA $021D,Y = $72           A:72 X:02 Y:00 P:04 SP:FD CPU Cycle:423321741
DE33 $18           CLC                         A:72 X:02 Y:00 P:04 SP:FD CPU Cycle:423321746
DE34 $69 $01       ADC #$01                    A:72 X:02 Y:00 P:04 SP:FD CPU Cycle:423321748
DE36 $99 $21 $02   STA $0221,Y = $73           A:73 X:02 Y:00 P:04 SP:FD CPU Cycle:423321750
DE39 $A5 $4F       LDA $4F = $56               A:73 X:02 Y:00 P:04 SP:FD CPU Cycle:423321755
DE3B $99 $14 $02   STA $0214,Y = $55           A:56 X:02 Y:00 P:04 SP:FD CPU Cycle:423321758
DE3E $99 $18 $02   STA $0218,Y = $55           A:56 X:02 Y:00 P:04 SP:FD CPU Cycle:423321763
DE41 $18           CLC                         A:56 X:02 Y:00 P:04 SP:FD CPU Cycle:423321768
DE42 $69 $08       ADC #$08                    A:56 X:02 Y:00 P:04 SP:FD CPU Cycle:423321770
DE44 $99 $1C $02   STA $021C,Y = $5D           A:5E X:02 Y:00 P:04 SP:FD CPU Cycle:423321772
DE47 $99 $20 $02   STA $0220,Y = $5D           A:5E X:02 Y:00 P:04 SP:FD CPU Cycle:423321777
DE4A $A5 $5A       LDA $5A = $96               A:5E X:02 Y:00 P:04 SP:FD CPU Cycle:423321782
DE4C $99 $17 $02   STA $0217,Y = $95           A:96 X:02 Y:00 P:84 SP:FD CPU Cycle:423321785
DE4F $99 $1F $02   STA $021F,Y = $95           A:96 X:02 Y:00 P:84 SP:FD CPU Cycle:423321790
DE52 $18           CLC                         A:96 X:02 Y:00 P:84 SP:FD CPU Cycle:423321795
DE53 $69 $08       ADC #$08                    A:96 X:02 Y:00 P:84 SP:FD CPU Cycle:423321797
DE55 $99 $1B $02   STA $021B,Y = $9D           A:9E X:02 Y:00 P:84 SP:FD CPU Cycle:423321799
DE58 $99 $23 $02   STA $0223,Y = $9D           A:9E X:02 Y:00 P:84 SP:FD CPU Cycle:423321804
DE5B $A5 $51       LDA $51 = $F0               A:9E X:02 Y:00 P:84 SP:FD CPU Cycle:423321809
DE5D $8D $10 $02   STA $0210 = $F0             A:F0 X:02 Y:00 P:84 SP:FD CPU Cycle:423321812
DE60 $A5 $5C       LDA $5C = $00               A:F0 X:02 Y:00 P:84 SP:FD CPU Cycle:423321816
DE62 $8D $13 $02   STA $0213 = $00             A:00 X:02 Y:00 P:06 SP:FD CPU Cycle:423321819
DE65 $A5 $68       LDA $68 = $00               A:00 X:02 Y:00 P:06 SP:FD CPU Cycle:423321823
DE67 $8D $11 $02   STA $0211 = $00             A:00 X:02 Y:00 P:06 SP:FD CPU Cycle:423321826
DE6A $A5 $3E       LDA $3E = $F0               A:00 X:02 Y:00 P:06 SP:FD CPU Cycle:423321830
DE6C $8D $5C $02   STA $025C = $F0             A:F0 X:02 Y:00 P:84 SP:FD CPU Cycle:423321833
DE6F $A5 $41       LDA $41 = $00               A:F0 X:02 Y:00 P:84 SP:FD CPU Cycle:423321837
DE71 $8D $5F $02   STA $025F = $00             A:00 X:02 Y:00 P:06 SP:FD CPU Cycle:423321840
DE74 $A5 $69       LDA $69 = $00               A:00 X:02 Y:00 P:06 SP:FD CPU Cycle:423321844
DE76 $8D $5D $02   STA $025D = $00             A:00 X:02 Y:00 P:06 SP:FD CPU Cycle:423321847
DE79 $A5 $3F       LDA $3F = $F0               A:00 X:02 Y:00 P:06 SP:FD CPU Cycle:423321851
DE7B $8D $60 $02   STA $0260 = $F0             A:F0 X:02 Y:00 P:84 SP:FD CPU Cycle:423321854
DE7E $A5 $42       LDA $42 = $00               A:F0 X:02 Y:00 P:84 SP:FD CPU Cycle:423321858
DE80 $8D $63 $02   STA $0263 = $00             A:00 X:02 Y:00 P:06 SP:FD CPU Cycle:423321861
DE83 $A5 $6A       LDA $6A = $00               A:00 X:02 Y:00 P:06 SP:FD CPU Cycle:423321865
DE85 $8D $61 $02   STA $0261 = $00             A:00 X:02 Y:00 P:06 SP:FD CPU Cycle:423321868
DE88 $A5 $40       LDA $40 = $F0               A:00 X:02 Y:00 P:06 SP:FD CPU Cycle:423321872
DE8A $8D $64 $02   STA $0264 = $F0             A:F0 X:02 Y:00 P:84 SP:FD CPU Cycle:423321875
DE8D $A5 $43       LDA $43 = $00               A:F0 X:02 Y:00 P:84 SP:FD CPU Cycle:423321879
DE8F $8D $67 $02   STA $0267 = $00             A:00 X:02 Y:00 P:06 SP:FD CPU Cycle:423321882
DE92 $A5 $6B       LDA $6B = $00               A:00 X:02 Y:00 P:06 SP:FD CPU Cycle:423321886
DE94 $8D $65 $02   STA $0265 = $00             A:00 X:02 Y:00 P:06 SP:FD CPU Cycle:423321889
DE97 $2C $23 $03   BIT $0323 = $40             A:00 X:02 Y:00 P:06 SP:FD CPU Cycle:423321893
DE9A $30 $41       BMI $DEDD = $A5             A:00 X:02 Y:00 P:46 SP:FD CPU Cycle:423321897
DE9C $AD $19 $03   LDA $0319 = $03             A:00 X:02 Y:00 P:46 SP:FD CPU Cycle:423321899
DE9F $F0 $3C       BEQ $DEDD = $A5             A:03 X:02 Y:00 P:44 SP:FD CPU Cycle:423321903
DEA1 $A5 $50       LDA $50 = $65               A:03 X:02 Y:00 P:44 SP:FD CPU Cycle:423321905
DEA3 $8D $00 $02   STA $0200 = $65             A:65 X:02 Y:00 P:44 SP:FD CPU Cycle:423321908
DEA6 $8D $04 $02   STA $0204 = $65             A:65 X:02 Y:00 P:44 SP:FD CPU Cycle:423321912
DEA9 $18           CLC                         A:65 X:02 Y:00 P:44 SP:FD CPU Cycle:423321916
DEAA $69 $08       ADC #$08                    A:65 X:02 Y:00 P:44 SP:FD CPU Cycle:423321918
DEAC $8D $08 $02   STA $0208 = $6D             A:6D X:02 Y:00 P:04 SP:FD CPU Cycle:423321920
DEAF $8D $0C $02   STA $020C = $6D             A:6D X:02 Y:00 P:04 SP:FD CPU Cycle:423321924
DEB2 $A5 $5B       LDA $5B = $2C               A:6D X:02 Y:00 P:04 SP:FD CPU Cycle:423321928
DEB4 $8D $03 $02   STA $0203 = $2C             A:2C X:02 Y:00 P:04 SP:FD CPU Cycle:423321931
DEB7 $8D $0B $02   STA $020B = $2C             A:2C X:02 Y:00 P:04 SP:FD CPU Cycle:423321935
DEBA $18           CLC                         A:2C X:02 Y:00 P:04 SP:FD CPU Cycle:423321939
DEBB $69 $08       ADC #$08                    A:2C X:02 Y:00 P:04 SP:FD CPU Cycle:423321941
DEBD $8D $07 $02   STA $0207 = $34             A:34 X:02 Y:00 P:04 SP:FD CPU Cycle:423321943
DEC0 $8D $0F $02   STA $020F = $34             A:34 X:02 Y:00 P:04 SP:FD CPU Cycle:423321947
DEC3 $A5 $66       LDA $66 = $40               A:34 X:02 Y:00 P:04 SP:FD CPU Cycle:423321951
DEC5 $29 $FE       AND #$FE                    A:40 X:02 Y:00 P:04 SP:FD CPU Cycle:423321954
DEC7 $0A           ASL A                       A:40 X:02 Y:00 P:04 SP:FD CPU Cycle:423321956
DEC8 $8D $01 $02   STA $0201 = $80             A:80 X:02 Y:00 P:84 SP:FD CPU Cycle:423321958
DECB $18           CLC                         A:80 X:02 Y:00 P:84 SP:FD CPU Cycle:423321962
DECC $69 $01       ADC #$01                    A:80 X:02 Y:00 P:84 SP:FD CPU Cycle:423321964
DECE $8D $05 $02   STA $0205 = $81             A:81 X:02 Y:00 P:84 SP:FD CPU Cycle:423321966
DED1 $18           CLC                         A:81 X:02 Y:00 P:84 SP:FD CPU Cycle:423321970
DED2 $69 $01       ADC #$01                    A:81 X:02 Y:00 P:84 SP:FD CPU Cycle:423321972
DED4 $8D $09 $02   STA $0209 = $82             A:82 X:02 Y:00 P:84 SP:FD CPU Cycle:423321974
DED7 $18           CLC                         A:82 X:02 Y:00 P:84 SP:FD CPU Cycle:423321978
DED8 $69 $01       ADC #$01                    A:82 X:02 Y:00 P:84 SP:FD CPU Cycle:423321980
DEDA $8D $0D $02   STA $020D = $83             A:83 X:02 Y:00 P:84 SP:FD CPU Cycle:423321982
DEDD $A5 $36       LDA $36 = $6C               A:83 X:02 Y:00 P:84 SP:FD CPU Cycle:423321986
DEDF $8D $68 $02   STA $0268 = $6C             A:6C X:02 Y:00 P:04 SP:FD CPU Cycle:423321989
DEE2 $A5 $37       LDA $37 = $55               A:6C X:02 Y:00 P:04 SP:FD CPU Cycle:423321993
DEE4 $8D $6B $02   STA $026B = $55             A:55 X:02 Y:00 P:04 SP:FD CPU Cycle:423321996
DEE7 $A9 $B7       LDA #$B7                    A:55 X:02 Y:00 P:04 SP:FD CPU Cycle:423322000
DEE9 $8D $69 $02   STA $0269 = $B7             A:B7 X:02 Y:00 P:84 SP:FD CPU Cycle:423322002
DEEC $A5 $38       LDA $38 = $7D               A:B7 X:02 Y:00 P:84 SP:FD CPU Cycle:423322006
DEEE $8D $6C $02   STA $026C = $7D             A:7D X:02 Y:00 P:04 SP:FD CPU Cycle:423322009
DEF1 $A5 $39       LDA $39 = $E4               A:7D X:02 Y:00 P:04 SP:FD CPU Cycle:423322013
DEF3 $8D $6F $02   STA $026F = $E4             A:E4 X:02 Y:00 P:84 SP:FD CPU Cycle:423322016
DEF6 $A5 $2B       LDA $2B = $BC               A:E4 X:02 Y:00 P:84 SP:FD CPU Cycle:423322020
DEF8 $8D $6D $02   STA $026D = $BC             A:BC X:02 Y:00 P:84 SP:FD CPU Cycle:423322023
DEFB $A5 $3A       LDA $3A = $AB               A:BC X:02 Y:00 P:84 SP:FD CPU Cycle:423322027
DEFD $8D $54 $02   STA $0254 = $AB             A:AB X:02 Y:00 P:84 SP:FD CPU Cycle:423322030
DF00 $A5 $3B       LDA $3B = $1F               A:AB X:02 Y:00 P:84 SP:FD CPU Cycle:423322034
DF02 $8D $57 $02   STA $0257 = $1F             A:1F X:02 Y:00 P:04 SP:FD CPU Cycle:423322037
DF05 $A5 $2C       LDA $2C = $BF               A:1F X:02 Y:00 P:04 SP:FD CPU Cycle:423322041
DF07 $8D $55 $02   STA $0255 = $BF             A:BF X:02 Y:00 P:84 SP:FD CPU Cycle:423322044
DF0A $A5 $3C       LDA $3C = $AB               A:BF X:02 Y:00 P:84 SP:FD CPU Cycle:423322048
DF0C $8D $58 $02   STA $0258 = $AB             A:AB X:02 Y:00 P:84 SP:FD CPU Cycle:423322051
DF0F $A5 $3D       LDA $3D = $27               A:AB X:02 Y:00 P:84 SP:FD CPU Cycle:423322055
DF11 $8D $5B $02   STA $025B = $27             A:27 X:02 Y:00 P:04 SP:FD CPU Cycle:423322058
DF14 $A5 $2D       LDA $2D = $C0               A:27 X:02 Y:00 P:04 SP:FD CPU Cycle:423322062
DF16 $8D $59 $02   STA $0259 = $C0             A:C0 X:02 Y:00 P:84 SP:FD CPU Cycle:423322065
DF19 $A9 $0F       LDA #$0F                    A:C0 X:02 Y:00 P:84 SP:FD CPU Cycle:423322069
DF1B $24 $2A       BIT $2A = $00               A:0F X:02 Y:00 P:04 SP:FD CPU Cycle:423322071
DF1D $70 $06       BVS $DF25 = $8D             A:0F X:02 Y:00 P:06 SP:FD CPU Cycle:423322074
DF1F $24 $92       BIT $92 = $80               A:0F X:02 Y:00 P:06 SP:FD CPU Cycle:423322076
DF21 $10 $02       BPL $DF25 = $8D             A:0F X:02 Y:00 P:86 SP:FD CPU Cycle:423322079
DF23 $A9 $17       LDA #$17                    A:0F X:02 Y:00 P:86 SP:FD CPU Cycle:423322081
DF25 $8D $70 $02   STA $0270 = $17             A:17 X:02 Y:00 P:04 SP:FD CPU Cycle:423322083
DF28 $8D $74 $02   STA $0274 = $17             A:17 X:02 Y:00 P:04 SP:FD CPU Cycle:423322087
DF2B $A9 $17       LDA #$17                    A:17 X:02 Y:00 P:04 SP:FD CPU Cycle:423322091
DF2D $8D $78 $02   STA $0278 = $17             A:17 X:02 Y:00 P:04 SP:FD CPU Cycle:423322093
DF30 $8D $7C $02   STA $027C = $17             A:17 X:02 Y:00 P:04 SP:FD CPU Cycle:423322097
DF33 $A9 $11       LDA #$11                    A:17 X:02 Y:00 P:04 SP:FD CPU Cycle:423322101
DF35 $8D $73 $02   STA $0273 = $11             A:11 X:02 Y:00 P:04 SP:FD CPU Cycle:423322103
DF38 $8D $7B $02   STA $027B = $11             A:11 X:02 Y:00 P:04 SP:FD CPU Cycle:423322107
DF3B $18           CLC                         A:11 X:02 Y:00 P:04 SP:FD CPU Cycle:423322111
DF3C $69 $08       ADC #$08                    A:11 X:02 Y:00 P:04 SP:FD CPU Cycle:423322113
DF3E $8D $77 $02   STA $0277 = $19             A:19 X:02 Y:00 P:04 SP:FD CPU Cycle:423322115
DF41 $8D $7F $02   STA $027F = $19             A:19 X:02 Y:00 P:04 SP:FD CPU Cycle:423322119
DF44 $60           RTS                         A:19 X:02 Y:00 P:04 SP:FD CPU Cycle:423322123
CF69 $20 $2F $F7 JSR $F72F = $A9               A:19 X:02 Y:00 P:04 SP:FF CPU Cycle:423322129
F72F $A9 $00       LDA #$00                    A:19 X:02 Y:00 P:04 SP:FD CPU Cycle:423322135
F731 $85 $1E       STA $1E = $40               A:00 X:02 Y:00 P:06 SP:FD CPU Cycle:423322137
F733 $A9 $30       LDA #$30                    A:00 X:02 Y:00 P:06 SP:FD CPU Cycle:423322140
F735 $85 $1F       STA $1F = $30               A:30 X:02 Y:00 P:04 SP:FD CPU Cycle:423322142
F737 $A0 $03       LDY #$03                    A:30 X:02 Y:00 P:04 SP:FD CPU Cycle:423322145
F739 $B9 $9D $00   LDA $009D,Y = $00           A:30 X:02 Y:03 P:04 SP:FD CPU Cycle:423322147
F73C $29 $01       AND #$01                    A:00 X:02 Y:03 P:06 SP:FD CPU Cycle:423322151
F73E $D0 $0D       BNE $F74D = $A5             A:00 X:02 Y:03 P:06 SP:FD CPU Cycle:423322153
F740 $A5 $1E       LDA $1E = $00               A:00 X:02 Y:03 P:06 SP:FD CPU Cycle:423322155
F742 $99 $A1 $00   STA $00A1,Y = $00           A:00 X:02 Y:03 P:06 SP:FD CPU Cycle:423322158
F745 $18           CLC                         A:00 X:02 Y:03 P:06 SP:FD CPU Cycle:423322163
F746 $69 $10       ADC #$10                    A:00 X:02 Y:03 P:06 SP:FD CPU Cycle:423322165
F748 $85 $1E       STA $1E = $00               A:10 X:02 Y:03 P:04 SP:FD CPU Cycle:423322167
F74A $4C $57 $F7   JMP $F757 = $88             A:10 X:02 Y:03 P:04 SP:FD CPU Cycle:423322170
F757 $88           DEY                         A:10 X:02 Y:03 P:04 SP:FD CPU Cycle:423322173
F758 $10 $DF       BPL $F739 = $B9             A:10 X:02 Y:02 P:04 SP:FD CPU Cycle:423322175
F739 $B9 $9D $00   LDA $009D,Y = $00           A:10 X:02 Y:02 P:04 SP:FD CPU Cycle:423322178
F73C $29 $01       AND #$01                    A:00 X:02 Y:02 P:06 SP:FD CPU Cycle:423322182
F73E $D0 $0D       BNE $F74D = $A5             A:00 X:02 Y:02 P:06 SP:FD CPU Cycle:423322184
F740 $A5 $1E       LDA $1E = $10               A:00 X:02 Y:02 P:06 SP:FD CPU Cycle:423322186
F742 $99 $A1 $00   STA $00A1,Y = $10           A:10 X:02 Y:02 P:04 SP:FD CPU Cycle:423322189
F745 $18           CLC                         A:10 X:02 Y:02 P:04 SP:FD CPU Cycle:423322194
F746 $69 $10       ADC #$10                    A:10 X:02 Y:02 P:04 SP:FD CPU Cycle:423322196
F748 $85 $1E       STA $1E = $10               A:20 X:02 Y:02 P:04 SP:FD CPU Cycle:423322198
F74A $4C $57 $F7   JMP $F757 = $88             A:20 X:02 Y:02 P:04 SP:FD CPU Cycle:423322201
F757 $88           DEY                         A:20 X:02 Y:02 P:04 SP:FD CPU Cycle:423322204
F758 $10 $DF       BPL $F739 = $B9             A:20 X:02 Y:01 P:04 SP:FD CPU Cycle:423322206
F739 $B9 $9D $00   LDA $009D,Y = $00           A:20 X:02 Y:01 P:04 SP:FD CPU Cycle:423322209
F73C $29 $01       AND #$01                    A:00 X:02 Y:01 P:06 SP:FD CPU Cycle:423322213
F73E $D0 $0D       BNE $F74D = $A5             A:00 X:02 Y:01 P:06 SP:FD CPU Cycle:423322215
F740 $A5 $1E       LDA $1E = $20               A:00 X:02 Y:01 P:06 SP:FD CPU Cycle:423322217
F742 $99 $A1 $00   STA $00A1,Y = $20           A:20 X:02 Y:01 P:04 SP:FD CPU Cycle:423322220
F745 $18           CLC                         A:20 X:02 Y:01 P:04 SP:FD CPU Cycle:423322225
F746 $69 $10       ADC #$10                    A:20 X:02 Y:01 P:04 SP:FD CPU Cycle:423322227
F748 $85 $1E       STA $1E = $20               A:30 X:02 Y:01 P:04 SP:FD CPU Cycle:423322229
F74A $4C $57 $F7   JMP $F757 = $88             A:30 X:02 Y:01 P:04 SP:FD CPU Cycle:423322232
F757 $88           DEY                         A:30 X:02 Y:01 P:04 SP:FD CPU Cycle:423322235
F758 $10 $DF       BPL $F739 = $B9             A:30 X:02 Y:00 P:06 SP:FD CPU Cycle:423322237
F739 $B9 $9D $00   LDA $009D,Y = $00           A:30 X:02 Y:00 P:06 SP:FD CPU Cycle:423322240
F73C $29 $01       AND #$01                    A:00 X:02 Y:00 P:06 SP:FD CPU Cycle:423322244
F73E $D0 $0D       BNE $F74D = $A5             A:00 X:02 Y:00 P:06 SP:FD CPU Cycle:423322246
F740 $A5 $1E       LDA $1E = $30               A:00 X:02 Y:00 P:06 SP:FD CPU Cycle:423322248
F742 $99 $A1 $00   STA $00A1,Y = $30           A:30 X:02 Y:00 P:04 SP:FD CPU Cycle:423322251
F745 $18           CLC                         A:30 X:02 Y:00 P:04 SP:FD CPU Cycle:423322256
F746 $69 $10       ADC #$10                    A:30 X:02 Y:00 P:04 SP:FD CPU Cycle:423322258
F748 $85 $1E       STA $1E = $30               A:40 X:02 Y:00 P:04 SP:FD CPU Cycle:423322260
F74A $4C $57 $F7   JMP $F757 = $88             A:40 X:02 Y:00 P:04 SP:FD CPU Cycle:423322263
F757 $88           DEY                         A:40 X:02 Y:00 P:04 SP:FD CPU Cycle:423322266
F758 $10 $DF       BPL $F739 = $B9             A:40 X:02 Y:FF P:84 SP:FD CPU Cycle:423322268
F75A $60           RTS                         A:40 X:02 Y:FF P:84 SP:FD CPU Cycle:423322270
CF6C $20 $61 $D9 JSR $D961 = $46               A:40 X:02 Y:FF P:84 SP:FF CPU Cycle:423322276
D961 $46 $06       LSR $06 = $02               A:40 X:02 Y:FF P:84 SP:FD CPU Cycle:423322282
D963 $66 $05       ROR $05 = $80               A:40 X:02 Y:FF P:04 SP:FD CPU Cycle:423322287
D965 $B5 $7C       LDA $7C,X = $10             A:40 X:02 Y:FF P:04 SP:FD CPU Cycle:423322292
D967 $4A           LSR A                       A:10 X:02 Y:FF P:04 SP:FD CPU Cycle:423322296
D968 $29 $1F       AND #$1F                    A:08 X:02 Y:FF P:04 SP:FD CPU Cycle:423322298
D96A $8D $5C $03   STA $035C = $1C             A:08 X:02 Y:FF P:04 SP:FD CPU Cycle:423322300
D96D $A8           TAY                         A:08 X:02 Y:FF P:04 SP:FD CPU Cycle:423322304
D96E $B9 $19 $E2   LDA $E219,Y = $00           A:08 X:02 Y:08 P:04 SP:FD CPU Cycle:423322306
D971 $85 $08       STA $08 = $F0               A:00 X:02 Y:08 P:06 SP:FD CPU Cycle:423322310
D973 $A5 $05       LDA $05 = $40               A:00 X:02 Y:08 P:06 SP:FD CPU Cycle:423322313
D975 $85 $07       STA $07 = $00               A:40 X:02 Y:08 P:04 SP:FD CPU Cycle:423322316
D977 $20 $A5 $DC   JSR $DCA5 = $A9             A:40 X:02 Y:08 P:04 SP:FD CPU Cycle:423322319
DCA5 $A9 $00         LDA #$00                  A:40 X:02 Y:08 P:04 SP:FB CPU Cycle:423322325
DCA7 $0A             ASL A                     A:00 X:02 Y:08 P:06 SP:FB CPU Cycle:423322327
DCA8 $26 $07         ROL $07 = $40             A:00 X:02 Y:08 P:06 SP:FB CPU Cycle:423322329
DCAA $90 $07         BCC $DCB3 = $0A           A:00 X:02 Y:08 P:84 SP:FB CPU Cycle:423322334
DCB3 $0A             ASL A                     A:00 X:02 Y:08 P:84 SP:FB CPU Cycle:423322337
DCB4 $26 $07         ROL $07 = $80             A:00 X:02 Y:08 P:06 SP:FB CPU Cycle:423322339
DCB6 $90 $07         BCC $DCBF = $0A           A:00 X:02 Y:08 P:07 SP:FB CPU Cycle:423322344
DCB8 $18             CLC                       A:00 X:02 Y:08 P:07 SP:FB CPU Cycle:423322346
DCB9 $65 $08         ADC $08 = $00             A:00 X:02 Y:08 P:06 SP:FB CPU Cycle:423322348
DCBB $90 $02         BCC $DCBF = $0A           A:00 X:02 Y:08 P:06 SP:FB CPU Cycle:423322351
DCBF $0A             ASL A                     A:00 X:02 Y:08 P:06 SP:FB CPU Cycle:423322354
DCC0 $26 $07         ROL $07 = $00             A:00 X:02 Y:08 P:06 SP:FB CPU Cycle:423322356
DCC2 $90 $07         BCC $DCCB = $0A           A:00 X:02 Y:08 P:06 SP:FB CPU Cycle:423322361
DCCB $0A             ASL A                     A:00 X:02 Y:08 P:06 SP:FB CPU Cycle:423322364
DCCC $26 $07         ROL $07 = $00             A:00 X:02 Y:08 P:06 SP:FB CPU Cycle:423322366
DCCE $90 $07         BCC $DCD7 = $0A           A:00 X:02 Y:08 P:06 SP:FB CPU Cycle:423322371
DCD7 $0A             ASL A                     A:00 X:02 Y:08 P:06 SP:FB CPU Cycle:423322374
DCD8 $26 $07         ROL $07 = $00             A:00 X:02 Y:08 P:06 SP:FB CPU Cycle:423322376
DCDA $90 $07         BCC $DCE3 = $0A           A:00 X:02 Y:08 P:06 SP:FB CPU Cycle:423322381
DCE3 $0A             ASL A                     A:00 X:02 Y:08 P:06 SP:FB CPU Cycle:423322384
DCE4 $26 $07         ROL $07 = $00             A:00 X:02 Y:08 P:06 SP:FB CPU Cycle:423322386
DCE6 $90 $07         BCC $DCEF = $0A           A:00 X:02 Y:08 P:06 SP:FB CPU Cycle:423322391
DCEF $0A             ASL A                     A:00 X:02 Y:08 P:06 SP:FB CPU Cycle:423322394
DCF0 $26 $07         ROL $07 = $00             A:00 X:02 Y:08 P:06 SP:FB CPU Cycle:423322396
DCF2 $90 $07         BCC $DCFB = $0A           A:00 X:02 Y:08 P:06 SP:FB CPU Cycle:423322401
DCFB $0A             ASL A                     A:00 X:02 Y:08 P:06 SP:FB CPU Cycle:423322404
DCFC $26 $07         ROL $07 = $00             A:00 X:02 Y:08 P:06 SP:FB CPU Cycle:423322406
DCFE $90 $07         BCC $DD07 = $85           A:00 X:02 Y:08 P:06 SP:FB CPU Cycle:423322411
DD07 $85 $08         STA $08 = $00             A:00 X:02 Y:08 P:06 SP:FB CPU Cycle:423322414
DD09 $60             RTS                       A:00 X:02 Y:08 P:06 SP:FB CPU Cycle:423322417
D97A $A5 $07       LDA $07 = $00               A:00 X:02 Y:08 P:06 SP:FD CPU Cycle:423322423
D97C $85 $1B       STA $1B = $47               A:00 X:02 Y:08 P:06 SP:FD CPU Cycle:423322426
D97E $AC $5C $03   LDY $035C = $08             A:00 X:02 Y:08 P:06 SP:FD CPU Cycle:423322429
D981 $B9 $19 $E2   LDA $E219,Y = $00           A:00 X:02 Y:08 P:04 SP:FD CPU Cycle:423322433
D984 $85 $08       STA $08 = $00               A:00 X:02 Y:08 P:06 SP:FD CPU Cycle:423322437
D986 $A5 $06       LDA $06 = $01               A:00 X:02 Y:08 P:06 SP:FD CPU Cycle:423322440
D988 $85 $07       STA $07 = $00               A:01 X:02 Y:08 P:04 SP:FD CPU Cycle:423322443
D98A $20 $A5 $DC   JSR $DCA5 = $A9             A:01 X:02 Y:08 P:04 SP:FD CPU Cycle:423322446
DCA5 $A9 $00         LDA #$00                  A:01 X:02 Y:08 P:04 SP:FB CPU Cycle:423322452
DCA7 $0A             ASL A                     A:00 X:02 Y:08 P:06 SP:FB CPU Cycle:423322454
DCA8 $26 $07         ROL $07 = $01             A:00 X:02 Y:08 P:06 SP:FB CPU Cycle:423322456
DCAA $90 $07         BCC $DCB3 = $0A           A:00 X:02 Y:08 P:04 SP:FB CPU Cycle:423322461
DCB3 $0A             ASL A                     A:00 X:02 Y:08 P:04 SP:FB CPU Cycle:423322464
DCB4 $26 $07         ROL $07 = $02             A:00 X:02 Y:08 P:06 SP:FB CPU Cycle:423322466
DCB6 $90 $07         BCC $DCBF = $0A           A:00 X:02 Y:08 P:04 SP:FB CPU Cycle:423322471
DCBF $0A             ASL A                     A:00 X:02 Y:08 P:04 SP:FB CPU Cycle:423322474
DCC0 $26 $07         ROL $07 = $04             A:00 X:02 Y:08 P:06 SP:FB CPU Cycle:423322476
DCC2 $90 $07         BCC $DCCB = $0A           A:00 X:02 Y:08 P:04 SP:FB CPU Cycle:423322481
DCCB $0A             ASL A                     A:00 X:02 Y:08 P:04 SP:FB CPU Cycle:423322484
DCCC $26 $07         ROL $07 = $08             A:00 X:02 Y:08 P:06 SP:FB CPU Cycle:423322486
DCCE $90 $07         BCC $DCD7 = $0A           A:00 X:02 Y:08 P:04 SP:FB CPU Cycle:423322491
DCD7 $0A             ASL A                     A:00 X:02 Y:08 P:04 SP:FB CPU Cycle:423322494
DCD8 $26 $07         ROL $07 = $10             A:00 X:02 Y:08 P:06 SP:FB CPU Cycle:423322496
DCDA $90 $07         BCC $DCE3 = $0A           A:00 X:02 Y:08 P:04 SP:FB CPU Cycle:423322501
DCE3 $0A             ASL A                     A:00 X:02 Y:08 P:04 SP:FB CPU Cycle:423322504
DCE4 $26 $07         ROL $07 = $20             A:00 X:02 Y:08 P:06 SP:FB CPU Cycle:423322506
DCE6 $90 $07         BCC $DCEF = $0A           A:00 X:02 Y:08 P:04 SP:FB CPU Cycle:423322511
DCEF $0A             ASL A                     A:00 X:02 Y:08 P:04 SP:FB CPU Cycle:423322514
DCF0 $26 $07         ROL $07 = $40             A:00 X:02 Y:08 P:06 SP:FB CPU Cycle:423322516
DCF2 $90 $07         BCC $DCFB = $0A           A:00 X:02 Y:08 P:84 SP:FB CPU Cycle:423322521
DCFB $0A             ASL A                     A:00 X:02 Y:08 P:84 SP:FB CPU Cycle:423322524
DCFC $26 $07         ROL $07 = $80             A:00 X:02 Y:08 P:06 SP:FB CPU Cycle:423322526
DCFE $90 $07         BCC $DD07 = $85           A:00 X:02 Y:08 P:07 SP:FB CPU Cycle:423322531
DD00 $18             CLC                       A:00 X:02 Y:08 P:07 SP:FB CPU Cycle:423322533
DD01 $65 $08         ADC $08 = $00             A:00 X:02 Y:08 P:06 SP:FB CPU Cycle:423322535
DD03 $90 $02         BCC $DD07 = $85           A:00 X:02 Y:08 P:06 SP:FB CPU Cycle:423322538
DD07 $85 $08         STA $08 = $00             A:00 X:02 Y:08 P:06 SP:FB CPU Cycle:423322541
DD09 $60             RTS                       A:00 X:02 Y:08 P:06 SP:FB CPU Cycle:423322544
D98D $A5 $1B       LDA $1B = $00               A:00 X:02 Y:08 P:06 SP:FD CPU Cycle:423322550
D98F $18           CLC                         A:00 X:02 Y:08 P:06 SP:FD CPU Cycle:423322553
D990 $65 $08       ADC $08 = $00               A:00 X:02 Y:08 P:06 SP:FD CPU Cycle:423322555
D992 $85 $08       STA $08 = $00               A:00 X:02 Y:08 P:06 SP:FD CPU Cycle:423322558
D994 $90 $02       BCC $D998 = $AD             A:00 X:02 Y:08 P:06 SP:FD CPU Cycle:423322561
D998 $AD $5C $03   LDA $035C = $08             A:00 X:02 Y:08 P:06 SP:FD CPU Cycle:423322564
D99B $C9 $08       CMP #$08                    A:08 X:02 Y:08 P:04 SP:FD CPU Cycle:423322568
D99D $90 $04       BCC $D9A3 = $B5             A:08 X:02 Y:08 P:07 SP:FD CPU Cycle:423322570
D99F $C9 $18       CMP #$18                    A:08 X:02 Y:08 P:07 SP:FD CPU Cycle:423322572
D9A1 $90 $10       BCC $D9B3 = $B5             A:08 X:02 Y:08 P:84 SP:FD CPU Cycle:423322574
D9B3 $B5 $5D       LDA $5D,X = $06             A:08 X:02 Y:08 P:84 SP:FD CPU Cycle:423322577
D9B5 $38           SEC                         A:06 X:02 Y:08 P:04 SP:FD CPU Cycle:423322581
D9B6 $E5 $08       SBC $08 = $00               A:06 X:02 Y:08 P:05 SP:FD CPU Cycle:423322583
D9B8 $95 $5D       STA $5D,X = $06             A:06 X:02 Y:08 P:05 SP:FD CPU Cycle:423322586
D9BA $B5 $57       LDA $57,X = $D3             A:06 X:02 Y:08 P:05 SP:FD CPU Cycle:423322590
D9BC $E5 $07       SBC $07 = $00               A:D3 X:02 Y:08 P:85 SP:FD CPU Cycle:423322594
D9BE $95 $57       STA $57,X = $D3             A:D3 X:02 Y:08 P:85 SP:FD CPU Cycle:423322597
D9C0 $AC $5C $03   LDY $035C = $08             A:D3 X:02 Y:08 P:85 SP:FD CPU Cycle:423322601
D9C3 $B9 $11 $E2   LDA $E211,Y = $FF           A:D3 X:02 Y:08 P:05 SP:FD CPU Cycle:423322605
D9C6 $85 $08       STA $08 = $00               A:FF X:02 Y:08 P:85 SP:FD CPU Cycle:423322609
D9C8 $A5 $05       LDA $05 = $40               A:FF X:02 Y:08 P:85 SP:FD CPU Cycle:423322612
D9CA $85 $07       STA $07 = $00               A:40 X:02 Y:08 P:05 SP:FD CPU Cycle:423322615
D9CC $20 $A5 $DC   JSR $DCA5 = $A9             A:40 X:02 Y:08 P:05 SP:FD CPU Cycle:423322618
DCA5 $A9 $00         LDA #$00                  A:40 X:02 Y:08 P:05 SP:FB CPU Cycle:423322624
DCA7 $0A             ASL A                     A:00 X:02 Y:08 P:07 SP:FB CPU Cycle:423322626
DCA8 $26 $07         ROL $07 = $40             A:00 X:02 Y:08 P:06 SP:FB CPU Cycle:423322628
DCAA $90 $07         BCC $DCB3 = $0A           A:00 X:02 Y:08 P:84 SP:FB CPU Cycle:423322633
DCB3 $0A             ASL A                     A:00 X:02 Y:08 P:84 SP:FB CPU Cycle:423322636
DCB4 $26 $07         ROL $07 = $80             A:00 X:02 Y:08 P:06 SP:FB CPU Cycle:423322638
DCB6 $90 $07         BCC $DCBF = $0A           A:00 X:02 Y:08 P:07 SP:FB CPU Cycle:423322643
DCB8 $18             CLC                       A:00 X:02 Y:08 P:07 SP:FB CPU Cycle:423322645
DCB9 $65 $08         ADC $08 = $FF             A:00 X:02 Y:08 P:06 SP:FB CPU Cycle:423322647
DCBB $90 $02         BCC $DCBF = $0A           A:FF X:02 Y:08 P:84 SP:FB CPU Cycle:423322650
DCBF $0A             ASL A                     A:FF X:02 Y:08 P:84 SP:FB CPU Cycle:423322653
DCC0 $26 $07         ROL $07 = $00             A:FE X:02 Y:08 P:85 SP:FB CPU Cycle:423322655
DCC2 $90 $07         BCC $DCCB = $0A           A:FE X:02 Y:08 P:04 SP:FB CPU Cycle:423322660
DCCB $0A             ASL A                     A:FE X:02 Y:08 P:04 SP:FB CPU Cycle:423322663
DCCC $26 $07         ROL $07 = $01             A:FC X:02 Y:08 P:85 SP:FB CPU Cycle:423322665
DCCE $90 $07         BCC $DCD7 = $0A           A:FC X:02 Y:08 P:04 SP:FB CPU Cycle:423322670
DCD7 $0A             ASL A                     A:FC X:02 Y:08 P:04 SP:FB CPU Cycle:423322673
DCD8 $26 $07         ROL $07 = $03             A:F8 X:02 Y:08 P:85 SP:FB CPU Cycle:423322675
DCDA $90 $07         BCC $DCE3 = $0A           A:F8 X:02 Y:08 P:04 SP:FB CPU Cycle:423322680
DCE3 $0A             ASL A                     A:F8 X:02 Y:08 P:04 SP:FB CPU Cycle:423322683
DCE4 $26 $07         ROL $07 = $07             A:F0 X:02 Y:08 P:85 SP:FB CPU Cycle:423322685
DCE6 $90 $07         BCC $DCEF = $0A           A:F0 X:02 Y:08 P:04 SP:FB CPU Cycle:423322690
DCEF $0A             ASL A                     A:F0 X:02 Y:08 P:04 SP:FB CPU Cycle:423322693
DCF0 $26 $07         ROL $07 = $0F             A:E0 X:02 Y:08 P:85 SP:FB CPU Cycle:423322695
DCF2 $90 $07         BCC $DCFB = $0A           A:E0 X:02 Y:08 P:04 SP:FB CPU Cycle:423322700
DCFB $0A             ASL A                     A:E0 X:02 Y:08 P:04 SP:FB CPU Cycle:423322703
DCFC $26 $07         ROL $07 = $1F             A:C0 X:02 Y:08 P:85 SP:FB CPU Cycle:423322705
DCFE $90 $07         BCC $DD07 = $85           A:C0 X:02 Y:08 P:04 SP:FB CPU Cycle:423322710
DD07 $85 $08         STA $08 = $FF             A:C0 X:02 Y:08 P:04 SP:FB CPU Cycle:423322713
DD09 $60             RTS                       A:C0 X:02 Y:08 P:04 SP:FB CPU Cycle:423322716
D9CF $A5 $07       LDA $07 = $3F               A:C0 X:02 Y:08 P:04 SP:FD CPU Cycle:423322722
D9D1 $85 $1B       STA $1B = $00               A:3F X:02 Y:08 P:04 SP:FD CPU Cycle:423322725
D9D3 $AC $5C $03   LDY $035C = $08             A:3F X:02 Y:08 P:04 SP:FD CPU Cycle:423322728
D9D6 $B9 $11 $E2   LDA $E211,Y = $FF           A:3F X:02 Y:08 P:04 SP:FD CPU Cycle:423322732
D9D9 $85 $08       STA $08 = $C0               A:FF X:02 Y:08 P:84 SP:FD CPU Cycle:423322736
D9DB $A5 $06       LDA $06 = $01               A:FF X:02 Y:08 P:84 SP:FD CPU Cycle:423322739
D9DD $85 $07       STA $07 = $3F               A:01 X:02 Y:08 P:04 SP:FD CPU Cycle:423322742
D9DF $20 $A5 $DC   JSR $DCA5 = $A9             A:01 X:02 Y:08 P:04 SP:FD CPU Cycle:423322745
DCA5 $A9 $00         LDA #$00                  A:01 X:02 Y:08 P:04 SP:FB CPU Cycle:423322751
DCA7 $0A             ASL A                     A:00 X:02 Y:08 P:06 SP:FB CPU Cycle:423322753
DCA8 $26 $07         ROL $07 = $01             A:00 X:02 Y:08 P:06 SP:FB CPU Cycle:423322755
DCAA $90 $07         BCC $DCB3 = $0A           A:00 X:02 Y:08 P:04 SP:FB CPU Cycle:423322760
DCB3 $0A             ASL A                     A:00 X:02 Y:08 P:04 SP:FB CPU Cycle:423322763
DCB4 $26 $07         ROL $07 = $02             A:00 X:02 Y:08 P:06 SP:FB CPU Cycle:423322765
DCB6 $90 $07         BCC $DCBF = $0A           A:00 X:02 Y:08 P:04 SP:FB CPU Cycle:423322770
DCBF $0A             ASL A                     A:00 X:02 Y:08 P:04 SP:FB CPU Cycle:423322773
DCC0 $26 $07         ROL $07 = $04             A:00 X:02 Y:08 P:06 SP:FB CPU Cycle:423322775
DCC2 $90 $07         BCC $DCCB = $0A           A:00 X:02 Y:08 P:04 SP:FB CPU Cycle:423322780
DCCB $0A             ASL A                     A:00 X:02 Y:08 P:04 SP:FB CPU Cycle:423322783
DCCC $26 $07         ROL $07 = $08             A:00 X:02 Y:08 P:06 SP:FB CPU Cycle:423322785
DCCE $90 $07         BCC $DCD7 = $0A           A:00 X:02 Y:08 P:04 SP:FB CPU Cycle:423322790
DCD7 $0A             ASL A                     A:00 X:02 Y:08 P:04 SP:FB CPU Cycle:423322793
DCD8 $26 $07         ROL $07 = $10             A:00 X:02 Y:08 P:06 SP:FB CPU Cycle:423322795
DCDA $90 $07         BCC $DCE3 = $0A           A:00 X:02 Y:08 P:04 SP:FB CPU Cycle:423322800
DCE3 $0A             ASL A                     A:00 X:02 Y:08 P:04 SP:FB CPU Cycle:423322803
DCE4 $26 $07         ROL $07 = $20             A:00 X:02 Y:08 P:06 SP:FB CPU Cycle:423322805
DCE6 $90 $07         BCC $DCEF = $0A           A:00 X:02 Y:08 P:04 SP:FB CPU Cycle:423322810
DCEF $0A             ASL A                     A:00 X:02 Y:08 P:04 SP:FB CPU Cycle:423322813
DCF0 $26 $07         ROL $07 = $40             A:00 X:02 Y:08 P:06 SP:FB CPU Cycle:423322815
DCF2 $90 $07         BCC $DCFB = $0A           A:00 X:02 Y:08 P:84 SP:FB CPU Cycle:423322820
DCFB $0A             ASL A                     A:00 X:02 Y:08 P:84 SP:FB CPU Cycle:423322823
DCFC $26 $07         ROL $07 = $80             A:00 X:02 Y:08 P:06 SP:FB CPU Cycle:423322825
DCFE $90 $07         BCC $DD07 = $85           A:00 X:02 Y:08 P:07 SP:FB CPU Cycle:423322830
DD00 $18             CLC                       A:00 X:02 Y:08 P:07 SP:FB CPU Cycle:423322832
DD01 $65 $08         ADC $08 = $FF             A:00 X:02 Y:08 P:06 SP:FB CPU Cycle:423322834
DD03 $90 $02         BCC $DD07 = $85           A:FF X:02 Y:08 P:84 SP:FB CPU Cycle:423322837
DD07 $85 $08         STA $08 = $FF             A:FF X:02 Y:08 P:84 SP:FB CPU Cycle:423322840
DD09 $60             RTS                       A:FF X:02 Y:08 P:84 SP:FB CPU Cycle:423322843
D9E2 $A5 $1B       LDA $1B = $3F               A:FF X:02 Y:08 P:84 SP:FD CPU Cycle:423322849
D9E4 $18           CLC                         A:3F X:02 Y:08 P:04 SP:FD CPU Cycle:423322852
D9E5 $65 $08       ADC $08 = $FF               A:3F X:02 Y:08 P:04 SP:FD CPU Cycle:423322854
D9E7 $85 $08       STA $08 = $FF               A:3E X:02 Y:08 P:05 SP:FD CPU Cycle:423322857
D9E9 $90 $02       BCC $D9ED = $AD             A:3E X:02 Y:08 P:05 SP:FD CPU Cycle:423322860
D9EB $E6 $07       INC $07 = $00               A:3E X:02 Y:08 P:05 SP:FD CPU Cycle:423322862
D9ED $AD $5C $03   LDA $035C = $08             A:3E X:02 Y:08 P:05 SP:FD CPU Cycle:423322867
D9F0 $C9 $10       CMP #$10                    A:08 X:02 Y:08 P:05 SP:FD CPU Cycle:423322871
D9F2 $90 $0E       BCC $DA02 = $B5             A:08 X:02 Y:08 P:84 SP:FD CPU Cycle:423322873
DA02 $B5 $52       LDA $52,X = $7B             A:08 X:02 Y:08 P:84 SP:FD CPU Cycle:423322877
DA04 $38           SEC                         A:7B X:02 Y:08 P:04 SP:FD CPU Cycle:423322881
DA05 $E5 $08       SBC $08 = $3E               A:7B X:02 Y:08 P:05 SP:FD CPU Cycle:423322883
DA07 $95 $52       STA $52,X = $7B             A:3D X:02 Y:08 P:05 SP:FD CPU Cycle:423322886
DA09 $B5 $4C       LDA $4C,X = $61             A:3D X:02 Y:08 P:05 SP:FD CPU Cycle:423322890
DA0B $E5 $07       SBC $07 = $01               A:61 X:02 Y:08 P:05 SP:FD CPU Cycle:423322894
DA0D $95 $4C       STA $4C,X = $61             A:60 X:02 Y:08 P:05 SP:FD CPU Cycle:423322897
DA0F $60           RTS                         A:60 X:02 Y:08 P:05 SP:FD CPU Cycle:423322901
CF6F $20 $D9 $E7 JSR $E7D9 = $AD               A:60 X:02 Y:08 P:05 SP:FF CPU Cycle:423322907
E7D9 $AD $30 $03   LDA $0330 = $FF             A:60 X:02 Y:08 P:05 SP:FD CPU Cycle:423322913
E7DC $30 $3D       BMI $E81B = $A9             A:FF X:02 Y:08 P:85 SP:FD CPU Cycle:423322917
E81B $A9 $00       LDA #$00                    A:FF X:02 Y:08 P:85 SP:FD CPU Cycle:423322921
E81D $85 $02       STA $02 = $E2               A:00 X:02 Y:08 P:07 SP:FD CPU Cycle:423322923
E81F $B5 $4C       LDA $4C,X = $60             A:00 X:02 Y:08 P:07 SP:FD CPU Cycle:423322926
E821 $38           SEC                         A:60 X:02 Y:08 P:05 SP:FD CPU Cycle:423322930
E822 $E9 $18       SBC #$18                    A:60 X:02 Y:08 P:05 SP:FD CPU Cycle:423322932
E824 $0A           ASL A                       A:48 X:02 Y:08 P:05 SP:FD CPU Cycle:423322934
E825 $26 $02       ROL $02 = $00               A:90 X:02 Y:08 P:84 SP:FD CPU Cycle:423322936
E827 $0A           ASL A                       A:90 X:02 Y:08 P:06 SP:FD CPU Cycle:423322941
E828 $26 $02       ROL $02 = $00               A:20 X:02 Y:08 P:05 SP:FD CPU Cycle:423322943
E82A $29 $E0       AND #$E0                    A:20 X:02 Y:08 P:04 SP:FD CPU Cycle:423322948
E82C $85 $01       STA $01 = $6D               A:20 X:02 Y:08 P:04 SP:FD CPU Cycle:423322950
E82E $B5 $57       LDA $57,X = $D3             A:20 X:02 Y:08 P:04 SP:FD CPU Cycle:423322953
E830 $18           CLC                         A:D3 X:02 Y:08 P:84 SP:FD CPU Cycle:423322957
E831 $69 $08       ADC #$08                    A:D3 X:02 Y:08 P:84 SP:FD CPU Cycle:423322959
E833 $4A           LSR A                       A:DB X:02 Y:08 P:84 SP:FD CPU Cycle:423322961
E834 $4A           LSR A                       A:6D X:02 Y:08 P:05 SP:FD CPU Cycle:423322963
E835 $4A           LSR A                       A:36 X:02 Y:08 P:05 SP:FD CPU Cycle:423322965
E836 $05 $01       ORA $01 = $20               A:1B X:02 Y:08 P:04 SP:FD CPU Cycle:423322967
E838 $85 $01       STA $01 = $20               A:3B X:02 Y:08 P:04 SP:FD CPU Cycle:423322970
E83A $A4 $14       LDY $14 = $04               A:3B X:02 Y:08 P:04 SP:FD CPU Cycle:423322973
E83C $B9 $70 $F4   LDA $F470,Y = $F3           A:3B X:02 Y:04 P:04 SP:FD CPU Cycle:423322976
E83F $18           CLC                         A:F3 X:02 Y:04 P:84 SP:FD CPU Cycle:423322980
E840 $65 $01       ADC $01 = $3B               A:F3 X:02 Y:04 P:84 SP:FD CPU Cycle:423322982
E842 $85 $01       STA $01 = $3B               A:2E X:02 Y:04 P:05 SP:FD CPU Cycle:423322985
E844 $B9 $77 $F4   LDA $F477,Y = $AA           A:2E X:02 Y:04 P:05 SP:FD CPU Cycle:423322988
E847 $65 $02       ADC $02 = $01               A:AA X:02 Y:04 P:85 SP:FD CPU Cycle:423322992
E849 $85 $02       STA $02 = $01               A:AC X:02 Y:04 P:84 SP:FD CPU Cycle:423322995
E84B $A0 $00       LDY #$00                    A:AC X:02 Y:04 P:84 SP:FD CPU Cycle:423322998
E84D $B1 $01       LDA ($01),Y = $00           A:AC X:02 Y:00 P:06 SP:FD CPU Cycle:423323000
E84F $85 $1B       STA $1B = $3F               A:00 X:02 Y:00 P:06 SP:FD CPU Cycle:423323005
E851 $D5 $BE       CMP $BE,X = $00             A:00 X:02 Y:00 P:06 SP:FD CPU Cycle:423323008
E853 $F0 $18       BEQ $E86D = $60             A:00 X:02 Y:00 P:07 SP:FD CPU Cycle:423323012
E86D $60           RTS                         A:00 X:02 Y:00 P:07 SP:FD CPU Cycle:423323015
CF72 $20 $55 $D3 JSR $D355 = $B5               A:00 X:02 Y:00 P:07 SP:FF CPU Cycle:423323021
D355 $B5 $B6       LDA $B6,X = $00             A:00 X:02 Y:00 P:07 SP:FD CPU Cycle:423323027
D357 $C9 $04       CMP #$04                    A:00 X:02 Y:00 P:07 SP:FD CPU Cycle:423323031
D359 $F0 $10       BEQ $D36B = $24             A:00 X:02 Y:00 P:84 SP:FD CPU Cycle:423323033
D35B $C9 $01       CMP #$01                    A:00 X:02 Y:00 P:84 SP:FD CPU Cycle:423323035
D35D $D0 $33       BNE $D392 = $60             A:00 X:02 Y:00 P:84 SP:FD CPU Cycle:423323037
D392 $60           RTS                         A:00 X:02 Y:00 P:84 SP:FD CPU Cycle:423323040
CF75 $20 $14 $D4 JSR $D414 = $AD               A:00 X:02 Y:00 P:84 SP:FF CPU Cycle:423323046
D414 $AD $19 $03   LDA $0319 = $03             A:00 X:02 Y:00 P:84 SP:FD CPU Cycle:423323052
D417 $F0 $0E       BEQ $D427 = $60             A:03 X:02 Y:00 P:04 SP:FD CPU Cycle:423323056
D419 $A5 $0C       LDA $0C = $78               A:03 X:02 Y:00 P:04 SP:FD CPU Cycle:423323058
D41B $C9 $F0       CMP #$F0                    A:78 X:02 Y:00 P:04 SP:FD CPU Cycle:423323061
D41D $F0 $09       BEQ $D428 = $2C             A:78 X:02 Y:00 P:84 SP:FD CPU Cycle:423323063
D41F $AD $2C $03   LDA $032C = $00             A:78 X:02 Y:00 P:84 SP:FD CPU Cycle:423323065
D422 $29 $7F       AND #$7F                    A:00 X:02 Y:00 P:06 SP:FD CPU Cycle:423323069
D424 $8D $2C $03   STA $032C = $00             A:00 X:02 Y:00 P:06 SP:FD CPU Cycle:423323071
D427 $60           RTS                         A:00 X:02 Y:00 P:06 SP:FD CPU Cycle:423323075
CF78 $20 $10 $DA JSR $DA10 = $B5               A:00 X:02 Y:00 P:06 SP:FF CPU Cycle:423323081
DA10 $B5 $91       LDA $91,X = $80             A:00 X:02 Y:00 P:06 SP:FD CPU Cycle:423323087
DA12 $29 $7A       AND #$7A                    A:80 X:02 Y:00 P:84 SP:FD CPU Cycle:423323091
DA14 $F0 $3B       BEQ $DA51 = $60             A:00 X:02 Y:00 P:06 SP:FD CPU Cycle:423323093
DA51 $60           RTS                         A:00 X:02 Y:00 P:06 SP:FD CPU Cycle:423323096
CF7B $CA         DEX                           A:00 X:02 Y:00 P:06 SP:FF CPU Cycle:423323102
CF7C $10 $E2     BPL $CF60 = $20               A:00 X:01 Y:00 P:04 SP:FF CPU Cycle:423323104
CF60 $20 $B7 $D6 JSR $D6B7 = $A9               A:00 X:01 Y:00 P:04 SP:FF CPU Cycle:423323107
D6B7 $A9 $00       LDA #$00                    A:00 X:01 Y:00 P:04 SP:FD CPU Cycle:423323113
D6B9 $85 $06       STA $06 = $01               A:00 X:01 Y:00 P:06 SP:FD CPU Cycle:423323115
D6BB $85 $05       STA $05 = $40               A:00 X:01 Y:00 P:06 SP:FD CPU Cycle:423323118
D6BD $A5 $12       LDA $12 = $00               A:00 X:01 Y:00 P:06 SP:FD CPU Cycle:423323121
D6BF $D0 $E2       BNE $D6A3 = $60             A:00 X:01 Y:00 P:06 SP:FD CPU Cycle:423323124
D6C1 $A5 $0D       LDA $0D = $80               A:00 X:01 Y:00 P:06 SP:FD CPU Cycle:423323126
D6C3 $30 $09       BMI $D6CE = $B5             A:80 X:01 Y:00 P:84 SP:FD CPU Cycle:423323129
D6CE $B5 $C6       LDA $C6,X = $20             A:80 X:01 Y:00 P:84 SP:FD CPU Cycle:423323132
D6D0 $30 $06       BMI $D6D8 = $A9             A:20 X:01 Y:00 P:04 SP:FD CPU Cycle:423323136
D6D2 $B5 $9D       LDA $9D,X = $00             A:20 X:01 Y:00 P:04 SP:FD CPU Cycle:423323138
D6D4 $29 $01       AND #$01                    A:00 X:01 Y:00 P:06 SP:FD CPU Cycle:423323142
D6D6 $D0 $3C       BNE $D714 = $B5             A:00 X:01 Y:00 P:06 SP:FD CPU Cycle:423323144
D6D8 $A9 $00       LDA #$00                    A:00 X:01 Y:00 P:06 SP:FD CPU Cycle:423323146
D6DA $85 $02       STA $02 = $AC               A:00 X:01 Y:00 P:06 SP:FD CPU Cycle:423323148
D6DC $B5 $4C       LDA $4C,X = $33             A:00 X:01 Y:00 P:06 SP:FD CPU Cycle:423323151
D6DE $38           SEC                         A:33 X:01 Y:00 P:04 SP:FD CPU Cycle:423323155
D6DF $E9 $18       SBC #$18                    A:33 X:01 Y:00 P:05 SP:FD CPU Cycle:423323157
D6E1 $0A           ASL A                       A:1B X:01 Y:00 P:05 SP:FD CPU Cycle:423323159
D6E2 $26 $02       ROL $02 = $00               A:36 X:01 Y:00 P:04 SP:FD CPU Cycle:423323161
D6E4 $0A           ASL A                       A:36 X:01 Y:00 P:06 SP:FD CPU Cycle:423323166
D6E5 $26 $02       ROL $02 = $00               A:6C X:01 Y:00 P:04 SP:FD CPU Cycle:423323168
D6E7 $29 $E0       AND #$E0                    A:6C X:01 Y:00 P:06 SP:FD CPU Cycle:423323173
D6E9 $85 $01       STA $01 = $2E               A:60 X:01 Y:00 P:04 SP:FD CPU Cycle:423323175
D6EB $B5 $57       LDA $57,X = $BD             A:60 X:01 Y:00 P:04 SP:FD CPU Cycle:423323178
D6ED $18           CLC                         A:BD X:01 Y:00 P:84 SP:FD CPU Cycle:423323182
D6EE $69 $08       ADC #$08                    A:BD X:01 Y:00 P:84 SP:FD CPU Cycle:423323184
D6F0 $4A           LSR A                       A:C5 X:01 Y:00 P:84 SP:FD CPU Cycle:423323186
D6F1 $4A           LSR A                       A:62 X:01 Y:00 P:05 SP:FD CPU Cycle:423323188
D6F2 $4A           LSR A                       A:31 X:01 Y:00 P:04 SP:FD CPU Cycle:423323190
D6F3 $05 $01       ORA $01 = $60               A:18 X:01 Y:00 P:05 SP:FD CPU Cycle:423323192
D6F5 $85 $01       STA $01 = $60               A:78 X:01 Y:00 P:05 SP:FD CPU Cycle:423323195
D6F7 $A4 $14       LDY $14 = $04               A:78 X:01 Y:00 P:05 SP:FD CPU Cycle:423323198
D6F9 $B9 $61 $E1   LDA $E161,Y = $F3           A:78 X:01 Y:04 P:05 SP:FD CPU Cycle:423323201
D6FC $18           CLC                         A:F3 X:01 Y:04 P:85 SP:FD CPU Cycle:423323205
D6FD $65 $01       ADC $01 = $78               A:F3 X:01 Y:04 P:84 SP:FD CPU Cycle:423323207
D6FF $85 $01       STA $01 = $78               A:6B X:01 Y:04 P:05 SP:FD CPU Cycle:423323210
D701 $B9 $68 $E1   LDA $E168,Y = $A7           A:6B X:01 Y:04 P:05 SP:FD CPU Cycle:423323213
D704 $65 $02       ADC $02 = $00               A:A7 X:01 Y:04 P:85 SP:FD CPU Cycle:423323217
D706 $85 $02       STA $02 = $00               A:A8 X:01 Y:04 P:84 SP:FD CPU Cycle:423323220
D708 $A0 $00       LDY #$00                    A:A8 X:01 Y:04 P:84 SP:FD CPU Cycle:423323223
D70A $B1 $01       LDA ($01),Y = $87           A:A8 X:01 Y:00 P:06 SP:FD CPU Cycle:423323225
D70C $85 $1B       STA $1B = $00               A:87 X:01 Y:00 P:84 SP:FD CPU Cycle:423323230
D70E $4A           LSR A                       A:87 X:01 Y:00 P:84 SP:FD CPU Cycle:423323233
D70F $4A           LSR A                       A:43 X:01 Y:00 P:05 SP:FD CPU Cycle:423323235
D710 $29 $FE       AND #$FE                    A:21 X:01 Y:00 P:05 SP:FD CPU Cycle:423323237
D712 $95 $C6       STA $C6,X = $20             A:20 X:01 Y:00 P:05 SP:FD CPU Cycle:423323239
D714 $B5 $91       LDA $91,X = $80             A:20 X:01 Y:00 P:05 SP:FD CPU Cycle:423323243
D716 $10 $03       BPL $D71B = $B5             A:80 X:01 Y:00 P:85 SP:FD CPU Cycle:423323247
D718 $4C $28 $D8   JMP $D828 = $B5             A:80 X:01 Y:00 P:85 SP:FD CPU Cycle:423323249
D828 $B5 $91       LDA $91,X = $80             A:80 X:01 Y:00 P:85 SP:FD CPU Cycle:423323252
D82A $29 $08       AND #$08                    A:80 X:01 Y:00 P:85 SP:FD CPU Cycle:423323256
D82C $F0 $06       BEQ $D834 = $B5             A:00 X:01 Y:00 P:07 SP:FD CPU Cycle:423323258
D834 $B5 $91       LDA $91,X = $80             A:00 X:01 Y:00 P:07 SP:FD CPU Cycle:423323261
D836 $29 $42       AND #$42                    A:80 X:01 Y:00 P:85 SP:FD CPU Cycle:423323265
D838 $F0 $03       BEQ $D83D = $B5             A:00 X:01 Y:00 P:07 SP:FD CPU Cycle:423323267
D83D $B5 $91       LDA $91,X = $80             A:00 X:01 Y:00 P:07 SP:FD CPU Cycle:423323270
D83F $29 $30       AND #$30                    A:80 X:01 Y:00 P:85 SP:FD CPU Cycle:423323274
D841 $D0 $34       BNE $D877 = $B5             A:00 X:01 Y:00 P:07 SP:FD CPU Cycle:423323276
D843 $B5 $C6       LDA $C6,X = $20             A:00 X:01 Y:00 P:07 SP:FD CPU Cycle:423323278
D845 $55 $7C       EOR $7C,X = $20             A:20 X:01 Y:00 P:05 SP:FD CPU Cycle:423323282
D847 $29 $3E       AND #$3E                    A:00 X:01 Y:00 P:07 SP:FD CPU Cycle:423323286
D849 $F0 $2C       BEQ $D877 = $B5             A:00 X:01 Y:00 P:07 SP:FD CPU Cycle:423323288
D877 $B5 $7C       LDA $7C,X = $20             A:00 X:01 Y:00 P:07 SP:FD CPU Cycle:423323291
D879 $29 $3E       AND #$3E                    A:20 X:01 Y:00 P:05 SP:FD CPU Cycle:423323295
D87B $95 $7C       STA $7C,X = $20             A:20 X:01 Y:00 P:05 SP:FD CPU Cycle:423323297
D87D $95 $62       STA $62,X = $20             A:20 X:01 Y:00 P:05 SP:FD CPU Cycle:423323301
D87F $A5 $0F       LDA $0F = $06               A:20 X:01 Y:00 P:05 SP:FD CPU Cycle:423323305
D881 $20 $1C $D9   JSR $D91C = $E0             A:06 X:01 Y:00 P:05 SP:FD CPU Cycle:423323308
D91C $E0 $03         CPX #$03                  A:06 X:01 Y:00 P:05 SP:FB CPU Cycle:423323314
D91E $D0 $19         BNE $D939 = $60           A:06 X:01 Y:00 P:84 SP:FB CPU Cycle:423323316
D939 $60             RTS                       A:06 X:01 Y:00 P:84 SP:FB CPU Cycle:423323319
D884 $29 $FE       AND #$FE                    A:06 X:01 Y:00 P:84 SP:FD CPU Cycle:423323325
D886 $A8           TAY                         A:06 X:01 Y:00 P:04 SP:FD CPU Cycle:423323327
D887 $B9 $B9 $E7   LDA $E7B9,Y = $E9           A:06 X:01 Y:06 P:04 SP:FD CPU Cycle:423323329
D88A $85 $01       STA $01 = $6B               A:E9 X:01 Y:06 P:84 SP:FD CPU Cycle:423323333
D88C $B9 $BA $E7   LDA $E7BA,Y = $E6           A:E9 X:01 Y:06 P:84 SP:FD CPU Cycle:423323336
D88F $85 $02       STA $02 = $A8               A:E6 X:01 Y:06 P:84 SP:FD CPU Cycle:423323340
D891 $A5 $1B       LDA $1B = $87               A:E6 X:01 Y:06 P:84 SP:FD CPU Cycle:423323343
D893 $29 $07       AND #$07                    A:87 X:01 Y:06 P:84 SP:FD CPU Cycle:423323346
D895 $A8           TAY                         A:07 X:01 Y:06 P:04 SP:FD CPU Cycle:423323348
D896 $B9 $44 $E1   LDA $E144,Y = $0F           A:07 X:01 Y:07 P:04 SP:FD CPU Cycle:423323350
D899 $A8           TAY                         A:0F X:01 Y:07 P:04 SP:FD CPU Cycle:423323354
D89A $B1 $01       LDA ($01),Y = $10           A:0F X:01 Y:0F P:04 SP:FD CPU Cycle:423323356
D89C $D5 $74       CMP $74,X = $0F             A:10 X:01 Y:0F P:04 SP:FD CPU Cycle:423323361
D89E $90 $57       BCC $D8F7 = $20             A:10 X:01 Y:0F P:05 SP:FD CPU Cycle:423323365
D8A0 $B4 $74       LDY $74,X = $0F             A:10 X:01 Y:0F P:05 SP:FD CPU Cycle:423323367
D8A2 $B9 $01 $E5   LDA $E501,Y = $30           A:10 X:01 Y:0F P:05 SP:FD CPU Cycle:423323371
D8A5 $A4 $10       LDY $10 = $00               A:30 X:01 Y:0F P:05 SP:FD CPU Cycle:423323375
D8A7 $F0 $26       BEQ $D8CF = $0A             A:30 X:01 Y:00 P:07 SP:FD CPU Cycle:423323378
D8CF $0A           ASL A                       A:30 X:01 Y:00 P:07 SP:FD CPU Cycle:423323381
D8D0 $18           CLC                         A:60 X:01 Y:00 P:04 SP:FD CPU Cycle:423323383
D8D1 $75 $78       ADC $78,X = $A8             A:60 X:01 Y:00 P:04 SP:FD CPU Cycle:423323385
D8D3 $95 $78       STA $78,X = $A8             A:08 X:01 Y:00 P:05 SP:FD CPU Cycle:423323389
D8D5 $A9 $00       LDA #$00                    A:08 X:01 Y:00 P:05 SP:FD CPU Cycle:423323393
D8D7 $75 $74       ADC $74,X = $0F             A:00 X:01 Y:00 P:07 SP:FD CPU Cycle:423323395
D8D9 $95 $74       STA $74,X = $0F             A:10 X:01 Y:00 P:04 SP:FD CPU Cycle:423323399
D8DB $A5 $0E       LDA $0E = $00               A:10 X:01 Y:00 P:04 SP:FD CPU Cycle:423323403
D8DD $0A           ASL A                       A:00 X:01 Y:00 P:06 SP:FD CPU Cycle:423323406
D8DE $A8           TAY                         A:00 X:01 Y:00 P:06 SP:FD CPU Cycle:423323408
D8DF $B9 $6D $E3   LDA $E36D,Y = $6D           A:00 X:01 Y:00 P:06 SP:FD CPU Cycle:423323410
D8E2 $85 $01       STA $01 = $E9               A:6D X:01 Y:00 P:04 SP:FD CPU Cycle:423323414
D8E4 $B9 $6E $E3   LDA $E36E,Y = $E2           A:6D X:01 Y:00 P:04 SP:FD CPU Cycle:423323417
D8E7 $85 $02       STA $02 = $E6               A:E2 X:01 Y:00 P:84 SP:FD CPU Cycle:423323421
D8E9 $B5 $74       LDA $74,X = $10             A:E2 X:01 Y:00 P:84 SP:FD CPU Cycle:423323424
D8EB $0A           ASL A                       A:10 X:01 Y:00 P:04 SP:FD CPU Cycle:423323428
D8EC $A8           TAY                         A:20 X:01 Y:00 P:04 SP:FD CPU Cycle:423323430
D8ED $B1 $01       LDA ($01),Y = $80           A:20 X:01 Y:20 P:04 SP:FD CPU Cycle:423323432
D8EF $85 $05       STA $05 = $00               A:80 X:01 Y:20 P:84 SP:FD CPU Cycle:423323437
D8F1 $C8           INY                         A:80 X:01 Y:20 P:84 SP:FD CPU Cycle:423323440
D8F2 $B1 $01       LDA ($01),Y = $02           A:80 X:01 Y:21 P:04 SP:FD CPU Cycle:423323442
D8F4 $85 $06       STA $06 = $00               A:02 X:01 Y:21 P:04 SP:FD CPU Cycle:423323447
D8F6 $60           RTS                         A:02 X:01 Y:21 P:04 SP:FD CPU Cycle:423323450
CF63 $20 $0A $DD JSR $DD0A = $A4               A:02 X:01 Y:21 P:04 SP:FF CPU Cycle:423323456
DD0A $A4 $A1       LDY $A1 = $30               A:02 X:01 Y:21 P:04 SP:FD CPU Cycle:423323462
DD0C $A5 $A5       LDA $A5 = $00               A:02 X:01 Y:30 P:04 SP:FD CPU Cycle:423323465
DD0E $99 $16 $02   STA $0216,Y = $00           A:00 X:01 Y:30 P:06 SP:FD CPU Cycle:423323468
DD11 $99 $1A $02   STA $021A,Y = $00           A:00 X:01 Y:30 P:06 SP:FD CPU Cycle:423323473
DD14 $99 $1E $02   STA $021E,Y = $00           A:00 X:01 Y:30 P:06 SP:FD CPU Cycle:423323478
DD17 $99 $22 $02   STA $0222,Y = $00           A:00 X:01 Y:30 P:06 SP:FD CPU Cycle:423323483
DD1A $A4 $A2       LDY $A2 = $20               A:00 X:01 Y:30 P:06 SP:FD CPU Cycle:423323488
DD1C $A5 $A6       LDA $A6 = $01               A:00 X:01 Y:20 P:04 SP:FD CPU Cycle:423323491
DD1E $99 $16 $02   STA $0216,Y = $01           A:01 X:01 Y:20 P:04 SP:FD CPU Cycle:423323494
DD21 $99 $1A $02   STA $021A,Y = $01           A:01 X:01 Y:20 P:04 SP:FD CPU Cycle:423323499
DD24 $99 $1E $02   STA $021E,Y = $01           A:01 X:01 Y:20 P:04 SP:FD CPU Cycle:423323504
DD27 $99 $22 $02   STA $0222,Y = $01           A:01 X:01 Y:20 P:04 SP:FD CPU Cycle:423323509
DD2A $A4 $A3       LDY $A3 = $10               A:01 X:01 Y:20 P:04 SP:FD CPU Cycle:423323514
DD2C $A5 $A7       LDA $A7 = $02               A:01 X:01 Y:10 P:04 SP:FD CPU Cycle:423323517
DD2E $99 $16 $02   STA $0216,Y = $02           A:02 X:01 Y:10 P:04 SP:FD CPU Cycle:423323520
DD31 $99 $1A $02   STA $021A,Y = $02           A:02 X:01 Y:10 P:04 SP:FD CPU Cycle:423323525
DD34 $99 $1E $02   STA $021E,Y = $02           A:02 X:01 Y:10 P:04 SP:FD CPU Cycle:423323530
DD37 $99 $22 $02   STA $0222,Y = $02           A:02 X:01 Y:10 P:04 SP:FD CPU Cycle:423323535
DD3A $A4 $A4       LDY $A4 = $00               A:02 X:01 Y:10 P:04 SP:FD CPU Cycle:423323540
DD3C $A5 $A8       LDA $A8 = $03               A:02 X:01 Y:00 P:06 SP:FD CPU Cycle:423323543
DD3E $99 $16 $02   STA $0216,Y = $03           A:03 X:01 Y:00 P:04 SP:FD CPU Cycle:423323546
DD41 $99 $1A $02   STA $021A,Y = $03           A:03 X:01 Y:00 P:04 SP:FD CPU Cycle:423323551
DD44 $99 $1E $02   STA $021E,Y = $03           A:03 X:01 Y:00 P:04 SP:FD CPU Cycle:423323556
DD47 $99 $22 $02   STA $0222,Y = $03           A:03 X:01 Y:00 P:04 SP:FD CPU Cycle:423323561
DD4A $A5 $A9       LDA $A9 = $03               A:03 X:01 Y:00 P:04 SP:FD CPU Cycle:423323566
DD4C $8D $02 $02   STA $0202 = $03             A:03 X:01 Y:00 P:04 SP:FD CPU Cycle:423323569
DD4F $8D $06 $02   STA $0206 = $03             A:03 X:01 Y:00 P:04 SP:FD CPU Cycle:423323573
DD52 $8D $0A $02   STA $020A = $03             A:03 X:01 Y:00 P:04 SP:FD CPU Cycle:423323577
DD55 $8D $0E $02   STA $020E = $03             A:03 X:01 Y:00 P:04 SP:FD CPU Cycle:423323581
DD58 $A5 $AA       LDA $AA = $03               A:03 X:01 Y:00 P:04 SP:FD CPU Cycle:423323585
DD5A $8D $12 $02   STA $0212 = $03             A:03 X:01 Y:00 P:04 SP:FD CPU Cycle:423323588
DD5D $A5 $AB       LDA $AB = $00               A:03 X:01 Y:00 P:04 SP:FD CPU Cycle:423323592
DD5F $8D $6A $02   STA $026A = $00             A:00 X:01 Y:00 P:06 SP:FD CPU Cycle:423323595
DD62 $60           RTS                         A:00 X:01 Y:00 P:06 SP:FD CPU Cycle:423323599
CF66 $20 $63 $DD JSR $DD63 = $A4               A:00 X:01 Y:00 P:06 SP:FF CPU Cycle:423323605
DD63 $A4 $A1       LDY $A1 = $30               A:00 X:01 Y:00 P:06 SP:FD CPU Cycle:423323611
DD65 $A5 $62       LDA $62 = $00               A:00 X:01 Y:30 P:04 SP:FD CPU Cycle:423323614
DD67 $29 $FE       AND #$FE                    A:00 X:01 Y:30 P:06 SP:FD CPU Cycle:423323617
DD69 $0A           ASL A                       A:00 X:01 Y:30 P:06 SP:FD CPU Cycle:423323619
DD6A $99 $15 $02   STA $0215,Y = $00           A:00 X:01 Y:30 P:06 SP:FD CPU Cycle:423323621
DD6D $18           CLC                         A:00 X:01 Y:30 P:06 SP:FD CPU Cycle:423323626
DD6E $69 $01       ADC #$01                    A:00 X:01 Y:30 P:06 SP:FD CPU Cycle:423323628
DD70 $99 $19 $02   STA $0219,Y = $01           A:01 X:01 Y:30 P:04 SP:FD CPU Cycle:423323630
DD73 $18           CLC                         A:01 X:01 Y:30 P:04 SP:FD CPU Cycle:423323635
DD74 $69 $01       ADC #$01                    A:01 X:01 Y:30 P:04 SP:FD CPU Cycle:423323637
DD76 $99 $1D $02   STA $021D,Y = $02           A:02 X:01 Y:30 P:04 SP:FD CPU Cycle:423323639
DD79 $18           CLC                         A:02 X:01 Y:30 P:04 SP:FD CPU Cycle:423323644
DD7A $69 $01       ADC #$01                    A:02 X:01 Y:30 P:04 SP:FD CPU Cycle:423323646
DD7C $99 $21 $02   STA $0221,Y = $03           A:03 X:01 Y:30 P:04 SP:FD CPU Cycle:423323648
DD7F $A5 $4C       LDA $4C = $CE               A:03 X:01 Y:30 P:04 SP:FD CPU Cycle:423323653
DD81 $99 $14 $02   STA $0214,Y = $CE           A:CE X:01 Y:30 P:84 SP:FD CPU Cycle:423323656
DD84 $99 $18 $02   STA $0218,Y = $CE           A:CE X:01 Y:30 P:84 SP:FD CPU Cycle:423323661
DD87 $18           CLC                         A:CE X:01 Y:30 P:84 SP:FD CPU Cycle:423323666
DD88 $69 $08       ADC #$08                    A:CE X:01 Y:30 P:84 SP:FD CPU Cycle:423323668
DD8A $99 $1C $02   STA $021C,Y = $D6           A:D6 X:01 Y:30 P:84 SP:FD CPU Cycle:423323670
DD8D $99 $20 $02   STA $0220,Y = $D6           A:D6 X:01 Y:30 P:84 SP:FD CPU Cycle:423323675
DD90 $A5 $57       LDA $57 = $93               A:D6 X:01 Y:30 P:84 SP:FD CPU Cycle:423323680
DD92 $99 $17 $02   STA $0217,Y = $93           A:93 X:01 Y:30 P:84 SP:FD CPU Cycle:423323683
DD95 $99 $1F $02   STA $021F,Y = $93           A:93 X:01 Y:30 P:84 SP:FD CPU Cycle:423323688
DD98 $18           CLC                         A:93 X:01 Y:30 P:84 SP:FD CPU Cycle:423323693
DD99 $69 $08       ADC #$08                    A:93 X:01 Y:30 P:84 SP:FD CPU Cycle:423323695
DD9B $99 $1B $02   STA $021B,Y = $9B           A:9B X:01 Y:30 P:84 SP:FD CPU Cycle:423323697
DD9E $99 $23 $02   STA $0223,Y = $9B           A:9B X:01 Y:30 P:84 SP:FD CPU Cycle:423323702
DDA1 $A4 $A2       LDY $A2 = $20               A:9B X:01 Y:30 P:84 SP:FD CPU Cycle:423323707
DDA3 $A5 $63       LDA $63 = $20               A:9B X:01 Y:20 P:04 SP:FD CPU Cycle:423323710
DDA5 $29 $FE       AND #$FE                    A:20 X:01 Y:20 P:04 SP:FD CPU Cycle:423323713
DDA7 $0A           ASL A                       A:20 X:01 Y:20 P:04 SP:FD CPU Cycle:423323715
DDA8 $99 $15 $02   STA $0215,Y = $40           A:40 X:01 Y:20 P:04 SP:FD CPU Cycle:423323717
DDAB $18           CLC                         A:40 X:01 Y:20 P:04 SP:FD CPU Cycle:423323722
DDAC $69 $01       ADC #$01                    A:40 X:01 Y:20 P:04 SP:FD CPU Cycle:423323724
DDAE $99 $19 $02   STA $0219,Y = $41           A:41 X:01 Y:20 P:04 SP:FD CPU Cycle:423323726
DDB1 $18           CLC                         A:41 X:01 Y:20 P:04 SP:FD CPU Cycle:423323731
DDB2 $69 $01       ADC #$01                    A:41 X:01 Y:20 P:04 SP:FD CPU Cycle:423323733
DDB4 $99 $1D $02   STA $021D,Y = $42           A:42 X:01 Y:20 P:04 SP:FD CPU Cycle:423323735
DDB7 $18           CLC                         A:42 X:01 Y:20 P:04 SP:FD CPU Cycle:423323740
DDB8 $69 $01       ADC #$01                    A:42 X:01 Y:20 P:04 SP:FD CPU Cycle:423323742
DDBA $99 $21 $02   STA $0221,Y = $43           A:43 X:01 Y:20 P:04 SP:FD CPU Cycle:423323744
DDBD $A5 $4D       LDA $4D = $33               A:43 X:01 Y:20 P:04 SP:FD CPU Cycle:423323749
DDBF $99 $14 $02   STA $0214,Y = $33           A:33 X:01 Y:20 P:04 SP:FD CPU Cycle:423323752
DDC2 $99 $18 $02   STA $0218,Y = $33           A:33 X:01 Y:20 P:04 SP:FD CPU Cycle:423323757
DDC5 $18           CLC                         A:33 X:01 Y:20 P:04 SP:FD CPU Cycle:423323762
DDC6 $69 $08       ADC #$08                    A:33 X:01 Y:20 P:04 SP:FD CPU Cycle:423323764
DDC8 $99 $1C $02   STA $021C,Y = $3B           A:3B X:01 Y:20 P:04 SP:FD CPU Cycle:423323766
DDCB $99 $20 $02   STA $0220,Y = $3B           A:3B X:01 Y:20 P:04 SP:FD CPU Cycle:423323771
DDCE $A5 $58       LDA $58 = $BD               A:3B X:01 Y:20 P:04 SP:FD CPU Cycle:423323776
DDD0 $99 $17 $02   STA $0217,Y = $BD           A:BD X:01 Y:20 P:84 SP:FD CPU Cycle:423323779
DDD3 $99 $1F $02   STA $021F,Y = $BD           A:BD X:01 Y:20 P:84 SP:FD CPU Cycle:423323784
DDD6 $18           CLC                         A:BD X:01 Y:20 P:84 SP:FD CPU Cycle:423323789
DDD7 $69 $08       ADC #$08                    A:BD X:01 Y:20 P:84 SP:FD CPU Cycle:423323791
DDD9 $99 $1B $02   STA $021B,Y = $C5           A:C5 X:01 Y:20 P:84 SP:FD CPU Cycle:423323793
DDDC $99 $23 $02   STA $0223,Y = $C5           A:C5 X:01 Y:20 P:84 SP:FD CPU Cycle:423323798
DDDF $A4 $A3       LDY $A3 = $10               A:C5 X:01 Y:20 P:84 SP:FD CPU Cycle:423323803
DDE1 $A5 $64       LDA $64 = $10               A:C5 X:01 Y:10 P:04 SP:FD CPU Cycle:423323806
DDE3 $29 $FE       AND #$FE                    A:10 X:01 Y:10 P:04 SP:FD CPU Cycle:423323809
DDE5 $0A           ASL A                       A:10 X:01 Y:10 P:04 SP:FD CPU Cycle:423323811
DDE6 $99 $15 $02   STA $0215,Y = $20           A:20 X:01 Y:10 P:04 SP:FD CPU Cycle:423323813
DDE9 $18           CLC                         A:20 X:01 Y:10 P:04 SP:FD CPU Cycle:423323818
DDEA $69 $01       ADC #$01                    A:20 X:01 Y:10 P:04 SP:FD CPU Cycle:423323820
DDEC $99 $19 $02   STA $0219,Y = $21           A:21 X:01 Y:10 P:04 SP:FD CPU Cycle:423323822
DDEF $18           CLC                         A:21 X:01 Y:10 P:04 SP:FD CPU Cycle:423323827
DDF0 $69 $01       ADC #$01                    A:21 X:01 Y:10 P:04 SP:FD CPU Cycle:423323829
DDF2 $99 $1D $02   STA $021D,Y = $22           A:22 X:01 Y:10 P:04 SP:FD CPU Cycle:423323831
DDF5 $18           CLC                         A:22 X:01 Y:10 P:04 SP:FD CPU Cycle:423323836
DDF6 $69 $01       ADC #$01                    A:22 X:01 Y:10 P:04 SP:FD CPU Cycle:423323838
DDF8 $99 $21 $02   STA $0221,Y = $23           A:23 X:01 Y:10 P:04 SP:FD CPU Cycle:423323840
DDFB $A5 $4E       LDA $4E = $60               A:23 X:01 Y:10 P:04 SP:FD CPU Cycle:423323845
DDFD $99 $14 $02   STA $0214,Y = $61           A:60 X:01 Y:10 P:04 SP:FD CPU Cycle:423323848
DE00 $99 $18 $02   STA $0218,Y = $61           A:60 X:01 Y:10 P:04 SP:FD CPU Cycle:423323853
DE03 $18           CLC                         A:60 X:01 Y:10 P:04 SP:FD CPU Cycle:423323858
DE04 $69 $08       ADC #$08                    A:60 X:01 Y:10 P:04 SP:FD CPU Cycle:423323860
DE06 $99 $1C $02   STA $021C,Y = $69           A:68 X:01 Y:10 P:04 SP:FD CPU Cycle:423323862
DE09 $99 $20 $02   STA $0220,Y = $69           A:68 X:01 Y:10 P:04 SP:FD CPU Cycle:423323867
DE0C $A5 $59       LDA $59 = $D3               A:68 X:01 Y:10 P:04 SP:FD CPU Cycle:423323872
DE0E $99 $17 $02   STA $0217,Y = $D3           A:D3 X:01 Y:10 P:84 SP:FD CPU Cycle:423323875
DE11 $99 $1F $02   STA $021F,Y = $D3           A:D3 X:01 Y:10 P:84 SP:FD CPU Cycle:423323880
DE14 $18           CLC                         A:D3 X:01 Y:10 P:84 SP:FD CPU Cycle:423323885
DE15 $69 $08       ADC #$08                    A:D3 X:01 Y:10 P:84 SP:FD CPU Cycle:423323887
DE17 $99 $1B $02   STA $021B,Y = $DB           A:DB X:01 Y:10 P:84 SP:FD CPU Cycle:423323889
DE1A $99 $23 $02   STA $0223,Y = $DB           A:DB X:01 Y:10 P:84 SP:FD CPU Cycle:423323894
DE1D $A4 $A4       LDY $A4 = $00               A:DB X:01 Y:10 P:84 SP:FD CPU Cycle:423323899
DE1F $A5 $65       LDA $65 = $38               A:DB X:01 Y:00 P:06 SP:FD CPU Cycle:423323902
DE21 $29 $FE       AND #$FE                    A:38 X:01 Y:00 P:04 SP:FD CPU Cycle:423323905
DE23 $0A           ASL A                       A:38 X:01 Y:00 P:04 SP:FD CPU Cycle:423323907
DE24 $99 $15 $02   STA $0215,Y = $70           A:70 X:01 Y:00 P:04 SP:FD CPU Cycle:423323909
DE27 $18           CLC                         A:70 X:01 Y:00 P:04 SP:FD CPU Cycle:423323914
DE28 $69 $01       ADC #$01                    A:70 X:01 Y:00 P:04 SP:FD CPU Cycle:423323916
DE2A $99 $19 $02   STA $0219,Y = $71           A:71 X:01 Y:00 P:04 SP:FD CPU Cycle:423323918
DE2D $18           CLC                         A:71 X:01 Y:00 P:04 SP:FD CPU Cycle:423323923
DE2E $69 $01       ADC #$01                    A:71 X:01 Y:00 P:04 SP:FD CPU Cycle:423323925
DE30 $99 $1D $02   STA $021D,Y = $72           A:72 X:01 Y:00 P:04 SP:FD CPU Cycle:423323927
DE33 $18           CLC                         A:72 X:01 Y:00 P:04 SP:FD CPU Cycle:423323932
DE34 $69 $01       ADC #$01                    A:72 X:01 Y:00 P:04 SP:FD CPU Cycle:423323934
DE36 $99 $21 $02   STA $0221,Y = $73           A:73 X:01 Y:00 P:04 SP:FD CPU Cycle:423323936
DE39 $A5 $4F       LDA $4F = $56               A:73 X:01 Y:00 P:04 SP:FD CPU Cycle:423323941
DE3B $99 $14 $02   STA $0214,Y = $56           A:56 X:01 Y:00 P:04 SP:FD CPU Cycle:423323944
DE3E $99 $18 $02   STA $0218,Y = $56           A:56 X:01 Y:00 P:04 SP:FD CPU Cycle:423323949
DE41 $18           CLC                         A:56 X:01 Y:00 P:04 SP:FD CPU Cycle:423323954
DE42 $69 $08       ADC #$08                    A:56 X:01 Y:00 P:04 SP:FD CPU Cycle:423323956
DE44 $99 $1C $02   STA $021C,Y = $5E           A:5E X:01 Y:00 P:04 SP:FD CPU Cycle:423323958
DE47 $99 $20 $02   STA $0220,Y = $5E           A:5E X:01 Y:00 P:04 SP:FD CPU Cycle:423323963
DE4A $A5 $5A       LDA $5A = $96               A:5E X:01 Y:00 P:04 SP:FD CPU Cycle:423323968
DE4C $99 $17 $02   STA $0217,Y = $96           A:96 X:01 Y:00 P:84 SP:FD CPU Cycle:423323971
DE4F $99 $1F $02   STA $021F,Y = $96           A:96 X:01 Y:00 P:84 SP:FD CPU Cycle:423323976
DE52 $18           CLC                         A:96 X:01 Y:00 P:84 SP:FD CPU Cycle:423323981
DE53 $69 $08       ADC #$08                    A:96 X:01 Y:00 P:84 SP:FD CPU Cycle:423323983
DE55 $99 $1B $02   STA $021B,Y = $9E           A:9E X:01 Y:00 P:84 SP:FD CPU Cycle:423323985
DE58 $99 $23 $02   STA $0223,Y = $9E           A:9E X:01 Y:00 P:84 SP:FD CPU Cycle:423323990
DE5B $A5 $51       LDA $51 = $F0               A:9E X:01 Y:00 P:84 SP:FD CPU Cycle:423323995
DE5D $8D $10 $02   STA $0210 = $F0             A:F0 X:01 Y:00 P:84 SP:FD CPU Cycle:423323998
DE60 $A5 $5C       LDA $5C = $00               A:F0 X:01 Y:00 P:84 SP:FD CPU Cycle:423324002
DE62 $8D $13 $02   STA $0213 = $00             A:00 X:01 Y:00 P:06 SP:FD CPU Cycle:423324005
DE65 $A5 $68       LDA $68 = $00               A:00 X:01 Y:00 P:06 SP:FD CPU Cycle:423324009
DE67 $8D $11 $02   STA $0211 = $00             A:00 X:01 Y:00 P:06 SP:FD CPU Cycle:423324012
DE6A $A5 $3E       LDA $3E = $F0               A:00 X:01 Y:00 P:06 SP:FD CPU Cycle:423324016
DE6C $8D $5C $02   STA $025C = $F0             A:F0 X:01 Y:00 P:84 SP:FD CPU Cycle:423324019
DE6F $A5 $41       LDA $41 = $00               A:F0 X:01 Y:00 P:84 SP:FD CPU Cycle:423324023
DE71 $8D $5F $02   STA $025F = $00             A:00 X:01 Y:00 P:06 SP:FD CPU Cycle:423324026
DE74 $A5 $69       LDA $69 = $00               A:00 X:01 Y:00 P:06 SP:FD CPU Cycle:423324030
DE76 $8D $5D $02   STA $025D = $00             A:00 X:01 Y:00 P:06 SP:FD CPU Cycle:423324033
DE79 $A5 $3F       LDA $3F = $F0               A:00 X:01 Y:00 P:06 SP:FD CPU Cycle:423324037
DE7B $8D $60 $02   STA $0260 = $F0             A:F0 X:01 Y:00 P:84 SP:FD CPU Cycle:423324040
DE7E $A5 $42       LDA $42 = $00               A:F0 X:01 Y:00 P:84 SP:FD CPU Cycle:423324044
DE80 $8D $63 $02   STA $0263 = $00             A:00 X:01 Y:00 P:06 SP:FD CPU Cycle:423324047
DE83 $A5 $6A       LDA $6A = $00               A:00 X:01 Y:00 P:06 SP:FD CPU Cycle:423324051
DE85 $8D $61 $02   STA $0261 = $00             A:00 X:01 Y:00 P:06 SP:FD CPU Cycle:423324054
DE88 $A5 $40       LDA $40 = $F0               A:00 X:01 Y:00 P:06 SP:FD CPU Cycle:423324058
DE8A $8D $64 $02   STA $0264 = $F0             A:F0 X:01 Y:00 P:84 SP:FD CPU Cycle:423324061
DE8D $A5 $43       LDA $43 = $00               A:F0 X:01 Y:00 P:84 SP:FD CPU Cycle:423324065
DE8F $8D $67 $02   STA $0267 = $00             A:00 X:01 Y:00 P:06 SP:FD CPU Cycle:423324068
DE92 $A5 $6B       LDA $6B = $00               A:00 X:01 Y:00 P:06 SP:FD CPU Cycle:423324072
DE94 $8D $65 $02   STA $0265 = $00             A:00 X:01 Y:00 P:06 SP:FD CPU Cycle:423324075
DE97 $2C $23 $03   BIT $0323 = $40             A:00 X:01 Y:00 P:06 SP:FD CPU Cycle:423324079
DE9A $30 $41       BMI $DEDD = $A5             A:00 X:01 Y:00 P:46 SP:FD CPU Cycle:423324083
DE9C $AD $19 $03   LDA $0319 = $03             A:00 X:01 Y:00 P:46 SP:FD CPU Cycle:423324085
DE9F $F0 $3C       BEQ $DEDD = $A5             A:03 X:01 Y:00 P:44 SP:FD CPU Cycle:423324089
DEA1 $A5 $50       LDA $50 = $65               A:03 X:01 Y:00 P:44 SP:FD CPU Cycle:423324091
DEA3 $8D $00 $02   STA $0200 = $65             A:65 X:01 Y:00 P:44 SP:FD CPU Cycle:423324094
DEA6 $8D $04 $02   STA $0204 = $65             A:65 X:01 Y:00 P:44 SP:FD CPU Cycle:423324098
DEA9 $18           CLC                         A:65 X:01 Y:00 P:44 SP:FD CPU Cycle:423324102
DEAA $69 $08       ADC #$08                    A:65 X:01 Y:00 P:44 SP:FD CPU Cycle:423324104
DEAC $8D $08 $02   STA $0208 = $6D             A:6D X:01 Y:00 P:04 SP:FD CPU Cycle:423324106
DEAF $8D $0C $02   STA $020C = $6D             A:6D X:01 Y:00 P:04 SP:FD CPU Cycle:423324110
DEB2 $A5 $5B       LDA $5B = $2C               A:6D X:01 Y:00 P:04 SP:FD CPU Cycle:423324114
DEB4 $8D $03 $02   STA $0203 = $2C             A:2C X:01 Y:00 P:04 SP:FD CPU Cycle:423324117
DEB7 $8D $0B $02   STA $020B = $2C             A:2C X:01 Y:00 P:04 SP:FD CPU Cycle:423324121
DEBA $18           CLC                         A:2C X:01 Y:00 P:04 SP:FD CPU Cycle:423324125
DEBB $69 $08       ADC #$08                    A:2C X:01 Y:00 P:04 SP:FD CPU Cycle:423324127
DEBD $8D $07 $02   STA $0207 = $34             A:34 X:01 Y:00 P:04 SP:FD CPU Cycle:423324129
DEC0 $8D $0F $02   STA $020F = $34             A:34 X:01 Y:00 P:04 SP:FD CPU Cycle:423324133
DEC3 $A5 $66       LDA $66 = $40               A:34 X:01 Y:00 P:04 SP:FD CPU Cycle:423324137
DEC5 $29 $FE       AND #$FE                    A:40 X:01 Y:00 P:04 SP:FD CPU Cycle:423324140
DEC7 $0A           ASL A                       A:40 X:01 Y:00 P:04 SP:FD CPU Cycle:423324142
DEC8 $8D $01 $02   STA $0201 = $80             A:80 X:01 Y:00 P:84 SP:FD CPU Cycle:423324144
DECB $18           CLC                         A:80 X:01 Y:00 P:84 SP:FD CPU Cycle:423324148
DECC $69 $01       ADC #$01                    A:80 X:01 Y:00 P:84 SP:FD CPU Cycle:423324150
DECE $8D $05 $02   STA $0205 = $81             A:81 X:01 Y:00 P:84 SP:FD CPU Cycle:423324152
DED1 $18           CLC                         A:81 X:01 Y:00 P:84 SP:FD CPU Cycle:423324156
DED2 $69 $01       ADC #$01                    A:81 X:01 Y:00 P:84 SP:FD CPU Cycle:423324158
DED4 $8D $09 $02   STA $0209 = $82             A:82 X:01 Y:00 P:84 SP:FD CPU Cycle:423324160
DED7 $18           CLC                         A:82 X:01 Y:00 P:84 SP:FD CPU Cycle:423324164
DED8 $69 $01       ADC #$01                    A:82 X:01 Y:00 P:84 SP:FD CPU Cycle:423324166
DEDA $8D $0D $02   STA $020D = $83             A:83 X:01 Y:00 P:84 SP:FD CPU Cycle:423324168
DEDD $A5 $36       LDA $36 = $6C               A:83 X:01 Y:00 P:84 SP:FD CPU Cycle:423324172
DEDF $8D $68 $02   STA $0268 = $6C             A:6C X:01 Y:00 P:04 SP:FD CPU Cycle:423324175
DEE2 $A5 $37       LDA $37 = $55               A:6C X:01 Y:00 P:04 SP:FD CPU Cycle:423324179
DEE4 $8D $6B $02   STA $026B = $55             A:55 X:01 Y:00 P:04 SP:FD CPU Cycle:423324182
DEE7 $A9 $B7       LDA #$B7                    A:55 X:01 Y:00 P:04 SP:FD CPU Cycle:423324186
DEE9 $8D $69 $02   STA $0269 = $B7             A:B7 X:01 Y:00 P:84 SP:FD CPU Cycle:423324188
DEEC $A5 $38       LDA $38 = $7D               A:B7 X:01 Y:00 P:84 SP:FD CPU Cycle:423324192
DEEE $8D $6C $02   STA $026C = $7D             A:7D X:01 Y:00 P:04 SP:FD CPU Cycle:423324195
DEF1 $A5 $39       LDA $39 = $E4               A:7D X:01 Y:00 P:04 SP:FD CPU Cycle:423324199
DEF3 $8D $6F $02   STA $026F = $E4             A:E4 X:01 Y:00 P:84 SP:FD CPU Cycle:423324202
DEF6 $A5 $2B       LDA $2B = $BC               A:E4 X:01 Y:00 P:84 SP:FD CPU Cycle:423324206
DEF8 $8D $6D $02   STA $026D = $BC             A:BC X:01 Y:00 P:84 SP:FD CPU Cycle:423324209
DEFB $A5 $3A       LDA $3A = $AB               A:BC X:01 Y:00 P:84 SP:FD CPU Cycle:423324213
DEFD $8D $54 $02   STA $0254 = $AB             A:AB X:01 Y:00 P:84 SP:FD CPU Cycle:423324216
DF00 $A5 $3B       LDA $3B = $1F               A:AB X:01 Y:00 P:84 SP:FD CPU Cycle:423324220
DF02 $8D $57 $02   STA $0257 = $1F             A:1F X:01 Y:00 P:04 SP:FD CPU Cycle:423324223
DF05 $A5 $2C       LDA $2C = $BF               A:1F X:01 Y:00 P:04 SP:FD CPU Cycle:423324227
DF07 $8D $55 $02   STA $0255 = $BF             A:BF X:01 Y:00 P:84 SP:FD CPU Cycle:423324230
DF0A $A5 $3C       LDA $3C = $AB               A:BF X:01 Y:00 P:84 SP:FD CPU Cycle:423324234
DF0C $8D $58 $02   STA $0258 = $AB             A:AB X:01 Y:00 P:84 SP:FD CPU Cycle:423324237
DF0F $A5 $3D       LDA $3D = $27               A:AB X:01 Y:00 P:84 SP:FD CPU Cycle:423324241
DF11 $8D $5B $02   STA $025B = $27             A:27 X:01 Y:00 P:04 SP:FD CPU Cycle:423324244
DF14 $A5 $2D       LDA $2D = $C0               A:27 X:01 Y:00 P:04 SP:FD CPU Cycle:423324248
DF16 $8D $59 $02   STA $0259 = $C0             A:C0 X:01 Y:00 P:84 SP:FD CPU Cycle:423324251
DF19 $A9 $0F       LDA #$0F                    A:C0 X:01 Y:00 P:84 SP:FD CPU Cycle:423324255
DF1B $24 $2A       BIT $2A = $00               A:0F X:01 Y:00 P:04 SP:FD CPU Cycle:423324257
DF1D $70 $06       BVS $DF25 = $8D             A:0F X:01 Y:00 P:06 SP:FD CPU Cycle:423324260
DF1F $24 $92       BIT $92 = $80               A:0F X:01 Y:00 P:06 SP:FD CPU Cycle:423324262
DF21 $10 $02       BPL $DF25 = $8D             A:0F X:01 Y:00 P:86 SP:FD CPU Cycle:423324265
DF23 $A9 $17       LDA #$17                    A:0F X:01 Y:00 P:86 SP:FD CPU Cycle:423324267
DF25 $8D $70 $02   STA $0270 = $17             A:17 X:01 Y:00 P:04 SP:FD CPU Cycle:423324269
DF28 $8D $74 $02   STA $0274 = $17             A:17 X:01 Y:00 P:04 SP:FD CPU Cycle:423324273
DF2B $A9 $17       LDA #$17                    A:17 X:01 Y:00 P:04 SP:FD CPU Cycle:423324277
DF2D $8D $78 $02   STA $0278 = $17             A:17 X:01 Y:00 P:04 SP:FD CPU Cycle:423324279
DF30 $8D $7C $02   STA $027C = $17             A:17 X:01 Y:00 P:04 SP:FD CPU Cycle:423324283
DF33 $A9 $11       LDA #$11                    A:17 X:01 Y:00 P:04 SP:FD CPU Cycle:423324287
DF35 $8D $73 $02   STA $0273 = $11             A:11 X:01 Y:00 P:04 SP:FD CPU Cycle:423324289
DF38 $8D $7B $02   STA $027B = $11             A:11 X:01 Y:00 P:04 SP:FD CPU Cycle:423324293
DF3B $18           CLC                         A:11 X:01 Y:00 P:04 SP:FD CPU Cycle:423324297
DF3C $69 $08       ADC #$08                    A:11 X:01 Y:00 P:04 SP:FD CPU Cycle:423324299
DF3E $8D $77 $02   STA $0277 = $19             A:19 X:01 Y:00 P:04 SP:FD CPU Cycle:423324301
DF41 $8D $7F $02   STA $027F = $19             A:19 X:01 Y:00 P:04 SP:FD CPU Cycle:423324305
DF44 $60           RTS                         A:19 X:01 Y:00 P:04 SP:FD CPU Cycle:423324309
CF69 $20 $2F $F7 JSR $F72F = $A9               A:19 X:01 Y:00 P:04 SP:FF CPU Cycle:423324315
F72F $A9 $00       LDA #$00                    A:19 X:01 Y:00 P:04 SP:FD CPU Cycle:423324321
F731 $85 $1E       STA $1E = $40               A:00 X:01 Y:00 P:06 SP:FD CPU Cycle:423324323
F733 $A9 $30       LDA #$30                    A:00 X:01 Y:00 P:06 SP:FD CPU Cycle:423324326
F735 $85 $1F       STA $1F = $30               A:30 X:01 Y:00 P:04 SP:FD CPU Cycle:423324328
F737 $A0 $03       LDY #$03                    A:30 X:01 Y:00 P:04 SP:FD CPU Cycle:423324331
F739 $B9 $9D $00   LDA $009D,Y = $00           A:30 X:01 Y:03 P:04 SP:FD CPU Cycle:423324333
F73C $29 $01       AND #$01                    A:00 X:01 Y:03 P:06 SP:FD CPU Cycle:423324337
F73E $D0 $0D       BNE $F74D = $A5             A:00 X:01 Y:03 P:06 SP:FD CPU Cycle:423324339
F740 $A5 $1E       LDA $1E = $00               A:00 X:01 Y:03 P:06 SP:FD CPU Cycle:423324341
F742 $99 $A1 $00   STA $00A1,Y = $00           A:00 X:01 Y:03 P:06 SP:FD CPU Cycle:423324344
F745 $18           CLC                         A:00 X:01 Y:03 P:06 SP:FD CPU Cycle:423324349
F746 $69 $10       ADC #$10                    A:00 X:01 Y:03 P:06 SP:FD CPU Cycle:423324351
F748 $85 $1E       STA $1E = $00               A:10 X:01 Y:03 P:04 SP:FD CPU Cycle:423324353
F74A $4C $57 $F7   JMP $F757 = $88             A:10 X:01 Y:03 P:04 SP:FD CPU Cycle:423324356
F757 $88           DEY                         A:10 X:01 Y:03 P:04 SP:FD CPU Cycle:423324359
F758 $10 $DF       BPL $F739 = $B9             A:10 X:01 Y:02 P:04 SP:FD CPU Cycle:423324361
F739 $B9 $9D $00   LDA $009D,Y = $00           A:10 X:01 Y:02 P:04 SP:FD CPU Cycle:423324364
F73C $29 $01       AND #$01                    A:00 X:01 Y:02 P:06 SP:FD CPU Cycle:423324368
F73E $D0 $0D       BNE $F74D = $A5             A:00 X:01 Y:02 P:06 SP:FD CPU Cycle:423324370
F740 $A5 $1E       LDA $1E = $10               A:00 X:01 Y:02 P:06 SP:FD CPU Cycle:423324372
F742 $99 $A1 $00   STA $00A1,Y = $10           A:10 X:01 Y:02 P:04 SP:FD CPU Cycle:423324375
F745 $18           CLC                         A:10 X:01 Y:02 P:04 SP:FD CPU Cycle:423324380
F746 $69 $10       ADC #$10                    A:10 X:01 Y:02 P:04 SP:FD CPU Cycle:423324382
F748 $85 $1E       STA $1E = $10               A:20 X:01 Y:02 P:04 SP:FD CPU Cycle:423324384
F74A $4C $57 $F7   JMP $F757 = $88             A:20 X:01 Y:02 P:04 SP:FD CPU Cycle:423324387
F757 $88           DEY                         A:20 X:01 Y:02 P:04 SP:FD CPU Cycle:423324390
F758 $10 $DF       BPL $F739 = $B9             A:20 X:01 Y:01 P:04 SP:FD CPU Cycle:423324392
F739 $B9 $9D $00   LDA $009D,Y = $00           A:20 X:01 Y:01 P:04 SP:FD CPU Cycle:423324395
F73C $29 $01       AND #$01                    A:00 X:01 Y:01 P:06 SP:FD CPU Cycle:423324399
F73E $D0 $0D       BNE $F74D = $A5             A:00 X:01 Y:01 P:06 SP:FD CPU Cycle:423324401
F740 $A5 $1E       LDA $1E = $20               A:00 X:01 Y:01 P:06 SP:FD CPU Cycle:423324403
F742 $99 $A1 $00   STA $00A1,Y = $20           A:20 X:01 Y:01 P:04 SP:FD CPU Cycle:423324406
F745 $18           CLC                         A:20 X:01 Y:01 P:04 SP:FD CPU Cycle:423324411
F746 $69 $10       ADC #$10                    A:20 X:01 Y:01 P:04 SP:FD CPU Cycle:423324413
F748 $85 $1E       STA $1E = $20               A:30 X:01 Y:01 P:04 SP:FD CPU Cycle:423324415
F74A $4C $57 $F7   JMP $F757 = $88             A:30 X:01 Y:01 P:04 SP:FD CPU Cycle:423324418
F757 $88           DEY                         A:30 X:01 Y:01 P:04 SP:FD CPU Cycle:423324421
F758 $10 $DF       BPL $F739 = $B9             A:30 X:01 Y:00 P:06 SP:FD CPU Cycle:423324423
F739 $B9 $9D $00   LDA $009D,Y = $00           A:30 X:01 Y:00 P:06 SP:FD CPU Cycle:423324426
F73C $29 $01       AND #$01                    A:00 X:01 Y:00 P:06 SP:FD CPU Cycle:423324430
F73E $D0 $0D       BNE $F74D = $A5             A:00 X:01 Y:00 P:06 SP:FD CPU Cycle:423324432
F740 $A5 $1E       LDA $1E = $30               A:00 X:01 Y:00 P:06 SP:FD CPU Cycle:423324434
F742 $99 $A1 $00   STA $00A1,Y = $30           A:30 X:01 Y:00 P:04 SP:FD CPU Cycle:423324437
F745 $18           CLC                         A:30 X:01 Y:00 P:04 SP:FD CPU Cycle:423324442
F746 $69 $10       ADC #$10                    A:30 X:01 Y:00 P:04 SP:FD CPU Cycle:423324444
F748 $85 $1E       STA $1E = $30               A:40 X:01 Y:00 P:04 SP:FD CPU Cycle:423324446
F74A $4C $57 $F7   JMP $F757 = $88             A:40 X:01 Y:00 P:04 SP:FD CPU Cycle:423324449
F757 $88           DEY                         A:40 X:01 Y:00 P:04 SP:FD CPU Cycle:423324452
F758 $10 $DF       BPL $F739 = $B9             A:40 X:01 Y:FF P:84 SP:FD CPU Cycle:423324454
F75A $60           RTS                         A:40 X:01 Y:FF P:84 SP:FD CPU Cycle:423324456
CF6C $20 $61 $D9 JSR $D961 = $46               A:40 X:01 Y:FF P:84 SP:FF CPU Cycle:423324462
D961 $46 $06       LSR $06 = $02               A:40 X:01 Y:FF P:84 SP:FD CPU Cycle:423324468
D963 $66 $05       ROR $05 = $80               A:40 X:01 Y:FF P:04 SP:FD CPU Cycle:423324473
D965 $B5 $7C       LDA $7C,X = $20             A:40 X:01 Y:FF P:04 SP:FD CPU Cycle:423324478
D967 $4A           LSR A                       A:20 X:01 Y:FF P:04 SP:FD CPU Cycle:423324482
D968 $29 $1F       AND #$1F                    A:10 X:01 Y:FF P:04 SP:FD CPU Cycle:423324484
D96A $8D $5C $03   STA $035C = $08             A:10 X:01 Y:FF P:04 SP:FD CPU Cycle:423324486
D96D $A8           TAY                         A:10 X:01 Y:FF P:04 SP:FD CPU Cycle:423324490
D96E $B9 $19 $E2   LDA $E219,Y = $FF           A:10 X:01 Y:10 P:04 SP:FD CPU Cycle:423324492
D971 $85 $08       STA $08 = $3E               A:FF X:01 Y:10 P:84 SP:FD CPU Cycle:423324496
D973 $A5 $05       LDA $05 = $40               A:FF X:01 Y:10 P:84 SP:FD CPU Cycle:423324499
D975 $85 $07       STA $07 = $01               A:40 X:01 Y:10 P:04 SP:FD CPU Cycle:423324502
D977 $20 $A5 $DC   JSR $DCA5 = $A9             A:40 X:01 Y:10 P:04 SP:FD CPU Cycle:423324505
DCA5 $A9 $00         LDA #$00                  A:40 X:01 Y:10 P:04 SP:FB CPU Cycle:423324511
DCA7 $0A             ASL A                     A:00 X:01 Y:10 P:06 SP:FB CPU Cycle:423324513
DCA8 $26 $07         ROL $07 = $40             A:00 X:01 Y:10 P:06 SP:FB CPU Cycle:423324515
DCAA $90 $07         BCC $DCB3 = $0A           A:00 X:01 Y:10 P:84 SP:FB CPU Cycle:423324520
DCB3 $0A             ASL A                     A:00 X:01 Y:10 P:84 SP:FB CPU Cycle:423324523
DCB4 $26 $07         ROL $07 = $80             A:00 X:01 Y:10 P:06 SP:FB CPU Cycle:423324525
DCB6 $90 $07         BCC $DCBF = $0A           A:00 X:01 Y:10 P:07 SP:FB CPU Cycle:423324530
DCB8 $18             CLC                       A:00 X:01 Y:10 P:07 SP:FB CPU Cycle:423324532
DCB9 $65 $08         ADC $08 = $FF             A:00 X:01 Y:10 P:06 SP:FB CPU Cycle:423324534
DCBB $90 $02         BCC $DCBF = $0A           A:FF X:01 Y:10 P:84 SP:FB CPU Cycle:423324537
DCBF $0A             ASL A                     A:FF X:01 Y:10 P:84 SP:FB CPU Cycle:423324540
DCC0 $26 $07         ROL $07 = $00             A:FE X:01 Y:10 P:85 SP:FB CPU Cycle:423324542
DCC2 $90 $07         BCC $DCCB = $0A           A:FE X:01 Y:10 P:04 SP:FB CPU Cycle:423324547
DCCB $0A             ASL A                     A:FE X:01 Y:10 P:04 SP:FB CPU Cycle:423324550
DCCC $26 $07         ROL $07 = $01             A:FC X:01 Y:10 P:85 SP:FB CPU Cycle:423324552
DCCE $90 $07         BCC $DCD7 = $0A           A:FC X:01 Y:10 P:04 SP:FB CPU Cycle:423324557
DCD7 $0A             ASL A                     A:FC X:01 Y:10 P:04 SP:FB CPU Cycle:423324560
DCD8 $26 $07         ROL $07 = $03             A:F8 X:01 Y:10 P:85 SP:FB CPU Cycle:423324562
DCDA $90 $07         BCC $DCE3 = $0A           A:F8 X:01 Y:10 P:04 SP:FB CPU Cycle:423324567
DCE3 $0A             ASL A                     A:F8 X:01 Y:10 P:04 SP:FB CPU Cycle:423324570
DCE4 $26 $07         ROL $07 = $07             A:F0 X:01 Y:10 P:85 SP:FB CPU Cycle:423324572
DCE6 $90 $07         BCC $DCEF = $0A           A:F0 X:01 Y:10 P:04 SP:FB CPU Cycle:423324577
DCEF $0A             ASL A                     A:F0 X:01 Y:10 P:04 SP:FB CPU Cycle:423324580
DCF0 $26 $07         ROL $07 = $0F             A:E0 X:01 Y:10 P:85 SP:FB CPU Cycle:423324582
DCF2 $90 $07         BCC $DCFB = $0A           A:E0 X:01 Y:10 P:04 SP:FB CPU Cycle:423324587
DCFB $0A             ASL A                     A:E0 X:01 Y:10 P:04 SP:FB CPU Cycle:423324590
DCFC $26 $07         ROL $07 = $1F             A:C0 X:01 Y:10 P:85 SP:FB CPU Cycle:423324592
DCFE $90 $07         BCC $DD07 = $85           A:C0 X:01 Y:10 P:04 SP:FB CPU Cycle:423324597
DD07 $85 $08         STA $08 = $FF             A:C0 X:01 Y:10 P:04 SP:FB CPU Cycle:423324600
DD09 $60             RTS                       A:C0 X:01 Y:10 P:04 SP:FB CPU Cycle:423324603
D97A $A5 $07       LDA $07 = $3F               A:C0 X:01 Y:10 P:04 SP:FD CPU Cycle:423324609
D97C $85 $1B       STA $1B = $87               A:3F X:01 Y:10 P:04 SP:FD CPU Cycle:423324612
D97E $AC $5C $03   LDY $035C = $10             A:3F X:01 Y:10 P:04 SP:FD CPU Cycle:423324615
D981 $B9 $19 $E2   LDA $E219,Y = $FF           A:3F X:01 Y:10 P:04 SP:FD CPU Cycle:423324619
D984 $85 $08       STA $08 = $C0               A:FF X:01 Y:10 P:84 SP:FD CPU Cycle:423324623
D986 $A5 $06       LDA $06 = $01               A:FF X:01 Y:10 P:84 SP:FD CPU Cycle:423324626
D988 $85 $07       STA $07 = $3F               A:01 X:01 Y:10 P:04 SP:FD CPU Cycle:423324629
D98A $20 $A5 $DC   JSR $DCA5 = $A9             A:01 X:01 Y:10 P:04 SP:FD CPU Cycle:423324632
DCA5 $A9 $00         LDA #$00                  A:01 X:01 Y:10 P:04 SP:FB CPU Cycle:423324638
DCA7 $0A             ASL A                     A:00 X:01 Y:10 P:06 SP:FB CPU Cycle:423324640
DCA8 $26 $07         ROL $07 = $01             A:00 X:01 Y:10 P:06 SP:FB CPU Cycle:423324642
DCAA $90 $07         BCC $DCB3 = $0A           A:00 X:01 Y:10 P:04 SP:FB CPU Cycle:423324647
DCB3 $0A             ASL A                     A:00 X:01 Y:10 P:04 SP:FB CPU Cycle:423324650
DCB4 $26 $07         ROL $07 = $02             A:00 X:01 Y:10 P:06 SP:FB CPU Cycle:423324652
DCB6 $90 $07         BCC $DCBF = $0A           A:00 X:01 Y:10 P:04 SP:FB CPU Cycle:423324657
DCBF $0A             ASL A                     A:00 X:01 Y:10 P:04 SP:FB CPU Cycle:423324660
DCC0 $26 $07         ROL $07 = $04             A:00 X:01 Y:10 P:06 SP:FB CPU Cycle:423324662
DCC2 $90 $07         BCC $DCCB = $0A           A:00 X:01 Y:10 P:04 SP:FB CPU Cycle:423324667
DCCB $0A             ASL A                     A:00 X:01 Y:10 P:04 SP:FB CPU Cycle:423324670
DCCC $26 $07         ROL $07 = $08             A:00 X:01 Y:10 P:06 SP:FB CPU Cycle:423324672
DCCE $90 $07         BCC $DCD7 = $0A           A:00 X:01 Y:10 P:04 SP:FB CPU Cycle:423324677
DCD7 $0A             ASL A                     A:00 X:01 Y:10 P:04 SP:FB CPU Cycle:423324680
DCD8 $26 $07         ROL $07 = $10             A:00 X:01 Y:10 P:06 SP:FB CPU Cycle:423324682
DCDA $90 $07         BCC $DCE3 = $0A           A:00 X:01 Y:10 P:04 SP:FB CPU Cycle:423324687
DCE3 $0A             ASL A                     A:00 X:01 Y:10 P:04 SP:FB CPU Cycle:423324690
DCE4 $26 $07         ROL $07 = $20             A:00 X:01 Y:10 P:06 SP:FB CPU Cycle:423324692
DCE6 $90 $07         BCC $DCEF = $0A           A:00 X:01 Y:10 P:04 SP:FB CPU Cycle:423324697
DCEF $0A             ASL A                     A:00 X:01 Y:10 P:04 SP:FB CPU Cycle:423324700
DCF0 $26 $07         ROL $07 = $40             A:00 X:01 Y:10 P:06 SP:FB CPU Cycle:423324702
DCF2 $90 $07         BCC $DCFB = $0A           A:00 X:01 Y:10 P:84 SP:FB CPU Cycle:423324707
DCFB $0A             ASL A                     A:00 X:01 Y:10 P:84 SP:FB CPU Cycle:423324710
DCFC $26 $07         ROL $07 = $80             A:00 X:01 Y:10 P:06 SP:FB CPU Cycle:423324712
DCFE $90 $07         BCC $DD07 = $85           A:00 X:01 Y:10 P:07 SP:FB CPU Cycle:423324717
DD00 $18             CLC                       A:00 X:01 Y:10 P:07 SP:FB CPU Cycle:423324719
DD01 $65 $08         ADC $08 = $FF             A:00 X:01 Y:10 P:06 SP:FB CPU Cycle:423324721
DD03 $90 $02         BCC $DD07 = $85           A:FF X:01 Y:10 P:84 SP:FB CPU Cycle:423324724
DD07 $85 $08         STA $08 = $FF             A:FF X:01 Y:10 P:84 SP:FB CPU Cycle:423324727
DD09 $60             RTS                       A:FF X:01 Y:10 P:84 SP:FB CPU Cycle:423324730
D98D $A5 $1B       LDA $1B = $3F               A:FF X:01 Y:10 P:84 SP:FD CPU Cycle:423324736
D98F $18           CLC                         A:3F X:01 Y:10 P:04 SP:FD CPU Cycle:423324739
D990 $65 $08       ADC $08 = $FF               A:3F X:01 Y:10 P:04 SP:FD CPU Cycle:423324741
D992 $85 $08       STA $08 = $FF               A:3E X:01 Y:10 P:05 SP:FD CPU Cycle:423324744
D994 $90 $02       BCC $D998 = $AD             A:3E X:01 Y:10 P:05 SP:FD CPU Cycle:423324747
D996 $E6 $07       INC $07 = $00               A:3E X:01 Y:10 P:05 SP:FD CPU Cycle:423324749
D998 $AD $5C $03   LDA $035C = $10             A:3E X:01 Y:10 P:05 SP:FD CPU Cycle:423324754
D99B $C9 $08       CMP #$08                    A:10 X:01 Y:10 P:05 SP:FD CPU Cycle:423324758
D99D $90 $04       BCC $D9A3 = $B5             A:10 X:01 Y:10 P:05 SP:FD CPU Cycle:423324760
D99F $C9 $18       CMP #$18                    A:10 X:01 Y:10 P:05 SP:FD CPU Cycle:423324762
D9A1 $90 $10       BCC $D9B3 = $B5             A:10 X:01 Y:10 P:84 SP:FD CPU Cycle:423324764
D9B3 $B5 $5D       LDA $5D,X = $28             A:10 X:01 Y:10 P:84 SP:FD CPU Cycle:423324767
D9B5 $38           SEC                         A:28 X:01 Y:10 P:04 SP:FD CPU Cycle:423324771
D9B6 $E5 $08       SBC $08 = $3E               A:28 X:01 Y:10 P:05 SP:FD CPU Cycle:423324773
D9B8 $95 $5D       STA $5D,X = $28             A:EA X:01 Y:10 P:84 SP:FD CPU Cycle:423324776
D9BA $B5 $57       LDA $57,X = $BD             A:EA X:01 Y:10 P:84 SP:FD CPU Cycle:423324780
D9BC $E5 $07       SBC $07 = $01               A:BD X:01 Y:10 P:84 SP:FD CPU Cycle:423324784
D9BE $95 $57       STA $57,X = $BD             A:BB X:01 Y:10 P:85 SP:FD CPU Cycle:423324787
D9C0 $AC $5C $03   LDY $035C = $10             A:BB X:01 Y:10 P:85 SP:FD CPU Cycle:423324791
D9C3 $B9 $11 $E2   LDA $E211,Y = $00           A:BB X:01 Y:10 P:05 SP:FD CPU Cycle:423324795
D9C6 $85 $08       STA $08 = $3E               A:00 X:01 Y:10 P:07 SP:FD CPU Cycle:423324799
D9C8 $A5 $05       LDA $05 = $40               A:00 X:01 Y:10 P:07 SP:FD CPU Cycle:423324802
D9CA $85 $07       STA $07 = $01               A:40 X:01 Y:10 P:05 SP:FD CPU Cycle:423324805
D9CC $20 $A5 $DC   JSR $DCA5 = $A9             A:40 X:01 Y:10 P:05 SP:FD CPU Cycle:423324808
DCA5 $A9 $00         LDA #$00                  A:40 X:01 Y:10 P:05 SP:FB CPU Cycle:423324814
DCA7 $0A             ASL A                     A:00 X:01 Y:10 P:07 SP:FB CPU Cycle:423324816
DCA8 $26 $07         ROL $07 = $40             A:00 X:01 Y:10 P:06 SP:FB CPU Cycle:423324818
DCAA $90 $07         BCC $DCB3 = $0A           A:00 X:01 Y:10 P:84 SP:FB CPU Cycle:423324823
DCB3 $0A             ASL A                     A:00 X:01 Y:10 P:84 SP:FB CPU Cycle:423324826
DCB4 $26 $07         ROL $07 = $80             A:00 X:01 Y:10 P:06 SP:FB CPU Cycle:423324828
DCB6 $90 $07         BCC $DCBF = $0A           A:00 X:01 Y:10 P:07 SP:FB CPU Cycle:423324833
DCB8 $18             CLC                       A:00 X:01 Y:10 P:07 SP:FB CPU Cycle:423324835
DCB9 $65 $08         ADC $08 = $00             A:00 X:01 Y:10 P:06 SP:FB CPU Cycle:423324837
DCBB $90 $02         BCC $DCBF = $0A           A:00 X:01 Y:10 P:06 SP:FB CPU Cycle:423324840
DCBF $0A             ASL A                     A:00 X:01 Y:10 P:06 SP:FB CPU Cycle:423324843
DCC0 $26 $07         ROL $07 = $00             A:00 X:01 Y:10 P:06 SP:FB CPU Cycle:423324845
DCC2 $90 $07         BCC $DCCB = $0A           A:00 X:01 Y:10 P:06 SP:FB CPU Cycle:423324850
DCCB $0A             ASL A                     A:00 X:01 Y:10 P:06 SP:FB CPU Cycle:423324853
DCCC $26 $07         ROL $07 = $00             A:00 X:01 Y:10 P:06 SP:FB CPU Cycle:423324855
DCCE $90 $07         BCC $DCD7 = $0A           A:00 X:01 Y:10 P:06 SP:FB CPU Cycle:423324860
DCD7 $0A             ASL A                     A:00 X:01 Y:10 P:06 SP:FB CPU Cycle:423324863
DCD8 $26 $07         ROL $07 = $00             A:00 X:01 Y:10 P:06 SP:FB CPU Cycle:423324865
DCDA $90 $07         BCC $DCE3 = $0A           A:00 X:01 Y:10 P:06 SP:FB CPU Cycle:423324870
DCE3 $0A             ASL A                     A:00 X:01 Y:10 P:06 SP:FB CPU Cycle:423324873
DCE4 $26 $07         ROL $07 = $00             A:00 X:01 Y:10 P:06 SP:FB CPU Cycle:423324875
DCE6 $90 $07         BCC $DCEF = $0A           A:00 X:01 Y:10 P:06 SP:FB CPU Cycle:423324880
DCEF $0A             ASL A                     A:00 X:01 Y:10 P:06 SP:FB CPU Cycle:423324883
DCF0 $26 $07         ROL $07 = $00             A:00 X:01 Y:10 P:06 SP:FB CPU Cycle:423324885
DCF2 $90 $07         BCC $DCFB = $0A           A:00 X:01 Y:10 P:06 SP:FB CPU Cycle:423324890
DCFB $0A             ASL A                     A:00 X:01 Y:10 P:06 SP:FB CPU Cycle:423324893
DCFC $26 $07         ROL $07 = $00             A:00 X:01 Y:10 P:06 SP:FB CPU Cycle:423324895
DCFE $90 $07         BCC $DD07 = $85           A:00 X:01 Y:10 P:06 SP:FB CPU Cycle:423324900
DD07 $85 $08         STA $08 = $00             A:00 X:01 Y:10 P:06 SP:FB CPU Cycle:423324903
DD09 $60             RTS                       A:00 X:01 Y:10 P:06 SP:FB CPU Cycle:423324906
D9CF $A5 $07       LDA $07 = $00               A:00 X:01 Y:10 P:06 SP:FD CPU Cycle:423324912
D9D1 $85 $1B       STA $1B = $3F               A:00 X:01 Y:10 P:06 SP:FD CPU Cycle:423324915
D9D3 $AC $5C $03   LDY $035C = $10             A:00 X:01 Y:10 P:06 SP:FD CPU Cycle:423324918
D9D6 $B9 $11 $E2   LDA $E211,Y = $00           A:00 X:01 Y:10 P:04 SP:FD CPU Cycle:423324922
D9D9 $85 $08       STA $08 = $00               A:00 X:01 Y:10 P:06 SP:FD CPU Cycle:423324926
D9DB $A5 $06       LDA $06 = $01               A:00 X:01 Y:10 P:06 SP:FD CPU Cycle:423324929
D9DD $85 $07       STA $07 = $00               A:01 X:01 Y:10 P:04 SP:FD CPU Cycle:423324932
D9DF $20 $A5 $DC   JSR $DCA5 = $A9             A:01 X:01 Y:10 P:04 SP:FD CPU Cycle:423324935
DCA5 $A9 $00         LDA #$00                  A:01 X:01 Y:10 P:04 SP:FB CPU Cycle:423324941
DCA7 $0A             ASL A                     A:00 X:01 Y:10 P:06 SP:FB CPU Cycle:423324943
DCA8 $26 $07         ROL $07 = $01             A:00 X:01 Y:10 P:06 SP:FB CPU Cycle:423324945
DCAA $90 $07         BCC $DCB3 = $0A           A:00 X:01 Y:10 P:04 SP:FB CPU Cycle:423324950
DCB3 $0A             ASL A                     A:00 X:01 Y:10 P:04 SP:FB CPU Cycle:423324953
DCB4 $26 $07         ROL $07 = $02             A:00 X:01 Y:10 P:06 SP:FB CPU Cycle:423324955
DCB6 $90 $07         BCC $DCBF = $0A           A:00 X:01 Y:10 P:04 SP:FB CPU Cycle:423324960
DCBF $0A             ASL A                     A:00 X:01 Y:10 P:04 SP:FB CPU Cycle:423324963
DCC0 $26 $07         ROL $07 = $04             A:00 X:01 Y:10 P:06 SP:FB CPU Cycle:423324965
DCC2 $90 $07         BCC $DCCB = $0A           A:00 X:01 Y:10 P:04 SP:FB CPU Cycle:423324970
DCCB $0A             ASL A                     A:00 X:01 Y:10 P:04 SP:FB CPU Cycle:423324973
DCCC $26 $07         ROL $07 = $08             A:00 X:01 Y:10 P:06 SP:FB CPU Cycle:423324975
DCCE $90 $07         BCC $DCD7 = $0A           A:00 X:01 Y:10 P:04 SP:FB CPU Cycle:423324980
DCD7 $0A             ASL A                     A:00 X:01 Y:10 P:04 SP:FB CPU Cycle:423324983
DCD8 $26 $07         ROL $07 = $10             A:00 X:01 Y:10 P:06 SP:FB CPU Cycle:423324985
DCDA $90 $07         BCC $DCE3 = $0A           A:00 X:01 Y:10 P:04 SP:FB CPU Cycle:423324990
DCE3 $0A             ASL A                     A:00 X:01 Y:10 P:04 SP:FB CPU Cycle:423324993
DCE4 $26 $07         ROL $07 = $20             A:00 X:01 Y:10 P:06 SP:FB CPU Cycle:423324995
DCE6 $90 $07         BCC $DCEF = $0A           A:00 X:01 Y:10 P:04 SP:FB CPU Cycle:423325000
DCEF $0A             ASL A                     A:00 X:01 Y:10 P:04 SP:FB CPU Cycle:423325003
DCF0 $26 $07         ROL $07 = $40             A:00 X:01 Y:10 P:06 SP:FB CPU Cycle:423325005
DCF2 $90 $07         BCC $DCFB = $0A           A:00 X:01 Y:10 P:84 SP:FB CPU Cycle:423325010
DCFB $0A             ASL A                     A:00 X:01 Y:10 P:84 SP:FB CPU Cycle:423325013
DCFC $26 $07         ROL $07 = $80             A:00 X:01 Y:10 P:06 SP:FB CPU Cycle:423325015
DCFE $90 $07         BCC $DD07 = $85           A:00 X:01 Y:10 P:07 SP:FB CPU Cycle:423325020
DD00 $18             CLC                       A:00 X:01 Y:10 P:07 SP:FB CPU Cycle:423325022
DD01 $65 $08         ADC $08 = $00             A:00 X:01 Y:10 P:06 SP:FB CPU Cycle:423325024
DD03 $90 $02         BCC $DD07 = $85           A:00 X:01 Y:10 P:06 SP:FB CPU Cycle:423325027
DD07 $85 $08         STA $08 = $00             A:00 X:01 Y:10 P:06 SP:FB CPU Cycle:423325030
DD09 $60             RTS                       A:00 X:01 Y:10 P:06 SP:FB CPU Cycle:423325033
D9E2 $A5 $1B       LDA $1B = $00               A:00 X:01 Y:10 P:06 SP:FD CPU Cycle:423325039
D9E4 $18           CLC                         A:00 X:01 Y:10 P:06 SP:FD CPU Cycle:423325042
D9E5 $65 $08       ADC $08 = $00               A:00 X:01 Y:10 P:06 SP:FD CPU Cycle:423325044
D9E7 $85 $08       STA $08 = $00               A:00 X:01 Y:10 P:06 SP:FD CPU Cycle:423325047
D9E9 $90 $02       BCC $D9ED = $AD             A:00 X:01 Y:10 P:06 SP:FD CPU Cycle:423325050
D9ED $AD $5C $03   LDA $035C = $10             A:00 X:01 Y:10 P:06 SP:FD CPU Cycle:423325053
D9F0 $C9 $10       CMP #$10                    A:10 X:01 Y:10 P:04 SP:FD CPU Cycle:423325057
D9F2 $90 $0E       BCC $DA02 = $B5             A:10 X:01 Y:10 P:07 SP:FD CPU Cycle:423325059
D9F4 $B5 $52       LDA $52,X = $BA             A:10 X:01 Y:10 P:07 SP:FD CPU Cycle:423325061
D9F6 $18           CLC                         A:BA X:01 Y:10 P:85 SP:FD CPU Cycle:423325065
D9F7 $65 $08       ADC $08 = $00               A:BA X:01 Y:10 P:84 SP:FD CPU Cycle:423325067
D9F9 $95 $52       STA $52,X = $BA             A:BA X:01 Y:10 P:84 SP:FD CPU Cycle:423325070
D9FB $B5 $4C       LDA $4C,X = $33             A:BA X:01 Y:10 P:84 SP:FD CPU Cycle:423325074
D9FD $65 $07       ADC $07 = $00               A:33 X:01 Y:10 P:04 SP:FD CPU Cycle:423325078
D9FF $95 $4C       STA $4C,X = $33             A:33 X:01 Y:10 P:04 SP:FD CPU Cycle:423325081
DA01 $60           RTS                         A:33 X:01 Y:10 P:04 SP:FD CPU Cycle:423325085
CF6F $20 $D9 $E7 JSR $E7D9 = $AD               A:33 X:01 Y:10 P:04 SP:FF CPU Cycle:423325091
E7D9 $AD $30 $03   LDA $0330 = $FF             A:33 X:01 Y:10 P:04 SP:FD CPU Cycle:423325097
E7DC $30 $3D       BMI $E81B = $A9             A:FF X:01 Y:10 P:84 SP:FD CPU Cycle:423325101
E81B $A9 $00       LDA #$00                    A:FF X:01 Y:10 P:84 SP:FD CPU Cycle:423325105
E81D $85 $02       STA $02 = $E2               A:00 X:01 Y:10 P:06 SP:FD CPU Cycle:423325107
E81F $B5 $4C       LDA $4C,X = $33             A:00 X:01 Y:10 P:06 SP:FD CPU Cycle:423325110
E821 $38           SEC                         A:33 X:01 Y:10 P:04 SP:FD CPU Cycle:423325114
E822 $E9 $18       SBC #$18                    A:33 X:01 Y:10 P:05 SP:FD CPU Cycle:423325116
E824 $0A           ASL A                       A:1B X:01 Y:10 P:05 SP:FD CPU Cycle:423325118
E825 $26 $02       ROL $02 = $00               A:36 X:01 Y:10 P:04 SP:FD CPU Cycle:423325120
E827 $0A           ASL A                       A:36 X:01 Y:10 P:06 SP:FD CPU Cycle:423325125
E828 $26 $02       ROL $02 = $00               A:6C X:01 Y:10 P:04 SP:FD CPU Cycle:423325127
E82A $29 $E0       AND #$E0                    A:6C X:01 Y:10 P:06 SP:FD CPU Cycle:423325132
E82C $85 $01       STA $01 = $6D               A:60 X:01 Y:10 P:04 SP:FD CPU Cycle:423325134
E82E $B5 $57       LDA $57,X = $BB             A:60 X:01 Y:10 P:04 SP:FD CPU Cycle:423325137
E830 $18           CLC                         A:BB X:01 Y:10 P:84 SP:FD CPU Cycle:423325141
E831 $69 $08       ADC #$08                    A:BB X:01 Y:10 P:84 SP:FD CPU Cycle:423325143
E833 $4A           LSR A                       A:C3 X:01 Y:10 P:84 SP:FD CPU Cycle:423325145
E834 $4A           LSR A                       A:61 X:01 Y:10 P:05 SP:FD CPU Cycle:423325147
E835 $4A           LSR A                       A:30 X:01 Y:10 P:05 SP:FD CPU Cycle:423325149
E836 $05 $01       ORA $01 = $60               A:18 X:01 Y:10 P:04 SP:FD CPU Cycle:423325151
E838 $85 $01       STA $01 = $60               A:78 X:01 Y:10 P:04 SP:FD CPU Cycle:423325154
E83A $A4 $14       LDY $14 = $04               A:78 X:01 Y:10 P:04 SP:FD CPU Cycle:423325157
E83C $B9 $70 $F4   LDA $F470,Y = $F3           A:78 X:01 Y:04 P:04 SP:FD CPU Cycle:423325160
E83F $18           CLC                         A:F3 X:01 Y:04 P:84 SP:FD CPU Cycle:423325164
E840 $65 $01       ADC $01 = $78               A:F3 X:01 Y:04 P:84 SP:FD CPU Cycle:423325166
E842 $85 $01       STA $01 = $78               A:6B X:01 Y:04 P:05 SP:FD CPU Cycle:423325169
E844 $B9 $77 $F4   LDA $F477,Y = $AA           A:6B X:01 Y:04 P:05 SP:FD CPU Cycle:423325172
E847 $65 $02       ADC $02 = $00               A:AA X:01 Y:04 P:85 SP:FD CPU Cycle:423325176
E849 $85 $02       STA $02 = $00               A:AB X:01 Y:04 P:84 SP:FD CPU Cycle:423325179
E84B $A0 $00       LDY #$00                    A:AB X:01 Y:04 P:84 SP:FD CPU Cycle:423325182
E84D $B1 $01       LDA ($01),Y = $00           A:AB X:01 Y:00 P:06 SP:FD CPU Cycle:423325184
E84F $85 $1B       STA $1B = $00               A:00 X:01 Y:00 P:06 SP:FD CPU Cycle:423325189
E851 $D5 $BE       CMP $BE,X = $00             A:00 X:01 Y:00 P:06 SP:FD CPU Cycle:423325192
E853 $F0 $18       BEQ $E86D = $60             A:00 X:01 Y:00 P:07 SP:FD CPU Cycle:423325196
E86D $60           RTS                         A:00 X:01 Y:00 P:07 SP:FD CPU Cycle:423325199
CF72 $20 $55 $D3 JSR $D355 = $B5               A:00 X:01 Y:00 P:07 SP:FF CPU Cycle:423325205
D355 $B5 $B6       LDA $B6,X = $00             A:00 X:01 Y:00 P:07 SP:FD CPU Cycle:423325211
D357 $C9 $04       CMP #$04                    A:00 X:01 Y:00 P:07 SP:FD CPU Cycle:423325215
D359 $F0 $10       BEQ $D36B = $24             A:00 X:01 Y:00 P:84 SP:FD CPU Cycle:423325217
D35B $C9 $01       CMP #$01                    A:00 X:01 Y:00 P:84 SP:FD CPU Cycle:423325219
D35D $D0 $33       BNE $D392 = $60             A:00 X:01 Y:00 P:84 SP:FD CPU Cycle:423325221
D392 $60           RTS                         A:00 X:01 Y:00 P:84 SP:FD CPU Cycle:423325224
CF75 $20 $14 $D4 JSR $D414 = $AD               A:00 X:01 Y:00 P:84 SP:FF CPU Cycle:423325230
D414 $AD $19 $03   LDA $0319 = $03             A:00 X:01 Y:00 P:84 SP:FD CPU Cycle:423325236
D417 $F0 $0E       BEQ $D427 = $60             A:03 X:01 Y:00 P:04 SP:FD CPU Cycle:423325240
D419 $A5 $0C       LDA $0C = $78               A:03 X:01 Y:00 P:04 SP:FD CPU Cycle:423325242
D41B $C9 $F0       CMP #$F0                    A:78 X:01 Y:00 P:04 SP:FD CPU Cycle:423325245
D41D $F0 $09       BEQ $D428 = $2C             A:78 X:01 Y:00 P:84 SP:FD CPU Cycle:423325247
D41F $AD $2C $03   LDA $032C = $00             A:78 X:01 Y:00 P:84 SP:FD CPU Cycle:423325249
D422 $29 $7F       AND #$7F                    A:00 X:01 Y:00 P:06 SP:FD CPU Cycle:423325253
D424 $8D $2C $03   STA $032C = $00             A:00 X:01 Y:00 P:06 SP:FD CPU Cycle:423325255
D427 $60           RTS                         A:00 X:01 Y:00 P:06 SP:FD CPU Cycle:423325259
CF78 $20 $10 $DA JSR $DA10 = $B5               A:00 X:01 Y:00 P:06 SP:FF CPU Cycle:423325265
DA10 $B5 $91       LDA $91,X = $80             A:00 X:01 Y:00 P:06 SP:FD CPU Cycle:423325271
DA12 $29 $7A       AND #$7A                    A:80 X:01 Y:00 P:84 SP:FD CPU Cycle:423325275
DA14 $F0 $3B       BEQ $DA51 = $60             A:00 X:01 Y:00 P:06 SP:FD CPU Cycle:423325277
DA51 $60           RTS                         A:00 X:01 Y:00 P:06 SP:FD CPU Cycle:423325280
CF7B $CA         DEX                           A:00 X:01 Y:00 P:06 SP:FF CPU Cycle:423325286
CF7C $10 $E2     BPL $CF60 = $20               A:00 X:00 Y:00 P:06 SP:FF CPU Cycle:423325288
CF60 $20 $B7 $D6 JSR $D6B7 = $A9               A:00 X:00 Y:00 P:06 SP:FF CPU Cycle:423325291
D6B7 $A9 $00       LDA #$00                    A:00 X:00 Y:00 P:06 SP:FD CPU Cycle:423325297
D6B9 $85 $06       STA $06 = $01               A:00 X:00 Y:00 P:06 SP:FD CPU Cycle:423325299
D6BB $85 $05       STA $05 = $40               A:00 X:00 Y:00 P:06 SP:FD CPU Cycle:423325302
D6BD $A5 $12       LDA $12 = $00               A:00 X:00 Y:00 P:06 SP:FD CPU Cycle:423325305
D6BF $D0 $E2       BNE $D6A3 = $60             A:00 X:00 Y:00 P:06 SP:FD CPU Cycle:423325308
D6C1 $A5 $0D       LDA $0D = $80               A:00 X:00 Y:00 P:06 SP:FD CPU Cycle:423325310
D6C3 $30 $09       BMI $D6CE = $B5             A:80 X:00 Y:00 P:84 SP:FD CPU Cycle:423325313
D6CE $B5 $C6       LDA $C6,X = $00             A:80 X:00 Y:00 P:84 SP:FD CPU Cycle:423325316
D6D0 $30 $06       BMI $D6D8 = $A9             A:00 X:00 Y:00 P:06 SP:FD CPU Cycle:423325320
D6D2 $B5 $9D       LDA $9D,X = $00             A:00 X:00 Y:00 P:06 SP:FD CPU Cycle:423325322
D6D4 $29 $01       AND #$01                    A:00 X:00 Y:00 P:06 SP:FD CPU Cycle:423325326
D6D6 $D0 $3C       BNE $D714 = $B5             A:00 X:00 Y:00 P:06 SP:FD CPU Cycle:423325328
D6D8 $A9 $00       LDA #$00                    A:00 X:00 Y:00 P:06 SP:FD CPU Cycle:423325330
D6DA $85 $02       STA $02 = $AB               A:00 X:00 Y:00 P:06 SP:FD CPU Cycle:423325332
D6DC $B5 $4C       LDA $4C,X = $CE             A:00 X:00 Y:00 P:06 SP:FD CPU Cycle:423325335
D6DE $38           SEC                         A:CE X:00 Y:00 P:84 SP:FD CPU Cycle:423325339
D6DF $E9 $18       SBC #$18                    A:CE X:00 Y:00 P:85 SP:FD CPU Cycle:423325341
D6E1 $0A           ASL A                       A:B6 X:00 Y:00 P:85 SP:FD CPU Cycle:423325343
D6E2 $26 $02       ROL $02 = $00               A:6C X:00 Y:00 P:05 SP:FD CPU Cycle:423325345
D6E4 $0A           ASL A                       A:6C X:00 Y:00 P:04 SP:FD CPU Cycle:423325350
D6E5 $26 $02       ROL $02 = $01               A:D8 X:00 Y:00 P:84 SP:FD CPU Cycle:423325352
D6E7 $29 $E0       AND #$E0                    A:D8 X:00 Y:00 P:04 SP:FD CPU Cycle:423325357
D6E9 $85 $01       STA $01 = $6B               A:C0 X:00 Y:00 P:84 SP:FD CPU Cycle:423325359
D6EB $B5 $57       LDA $57,X = $93             A:C0 X:00 Y:00 P:84 SP:FD CPU Cycle:423325362
D6ED $18           CLC                         A:93 X:00 Y:00 P:84 SP:FD CPU Cycle:423325366
D6EE $69 $08       ADC #$08                    A:93 X:00 Y:00 P:84 SP:FD CPU Cycle:423325368
D6F0 $4A           LSR A                       A:9B X:00 Y:00 P:84 SP:FD CPU Cycle:423325370
D6F1 $4A           LSR A                       A:4D X:00 Y:00 P:05 SP:FD CPU Cycle:423325372
D6F2 $4A           LSR A                       A:26 X:00 Y:00 P:05 SP:FD CPU Cycle:423325374
D6F3 $05 $01       ORA $01 = $C0               A:13 X:00 Y:00 P:04 SP:FD CPU Cycle:423325376
D6F5 $85 $01       STA $01 = $C0               A:D3 X:00 Y:00 P:84 SP:FD CPU Cycle:423325379
D6F7 $A4 $14       LDY $14 = $04               A:D3 X:00 Y:00 P:84 SP:FD CPU Cycle:423325382
D6F9 $B9 $61 $E1   LDA $E161,Y = $F3           A:D3 X:00 Y:04 P:04 SP:FD CPU Cycle:423325385
D6FC $18           CLC                         A:F3 X:00 Y:04 P:84 SP:FD CPU Cycle:423325389
D6FD $65 $01       ADC $01 = $D3               A:F3 X:00 Y:04 P:84 SP:FD CPU Cycle:423325391
D6FF $85 $01       STA $01 = $D3               A:C6 X:00 Y:04 P:85 SP:FD CPU Cycle:423325394
D701 $B9 $68 $E1   LDA $E168,Y = $A7           A:C6 X:00 Y:04 P:85 SP:FD CPU Cycle:423325397
D704 $65 $02       ADC $02 = $02               A:A7 X:00 Y:04 P:85 SP:FD CPU Cycle:423325401
D706 $85 $02       STA $02 = $02               A:AA X:00 Y:04 P:84 SP:FD CPU Cycle:423325404
D708 $A0 $00       LDY #$00                    A:AA X:00 Y:04 P:84 SP:FD CPU Cycle:423325407
D70A $B1 $01       LDA ($01),Y = $07           A:AA X:00 Y:00 P:06 SP:FD CPU Cycle:423325409
D70C $85 $1B       STA $1B = $00               A:07 X:00 Y:00 P:04 SP:FD CPU Cycle:423325414
D70E $4A           LSR A                       A:07 X:00 Y:00 P:04 SP:FD CPU Cycle:423325417
D70F $4A           LSR A                       A:03 X:00 Y:00 P:05 SP:FD CPU Cycle:423325419
D710 $29 $FE       AND #$FE                    A:01 X:00 Y:00 P:05 SP:FD CPU Cycle:423325421
D712 $95 $C6       STA $C6,X = $00             A:00 X:00 Y:00 P:07 SP:FD CPU Cycle:423325423
D714 $B5 $91       LDA $91,X = $00             A:00 X:00 Y:00 P:07 SP:FD CPU Cycle:423325427
D716 $10 $03       BPL $D71B = $B5             A:00 X:00 Y:00 P:07 SP:FD CPU Cycle:423325431
D71B $B5 $91       LDA $91,X = $00             A:00 X:00 Y:00 P:07 SP:FD CPU Cycle:423325434
D71D $29 $08       AND #$08                    A:00 X:00 Y:00 P:07 SP:FD CPU Cycle:423325438
D71F $F0 $06       BEQ $D727 = $B5             A:00 X:00 Y:00 P:07 SP:FD CPU Cycle:423325440
D727 $B5 $91       LDA $91,X = $00             A:00 X:00 Y:00 P:07 SP:FD CPU Cycle:423325443
D729 $29 $42       AND #$42                    A:00 X:00 Y:00 P:07 SP:FD CPU Cycle:423325447
D72B $D0 $6D       BNE $D79A = $20             A:00 X:00 Y:00 P:07 SP:FD CPU Cycle:423325449
D72D $B5 $7C       LDA $7C,X = $00             A:00 X:00 Y:00 P:07 SP:FD CPU Cycle:423325451
D72F $29 $3E       AND #$3E                    A:00 X:00 Y:00 P:07 SP:FD CPU Cycle:423325455
D731 $85 $1B       STA $1B = $07               A:00 X:00 Y:00 P:07 SP:FD CPU Cycle:423325457
D733 $B5 $62       LDA $62,X = $00             A:00 X:00 Y:00 P:07 SP:FD CPU Cycle:423325460
D735 $29 $3E       AND #$3E                    A:00 X:00 Y:00 P:07 SP:FD CPU Cycle:423325464
D737 $38           SEC                         A:00 X:00 Y:00 P:07 SP:FD CPU Cycle:423325466
D738 $E5 $1B       SBC $1B = $00               A:00 X:00 Y:00 P:07 SP:FD CPU Cycle:423325468
D73A $85 $1B       STA $1B = $00               A:00 X:00 Y:00 P:07 SP:FD CPU Cycle:423325471
D73C $F0 $56       BEQ $D794 = $B5             A:00 X:00 Y:00 P:07 SP:FD CPU Cycle:423325474
D794 $B5 $D0       LDA $D0,X = $08             A:00 X:00 Y:00 P:07 SP:FD CPU Cycle:423325477
D796 $29 $01       AND #$01                    A:08 X:00 Y:00 P:05 SP:FD CPU Cycle:423325481
D798 $D0 $24       BNE $D7BE = $B5             A:00 X:00 Y:00 P:07 SP:FD CPU Cycle:423325483
D79A $20 $49 $D9   JSR $D949 = $98             A:00 X:00 Y:00 P:07 SP:FD CPU Cycle:423325485
D949 $98             TYA                       A:00 X:00 Y:00 P:07 SP:FB CPU Cycle:423325491
D94A $48             PHA                       A:00 X:00 Y:00 P:07 SP:FB CPU Cycle:423325493
D94B $B5 $74          LDA $74,X = $00          A:00 X:00 Y:00 P:07 SP:FA CPU Cycle:423325496
D94D $F0 $0F          BEQ $D95E = $68          A:00 X:00 Y:00 P:07 SP:FA CPU Cycle:423325500
D95E $68              PLA                      A:00 X:00 Y:00 P:07 SP:FA CPU Cycle:423325503
D95F $A8             TAY                       A:00 X:00 Y:00 P:07 SP:FB CPU Cycle:423325507
D960 $60             RTS                       A:00 X:00 Y:00 P:07 SP:FB CPU Cycle:423325509
D79D $4C $DC $D7   JMP $D7DC = $B5             A:00 X:00 Y:00 P:07 SP:FD CPU Cycle:423325515
D7DC $B5 $8D       LDA $8D,X = $00             A:00 X:00 Y:00 P:07 SP:FD CPU Cycle:423325518
D7DE $0A           ASL A                       A:00 X:00 Y:00 P:07 SP:FD CPU Cycle:423325522
D7DF $A8           TAY                         A:00 X:00 Y:00 P:06 SP:FD CPU Cycle:423325524
D7E0 $B9 $F5 $E4   LDA $E4F5,Y = $75           A:00 X:00 Y:00 P:06 SP:FD CPU Cycle:423325526
D7E3 $85 $01       STA $01 = $C6               A:75 X:00 Y:00 P:04 SP:FD CPU Cycle:423325530
D7E5 $B9 $F6 $E4   LDA $E4F6,Y = $E3           A:75 X:00 Y:00 P:04 SP:FD CPU Cycle:423325533
D7E8 $85 $02       STA $02 = $AA               A:E3 X:00 Y:00 P:84 SP:FD CPU Cycle:423325537
D7EA $B5 $74       LDA $74,X = $00             A:E3 X:00 Y:00 P:84 SP:FD CPU Cycle:423325540
D7EC $0A           ASL A                       A:00 X:00 Y:00 P:06 SP:FD CPU Cycle:423325544
D7ED $A8           TAY                         A:00 X:00 Y:00 P:06 SP:FD CPU Cycle:423325546
D7EE $B1 $01       LDA ($01),Y = $00           A:00 X:00 Y:00 P:06 SP:FD CPU Cycle:423325548
D7F0 $85 $05       STA $05 = $00               A:00 X:00 Y:00 P:06 SP:FD CPU Cycle:423325553
D7F2 $C8           INY                         A:00 X:00 Y:00 P:06 SP:FD CPU Cycle:423325556
D7F3 $B1 $01       LDA ($01),Y = $00           A:00 X:00 Y:01 P:04 SP:FD CPU Cycle:423325558
D7F5 $85 $06       STA $06 = $00               A:00 X:00 Y:01 P:06 SP:FD CPU Cycle:423325563
D7F7 $E0 $02       CPX #$02                    A:00 X:00 Y:01 P:06 SP:FD CPU Cycle:423325566
D7F9 $B0 $26       BCS $D821 = $60             A:00 X:00 Y:01 P:84 SP:FD CPU Cycle:423325568
D7FB $B5 $74       LDA $74,X = $00             A:00 X:00 Y:01 P:84 SP:FD CPU Cycle:423325570
D7FD $F0 $12       BEQ $D811 = $95             A:00 X:00 Y:01 P:06 SP:FD CPU Cycle:423325574
D811 $95 $33       STA $33,X = $00             A:00 X:00 Y:01 P:06 SP:FD CPU Cycle:423325578
D813 $BD $26 $D8   LDA $D826,X = $08           A:00 X:00 Y:01 P:06 SP:FD CPU Cycle:423325582
D816 $DD $42 $03   CMP $0342,X = $08           A:08 X:00 Y:01 P:04 SP:FD CPU Cycle:423325586
D819 $F0 $06       BEQ $D821 = $60             A:08 X:00 Y:01 P:07 SP:FD CPU Cycle:423325590
D821 $60           RTS                         A:08 X:00 Y:01 P:07 SP:FD CPU Cycle:423325593
CF63 $20 $0A $DD JSR $DD0A = $A4               A:08 X:00 Y:01 P:07 SP:FF CPU Cycle:423325599
DD0A $A4 $A1       LDY $A1 = $30               A:08 X:00 Y:01 P:07 SP:FD CPU Cycle:423325605
DD0C $A5 $A5       LDA $A5 = $00               A:08 X:00 Y:30 P:05 SP:FD CPU Cycle:423325608
DD0E $99 $16 $02   STA $0216,Y = $00           A:00 X:00 Y:30 P:07 SP:FD CPU Cycle:423325611
DD11 $99 $1A $02   STA $021A,Y = $00           A:00 X:00 Y:30 P:07 SP:FD CPU Cycle:423325616
DD14 $99 $1E $02   STA $021E,Y = $00           A:00 X:00 Y:30 P:07 SP:FD CPU Cycle:423325621
DD17 $99 $22 $02   STA $0222,Y = $00           A:00 X:00 Y:30 P:07 SP:FD CPU Cycle:423325626
DD1A $A4 $A2       LDY $A2 = $20               A:00 X:00 Y:30 P:07 SP:FD CPU Cycle:423325631
DD1C $A5 $A6       LDA $A6 = $01               A:00 X:00 Y:20 P:05 SP:FD CPU Cycle:423325634
DD1E $99 $16 $02   STA $0216,Y = $01           A:01 X:00 Y:20 P:05 SP:FD CPU Cycle:423325637
DD21 $99 $1A $02   STA $021A,Y = $01           A:01 X:00 Y:20 P:05 SP:FD CPU Cycle:423325642
DD24 $99 $1E $02   STA $021E,Y = $01           A:01 X:00 Y:20 P:05 SP:FD CPU Cycle:423325647
DD27 $99 $22 $02   STA $0222,Y = $01           A:01 X:00 Y:20 P:05 SP:FD CPU Cycle:423325652
DD2A $A4 $A3       LDY $A3 = $10               A:01 X:00 Y:20 P:05 SP:FD CPU Cycle:423325657
DD2C $A5 $A7       LDA $A7 = $02               A:01 X:00 Y:10 P:05 SP:FD CPU Cycle:423325660
DD2E $99 $16 $02   STA $0216,Y = $02           A:02 X:00 Y:10 P:05 SP:FD CPU Cycle:423325663
DD31 $99 $1A $02   STA $021A,Y = $02           A:02 X:00 Y:10 P:05 SP:FD CPU Cycle:423325668
DD34 $99 $1E $02   STA $021E,Y = $02           A:02 X:00 Y:10 P:05 SP:FD CPU Cycle:423325673
DD37 $99 $22 $02   STA $0222,Y = $02           A:02 X:00 Y:10 P:05 SP:FD CPU Cycle:423325678
DD3A $A4 $A4       LDY $A4 = $00               A:02 X:00 Y:10 P:05 SP:FD CPU Cycle:423325683
DD3C $A5 $A8       LDA $A8 = $03               A:02 X:00 Y:00 P:07 SP:FD CPU Cycle:423325686
DD3E $99 $16 $02   STA $0216,Y = $03           A:03 X:00 Y:00 P:05 SP:FD CPU Cycle:423325689
DD41 $99 $1A $02   STA $021A,Y = $03           A:03 X:00 Y:00 P:05 SP:FD CPU Cycle:423325694
DD44 $99 $1E $02   STA $021E,Y = $03           A:03 X:00 Y:00 P:05 SP:FD CPU Cycle:423325699
DD47 $99 $22 $02   STA $0222,Y = $03           A:03 X:00 Y:00 P:05 SP:FD CPU Cycle:423325704
DD4A $A5 $A9       LDA $A9 = $03               A:03 X:00 Y:00 P:05 SP:FD CPU Cycle:423325709
DD4C $8D $02 $02   STA $0202 = $03             A:03 X:00 Y:00 P:05 SP:FD CPU Cycle:423325712
DD4F $8D $06 $02   STA $0206 = $03             A:03 X:00 Y:00 P:05 SP:FD CPU Cycle:423325716
DD52 $8D $0A $02   STA $020A = $03             A:03 X:00 Y:00 P:05 SP:FD CPU Cycle:423325720
DD55 $8D $0E $02   STA $020E = $03             A:03 X:00 Y:00 P:05 SP:FD CPU Cycle:423325724
DD58 $A5 $AA       LDA $AA = $03               A:03 X:00 Y:00 P:05 SP:FD CPU Cycle:423325728
DD5A $8D $12 $02   STA $0212 = $03             A:03 X:00 Y:00 P:05 SP:FD CPU Cycle:423325731
DD5D $A5 $AB       LDA $AB = $00               A:03 X:00 Y:00 P:05 SP:FD CPU Cycle:423325735
DD5F $8D $6A $02   STA $026A = $00             A:00 X:00 Y:00 P:07 SP:FD CPU Cycle:423325738
DD62 $60           RTS                         A:00 X:00 Y:00 P:07 SP:FD CPU Cycle:423325742
CF66 $20 $63 $DD JSR $DD63 = $A4               A:00 X:00 Y:00 P:07 SP:FF CPU Cycle:423325748
DD63 $A4 $A1       LDY $A1 = $30               A:00 X:00 Y:00 P:07 SP:FD CPU Cycle:423325754
DD65 $A5 $62       LDA $62 = $00               A:00 X:00 Y:30 P:05 SP:FD CPU Cycle:423325757
DD67 $29 $FE       AND #$FE                    A:00 X:00 Y:30 P:07 SP:FD CPU Cycle:423325760
DD69 $0A           ASL A                       A:00 X:00 Y:30 P:07 SP:FD CPU Cycle:423325762
DD6A $99 $15 $02   STA $0215,Y = $00           A:00 X:00 Y:30 P:06 SP:FD CPU Cycle:423325764
DD6D $18           CLC                         A:00 X:00 Y:30 P:06 SP:FD CPU Cycle:423325769
DD6E $69 $01       ADC #$01                    A:00 X:00 Y:30 P:06 SP:FD CPU Cycle:423325771
DD70 $99 $19 $02   STA $0219,Y = $01           A:01 X:00 Y:30 P:04 SP:FD CPU Cycle:423325773
DD73 $18           CLC                         A:01 X:00 Y:30 P:04 SP:FD CPU Cycle:423325778
DD74 $69 $01       ADC #$01                    A:01 X:00 Y:30 P:04 SP:FD CPU Cycle:423325780
DD76 $99 $1D $02   STA $021D,Y = $02           A:02 X:00 Y:30 P:04 SP:FD CPU Cycle:423325782
DD79 $18           CLC                         A:02 X:00 Y:30 P:04 SP:FD CPU Cycle:423325787
DD7A $69 $01       ADC #$01                    A:02 X:00 Y:30 P:04 SP:FD CPU Cycle:423325789
DD7C $99 $21 $02   STA $0221,Y = $03           A:03 X:00 Y:30 P:04 SP:FD CPU Cycle:423325791
DD7F $A5 $4C       LDA $4C = $CE               A:03 X:00 Y:30 P:04 SP:FD CPU Cycle:423325796
DD81 $99 $14 $02   STA $0214,Y = $CE           A:CE X:00 Y:30 P:84 SP:FD CPU Cycle:423325799
DD84 $99 $18 $02   STA $0218,Y = $CE           A:CE X:00 Y:30 P:84 SP:FD CPU Cycle:423325804
DD87 $18           CLC                         A:CE X:00 Y:30 P:84 SP:FD CPU Cycle:423325809
DD88 $69 $08       ADC #$08                    A:CE X:00 Y:30 P:84 SP:FD CPU Cycle:423325811
DD8A $99 $1C $02   STA $021C,Y = $D6           A:D6 X:00 Y:30 P:84 SP:FD CPU Cycle:423325813
DD8D $99 $20 $02   STA $0220,Y = $D6           A:D6 X:00 Y:30 P:84 SP:FD CPU Cycle:423325818
DD90 $A5 $57       LDA $57 = $93               A:D6 X:00 Y:30 P:84 SP:FD CPU Cycle:423325823
DD92 $99 $17 $02   STA $0217,Y = $93           A:93 X:00 Y:30 P:84 SP:FD CPU Cycle:423325826
DD95 $99 $1F $02   STA $021F,Y = $93           A:93 X:00 Y:30 P:84 SP:FD CPU Cycle:423325831
DD98 $18           CLC                         A:93 X:00 Y:30 P:84 SP:FD CPU Cycle:423325836
DD99 $69 $08       ADC #$08                    A:93 X:00 Y:30 P:84 SP:FD CPU Cycle:423325838
DD9B $99 $1B $02   STA $021B,Y = $9B           A:9B X:00 Y:30 P:84 SP:FD CPU Cycle:423325840
DD9E $99 $23 $02   STA $0223,Y = $9B           A:9B X:00 Y:30 P:84 SP:FD CPU Cycle:423325845
DDA1 $A4 $A2       LDY $A2 = $20               A:9B X:00 Y:30 P:84 SP:FD CPU Cycle:423325850
DDA3 $A5 $63       LDA $63 = $20               A:9B X:00 Y:20 P:04 SP:FD CPU Cycle:423325853
DDA5 $29 $FE       AND #$FE                    A:20 X:00 Y:20 P:04 SP:FD CPU Cycle:423325856
DDA7 $0A           ASL A                       A:20 X:00 Y:20 P:04 SP:FD CPU Cycle:423325858
DDA8 $99 $15 $02   STA $0215,Y = $40           A:40 X:00 Y:20 P:04 SP:FD CPU Cycle:423325860
DDAB $18           CLC                         A:40 X:00 Y:20 P:04 SP:FD CPU Cycle:423325865
DDAC $69 $01       ADC #$01                    A:40 X:00 Y:20 P:04 SP:FD CPU Cycle:423325867
DDAE $99 $19 $02   STA $0219,Y = $41           A:41 X:00 Y:20 P:04 SP:FD CPU Cycle:423325869
DDB1 $18           CLC                         A:41 X:00 Y:20 P:04 SP:FD CPU Cycle:423325874
DDB2 $69 $01       ADC #$01                    A:41 X:00 Y:20 P:04 SP:FD CPU Cycle:423325876
DDB4 $99 $1D $02   STA $021D,Y = $42           A:42 X:00 Y:20 P:04 SP:FD CPU Cycle:423325878
DDB7 $18           CLC                         A:42 X:00 Y:20 P:04 SP:FD CPU Cycle:423325883
DDB8 $69 $01       ADC #$01                    A:42 X:00 Y:20 P:04 SP:FD CPU Cycle:423325885
DDBA $99 $21 $02   STA $0221,Y = $43           A:43 X:00 Y:20 P:04 SP:FD CPU Cycle:423325887
DDBD $A5 $4D       LDA $4D = $33               A:43 X:00 Y:20 P:04 SP:FD CPU Cycle:423325892
DDBF $99 $14 $02   STA $0214,Y = $33           A:33 X:00 Y:20 P:04 SP:FD CPU Cycle:423325895
DDC2 $99 $18 $02   STA $0218,Y = $33           A:33 X:00 Y:20 P:04 SP:FD CPU Cycle:423325900
DDC5 $18           CLC                         A:33 X:00 Y:20 P:04 SP:FD CPU Cycle:423325905
DDC6 $69 $08       ADC #$08                    A:33 X:00 Y:20 P:04 SP:FD CPU Cycle:423325907
DDC8 $99 $1C $02   STA $021C,Y = $3B           A:3B X:00 Y:20 P:04 SP:FD CPU Cycle:423325909
DDCB $99 $20 $02   STA $0220,Y = $3B           A:3B X:00 Y:20 P:04 SP:FD CPU Cycle:423325914
DDCE $A5 $58       LDA $58 = $BB               A:3B X:00 Y:20 P:04 SP:FD CPU Cycle:423325919
DDD0 $99 $17 $02   STA $0217,Y = $BD           A:BB X:00 Y:20 P:84 SP:FD CPU Cycle:423325922
DDD3 $99 $1F $02   STA $021F,Y = $BD           A:BB X:00 Y:20 P:84 SP:FD CPU Cycle:423325927
DDD6 $18           CLC                         A:BB X:00 Y:20 P:84 SP:FD CPU Cycle:423325932
DDD7 $69 $08       ADC #$08                    A:BB X:00 Y:20 P:84 SP:FD CPU Cycle:423325934
DDD9 $99 $1B $02   STA $021B,Y = $C5           A:C3 X:00 Y:20 P:84 SP:FD CPU Cycle:423325936
DDDC $99 $23 $02   STA $0223,Y = $C5           A:C3 X:00 Y:20 P:84 SP:FD CPU Cycle:423325941
DDDF $A4 $A3       LDY $A3 = $10               A:C3 X:00 Y:20 P:84 SP:FD CPU Cycle:423325946
DDE1 $A5 $64       LDA $64 = $10               A:C3 X:00 Y:10 P:04 SP:FD CPU Cycle:423325949
DDE3 $29 $FE       AND #$FE                    A:10 X:00 Y:10 P:04 SP:FD CPU Cycle:423325952
DDE5 $0A           ASL A                       A:10 X:00 Y:10 P:04 SP:FD CPU Cycle:423325954
DDE6 $99 $15 $02   STA $0215,Y = $20           A:20 X:00 Y:10 P:04 SP:FD CPU Cycle:423325956
DDE9 $18           CLC                         A:20 X:00 Y:10 P:04 SP:FD CPU Cycle:423325961
DDEA $69 $01       ADC #$01                    A:20 X:00 Y:10 P:04 SP:FD CPU Cycle:423325963
DDEC $99 $19 $02   STA $0219,Y = $21           A:21 X:00 Y:10 P:04 SP:FD CPU Cycle:423325965
DDEF $18           CLC                         A:21 X:00 Y:10 P:04 SP:FD CPU Cycle:423325970
DDF0 $69 $01       ADC #$01                    A:21 X:00 Y:10 P:04 SP:FD CPU Cycle:423325972
DDF2 $99 $1D $02   STA $021D,Y = $22           A:22 X:00 Y:10 P:04 SP:FD CPU Cycle:423325974
DDF5 $18           CLC                         A:22 X:00 Y:10 P:04 SP:FD CPU Cycle:423325979
DDF6 $69 $01       ADC #$01                    A:22 X:00 Y:10 P:04 SP:FD CPU Cycle:423325981
DDF8 $99 $21 $02   STA $0221,Y = $23           A:23 X:00 Y:10 P:04 SP:FD CPU Cycle:423325983
DDFB $A5 $4E       LDA $4E = $60               A:23 X:00 Y:10 P:04 SP:FD CPU Cycle:423325988
DDFD $99 $14 $02   STA $0214,Y = $60           A:60 X:00 Y:10 P:04 SP:FD CPU Cycle:423325991
DE00 $99 $18 $02   STA $0218,Y = $60           A:60 X:00 Y:10 P:04 SP:FD CPU Cycle:423325996
DE03 $18           CLC                         A:60 X:00 Y:10 P:04 SP:FD CPU Cycle:423326001
DE04 $69 $08       ADC #$08                    A:60 X:00 Y:10 P:04 SP:FD CPU Cycle:423326003
DE06 $99 $1C $02   STA $021C,Y = $68           A:68 X:00 Y:10 P:04 SP:FD CPU Cycle:423326005
DE09 $99 $20 $02   STA $0220,Y = $68           A:68 X:00 Y:10 P:04 SP:FD CPU Cycle:423326010
DE0C $A5 $59       LDA $59 = $D3               A:68 X:00 Y:10 P:04 SP:FD CPU Cycle:423326015
DE0E $99 $17 $02   STA $0217,Y = $D3           A:D3 X:00 Y:10 P:84 SP:FD CPU Cycle:423326018
DE11 $99 $1F $02   STA $021F,Y = $D3           A:D3 X:00 Y:10 P:84 SP:FD CPU Cycle:423326023
DE14 $18           CLC                         A:D3 X:00 Y:10 P:84 SP:FD CPU Cycle:423326028
DE15 $69 $08       ADC #$08                    A:D3 X:00 Y:10 P:84 SP:FD CPU Cycle:423326030
DE17 $99 $1B $02   STA $021B,Y = $DB           A:DB X:00 Y:10 P:84 SP:FD CPU Cycle:423326032
DE1A $99 $23 $02   STA $0223,Y = $DB           A:DB X:00 Y:10 P:84 SP:FD CPU Cycle:423326037
DE1D $A4 $A4       LDY $A4 = $00               A:DB X:00 Y:10 P:84 SP:FD CPU Cycle:423326042
DE1F $A5 $65       LDA $65 = $38               A:DB X:00 Y:00 P:06 SP:FD CPU Cycle:423326045
DE21 $29 $FE       AND #$FE                    A:38 X:00 Y:00 P:04 SP:FD CPU Cycle:423326048
DE23 $0A           ASL A                       A:38 X:00 Y:00 P:04 SP:FD CPU Cycle:423326050
DE24 $99 $15 $02   STA $0215,Y = $70           A:70 X:00 Y:00 P:04 SP:FD CPU Cycle:423326052
DE27 $18           CLC                         A:70 X:00 Y:00 P:04 SP:FD CPU Cycle:423326057
DE28 $69 $01       ADC #$01                    A:70 X:00 Y:00 P:04 SP:FD CPU Cycle:423326059
DE2A $99 $19 $02   STA $0219,Y = $71           A:71 X:00 Y:00 P:04 SP:FD CPU Cycle:423326061
DE2D $18           CLC                         A:71 X:00 Y:00 P:04 SP:FD CPU Cycle:423326066
DE2E $69 $01       ADC #$01                    A:71 X:00 Y:00 P:04 SP:FD CPU Cycle:423326068
DE30 $99 $1D $02   STA $021D,Y = $72           A:72 X:00 Y:00 P:04 SP:FD CPU Cycle:423326070
DE33 $18           CLC                         A:72 X:00 Y:00 P:04 SP:FD CPU Cycle:423326075
DE34 $69 $01       ADC #$01                    A:72 X:00 Y:00 P:04 SP:FD CPU Cycle:423326077
DE36 $99 $21 $02   STA $0221,Y = $73           A:73 X:00 Y:00 P:04 SP:FD CPU Cycle:423326079
DE39 $A5 $4F       LDA $4F = $56               A:73 X:00 Y:00 P:04 SP:FD CPU Cycle:423326084
DE3B $99 $14 $02   STA $0214,Y = $56           A:56 X:00 Y:00 P:04 SP:FD CPU Cycle:423326087
DE3E $99 $18 $02   STA $0218,Y = $56           A:56 X:00 Y:00 P:04 SP:FD CPU Cycle:423326092
DE41 $18           CLC                         A:56 X:00 Y:00 P:04 SP:FD CPU Cycle:423326097
DE42 $69 $08       ADC #$08                    A:56 X:00 Y:00 P:04 SP:FD CPU Cycle:423326099
DE44 $99 $1C $02   STA $021C,Y = $5E           A:5E X:00 Y:00 P:04 SP:FD CPU Cycle:423326101
DE47 $99 $20 $02   STA $0220,Y = $5E           A:5E X:00 Y:00 P:04 SP:FD CPU Cycle:423326106
DE4A $A5 $5A       LDA $5A = $96               A:5E X:00 Y:00 P:04 SP:FD CPU Cycle:423326111
DE4C $99 $17 $02   STA $0217,Y = $96           A:96 X:00 Y:00 P:84 SP:FD CPU Cycle:423326114
DE4F $99 $1F $02   STA $021F,Y = $96           A:96 X:00 Y:00 P:84 SP:FD CPU Cycle:423326119
DE52 $18           CLC                         A:96 X:00 Y:00 P:84 SP:FD CPU Cycle:423326124
DE53 $69 $08       ADC #$08                    A:96 X:00 Y:00 P:84 SP:FD CPU Cycle:423326126
DE55 $99 $1B $02   STA $021B,Y = $9E           A:9E X:00 Y:00 P:84 SP:FD CPU Cycle:423326128
DE58 $99 $23 $02   STA $0223,Y = $9E           A:9E X:00 Y:00 P:84 SP:FD CPU Cycle:423326133
DE5B $A5 $51       LDA $51 = $F0               A:9E X:00 Y:00 P:84 SP:FD CPU Cycle:423326138
DE5D $8D $10 $02   STA $0210 = $F0             A:F0 X:00 Y:00 P:84 SP:FD CPU Cycle:423326141
DE60 $A5 $5C       LDA $5C = $00               A:F0 X:00 Y:00 P:84 SP:FD CPU Cycle:423326145
DE62 $8D $13 $02   STA $0213 = $00             A:00 X:00 Y:00 P:06 SP:FD CPU Cycle:423326148
DE65 $A5 $68       LDA $68 = $00               A:00 X:00 Y:00 P:06 SP:FD CPU Cycle:423326152
DE67 $8D $11 $02   STA $0211 = $00             A:00 X:00 Y:00 P:06 SP:FD CPU Cycle:423326155
DE6A $A5 $3E       LDA $3E = $F0               A:00 X:00 Y:00 P:06 SP:FD CPU Cycle:423326159
DE6C $8D $5C $02   STA $025C = $F0             A:F0 X:00 Y:00 P:84 SP:FD CPU Cycle:423326162
DE6F $A5 $41       LDA $41 = $00               A:F0 X:00 Y:00 P:84 SP:FD CPU Cycle:423326166
DE71 $8D $5F $02   STA $025F = $00             A:00 X:00 Y:00 P:06 SP:FD CPU Cycle:423326169
DE74 $A5 $69       LDA $69 = $00               A:00 X:00 Y:00 P:06 SP:FD CPU Cycle:423326173
DE76 $8D $5D $02   STA $025D = $00             A:00 X:00 Y:00 P:06 SP:FD CPU Cycle:423326176
DE79 $A5 $3F       LDA $3F = $F0               A:00 X:00 Y:00 P:06 SP:FD CPU Cycle:423326180
DE7B $8D $60 $02   STA $0260 = $F0             A:F0 X:00 Y:00 P:84 SP:FD CPU Cycle:423326183
DE7E $A5 $42       LDA $42 = $00               A:F0 X:00 Y:00 P:84 SP:FD CPU Cycle:423326187
DE80 $8D $63 $02   STA $0263 = $00             A:00 X:00 Y:00 P:06 SP:FD CPU Cycle:423326190
DE83 $A5 $6A       LDA $6A = $00               A:00 X:00 Y:00 P:06 SP:FD CPU Cycle:423326194
DE85 $8D $61 $02   STA $0261 = $00             A:00 X:00 Y:00 P:06 SP:FD CPU Cycle:423326197
DE88 $A5 $40       LDA $40 = $F0               A:00 X:00 Y:00 P:06 SP:FD CPU Cycle:423326201
DE8A $8D $64 $02   STA $0264 = $F0             A:F0 X:00 Y:00 P:84 SP:FD CPU Cycle:423326204
DE8D $A5 $43       LDA $43 = $00               A:F0 X:00 Y:00 P:84 SP:FD CPU Cycle:423326208
DE8F $8D $67 $02   STA $0267 = $00             A:00 X:00 Y:00 P:06 SP:FD CPU Cycle:423326211
DE92 $A5 $6B       LDA $6B = $00               A:00 X:00 Y:00 P:06 SP:FD CPU Cycle:423326215
DE94 $8D $65 $02   STA $0265 = $00             A:00 X:00 Y:00 P:06 SP:FD CPU Cycle:423326218
DE97 $2C $23 $03   BIT $0323 = $40             A:00 X:00 Y:00 P:06 SP:FD CPU Cycle:423326222
DE9A $30 $41       BMI $DEDD = $A5             A:00 X:00 Y:00 P:46 SP:FD CPU Cycle:423326226
DE9C $AD $19 $03   LDA $0319 = $03             A:00 X:00 Y:00 P:46 SP:FD CPU Cycle:423326228
DE9F $F0 $3C       BEQ $DEDD = $A5             A:03 X:00 Y:00 P:44 SP:FD CPU Cycle:423326232
DEA1 $A5 $50       LDA $50 = $65               A:03 X:00 Y:00 P:44 SP:FD CPU Cycle:423326234
DEA3 $8D $00 $02   STA $0200 = $65             A:65 X:00 Y:00 P:44 SP:FD CPU Cycle:423326237
DEA6 $8D $04 $02   STA $0204 = $65             A:65 X:00 Y:00 P:44 SP:FD CPU Cycle:423326241
DEA9 $18           CLC                         A:65 X:00 Y:00 P:44 SP:FD CPU Cycle:423326245
DEAA $69 $08       ADC #$08                    A:65 X:00 Y:00 P:44 SP:FD CPU Cycle:423326247
DEAC $8D $08 $02   STA $0208 = $6D             A:6D X:00 Y:00 P:04 SP:FD CPU Cycle:423326249
DEAF $8D $0C $02   STA $020C = $6D             A:6D X:00 Y:00 P:04 SP:FD CPU Cycle:423326253
DEB2 $A5 $5B       LDA $5B = $2C               A:6D X:00 Y:00 P:04 SP:FD CPU Cycle:423326257
DEB4 $8D $03 $02   STA $0203 = $2C             A:2C X:00 Y:00 P:04 SP:FD CPU Cycle:423326260
DEB7 $8D $0B $02   STA $020B = $2C             A:2C X:00 Y:00 P:04 SP:FD CPU Cycle:423326264
DEBA $18           CLC                         A:2C X:00 Y:00 P:04 SP:FD CPU Cycle:423326268
DEBB $69 $08       ADC #$08                    A:2C X:00 Y:00 P:04 SP:FD CPU Cycle:423326270
DEBD $8D $07 $02   STA $0207 = $34             A:34 X:00 Y:00 P:04 SP:FD CPU Cycle:423326272
DEC0 $8D $0F $02   STA $020F = $34             A:34 X:00 Y:00 P:04 SP:FD CPU Cycle:423326276
DEC3 $A5 $66       LDA $66 = $40               A:34 X:00 Y:00 P:04 SP:FD CPU Cycle:423326280
DEC5 $29 $FE       AND #$FE                    A:40 X:00 Y:00 P:04 SP:FD CPU Cycle:423326283
DEC7 $0A           ASL A                       A:40 X:00 Y:00 P:04 SP:FD CPU Cycle:423326285
DEC8 $8D $01 $02   STA $0201 = $80             A:80 X:00 Y:00 P:84 SP:FD CPU Cycle:423326287
DECB $18           CLC                         A:80 X:00 Y:00 P:84 SP:FD CPU Cycle:423326291
DECC $69 $01       ADC #$01                    A:80 X:00 Y:00 P:84 SP:FD CPU Cycle:423326293
DECE $8D $05 $02   STA $0205 = $81             A:81 X:00 Y:00 P:84 SP:FD CPU Cycle:423326295
DED1 $18           CLC                         A:81 X:00 Y:00 P:84 SP:FD CPU Cycle:423326299
DED2 $69 $01       ADC #$01                    A:81 X:00 Y:00 P:84 SP:FD CPU Cycle:423326301
DED4 $8D $09 $02   STA $0209 = $82             A:82 X:00 Y:00 P:84 SP:FD CPU Cycle:423326303
DED7 $18           CLC                         A:82 X:00 Y:00 P:84 SP:FD CPU Cycle:423326307
DED8 $69 $01       ADC #$01                    A:82 X:00 Y:00 P:84 SP:FD CPU Cycle:423326309
DEDA $8D $0D $02   STA $020D = $83             A:83 X:00 Y:00 P:84 SP:FD CPU Cycle:423326311
DEDD $A5 $36       LDA $36 = $6C               A:83 X:00 Y:00 P:84 SP:FD CPU Cycle:423326315
DEDF $8D $68 $02   STA $0268 = $6C             A:6C X:00 Y:00 P:04 SP:FD CPU Cycle:423326318
DEE2 $A5 $37       LDA $37 = $55               A:6C X:00 Y:00 P:04 SP:FD CPU Cycle:423326322
DEE4 $8D $6B $02   STA $026B = $55             A:55 X:00 Y:00 P:04 SP:FD CPU Cycle:423326325
DEE7 $A9 $B7       LDA #$B7                    A:55 X:00 Y:00 P:04 SP:FD CPU Cycle:423326329
DEE9 $8D $69 $02   STA $0269 = $B7             A:B7 X:00 Y:00 P:84 SP:FD CPU Cycle:423326331
DEEC $A5 $38       LDA $38 = $7D               A:B7 X:00 Y:00 P:84 SP:FD CPU Cycle:423326335
DEEE $8D $6C $02   STA $026C = $7D             A:7D X:00 Y:00 P:04 SP:FD CPU Cycle:423326338
DEF1 $A5 $39       LDA $39 = $E4               A:7D X:00 Y:00 P:04 SP:FD CPU Cycle:423326342
DEF3 $8D $6F $02   STA $026F = $E4             A:E4 X:00 Y:00 P:84 SP:FD CPU Cycle:423326345
DEF6 $A5 $2B       LDA $2B = $BC               A:E4 X:00 Y:00 P:84 SP:FD CPU Cycle:423326349
DEF8 $8D $6D $02   STA $026D = $BC             A:BC X:00 Y:00 P:84 SP:FD CPU Cycle:423326352
DEFB $A5 $3A       LDA $3A = $AB               A:BC X:00 Y:00 P:84 SP:FD CPU Cycle:423326356
DEFD $8D $54 $02   STA $0254 = $AB             A:AB X:00 Y:00 P:84 SP:FD CPU Cycle:423326359
DF00 $A5 $3B       LDA $3B = $1F               A:AB X:00 Y:00 P:84 SP:FD CPU Cycle:423326363
DF02 $8D $57 $02   STA $0257 = $1F             A:1F X:00 Y:00 P:04 SP:FD CPU Cycle:423326366
DF05 $A5 $2C       LDA $2C = $BF               A:1F X:00 Y:00 P:04 SP:FD CPU Cycle:423326370
DF07 $8D $55 $02   STA $0255 = $BF             A:BF X:00 Y:00 P:84 SP:FD CPU Cycle:423326373
DF0A $A5 $3C       LDA $3C = $AB               A:BF X:00 Y:00 P:84 SP:FD CPU Cycle:423326377
DF0C $8D $58 $02   STA $0258 = $AB             A:AB X:00 Y:00 P:84 SP:FD CPU Cycle:423326380
DF0F $A5 $3D       LDA $3D = $27               A:AB X:00 Y:00 P:84 SP:FD CPU Cycle:423326384
DF11 $8D $5B $02   STA $025B = $27             A:27 X:00 Y:00 P:04 SP:FD CPU Cycle:423326387
DF14 $A5 $2D       LDA $2D = $C0               A:27 X:00 Y:00 P:04 SP:FD CPU Cycle:423326391
DF16 $8D $59 $02   STA $0259 = $C0             A:C0 X:00 Y:00 P:84 SP:FD CPU Cycle:423326394
DF19 $A9 $0F       LDA #$0F                    A:C0 X:00 Y:00 P:84 SP:FD CPU Cycle:423326398
DF1B $24 $2A       BIT $2A = $00               A:0F X:00 Y:00 P:04 SP:FD CPU Cycle:423326400
DF1D $70 $06       BVS $DF25 = $8D             A:0F X:00 Y:00 P:06 SP:FD CPU Cycle:423326403
DF1F $24 $92       BIT $92 = $80               A:0F X:00 Y:00 P:06 SP:FD CPU Cycle:423326405
DF21 $10 $02       BPL $DF25 = $8D             A:0F X:00 Y:00 P:86 SP:FD CPU Cycle:423326408
DF23 $A9 $17       LDA #$17                    A:0F X:00 Y:00 P:86 SP:FD CPU Cycle:423326410
DF25 $8D $70 $02   STA $0270 = $17             A:17 X:00 Y:00 P:04 SP:FD CPU Cycle:423326412
DF28 $8D $74 $02   STA $0274 = $17             A:17 X:00 Y:00 P:04 SP:FD CPU Cycle:423326416
DF2B $A9 $17       LDA #$17                    A:17 X:00 Y:00 P:04 SP:FD CPU Cycle:423326420
DF2D $8D $78 $02   STA $0278 = $17             A:17 X:00 Y:00 P:04 SP:FD CPU Cycle:423326422
DF30 $8D $7C $02   STA $027C = $17             A:17 X:00 Y:00 P:04 SP:FD CPU Cycle:423326426
DF33 $A9 $11       LDA #$11                    A:17 X:00 Y:00 P:04 SP:FD CPU Cycle:423326430
DF35 $8D $73 $02   STA $0273 = $11             A:11 X:00 Y:00 P:04 SP:FD CPU Cycle:423326432
DF38 $8D $7B $02   STA $027B = $11             A:11 X:00 Y:00 P:04 SP:FD CPU Cycle:423326436
DF3B $18           CLC                         A:11 X:00 Y:00 P:04 SP:FD CPU Cycle:423326440
DF3C $69 $08       ADC #$08                    A:11 X:00 Y:00 P:04 SP:FD CPU Cycle:423326442
DF3E $8D $77 $02   STA $0277 = $19             A:19 X:00 Y:00 P:04 SP:FD CPU Cycle:423326444
DF41 $8D $7F $02   STA $027F = $19             A:19 X:00 Y:00 P:04 SP:FD CPU Cycle:423326448
DF44 $60           RTS                         A:19 X:00 Y:00 P:04 SP:FD CPU Cycle:423326452
CF69 $20 $2F $F7 JSR $F72F = $A9               A:19 X:00 Y:00 P:04 SP:FF CPU Cycle:423326458
F72F $A9 $00       LDA #$00                    A:19 X:00 Y:00 P:04 SP:FD CPU Cycle:423326464
F731 $85 $1E       STA $1E = $40               A:00 X:00 Y:00 P:06 SP:FD CPU Cycle:423326466
F733 $A9 $30       LDA #$30                    A:00 X:00 Y:00 P:06 SP:FD CPU Cycle:423326469
F735 $85 $1F       STA $1F = $30               A:30 X:00 Y:00 P:04 SP:FD CPU Cycle:423326471
F737 $A0 $03       LDY #$03                    A:30 X:00 Y:00 P:04 SP:FD CPU Cycle:423326474
F739 $B9 $9D $00   LDA $009D,Y = $00           A:30 X:00 Y:03 P:04 SP:FD CPU Cycle:423326476
F73C $29 $01       AND #$01                    A:00 X:00 Y:03 P:06 SP:FD CPU Cycle:423326480
F73E $D0 $0D       BNE $F74D = $A5             A:00 X:00 Y:03 P:06 SP:FD CPU Cycle:423326482
F740 $A5 $1E       LDA $1E = $00               A:00 X:00 Y:03 P:06 SP:FD CPU Cycle:423326484
F742 $99 $A1 $00   STA $00A1,Y = $00           A:00 X:00 Y:03 P:06 SP:FD CPU Cycle:423326487
F745 $18           CLC                         A:00 X:00 Y:03 P:06 SP:FD CPU Cycle:423326492
F746 $69 $10       ADC #$10                    A:00 X:00 Y:03 P:06 SP:FD CPU Cycle:423326494
F748 $85 $1E       STA $1E = $00               A:10 X:00 Y:03 P:04 SP:FD CPU Cycle:423326496
F74A $4C $57 $F7   JMP $F757 = $88             A:10 X:00 Y:03 P:04 SP:FD CPU Cycle:423326499
F757 $88           DEY                         A:10 X:00 Y:03 P:04 SP:FD CPU Cycle:423326502
F758 $10 $DF       BPL $F739 = $B9             A:10 X:00 Y:02 P:04 SP:FD CPU Cycle:423326504
F739 $B9 $9D $00   LDA $009D,Y = $00           A:10 X:00 Y:02 P:04 SP:FD CPU Cycle:423326507
F73C $29 $01       AND #$01                    A:00 X:00 Y:02 P:06 SP:FD CPU Cycle:423326511
F73E $D0 $0D       BNE $F74D = $A5             A:00 X:00 Y:02 P:06 SP:FD CPU Cycle:423326513
F740 $A5 $1E       LDA $1E = $10               A:00 X:00 Y:02 P:06 SP:FD CPU Cycle:423326515
F742 $99 $A1 $00   STA $00A1,Y = $10           A:10 X:00 Y:02 P:04 SP:FD CPU Cycle:423326518
F745 $18           CLC                         A:10 X:00 Y:02 P:04 SP:FD CPU Cycle:423326523
F746 $69 $10       ADC #$10                    A:10 X:00 Y:02 P:04 SP:FD CPU Cycle:423326525
F748 $85 $1E       STA $1E = $10               A:20 X:00 Y:02 P:04 SP:FD CPU Cycle:423326527
F74A $4C $57 $F7   JMP $F757 = $88             A:20 X:00 Y:02 P:04 SP:FD CPU Cycle:423326530
F757 $88           DEY                         A:20 X:00 Y:02 P:04 SP:FD CPU Cycle:423326533
F758 $10 $DF       BPL $F739 = $B9             A:20 X:00 Y:01 P:04 SP:FD CPU Cycle:423326535
F739 $B9 $9D $00   LDA $009D,Y = $00           A:20 X:00 Y:01 P:04 SP:FD CPU Cycle:423326538
F73C $29 $01       AND #$01                    A:00 X:00 Y:01 P:06 SP:FD CPU Cycle:423326542
F73E $D0 $0D       BNE $F74D = $A5             A:00 X:00 Y:01 P:06 SP:FD CPU Cycle:423326544
F740 $A5 $1E       LDA $1E = $20               A:00 X:00 Y:01 P:06 SP:FD CPU Cycle:423326546
F742 $99 $A1 $00   STA $00A1,Y = $20           A:20 X:00 Y:01 P:04 SP:FD CPU Cycle:423326549
F745 $18           CLC                         A:20 X:00 Y:01 P:04 SP:FD CPU Cycle:423326554
F746 $69 $10       ADC #$10                    A:20 X:00 Y:01 P:04 SP:FD CPU Cycle:423326556
F748 $85 $1E       STA $1E = $20               A:30 X:00 Y:01 P:04 SP:FD CPU Cycle:423326558
F74A $4C $57 $F7   JMP $F757 = $88             A:30 X:00 Y:01 P:04 SP:FD CPU Cycle:423326561
F757 $88           DEY                         A:30 X:00 Y:01 P:04 SP:FD CPU Cycle:423326564
F758 $10 $DF       BPL $F739 = $B9             A:30 X:00 Y:00 P:06 SP:FD CPU Cycle:423326566
F739 $B9 $9D $00   LDA $009D,Y = $00           A:30 X:00 Y:00 P:06 SP:FD CPU Cycle:423326569
F73C $29 $01       AND #$01                    A:00 X:00 Y:00 P:06 SP:FD CPU Cycle:423326573
F73E $D0 $0D       BNE $F74D = $A5             A:00 X:00 Y:00 P:06 SP:FD CPU Cycle:423326575
F740 $A5 $1E       LDA $1E = $30               A:00 X:00 Y:00 P:06 SP:FD CPU Cycle:423326577
F742 $99 $A1 $00   STA $00A1,Y = $30           A:30 X:00 Y:00 P:04 SP:FD CPU Cycle:423326580
F745 $18           CLC                         A:30 X:00 Y:00 P:04 SP:FD CPU Cycle:423326585
F746 $69 $10       ADC #$10                    A:30 X:00 Y:00 P:04 SP:FD CPU Cycle:423326587
F748 $85 $1E       STA $1E = $30               A:40 X:00 Y:00 P:04 SP:FD CPU Cycle:423326589
F74A $4C $57 $F7   JMP $F757 = $88             A:40 X:00 Y:00 P:04 SP:FD CPU Cycle:423326592
F757 $88           DEY                         A:40 X:00 Y:00 P:04 SP:FD CPU Cycle:423326595
F758 $10 $DF       BPL $F739 = $B9             A:40 X:00 Y:FF P:84 SP:FD CPU Cycle:423326597
F75A $60           RTS                         A:40 X:00 Y:FF P:84 SP:FD CPU Cycle:423326599
CF6C $20 $61 $D9 JSR $D961 = $46               A:40 X:00 Y:FF P:84 SP:FF CPU Cycle:423326605
D961 $46 $06       LSR $06 = $00               A:40 X:00 Y:FF P:84 SP:FD CPU Cycle:423326611
D963 $66 $05       ROR $05 = $00               A:40 X:00 Y:FF P:06 SP:FD CPU Cycle:423326616
D965 $B5 $7C       LDA $7C,X = $00             A:40 X:00 Y:FF P:06 SP:FD CPU Cycle:423326621
D967 $4A           LSR A                       A:00 X:00 Y:FF P:06 SP:FD CPU Cycle:423326625
D968 $29 $1F       AND #$1F                    A:00 X:00 Y:FF P:06 SP:FD CPU Cycle:423326627
D96A $8D $5C $03   STA $035C = $10             A:00 X:00 Y:FF P:06 SP:FD CPU Cycle:423326629
D96D $A8           TAY                         A:00 X:00 Y:FF P:06 SP:FD CPU Cycle:423326633
D96E $B9 $19 $E2   LDA $E219,Y = $FF           A:00 X:00 Y:00 P:06 SP:FD CPU Cycle:423326635
D971 $85 $08       STA $08 = $00               A:FF X:00 Y:00 P:84 SP:FD CPU Cycle:423326639
D973 $A5 $05       LDA $05 = $00               A:FF X:00 Y:00 P:84 SP:FD CPU Cycle:423326642
D975 $85 $07       STA $07 = $00               A:00 X:00 Y:00 P:06 SP:FD CPU Cycle:423326645
D977 $20 $A5 $DC   JSR $DCA5 = $A9             A:00 X:00 Y:00 P:06 SP:FD CPU Cycle:423326648
DCA5 $A9 $00         LDA #$00                  A:00 X:00 Y:00 P:06 SP:FB CPU Cycle:423326654
DCA7 $0A             ASL A                     A:00 X:00 Y:00 P:06 SP:FB CPU Cycle:423326656
DCA8 $26 $07         ROL $07 = $00             A:00 X:00 Y:00 P:06 SP:FB CPU Cycle:423326658
DCAA $90 $07         BCC $DCB3 = $0A           A:00 X:00 Y:00 P:06 SP:FB CPU Cycle:423326663
DCB3 $0A             ASL A                     A:00 X:00 Y:00 P:06 SP:FB CPU Cycle:423326666
DCB4 $26 $07         ROL $07 = $00             A:00 X:00 Y:00 P:06 SP:FB CPU Cycle:423326668
DCB6 $90 $07         BCC $DCBF = $0A           A:00 X:00 Y:00 P:06 SP:FB CPU Cycle:423326673
DCBF $0A             ASL A                     A:00 X:00 Y:00 P:06 SP:FB CPU Cycle:423326676
DCC0 $26 $07         ROL $07 = $00             A:00 X:00 Y:00 P:06 SP:FB CPU Cycle:423326678
DCC2 $90 $07         BCC $DCCB = $0A           A:00 X:00 Y:00 P:06 SP:FB CPU Cycle:423326683
DCCB $0A             ASL A                     A:00 X:00 Y:00 P:06 SP:FB CPU Cycle:423326686
DCCC $26 $07         ROL $07 = $00             A:00 X:00 Y:00 P:06 SP:FB CPU Cycle:423326688
DCCE $90 $07         BCC $DCD7 = $0A           A:00 X:00 Y:00 P:06 SP:FB CPU Cycle:423326693
DCD7 $0A             ASL A                     A:00 X:00 Y:00 P:06 SP:FB CPU Cycle:423326696
DCD8 $26 $07         ROL $07 = $00             A:00 X:00 Y:00 P:06 SP:FB CPU Cycle:423326698
DCDA $90 $07         BCC $DCE3 = $0A           A:00 X:00 Y:00 P:06 SP:FB CPU Cycle:423326703
DCE3 $0A             ASL A                     A:00 X:00 Y:00 P:06 SP:FB CPU Cycle:423326706
DCE4 $26 $07         ROL $07 = $00             A:00 X:00 Y:00 P:06 SP:FB CPU Cycle:423326708
DCE6 $90 $07         BCC $DCEF = $0A           A:00 X:00 Y:00 P:06 SP:FB CPU Cycle:423326713
DCEF $0A             ASL A                     A:00 X:00 Y:00 P:06 SP:FB CPU Cycle:423326716
DCF0 $26 $07         ROL $07 = $00             A:00 X:00 Y:00 P:06 SP:FB CPU Cycle:423326718
DCF2 $90 $07         BCC $DCFB = $0A           A:00 X:00 Y:00 P:06 SP:FB CPU Cycle:423326723
DCFB $0A             ASL A                     A:00 X:00 Y:00 P:06 SP:FB CPU Cycle:423326726
DCFC $26 $07         ROL $07 = $00             A:00 X:00 Y:00 P:06 SP:FB CPU Cycle:423326728
DCFE $90 $07         BCC $DD07 = $85           A:00 X:00 Y:00 P:06 SP:FB CPU Cycle:423326733
DD07 $85 $08         STA $08 = $FF             A:00 X:00 Y:00 P:06 SP:FB CPU Cycle:423326736
DD09 $60             RTS                       A:00 X:00 Y:00 P:06 SP:FB CPU Cycle:423326739
D97A $A5 $07       LDA $07 = $00               A:00 X:00 Y:00 P:06 SP:FD CPU Cycle:423326745
D97C $85 $1B       STA $1B = $00               A:00 X:00 Y:00 P:06 SP:FD CPU Cycle:423326748
D97E $AC $5C $03   LDY $035C = $00             A:00 X:00 Y:00 P:06 SP:FD CPU Cycle:423326751
D981 $B9 $19 $E2   LDA $E219,Y = $FF           A:00 X:00 Y:00 P:06 SP:FD CPU Cycle:423326755
D984 $85 $08       STA $08 = $00               A:FF X:00 Y:00 P:84 SP:FD CPU Cycle:423326759
D986 $A5 $06       LDA $06 = $00               A:FF X:00 Y:00 P:84 SP:FD CPU Cycle:423326762
D988 $85 $07       STA $07 = $00               A:00 X:00 Y:00 P:06 SP:FD CPU Cycle:423326765
D98A $20 $A5 $DC   JSR $DCA5 = $A9             A:00 X:00 Y:00 P:06 SP:FD CPU Cycle:423326768
DCA5 $A9 $00         LDA #$00                  A:00 X:00 Y:00 P:06 SP:FB CPU Cycle:423326774
DCA7 $0A             ASL A                     A:00 X:00 Y:00 P:06 SP:FB CPU Cycle:423326776
DCA8 $26 $07         ROL $07 = $00             A:00 X:00 Y:00 P:06 SP:FB CPU Cycle:423326778
DCAA $90 $07         BCC $DCB3 = $0A           A:00 X:00 Y:00 P:06 SP:FB CPU Cycle:423326783
DCB3 $0A             ASL A                     A:00 X:00 Y:00 P:06 SP:FB CPU Cycle:423326786
DCB4 $26 $07         ROL $07 = $00             A:00 X:00 Y:00 P:06 SP:FB CPU Cycle:423326788
DCB6 $90 $07         BCC $DCBF = $0A           A:00 X:00 Y:00 P:06 SP:FB CPU Cycle:423326793
DCBF $0A             ASL A                     A:00 X:00 Y:00 P:06 SP:FB CPU Cycle:423326796
DCC0 $26 $07         ROL $07 = $00             A:00 X:00 Y:00 P:06 SP:FB CPU Cycle:423326798
DCC2 $90 $07         BCC $DCCB = $0A           A:00 X:00 Y:00 P:06 SP:FB CPU Cycle:423326803
DCCB $0A             ASL A                     A:00 X:00 Y:00 P:06 SP:FB CPU Cycle:423326806
DCCC $26 $07         ROL $07 = $00             A:00 X:00 Y:00 P:06 SP:FB CPU Cycle:423326808
DCCE $90 $07         BCC $DCD7 = $0A           A:00 X:00 Y:00 P:06 SP:FB CPU Cycle:423326813
DCD7 $0A             ASL A                     A:00 X:00 Y:00 P:06 SP:FB CPU Cycle:423326816
DCD8 $26 $07         ROL $07 = $00             A:00 X:00 Y:00 P:06 SP:FB CPU Cycle:423326818
DCDA $90 $07         BCC $DCE3 = $0A           A:00 X:00 Y:00 P:06 SP:FB CPU Cycle:423326823
DCE3 $0A             ASL A                     A:00 X:00 Y:00 P:06 SP:FB CPU Cycle:423326826
DCE4 $26 $07         ROL $07 = $00             A:00 X:00 Y:00 P:06 SP:FB CPU Cycle:423326828
DCE6 $90 $07         BCC $DCEF = $0A           A:00 X:00 Y:00 P:06 SP:FB CPU Cycle:423326833
DCEF $0A             ASL A                     A:00 X:00 Y:00 P:06 SP:FB CPU Cycle:423326836
DCF0 $26 $07         ROL $07 = $00             A:00 X:00 Y:00 P:06 SP:FB CPU Cycle:423326838
DCF2 $90 $07         BCC $DCFB = $0A           A:00 X:00 Y:00 P:06 SP:FB CPU Cycle:423326843
DCFB $0A             ASL A                     A:00 X:00 Y:00 P:06 SP:FB CPU Cycle:423326846
DCFC $26 $07         ROL $07 = $00             A:00 X:00 Y:00 P:06 SP:FB CPU Cycle:423326848
DCFE $90 $07         BCC $DD07 = $85           A:00 X:00 Y:00 P:06 SP:FB CPU Cycle:423326853
DD07 $85 $08         STA $08 = $FF             A:00 X:00 Y:00 P:06 SP:FB CPU Cycle:423326856
DD09 $60             RTS                       A:00 X:00 Y:00 P:06 SP:FB CPU Cycle:423326859
D98D $A5 $1B       LDA $1B = $00               A:00 X:00 Y:00 P:06 SP:FD CPU Cycle:423326865
D98F $18           CLC                         A:00 X:00 Y:00 P:06 SP:FD CPU Cycle:423326868
D990 $65 $08       ADC $08 = $00               A:00 X:00 Y:00 P:06 SP:FD CPU Cycle:423326870
D992 $85 $08       STA $08 = $00               A:00 X:00 Y:00 P:06 SP:FD CPU Cycle:423326873
D994 $90 $02       BCC $D998 = $AD             A:00 X:00 Y:00 P:06 SP:FD CPU Cycle:423326876
D998 $AD $5C $03   LDA $035C = $00             A:00 X:00 Y:00 P:06 SP:FD CPU Cycle:423326879
D99B $C9 $08       CMP #$08                    A:00 X:00 Y:00 P:06 SP:FD CPU Cycle:423326883
D99D $90 $04       BCC $D9A3 = $B5             A:00 X:00 Y:00 P:84 SP:FD CPU Cycle:423326885
D9A3 $B5 $5D       LDA $5D,X = $D8             A:00 X:00 Y:00 P:84 SP:FD CPU Cycle:423326888
D9A5 $18           CLC                         A:D8 X:00 Y:00 P:84 SP:FD CPU Cycle:423326892
D9A6 $65 $08       ADC $08 = $00               A:D8 X:00 Y:00 P:84 SP:FD CPU Cycle:423326894
D9A8 $95 $5D       STA $5D,X = $D8             A:D8 X:00 Y:00 P:84 SP:FD CPU Cycle:423326897
D9AA $B5 $57       LDA $57,X = $93             A:D8 X:00 Y:00 P:84 SP:FD CPU Cycle:423326901
D9AC $65 $07       ADC $07 = $00               A:93 X:00 Y:00 P:84 SP:FD CPU Cycle:423326905
D9AE $95 $57       STA $57,X = $93             A:93 X:00 Y:00 P:84 SP:FD CPU Cycle:423326908
D9B0 $4C $C0 $D9   JMP $D9C0 = $AC             A:93 X:00 Y:00 P:84 SP:FD CPU Cycle:423326912
D9C0 $AC $5C $03   LDY $035C = $00             A:93 X:00 Y:00 P:84 SP:FD CPU Cycle:423326915
D9C3 $B9 $11 $E2   LDA $E211,Y = $00           A:93 X:00 Y:00 P:06 SP:FD CPU Cycle:423326919
D9C6 $85 $08       STA $08 = $00               A:00 X:00 Y:00 P:06 SP:FD CPU Cycle:423326923
D9C8 $A5 $05       LDA $05 = $00               A:00 X:00 Y:00 P:06 SP:FD CPU Cycle:423326926
D9CA $85 $07       STA $07 = $00               A:00 X:00 Y:00 P:06 SP:FD CPU Cycle:423326929
D9CC $20 $A5 $DC   JSR $DCA5 = $A9             A:00 X:00 Y:00 P:06 SP:FD CPU Cycle:423326932
DCA5 $A9 $00         LDA #$00                  A:00 X:00 Y:00 P:06 SP:FB CPU Cycle:423326938
DCA7 $0A             ASL A                     A:00 X:00 Y:00 P:06 SP:FB CPU Cycle:423326940
DCA8 $26 $07         ROL $07 = $00             A:00 X:00 Y:00 P:06 SP:FB CPU Cycle:423326942
DCAA $90 $07         BCC $DCB3 = $0A           A:00 X:00 Y:00 P:06 SP:FB CPU Cycle:423326947
DCB3 $0A             ASL A                     A:00 X:00 Y:00 P:06 SP:FB CPU Cycle:423326950
DCB4 $26 $07         ROL $07 = $00             A:00 X:00 Y:00 P:06 SP:FB CPU Cycle:423326952
DCB6 $90 $07         BCC $DCBF = $0A           A:00 X:00 Y:00 P:06 SP:FB CPU Cycle:423326957
DCBF $0A             ASL A                     A:00 X:00 Y:00 P:06 SP:FB CPU Cycle:423326960
DCC0 $26 $07         ROL $07 = $00             A:00 X:00 Y:00 P:06 SP:FB CPU Cycle:423326962
DCC2 $90 $07         BCC $DCCB = $0A           A:00 X:00 Y:00 P:06 SP:FB CPU Cycle:423326967
DCCB $0A             ASL A                     A:00 X:00 Y:00 P:06 SP:FB CPU Cycle:423326970
DCCC $26 $07         ROL $07 = $00             A:00 X:00 Y:00 P:06 SP:FB CPU Cycle:423326972
DCCE $90 $07         BCC $DCD7 = $0A           A:00 X:00 Y:00 P:06 SP:FB CPU Cycle:423326977
DCD7 $0A             ASL A                     A:00 X:00 Y:00 P:06 SP:FB CPU Cycle:423326980
DCD8 $26 $07         ROL $07 = $00             A:00 X:00 Y:00 P:06 SP:FB CPU Cycle:423326982
DCDA $90 $07         BCC $DCE3 = $0A           A:00 X:00 Y:00 P:06 SP:FB CPU Cycle:423326987
DCE3 $0A             ASL A                     A:00 X:00 Y:00 P:06 SP:FB CPU Cycle:423326990
DCE4 $26 $07         ROL $07 = $00             A:00 X:00 Y:00 P:06 SP:FB CPU Cycle:423326992
DCE6 $90 $07         BCC $DCEF = $0A           A:00 X:00 Y:00 P:06 SP:FB CPU Cycle:423326997
DCEF $0A             ASL A                     A:00 X:00 Y:00 P:06 SP:FB CPU Cycle:423327000
DCF0 $26 $07         ROL $07 = $00             A:00 X:00 Y:00 P:06 SP:FB CPU Cycle:423327002
DCF2 $90 $07         BCC $DCFB = $0A           A:00 X:00 Y:00 P:06 SP:FB CPU Cycle:423327007
DCFB $0A             ASL A                     A:00 X:00 Y:00 P:06 SP:FB CPU Cycle:423327010
DCFC $26 $07         ROL $07 = $00             A:00 X:00 Y:00 P:06 SP:FB CPU Cycle:423327012
DCFE $90 $07         BCC $DD07 = $85           A:00 X:00 Y:00 P:06 SP:FB CPU Cycle:423327017
DD07 $85 $08         STA $08 = $00             A:00 X:00 Y:00 P:06 SP:FB CPU Cycle:423327020
DD09 $60             RTS                       A:00 X:00 Y:00 P:06 SP:FB CPU Cycle:423327023
D9CF $A5 $07       LDA $07 = $00               A:00 X:00 Y:00 P:06 SP:FD CPU Cycle:423327029
D9D1 $85 $1B       STA $1B = $00               A:00 X:00 Y:00 P:06 SP:FD CPU Cycle:423327032
D9D3 $AC $5C $03   LDY $035C = $00             A:00 X:00 Y:00 P:06 SP:FD CPU Cycle:423327035
D9D6 $B9 $11 $E2   LDA $E211,Y = $00           A:00 X:00 Y:00 P:06 SP:FD CPU Cycle:423327039
D9D9 $85 $08       STA $08 = $00               A:00 X:00 Y:00 P:06 SP:FD CPU Cycle:423327043
D9DB $A5 $06       LDA $06 = $00               A:00 X:00 Y:00 P:06 SP:FD CPU Cycle:423327046
D9DD $85 $07       STA $07 = $00               A:00 X:00 Y:00 P:06 SP:FD CPU Cycle:423327049
D9DF $20 $A5 $DC   JSR $DCA5 = $A9             A:00 X:00 Y:00 P:06 SP:FD CPU Cycle:423327052
DCA5 $A9 $00         LDA #$00                  A:00 X:00 Y:00 P:06 SP:FB CPU Cycle:423327058
DCA7 $0A             ASL A                     A:00 X:00 Y:00 P:06 SP:FB CPU Cycle:423327060
DCA8 $26 $07         ROL $07 = $00             A:00 X:00 Y:00 P:06 SP:FB CPU Cycle:423327062
DCAA $90 $07         BCC $DCB3 = $0A           A:00 X:00 Y:00 P:06 SP:FB CPU Cycle:423327067
DCB3 $0A             ASL A                     A:00 X:00 Y:00 P:06 SP:FB CPU Cycle:423327070
DCB4 $26 $07         ROL $07 = $00             A:00 X:00 Y:00 P:06 SP:FB CPU Cycle:423327072
DCB6 $90 $07         BCC $DCBF = $0A           A:00 X:00 Y:00 P:06 SP:FB CPU Cycle:423327077
DCBF $0A             ASL A                     A:00 X:00 Y:00 P:06 SP:FB CPU Cycle:423327080
DCC0 $26 $07         ROL $07 = $00             A:00 X:00 Y:00 P:06 SP:FB CPU Cycle:423327082
DCC2 $90 $07         BCC $DCCB = $0A           A:00 X:00 Y:00 P:06 SP:FB CPU Cycle:423327087
DCCB $0A             ASL A                     A:00 X:00 Y:00 P:06 SP:FB CPU Cycle:423327090
DCCC $26 $07         ROL $07 = $00             A:00 X:00 Y:00 P:06 SP:FB CPU Cycle:423327092
DCCE $90 $07         BCC $DCD7 = $0A           A:00 X:00 Y:00 P:06 SP:FB CPU Cycle:423327097
DCD7 $0A             ASL A                     A:00 X:00 Y:00 P:06 SP:FB CPU Cycle:423327100
DCD8 $26 $07         ROL $07 = $00             A:00 X:00 Y:00 P:06 SP:FB CPU Cycle:423327102
DCDA $90 $07         BCC $DCE3 = $0A           A:00 X:00 Y:00 P:06 SP:FB CPU Cycle:423327107
DCE3 $0A             ASL A                     A:00 X:00 Y:00 P:06 SP:FB CPU Cycle:423327110
DCE4 $26 $07         ROL $07 = $00             A:00 X:00 Y:00 P:06 SP:FB CPU Cycle:423327112
DCE6 $90 $07         BCC $DCEF = $0A           A:00 X:00 Y:00 P:06 SP:FB CPU Cycle:423327117
DCEF $0A             ASL A                     A:00 X:00 Y:00 P:06 SP:FB CPU Cycle:423327120
DCF0 $26 $07         ROL $07 = $00             A:00 X:00 Y:00 P:06 SP:FB CPU Cycle:423327122
DCF2 $90 $07         BCC $DCFB = $0A           A:00 X:00 Y:00 P:06 SP:FB CPU Cycle:423327127
DCFB $0A             ASL A                     A:00 X:00 Y:00 P:06 SP:FB CPU Cycle:423327130
DCFC $26 $07         ROL $07 = $00             A:00 X:00 Y:00 P:06 SP:FB CPU Cycle:423327132
DCFE $90 $07         BCC $DD07 = $85           A:00 X:00 Y:00 P:06 SP:FB CPU Cycle:423327137
DD07 $85 $08         STA $08 = $00             A:00 X:00 Y:00 P:06 SP:FB CPU Cycle:423327140
DD09 $60             RTS                       A:00 X:00 Y:00 P:06 SP:FB CPU Cycle:423327143
D9E2 $A5 $1B       LDA $1B = $00               A:00 X:00 Y:00 P:06 SP:FD CPU Cycle:423327149
D9E4 $18           CLC                         A:00 X:00 Y:00 P:06 SP:FD CPU Cycle:423327152
D9E5 $65 $08       ADC $08 = $00               A:00 X:00 Y:00 P:06 SP:FD CPU Cycle:423327154
D9E7 $85 $08       STA $08 = $00               A:00 X:00 Y:00 P:06 SP:FD CPU Cycle:423327157
D9E9 $90 $02       BCC $D9ED = $AD             A:00 X:00 Y:00 P:06 SP:FD CPU Cycle:423327160
D9ED $AD $5C $03   LDA $035C = $00             A:00 X:00 Y:00 P:06 SP:FD CPU Cycle:423327163
D9F0 $C9 $10       CMP #$10                    A:00 X:00 Y:00 P:06 SP:FD CPU Cycle:423327167
D9F2 $90 $0E       BCC $DA02 = $B5             A:00 X:00 Y:00 P:84 SP:FD CPU Cycle:423327169
DA02 $B5 $52       LDA $52,X = $00             A:00 X:00 Y:00 P:84 SP:FD CPU Cycle:423327173
DA04 $38           SEC                         A:00 X:00 Y:00 P:06 SP:FD CPU Cycle:423327177
DA05 $E5 $08       SBC $08 = $00               A:00 X:00 Y:00 P:07 SP:FD CPU Cycle:423327179
DA07 $95 $52       STA $52,X = $00             A:00 X:00 Y:00 P:07 SP:FD CPU Cycle:423327182
DA09 $B5 $4C       LDA $4C,X = $CE             A:00 X:00 Y:00 P:07 SP:FD CPU Cycle:423327186
DA0B $E5 $07       SBC $07 = $00               A:CE X:00 Y:00 P:85 SP:FD CPU Cycle:423327190
DA0D $95 $4C       STA $4C,X = $CE             A:CE X:00 Y:00 P:85 SP:FD CPU Cycle:423327193
DA0F $60           RTS                         A:CE X:00 Y:00 P:85 SP:FD CPU Cycle:423327197
CF6F $20 $D9 $E7 JSR $E7D9 = $AD               A:CE X:00 Y:00 P:85 SP:FF CPU Cycle:423327203
E7D9 $AD $30 $03   LDA $0330 = $FF             A:CE X:00 Y:00 P:85 SP:FD CPU Cycle:423327209
E7DC $30 $3D       BMI $E81B = $A9             A:FF X:00 Y:00 P:85 SP:FD CPU Cycle:423327213
E81B $A9 $00       LDA #$00                    A:FF X:00 Y:00 P:85 SP:FD CPU Cycle:423327217
E81D $85 $02       STA $02 = $E3               A:00 X:00 Y:00 P:07 SP:FD CPU Cycle:423327219
E81F $B5 $4C       LDA $4C,X = $CE             A:00 X:00 Y:00 P:07 SP:FD CPU Cycle:423327222
E821 $38           SEC                         A:CE X:00 Y:00 P:85 SP:FD CPU Cycle:423327226
E822 $E9 $18       SBC #$18                    A:CE X:00 Y:00 P:85 SP:FD CPU Cycle:423327228
E824 $0A           ASL A                       A:B6 X:00 Y:00 P:85 SP:FD CPU Cycle:423327230
E825 $26 $02       ROL $02 = $00               A:6C X:00 Y:00 P:05 SP:FD CPU Cycle:423327232
E827 $0A           ASL A                       A:6C X:00 Y:00 P:04 SP:FD CPU Cycle:423327237
E828 $26 $02       ROL $02 = $01               A:D8 X:00 Y:00 P:84 SP:FD CPU Cycle:423327239
E82A $29 $E0       AND #$E0                    A:D8 X:00 Y:00 P:04 SP:FD CPU Cycle:423327244
E82C $85 $01       STA $01 = $75               A:C0 X:00 Y:00 P:84 SP:FD CPU Cycle:423327246
E82E $B5 $57       LDA $57,X = $93             A:C0 X:00 Y:00 P:84 SP:FD CPU Cycle:423327249
E830 $18           CLC                         A:93 X:00 Y:00 P:84 SP:FD CPU Cycle:423327253
E831 $69 $08       ADC #$08                    A:93 X:00 Y:00 P:84 SP:FD CPU Cycle:423327255
E833 $4A           LSR A                       A:9B X:00 Y:00 P:84 SP:FD CPU Cycle:423327257
E834 $4A           LSR A                       A:4D X:00 Y:00 P:05 SP:FD CPU Cycle:423327259
E835 $4A           LSR A                       A:26 X:00 Y:00 P:05 SP:FD CPU Cycle:423327261
E836 $05 $01       ORA $01 = $C0               A:13 X:00 Y:00 P:04 SP:FD CPU Cycle:423327263
E838 $85 $01       STA $01 = $C0               A:D3 X:00 Y:00 P:84 SP:FD CPU Cycle:423327266
E83A $A4 $14       LDY $14 = $04               A:D3 X:00 Y:00 P:84 SP:FD CPU Cycle:423327269
E83C $B9 $70 $F4   LDA $F470,Y = $F3           A:D3 X:00 Y:04 P:04 SP:FD CPU Cycle:423327272
E83F $18           CLC                         A:F3 X:00 Y:04 P:84 SP:FD CPU Cycle:423327276
E840 $65 $01       ADC $01 = $D3               A:F3 X:00 Y:04 P:84 SP:FD CPU Cycle:423327278
E842 $85 $01       STA $01 = $D3               A:C6 X:00 Y:04 P:85 SP:FD CPU Cycle:423327281
E844 $B9 $77 $F4   LDA $F477,Y = $AA           A:C6 X:00 Y:04 P:85 SP:FD CPU Cycle:423327284
E847 $65 $02       ADC $02 = $02               A:AA X:00 Y:04 P:85 SP:FD CPU Cycle:423327288
E849 $85 $02       STA $02 = $02               A:AD X:00 Y:04 P:84 SP:FD CPU Cycle:423327291
E84B $A0 $00       LDY #$00                    A:AD X:00 Y:04 P:84 SP:FD CPU Cycle:423327294
E84D $B1 $01       LDA ($01),Y = $4E           A:AD X:00 Y:00 P:06 SP:FD CPU Cycle:423327296
E84F $85 $1B       STA $1B = $00               A:4E X:00 Y:00 P:04 SP:FD CPU Cycle:423327301
E851 $D5 $BE       CMP $BE,X = $00             A:4E X:00 Y:00 P:04 SP:FD CPU Cycle:423327304
E853 $F0 $18       BEQ $E86D = $60             A:4E X:00 Y:00 P:05 SP:FD CPU Cycle:423327308
E855 $D5 $C2       CMP $C2,X = $00             A:4E X:00 Y:00 P:05 SP:FD CPU Cycle:423327310
E857 $F0 $14       BEQ $E86D = $60             A:4E X:00 Y:00 P:05 SP:FD CPU Cycle:423327314
E859 $0A           ASL A                       A:4E X:00 Y:00 P:05 SP:FD CPU Cycle:423327316
E85A $A8           TAY                         A:9C X:00 Y:00 P:84 SP:FD CPU Cycle:423327318
E85B $B9 $BF $F4   LDA $F4BF,Y = $EA           A:9C X:00 Y:9C P:84 SP:FD CPU Cycle:423327320
E85E $48           PHA                         A:EA X:00 Y:9C P:84 SP:FD CPU Cycle:423327325
E85F $B9 $BE $F4    LDA $F4BE,Y = $05          A:EA X:00 Y:9C P:84 SP:FC CPU Cycle:423327328
E862 $48            PHA                        A:05 X:00 Y:9C P:04 SP:FC CPU Cycle:423327333
E863 $A4 $1B         LDY $1B = $4E             A:05 X:00 Y:9C P:04 SP:FB CPU Cycle:423327336
E865 $B9 $8C $F4     LDA $F48C,Y = $40         A:05 X:00 Y:4E P:04 SP:FB CPU Cycle:423327339
E868 $0A             ASL A                     A:40 X:00 Y:4E P:04 SP:FB CPU Cycle:423327343
E869 $29 $3E         AND #$3E                  A:80 X:00 Y:4E P:84 SP:FB CPU Cycle:423327345
E86B $85 $1C         STA $1C = $08             A:00 X:00 Y:4E P:06 SP:FB CPU Cycle:423327347
E86D $60             RTS                       A:00 X:00 Y:4E P:06 SP:FB CPU Cycle:423327350
EA06 $20 $56 $E9   JSR $E956 = $A4             A:00 X:00 Y:4E P:06 SP:FD CPU Cycle:423327356
E956 $A4 $14         LDY $14 = $04             A:00 X:00 Y:4E P:06 SP:FB CPU Cycle:423327362
E958 $B9 $7E $F4     LDA $F47E,Y = $F3         A:00 X:00 Y:04 P:04 SP:FB CPU Cycle:423327365
E95B $85 $01         STA $01 = $C6             A:F3 X:00 Y:04 P:84 SP:FB CPU Cycle:423327369
E95D $B9 $85 $F4     LDA $F485,Y = $AD         A:F3 X:00 Y:04 P:84 SP:FB CPU Cycle:423327372
E960 $85 $02         STA $02 = $AD             A:AD X:00 Y:04 P:84 SP:FB CPU Cycle:423327376
E962 $A5 $1B         LDA $1B = $4E             A:AD X:00 Y:04 P:84 SP:FB CPU Cycle:423327379
E964 $29 $3F         AND #$3F                  A:4E X:00 Y:04 P:04 SP:FB CPU Cycle:423327382
E966 $0A             ASL A                     A:0E X:00 Y:04 P:04 SP:FB CPU Cycle:423327384
E967 $0A             ASL A                     A:1C X:00 Y:04 P:04 SP:FB CPU Cycle:423327386
E968 $A8             TAY                       A:38 X:00 Y:04 P:04 SP:FB CPU Cycle:423327388
E969 $A9 $80         LDA #$80                  A:38 X:00 Y:38 P:04 SP:FB CPU Cycle:423327390
E96B $8D $5D $03     STA $035D = $80           A:80 X:00 Y:38 P:84 SP:FB CPU Cycle:423327392
E96E $B5 $7C         LDA $7C,X = $00           A:80 X:00 Y:38 P:84 SP:FB CPU Cycle:423327396
E970 $38             SEC                       A:00 X:00 Y:38 P:06 SP:FB CPU Cycle:423327400
E971 $F1 $01         SBC ($01),Y = $00         A:00 X:00 Y:38 P:07 SP:FB CPU Cycle:423327402
E973 $B0 $04         BCS $E979 = $C9           A:00 X:00 Y:38 P:07 SP:FB CPU Cycle:423327408
E979 $C9 $11         CMP #$11                  A:00 X:00 Y:38 P:07 SP:FB CPU Cycle:423327411
E97B $90 $09         BCC $E986 = $C8           A:00 X:00 Y:38 P:84 SP:FB CPU Cycle:423327413
E986 $C8             INY                       A:00 X:00 Y:38 P:84 SP:FB CPU Cycle:423327416
E987 $B1 $01         LDA ($01),Y = $00         A:00 X:00 Y:39 P:04 SP:FB CPU Cycle:423327418
E989 $4D $5D $03     EOR $035D = $80           A:00 X:00 Y:39 P:06 SP:FB CPU Cycle:423327424
E98C $30 $02         BMI $E990 = $29           A:80 X:00 Y:39 P:84 SP:FB CPU Cycle:423327428

[NMI - Cycle: 423327437]
DF8F $48                PHA                    A:80 X:00 Y:39 P:84 SP:F8 CPU Cycle:423327438
DF90 $8A                 TXA                   A:80 X:00 Y:39 P:84 SP:F7 CPU Cycle:423327441
DF91 $48                 PHA                   A:00 X:00 Y:39 P:06 SP:F7 CPU Cycle:423327443
DF92 $98                  TYA                  A:00 X:00 Y:39 P:06 SP:F6 CPU Cycle:423327446
DF93 $48                  PHA                  A:39 X:00 Y:39 P:04 SP:F6 CPU Cycle:423327448
DF94 $A0 $00               LDY #$00            A:39 X:00 Y:39 P:04 SP:F5 CPU Cycle:423327451
DF96 $8C $01 $20           STY $2001 = $1E     A:39 X:00 Y:00 P:06 SP:F5 CPU Cycle:423327453
DF99 $8C $03 $20           STY $2003 = $00     A:39 X:00 Y:00 P:06 SP:F5 CPU Cycle:423327457
DF9C $A9 $14               LDA #$14            A:39 X:00 Y:00 P:06 SP:F5 CPU Cycle:423327461
DF9E $24 $2A               BIT $2A = $00       A:14 X:00 Y:00 P:04 SP:F5 CPU Cycle:423327463
DFA0 $30 $48               BMI $DFEA = $A2     A:14 X:00 Y:00 P:06 SP:F5 CPU Cycle:423327466
DFA2 $70 $06               BVS $DFAA = $85     A:14 X:00 Y:00 P:06 SP:F5 CPU Cycle:423327468
DFA4 $24 $92               BIT $92 = $80       A:14 X:00 Y:00 P:06 SP:F5 CPU Cycle:423327470
DFA6 $10 $02               BPL $DFAA = $85     A:14 X:00 Y:00 P:86 SP:F5 CPU Cycle:423327473
DFA8 $A9 $0A               LDA #$0A            A:14 X:00 Y:00 P:86 SP:F5 CPU Cycle:423327475
DFAA $85 $32               STA $32 = $0A       A:0A X:00 Y:00 P:04 SP:F5 CPU Cycle:423327477
DFAC $2C $02 $20           BIT $2002 = $80     A:0A X:00 Y:00 P:04 SP:F5 CPU Cycle:423327480
DFAF $A9 $20               LDA #$20            A:0A X:00 Y:00 P:86 SP:F5 CPU Cycle:423327484
DFB1 $8D $06 $20           STA $2006 = $80     A:20 X:00 Y:00 P:04 SP:F5 CPU Cycle:423327486
DFB4 $A9 $14               LDA #$14            A:20 X:00 Y:00 P:04 SP:F5 CPU Cycle:423327490
DFB6 $C5 $32               CMP $32 = $0A       A:14 X:00 Y:00 P:04 SP:F5 CPU Cycle:423327492
DFB8 $F0 $06               BEQ $DFC0 = $B9     A:14 X:00 Y:00 P:05 SP:F5 CPU Cycle:423327495
DFBA $B9 $3A $E1           LDA $E13A,Y = $65   A:14 X:00 Y:00 P:05 SP:F5 CPU Cycle:423327497
DFBD $4C $C3 $DF           JMP $DFC3 = $8D     A:65 X:00 Y:00 P:05 SP:F5 CPU Cycle:423327501
DFC3 $8D $06 $20           STA $2006 = $20     A:65 X:00 Y:00 P:05 SP:F5 CPU Cycle:423327504
DFC6 $B9 $00 $03           LDA $0300,Y = $00   A:65 X:00 Y:00 P:05 SP:F5 CPU Cycle:423327508
DFC9 $8D $07 $20           STA $2007 = $00     A:00 X:00 Y:00 P:07 SP:F5 CPU Cycle:423327512
DFCC $C8                   INY                 A:00 X:00 Y:00 P:07 SP:F5 CPU Cycle:423327516
DFCD $C4 $32               CPY $32 = $0A       A:00 X:00 Y:01 P:05 SP:F5 CPU Cycle:423327518
DFCF $90 $DB               BCC $DFAC = $2C     A:00 X:00 Y:01 P:84 SP:F5 CPU Cycle:423327521
DFAC $2C $02 $20           BIT $2002 = $00     A:00 X:00 Y:01 P:84 SP:F5 CPU Cycle:423327524
DFAF $A9 $20               LDA #$20            A:00 X:00 Y:01 P:06 SP:F5 CPU Cycle:423327528
DFB1 $8D $06 $20           STA $2006 = $00     A:20 X:00 Y:01 P:04 SP:F5 CPU Cycle:423327530
DFB4 $A9 $14               LDA #$14            A:20 X:00 Y:01 P:04 SP:F5 CPU Cycle:423327534
DFB6 $C5 $32               CMP $32 = $0A       A:14 X:00 Y:01 P:04 SP:F5 CPU Cycle:423327536
DFB8 $F0 $06               BEQ $DFC0 = $B9     A:14 X:00 Y:01 P:05 SP:F5 CPU Cycle:423327539
DFBA $B9 $3A $E1           LDA $E13A,Y = $66   A:14 X:00 Y:01 P:05 SP:F5 CPU Cycle:423327541
DFBD $4C $C3 $DF           JMP $DFC3 = $8D     A:66 X:00 Y:01 P:05 SP:F5 CPU Cycle:423327545
DFC3 $8D $06 $20           STA $2006 = $20     A:66 X:00 Y:01 P:05 SP:F5 CPU Cycle:423327548
DFC6 $B9 $00 $03           LDA $0300,Y = $00   A:66 X:00 Y:01 P:05 SP:F5 CPU Cycle:423327552
DFC9 $8D $07 $20           STA $2007 = $00     A:00 X:00 Y:01 P:07 SP:F5 CPU Cycle:423327556
DFCC $C8                   INY                 A:00 X:00 Y:01 P:07 SP:F5 CPU Cycle:423327560
DFCD $C4 $32               CPY $32 = $0A       A:00 X:00 Y:02 P:05 SP:F5 CPU Cycle:423327562
DFCF $90 $DB               BCC $DFAC = $2C     A:00 X:00 Y:02 P:84 SP:F5 CPU Cycle:423327565
DFAC $2C $02 $20           BIT $2002 = $00     A:00 X:00 Y:02 P:84 SP:F5 CPU Cycle:423327568
DFAF $A9 $20               LDA #$20            A:00 X:00 Y:02 P:06 SP:F5 CPU Cycle:423327572
DFB1 $8D $06 $20           STA $2006 = $00     A:20 X:00 Y:02 P:04 SP:F5 CPU Cycle:423327574
DFB4 $A9 $14               LDA #$14            A:20 X:00 Y:02 P:04 SP:F5 CPU Cycle:423327578
DFB6 $C5 $32               CMP $32 = $0A       A:14 X:00 Y:02 P:04 SP:F5 CPU Cycle:423327580
DFB8 $F0 $06               BEQ $DFC0 = $B9     A:14 X:00 Y:02 P:05 SP:F5 CPU Cycle:423327583
DFBA $B9 $3A $E1           LDA $E13A,Y = $67   A:14 X:00 Y:02 P:05 SP:F5 CPU Cycle:423327585
DFBD $4C $C3 $DF           JMP $DFC3 = $8D     A:67 X:00 Y:02 P:05 SP:F5 CPU Cycle:423327589
DFC3 $8D $06 $20           STA $2006 = $20     A:67 X:00 Y:02 P:05 SP:F5 CPU Cycle:423327592
DFC6 $B9 $00 $03           LDA $0300,Y = $F8   A:67 X:00 Y:02 P:05 SP:F5 CPU Cycle:423327596
DFC9 $8D $07 $20           STA $2007 = $00     A:F8 X:00 Y:02 P:85 SP:F5 CPU Cycle:423327600
DFCC $C8                   INY                 A:F8 X:00 Y:02 P:85 SP:F5 CPU Cycle:423327604
DFCD $C4 $32               CPY $32 = $0A       A:F8 X:00 Y:03 P:05 SP:F5 CPU Cycle:423327606
DFCF $90 $DB               BCC $DFAC = $2C     A:F8 X:00 Y:03 P:84 SP:F5 CPU Cycle:423327609
DFAC $2C $02 $20           BIT $2002 = $18     A:F8 X:00 Y:03 P:84 SP:F5 CPU Cycle:423327612
DFAF $A9 $20               LDA #$20            A:F8 X:00 Y:03 P:04 SP:F5 CPU Cycle:423327616
DFB1 $8D $06 $20           STA $2006 = $18     A:20 X:00 Y:03 P:04 SP:F5 CPU Cycle:423327618
DFB4 $A9 $14               LDA #$14            A:20 X:00 Y:03 P:04 SP:F5 CPU Cycle:423327622
DFB6 $C5 $32               CMP $32 = $0A       A:14 X:00 Y:03 P:04 SP:F5 CPU Cycle:423327624
DFB8 $F0 $06               BEQ $DFC0 = $B9     A:14 X:00 Y:03 P:05 SP:F5 CPU Cycle:423327627
DFBA $B9 $3A $E1           LDA $E13A,Y = $68   A:14 X:00 Y:03 P:05 SP:F5 CPU Cycle:423327629
DFBD $4C $C3 $DF           JMP $DFC3 = $8D     A:68 X:00 Y:03 P:05 SP:F5 CPU Cycle:423327633
DFC3 $8D $06 $20           STA $2006 = $20     A:68 X:00 Y:03 P:05 SP:F5 CPU Cycle:423327636
DFC6 $B9 $00 $03           LDA $0300,Y = $00   A:68 X:00 Y:03 P:05 SP:F5 CPU Cycle:423327640
DFC9 $8D $07 $20           STA $2007 = $00     A:00 X:00 Y:03 P:07 SP:F5 CPU Cycle:423327644
DFCC $C8                   INY                 A:00 X:00 Y:03 P:07 SP:F5 CPU Cycle:423327648
DFCD $C4 $32               CPY $32 = $0A       A:00 X:00 Y:04 P:05 SP:F5 CPU Cycle:423327650
DFCF $90 $DB               BCC $DFAC = $2C     A:00 X:00 Y:04 P:84 SP:F5 CPU Cycle:423327653
DFAC $2C $02 $20           BIT $2002 = $00     A:00 X:00 Y:04 P:84 SP:F5 CPU Cycle:423327656
DFAF $A9 $20               LDA #$20            A:00 X:00 Y:04 P:06 SP:F5 CPU Cycle:423327660
DFB1 $8D $06 $20           STA $2006 = $00     A:20 X:00 Y:04 P:04 SP:F5 CPU Cycle:423327662
DFB4 $A9 $14               LDA #$14            A:20 X:00 Y:04 P:04 SP:F5 CPU Cycle:423327666
DFB6 $C5 $32               CMP $32 = $0A       A:14 X:00 Y:04 P:04 SP:F5 CPU Cycle:423327668
DFB8 $F0 $06               BEQ $DFC0 = $B9     A:14 X:00 Y:04 P:05 SP:F5 CPU Cycle:423327671
DFBA $B9 $3A $E1           LDA $E13A,Y = $69   A:14 X:00 Y:04 P:05 SP:F5 CPU Cycle:423327673
DFBD $4C $C3 $DF           JMP $DFC3 = $8D     A:69 X:00 Y:04 P:05 SP:F5 CPU Cycle:423327677
DFC3 $8D $06 $20           STA $2006 = $20     A:69 X:00 Y:04 P:05 SP:F5 CPU Cycle:423327680
DFC6 $B9 $00 $03           LDA $0300,Y = $00   A:69 X:00 Y:04 P:05 SP:F5 CPU Cycle:423327684
DFC9 $8D $07 $20           STA $2007 = $00     A:00 X:00 Y:04 P:07 SP:F5 CPU Cycle:423327688
DFCC $C8                   INY                 A:00 X:00 Y:04 P:07 SP:F5 CPU Cycle:423327692
DFCD $C4 $32               CPY $32 = $0A       A:00 X:00 Y:05 P:05 SP:F5 CPU Cycle:423327694
DFCF $90 $DB               BCC $DFAC = $2C     A:00 X:00 Y:05 P:84 SP:F5 CPU Cycle:423327697
DFAC $2C $02 $20           BIT $2002 = $00     A:00 X:00 Y:05 P:84 SP:F5 CPU Cycle:423327700
DFAF $A9 $20               LDA #$20            A:00 X:00 Y:05 P:06 SP:F5 CPU Cycle:423327704
DFB1 $8D $06 $20           STA $2006 = $00     A:20 X:00 Y:05 P:04 SP:F5 CPU Cycle:423327706
DFB4 $A9 $14               LDA #$14            A:20 X:00 Y:05 P:04 SP:F5 CPU Cycle:423327710
DFB6 $C5 $32               CMP $32 = $0A       A:14 X:00 Y:05 P:04 SP:F5 CPU Cycle:423327712
DFB8 $F0 $06               BEQ $DFC0 = $B9     A:14 X:00 Y:05 P:05 SP:F5 CPU Cycle:423327715
DFBA $B9 $3A $E1           LDA $E13A,Y = $6A   A:14 X:00 Y:05 P:05 SP:F5 CPU Cycle:423327717
DFBD $4C $C3 $DF           JMP $DFC3 = $8D     A:6A X:00 Y:05 P:05 SP:F5 CPU Cycle:423327721
DFC3 $8D $06 $20           STA $2006 = $20     A:6A X:00 Y:05 P:05 SP:F5 CPU Cycle:423327724
DFC6 $B9 $00 $03           LDA $0300,Y = $F5   A:6A X:00 Y:05 P:05 SP:F5 CPU Cycle:423327728
DFC9 $8D $07 $20           STA $2007 = $00     A:F5 X:00 Y:05 P:85 SP:F5 CPU Cycle:423327732
DFCC $C8                   INY                 A:F5 X:00 Y:05 P:85 SP:F5 CPU Cycle:423327736
DFCD $C4 $32               CPY $32 = $0A       A:F5 X:00 Y:06 P:05 SP:F5 CPU Cycle:423327738
DFCF $90 $DB               BCC $DFAC = $2C     A:F5 X:00 Y:06 P:84 SP:F5 CPU Cycle:423327741
DFAC $2C $02 $20           BIT $2002 = $15     A:F5 X:00 Y:06 P:84 SP:F5 CPU Cycle:423327744
DFAF $A9 $20               LDA #$20            A:F5 X:00 Y:06 P:04 SP:F5 CPU Cycle:423327748
DFB1 $8D $06 $20           STA $2006 = $15     A:20 X:00 Y:06 P:04 SP:F5 CPU Cycle:423327750
DFB4 $A9 $14               LDA #$14            A:20 X:00 Y:06 P:04 SP:F5 CPU Cycle:423327754
DFB6 $C5 $32               CMP $32 = $0A       A:14 X:00 Y:06 P:04 SP:F5 CPU Cycle:423327756
DFB8 $F0 $06               BEQ $DFC0 = $B9     A:14 X:00 Y:06 P:05 SP:F5 CPU Cycle:423327759
DFBA $B9 $3A $E1           LDA $E13A,Y = $75   A:14 X:00 Y:06 P:05 SP:F5 CPU Cycle:423327761
DFBD $4C $C3 $DF           JMP $DFC3 = $8D     A:75 X:00 Y:06 P:05 SP:F5 CPU Cycle:423327765
DFC3 $8D $06 $20           STA $2006 = $20     A:75 X:00 Y:06 P:05 SP:F5 CPU Cycle:423327768
DFC6 $B9 $00 $03           LDA $0300,Y = $00   A:75 X:00 Y:06 P:05 SP:F5 CPU Cycle:423327772
DFC9 $8D $07 $20           STA $2007 = $00     A:00 X:00 Y:06 P:07 SP:F5 CPU Cycle:423327776
DFCC $C8                   INY                 A:00 X:00 Y:06 P:07 SP:F5 CPU Cycle:423327780
DFCD $C4 $32               CPY $32 = $0A       A:00 X:00 Y:07 P:05 SP:F5 CPU Cycle:423327782
DFCF $90 $DB               BCC $DFAC = $2C     A:00 X:00 Y:07 P:84 SP:F5 CPU Cycle:423327785
DFAC $2C $02 $20           BIT $2002 = $00     A:00 X:00 Y:07 P:84 SP:F5 CPU Cycle:423327788
DFAF $A9 $20               LDA #$20            A:00 X:00 Y:07 P:06 SP:F5 CPU Cycle:423327792
DFB1 $8D $06 $20           STA $2006 = $00     A:20 X:00 Y:07 P:04 SP:F5 CPU Cycle:423327794
DFB4 $A9 $14               LDA #$14            A:20 X:00 Y:07 P:04 SP:F5 CPU Cycle:423327798
DFB6 $C5 $32               CMP $32 = $0A       A:14 X:00 Y:07 P:04 SP:F5 CPU Cycle:423327800
DFB8 $F0 $06               BEQ $DFC0 = $B9     A:14 X:00 Y:07 P:05 SP:F5 CPU Cycle:423327803
DFBA $B9 $3A $E1           LDA $E13A,Y = $76   A:14 X:00 Y:07 P:05 SP:F5 CPU Cycle:423327805
DFBD $4C $C3 $DF           JMP $DFC3 = $8D     A:76 X:00 Y:07 P:05 SP:F5 CPU Cycle:423327809
DFC3 $8D $06 $20           STA $2006 = $20     A:76 X:00 Y:07 P:05 SP:F5 CPU Cycle:423327812
DFC6 $B9 $00 $03           LDA $0300,Y = $00   A:76 X:00 Y:07 P:05 SP:F5 CPU Cycle:423327816
DFC9 $8D $07 $20           STA $2007 = $00     A:00 X:00 Y:07 P:07 SP:F5 CPU Cycle:423327820
DFCC $C8                   INY                 A:00 X:00 Y:07 P:07 SP:F5 CPU Cycle:423327824
DFCD $C4 $32               CPY $32 = $0A       A:00 X:00 Y:08 P:05 SP:F5 CPU Cycle:423327826
DFCF $90 $DB               BCC $DFAC = $2C     A:00 X:00 Y:08 P:84 SP:F5 CPU Cycle:423327829
DFAC $2C $02 $20           BIT $2002 = $00     A:00 X:00 Y:08 P:84 SP:F5 CPU Cycle:423327832
DFAF $A9 $20               LDA #$20            A:00 X:00 Y:08 P:06 SP:F5 CPU Cycle:423327836
DFB1 $8D $06 $20           STA $2006 = $00     A:20 X:00 Y:08 P:04 SP:F5 CPU Cycle:423327838
DFB4 $A9 $14               LDA #$14            A:20 X:00 Y:08 P:04 SP:F5 CPU Cycle:423327842
DFB6 $C5 $32               CMP $32 = $0A       A:14 X:00 Y:08 P:04 SP:F5 CPU Cycle:423327844
DFB8 $F0 $06               BEQ $DFC0 = $B9     A:14 X:00 Y:08 P:05 SP:F5 CPU Cycle:423327847
DFBA $B9 $3A $E1           LDA $E13A,Y = $77   A:14 X:00 Y:08 P:05 SP:F5 CPU Cycle:423327849
DFBD $4C $C3 $DF           JMP $DFC3 = $8D     A:77 X:00 Y:08 P:05 SP:F5 CPU Cycle:423327853
DFC3 $8D $06 $20           STA $2006 = $20     A:77 X:00 Y:08 P:05 SP:F5 CPU Cycle:423327856
DFC6 $B9 $00 $03           LDA $0300,Y = $00   A:77 X:00 Y:08 P:05 SP:F5 CPU Cycle:423327860
DFC9 $8D $07 $20           STA $2007 = $00     A:00 X:00 Y:08 P:07 SP:F5 CPU Cycle:423327864
DFCC $C8                   INY                 A:00 X:00 Y:08 P:07 SP:F5 CPU Cycle:423327868
DFCD $C4 $32               CPY $32 = $0A       A:00 X:00 Y:09 P:05 SP:F5 CPU Cycle:423327870
DFCF $90 $DB               BCC $DFAC = $2C     A:00 X:00 Y:09 P:84 SP:F5 CPU Cycle:423327873
DFAC $2C $02 $20           BIT $2002 = $00     A:00 X:00 Y:09 P:84 SP:F5 CPU Cycle:423327876
DFAF $A9 $20               LDA #$20            A:00 X:00 Y:09 P:06 SP:F5 CPU Cycle:423327880
DFB1 $8D $06 $20           STA $2006 = $00     A:20 X:00 Y:09 P:04 SP:F5 CPU Cycle:423327882
DFB4 $A9 $14               LDA #$14            A:20 X:00 Y:09 P:04 SP:F5 CPU Cycle:423327886
DFB6 $C5 $32               CMP $32 = $0A       A:14 X:00 Y:09 P:04 SP:F5 CPU Cycle:423327888
DFB8 $F0 $06               BEQ $DFC0 = $B9     A:14 X:00 Y:09 P:05 SP:F5 CPU Cycle:423327891
DFBA $B9 $3A $E1           LDA $E13A,Y = $7D   A:14 X:00 Y:09 P:05 SP:F5 CPU Cycle:423327893
DFBD $4C $C3 $DF           JMP $DFC3 = $8D     A:7D X:00 Y:09 P:05 SP:F5 CPU Cycle:423327897
DFC3 $8D $06 $20           STA $2006 = $20     A:7D X:00 Y:09 P:05 SP:F5 CPU Cycle:423327900
DFC6 $B9 $00 $03           LDA $0300,Y = $F6   A:7D X:00 Y:09 P:05 SP:F5 CPU Cycle:423327904
DFC9 $8D $07 $20           STA $2007 = $00     A:F6 X:00 Y:09 P:85 SP:F5 CPU Cycle:423327908
DFCC $C8                   INY                 A:F6 X:00 Y:09 P:85 SP:F5 CPU Cycle:423327912
DFCD $C4 $32               CPY $32 = $0A       A:F6 X:00 Y:0A P:05 SP:F5 CPU Cycle:423327914
DFCF $90 $DB               BCC $DFAC = $2C     A:F6 X:00 Y:0A P:07 SP:F5 CPU Cycle:423327917
DFD1 $2C $02 $20           BIT $2002 = $16     A:F6 X:00 Y:0A P:07 SP:F5 CPU Cycle:423327919
DFD4 $A9 $20               LDA #$20            A:F6 X:00 Y:0A P:05 SP:F5 CPU Cycle:423327923
DFD6 $8D $06 $20           STA $2006 = $16     A:20 X:00 Y:0A P:05 SP:F5 CPU Cycle:423327925
DFD9 $A9 $6F               LDA #$6F            A:20 X:00 Y:0A P:05 SP:F5 CPU Cycle:423327929
DFDB $8D $06 $20           STA $2006 = $20     A:6F X:00 Y:0A P:05 SP:F5 CPU Cycle:423327931
DFDE $AD $17 $03           LDA $0317 = $00     A:6F X:00 Y:0A P:05 SP:F5 CPU Cycle:423327935
DFE1 $8D $07 $20           STA $2007 = $00     A:00 X:00 Y:0A P:07 SP:F5 CPU Cycle:423327939
DFE4 $AD $18 $03           LDA $0318 = $F8     A:00 X:00 Y:0A P:07 SP:F5 CPU Cycle:423327943
DFE7 $8D $07 $20           STA $2007 = $00     A:F8 X:00 Y:0A P:85 SP:F5 CPU Cycle:423327947
DFEA $A2 $00               LDX #$00            A:F8 X:00 Y:0A P:85 SP:F5 CPU Cycle:423327951
DFEC $A5 $91               LDA $91 = $00       A:F8 X:00 Y:0A P:07 SP:F5 CPU Cycle:423327953
DFEE $29 $01               AND #$01            A:00 X:00 Y:0A P:07 SP:F5 CPU Cycle:423327956
DFF0 $D0 $18               BNE $E00A = $8A     A:00 X:00 Y:0A P:07 SP:F5 CPU Cycle:423327958
DFF2 $A2 $01               LDX #$01            A:00 X:00 Y:0A P:07 SP:F5 CPU Cycle:423327960
DFF4 $A5 $92               LDA $92 = $80       A:00 X:01 Y:0A P:05 SP:F5 CPU Cycle:423327962
DFF6 $29 $01               AND #$01            A:80 X:01 Y:0A P:85 SP:F5 CPU Cycle:423327965
DFF8 $D0 $10               BNE $E00A = $8A     A:00 X:01 Y:0A P:07 SP:F5 CPU Cycle:423327967
DFFA $A2 $02               LDX #$02            A:00 X:01 Y:0A P:07 SP:F5 CPU Cycle:423327969
DFFC $A5 $93               LDA $93 = $80       A:00 X:02 Y:0A P:05 SP:F5 CPU Cycle:423327971
DFFE $29 $01               AND #$01            A:80 X:02 Y:0A P:85 SP:F5 CPU Cycle:423327974
E000 $D0 $08               BNE $E00A = $8A     A:00 X:02 Y:0A P:07 SP:F5 CPU Cycle:423327976
E002 $A2 $03               LDX #$03            A:00 X:02 Y:0A P:07 SP:F5 CPU Cycle:423327978
E004 $A5 $94               LDA $94 = $80       A:00 X:03 Y:0A P:05 SP:F5 CPU Cycle:423327980
E006 $29 $01               AND #$01            A:80 X:03 Y:0A P:85 SP:F5 CPU Cycle:423327983
E008 $F0 $32               BEQ $E03C = $A5     A:00 X:03 Y:0A P:07 SP:F5 CPU Cycle:423327985
E03C $A5 $09               LDA $09 = $0F       A:00 X:03 Y:0A P:07 SP:F5 CPU Cycle:423327988
E03E $29 $0F               AND #$0F            A:0F X:03 Y:0A P:05 SP:F5 CPU Cycle:423327991
E040 $D0 $4E               BNE $E090 = $A9     A:0F X:03 Y:0A P:05 SP:F5 CPU Cycle:423327993
E090 $A9 $02               LDA #$02            A:0F X:03 Y:0A P:05 SP:F5 CPU Cycle:423327996
E092 $8D $14 $40           STA $4014 = $40     A:02 X:03 Y:0A P:05 SP:F5 CPU Cycle:423327998
E095 $24 $11               BIT $11 = $00       A:02 X:03 Y:0A P:05 SP:F5 CPU Cycle:423328515
E097 $30 $22               BMI $E0BB = $A5     A:02 X:03 Y:0A P:07 SP:F5 CPU Cycle:423328518
E099 $E6 $09               INC $09 = $0F       A:02 X:03 Y:0A P:07 SP:F5 CPU Cycle:423328520
E09B $E6 $0B               INC $0B = $78       A:02 X:03 Y:0A P:05 SP:F5 CPU Cycle:423328525
E09D $E6 $0C               INC $0C = $78       A:02 X:03 Y:0A P:05 SP:F5 CPU Cycle:423328530
E09F $A5 $12               LDA $12 = $00       A:02 X:03 Y:0A P:05 SP:F5 CPU Cycle:423328535
E0A1 $F0 $05               BEQ $E0A8 = $A5     A:00 X:03 Y:0A P:07 SP:F5 CPU Cycle:423328538
E0A8 $A5 $10               LDA $10 = $00       A:00 X:03 Y:0A P:07 SP:F5 CPU Cycle:423328541
E0AA $F0 $02               BEQ $E0AE = $A5     A:00 X:03 Y:0A P:07 SP:F5 CPU Cycle:423328544
E0AE $A5 $2A               LDA $2A = $00       A:00 X:03 Y:0A P:07 SP:F5 CPU Cycle:423328547
E0B0 $29 $01               AND #$01            A:00 X:03 Y:0A P:07 SP:F5 CPU Cycle:423328550
E0B2 $D0 $04               BNE $E0B8 = $20     A:00 X:03 Y:0A P:07 SP:F5 CPU Cycle:423328552
E0B4 $24 $2A               BIT $2A = $00       A:00 X:03 Y:0A P:07 SP:F5 CPU Cycle:423328554
E0B6 $30 $03               BMI $E0BB = $A5     A:00 X:03 Y:0A P:07 SP:F5 CPU Cycle:423328557
E0B8 $20 $C2 $ED           JSR $EDC2 = $AC     A:00 X:03 Y:0A P:07 SP:F5 CPU Cycle:423328559
EDC2 $AC $30 $03             LDY $0330 = $FF   A:00 X:03 Y:0A P:07 SP:F3 CPU Cycle:423328565
EDC5 $30 $19                 BMI $EDE0 = $AD   A:00 X:03 Y:FF P:85 SP:F3 CPU Cycle:423328569
EDE0 $AD $44 $03             LDA $0344 = $00   A:00 X:03 Y:FF P:85 SP:F3 CPU Cycle:423328572
EDE3 $F0 $5E                 BEQ $EE43 = $2C   A:00 X:03 Y:FF P:07 SP:F3 CPU Cycle:423328576
EE43 $2C $23 $03             BIT $0323 = $40   A:00 X:03 Y:FF P:07 SP:F3 CPU Cycle:423328580
EE46 $50 $01                 BVC $EE49 = $A5   A:00 X:03 Y:FF P:47 SP:F3 CPU Cycle:423328584
EE48 $60                     RTS               A:00 X:03 Y:FF P:47 SP:F3 CPU Cycle:423328586
E0BB $A5 $2E               LDA $2E = $00       A:00 X:03 Y:FF P:47 SP:F5 CPU Cycle:423328592
E0BD $8D $05 $20           STA $2005 = $00     A:00 X:03 Y:FF P:47 SP:F5 CPU Cycle:423328595
E0C0 $A5 $2F               LDA $2F = $00       A:00 X:03 Y:FF P:47 SP:F5 CPU Cycle:423328599
E0C2 $8D $05 $20           STA $2005 = $00     A:00 X:03 Y:FF P:47 SP:F5 CPU Cycle:423328602
E0C5 $A9 $90               LDA #$90            A:00 X:03 Y:FF P:47 SP:F5 CPU Cycle:423328606
E0C7 $8D $00 $20           STA $2000 = $00     A:90 X:03 Y:FF P:C5 SP:F5 CPU Cycle:423328608
E0CA $A5 $30               LDA $30 = $1E       A:90 X:03 Y:FF P:C5 SP:F5 CPU Cycle:423328612
E0CC $8D $01 $20           STA $2001 = $90     A:1E X:03 Y:FF P:45 SP:F5 CPU Cycle:423328615
E0CF $A5 $2A               LDA $2A = $00       A:1E X:03 Y:FF P:45 SP:F5 CPU Cycle:423328619
E0D1 $C9 $C0               CMP #$C0            A:00 X:03 Y:FF P:47 SP:F5 CPU Cycle:423328622
E0D3 $D0 $13               BNE $E0E8 = $20     A:00 X:03 Y:FF P:44 SP:F5 CPU Cycle:423328624
E0E8 $20 $88 $DB           JSR $DB88 = $A9     A:00 X:03 Y:FF P:44 SP:F5 CPU Cycle:423328627
DB88 $A9 $01                 LDA #$01          A:00 X:03 Y:FF P:44 SP:F3 CPU Cycle:423328633
DB8A $8D $16 $40             STA $4016 = $00   A:01 X:03 Y:FF P:44 SP:F3 CPU Cycle:423328635
DB8D $A9 $00                 LDA #$00          A:01 X:03 Y:FF P:44 SP:F3 CPU Cycle:423328639
DB8F $8D $16 $40             STA $4016 = $00   A:00 X:03 Y:FF P:46 SP:F3 CPU Cycle:423328641
DB92 $A2 $08                 LDX #$08          A:00 X:03 Y:FF P:46 SP:F3 CPU Cycle:423328645
DB94 $AD $16 $40             LDA $4016 = $00   A:00 X:08 Y:FF P:44 SP:F3 CPU Cycle:423328647
DB97 $6A                     ROR A             A:40 X:08 Y:FF P:44 SP:F3 CPU Cycle:423328651
DB98 $66 $1B                 ROR $1B = $4E     A:20 X:08 Y:FF P:44 SP:F3 CPU Cycle:423328653
DB9A $6A                     ROR A             A:20 X:08 Y:FF P:44 SP:F3 CPU Cycle:423328658
DB9B $66 $D0                 ROR $D0 = $08     A:10 X:08 Y:FF P:44 SP:F3 CPU Cycle:423328660
DB9D $CA                     DEX               A:10 X:08 Y:FF P:44 SP:F3 CPU Cycle:423328665
DB9E $D0 $F4                 BNE $DB94 = $AD   A:10 X:07 Y:FF P:44 SP:F3 CPU Cycle:423328667
DB94 $AD $16 $40             LDA $4016 = $00   A:10 X:07 Y:FF P:44 SP:F3 CPU Cycle:423328670
DB97 $6A                     ROR A             A:40 X:07 Y:FF P:44 SP:F3 CPU Cycle:423328674
DB98 $66 $1B                 ROR $1B = $27     A:20 X:07 Y:FF P:44 SP:F3 CPU Cycle:423328676
DB9A $6A                     ROR A             A:20 X:07 Y:FF P:45 SP:F3 CPU Cycle:423328681
DB9B $66 $D0                 ROR $D0 = $04     A:90 X:07 Y:FF P:C4 SP:F3 CPU Cycle:423328683
DB9D $CA                     DEX               A:90 X:07 Y:FF P:44 SP:F3 CPU Cycle:423328688
DB9E $D0 $F4                 BNE $DB94 = $AD   A:90 X:06 Y:FF P:44 SP:F3 CPU Cycle:423328690
DB94 $AD $16 $40             LDA $4016 = $00   A:90 X:06 Y:FF P:44 SP:F3 CPU Cycle:423328693
DB97 $6A                     ROR A             A:40 X:06 Y:FF P:44 SP:F3 CPU Cycle:423328697
DB98 $66 $1B                 ROR $1B = $13     A:20 X:06 Y:FF P:44 SP:F3 CPU Cycle:423328699
DB9A $6A                     ROR A             A:20 X:06 Y:FF P:45 SP:F3 CPU Cycle:423328704
DB9B $66 $D0                 ROR $D0 = $02     A:90 X:06 Y:FF P:C4 SP:F3 CPU Cycle:423328706
DB9D $CA                     DEX               A:90 X:06 Y:FF P:44 SP:F3 CPU Cycle:423328711
DB9E $D0 $F4                 BNE $DB94 = $AD   A:90 X:05 Y:FF P:44 SP:F3 CPU Cycle:423328713
DB94 $AD $16 $40             LDA $4016 = $00   A:90 X:05 Y:FF P:44 SP:F3 CPU Cycle:423328716
DB97 $6A                     ROR A             A:41 X:05 Y:FF P:44 SP:F3 CPU Cycle:423328720
DB98 $66 $1B                 ROR $1B = $09     A:20 X:05 Y:FF P:45 SP:F3 CPU Cycle:423328722
DB9A $6A                     ROR A             A:20 X:05 Y:FF P:C5 SP:F3 CPU Cycle:423328727
DB9B $66 $D0                 ROR $D0 = $01     A:90 X:05 Y:FF P:C4 SP:F3 CPU Cycle:423328729
DB9D $CA                     DEX               A:90 X:05 Y:FF P:47 SP:F3 CPU Cycle:423328734
DB9E $D0 $F4                 BNE $DB94 = $AD   A:90 X:04 Y:FF P:45 SP:F3 CPU Cycle:423328736
DB94 $AD $16 $40             LDA $4016 = $00   A:90 X:04 Y:FF P:45 SP:F3 CPU Cycle:423328739
DB97 $6A                     ROR A             A:40 X:04 Y:FF P:45 SP:F3 CPU Cycle:423328743
DB98 $66 $1B                 ROR $1B = $84     A:A0 X:04 Y:FF P:C4 SP:F3 CPU Cycle:423328745
DB9A $6A                     ROR A             A:A0 X:04 Y:FF P:44 SP:F3 CPU Cycle:423328750
DB9B $66 $D0                 ROR $D0 = $00     A:50 X:04 Y:FF P:44 SP:F3 CPU Cycle:423328752
DB9D $CA                     DEX               A:50 X:04 Y:FF P:46 SP:F3 CPU Cycle:423328757
DB9E $D0 $F4                 BNE $DB94 = $AD   A:50 X:03 Y:FF P:44 SP:F3 CPU Cycle:423328759
DB94 $AD $16 $40             LDA $4016 = $00   A:50 X:03 Y:FF P:44 SP:F3 CPU Cycle:423328762
DB97 $6A                     ROR A             A:40 X:03 Y:FF P:44 SP:F3 CPU Cycle:423328766
DB98 $66 $1B                 ROR $1B = $42     A:20 X:03 Y:FF P:44 SP:F3 CPU Cycle:423328768
DB9A $6A                     ROR A             A:20 X:03 Y:FF P:44 SP:F3 CPU Cycle:423328773
DB9B $66 $D0                 ROR $D0 = $00     A:10 X:03 Y:FF P:44 SP:F3 CPU Cycle:423328775
DB9D $CA                     DEX               A:10 X:03 Y:FF P:46 SP:F3 CPU Cycle:423328780
DB9E $D0 $F4                 BNE $DB94 = $AD   A:10 X:02 Y:FF P:44 SP:F3 CPU Cycle:423328782
DB94 $AD $16 $40             LDA $4016 = $00   A:10 X:02 Y:FF P:44 SP:F3 CPU Cycle:423328785
DB97 $6A                     ROR A             A:40 X:02 Y:FF P:44 SP:F3 CPU Cycle:423328789
DB98 $66 $1B                 ROR $1B = $21     A:20 X:02 Y:FF P:44 SP:F3 CPU Cycle:423328791
DB9A $6A                     ROR A             A:20 X:02 Y:FF P:45 SP:F3 CPU Cycle:423328796
DB9B $66 $D0                 ROR $D0 = $00     A:90 X:02 Y:FF P:C4 SP:F3 CPU Cycle:423328798
DB9D $CA                     DEX               A:90 X:02 Y:FF P:46 SP:F3 CPU Cycle:423328803
DB9E $D0 $F4                 BNE $DB94 = $AD   A:90 X:01 Y:FF P:44 SP:F3 CPU Cycle:423328805
DB94 $AD $16 $40             LDA $4016 = $00   A:90 X:01 Y:FF P:44 SP:F3 CPU Cycle:423328808
DB97 $6A                     ROR A             A:40 X:01 Y:FF P:44 SP:F3 CPU Cycle:423328812
DB98 $66 $1B                 ROR $1B = $10     A:20 X:01 Y:FF P:44 SP:F3 CPU Cycle:423328814
DB9A $6A                     ROR A             A:20 X:01 Y:FF P:44 SP:F3 CPU Cycle:423328819
DB9B $66 $D0                 ROR $D0 = $00     A:10 X:01 Y:FF P:44 SP:F3 CPU Cycle:423328821
DB9D $CA                     DEX               A:10 X:01 Y:FF P:46 SP:F3 CPU Cycle:423328826
DB9E $D0 $F4                 BNE $DB94 = $AD   A:10 X:00 Y:FF P:46 SP:F3 CPU Cycle:423328828
DBA0 $A5 $D0                 LDA $D0 = $00     A:10 X:00 Y:FF P:46 SP:F3 CPU Cycle:423328830
DBA2 $29 $0F                 AND #$0F          A:00 X:00 Y:FF P:46 SP:F3 CPU Cycle:423328833
DBA4 $05 $1B                 ORA $1B = $08     A:00 X:00 Y:FF P:46 SP:F3 CPU Cycle:423328835
DBA6 $85 $D0                 STA $D0 = $00     A:08 X:00 Y:FF P:44 SP:F3 CPU Cycle:423328838
DBA8 $A2 $08                 LDX #$08          A:08 X:00 Y:FF P:44 SP:F3 CPU Cycle:423328841
DBAA $AD $17 $40             LDA $4017 = $00   A:08 X:08 Y:FF P:44 SP:F3 CPU Cycle:423328843
DBAD $6A                     ROR A             A:40 X:08 Y:FF P:44 SP:F3 CPU Cycle:423328847
DBAE $66 $1B                 ROR $1B = $08     A:20 X:08 Y:FF P:44 SP:F3 CPU Cycle:423328849
DBB0 $6A                     ROR A             A:20 X:08 Y:FF P:44 SP:F3 CPU Cycle:423328854
DBB1 $66 $D1                 ROR $D1 = $00     A:10 X:08 Y:FF P:44 SP:F3 CPU Cycle:423328856
DBB3 $CA                     DEX               A:10 X:08 Y:FF P:46 SP:F3 CPU Cycle:423328861
DBB4 $D0 $F4                 BNE $DBAA = $AD   A:10 X:07 Y:FF P:44 SP:F3 CPU Cycle:423328863
DBAA $AD $17 $40             LDA $4017 = $00   A:10 X:07 Y:FF P:44 SP:F3 CPU Cycle:423328866
DBAD $6A                     ROR A             A:40 X:07 Y:FF P:44 SP:F3 CPU Cycle:423328870
DBAE $66 $1B                 ROR $1B = $04     A:20 X:07 Y:FF P:44 SP:F3 CPU Cycle:423328872
DBB0 $6A                     ROR A             A:20 X:07 Y:FF P:44 SP:F3 CPU Cycle:423328877
DBB1 $66 $D1                 ROR $D1 = $00     A:10 X:07 Y:FF P:44 SP:F3 CPU Cycle:423328879
DBB3 $CA                     DEX               A:10 X:07 Y:FF P:46 SP:F3 CPU Cycle:423328884
DBB4 $D0 $F4                 BNE $DBAA = $AD   A:10 X:06 Y:FF P:44 SP:F3 CPU Cycle:423328886
DBAA $AD $17 $40             LDA $4017 = $00   A:10 X:06 Y:FF P:44 SP:F3 CPU Cycle:423328889
DBAD $6A                     ROR A             A:40 X:06 Y:FF P:44 SP:F3 CPU Cycle:423328893
DBAE $66 $1B                 ROR $1B = $02     A:20 X:06 Y:FF P:44 SP:F3 CPU Cycle:423328895
DBB0 $6A                     ROR A             A:20 X:06 Y:FF P:44 SP:F3 CPU Cycle:423328900
DBB1 $66 $D1                 ROR $D1 = $00     A:10 X:06 Y:FF P:44 SP:F3 CPU Cycle:423328902
DBB3 $CA                     DEX               A:10 X:06 Y:FF P:46 SP:F3 CPU Cycle:423328907
DBB4 $D0 $F4                 BNE $DBAA = $AD   A:10 X:05 Y:FF P:44 SP:F3 CPU Cycle:423328909
DBAA $AD $17 $40             LDA $4017 = $00   A:10 X:05 Y:FF P:44 SP:F3 CPU Cycle:423328912
DBAD $6A                     ROR A             A:40 X:05 Y:FF P:44 SP:F3 CPU Cycle:423328916
DBAE $66 $1B                 ROR $1B = $01     A:20 X:05 Y:FF P:44 SP:F3 CPU Cycle:423328918
DBB0 $6A                     ROR A             A:20 X:05 Y:FF P:47 SP:F3 CPU Cycle:423328923
DBB1 $66 $D1                 ROR $D1 = $00     A:90 X:05 Y:FF P:C4 SP:F3 CPU Cycle:423328925
DBB3 $CA                     DEX               A:90 X:05 Y:FF P:46 SP:F3 CPU Cycle:423328930
DBB4 $D0 $F4                 BNE $DBAA = $AD   A:90 X:04 Y:FF P:44 SP:F3 CPU Cycle:423328932
DBAA $AD $17 $40             LDA $4017 = $00   A:90 X:04 Y:FF P:44 SP:F3 CPU Cycle:423328935
DBAD $6A                     ROR A             A:40 X:04 Y:FF P:44 SP:F3 CPU Cycle:423328939
DBAE $66 $1B                 ROR $1B = $00     A:20 X:04 Y:FF P:44 SP:F3 CPU Cycle:423328941
DBB0 $6A                     ROR A             A:20 X:04 Y:FF P:46 SP:F3 CPU Cycle:423328946
DBB1 $66 $D1                 ROR $D1 = $00     A:10 X:04 Y:FF P:44 SP:F3 CPU Cycle:423328948
DBB3 $CA                     DEX               A:10 X:04 Y:FF P:46 SP:F3 CPU Cycle:423328953
DBB4 $D0 $F4                 BNE $DBAA = $AD   A:10 X:03 Y:FF P:44 SP:F3 CPU Cycle:423328955
DBAA $AD $17 $40             LDA $4017 = $00   A:10 X:03 Y:FF P:44 SP:F3 CPU Cycle:423328958
DBAD $6A                     ROR A             A:40 X:03 Y:FF P:44 SP:F3 CPU Cycle:423328962
DBAE $66 $1B                 ROR $1B = $00     A:20 X:03 Y:FF P:44 SP:F3 CPU Cycle:423328964
DBB0 $6A                     ROR A             A:20 X:03 Y:FF P:46 SP:F3 CPU Cycle:423328969
DBB1 $66 $D1                 ROR $D1 = $00     A:10 X:03 Y:FF P:44 SP:F3 CPU Cycle:423328971
DBB3 $CA                     DEX               A:10 X:03 Y:FF P:46 SP:F3 CPU Cycle:423328976
DBB4 $D0 $F4                 BNE $DBAA = $AD   A:10 X:02 Y:FF P:44 SP:F3 CPU Cycle:423328978
DBAA $AD $17 $40             LDA $4017 = $00   A:10 X:02 Y:FF P:44 SP:F3 CPU Cycle:423328981
DBAD $6A                     ROR A             A:40 X:02 Y:FF P:44 SP:F3 CPU Cycle:423328985
DBAE $66 $1B                 ROR $1B = $00     A:20 X:02 Y:FF P:44 SP:F3 CPU Cycle:423328987
DBB0 $6A                     ROR A             A:20 X:02 Y:FF P:46 SP:F3 CPU Cycle:423328992
DBB1 $66 $D1                 ROR $D1 = $00     A:10 X:02 Y:FF P:44 SP:F3 CPU Cycle:423328994
DBB3 $CA                     DEX               A:10 X:02 Y:FF P:46 SP:F3 CPU Cycle:423328999
DBB4 $D0 $F4                 BNE $DBAA = $AD   A:10 X:01 Y:FF P:44 SP:F3 CPU Cycle:423329001
DBAA $AD $17 $40             LDA $4017 = $00   A:10 X:01 Y:FF P:44 SP:F3 CPU Cycle:423329004
DBAD $6A                     ROR A             A:40 X:01 Y:FF P:44 SP:F3 CPU Cycle:423329008
DBAE $66 $1B                 ROR $1B = $00     A:20 X:01 Y:FF P:44 SP:F3 CPU Cycle:423329010
DBB0 $6A                     ROR A             A:20 X:01 Y:FF P:46 SP:F3 CPU Cycle:423329015
DBB1 $66 $D1                 ROR $D1 = $00     A:10 X:01 Y:FF P:44 SP:F3 CPU Cycle:423329017
DBB3 $CA                     DEX               A:10 X:01 Y:FF P:46 SP:F3 CPU Cycle:423329022
DBB4 $D0 $F4                 BNE $DBAA = $AD   A:10 X:00 Y:FF P:46 SP:F3 CPU Cycle:423329024
DBB6 $A5 $D1                 LDA $D1 = $00     A:10 X:00 Y:FF P:46 SP:F3 CPU Cycle:423329026
DBB8 $29 $0F                 AND #$0F          A:00 X:00 Y:FF P:46 SP:F3 CPU Cycle:423329029
DBBA $05 $1B                 ORA $1B = $00     A:00 X:00 Y:FF P:46 SP:F3 CPU Cycle:423329031
DBBC $85 $D1                 STA $D1 = $00     A:00 X:00 Y:FF P:46 SP:F3 CPU Cycle:423329034
DBBE $A5 $12                 LDA $12 = $00     A:00 X:00 Y:FF P:46 SP:F3 CPU Cycle:423329037
DBC0 $F0 $0C                 BEQ $DBCE = $60   A:00 X:00 Y:FF P:46 SP:F3 CPU Cycle:423329040
DBCE $60                     RTS               A:00 X:00 Y:FF P:46 SP:F3 CPU Cycle:423329043
E0EB $A5 $4C               LDA $4C = $CE       A:00 X:00 Y:FF P:46 SP:F5 CPU Cycle:423329049
E0ED $18                   CLC                 A:CE X:00 Y:FF P:C4 SP:F5 CPU Cycle:423329052
E0EE $69 $04               ADC #$04            A:CE X:00 Y:FF P:C4 SP:F5 CPU Cycle:423329054
E0F0 $85 $44               STA $44 = $D2       A:D2 X:00 Y:FF P:84 SP:F5 CPU Cycle:423329056
E0F2 $A5 $4D               LDA $4D = $33       A:D2 X:00 Y:FF P:84 SP:F5 CPU Cycle:423329059
E0F4 $18                   CLC                 A:33 X:00 Y:FF P:04 SP:F5 CPU Cycle:423329062
E0F5 $69 $04               ADC #$04            A:33 X:00 Y:FF P:04 SP:F5 CPU Cycle:423329064
E0F7 $85 $45               STA $45 = $37       A:37 X:00 Y:FF P:04 SP:F5 CPU Cycle:423329066
E0F9 $A5 $4E               LDA $4E = $60       A:37 X:00 Y:FF P:04 SP:F5 CPU Cycle:423329069
E0FB $18                   CLC                 A:60 X:00 Y:FF P:04 SP:F5 CPU Cycle:423329072
E0FC $69 $04               ADC #$04            A:60 X:00 Y:FF P:04 SP:F5 CPU Cycle:423329074
E0FE $85 $46               STA $46 = $65       A:64 X:00 Y:FF P:04 SP:F5 CPU Cycle:423329076
E100 $A5 $4F               LDA $4F = $56       A:64 X:00 Y:FF P:04 SP:F5 CPU Cycle:423329079
E102 $18                   CLC                 A:56 X:00 Y:FF P:04 SP:F5 CPU Cycle:423329082
E103 $69 $04               ADC #$04            A:56 X:00 Y:FF P:04 SP:F5 CPU Cycle:423329084
E105 $85 $47               STA $47 = $59       A:5A X:00 Y:FF P:04 SP:F5 CPU Cycle:423329086
E107 $A5 $57               LDA $57 = $93       A:5A X:00 Y:FF P:04 SP:F5 CPU Cycle:423329089
E109 $18                   CLC                 A:93 X:00 Y:FF P:84 SP:F5 CPU Cycle:423329092
E10A $69 $04               ADC #$04            A:93 X:00 Y:FF P:84 SP:F5 CPU Cycle:423329094
E10C $85 $48               STA $48 = $97       A:97 X:00 Y:FF P:84 SP:F5 CPU Cycle:423329096
E10E $A5 $58               LDA $58 = $BB       A:97 X:00 Y:FF P:84 SP:F5 CPU Cycle:423329099
E110 $18                   CLC                 A:BB X:00 Y:FF P:84 SP:F5 CPU Cycle:423329102
E111 $69 $04               ADC #$04            A:BB X:00 Y:FF P:84 SP:F5 CPU Cycle:423329104
E113 $85 $49               STA $49 = $C1       A:BF X:00 Y:FF P:84 SP:F5 CPU Cycle:423329106
E115 $A5 $59               LDA $59 = $D3       A:BF X:00 Y:FF P:84 SP:F5 CPU Cycle:423329109
E117 $18                   CLC                 A:D3 X:00 Y:FF P:84 SP:F5 CPU Cycle:423329112
E118 $69 $04               ADC #$04            A:D3 X:00 Y:FF P:84 SP:F5 CPU Cycle:423329114
E11A $85 $4A               STA $4A = $D7       A:D7 X:00 Y:FF P:84 SP:F5 CPU Cycle:423329116
E11C $A5 $5A               LDA $5A = $96       A:D7 X:00 Y:FF P:84 SP:F5 CPU Cycle:423329119
E11E $18                   CLC                 A:96 X:00 Y:FF P:84 SP:F5 CPU Cycle:423329122
E11F $69 $04               ADC #$04            A:96 X:00 Y:FF P:84 SP:F5 CPU Cycle:423329124
E121 $85 $4B               STA $4B = $99       A:9A X:00 Y:FF P:84 SP:F5 CPU Cycle:423329126
E123 $20 $24 $F8           JSR $F824 = $20     A:9A X:00 Y:FF P:84 SP:F5 CPU Cycle:423329129
F824 $20 $3E $F8             JSR $F83E = $8D   A:9A X:00 Y:FF P:84 SP:F3 CPU Cycle:423329135
F83E $8D $3F $03               STA $033F = $05 A:9A X:00 Y:FF P:84 SP:F1 CPU Cycle:423329141
F841 $8E $40 $03               STX $0340 = $00 A:9A X:00 Y:FF P:84 SP:F1 CPU Cycle:423329145
F844 $8C $41 $03               STY $0341 = $02 A:9A X:00 Y:FF P:84 SP:F1 CPU Cycle:423329149
F847 $A9 $06                   LDA #$06        A:9A X:00 Y:FF P:84 SP:F1 CPU Cycle:423329153
F849 $8D $00 $80               STA $8000 = $20 A:06 X:00 Y:FF P:04 SP:F1 CPU Cycle:423329155
F84C $A9 $0B                   LDA #$0B        A:06 X:00 Y:FF P:04 SP:F1 CPU Cycle:423329159
F84E $8D $01 $80               STA $8001 = $00 A:0B X:00 Y:FF P:04 SP:F1 CPU Cycle:423329161
F851 $AD $3F $03               LDA $033F = $9A A:0B X:00 Y:FF P:04 SP:F1 CPU Cycle:423329165
F854 $60                       RTS             A:9A X:00 Y:FF P:84 SP:F1 CPU Cycle:423329169
F827 $20 $06 $80             JSR $8006 = $4C   A:9A X:00 Y:FF P:84 SP:F3 CPU Cycle:423329175
8006 $4C $62 $80               JMP $8062 = $E6 A:9A X:00 Y:FF P:84 SP:F1 CPU Cycle:423329181
8062 $E6 $E2                   INC $E2 = $5F   A:9A X:00 Y:FF P:84 SP:F1 CPU Cycle:423329184
8064 $AE $10 $05               LDX $0510 = $00 A:9A X:00 Y:FF P:04 SP:F1 CPU Cycle:423329189
8067 $EC $11 $05               CPX $0511 = $01 A:9A X:00 Y:FF P:06 SP:F1 CPU Cycle:423329193
806A $F0 $10                   BEQ $807C = $A2 A:9A X:00 Y:FF P:84 SP:F1 CPU Cycle:423329197
806C $E8                       INX             A:9A X:00 Y:FF P:84 SP:F1 CPU Cycle:423329199
806D $E0 $10                   CPX #$10        A:9A X:01 Y:FF P:04 SP:F1 CPU Cycle:423329201
806F $90 $02                   BCC $8073 = $8E A:9A X:01 Y:FF P:84 SP:F1 CPU Cycle:423329203
8073 $8E $10 $05               STX $0510 = $00 A:9A X:01 Y:FF P:84 SP:F1 CPU Cycle:423329206
8076 $BC $00 $05               LDY $0500,X = $05 A:9A X:01 Y:FF P:84 SP:F1 CPU Cycle:423329210
8079 $20 $8F $80               JSR $808F = $C0 A:9A X:01 Y:05 P:04 SP:F1 CPU Cycle:423329214
808F $C0 $1F                     CPY #$1F      A:9A X:01 Y:05 P:04 SP:EF CPU Cycle:423329220
8091 $B0 $14                     BCS $80A7 = $60 A:9A X:01 Y:05 P:84 SP:EF CPU Cycle:423329222
8093 $B9 $99 $8F                 LDA $8F99,Y = $08 A:9A X:01 Y:05 P:84 SP:EF CPU Cycle:423329224
8096 $C9 $0F                     CMP #$0F      A:08 X:01 Y:05 P:04 SP:EF CPU Cycle:423329228
8098 $B0 $0D                     BCS $80A7 = $60 A:08 X:01 Y:05 P:84 SP:EF CPU Cycle:423329230
809A $0A                         ASL A         A:08 X:01 Y:05 P:84 SP:EF CPU Cycle:423329232
809B $AA                         TAX           A:10 X:01 Y:05 P:04 SP:EF CPU Cycle:423329234
809C $BD $A9 $80                 LDA $80A9,X = $81 A:10 X:10 Y:05 P:04 SP:EF CPU Cycle:423329236
809F $48                         PHA           A:81 X:10 Y:05 P:84 SP:EF CPU Cycle:423329240
80A0 $BD $A8 $80                  LDA $80A8,X = $9A A:81 X:10 Y:05 P:84 SP:EE CPU Cycle:423329243
80A3 $48                          PHA          A:9A X:10 Y:05 P:84 SP:EE CPU Cycle:423329247
80A4 $B9 $B8 $8F                   LDA $8FB8,Y = $01 A:9A X:10 Y:05 P:84 SP:ED CPU Cycle:423329250
80A7 $60                           RTS         A:01 X:10 Y:05 P:04 SP:ED CPU Cycle:423329254
819B $8D $13 $05                 STA $0513 = $00 A:01 X:10 Y:05 P:04 SP:EF CPU Cycle:423329260
819E $A8                         TAY           A:01 X:10 Y:05 P:04 SP:EF CPU Cycle:423329264
819F $0A                         ASL A         A:01 X:10 Y:01 P:04 SP:EF CPU Cycle:423329266
81A0 $AA                         TAX           A:02 X:10 Y:01 P:04 SP:EF CPU Cycle:423329268
81A1 $B0 $05                     BCS $81A8 = $BD A:02 X:02 Y:01 P:04 SP:EF CPU Cycle:423329270
81A3 $BD $DB $8F                 LDA $8FDB,X = $04 A:02 X:02 Y:01 P:04 SP:EF CPU Cycle:423329272
81A6 $90 $03                     BCC $81AB = $85 A:04 X:02 Y:01 P:04 SP:EF CPU Cycle:423329276
81AB $85 $DE                     STA $DE = $00 A:04 X:02 Y:01 P:04 SP:EF CPU Cycle:423329279
81AD $B0 $05                     BCS $81B4 = $BD A:04 X:02 Y:01 P:04 SP:EF CPU Cycle:423329282
81AF $BD $DC $8F                 LDA $8FDC,X = $00 A:04 X:02 Y:01 P:04 SP:EF CPU Cycle:423329284
81B2 $90 $03                     BCC $81B7 = $85 A:00 X:02 Y:01 P:06 SP:EF CPU Cycle:423329288
81B7 $85 $DF                     STA $DF = $00 A:00 X:02 Y:01 P:06 SP:EF CPU Cycle:423329291
81B9 $B9 $FB $8F                 LDA $8FFB,Y = $FF A:00 X:02 Y:01 P:06 SP:EF CPU Cycle:423329294
81BC $D0 $16                     BNE $81D4 = $A0 A:FF X:02 Y:01 P:84 SP:EF CPU Cycle:423329298
81D4 $A0 $0B                     LDY #$0B      A:FF X:02 Y:01 P:84 SP:EF CPU Cycle:423329301
81D6 $8C $15 $05                 STY $0515 = $0B A:FF X:02 Y:0B P:04 SP:EF CPU Cycle:423329303
81D9 $B9 $A6 $05                 LDA $05A6,Y = $00 A:FF X:02 Y:0B P:04 SP:EF CPU Cycle:423329307
81DC $F0 $7F                     BEQ $825D = $AE A:00 X:02 Y:0B P:06 SP:EF CPU Cycle:423329311
825D $AE $15 $05                 LDX $0515 = $0B A:00 X:02 Y:0B P:06 SP:EF CPU Cycle:423329315
8260 $A9 $07                     LDA #$07      A:00 X:0B Y:0B P:04 SP:EF CPU Cycle:423329319
8262 $9D $B2 $05                 STA $05B2,X = $00 A:07 X:0B Y:0B P:04 SP:EF CPU Cycle:423329321
8265 $A9 $40                     LDA #$40      A:07 X:0B Y:0B P:04 SP:EF CPU Cycle:423329326
8267 $9D $66 $06                 STA $0666,X = $20 A:40 X:0B Y:0B P:04 SP:EF CPU Cycle:423329328
826A $A9 $B0                     LDA #$B0      A:40 X:0B Y:0B P:04 SP:EF CPU Cycle:423329333
826C $9D $96 $06                 STA $0696,X = $B0 A:B0 X:0B Y:0B P:84 SP:EF CPU Cycle:423329335
826F $A9 $00                     LDA #$00      A:B0 X:0B Y:0B P:84 SP:EF CPU Cycle:423329340
8271 $9D $A2 $06                 STA $06A2,X = $00 A:00 X:0B Y:0B P:06 SP:EF CPU Cycle:423329342
8274 $9D $0E $07                 STA $070E,X = $00 A:00 X:0B Y:0B P:06 SP:EF CPU Cycle:423329347
8277 $9D $72 $06                 STA $0672,X = $00 A:00 X:0B Y:0B P:06 SP:EF CPU Cycle:423329352
827A $9D $7E $06                 STA $067E,X = $00 A:00 X:0B Y:0B P:06 SP:EF CPU Cycle:423329357
827D $9D $8A $06                 STA $068A,X = $00 A:00 X:0B Y:0B P:06 SP:EF CPU Cycle:423329362
8280 $9D $6A $05                 STA $056A,X = $22 A:00 X:0B Y:0B P:06 SP:EF CPU Cycle:423329367
8283 $9D $76 $05                 STA $0576,X = $00 A:00 X:0B Y:0B P:06 SP:EF CPU Cycle:423329372
8286 $9D $AE $06                 STA $06AE,X = $00 A:00 X:0B Y:0B P:06 SP:EF CPU Cycle:423329377
8289 $9D $EA $06                 STA $06EA,X = $00 A:00 X:0B Y:0B P:06 SP:EF CPU Cycle:423329382
828C $9D $BA $06                 STA $06BA,X = $00 A:00 X:0B Y:0B P:06 SP:EF CPU Cycle:423329387
828F $9D $C6 $06                 STA $06C6,X = $00 A:00 X:0B Y:0B P:06 SP:EF CPU Cycle:423329392
8292 $9D $D2 $06                 STA $06D2,X = $00 A:00 X:0B Y:0B P:06 SP:EF CPU Cycle:423329397
8295 $9D $DE $06                 STA $06DE,X = $00 A:00 X:0B Y:0B P:06 SP:EF CPU Cycle:423329402
8298 $9D $82 $05                 STA $0582,X = $1E A:00 X:0B Y:0B P:06 SP:EF CPU Cycle:423329407
829B $9D $8E $05                 STA $058E,X = $7F A:00 X:0B Y:0B P:06 SP:EF CPU Cycle:423329412
829E $9D $9A $05                 STA $059A,X = $80 A:00 X:0B Y:0B P:06 SP:EF CPU Cycle:423329417
82A1 $9D $F6 $06                 STA $06F6,X = $03 A:00 X:0B Y:0B P:06 SP:EF CPU Cycle:423329422
82A4 $9D $02 $07                 STA $0702,X = $00 A:00 X:0B Y:0B P:06 SP:EF CPU Cycle:423329427
82A7 $9D $2A $06                 STA $062A,X = $00 A:00 X:0B Y:0B P:06 SP:EF CPU Cycle:423329432
82AA $9D $5A $06                 STA $065A,X = $00 A:00 X:0B Y:0B P:06 SP:EF CPU Cycle:423329437
82AD $9D $E2 $05                 STA $05E2,X = $11 A:00 X:0B Y:0B P:06 SP:EF CPU Cycle:423329442
82B0 $9D $FA $05                 STA $05FA,X = $00 A:00 X:0B Y:0B P:06 SP:EF CPU Cycle:423329447
82B3 $9D $BE $05                 STA $05BE,X = $1B A:00 X:0B Y:0B P:06 SP:EF CPU Cycle:423329452
82B6 $A9 $2F                     LDA #$2F      A:00 X:0B Y:0B P:06 SP:EF CPU Cycle:423329457
82B8 $9D $CA $05                 STA $05CA,X = $21 A:2F X:0B Y:0B P:04 SP:EF CPU Cycle:423329459
82BB $9D $12 $06                 STA $0612,X = $2F A:2F X:0B Y:0B P:04 SP:EF CPU Cycle:423329464
82BE $A9 $8E                     LDA #$8E      A:2F X:0B Y:0B P:04 SP:EF CPU Cycle:423329469
82C0 $9D $D6 $05                 STA $05D6,X = $92 A:8E X:0B Y:0B P:84 SP:EF CPU Cycle:423329471
82C3 $9D $1E $06                 STA $061E,X = $8E A:8E X:0B Y:0B P:84 SP:EF CPU Cycle:423329476
82C6 $A0 $00                     LDY #$00      A:8E X:0B Y:0B P:84 SP:EF CPU Cycle:423329481
82C8 $A9 $0B                     LDA #$0B      A:8E X:0B Y:00 P:06 SP:EF CPU Cycle:423329483
82CA $18                         CLC           A:0B X:0B Y:00 P:04 SP:EF CPU Cycle:423329485
82CB $65 $DE                     ADC $DE = $04 A:0B X:0B Y:00 P:04 SP:EF CPU Cycle:423329487
82CD $85 $E0                     STA $E0 = $77 A:0F X:0B Y:00 P:04 SP:EF CPU Cycle:423329490
82CF $A9 $90                     LDA #$90      A:0F X:0B Y:00 P:04 SP:EF CPU Cycle:423329493
82D1 $65 $DF                     ADC $DF = $00 A:90 X:0B Y:00 P:84 SP:EF CPU Cycle:423329495
82D3 $85 $E1                     STA $E1 = $90 A:90 X:0B Y:00 P:84 SP:EF CPU Cycle:423329498
82D5 $B1 $E0                     LDA ($E0),Y = $0A A:90 X:0B Y:00 P:84 SP:EF CPU Cycle:423329501
82D7 $0A                         ASL A         A:0A X:0B Y:00 P:04 SP:EF CPU Cycle:423329506
82D8 $38                         SEC           A:14 X:0B Y:00 P:04 SP:EF CPU Cycle:423329508
82D9 $2A                         ROL A         A:14 X:0B Y:00 P:05 SP:EF CPU Cycle:423329510
82DA $9D $A6 $05                 STA $05A6,X = $00 A:29 X:0B Y:00 P:04 SP:EF CPU Cycle:423329512
82DD $A9 $24                     LDA #$24      A:29 X:0B Y:00 P:04 SP:EF CPU Cycle:423329517
82DF $18                         CLC           A:24 X:0B Y:00 P:04 SP:EF CPU Cycle:423329519
82E0 $65 $DE                     ADC $DE = $04 A:24 X:0B Y:00 P:04 SP:EF CPU Cycle:423329521
82E2 $85 $E0                     STA $E0 = $0F A:28 X:0B Y:00 P:04 SP:EF CPU Cycle:423329524
82E4 $A9 $90                     LDA #$90      A:28 X:0B Y:00 P:04 SP:EF CPU Cycle:423329527
82E6 $65 $DF                     ADC $DF = $00 A:90 X:0B Y:00 P:84 SP:EF CPU Cycle:423329529
82E8 $85 $E1                     STA $E1 = $90 A:90 X:0B Y:00 P:84 SP:EF CPU Cycle:423329532
82EA $B1 $E0                     LDA ($E0),Y = $00 A:90 X:0B Y:00 P:84 SP:EF CPU Cycle:423329535
82EC $18                         CLC           A:00 X:0B Y:00 P:06 SP:EF CPU Cycle:423329540
82ED $69 $0C                     ADC #$0C      A:00 X:0B Y:00 P:06 SP:EF CPU Cycle:423329542
82EF $8D $14 $05                 STA $0514 = $0C A:0C X:0B Y:00 P:04 SP:EF CPU Cycle:423329544
82F2 $A5 $DE                     LDA $DE = $04 A:0C X:0B Y:00 P:04 SP:EF CPU Cycle:423329548
82F4 $0A                         ASL A         A:04 X:0B Y:00 P:04 SP:EF CPU Cycle:423329551
82F5 $85 $E0                     STA $E0 = $28 A:08 X:0B Y:00 P:04 SP:EF CPU Cycle:423329553
82F7 $A5 $DF                     LDA $DF = $00 A:08 X:0B Y:00 P:04 SP:EF CPU Cycle:423329556
82F9 $2A                         ROL A         A:00 X:0B Y:00 P:06 SP:EF CPU Cycle:423329559
82FA $85 $E1                     STA $E1 = $90 A:00 X:0B Y:00 P:06 SP:EF CPU Cycle:423329561
82FC $A9 $3D                     LDA #$3D      A:00 X:0B Y:00 P:06 SP:EF CPU Cycle:423329564
82FE $18                         CLC           A:3D X:0B Y:00 P:04 SP:EF CPU Cycle:423329566
82FF $65 $E0                     ADC $E0 = $08 A:3D X:0B Y:00 P:04 SP:EF CPU Cycle:423329568
8301 $85 $E0                     STA $E0 = $08 A:45 X:0B Y:00 P:04 SP:EF CPU Cycle:423329571
8303 $A9 $90                     LDA #$90      A:45 X:0B Y:00 P:04 SP:EF CPU Cycle:423329574
8305 $65 $E1                     ADC $E1 = $00 A:90 X:0B Y:00 P:84 SP:EF CPU Cycle:423329576
8307 $85 $E1                     STA $E1 = $00 A:90 X:0B Y:00 P:84 SP:EF CPU Cycle:423329579
8309 $B1 $E0                     LDA ($E0),Y = $C9 A:90 X:0B Y:00 P:84 SP:EF CPU Cycle:423329582
830B $9D $22 $05                 STA $0522,X = $02 A:C9 X:0B Y:00 P:84 SP:EF CPU Cycle:423329587
830E $C8                         INY           A:C9 X:0B Y:00 P:84 SP:EF CPU Cycle:423329592
830F $B1 $E0                     LDA ($E0),Y = $90 A:C9 X:0B Y:01 P:04 SP:EF CPU Cycle:423329594
8311 $9D $2E $05                 STA $052E,X = $91 A:90 X:0B Y:01 P:84 SP:EF CPU Cycle:423329599
8314 $AC $14 $05                 LDY $0514 = $0C A:90 X:0B Y:01 P:84 SP:EF CPU Cycle:423329604
8317 $08                         PHP           A:90 X:0B Y:0C P:04 SP:EF CPU Cycle:423329608
8318 $78                          SEI          A:90 X:0B Y:0C P:04 SP:EE CPU Cycle:423329611
8319 $8C $14 $05                  STY $0514 = $0C A:90 X:0B Y:0C P:04 SP:EE CPU Cycle:423329613
831C $B9 $0E $07                  LDA $070E,Y = $00 A:90 X:0B Y:0C P:04 SP:EE CPU Cycle:423329617
831F $F0 $29                      BEQ $834A = $AD A:00 X:0B Y:0C P:06 SP:EE CPU Cycle:423329621
834A $AD $13 $05                  LDA $0513 = $01 A:00 X:0B Y:0C P:06 SP:EE CPU Cycle:423329624
834D $9D $16 $05                  STA $0516,X = $01 A:01 X:0B Y:0C P:04 SP:EE CPU Cycle:423329628
8350 $E8                          INX          A:01 X:0B Y:0C P:04 SP:EE CPU Cycle:423329633
8351 $8A                          TXA          A:01 X:0C Y:0C P:04 SP:EE CPU Cycle:423329635
8352 $99 $0E $07                  STA $070E,Y = $00 A:0C X:0C Y:0C P:04 SP:EE CPU Cycle:423329637
8355 $28                          PLP          A:0C X:0C Y:0C P:04 SP:EE CPU Cycle:423329642
8356 $A0 $00                     LDY #$00      A:0C X:0C Y:0C P:04 SP:EF CPU Cycle:423329646
8358 $A5 $DE                     LDA $DE = $04 A:0C X:0C Y:00 P:06 SP:EF CPU Cycle:423329648
835A $0A                         ASL A         A:04 X:0C Y:00 P:04 SP:EF CPU Cycle:423329651
835B $85 $E0                     STA $E0 = $45 A:08 X:0C Y:00 P:04 SP:EF CPU Cycle:423329653
835D $A5 $DF                     LDA $DF = $00 A:08 X:0C Y:00 P:04 SP:EF CPU Cycle:423329656
835F $2A                         ROL A         A:00 X:0C Y:00 P:06 SP:EF CPU Cycle:423329659
8360 $85 $E1                     STA $E1 = $90 A:00 X:0C Y:00 P:06 SP:EF CPU Cycle:423329661
8362 $A9 $6F                     LDA #$6F      A:00 X:0C Y:00 P:06 SP:EF CPU Cycle:423329664
8364 $18                         CLC           A:6F X:0C Y:00 P:04 SP:EF CPU Cycle:423329666
8365 $65 $E0                     ADC $E0 = $08 A:6F X:0C Y:00 P:04 SP:EF CPU Cycle:423329668
8367 $85 $E0                     STA $E0 = $08 A:77 X:0C Y:00 P:04 SP:EF CPU Cycle:423329671
8369 $A9 $90                     LDA #$90      A:77 X:0C Y:00 P:04 SP:EF CPU Cycle:423329674
836B $65 $E1                     ADC $E1 = $00 A:90 X:0C Y:00 P:84 SP:EF CPU Cycle:423329676
836D $85 $E1                     STA $E1 = $00 A:90 X:0C Y:00 P:84 SP:EF CPU Cycle:423329679
836F $B1 $E0                     LDA ($E0),Y = $00 A:90 X:0C Y:00 P:84 SP:EF CPU Cycle:423329682
8371 $85 $DE                     STA $DE = $04 A:00 X:0C Y:00 P:06 SP:EF CPU Cycle:423329687
8373 $C8                         INY           A:00 X:0C Y:00 P:06 SP:EF CPU Cycle:423329690
8374 $11 $E0                     ORA ($E0),Y = $00 A:00 X:0C Y:01 P:04 SP:EF CPU Cycle:423329692
8376 $F0 $07                     BEQ $837F = $60 A:00 X:0C Y:01 P:06 SP:EF CPU Cycle:423329697
837F $60                         RTS           A:00 X:0C Y:01 P:06 SP:EF CPU Cycle:423329700
807C $A2 $00                   LDX #$00        A:00 X:0C Y:01 P:06 SP:F1 CPU Cycle:423329706
807E $20 $0A $89               JSR $890A = $BD A:00 X:00 Y:01 P:06 SP:F1 CPU Cycle:423329708
890A $BD $1B $8E                 LDA $8E1B,X = $00 A:00 X:00 Y:01 P:06 SP:EF CPU Cycle:423329714
890D $85 $E5                     STA $E5 = $0C A:00 X:00 Y:01 P:06 SP:EF CPU Cycle:423329718
890F $BD $1F $8E                 LDA $8E1F,X = $40 A:00 X:00 Y:01 P:06 SP:EF CPU Cycle:423329721
8912 $85 $E6                     STA $E6 = $40 A:40 X:00 Y:01 P:04 SP:EF CPU Cycle:423329725
8914 $BD $23 $8E                 LDA $8E23,X = $00 A:40 X:00 Y:01 P:04 SP:EF CPU Cycle:423329728
8917 $8D $26 $07                 STA $0726 = $02 A:00 X:00 Y:01 P:06 SP:EF CPU Cycle:423329732
891A $D0 $03                     BNE $891F = $C9 A:00 X:00 Y:01 P:06 SP:EF CPU Cycle:423329736
891C $4C $2E $89                 JMP $892E = $8A A:00 X:00 Y:01 P:06 SP:EF CPU Cycle:423329738
892E $8A                         TXA           A:00 X:00 Y:01 P:06 SP:EF CPU Cycle:423329741
892F $48                         PHA           A:00 X:00 Y:01 P:06 SP:EF CPU Cycle:423329743
8930 $BD $2B $8E                  LDA $8E2B,X = $0C A:00 X:00 Y:01 P:06 SP:EE CPU Cycle:423329746
8933 $A8                          TAY          A:0C X:00 Y:01 P:04 SP:EE CPU Cycle:423329750
8934 $A2 $00                      LDX #$00     A:0C X:00 Y:0C P:04 SP:EE CPU Cycle:423329752
8936 $8E $1E $07                  STX $071E = $00 A:0C X:00 Y:0C P:06 SP:EE CPU Cycle:423329754
8939 $8E $23 $07                  STX $0723 = $00 A:0C X:00 Y:0C P:06 SP:EE CPU Cycle:423329758
893C $86 $EE                      STX $EE = $00 A:0C X:00 Y:0C P:06 SP:EE CPU Cycle:423329762
893E $BE $0E $07                  LDX $070E,Y = $0C A:0C X:00 Y:0C P:06 SP:EE CPU Cycle:423329765
8941 $F0 $5E                      BEQ $89A1 = $68 A:0C X:0C Y:0C P:04 SP:EE CPU Cycle:423329769
8943 $CA                          DEX          A:0C X:0C Y:0C P:04 SP:EE CPU Cycle:423329771
8944 $8C $25 $07                  STY $0725 = $0C A:0C X:0B Y:0C P:04 SP:EE CPU Cycle:423329773
8947 $20 $14 $84                  JSR $8414 = $BD A:0C X:0B Y:0C P:04 SP:EE CPU Cycle:423329777
8414 $BD $0E $07                    LDA $070E,X = $00 A:0C X:0B Y:0C P:04 SP:EC CPU Cycle:423329783
8417 $F0 $02                        BEQ $841B = $85 A:00 X:0B Y:0C P:06 SP:EC CPU Cycle:423329787
841B $85 $ED                        STA $ED = $00 A:00 X:0B Y:0C P:06 SP:EC CPU Cycle:423329790
841D $BD $A6 $05                    LDA $05A6,X = $29 A:00 X:0B Y:0C P:06 SP:EC CPU Cycle:423329793
8420 $F0 $07                        BEQ $8429 = $4C A:29 X:0B Y:0C P:04 SP:EC CPU Cycle:423329797
8422 $BC $16 $05                    LDY $0516,X = $01 A:29 X:0B Y:0C P:04 SP:EC CPU Cycle:423329799
8425 $C8                            INY        A:29 X:0B Y:01 P:04 SP:EC CPU Cycle:423329803
8426 $D0 $04                        BNE $842C = $8D A:29 X:0B Y:02 P:04 SP:EC CPU Cycle:423329805
842C $8D $23 $07                    STA $0723 = $00 A:29 X:0B Y:02 P:04 SP:EC CPU Cycle:423329808
842F $29 $01                        AND #$01   A:29 X:0B Y:02 P:04 SP:EC CPU Cycle:423329812
8431 $8D $24 $07                    STA $0724 = $01 A:01 X:0B Y:02 P:04 SP:EC CPU Cycle:423329814
8434 $BD $22 $05                    LDA $0522,X = $C9 A:01 X:0B Y:02 P:04 SP:EC CPU Cycle:423329818
8437 $85 $E3                        STA $E3 = $21 A:C9 X:0B Y:02 P:84 SP:EC CPU Cycle:423329822
8439 $BD $2E $05                    LDA $052E,X = $90 A:C9 X:0B Y:02 P:84 SP:EC CPU Cycle:423329825
843C $85 $E4                        STA $E4 = $92 A:90 X:0B Y:02 P:84 SP:EC CPU Cycle:423329829
843E $BD $9A $05                    LDA $059A,X = $00 A:90 X:0B Y:02 P:84 SP:EC CPU Cycle:423329832
8441 $C9 $FF                        CMP #$FF   A:00 X:0B Y:02 P:06 SP:EC CPU Cycle:423329836
8443 $D0 $09                        BNE $844E = $A9 A:00 X:0B Y:02 P:04 SP:EC CPU Cycle:423329838
844E $A9 $00                        LDA #$00   A:00 X:0B Y:02 P:04 SP:EC CPU Cycle:423329841
8450 $85 $EE                        STA $EE = $00 A:00 X:0B Y:02 P:06 SP:EC CPU Cycle:423329843
8452 $BD $6A $05                    LDA $056A,X = $00 A:00 X:0B Y:02 P:06 SP:EC CPU Cycle:423329846
8455 $38                            SEC        A:00 X:0B Y:02 P:06 SP:EC CPU Cycle:423329850
8456 $FD $66 $06                    SBC $0666,X = $40 A:00 X:0B Y:02 P:07 SP:EC CPU Cycle:423329852
8459 $9D $6A $05                    STA $056A,X = $00 A:C0 X:0B Y:02 P:84 SP:EC CPU Cycle:423329856
845C $B0 $03                        BCS $8461 = $BD A:C0 X:0B Y:02 P:84 SP:EC CPU Cycle:423329861
845E $DE $76 $05                    DEC $0576,X = $00 A:C0 X:0B Y:02 P:84 SP:EC CPU Cycle:423329863
8461 $BD $76 $05                    LDA $0576,X = $FF A:C0 X:0B Y:02 P:84 SP:EC CPU Cycle:423329870
8464 $10 $03                        BPL $8469 = $BD A:FF X:0B Y:02 P:84 SP:EC CPU Cycle:423329874
8466 $4C $8A $84                    JMP $848A = $BD A:FF X:0B Y:02 P:84 SP:EC CPU Cycle:423329876
848A $BD $22 $05                    LDA $0522,X = $C9 A:FF X:0B Y:02 P:84 SP:EC CPU Cycle:423329879
848D $18                            CLC        A:C9 X:0B Y:02 P:84 SP:EC CPU Cycle:423329883
848E $69 $02                        ADC #$02   A:C9 X:0B Y:02 P:84 SP:EC CPU Cycle:423329885
8490 $9D $22 $05                    STA $0522,X = $C9 A:CB X:0B Y:02 P:84 SP:EC CPU Cycle:423329887
8493 $90 $03                        BCC $8498 = $A0 A:CB X:0B Y:02 P:84 SP:EC CPU Cycle:423329892
8498 $A0 $00                        LDY #$00   A:CB X:0B Y:02 P:84 SP:EC CPU Cycle:423329895
849A $B1 $E3                        LDA ($E3),Y = $87 A:CB X:0B Y:00 P:06 SP:EC CPU Cycle:423329897
849C $10 $19                        BPL $84B7 = $AC A:87 X:0B Y:00 P:84 SP:EC CPU Cycle:423329902
849E $20 $B2 $89                    JSR $89B2 = $C9 A:87 X:0B Y:00 P:84 SP:EC CPU Cycle:423329904
89B2 $C9 $BB                          CMP #$BB  A:87 X:0B Y:00 P:84 SP:EA CPU Cycle:423329910
89B4 $90 $07                          BCC $89BD = $C8 A:87 X:0B Y:00 P:84 SP:EA CPU Cycle:423329912
89BD $C8                              INY      A:87 X:0B Y:00 P:84 SP:EA CPU Cycle:423329915
89BE $86 $E7                          STX $E7 = $20 A:87 X:0B Y:01 P:04 SP:EA CPU Cycle:423329917
89C0 $0A                              ASL A    A:87 X:0B Y:01 P:04 SP:EA CPU Cycle:423329920
89C1 $AA                              TAX      A:0E X:0B Y:01 P:05 SP:EA CPU Cycle:423329922
89C2 $BD $02 $8A                      LDA $8A02,X = $8A A:0E X:0E Y:01 P:05 SP:EA CPU Cycle:423329924
89C5 $48                              PHA      A:8A X:0E Y:01 P:85 SP:EA CPU Cycle:423329928
89C6 $BD $01 $8A                       LDA $8A01,X = $76 A:8A X:0E Y:01 P:85 SP:E9 CPU Cycle:423329931
89C9 $48                               PHA     A:76 X:0E Y:01 P:05 SP:E9 CPU Cycle:423329935
89CA $A6 $E7                            LDX $E7 = $0B A:76 X:0E Y:01 P:05 SP:E8 CPU Cycle:423329938
89CC $B1 $E3                            LDA ($E3),Y = $21 A:76 X:0B Y:01 P:05 SP:E8 CPU Cycle:423329941
89CE $38                                SEC    A:21 X:0B Y:01 P:05 SP:E8 CPU Cycle:423329946
89CF $60                                RTS    A:21 X:0B Y:01 P:05 SP:E8 CPU Cycle:423329948
8A77 $9D $CA $05                      STA $05CA,X = $2F A:21 X:0B Y:01 P:05 SP:EA CPU Cycle:423329954
8A7A $20 $D0 $89                      JSR $89D0 = $BD A:21 X:0B Y:01 P:05 SP:EA CPU Cycle:423329959
89D0 $BD $22 $05                        LDA $0522,X = $CB A:21 X:0B Y:01 P:05 SP:E8 CPU Cycle:423329965
89D3 $18                                CLC    A:CB X:0B Y:01 P:85 SP:E8 CPU Cycle:423329969
89D4 $69 $01                            ADC #$01  A:CB X:0B Y:01 P:84 SP:E8 CPU Cycle:423329971
89D6 $9D $22 $05                        STA $0522,X = $CB A:CC X:0B Y:01 P:84 SP:E8 CPU Cycle:423329973
89D9 $90 $03                            BCC $89DE = $C8 A:CC X:0B Y:01 P:84 SP:E8 CPU Cycle:423329978
89DE $C8                                INY    A:CC X:0B Y:01 P:84 SP:E8 CPU Cycle:423329981
89DF $B1 $E3                            LDA ($E3),Y = $92 A:CC X:0B Y:02 P:04 SP:E8 CPU Cycle:423329983
89E1 $60                                RTS    A:92 X:0B Y:02 P:84 SP:E8 CPU Cycle:423329988
8A7D $9D $D6 $05                      STA $05D6,X = $8E A:92 X:0B Y:02 P:84 SP:EA CPU Cycle:423329994
8A80 $38                              SEC      A:92 X:0B Y:02 P:84 SP:EA CPU Cycle:423329999
8A81 $60                              RTS      A:92 X:0B Y:02 P:85 SP:EA CPU Cycle:423330001
84A1 $90 $0C                        BCC $84AF = $A9 A:92 X:0B Y:02 P:85 SP:EC CPU Cycle:423330007
84A3 $BD $2E $05                    LDA $052E,X = $90 A:92 X:0B Y:02 P:85 SP:EC CPU Cycle:423330009
84A6 $85 $E4                        STA $E4 = $90 A:90 X:0B Y:02 P:85 SP:EC CPU Cycle:423330013
84A8 $BD $22 $05                    LDA $0522,X = $CC A:90 X:0B Y:02 P:85 SP:EC CPU Cycle:423330016
84AB $85 $E3                        STA $E3 = $C9 A:CC X:0B Y:02 P:85 SP:EC CPU Cycle:423330020
84AD $B0 $DB                        BCS $848A = $BD A:CC X:0B Y:02 P:85 SP:EC CPU Cycle:423330023
848A $BD $22 $05                    LDA $0522,X = $CC A:CC X:0B Y:02 P:85 SP:EC CPU Cycle:423330026
848D $18                            CLC        A:CC X:0B Y:02 P:85 SP:EC CPU Cycle:423330030
848E $69 $02                        ADC #$02   A:CC X:0B Y:02 P:84 SP:EC CPU Cycle:423330032
8490 $9D $22 $05                    STA $0522,X = $CC A:CE X:0B Y:02 P:84 SP:EC CPU Cycle:423330034
8493 $90 $03                        BCC $8498 = $A0 A:CE X:0B Y:02 P:84 SP:EC CPU Cycle:423330039
8498 $A0 $00                        LDY #$00   A:CE X:0B Y:02 P:84 SP:EC CPU Cycle:423330042
849A $B1 $E3                        LDA ($E3),Y = $93 A:CE X:0B Y:00 P:06 SP:EC CPU Cycle:423330044
849C $10 $19                        BPL $84B7 = $AC A:93 X:0B Y:00 P:84 SP:EC CPU Cycle:423330049
849E $20 $B2 $89                    JSR $89B2 = $C9 A:93 X:0B Y:00 P:84 SP:EC CPU Cycle:423330051
89B2 $C9 $BB                          CMP #$BB  A:93 X:0B Y:00 P:84 SP:EA CPU Cycle:423330057
89B4 $90 $07                          BCC $89BD = $C8 A:93 X:0B Y:00 P:84 SP:EA CPU Cycle:423330059
89BD $C8                              INY      A:93 X:0B Y:00 P:84 SP:EA CPU Cycle:423330062
89BE $86 $E7                          STX $E7 = $0B A:93 X:0B Y:01 P:04 SP:EA CPU Cycle:423330064
89C0 $0A                              ASL A    A:93 X:0B Y:01 P:04 SP:EA CPU Cycle:423330067
89C1 $AA                              TAX      A:26 X:0B Y:01 P:05 SP:EA CPU Cycle:423330069
89C2 $BD $02 $8A                      LDA $8A02,X = $8B A:26 X:26 Y:01 P:05 SP:EA CPU Cycle:423330071
89C5 $48                              PHA      A:8B X:26 Y:01 P:85 SP:EA CPU Cycle:423330075
89C6 $BD $01 $8A                       LDA $8A01,X = $AB A:8B X:26 Y:01 P:85 SP:E9 CPU Cycle:423330078
89C9 $48                               PHA     A:AB X:26 Y:01 P:85 SP:E9 CPU Cycle:423330082
89CA $A6 $E7                            LDX $E7 = $0B A:AB X:26 Y:01 P:85 SP:E8 CPU Cycle:423330085
89CC $B1 $E3                            LDA ($E3),Y = $40 A:AB X:0B Y:01 P:05 SP:E8 CPU Cycle:423330088
89CE $38                                SEC    A:40 X:0B Y:01 P:05 SP:E8 CPU Cycle:423330093
89CF $60                                RTS    A:40 X:0B Y:01 P:05 SP:E8 CPU Cycle:423330095
8BAC $AC $26 $07                      LDY $0726 = $00 A:40 X:0B Y:01 P:05 SP:EA CPU Cycle:423330101
8BAF $C0 $01                          CPY #$01  A:40 X:0B Y:00 P:07 SP:EA CPU Cycle:423330105
8BB1 $F0 $0C                          BEQ $8BBF = $38 A:40 X:0B Y:00 P:84 SP:EA CPU Cycle:423330107
8BB3 $C9 $00                          CMP #$00  A:40 X:0B Y:00 P:84 SP:EA CPU Cycle:423330109
8BB5 $D0 $0A                          BNE $8BC1 = $BD A:40 X:0B Y:00 P:05 SP:EA CPU Cycle:423330111
8BC1 $BD $96 $06                      LDA $0696,X = $B0 A:40 X:0B Y:00 P:05 SP:EA CPU Cycle:423330114
8BC4 $09 $20                          ORA #$20  A:B0 X:0B Y:00 P:85 SP:EA CPU Cycle:423330118
8BC6 $9D $96 $06                      STA $0696,X = $B0 A:B0 X:0B Y:00 P:85 SP:EA CPU Cycle:423330120
8BC9 $38                              SEC      A:B0 X:0B Y:00 P:85 SP:EA CPU Cycle:423330125
8BCA $60                              RTS      A:B0 X:0B Y:00 P:85 SP:EA CPU Cycle:423330127
84A1 $90 $0C                        BCC $84AF = $A9 A:B0 X:0B Y:00 P:85 SP:EC CPU Cycle:423330133
84A3 $BD $2E $05                    LDA $052E,X = $90 A:B0 X:0B Y:00 P:85 SP:EC CPU Cycle:423330135
84A6 $85 $E4                        STA $E4 = $90 A:90 X:0B Y:00 P:85 SP:EC CPU Cycle:423330139
84A8 $BD $22 $05                    LDA $0522,X = $CE A:90 X:0B Y:00 P:85 SP:EC CPU Cycle:423330142
84AB $85 $E3                        STA $E3 = $CC A:CE X:0B Y:00 P:85 SP:EC CPU Cycle:423330146
84AD $B0 $DB                        BCS $848A = $BD A:CE X:0B Y:00 P:85 SP:EC CPU Cycle:423330149
848A $BD $22 $05                    LDA $0522,X = $CE A:CE X:0B Y:00 P:85 SP:EC CPU Cycle:423330152
848D $18                            CLC        A:CE X:0B Y:00 P:85 SP:EC CPU Cycle:423330156
848E $69 $02                        ADC #$02   A:CE X:0B Y:00 P:84 SP:EC CPU Cycle:423330158
8490 $9D $22 $05                    STA $0522,X = $CE A:D0 X:0B Y:00 P:84 SP:EC CPU Cycle:423330160
8493 $90 $03                        BCC $8498 = $A0 A:D0 X:0B Y:00 P:84 SP:EC CPU Cycle:423330165
8498 $A0 $00                        LDY #$00   A:D0 X:0B Y:00 P:84 SP:EC CPU Cycle:423330168
849A $B1 $E3                        LDA ($E3),Y = $80 A:D0 X:0B Y:00 P:06 SP:EC CPU Cycle:423330170
849C $10 $19                        BPL $84B7 = $AC A:80 X:0B Y:00 P:84 SP:EC CPU Cycle:423330175
849E $20 $B2 $89                    JSR $89B2 = $C9 A:80 X:0B Y:00 P:84 SP:EC CPU Cycle:423330177
89B2 $C9 $BB                          CMP #$BB  A:80 X:0B Y:00 P:84 SP:EA CPU Cycle:423330183
89B4 $90 $07                          BCC $89BD = $C8 A:80 X:0B Y:00 P:84 SP:EA CPU Cycle:423330185
89BD $C8                              INY      A:80 X:0B Y:00 P:84 SP:EA CPU Cycle:423330188
89BE $86 $E7                          STX $E7 = $0B A:80 X:0B Y:01 P:04 SP:EA CPU Cycle:423330190
89C0 $0A                              ASL A    A:80 X:0B Y:01 P:04 SP:EA CPU Cycle:423330193
89C1 $AA                              TAX      A:00 X:0B Y:01 P:07 SP:EA CPU Cycle:423330195
89C2 $BD $02 $8A                      LDA $8A02,X = $8A A:00 X:00 Y:01 P:07 SP:EA CPU Cycle:423330197
89C5 $48                              PHA      A:8A X:00 Y:01 P:85 SP:EA CPU Cycle:423330201
89C6 $BD $01 $8A                       LDA $8A01,X = $95 A:8A X:00 Y:01 P:85 SP:E9 CPU Cycle:423330204
89C9 $48                               PHA     A:95 X:00 Y:01 P:85 SP:E9 CPU Cycle:423330208
89CA $A6 $E7                            LDX $E7 = $0B A:95 X:00 Y:01 P:85 SP:E8 CPU Cycle:423330211
89CC $B1 $E3                            LDA ($E3),Y = $20 A:95 X:0B Y:01 P:05 SP:E8 CPU Cycle:423330214
89CE $38                                SEC    A:20 X:0B Y:01 P:05 SP:E8 CPU Cycle:423330219
89CF $60                                RTS    A:20 X:0B Y:01 P:05 SP:E8 CPU Cycle:423330221
8A96 $9D $66 $06                      STA $0666,X = $40 A:20 X:0B Y:01 P:05 SP:EA CPU Cycle:423330227
8A99 $38                              SEC      A:20 X:0B Y:01 P:05 SP:EA CPU Cycle:423330232
8A9A $60                              RTS      A:20 X:0B Y:01 P:05 SP:EA CPU Cycle:423330234
84A1 $90 $0C                        BCC $84AF = $A9 A:20 X:0B Y:01 P:05 SP:EC CPU Cycle:423330240
84A3 $BD $2E $05                    LDA $052E,X = $90 A:20 X:0B Y:01 P:05 SP:EC CPU Cycle:423330242
84A6 $85 $E4                        STA $E4 = $90 A:90 X:0B Y:01 P:85 SP:EC CPU Cycle:423330246
84A8 $BD $22 $05                    LDA $0522,X = $D0 A:90 X:0B Y:01 P:85 SP:EC CPU Cycle:423330249
84AB $85 $E3                        STA $E3 = $CE A:D0 X:0B Y:01 P:85 SP:EC CPU Cycle:423330253
84AD $B0 $DB                        BCS $848A = $BD A:D0 X:0B Y:01 P:85 SP:EC CPU Cycle:423330256
848A $BD $22 $05                    LDA $0522,X = $D0 A:D0 X:0B Y:01 P:85 SP:EC CPU Cycle:423330259
848D $18                            CLC        A:D0 X:0B Y:01 P:85 SP:EC CPU Cycle:423330263
848E $69 $02                        ADC #$02   A:D0 X:0B Y:01 P:84 SP:EC CPU Cycle:423330265
8490 $9D $22 $05                    STA $0522,X = $D0 A:D2 X:0B Y:01 P:84 SP:EC CPU Cycle:423330267
8493 $90 $03                        BCC $8498 = $A0 A:D2 X:0B Y:01 P:84 SP:EC CPU Cycle:423330272
8498 $A0 $00                        LDY #$00   A:D2 X:0B Y:01 P:84 SP:EC CPU Cycle:423330275
849A $B1 $E3                        LDA ($E3),Y = $90 A:D2 X:0B Y:00 P:06 SP:EC CPU Cycle:423330277
849C $10 $19                        BPL $84B7 = $AC A:90 X:0B Y:00 P:84 SP:EC CPU Cycle:423330282
849E $20 $B2 $89                    JSR $89B2 = $C9 A:90 X:0B Y:00 P:84 SP:EC CPU Cycle:423330284
89B2 $C9 $BB                          CMP #$BB  A:90 X:0B Y:00 P:84 SP:EA CPU Cycle:423330290
89B4 $90 $07                          BCC $89BD = $C8 A:90 X:0B Y:00 P:84 SP:EA CPU Cycle:423330292
89BD $C8                              INY      A:90 X:0B Y:00 P:84 SP:EA CPU Cycle:423330295
89BE $86 $E7                          STX $E7 = $0B A:90 X:0B Y:01 P:04 SP:EA CPU Cycle:423330297
89C0 $0A                              ASL A    A:90 X:0B Y:01 P:04 SP:EA CPU Cycle:423330300
89C1 $AA                              TAX      A:20 X:0B Y:01 P:05 SP:EA CPU Cycle:423330302
89C2 $BD $02 $8A                      LDA $8A02,X = $8B A:20 X:20 Y:01 P:05 SP:EA CPU Cycle:423330304
89C5 $48                              PHA      A:8B X:20 Y:01 P:85 SP:EA CPU Cycle:423330308
89C6 $BD $01 $8A                       LDA $8A01,X = $62 A:8B X:20 Y:01 P:85 SP:E9 CPU Cycle:423330311
89C9 $48                               PHA     A:62 X:20 Y:01 P:05 SP:E9 CPU Cycle:423330315
89CA $A6 $E7                            LDX $E7 = $0B A:62 X:20 Y:01 P:05 SP:E8 CPU Cycle:423330318
89CC $B1 $E3                            LDA ($E3),Y = $00 A:62 X:0B Y:01 P:05 SP:E8 CPU Cycle:423330321
89CE $38                                SEC    A:00 X:0B Y:01 P:07 SP:E8 CPU Cycle:423330326
89CF $60                                RTS    A:00 X:0B Y:01 P:07 SP:E8 CPU Cycle:423330328
8B63 $AC $26 $07                      LDY $0726 = $00 A:00 X:0B Y:01 P:07 SP:EA CPU Cycle:423330334
8B66 $C0 $00                          CPY #$00  A:00 X:0B Y:00 P:07 SP:EA CPU Cycle:423330338
8B68 $D0 $0E                          BNE $8B78 = $38 A:00 X:0B Y:00 P:07 SP:EA CPU Cycle:423330340
8B6A $29 $C0                          AND #$C0  A:00 X:0B Y:00 P:07 SP:EA CPU Cycle:423330342
8B6C $85 $E7                          STA $E7 = $0B A:00 X:0B Y:00 P:07 SP:EA CPU Cycle:423330344
8B6E $BD $96 $06                      LDA $0696,X = $B0 A:00 X:0B Y:00 P:07 SP:EA CPU Cycle:423330347
8B71 $29 $3F                          AND #$3F  A:B0 X:0B Y:00 P:85 SP:EA CPU Cycle:423330351
8B73 $05 $E7                          ORA $E7 = $00 A:30 X:0B Y:00 P:05 SP:EA CPU Cycle:423330353
8B75 $9D $96 $06                      STA $0696,X = $B0 A:30 X:0B Y:00 P:05 SP:EA CPU Cycle:423330356
8B78 $38                              SEC      A:30 X:0B Y:00 P:05 SP:EA CPU Cycle:423330361
8B79 $60                              RTS      A:30 X:0B Y:00 P:05 SP:EA CPU Cycle:423330363
84A1 $90 $0C                        BCC $84AF = $A9 A:30 X:0B Y:00 P:05 SP:EC CPU Cycle:423330369
84A3 $BD $2E $05                    LDA $052E,X = $90 A:30 X:0B Y:00 P:05 SP:EC CPU Cycle:423330371
84A6 $85 $E4                        STA $E4 = $90 A:90 X:0B Y:00 P:85 SP:EC CPU Cycle:423330375
84A8 $BD $22 $05                    LDA $0522,X = $D2 A:90 X:0B Y:00 P:85 SP:EC CPU Cycle:423330378
84AB $85 $E3                        STA $E3 = $D0 A:D2 X:0B Y:00 P:85 SP:EC CPU Cycle:423330382
84AD $B0 $DB                        BCS $848A = $BD A:D2 X:0B Y:00 P:85 SP:EC CPU Cycle:423330385
848A $BD $22 $05                    LDA $0522,X = $D2 A:D2 X:0B Y:00 P:85 SP:EC CPU Cycle:423330388
848D $18                            CLC        A:D2 X:0B Y:00 P:85 SP:EC CPU Cycle:423330392
848E $69 $02                        ADC #$02   A:D2 X:0B Y:00 P:84 SP:EC CPU Cycle:423330394
8490 $9D $22 $05                    STA $0522,X = $D2 A:D4 X:0B Y:00 P:84 SP:EC CPU Cycle:423330396
8493 $90 $03                        BCC $8498 = $A0 A:D4 X:0B Y:00 P:84 SP:EC CPU Cycle:423330401
8498 $A0 $00                        LDY #$00   A:D4 X:0B Y:00 P:84 SP:EC CPU Cycle:423330404
849A $B1 $E3                        LDA ($E3),Y = $A6 A:D4 X:0B Y:00 P:06 SP:EC CPU Cycle:423330406
849C $10 $19                        BPL $84B7 = $AC A:A6 X:0B Y:00 P:84 SP:EC CPU Cycle:423330411
849E $20 $B2 $89                    JSR $89B2 = $C9 A:A6 X:0B Y:00 P:84 SP:EC CPU Cycle:423330413
89B2 $C9 $BB                          CMP #$BB  A:A6 X:0B Y:00 P:84 SP:EA CPU Cycle:423330419
89B4 $90 $07                          BCC $89BD = $C8 A:A6 X:0B Y:00 P:84 SP:EA CPU Cycle:423330421
89BD $C8                              INY      A:A6 X:0B Y:00 P:84 SP:EA CPU Cycle:423330424
89BE $86 $E7                          STX $E7 = $00 A:A6 X:0B Y:01 P:04 SP:EA CPU Cycle:423330426
89C0 $0A                              ASL A    A:A6 X:0B Y:01 P:04 SP:EA CPU Cycle:423330429
89C1 $AA                              TAX      A:4C X:0B Y:01 P:05 SP:EA CPU Cycle:423330431
89C2 $BD $02 $8A                      LDA $8A02,X = $8B A:4C X:4C Y:01 P:05 SP:EA CPU Cycle:423330433
89C5 $48                              PHA      A:8B X:4C Y:01 P:85 SP:EA CPU Cycle:423330437
89C6 $BD $01 $8A                       LDA $8A01,X = $FA A:8B X:4C Y:01 P:85 SP:E9 CPU Cycle:423330440
89C9 $48                               PHA     A:FA X:4C Y:01 P:85 SP:E9 CPU Cycle:423330444
89CA $A6 $E7                            LDX $E7 = $0B A:FA X:4C Y:01 P:85 SP:E8 CPU Cycle:423330447
89CC $B1 $E3                            LDA ($E3),Y = $FE A:FA X:0B Y:01 P:05 SP:E8 CPU Cycle:423330450
89CE $38                                SEC    A:FE X:0B Y:01 P:85 SP:E8 CPU Cycle:423330455
89CF $60                                RTS    A:FE X:0B Y:01 P:85 SP:E8 CPU Cycle:423330457
8BFB $9D $7E $06                      STA $067E,X = $00 A:FE X:0B Y:01 P:85 SP:EA CPU Cycle:423330463
8BFE $10 $04                          BPL $8C04 = $A9 A:FE X:0B Y:01 P:85 SP:EA CPU Cycle:423330468
8C00 $A9 $FF                          LDA #$FF  A:FE X:0B Y:01 P:85 SP:EA CPU Cycle:423330470
8C02 $D0 $02                          BNE $8C06 = $9D A:FF X:0B Y:01 P:85 SP:EA CPU Cycle:423330472
8C06 $9D $8A $06                      STA $068A,X = $00 A:FF X:0B Y:01 P:85 SP:EA CPU Cycle:423330475
8C09 $1E $7E $06                      ASL $067E,X = $FE A:FF X:0B Y:01 P:85 SP:EA CPU Cycle:423330480
8C0C $3E $8A $06                      ROL $068A,X = $FF A:FF X:0B Y:01 P:85 SP:EA CPU Cycle:423330487
8C0F $1E $7E $06                      ASL $067E,X = $FC A:FF X:0B Y:01 P:85 SP:EA CPU Cycle:423330494
8C12 $3E $8A $06                      ROL $068A,X = $FF A:FF X:0B Y:01 P:85 SP:EA CPU Cycle:423330501
8C15 $1E $7E $06                      ASL $067E,X = $F8 A:FF X:0B Y:01 P:85 SP:EA CPU Cycle:423330508
8C18 $3E $8A $06                      ROL $068A,X = $FF A:FF X:0B Y:01 P:85 SP:EA CPU Cycle:423330515
8C1B $38                              SEC      A:FF X:0B Y:01 P:85 SP:EA CPU Cycle:423330522
8C1C $60                              RTS      A:FF X:0B Y:01 P:85 SP:EA CPU Cycle:423330524
84A1 $90 $0C                        BCC $84AF = $A9 A:FF X:0B Y:01 P:85 SP:EC CPU Cycle:423330530
84A3 $BD $2E $05                    LDA $052E,X = $90 A:FF X:0B Y:01 P:85 SP:EC CPU Cycle:423330532
84A6 $85 $E4                        STA $E4 = $90 A:90 X:0B Y:01 P:85 SP:EC CPU Cycle:423330536
84A8 $BD $22 $05                    LDA $0522,X = $D4 A:90 X:0B Y:01 P:85 SP:EC CPU Cycle:423330539
84AB $85 $E3                        STA $E3 = $D2 A:D4 X:0B Y:01 P:85 SP:EC CPU Cycle:423330543
84AD $B0 $DB                        BCS $848A = $BD A:D4 X:0B Y:01 P:85 SP:EC CPU Cycle:423330546
848A $BD $22 $05                    LDA $0522,X = $D4 A:D4 X:0B Y:01 P:85 SP:EC CPU Cycle:423330549
848D $18                            CLC        A:D4 X:0B Y:01 P:85 SP:EC CPU Cycle:423330553
848E $69 $02                        ADC #$02   A:D4 X:0B Y:01 P:84 SP:EC CPU Cycle:423330555
8490 $9D $22 $05                    STA $0522,X = $D4 A:D6 X:0B Y:01 P:84 SP:EC CPU Cycle:423330557
8493 $90 $03                        BCC $8498 = $A0 A:D6 X:0B Y:01 P:84 SP:EC CPU Cycle:423330562
8498 $A0 $00                        LDY #$00   A:D6 X:0B Y:01 P:84 SP:EC CPU Cycle:423330565
849A $B1 $E3                        LDA ($E3),Y = $82 A:D6 X:0B Y:00 P:06 SP:EC CPU Cycle:423330567
849C $10 $19                        BPL $84B7 = $AC A:82 X:0B Y:00 P:84 SP:EC CPU Cycle:423330572
849E $20 $B2 $89                    JSR $89B2 = $C9 A:82 X:0B Y:00 P:84 SP:EC CPU Cycle:423330574
89B2 $C9 $BB                          CMP #$BB  A:82 X:0B Y:00 P:84 SP:EA CPU Cycle:423330580
89B4 $90 $07                          BCC $89BD = $C8 A:82 X:0B Y:00 P:84 SP:EA CPU Cycle:423330582
89BD $C8                              INY      A:82 X:0B Y:00 P:84 SP:EA CPU Cycle:423330585
89BE $86 $E7                          STX $E7 = $0B A:82 X:0B Y:01 P:04 SP:EA CPU Cycle:423330587
89C0 $0A                              ASL A    A:82 X:0B Y:01 P:04 SP:EA CPU Cycle:423330590
89C1 $AA                              TAX      A:04 X:0B Y:01 P:05 SP:EA CPU Cycle:423330592
89C2 $BD $02 $8A                      LDA $8A02,X = $8A A:04 X:04 Y:01 P:05 SP:EA CPU Cycle:423330594
89C5 $48                              PHA      A:8A X:04 Y:01 P:85 SP:EA CPU Cycle:423330598
89C6 $BD $01 $8A                       LDA $8A01,X = $B2 A:8A X:04 Y:01 P:85 SP:E9 CPU Cycle:423330601
89C9 $48                               PHA     A:B2 X:04 Y:01 P:85 SP:E9 CPU Cycle:423330605
89CA $A6 $E7                            LDX $E7 = $0B A:B2 X:04 Y:01 P:85 SP:E8 CPU Cycle:423330608
89CC $B1 $E3                            LDA ($E3),Y = $0A A:B2 X:0B Y:01 P:05 SP:E8 CPU Cycle:423330611
89CE $38                                SEC    A:0A X:0B Y:01 P:05 SP:E8 CPU Cycle:423330616
89CF $60                                RTS    A:0A X:0B Y:01 P:05 SP:E8 CPU Cycle:423330618
8AB3 $BC $16 $05                      LDY $0516,X = $01 A:0A X:0B Y:01 P:05 SP:EA CPU Cycle:423330624
8AB6 $C0 $FE                          CPY #$FE  A:0A X:0B Y:01 P:05 SP:EA CPU Cycle:423330628
8AB8 $F0 $0F                          BEQ $8AC9 = $18 A:0A X:0B Y:01 P:04 SP:EA CPU Cycle:423330630
8ABA $9D $B2 $05                      STA $05B2,X = $07 A:0A X:0B Y:01 P:04 SP:EA CPU Cycle:423330632
8ABD $A5 $ED                          LDA $ED = $00 A:0A X:0B Y:01 P:04 SP:EA CPU Cycle:423330637
8ABF $D0 $06                          BNE $8AC7 = $38 A:00 X:0B Y:01 P:06 SP:EA CPU Cycle:423330640
8AC1 $A9 $04                          LDA #$04  A:00 X:0B Y:01 P:06 SP:EA CPU Cycle:423330642
8AC3 $05 $EE                          ORA $EE = $00 A:04 X:0B Y:01 P:04 SP:EA CPU Cycle:423330644
8AC5 $85 $EE                          STA $EE = $00 A:04 X:0B Y:01 P:04 SP:EA CPU Cycle:423330647
8AC7 $38                              SEC      A:04 X:0B Y:01 P:04 SP:EA CPU Cycle:423330650
8AC8 $60                              RTS      A:04 X:0B Y:01 P:05 SP:EA CPU Cycle:423330652
84A1 $90 $0C                        BCC $84AF = $A9 A:04 X:0B Y:01 P:05 SP:EC CPU Cycle:423330658
84A3 $BD $2E $05                    LDA $052E,X = $90 A:04 X:0B Y:01 P:05 SP:EC CPU Cycle:423330660
84A6 $85 $E4                        STA $E4 = $90 A:90 X:0B Y:01 P:85 SP:EC CPU Cycle:423330664
84A8 $BD $22 $05                    LDA $0522,X = $D6 A:90 X:0B Y:01 P:85 SP:EC CPU Cycle:423330667
84AB $85 $E3                        STA $E3 = $D4 A:D6 X:0B Y:01 P:85 SP:EC CPU Cycle:423330671
84AD $B0 $DB                        BCS $848A = $BD A:D6 X:0B Y:01 P:85 SP:EC CPU Cycle:423330674
848A $BD $22 $05                    LDA $0522,X = $D6 A:D6 X:0B Y:01 P:85 SP:EC CPU Cycle:423330677
848D $18                            CLC        A:D6 X:0B Y:01 P:85 SP:EC CPU Cycle:423330681
848E $69 $02                        ADC #$02   A:D6 X:0B Y:01 P:84 SP:EC CPU Cycle:423330683
8490 $9D $22 $05                    STA $0522,X = $D6 A:D8 X:0B Y:01 P:84 SP:EC CPU Cycle:423330685
8493 $90 $03                        BCC $8498 = $A0 A:D8 X:0B Y:01 P:84 SP:EC CPU Cycle:423330690
8498 $A0 $00                        LDY #$00   A:D8 X:0B Y:01 P:84 SP:EC CPU Cycle:423330693
849A $B1 $E3                        LDA ($E3),Y = $AB A:D8 X:0B Y:00 P:06 SP:EC CPU Cycle:423330695
849C $10 $19                        BPL $84B7 = $AC A:AB X:0B Y:00 P:84 SP:EC CPU Cycle:423330700
849E $20 $B2 $89                    JSR $89B2 = $C9 A:AB X:0B Y:00 P:84 SP:EC CPU Cycle:423330702
89B2 $C9 $BB                          CMP #$BB  A:AB X:0B Y:00 P:84 SP:EA CPU Cycle:423330708
89B4 $90 $07                          BCC $89BD = $C8 A:AB X:0B Y:00 P:84 SP:EA CPU Cycle:423330710
89BD $C8                              INY      A:AB X:0B Y:00 P:84 SP:EA CPU Cycle:423330713
89BE $86 $E7                          STX $E7 = $0B A:AB X:0B Y:01 P:04 SP:EA CPU Cycle:423330715
89C0 $0A                              ASL A    A:AB X:0B Y:01 P:04 SP:EA CPU Cycle:423330718
89C1 $AA                              TAX      A:56 X:0B Y:01 P:05 SP:EA CPU Cycle:423330720
89C2 $BD $02 $8A                      LDA $8A02,X = $8C A:56 X:56 Y:01 P:05 SP:EA CPU Cycle:423330722
89C5 $48                              PHA      A:8C X:56 Y:01 P:85 SP:EA CPU Cycle:423330726
89C6 $BD $01 $8A                       LDA $8A01,X = $32 A:8C X:56 Y:01 P:85 SP:E9 CPU Cycle:423330729
89C9 $48                               PHA     A:32 X:56 Y:01 P:05 SP:E9 CPU Cycle:423330733
89CA $A6 $E7                            LDX $E7 = $0B A:32 X:56 Y:01 P:05 SP:E8 CPU Cycle:423330736
89CC $B1 $E3                            LDA ($E3),Y = $00 A:32 X:0B Y:01 P:05 SP:E8 CPU Cycle:423330739
89CE $38                                SEC    A:00 X:0B Y:01 P:07 SP:E8 CPU Cycle:423330744
89CF $60                                RTS    A:00 X:0B Y:01 P:07 SP:E8 CPU Cycle:423330746
8C33 $3D $F6 $06                      AND $06F6,X = $00 A:00 X:0B Y:01 P:07 SP:EA CPU Cycle:423330752
8C36 $4C $21 $8C                      JMP $8C21 = $9D A:00 X:0B Y:01 P:07 SP:EA CPU Cycle:423330757
8C21 $9D $F6 $06                      STA $06F6,X = $00 A:00 X:0B Y:01 P:07 SP:EA CPU Cycle:423330760
8C24 $9D $02 $07                      STA $0702,X = $00 A:00 X:0B Y:01 P:07 SP:EA CPU Cycle:423330765
8C27 $38                              SEC      A:00 X:0B Y:01 P:07 SP:EA CPU Cycle:423330770
8C28 $60                              RTS      A:00 X:0B Y:01 P:07 SP:EA CPU Cycle:423330772
84A1 $90 $0C                        BCC $84AF = $A9 A:00 X:0B Y:01 P:07 SP:EC CPU Cycle:423330778
84A3 $BD $2E $05                    LDA $052E,X = $90 A:00 X:0B Y:01 P:07 SP:EC CPU Cycle:423330780
84A6 $85 $E4                        STA $E4 = $90 A:90 X:0B Y:01 P:85 SP:EC CPU Cycle:423330784
84A8 $BD $22 $05                    LDA $0522,X = $D8 A:90 X:0B Y:01 P:85 SP:EC CPU Cycle:423330787
84AB $85 $E3                        STA $E3 = $D6 A:D8 X:0B Y:01 P:85 SP:EC CPU Cycle:423330791
84AD $B0 $DB                        BCS $848A = $BD A:D8 X:0B Y:01 P:85 SP:EC CPU Cycle:423330794
848A $BD $22 $05                    LDA $0522,X = $D8 A:D8 X:0B Y:01 P:85 SP:EC CPU Cycle:423330797
848D $18                            CLC        A:D8 X:0B Y:01 P:85 SP:EC CPU Cycle:423330801
848E $69 $02                        ADC #$02   A:D8 X:0B Y:01 P:84 SP:EC CPU Cycle:423330803
8490 $9D $22 $05                    STA $0522,X = $D8 A:DA X:0B Y:01 P:84 SP:EC CPU Cycle:423330805
8493 $90 $03                        BCC $8498 = $A0 A:DA X:0B Y:01 P:84 SP:EC CPU Cycle:423330810
8498 $A0 $00                        LDY #$00   A:DA X:0B Y:01 P:84 SP:EC CPU Cycle:423330813
849A $B1 $E3                        LDA ($E3),Y = $B0 A:DA X:0B Y:00 P:06 SP:EC CPU Cycle:423330815
849C $10 $19                        BPL $84B7 = $AC A:B0 X:0B Y:00 P:84 SP:EC CPU Cycle:423330820
849E $20 $B2 $89                    JSR $89B2 = $C9 A:B0 X:0B Y:00 P:84 SP:EC CPU Cycle:423330822
89B2 $C9 $BB                          CMP #$BB  A:B0 X:0B Y:00 P:84 SP:EA CPU Cycle:423330828
89B4 $90 $07                          BCC $89BD = $C8 A:B0 X:0B Y:00 P:84 SP:EA CPU Cycle:423330830
89BD $C8                              INY      A:B0 X:0B Y:00 P:84 SP:EA CPU Cycle:423330833
89BE $86 $E7                          STX $E7 = $0B A:B0 X:0B Y:01 P:04 SP:EA CPU Cycle:423330835
89C0 $0A                              ASL A    A:B0 X:0B Y:01 P:04 SP:EA CPU Cycle:423330838
89C1 $AA                              TAX      A:60 X:0B Y:01 P:05 SP:EA CPU Cycle:423330840
89C2 $BD $02 $8A                      LDA $8A02,X = $8C A:60 X:60 Y:01 P:05 SP:EA CPU Cycle:423330842
89C5 $48                              PHA      A:8C X:60 Y:01 P:85 SP:EA CPU Cycle:423330846
89C6 $BD $01 $8A                       LDA $8A01,X = $F7 A:8C X:60 Y:01 P:85 SP:E9 CPU Cycle:423330849
89C9 $48                               PHA     A:F7 X:60 Y:01 P:85 SP:E9 CPU Cycle:423330853
89CA $A6 $E7                            LDX $E7 = $0B A:F7 X:60 Y:01 P:85 SP:E8 CPU Cycle:423330856
89CC $B1 $E3                            LDA ($E3),Y = $06 A:F7 X:0B Y:01 P:05 SP:E8 CPU Cycle:423330859
89CE $38                                SEC    A:06 X:0B Y:01 P:05 SP:E8 CPU Cycle:423330864
89CF $60                                RTS    A:06 X:0B Y:01 P:05 SP:E8 CPU Cycle:423330866
8CF8 $C9 $16                          CMP #$16  A:06 X:0B Y:01 P:05 SP:EA CPU Cycle:423330872
8CFA $B0 $35                          BCS $8D31 = $38 A:06 X:0B Y:01 P:84 SP:EA CPU Cycle:423330874
8CFC $C9 $06                          CMP #$06  A:06 X:0B Y:01 P:84 SP:EA CPU Cycle:423330876
8CFE $90 $0C                          BCC $8D0C = $C9 A:06 X:0B Y:01 P:07 SP:EA CPU Cycle:423330878
8D00 $E9 $06                          SBC #$06  A:06 X:0B Y:01 P:07 SP:EA CPU Cycle:423330880
8D02 $A8                              TAY      A:00 X:0B Y:01 P:07 SP:EA CPU Cycle:423330882
8D03 $BD $F6 $06                      LDA $06F6,X = $00 A:00 X:0B Y:00 P:07 SP:EA CPU Cycle:423330884
8D06 $99 $EF $00                      STA $00EF,Y = $03 A:00 X:0B Y:00 P:07 SP:EA CPU Cycle:423330889
8D09 $4C $31 $8D                      JMP $8D31 = $38 A:00 X:0B Y:00 P:07 SP:EA CPU Cycle:423330894
8D31 $38                              SEC      A:00 X:0B Y:00 P:07 SP:EA CPU Cycle:423330897
8D32 $60                              RTS      A:00 X:0B Y:00 P:07 SP:EA CPU Cycle:423330899
84A1 $90 $0C                        BCC $84AF = $A9 A:00 X:0B Y:00 P:07 SP:EC CPU Cycle:423330905
84A3 $BD $2E $05                    LDA $052E,X = $90 A:00 X:0B Y:00 P:07 SP:EC CPU Cycle:423330907
84A6 $85 $E4                        STA $E4 = $90 A:90 X:0B Y:00 P:85 SP:EC CPU Cycle:423330911
84A8 $BD $22 $05                    LDA $0522,X = $DA A:90 X:0B Y:00 P:85 SP:EC CPU Cycle:423330914
84AB $85 $E3                        STA $E3 = $D8 A:DA X:0B Y:00 P:85 SP:EC CPU Cycle:423330918
84AD $B0 $DB                        BCS $848A = $BD A:DA X:0B Y:00 P:85 SP:EC CPU Cycle:423330921
848A $BD $22 $05                    LDA $0522,X = $DA A:DA X:0B Y:00 P:85 SP:EC CPU Cycle:423330924
848D $18                            CLC        A:DA X:0B Y:00 P:85 SP:EC CPU Cycle:423330928
848E $69 $02                        ADC #$02   A:DA X:0B Y:00 P:84 SP:EC CPU Cycle:423330930
8490 $9D $22 $05                    STA $0522,X = $DA A:DC X:0B Y:00 P:84 SP:EC CPU Cycle:423330932
8493 $90 $03                        BCC $8498 = $A0 A:DC X:0B Y:00 P:84 SP:EC CPU Cycle:423330937
8498 $A0 $00                        LDY #$00   A:DC X:0B Y:00 P:84 SP:EC CPU Cycle:423330940
849A $B1 $E3                        LDA ($E3),Y = $B0 A:DC X:0B Y:00 P:06 SP:EC CPU Cycle:423330942
849C $10 $19                        BPL $84B7 = $AC A:B0 X:0B Y:00 P:84 SP:EC CPU Cycle:423330947
849E $20 $B2 $89                    JSR $89B2 = $C9 A:B0 X:0B Y:00 P:84 SP:EC CPU Cycle:423330949
89B2 $C9 $BB                          CMP #$BB  A:B0 X:0B Y:00 P:84 SP:EA CPU Cycle:423330955
89B4 $90 $07                          BCC $89BD = $C8 A:B0 X:0B Y:00 P:84 SP:EA CPU Cycle:423330957
89BD $C8                              INY      A:B0 X:0B Y:00 P:84 SP:EA CPU Cycle:423330960
89BE $86 $E7                          STX $E7 = $0B A:B0 X:0B Y:01 P:04 SP:EA CPU Cycle:423330962
89C0 $0A                              ASL A    A:B0 X:0B Y:01 P:04 SP:EA CPU Cycle:423330965
89C1 $AA                              TAX      A:60 X:0B Y:01 P:05 SP:EA CPU Cycle:423330967
89C2 $BD $02 $8A                      LDA $8A02,X = $8C A:60 X:60 Y:01 P:05 SP:EA CPU Cycle:423330969
89C5 $48                              PHA      A:8C X:60 Y:01 P:85 SP:EA CPU Cycle:423330973
89C6 $BD $01 $8A                       LDA $8A01,X = $F7 A:8C X:60 Y:01 P:85 SP:E9 CPU Cycle:423330976
89C9 $48                               PHA     A:F7 X:60 Y:01 P:85 SP:E9 CPU Cycle:423330980
89CA $A6 $E7                            LDX $E7 = $0B A:F7 X:60 Y:01 P:85 SP:E8 CPU Cycle:423330983
89CC $B1 $E3                            LDA ($E3),Y = $07 A:F7 X:0B Y:01 P:05 SP:E8 CPU Cycle:423330986
89CE $38                                SEC    A:07 X:0B Y:01 P:05 SP:E8 CPU Cycle:423330991
89CF $60                                RTS    A:07 X:0B Y:01 P:05 SP:E8 CPU Cycle:423330993
8CF8 $C9 $16                          CMP #$16  A:07 X:0B Y:01 P:05 SP:EA CPU Cycle:423330999
8CFA $B0 $35                          BCS $8D31 = $38 A:07 X:0B Y:01 P:84 SP:EA CPU Cycle:423331001
8CFC $C9 $06                          CMP #$06  A:07 X:0B Y:01 P:84 SP:EA CPU Cycle:423331003
8CFE $90 $0C                          BCC $8D0C = $C9 A:07 X:0B Y:01 P:05 SP:EA CPU Cycle:423331005
8D00 $E9 $06                          SBC #$06  A:07 X:0B Y:01 P:05 SP:EA CPU Cycle:423331007
8D02 $A8                              TAY      A:01 X:0B Y:01 P:05 SP:EA CPU Cycle:423331009
8D03 $BD $F6 $06                      LDA $06F6,X = $00 A:01 X:0B Y:01 P:05 SP:EA CPU Cycle:423331011
8D06 $99 $EF $00                      STA $00EF,Y = $00 A:00 X:0B Y:01 P:07 SP:EA CPU Cycle:423331016
8D09 $4C $31 $8D                      JMP $8D31 = $38 A:00 X:0B Y:01 P:07 SP:EA CPU Cycle:423331021
8D31 $38                              SEC      A:00 X:0B Y:01 P:07 SP:EA CPU Cycle:423331024
8D32 $60                              RTS      A:00 X:0B Y:01 P:07 SP:EA CPU Cycle:423331026
84A1 $90 $0C                        BCC $84AF = $A9 A:00 X:0B Y:01 P:07 SP:EC CPU Cycle:423331032
84A3 $BD $2E $05                    LDA $052E,X = $90 A:00 X:0B Y:01 P:07 SP:EC CPU Cycle:423331034
84A6 $85 $E4                        STA $E4 = $90 A:90 X:0B Y:01 P:85 SP:EC CPU Cycle:423331038
84A8 $BD $22 $05                    LDA $0522,X = $DC A:90 X:0B Y:01 P:85 SP:EC CPU Cycle:423331041
84AB $85 $E3                        STA $E3 = $DA A:DC X:0B Y:01 P:85 SP:EC CPU Cycle:423331045
84AD $B0 $DB                        BCS $848A = $BD A:DC X:0B Y:01 P:85 SP:EC CPU Cycle:423331048
848A $BD $22 $05                    LDA $0522,X = $DC A:DC X:0B Y:01 P:85 SP:EC CPU Cycle:423331051
848D $18                            CLC        A:DC X:0B Y:01 P:85 SP:EC CPU Cycle:423331055
848E $69 $02                        ADC #$02   A:DC X:0B Y:01 P:84 SP:EC CPU Cycle:423331057
8490 $9D $22 $05                    STA $0522,X = $DC A:DE X:0B Y:01 P:84 SP:EC CPU Cycle:423331059
8493 $90 $03                        BCC $8498 = $A0 A:DE X:0B Y:01 P:84 SP:EC CPU Cycle:423331064
8498 $A0 $00                        LDY #$00   A:DE X:0B Y:01 P:84 SP:EC CPU Cycle:423331067
849A $B1 $E3                        LDA ($E3),Y = $B0 A:DE X:0B Y:00 P:06 SP:EC CPU Cycle:423331069
849C $10 $19                        BPL $84B7 = $AC A:B0 X:0B Y:00 P:84 SP:EC CPU Cycle:423331074
849E $20 $B2 $89                    JSR $89B2 = $C9 A:B0 X:0B Y:00 P:84 SP:EC CPU Cycle:423331076
89B2 $C9 $BB                          CMP #$BB  A:B0 X:0B Y:00 P:84 SP:EA CPU Cycle:423331082
89B4 $90 $07                          BCC $89BD = $C8 A:B0 X:0B Y:00 P:84 SP:EA CPU Cycle:423331084
89BD $C8                              INY      A:B0 X:0B Y:00 P:84 SP:EA CPU Cycle:423331087
89BE $86 $E7                          STX $E7 = $0B A:B0 X:0B Y:01 P:04 SP:EA CPU Cycle:423331089
89C0 $0A                              ASL A    A:B0 X:0B Y:01 P:04 SP:EA CPU Cycle:423331092
89C1 $AA                              TAX      A:60 X:0B Y:01 P:05 SP:EA CPU Cycle:423331094
89C2 $BD $02 $8A                      LDA $8A02,X = $8C A:60 X:60 Y:01 P:05 SP:EA CPU Cycle:423331096
89C5 $48                              PHA      A:8C X:60 Y:01 P:85 SP:EA CPU Cycle:423331100
89C6 $BD $01 $8A                       LDA $8A01,X = $F7 A:8C X:60 Y:01 P:85 SP:E9 CPU Cycle:423331103
89C9 $48                               PHA     A:F7 X:60 Y:01 P:85 SP:E9 CPU Cycle:423331107
89CA $A6 $E7                            LDX $E7 = $0B A:F7 X:60 Y:01 P:85 SP:E8 CPU Cycle:423331110
89CC $B1 $E3                            LDA ($E3),Y = $08 A:F7 X:0B Y:01 P:05 SP:E8 CPU Cycle:423331113
89CE $38                                SEC    A:08 X:0B Y:01 P:05 SP:E8 CPU Cycle:423331118
89CF $60                                RTS    A:08 X:0B Y:01 P:05 SP:E8 CPU Cycle:423331120
8CF8 $C9 $16                          CMP #$16  A:08 X:0B Y:01 P:05 SP:EA CPU Cycle:423331126
8CFA $B0 $35                          BCS $8D31 = $38 A:08 X:0B Y:01 P:84 SP:EA CPU Cycle:423331128
8CFC $C9 $06                          CMP #$06  A:08 X:0B Y:01 P:84 SP:EA CPU Cycle:423331130
8CFE $90 $0C                          BCC $8D0C = $C9 A:08 X:0B Y:01 P:05 SP:EA CPU Cycle:423331132
8D00 $E9 $06                          SBC #$06  A:08 X:0B Y:01 P:05 SP:EA CPU Cycle:423331134
8D02 $A8                              TAY      A:02 X:0B Y:01 P:05 SP:EA CPU Cycle:423331136
8D03 $BD $F6 $06                      LDA $06F6,X = $00 A:02 X:0B Y:02 P:05 SP:EA CPU Cycle:423331138
8D06 $99 $EF $00                      STA $00EF,Y = $00 A:00 X:0B Y:02 P:07 SP:EA CPU Cycle:423331143
8D09 $4C $31 $8D                      JMP $8D31 = $38 A:00 X:0B Y:02 P:07 SP:EA CPU Cycle:423331148
8D31 $38                              SEC      A:00 X:0B Y:02 P:07 SP:EA CPU Cycle:423331151
8D32 $60                              RTS      A:00 X:0B Y:02 P:07 SP:EA CPU Cycle:423331153
84A1 $90 $0C                        BCC $84AF = $A9 A:00 X:0B Y:02 P:07 SP:EC CPU Cycle:423331159
84A3 $BD $2E $05                    LDA $052E,X = $90 A:00 X:0B Y:02 P:07 SP:EC CPU Cycle:423331161
84A6 $85 $E4                        STA $E4 = $90 A:90 X:0B Y:02 P:85 SP:EC CPU Cycle:423331165
84A8 $BD $22 $05                    LDA $0522,X = $DE A:90 X:0B Y:02 P:85 SP:EC CPU Cycle:423331168
84AB $85 $E3                        STA $E3 = $DC A:DE X:0B Y:02 P:85 SP:EC CPU Cycle:423331172
84AD $B0 $DB                        BCS $848A = $BD A:DE X:0B Y:02 P:85 SP:EC CPU Cycle:423331175
848A $BD $22 $05                    LDA $0522,X = $DE A:DE X:0B Y:02 P:85 SP:EC CPU Cycle:423331178
848D $18                            CLC        A:DE X:0B Y:02 P:85 SP:EC CPU Cycle:423331182
848E $69 $02                        ADC #$02   A:DE X:0B Y:02 P:84 SP:EC CPU Cycle:423331184
8490 $9D $22 $05                    STA $0522,X = $DE A:E0 X:0B Y:02 P:84 SP:EC CPU Cycle:423331186
8493 $90 $03                        BCC $8498 = $A0 A:E0 X:0B Y:02 P:84 SP:EC CPU Cycle:423331191
8498 $A0 $00                        LDY #$00   A:E0 X:0B Y:02 P:84 SP:EC CPU Cycle:423331194
849A $B1 $E3                        LDA ($E3),Y = $A9 A:E0 X:0B Y:00 P:06 SP:EC CPU Cycle:423331196
849C $10 $19                        BPL $84B7 = $AC A:A9 X:0B Y:00 P:84 SP:EC CPU Cycle:423331201
849E $20 $B2 $89                    JSR $89B2 = $C9 A:A9 X:0B Y:00 P:84 SP:EC CPU Cycle:423331203
89B2 $C9 $BB                          CMP #$BB  A:A9 X:0B Y:00 P:84 SP:EA CPU Cycle:423331209
89B4 $90 $07                          BCC $89BD = $C8 A:A9 X:0B Y:00 P:84 SP:EA CPU Cycle:423331211
89BD $C8                              INY      A:A9 X:0B Y:00 P:84 SP:EA CPU Cycle:423331214
89BE $86 $E7                          STX $E7 = $0B A:A9 X:0B Y:01 P:04 SP:EA CPU Cycle:423331216
89C0 $0A                              ASL A    A:A9 X:0B Y:01 P:04 SP:EA CPU Cycle:423331219
89C1 $AA                              TAX      A:52 X:0B Y:01 P:05 SP:EA CPU Cycle:423331221
89C2 $BD $02 $8A                      LDA $8A02,X = $8C A:52 X:52 Y:01 P:05 SP:EA CPU Cycle:423331223
89C5 $48                              PHA      A:8C X:52 Y:01 P:85 SP:EA CPU Cycle:423331227
89C6 $BD $01 $8A                       LDA $8A01,X = $1C A:8C X:52 Y:01 P:85 SP:E9 CPU Cycle:423331230
89C9 $48                               PHA     A:1C X:52 Y:01 P:05 SP:E9 CPU Cycle:423331234
89CA $A6 $E7                            LDX $E7 = $0B A:1C X:52 Y:01 P:05 SP:E8 CPU Cycle:423331237
89CC $B1 $E3                            LDA ($E3),Y = $03 A:1C X:0B Y:01 P:05 SP:E8 CPU Cycle:423331240
89CE $38                                SEC    A:03 X:0B Y:01 P:05 SP:E8 CPU Cycle:423331245
89CF $60                                RTS    A:03 X:0B Y:01 P:05 SP:E8 CPU Cycle:423331247
8C1D $18                              CLC      A:03 X:0B Y:01 P:05 SP:EA CPU Cycle:423331253
8C1E $7D $F6 $06                      ADC $06F6,X = $00 A:03 X:0B Y:01 P:04 SP:EA CPU Cycle:423331255
8C21 $9D $F6 $06                      STA $06F6,X = $00 A:03 X:0B Y:01 P:04 SP:EA CPU Cycle:423331260
8C24 $9D $02 $07                      STA $0702,X = $00 A:03 X:0B Y:01 P:04 SP:EA CPU Cycle:423331265
8C27 $38                              SEC      A:03 X:0B Y:01 P:04 SP:EA CPU Cycle:423331270
8C28 $60                              RTS      A:03 X:0B Y:01 P:05 SP:EA CPU Cycle:423331272
84A1 $90 $0C                        BCC $84AF = $A9 A:03 X:0B Y:01 P:05 SP:EC CPU Cycle:423331278
84A3 $BD $2E $05                    LDA $052E,X = $90 A:03 X:0B Y:01 P:05 SP:EC CPU Cycle:423331280
84A6 $85 $E4                        STA $E4 = $90 A:90 X:0B Y:01 P:85 SP:EC CPU Cycle:423331284
84A8 $BD $22 $05                    LDA $0522,X = $E0 A:90 X:0B Y:01 P:85 SP:EC CPU Cycle:423331287
84AB $85 $E3                        STA $E3 = $DE A:E0 X:0B Y:01 P:85 SP:EC CPU Cycle:423331291
84AD $B0 $DB                        BCS $848A = $BD A:E0 X:0B Y:01 P:85 SP:EC CPU Cycle:423331294
848A $BD $22 $05                    LDA $0522,X = $E0 A:E0 X:0B Y:01 P:85 SP:EC CPU Cycle:423331297
848D $18                            CLC        A:E0 X:0B Y:01 P:85 SP:EC CPU Cycle:423331301
848E $69 $02                        ADC #$02   A:E0 X:0B Y:01 P:84 SP:EC CPU Cycle:423331303
8490 $9D $22 $05                    STA $0522,X = $E0 A:E2 X:0B Y:01 P:84 SP:EC CPU Cycle:423331305
8493 $90 $03                        BCC $8498 = $A0 A:E2 X:0B Y:01 P:84 SP:EC CPU Cycle:423331310
8498 $A0 $00                        LDY #$00   A:E2 X:0B Y:01 P:84 SP:EC CPU Cycle:423331313
849A $B1 $E3                        LDA ($E3),Y = $B0 A:E2 X:0B Y:00 P:06 SP:EC CPU Cycle:423331315
849C $10 $19                        BPL $84B7 = $AC A:B0 X:0B Y:00 P:84 SP:EC CPU Cycle:423331320
849E $20 $B2 $89                    JSR $89B2 = $C9 A:B0 X:0B Y:00 P:84 SP:EC CPU Cycle:423331322
89B2 $C9 $BB                          CMP #$BB  A:B0 X:0B Y:00 P:84 SP:EA CPU Cycle:423331328
89B4 $90 $07                          BCC $89BD = $C8 A:B0 X:0B Y:00 P:84 SP:EA CPU Cycle:423331330
89BD $C8                              INY      A:B0 X:0B Y:00 P:84 SP:EA CPU Cycle:423331333
89BE $86 $E7                          STX $E7 = $0B A:B0 X:0B Y:01 P:04 SP:EA CPU Cycle:423331335
89C0 $0A                              ASL A    A:B0 X:0B Y:01 P:04 SP:EA CPU Cycle:423331338
89C1 $AA                              TAX      A:60 X:0B Y:01 P:05 SP:EA CPU Cycle:423331340
89C2 $BD $02 $8A                      LDA $8A02,X = $8C A:60 X:60 Y:01 P:05 SP:EA CPU Cycle:423331342
89C5 $48                              PHA      A:8C X:60 Y:01 P:85 SP:EA CPU Cycle:423331346
89C6 $BD $01 $8A                       LDA $8A01,X = $F7 A:8C X:60 Y:01 P:85 SP:E9 CPU Cycle:423331349
89C9 $48                               PHA     A:F7 X:60 Y:01 P:85 SP:E9 CPU Cycle:423331353
89CA $A6 $E7                            LDX $E7 = $0B A:F7 X:60 Y:01 P:85 SP:E8 CPU Cycle:423331356
89CC $B1 $E3                            LDA ($E3),Y = $06 A:F7 X:0B Y:01 P:05 SP:E8 CPU Cycle:423331359
89CE $38                                SEC    A:06 X:0B Y:01 P:05 SP:E8 CPU Cycle:423331364
89CF $60                                RTS    A:06 X:0B Y:01 P:05 SP:E8 CPU Cycle:423331366
8CF8 $C9 $16                          CMP #$16  A:06 X:0B Y:01 P:05 SP:EA CPU Cycle:423331372
8CFA $B0 $35                          BCS $8D31 = $38 A:06 X:0B Y:01 P:84 SP:EA CPU Cycle:423331374
8CFC $C9 $06                          CMP #$06  A:06 X:0B Y:01 P:84 SP:EA CPU Cycle:423331376
8CFE $90 $0C                          BCC $8D0C = $C9 A:06 X:0B Y:01 P:07 SP:EA CPU Cycle:423331378
8D00 $E9 $06                          SBC #$06  A:06 X:0B Y:01 P:07 SP:EA CPU Cycle:423331380
8D02 $A8                              TAY      A:00 X:0B Y:01 P:07 SP:EA CPU Cycle:423331382
8D03 $BD $F6 $06                      LDA $06F6,X = $03 A:00 X:0B Y:00 P:07 SP:EA CPU Cycle:423331384
8D06 $99 $EF $00                      STA $00EF,Y = $00 A:03 X:0B Y:00 P:05 SP:EA CPU Cycle:423331389
8D09 $4C $31 $8D                      JMP $8D31 = $38 A:03 X:0B Y:00 P:05 SP:EA CPU Cycle:423331394
8D31 $38                              SEC      A:03 X:0B Y:00 P:05 SP:EA CPU Cycle:423331397
8D32 $60                              RTS      A:03 X:0B Y:00 P:05 SP:EA CPU Cycle:423331399
84A1 $90 $0C                        BCC $84AF = $A9 A:03 X:0B Y:00 P:05 SP:EC CPU Cycle:423331405
84A3 $BD $2E $05                    LDA $052E,X = $90 A:03 X:0B Y:00 P:05 SP:EC CPU Cycle:423331407
84A6 $85 $E4                        STA $E4 = $90 A:90 X:0B Y:00 P:85 SP:EC CPU Cycle:423331411
84A8 $BD $22 $05                    LDA $0522,X = $E2 A:90 X:0B Y:00 P:85 SP:EC CPU Cycle:423331414
84AB $85 $E3                        STA $E3 = $E0 A:E2 X:0B Y:00 P:85 SP:EC CPU Cycle:423331418
84AD $B0 $DB                        BCS $848A = $BD A:E2 X:0B Y:00 P:85 SP:EC CPU Cycle:423331421
848A $BD $22 $05                    LDA $0522,X = $E2 A:E2 X:0B Y:00 P:85 SP:EC CPU Cycle:423331424
848D $18                            CLC        A:E2 X:0B Y:00 P:85 SP:EC CPU Cycle:423331428
848E $69 $02                        ADC #$02   A:E2 X:0B Y:00 P:84 SP:EC CPU Cycle:423331430
8490 $9D $22 $05                    STA $0522,X = $E2 A:E4 X:0B Y:00 P:84 SP:EC CPU Cycle:423331432
8493 $90 $03                        BCC $8498 = $A0 A:E4 X:0B Y:00 P:84 SP:EC CPU Cycle:423331437
8498 $A0 $00                        LDY #$00   A:E4 X:0B Y:00 P:84 SP:EC CPU Cycle:423331440
849A $B1 $E3                        LDA ($E3),Y = $B2 A:E4 X:0B Y:00 P:06 SP:EC CPU Cycle:423331442
849C $10 $19                        BPL $84B7 = $AC A:B2 X:0B Y:00 P:84 SP:EC CPU Cycle:423331447
849E $20 $B2 $89                    JSR $89B2 = $C9 A:B2 X:0B Y:00 P:84 SP:EC CPU Cycle:423331449
89B2 $C9 $BB                          CMP #$BB  A:B2 X:0B Y:00 P:84 SP:EA CPU Cycle:423331455
89B4 $90 $07                          BCC $89BD = $C8 A:B2 X:0B Y:00 P:84 SP:EA CPU Cycle:423331457
89BD $C8                              INY      A:B2 X:0B Y:00 P:84 SP:EA CPU Cycle:423331460
89BE $86 $E7                          STX $E7 = $0B A:B2 X:0B Y:01 P:04 SP:EA CPU Cycle:423331462
89C0 $0A                              ASL A    A:B2 X:0B Y:01 P:04 SP:EA CPU Cycle:423331465
89C1 $AA                              TAX      A:64 X:0B Y:01 P:05 SP:EA CPU Cycle:423331467
89C2 $BD $02 $8A                      LDA $8A02,X = $8D A:64 X:64 Y:01 P:05 SP:EA CPU Cycle:423331469
89C5 $48                              PHA      A:8D X:64 Y:01 P:85 SP:EA CPU Cycle:423331473
89C6 $BD $01 $8A                       LDA $8A01,X = $59 A:8D X:64 Y:01 P:85 SP:E9 CPU Cycle:423331476
89C9 $48                               PHA     A:59 X:64 Y:01 P:05 SP:E9 CPU Cycle:423331480
89CA $A6 $E7                            LDX $E7 = $0B A:59 X:64 Y:01 P:05 SP:E8 CPU Cycle:423331483
89CC $B1 $E3                            LDA ($E3),Y = $08 A:59 X:0B Y:01 P:05 SP:E8 CPU Cycle:423331486
89CE $38                                SEC    A:08 X:0B Y:01 P:05 SP:E8 CPU Cycle:423331491
89CF $60                                RTS    A:08 X:0B Y:01 P:05 SP:E8 CPU Cycle:423331493
8D5A $20 $A3 $8D                      JSR $8DA3 = $84 A:08 X:0B Y:01 P:05 SP:EA CPU Cycle:423331499
8DA3 $84 $E7                            STY $E7 = $0B A:08 X:0B Y:01 P:05 SP:E8 CPU Cycle:423331505
8DA5 $C9 $16                            CMP #$16  A:08 X:0B Y:01 P:05 SP:E8 CPU Cycle:423331508
8DA7 $B0 $5D                            BCS $8E06 = $A4 A:08 X:0B Y:01 P:84 SP:E8 CPU Cycle:423331510
8DA9 $C9 $06                            CMP #$06  A:08 X:0B Y:01 P:84 SP:E8 CPU Cycle:423331512
8DAB $B0 $3C                            BCS $8DE9 = $E9 A:08 X:0B Y:01 P:05 SP:E8 CPU Cycle:423331514
8DE9 $E9 $06                            SBC #$06  A:08 X:0B Y:01 P:05 SP:E8 CPU Cycle:423331517
8DEB $A8                                TAY    A:02 X:0B Y:01 P:05 SP:E8 CPU Cycle:423331519
8DEC $B9 $EF $00                        LDA $00EF,Y = $00 A:02 X:0B Y:02 P:05 SP:E8 CPU Cycle:423331521
8DEF $48                                PHA    A:00 X:0B Y:02 P:07 SP:E8 CPU Cycle:423331525
8DF0 $A4 $E7                             LDY $E7 = $01 A:00 X:0B Y:02 P:07 SP:E7 CPU Cycle:423331528
8DF2 $68                                 PLA   A:00 X:0B Y:01 P:05 SP:E7 CPU Cycle:423331531
8DF3 $60                                RTS    A:00 X:0B Y:01 P:07 SP:E8 CPU Cycle:423331535
8D5D $4C $21 $8C                      JMP $8C21 = $9D A:00 X:0B Y:01 P:07 SP:EA CPU Cycle:423331541
8C21 $9D $F6 $06                      STA $06F6,X = $03 A:00 X:0B Y:01 P:07 SP:EA CPU Cycle:423331544
8C24 $9D $02 $07                      STA $0702,X = $03 A:00 X:0B Y:01 P:07 SP:EA CPU Cycle:423331549
8C27 $38                              SEC      A:00 X:0B Y:01 P:07 SP:EA CPU Cycle:423331554
8C28 $60                              RTS      A:00 X:0B Y:01 P:07 SP:EA CPU Cycle:423331556
84A1 $90 $0C                        BCC $84AF = $A9 A:00 X:0B Y:01 P:07 SP:EC CPU Cycle:423331562
84A3 $BD $2E $05                    LDA $052E,X = $90 A:00 X:0B Y:01 P:07 SP:EC CPU Cycle:423331564
84A6 $85 $E4                        STA $E4 = $90 A:90 X:0B Y:01 P:85 SP:EC CPU Cycle:423331568
84A8 $BD $22 $05                    LDA $0522,X = $E4 A:90 X:0B Y:01 P:85 SP:EC CPU Cycle:423331571
84AB $85 $E3                        STA $E3 = $E2 A:E4 X:0B Y:01 P:85 SP:EC CPU Cycle:423331575
84AD $B0 $DB                        BCS $848A = $BD A:E4 X:0B Y:01 P:85 SP:EC CPU Cycle:423331578
848A $BD $22 $05                    LDA $0522,X = $E4 A:E4 X:0B Y:01 P:85 SP:EC CPU Cycle:423331581
848D $18                            CLC        A:E4 X:0B Y:01 P:85 SP:EC CPU Cycle:423331585
848E $69 $02                        ADC #$02   A:E4 X:0B Y:01 P:84 SP:EC CPU Cycle:423331587
8490 $9D $22 $05                    STA $0522,X = $E4 A:E6 X:0B Y:01 P:84 SP:EC CPU Cycle:423331589
8493 $90 $03                        BCC $8498 = $A0 A:E6 X:0B Y:01 P:84 SP:EC CPU Cycle:423331594
8498 $A0 $00                        LDY #$00   A:E6 X:0B Y:01 P:84 SP:EC CPU Cycle:423331597
849A $B1 $E3                        LDA ($E3),Y = $AE A:E6 X:0B Y:00 P:06 SP:EC CPU Cycle:423331599
849C $10 $19                        BPL $84B7 = $AC A:AE X:0B Y:00 P:84 SP:EC CPU Cycle:423331604
849E $20 $B2 $89                    JSR $89B2 = $C9 A:AE X:0B Y:00 P:84 SP:EC CPU Cycle:423331606
89B2 $C9 $BB                          CMP #$BB  A:AE X:0B Y:00 P:84 SP:EA CPU Cycle:423331612
89B4 $90 $07                          BCC $89BD = $C8 A:AE X:0B Y:00 P:84 SP:EA CPU Cycle:423331614
89BD $C8                              INY      A:AE X:0B Y:00 P:84 SP:EA CPU Cycle:423331617
89BE $86 $E7                          STX $E7 = $01 A:AE X:0B Y:01 P:04 SP:EA CPU Cycle:423331619
89C0 $0A                              ASL A    A:AE X:0B Y:01 P:04 SP:EA CPU Cycle:423331622
89C1 $AA                              TAX      A:5C X:0B Y:01 P:05 SP:EA CPU Cycle:423331624
89C2 $BD $02 $8A                      LDA $8A02,X = $8C A:5C X:5C Y:01 P:05 SP:EA CPU Cycle:423331626
89C5 $48                              PHA      A:8C X:5C Y:01 P:85 SP:EA CPU Cycle:423331630
89C6 $BD $01 $8A                       LDA $8A01,X = $9E A:8C X:5C Y:01 P:85 SP:E9 CPU Cycle:423331633
89C9 $48                               PHA     A:9E X:5C Y:01 P:85 SP:E9 CPU Cycle:423331637
89CA $A6 $E7                            LDX $E7 = $0B A:9E X:5C Y:01 P:85 SP:E8 CPU Cycle:423331640
89CC $B1 $E3                            LDA ($E3),Y = $E9 A:9E X:0B Y:01 P:05 SP:E8 CPU Cycle:423331643
89CE $38                                SEC    A:E9 X:0B Y:01 P:85 SP:E8 CPU Cycle:423331648
89CF $60                                RTS    A:E9 X:0B Y:01 P:85 SP:E8 CPU Cycle:423331650
8C9F $85 $E7                          STA $E7 = $0B A:E9 X:0B Y:01 P:85 SP:EA CPU Cycle:423331656
8CA1 $BD $F6 $06                      LDA $06F6,X = $00 A:E9 X:0B Y:01 P:85 SP:EA CPU Cycle:423331659
8CA4 $D0 $05                          BNE $8CAB = $8D A:00 X:0B Y:01 P:07 SP:EA CPU Cycle:423331664
8CA6 $A5 $E7                          LDA $E7 = $E9 A:00 X:0B Y:01 P:07 SP:EA CPU Cycle:423331666
8CA8 $4C $BB $8C                      JMP $8CBB = $20 A:E9 X:0B Y:01 P:85 SP:EA CPU Cycle:423331669
8CBB $20 $D0 $89                      JSR $89D0 = $BD A:E9 X:0B Y:01 P:85 SP:EA CPU Cycle:423331672
89D0 $BD $22 $05                        LDA $0522,X = $E6 A:E9 X:0B Y:01 P:85 SP:E8 CPU Cycle:423331678
89D3 $18                                CLC    A:E6 X:0B Y:01 P:85 SP:E8 CPU Cycle:423331682
89D4 $69 $01                            ADC #$01  A:E6 X:0B Y:01 P:84 SP:E8 CPU Cycle:423331684
89D6 $9D $22 $05                        STA $0522,X = $E6 A:E7 X:0B Y:01 P:84 SP:E8 CPU Cycle:423331686
89D9 $90 $03                            BCC $89DE = $C8 A:E7 X:0B Y:01 P:84 SP:E8 CPU Cycle:423331691
89DE $C8                                INY    A:E7 X:0B Y:01 P:84 SP:E8 CPU Cycle:423331694
89DF $B1 $E3                            LDA ($E3),Y = $90 A:E7 X:0B Y:02 P:04 SP:E8 CPU Cycle:423331696
89E1 $60                                RTS    A:90 X:0B Y:02 P:84 SP:E8 CPU Cycle:423331701
8CBE $9D $2E $05                      STA $052E,X = $90 A:90 X:0B Y:02 P:84 SP:EA CPU Cycle:423331707
8CC1 $A5 $E7                          LDA $E7 = $E9 A:90 X:0B Y:02 P:84 SP:EA CPU Cycle:423331712
8CC3 $9D $22 $05                      STA $0522,X = $E7 A:E9 X:0B Y:02 P:84 SP:EA CPU Cycle:423331715
8CC6 $38                              SEC      A:E9 X:0B Y:02 P:84 SP:EA CPU Cycle:423331720
8CC7 $60                              RTS      A:E9 X:0B Y:02 P:85 SP:EA CPU Cycle:423331722
84A1 $90 $0C                        BCC $84AF = $A9 A:E9 X:0B Y:02 P:85 SP:EC CPU Cycle:423331728
84A3 $BD $2E $05                    LDA $052E,X = $90 A:E9 X:0B Y:02 P:85 SP:EC CPU Cycle:423331730
84A6 $85 $E4                        STA $E4 = $90 A:90 X:0B Y:02 P:85 SP:EC CPU Cycle:423331734
84A8 $BD $22 $05                    LDA $0522,X = $E9 A:90 X:0B Y:02 P:85 SP:EC CPU Cycle:423331737
84AB $85 $E3                        STA $E3 = $E4 A:E9 X:0B Y:02 P:85 SP:EC CPU Cycle:423331741
84AD $B0 $DB                        BCS $848A = $BD A:E9 X:0B Y:02 P:85 SP:EC CPU Cycle:423331744
848A $BD $22 $05                    LDA $0522,X = $E9 A:E9 X:0B Y:02 P:85 SP:EC CPU Cycle:423331747
848D $18                            CLC        A:E9 X:0B Y:02 P:85 SP:EC CPU Cycle:423331751
848E $69 $02                        ADC #$02   A:E9 X:0B Y:02 P:84 SP:EC CPU Cycle:423331753
8490 $9D $22 $05                    STA $0522,X = $E9 A:EB X:0B Y:02 P:84 SP:EC CPU Cycle:423331755
8493 $90 $03                        BCC $8498 = $A0 A:EB X:0B Y:02 P:84 SP:EC CPU Cycle:423331760
8498 $A0 $00                        LDY #$00   A:EB X:0B Y:02 P:84 SP:EC CPU Cycle:423331763
849A $B1 $E3                        LDA ($E3),Y = $B2 A:EB X:0B Y:00 P:06 SP:EC CPU Cycle:423331765
849C $10 $19                        BPL $84B7 = $AC A:B2 X:0B Y:00 P:84 SP:EC CPU Cycle:423331770
849E $20 $B2 $89                    JSR $89B2 = $C9 A:B2 X:0B Y:00 P:84 SP:EC CPU Cycle:423331772
89B2 $C9 $BB                          CMP #$BB  A:B2 X:0B Y:00 P:84 SP:EA CPU Cycle:423331778
89B4 $90 $07                          BCC $89BD = $C8 A:B2 X:0B Y:00 P:84 SP:EA CPU Cycle:423331780
89BD $C8                              INY      A:B2 X:0B Y:00 P:84 SP:EA CPU Cycle:423331783
89BE $86 $E7                          STX $E7 = $E9 A:B2 X:0B Y:01 P:04 SP:EA CPU Cycle:423331785
89C0 $0A                              ASL A    A:B2 X:0B Y:01 P:04 SP:EA CPU Cycle:423331788
89C1 $AA                              TAX      A:64 X:0B Y:01 P:05 SP:EA CPU Cycle:423331790
89C2 $BD $02 $8A                      LDA $8A02,X = $8D A:64 X:64 Y:01 P:05 SP:EA CPU Cycle:423331792
89C5 $48                              PHA      A:8D X:64 Y:01 P:85 SP:EA CPU Cycle:423331796
89C6 $BD $01 $8A                       LDA $8A01,X = $59 A:8D X:64 Y:01 P:85 SP:E9 CPU Cycle:423331799
89C9 $48                               PHA     A:59 X:64 Y:01 P:05 SP:E9 CPU Cycle:423331803
89CA $A6 $E7                            LDX $E7 = $0B A:59 X:64 Y:01 P:05 SP:E8 CPU Cycle:423331806
89CC $B1 $E3                            LDA ($E3),Y = $06 A:59 X:0B Y:01 P:05 SP:E8 CPU Cycle:423331809
89CE $38                                SEC    A:06 X:0B Y:01 P:05 SP:E8 CPU Cycle:423331814
89CF $60                                RTS    A:06 X:0B Y:01 P:05 SP:E8 CPU Cycle:423331816
8D5A $20 $A3 $8D                      JSR $8DA3 = $84 A:06 X:0B Y:01 P:05 SP:EA CPU Cycle:423331822
8DA3 $84 $E7                            STY $E7 = $0B A:06 X:0B Y:01 P:05 SP:E8 CPU Cycle:423331828
8DA5 $C9 $16                            CMP #$16  A:06 X:0B Y:01 P:05 SP:E8 CPU Cycle:423331831
8DA7 $B0 $5D                            BCS $8E06 = $A4 A:06 X:0B Y:01 P:84 SP:E8 CPU Cycle:423331833
8DA9 $C9 $06                            CMP #$06  A:06 X:0B Y:01 P:84 SP:E8 CPU Cycle:423331835
8DAB $B0 $3C                            BCS $8DE9 = $E9 A:06 X:0B Y:01 P:07 SP:E8 CPU Cycle:423331837
8DE9 $E9 $06                            SBC #$06  A:06 X:0B Y:01 P:07 SP:E8 CPU Cycle:423331840
8DEB $A8                                TAY    A:00 X:0B Y:01 P:07 SP:E8 CPU Cycle:423331842
8DEC $B9 $EF $00                        LDA $00EF,Y = $03 A:00 X:0B Y:00 P:07 SP:E8 CPU Cycle:423331844
8DEF $48                                PHA    A:03 X:0B Y:00 P:05 SP:E8 CPU Cycle:423331848
8DF0 $A4 $E7                             LDY $E7 = $01 A:03 X:0B Y:00 P:05 SP:E7 CPU Cycle:423331851
8DF2 $68                                 PLA   A:03 X:0B Y:01 P:05 SP:E7 CPU Cycle:423331854
8DF3 $60                                RTS    A:03 X:0B Y:01 P:05 SP:E8 CPU Cycle:423331858
8D5D $4C $21 $8C                      JMP $8C21 = $9D A:03 X:0B Y:01 P:05 SP:EA CPU Cycle:423331864
8C21 $9D $F6 $06                      STA $06F6,X = $00 A:03 X:0B Y:01 P:05 SP:EA CPU Cycle:423331867
8C24 $9D $02 $07                      STA $0702,X = $00 A:03 X:0B Y:01 P:05 SP:EA CPU Cycle:423331872
8C27 $38                              SEC      A:03 X:0B Y:01 P:05 SP:EA CPU Cycle:423331877
8C28 $60                              RTS      A:03 X:0B Y:01 P:05 SP:EA CPU Cycle:423331879
84A1 $90 $0C                        BCC $84AF = $A9 A:03 X:0B Y:01 P:05 SP:EC CPU Cycle:423331885
84A3 $BD $2E $05                    LDA $052E,X = $90 A:03 X:0B Y:01 P:05 SP:EC CPU Cycle:423331887
84A6 $85 $E4                        STA $E4 = $90 A:90 X:0B Y:01 P:85 SP:EC CPU Cycle:423331891
84A8 $BD $22 $05                    LDA $0522,X = $EB A:90 X:0B Y:01 P:85 SP:EC CPU Cycle:423331894
84AB $85 $E3                        STA $E3 = $E9 A:EB X:0B Y:01 P:85 SP:EC CPU Cycle:423331898
84AD $B0 $DB                        BCS $848A = $BD A:EB X:0B Y:01 P:85 SP:EC CPU Cycle:423331901
848A $BD $22 $05                    LDA $0522,X = $EB A:EB X:0B Y:01 P:85 SP:EC CPU Cycle:423331904
848D $18                            CLC        A:EB X:0B Y:01 P:85 SP:EC CPU Cycle:423331908
848E $69 $02                        ADC #$02   A:EB X:0B Y:01 P:84 SP:EC CPU Cycle:423331910
8490 $9D $22 $05                    STA $0522,X = $EB A:ED X:0B Y:01 P:84 SP:EC CPU Cycle:423331912
8493 $90 $03                        BCC $8498 = $A0 A:ED X:0B Y:01 P:84 SP:EC CPU Cycle:423331917
8498 $A0 $00                        LDY #$00   A:ED X:0B Y:01 P:84 SP:EC CPU Cycle:423331920
849A $B1 $E3                        LDA ($E3),Y = $AE A:ED X:0B Y:00 P:06 SP:EC CPU Cycle:423331922
849C $10 $19                        BPL $84B7 = $AC A:AE X:0B Y:00 P:84 SP:EC CPU Cycle:423331927
849E $20 $B2 $89                    JSR $89B2 = $C9 A:AE X:0B Y:00 P:84 SP:EC CPU Cycle:423331929
89B2 $C9 $BB                          CMP #$BB  A:AE X:0B Y:00 P:84 SP:EA CPU Cycle:423331935
89B4 $90 $07                          BCC $89BD = $C8 A:AE X:0B Y:00 P:84 SP:EA CPU Cycle:423331937
89BD $C8                              INY      A:AE X:0B Y:00 P:84 SP:EA CPU Cycle:423331940
89BE $86 $E7                          STX $E7 = $01 A:AE X:0B Y:01 P:04 SP:EA CPU Cycle:423331942
89C0 $0A                              ASL A    A:AE X:0B Y:01 P:04 SP:EA CPU Cycle:423331945
89C1 $AA                              TAX      A:5C X:0B Y:01 P:05 SP:EA CPU Cycle:423331947
89C2 $BD $02 $8A                      LDA $8A02,X = $8C A:5C X:5C Y:01 P:05 SP:EA CPU Cycle:423331949
89C5 $48                              PHA      A:8C X:5C Y:01 P:85 SP:EA CPU Cycle:423331953
89C6 $BD $01 $8A                       LDA $8A01,X = $9E A:8C X:5C Y:01 P:85 SP:E9 CPU Cycle:423331956
89C9 $48                               PHA     A:9E X:5C Y:01 P:85 SP:E9 CPU Cycle:423331960
89CA $A6 $E7                            LDX $E7 = $0B A:9E X:5C Y:01 P:85 SP:E8 CPU Cycle:423331963
89CC $B1 $E3                            LDA ($E3),Y = $18 A:9E X:0B Y:01 P:05 SP:E8 CPU Cycle:423331966
89CE $38                                SEC    A:18 X:0B Y:01 P:05 SP:E8 CPU Cycle:423331971
89CF $60                                RTS    A:18 X:0B Y:01 P:05 SP:E8 CPU Cycle:423331973
8C9F $85 $E7                          STA $E7 = $0B A:18 X:0B Y:01 P:05 SP:EA CPU Cycle:423331979
8CA1 $BD $F6 $06                      LDA $06F6,X = $03 A:18 X:0B Y:01 P:05 SP:EA CPU Cycle:423331982
8CA4 $D0 $05                          BNE $8CAB = $8D A:03 X:0B Y:01 P:05 SP:EA CPU Cycle:423331987
8CAB $8D $13 $05                      STA $0513 = $01 A:03 X:0B Y:01 P:05 SP:EA CPU Cycle:423331990
8CAE $20 $D0 $89                      JSR $89D0 = $BD A:03 X:0B Y:01 P:05 SP:EA CPU Cycle:423331994
89D0 $BD $22 $05                        LDA $0522,X = $ED A:03 X:0B Y:01 P:05 SP:E8 CPU Cycle:423332000
89D3 $18                                CLC    A:ED X:0B Y:01 P:85 SP:E8 CPU Cycle:423332004
89D4 $69 $01                            ADC #$01  A:ED X:0B Y:01 P:84 SP:E8 CPU Cycle:423332006
89D6 $9D $22 $05                        STA $0522,X = $ED A:EE X:0B Y:01 P:84 SP:E8 CPU Cycle:423332008
89D9 $90 $03                            BCC $89DE = $C8 A:EE X:0B Y:01 P:84 SP:E8 CPU Cycle:423332013
89DE $C8                                INY    A:EE X:0B Y:01 P:84 SP:E8 CPU Cycle:423332016
89DF $B1 $E3                            LDA ($E3),Y = $92 A:EE X:0B Y:02 P:04 SP:E8 CPU Cycle:423332018
89E1 $60                                RTS    A:92 X:0B Y:02 P:84 SP:E8 CPU Cycle:423332023
8CB1 $20 $D0 $89                      JSR $89D0 = $BD A:92 X:0B Y:02 P:84 SP:EA CPU Cycle:423332029
89D0 $BD $22 $05                        LDA $0522,X = $EE A:92 X:0B Y:02 P:84 SP:E8 CPU Cycle:423332035
89D3 $18                                CLC    A:EE X:0B Y:02 P:84 SP:E8 CPU Cycle:423332039
89D4 $69 $01                            ADC #$01  A:EE X:0B Y:02 P:84 SP:E8 CPU Cycle:423332041
89D6 $9D $22 $05                        STA $0522,X = $EE A:EF X:0B Y:02 P:84 SP:E8 CPU Cycle:423332043
89D9 $90 $03                            BCC $89DE = $C8 A:EF X:0B Y:02 P:84 SP:E8 CPU Cycle:423332048
89DE $C8                                INY    A:EF X:0B Y:02 P:84 SP:E8 CPU Cycle:423332051
89DF $B1 $E3                            LDA ($E3),Y = $48 A:EF X:0B Y:03 P:04 SP:E8 CPU Cycle:423332053
89E1 $60                                RTS    A:48 X:0B Y:03 P:04 SP:E8 CPU Cycle:423332058
8CB4 $85 $E7                          STA $E7 = $18 A:48 X:0B Y:03 P:04 SP:EA CPU Cycle:423332064
8CB6 $CE $13 $05                      DEC $0513 = $03 A:48 X:0B Y:03 P:04 SP:EA CPU Cycle:423332067
8CB9 $D0 $F3                          BNE $8CAE = $20 A:48 X:0B Y:03 P:04 SP:EA CPU Cycle:423332073
8CAE $20 $D0 $89                      JSR $89D0 = $BD A:48 X:0B Y:03 P:04 SP:EA CPU Cycle:423332076
89D0 $BD $22 $05                        LDA $0522,X = $EF A:48 X:0B Y:03 P:04 SP:E8 CPU Cycle:423332082
89D3 $18                                CLC    A:EF X:0B Y:03 P:84 SP:E8 CPU Cycle:423332086
89D4 $69 $01                            ADC #$01  A:EF X:0B Y:03 P:84 SP:E8 CPU Cycle:423332088
89D6 $9D $22 $05                        STA $0522,X = $EF A:F0 X:0B Y:03 P:84 SP:E8 CPU Cycle:423332090
89D9 $90 $03                            BCC $89DE = $C8 A:F0 X:0B Y:03 P:84 SP:E8 CPU Cycle:423332095
89DE $C8                                INY    A:F0 X:0B Y:03 P:84 SP:E8 CPU Cycle:423332098
89DF $B1 $E3                            LDA ($E3),Y = $91 A:F0 X:0B Y:04 P:04 SP:E8 CPU Cycle:423332100
89E1 $60                                RTS    A:91 X:0B Y:04 P:84 SP:E8 CPU Cycle:423332105
8CB1 $20 $D0 $89                      JSR $89D0 = $BD A:91 X:0B Y:04 P:84 SP:EA CPU Cycle:423332111
89D0 $BD $22 $05                        LDA $0522,X = $F0 A:91 X:0B Y:04 P:84 SP:E8 CPU Cycle:423332117
89D3 $18                                CLC    A:F0 X:0B Y:04 P:84 SP:E8 CPU Cycle:423332121
89D4 $69 $01                            ADC #$01  A:F0 X:0B Y:04 P:84 SP:E8 CPU Cycle:423332123
89D6 $9D $22 $05                        STA $0522,X = $F0 A:F1 X:0B Y:04 P:84 SP:E8 CPU Cycle:423332125
89D9 $90 $03                            BCC $89DE = $C8 A:F1 X:0B Y:04 P:84 SP:E8 CPU Cycle:423332130
89DE $C8                                INY    A:F1 X:0B Y:04 P:84 SP:E8 CPU Cycle:423332133
89DF $B1 $E3                            LDA ($E3),Y = $67 A:F1 X:0B Y:05 P:04 SP:E8 CPU Cycle:423332135
89E1 $60                                RTS    A:67 X:0B Y:05 P:04 SP:E8 CPU Cycle:423332140
8CB4 $85 $E7                          STA $E7 = $48 A:67 X:0B Y:05 P:04 SP:EA CPU Cycle:423332146
8CB6 $CE $13 $05                      DEC $0513 = $02 A:67 X:0B Y:05 P:04 SP:EA CPU Cycle:423332149
8CB9 $D0 $F3                          BNE $8CAE = $20 A:67 X:0B Y:05 P:04 SP:EA CPU Cycle:423332155
8CAE $20 $D0 $89                      JSR $89D0 = $BD A:67 X:0B Y:05 P:04 SP:EA CPU Cycle:423332158
89D0 $BD $22 $05                        LDA $0522,X = $F1 A:67 X:0B Y:05 P:04 SP:E8 CPU Cycle:423332164
89D3 $18                                CLC    A:F1 X:0B Y:05 P:84 SP:E8 CPU Cycle:423332168
89D4 $69 $01                            ADC #$01  A:F1 X:0B Y:05 P:84 SP:E8 CPU Cycle:423332170
89D6 $9D $22 $05                        STA $0522,X = $F1 A:F2 X:0B Y:05 P:84 SP:E8 CPU Cycle:423332172
89D9 $90 $03                            BCC $89DE = $C8 A:F2 X:0B Y:05 P:84 SP:E8 CPU Cycle:423332177
89DE $C8                                INY    A:F2 X:0B Y:05 P:84 SP:E8 CPU Cycle:423332180
89DF $B1 $E3                            LDA ($E3),Y = $91 A:F2 X:0B Y:06 P:04 SP:E8 CPU Cycle:423332182
89E1 $60                                RTS    A:91 X:0B Y:06 P:84 SP:E8 CPU Cycle:423332187
8CB1 $20 $D0 $89                      JSR $89D0 = $BD A:91 X:0B Y:06 P:84 SP:EA CPU Cycle:423332193
89D0 $BD $22 $05                        LDA $0522,X = $F2 A:91 X:0B Y:06 P:84 SP:E8 CPU Cycle:423332199
89D3 $18                                CLC    A:F2 X:0B Y:06 P:84 SP:E8 CPU Cycle:423332203
89D4 $69 $01                            ADC #$01  A:F2 X:0B Y:06 P:84 SP:E8 CPU Cycle:423332205
89D6 $9D $22 $05                        STA $0522,X = $F2 A:F3 X:0B Y:06 P:84 SP:E8 CPU Cycle:423332207
89D9 $90 $03                            BCC $89DE = $C8 A:F3 X:0B Y:06 P:84 SP:E8 CPU Cycle:423332212
89DE $C8                                INY    A:F3 X:0B Y:06 P:84 SP:E8 CPU Cycle:423332215
89DF $B1 $E3                            LDA ($E3),Y = $F4 A:F3 X:0B Y:07 P:04 SP:E8 CPU Cycle:423332217
89E1 $60                                RTS    A:F4 X:0B Y:07 P:84 SP:E8 CPU Cycle:423332222
8CB4 $85 $E7                          STA $E7 = $67 A:F4 X:0B Y:07 P:84 SP:EA CPU Cycle:423332228
8CB6 $CE $13 $05                      DEC $0513 = $01 A:F4 X:0B Y:07 P:84 SP:EA CPU Cycle:423332231
8CB9 $D0 $F3                          BNE $8CAE = $20 A:F4 X:0B Y:07 P:06 SP:EA CPU Cycle:423332237
8CBB $20 $D0 $89                      JSR $89D0 = $BD A:F4 X:0B Y:07 P:06 SP:EA CPU Cycle:423332239
89D0 $BD $22 $05                        LDA $0522,X = $F3 A:F4 X:0B Y:07 P:06 SP:E8 CPU Cycle:423332245
89D3 $18                                CLC    A:F3 X:0B Y:07 P:84 SP:E8 CPU Cycle:423332249
89D4 $69 $01                            ADC #$01  A:F3 X:0B Y:07 P:84 SP:E8 CPU Cycle:423332251
89D6 $9D $22 $05                        STA $0522,X = $F3 A:F4 X:0B Y:07 P:84 SP:E8 CPU Cycle:423332253
89D9 $90 $03                            BCC $89DE = $C8 A:F4 X:0B Y:07 P:84 SP:E8 CPU Cycle:423332258
89DE $C8                                INY    A:F4 X:0B Y:07 P:84 SP:E8 CPU Cycle:423332261
89DF $B1 $E3                            LDA ($E3),Y = $90 A:F4 X:0B Y:08 P:04 SP:E8 CPU Cycle:423332263
89E1 $60                                RTS    A:90 X:0B Y:08 P:84 SP:E8 CPU Cycle:423332268
8CBE $9D $2E $05                      STA $052E,X = $90 A:90 X:0B Y:08 P:84 SP:EA CPU Cycle:423332274
8CC1 $A5 $E7                          LDA $E7 = $F4 A:90 X:0B Y:08 P:84 SP:EA CPU Cycle:423332279
8CC3 $9D $22 $05                      STA $0522,X = $F4 A:F4 X:0B Y:08 P:84 SP:EA CPU Cycle:423332282
8CC6 $38                              SEC      A:F4 X:0B Y:08 P:84 SP:EA CPU Cycle:423332287
8CC7 $60                              RTS      A:F4 X:0B Y:08 P:85 SP:EA CPU Cycle:423332289
84A1 $90 $0C                        BCC $84AF = $A9 A:F4 X:0B Y:08 P:85 SP:EC CPU Cycle:423332295
84A3 $BD $2E $05                    LDA $052E,X = $90 A:F4 X:0B Y:08 P:85 SP:EC CPU Cycle:423332297
84A6 $85 $E4                        STA $E4 = $90 A:90 X:0B Y:08 P:85 SP:EC CPU Cycle:423332301
84A8 $BD $22 $05                    LDA $0522,X = $F4 A:90 X:0B Y:08 P:85 SP:EC CPU Cycle:423332304
84AB $85 $E3                        STA $E3 = $EB A:F4 X:0B Y:08 P:85 SP:EC CPU Cycle:423332308
84AD $B0 $DB                        BCS $848A = $BD A:F4 X:0B Y:08 P:85 SP:EC CPU Cycle:423332311
848A $BD $22 $05                    LDA $0522,X = $F4 A:F4 X:0B Y:08 P:85 SP:EC CPU Cycle:423332314
848D $18                            CLC        A:F4 X:0B Y:08 P:85 SP:EC CPU Cycle:423332318
848E $69 $02                        ADC #$02   A:F4 X:0B Y:08 P:84 SP:EC CPU Cycle:423332320
8490 $9D $22 $05                    STA $0522,X = $F4 A:F6 X:0B Y:08 P:84 SP:EC CPU Cycle:423332322
8493 $90 $03                        BCC $8498 = $A0 A:F6 X:0B Y:08 P:84 SP:EC CPU Cycle:423332327
8498 $A0 $00                        LDY #$00   A:F6 X:0B Y:08 P:84 SP:EC CPU Cycle:423332330
849A $B1 $E3                        LDA ($E3),Y = $22 A:F6 X:0B Y:00 P:06 SP:EC CPU Cycle:423332332
849C $10 $19                        BPL $84B7 = $AC A:22 X:0B Y:00 P:04 SP:EC CPU Cycle:423332337
84B7 $AC $24 $07                    LDY $0724 = $01 A:22 X:0B Y:00 P:04 SP:EC CPU Cycle:423332340
84BA $F0 $04                        BEQ $84C0 = $18 A:22 X:0B Y:01 P:04 SP:EC CPU Cycle:423332344
84BC $C9 $00                        CMP #$00   A:22 X:0B Y:01 P:04 SP:EC CPU Cycle:423332346
84BE $F0 $0E                        BEQ $84CE = $AC A:22 X:0B Y:01 P:05 SP:EC CPU Cycle:423332348
84C0 $18                            CLC        A:22 X:0B Y:01 P:05 SP:EC CPU Cycle:423332350
84C1 $7D $72 $06                    ADC $0672,X = $00 A:22 X:0B Y:01 P:04 SP:EC CPU Cycle:423332352
84C4 $AC $26 $07                    LDY $0726 = $00 A:22 X:0B Y:01 P:04 SP:EC CPU Cycle:423332356
84C7 $C0 $01                        CPY #$01   A:22 X:0B Y:00 P:06 SP:EC CPU Cycle:423332360
84C9 $D0 $03                        BNE $84CE = $AC A:22 X:0B Y:00 P:84 SP:EC CPU Cycle:423332362
84CE $AC $24 $07                    LDY $0724 = $01 A:22 X:0B Y:00 P:84 SP:EC CPU Cycle:423332365
84D1 $D0 $29                        BNE $84FC = $0A A:22 X:0B Y:01 P:04 SP:EC CPU Cycle:423332369
84FC $0A                            ASL A      A:22 X:0B Y:01 P:04 SP:EC CPU Cycle:423332372
84FD $A8                            TAY        A:44 X:0B Y:01 P:04 SP:EC CPU Cycle:423332374
84FE $38                            SEC        A:44 X:0B Y:44 P:04 SP:EC CPU Cycle:423332376
84FF $BD $3A $05                    LDA $053A,X = $00 A:44 X:0B Y:44 P:05 SP:EC CPU Cycle:423332378
8502 $F9 $33 $8E                    SBC $8E33,Y = $F9 A:00 X:0B Y:44 P:07 SP:EC CPU Cycle:423332382
8505 $9D $BA $06                    STA $06BA,X = $00 A:07 X:0B Y:44 P:04 SP:EC CPU Cycle:423332386
8508 $BD $46 $05                    LDA $0546,X = $00 A:07 X:0B Y:44 P:04 SP:EC CPU Cycle:423332391
850B $F9 $34 $8E                    SBC $8E34,Y = $03 A:00 X:0B Y:44 P:06 SP:EC CPU Cycle:423332395
850E $9D $C6 $06                    STA $06C6,X = $00 A:FC X:0B Y:44 P:84 SP:EC CPU Cycle:423332399
8511 $C0 $00                        CPY #$00   A:FC X:0B Y:44 P:84 SP:EC CPU Cycle:423332404
8513 $F0 $0F                        BEQ $8524 = $B9 A:FC X:0B Y:44 P:05 SP:EC CPU Cycle:423332406
8515 $BD $9A $05                    LDA $059A,X = $00 A:FC X:0B Y:44 P:05 SP:EC CPU Cycle:423332408
8518 $30 $0A                        BMI $8524 = $B9 A:00 X:0B Y:44 P:07 SP:EC CPU Cycle:423332412
851A $A5 $ED                        LDA $ED = $00 A:00 X:0B Y:44 P:07 SP:EC CPU Cycle:423332414
851C $D0 $06                        BNE $8524 = $B9 A:00 X:0B Y:44 P:07 SP:EC CPU Cycle:423332417
851E $A5 $EE                        LDA $EE = $04 A:00 X:0B Y:44 P:07 SP:EC CPU Cycle:423332419
8520 $09 $01                        ORA #$01   A:04 X:0B Y:44 P:05 SP:EC CPU Cycle:423332422
8522 $85 $EE                        STA $EE = $04 A:05 X:0B Y:44 P:05 SP:EC CPU Cycle:423332424
8524 $B9 $33 $8E                    LDA $8E33,Y = $F9 A:05 X:0B Y:44 P:05 SP:EC CPU Cycle:423332427
8527 $9D $3A $05                    STA $053A,X = $00 A:F9 X:0B Y:44 P:85 SP:EC CPU Cycle:423332431
852A $B9 $34 $8E                    LDA $8E34,Y = $03 A:F9 X:0B Y:44 P:85 SP:EC CPU Cycle:423332436
852D $9D $46 $05                    STA $0546,X = $00 A:03 X:0B Y:44 P:05 SP:EC CPU Cycle:423332440
8530 $A0 $01                        LDY #$01   A:03 X:0B Y:44 P:05 SP:EC CPU Cycle:423332445
8532 $A9 $00                        LDA #$00   A:03 X:0B Y:01 P:05 SP:EC CPU Cycle:423332447
8534 $85 $E7                        STA $E7 = $F4 A:00 X:0B Y:01 P:07 SP:EC CPU Cycle:423332449
8536 $B1 $E3                        LDA ($E3),Y = $0C A:00 X:0B Y:01 P:07 SP:EC CPU Cycle:423332452
8538 $F0 $03                        BEQ $853D = $BD A:0C X:0B Y:01 P:05 SP:EC CPU Cycle:423332457
853A $4C $98 $85                    JMP $8598 = $48 A:0C X:0B Y:01 P:05 SP:EC CPU Cycle:423332459
8598 $48                            PHA        A:0C X:0B Y:01 P:05 SP:EC CPU Cycle:423332462
8599 $BD $A6 $05                     LDA $05A6,X = $29 A:0C X:0B Y:01 P:05 SP:EB CPU Cycle:423332465
859C $29 $02                         AND #$02  A:29 X:0B Y:01 P:05 SP:EB CPU Cycle:423332469
859E $D0 $08                         BNE $85A8 = $68 A:00 X:0B Y:01 P:07 SP:EB CPU Cycle:423332471
85A0 $AD $24 $07                     LDA $0724 = $01 A:00 X:0B Y:01 P:07 SP:EB CPU Cycle:423332473
85A3 $D0 $03                         BNE $85A8 = $68 A:01 X:0B Y:01 P:05 SP:EB CPU Cycle:423332477
85A8 $68                             PLA       A:01 X:0B Y:01 P:05 SP:EB CPU Cycle:423332480
85A9 $85 $E7                        STA $E7 = $00 A:0C X:0B Y:01 P:05 SP:EC CPU Cycle:423332484
85AB $29 $0F                        AND #$0F   A:0C X:0B Y:01 P:05 SP:EC CPU Cycle:423332487
85AD $0A                            ASL A      A:0C X:0B Y:01 P:05 SP:EC CPU Cycle:423332489
85AE $A8                            TAY        A:18 X:0B Y:01 P:04 SP:EC CPU Cycle:423332491
85AF $B9 $F9 $8E                    LDA $8EF9,Y = $1E A:18 X:0B Y:18 P:04 SP:EC CPU Cycle:423332493
85B2 $18                            CLC        A:1E X:0B Y:18 P:04 SP:EC CPU Cycle:423332498
85B3 $7D $6A $05                    ADC $056A,X = $C0 A:1E X:0B Y:18 P:04 SP:EC CPU Cycle:423332500
85B6 $9D $6A $05                    STA $056A,X = $C0 A:DE X:0B Y:18 P:84 SP:EC CPU Cycle:423332504
85B9 $B9 $FA $8E                    LDA $8EFA,Y = $00 A:DE X:0B Y:18 P:84 SP:EC CPU Cycle:423332509
85BC $7D $76 $05                    ADC $0576,X = $FF A:00 X:0B Y:18 P:06 SP:EC CPU Cycle:423332514
85BF $9D $76 $05                    STA $0576,X = $FF A:FF X:0B Y:18 P:84 SP:EC CPU Cycle:423332518
85C2 $A5 $E7                        LDA $E7 = $0C A:FF X:0B Y:18 P:84 SP:EC CPU Cycle:423332523
85C4 $29 $40                        AND #$40   A:0C X:0B Y:18 P:04 SP:EC CPU Cycle:423332526
85C6 $F0 $17                        BEQ $85DF = $A9 A:00 X:0B Y:18 P:06 SP:EC CPU Cycle:423332528
85DF $A9 $7F                        LDA #$7F   A:00 X:0B Y:18 P:06 SP:EC CPU Cycle:423332531
85E1 $9D $8E $05                    STA $058E,X = $00 A:7F X:0B Y:18 P:04 SP:EC CPU Cycle:423332533
85E4 $A5 $E7                        LDA $E7 = $0C A:7F X:0B Y:18 P:04 SP:EC CPU Cycle:423332538
85E6 $30 $31                        BMI $8619 = $BD A:0C X:0B Y:18 P:04 SP:EC CPU Cycle:423332541
85E8 $BD $76 $05                    LDA $0576,X = $FF A:0C X:0B Y:18 P:04 SP:EC CPU Cycle:423332543
85EB $9D $8E $05                    STA $058E,X = $7F A:FF X:0B Y:18 P:84 SP:EC CPU Cycle:423332547
85EE $A9 $00                        LDA #$00   A:FF X:0B Y:18 P:84 SP:EC CPU Cycle:423332552
85F0 $85 $DF                        STA $DF = $00 A:00 X:0B Y:18 P:06 SP:EC CPU Cycle:423332554
85F2 $BD $66 $06                    LDA $0666,X = $20 A:00 X:0B Y:18 P:06 SP:EC CPU Cycle:423332557
85F5 $0A                            ASL A      A:20 X:0B Y:18 P:04 SP:EC CPU Cycle:423332561
85F6 $26 $DF                        ROL $DF = $00 A:40 X:0B Y:18 P:04 SP:EC CPU Cycle:423332563
85F8 $85 $DE                        STA $DE = $00 A:40 X:0B Y:18 P:06 SP:EC CPU Cycle:423332568
85FA $BD $6A $05                    LDA $056A,X = $DE A:40 X:0B Y:18 P:06 SP:EC CPU Cycle:423332571
85FD $38                            SEC        A:DE X:0B Y:18 P:84 SP:EC CPU Cycle:423332575
85FE $E5 $DE                        SBC $DE = $40 A:DE X:0B Y:18 P:85 SP:EC CPU Cycle:423332577
8600 $9D $82 $05                    STA $0582,X = $00 A:9E X:0B Y:18 P:85 SP:EC CPU Cycle:423332580
8603 $BD $8E $05                    LDA $058E,X = $FF A:9E X:0B Y:18 P:85 SP:EC CPU Cycle:423332585
8606 $E5 $DF                        SBC $DF = $00 A:FF X:0B Y:18 P:85 SP:EC CPU Cycle:423332589
8608 $9D $8E $05                    STA $058E,X = $FF A:FF X:0B Y:18 P:85 SP:EC CPU Cycle:423332592
860B $A5 $E7                        LDA $E7 = $0C A:FF X:0B Y:18 P:85 SP:EC CPU Cycle:423332597
860D $29 $30                        AND #$30   A:0C X:0B Y:18 P:05 SP:EC CPU Cycle:423332600
860F $C9 $10                        CMP #$10   A:00 X:0B Y:18 P:07 SP:EC CPU Cycle:423332602
8611 $D0 $06                        BNE $8619 = $BD A:00 X:0B Y:18 P:84 SP:EC CPU Cycle:423332604
8619 $BD $9A $05                    LDA $059A,X = $00 A:00 X:0B Y:18 P:84 SP:EC CPU Cycle:423332607
861C $10 $0D                        BPL $862B = $A9 A:00 X:0B Y:18 P:06 SP:EC CPU Cycle:423332611
862B $A9 $00                        LDA #$00   A:00 X:0B Y:18 P:06 SP:EC CPU Cycle:423332614
862D $9D $BA $06                    STA $06BA,X = $07 A:00 X:0B Y:18 P:06 SP:EC CPU Cycle:423332616
8630 $9D $C6 $06                    STA $06C6,X = $FC A:00 X:0B Y:18 P:06 SP:EC CPU Cycle:423332621
8633 $A5 $E7                        LDA $E7 = $0C A:00 X:0B Y:18 P:06 SP:EC CPU Cycle:423332626
8635 $29 $38                        AND #$38   A:0C X:0B Y:18 P:04 SP:EC CPU Cycle:423332629
8637 $0A                            ASL A      A:08 X:0B Y:18 P:04 SP:EC CPU Cycle:423332631
8638 $9D $BE $05                    STA $05BE,X = $00 A:10 X:0B Y:18 P:04 SP:EC CPU Cycle:423332633
863B $4C $6A $86                    JMP $866A = $BD A:10 X:0B Y:18 P:04 SP:EC CPU Cycle:423332638
866A $BD $9A $05                    LDA $059A,X = $00 A:10 X:0B Y:18 P:04 SP:EC CPU Cycle:423332641
866D $48                            PHA        A:00 X:0B Y:18 P:06 SP:EC CPU Cycle:423332645
866E $A5 $E7                         LDA $E7 = $0C A:00 X:0B Y:18 P:06 SP:EB CPU Cycle:423332648
8670 $29 $80                         AND #$80  A:0C X:0B Y:18 P:04 SP:EB CPU Cycle:423332651
8672 $9D $9A $05                     STA $059A,X = $00 A:00 X:0B Y:18 P:06 SP:EB CPU Cycle:423332653
8675 $68                             PLA       A:00 X:0B Y:18 P:06 SP:EB CPU Cycle:423332658
8676 $30 $4E                        BMI $86C6 = $AD A:00 X:0B Y:18 P:06 SP:EC CPU Cycle:423332662
8678 $A9 $00                        LDA #$00   A:00 X:0B Y:18 P:06 SP:EC CPU Cycle:423332664
867A $A8                            TAY        A:00 X:0B Y:18 P:06 SP:EC CPU Cycle:423332666
867B $9D $42 $06                    STA $0642,X = $00 A:00 X:0B Y:00 P:06 SP:EC CPU Cycle:423332668
867E $9D $4E $06                    STA $064E,X = $00 A:00 X:0B Y:00 P:06 SP:EC CPU Cycle:423332673
8681 $9D $5A $06                    STA $065A,X = $00 A:00 X:0B Y:00 P:06 SP:EC CPU Cycle:423332678
8684 $BD $12 $06                    LDA $0612,X = $2F A:00 X:0B Y:00 P:06 SP:EC CPU Cycle:423332683
8687 $85 $E3                        STA $E3 = $F4 A:2F X:0B Y:00 P:04 SP:EC CPU Cycle:423332687
8689 $BD $1E $06                    LDA $061E,X = $8E A:2F X:0B Y:00 P:04 SP:EC CPU Cycle:423332690
868C $85 $E4                        STA $E4 = $90 A:8E X:0B Y:00 P:84 SP:EC CPU Cycle:423332694
868E $B1 $E3                        LDA ($E3),Y = $00 A:8E X:0B Y:00 P:84 SP:EC CPU Cycle:423332697
8690 $9D $36 $06                    STA $0636,X = $00 A:00 X:0B Y:00 P:06 SP:EC CPU Cycle:423332702
8693 $C8                            INY        A:00 X:0B Y:00 P:06 SP:EC CPU Cycle:423332707
8694 $11 $E3                        ORA ($E3),Y = $00 A:00 X:0B Y:01 P:04 SP:EC CPU Cycle:423332709
8696 $C8                            INY        A:00 X:0B Y:01 P:06 SP:EC CPU Cycle:423332714
8697 $11 $E3                        ORA ($E3),Y = $00 A:00 X:0B Y:02 P:04 SP:EC CPU Cycle:423332716
8699 $F0 $04                        BEQ $869F = $9D A:00 X:0B Y:02 P:06 SP:EC CPU Cycle:423332721
869F $9D $2A $06                    STA $062A,X = $00 A:00 X:0B Y:02 P:06 SP:EC CPU Cycle:423332724
86A2 $A9 $00                        LDA #$00   A:00 X:0B Y:02 P:06 SP:EC CPU Cycle:423332729
86A4 $A8                            TAY        A:00 X:0B Y:02 P:06 SP:EC CPU Cycle:423332731
86A5 $9D $EE $05                    STA $05EE,X = $10 A:00 X:0B Y:00 P:06 SP:EC CPU Cycle:423332733
86A8 $9D $FA $05                    STA $05FA,X = $00 A:00 X:0B Y:00 P:06 SP:EC CPU Cycle:423332738
86AB $BD $CA $05                    LDA $05CA,X = $21 A:00 X:0B Y:00 P:06 SP:EC CPU Cycle:423332743
86AE $85 $E3                        STA $E3 = $2F A:21 X:0B Y:00 P:04 SP:EC CPU Cycle:423332747
86B0 $BD $D6 $05                    LDA $05D6,X = $92 A:21 X:0B Y:00 P:04 SP:EC CPU Cycle:423332750
86B3 $85 $E4                        STA $E4 = $8E A:92 X:0B Y:00 P:84 SP:EC CPU Cycle:423332754
86B5 $B1 $E3                        LDA ($E3),Y = $01 A:92 X:0B Y:00 P:84 SP:EC CPU Cycle:423332757
86B7 $9D $06 $06                    STA $0606,X = $01 A:01 X:0B Y:00 P:04 SP:EC CPU Cycle:423332762
86BA $C8                            INY        A:01 X:0B Y:00 P:04 SP:EC CPU Cycle:423332767
86BB $11 $E3                        ORA ($E3),Y = $30 A:01 X:0B Y:01 P:04 SP:EC CPU Cycle:423332769
86BD $F0 $04                        BEQ $86C3 = $9D A:31 X:0B Y:01 P:04 SP:EC CPU Cycle:423332774
86BF $FE $06 $06                    INC $0606,X = $01 A:31 X:0B Y:01 P:04 SP:EC CPU Cycle:423332776
86C2 $98                            TYA        A:31 X:0B Y:01 P:04 SP:EC CPU Cycle:423332783
86C3 $9D $E2 $05                    STA $05E2,X = $00 A:01 X:0B Y:01 P:04 SP:EC CPU Cycle:423332785
86C6 $AD $24 $07                    LDA $0724 = $01 A:01 X:0B Y:01 P:04 SP:EC CPU Cycle:423332790
86C9 $F0 $0B                        BEQ $86D6 = $A5 A:01 X:0B Y:01 P:04 SP:EC CPU Cycle:423332794
86CB $BD $3A $05                    LDA $053A,X = $F9 A:01 X:0B Y:01 P:04 SP:EC CPU Cycle:423332796
86CE $1D $46 $05                    ORA $0546,X = $03 A:F9 X:0B Y:01 P:84 SP:EC CPU Cycle:423332800
86D1 $D0 $03                        BNE $86D6 = $A5 A:FB X:0B Y:01 P:84 SP:EC CPU Cycle:423332804
86D6 $A5 $E2                        LDA $E2 = $60 A:FB X:0B Y:01 P:84 SP:EC CPU Cycle:423332807
86D8 $29 $06                        AND #$06   A:60 X:0B Y:01 P:04 SP:EC CPU Cycle:423332810
86DA $D0 $0A                        BNE $86E6 = $BD A:00 X:0B Y:01 P:06 SP:EC CPU Cycle:423332812
86DC $BD $C6 $06                    LDA $06C6,X = $00 A:00 X:0B Y:01 P:06 SP:EC CPU Cycle:423332814
86DF $0A                            ASL A      A:00 X:0B Y:01 P:06 SP:EC CPU Cycle:423332818
86E0 $7E $C6 $06                    ROR $06C6,X = $00 A:00 X:0B Y:01 P:06 SP:EC CPU Cycle:423332820
86E3 $7E $BA $06                    ROR $06BA,X = $00 A:00 X:0B Y:01 P:06 SP:EC CPU Cycle:423332827
86E6 $BD $12 $06                    LDA $0612,X = $2F A:00 X:0B Y:01 P:06 SP:EC CPU Cycle:423332834
86E9 $85 $E3                        STA $E3 = $21 A:2F X:0B Y:01 P:04 SP:EC CPU Cycle:423332838
86EB $BD $1E $06                    LDA $061E,X = $8E A:2F X:0B Y:01 P:04 SP:EC CPU Cycle:423332841
86EE $85 $E4                        STA $E4 = $92 A:8E X:0B Y:01 P:84 SP:EC CPU Cycle:423332845
86F0 $BC $2A $06                    LDY $062A,X = $00 A:8E X:0B Y:01 P:84 SP:EC CPU Cycle:423332848
86F3 $D0 $05                        BNE $86FA = $DE A:8E X:0B Y:00 P:06 SP:EC CPU Cycle:423332852
86F5 $98                            TYA        A:8E X:0B Y:00 P:06 SP:EC CPU Cycle:423332854
86F6 $18                            CLC        A:00 X:0B Y:00 P:06 SP:EC CPU Cycle:423332856
86F7 $4C $A0 $87                    JMP $87A0 = $18 A:00 X:0B Y:00 P:06 SP:EC CPU Cycle:423332858
87A0 $18                            CLC        A:00 X:0B Y:00 P:06 SP:EC CPU Cycle:423332861
87A1 $7D $3A $05                    ADC $053A,X = $F9 A:00 X:0B Y:00 P:06 SP:EC CPU Cycle:423332863
87A4 $85 $E7                        STA $E7 = $0C A:F9 X:0B Y:00 P:84 SP:EC CPU Cycle:423332867
87A6 $98                            TYA        A:F9 X:0B Y:00 P:84 SP:EC CPU Cycle:423332870
87A7 $7D $46 $05                    ADC $0546,X = $03 A:00 X:0B Y:00 P:06 SP:EC CPU Cycle:423332872
87AA $A8                            TAY        A:03 X:0B Y:00 P:04 SP:EC CPU Cycle:423332876
87AB $A5 $ED                        LDA $ED = $00 A:03 X:0B Y:03 P:04 SP:EC CPU Cycle:423332878
87AD $D0 $5E                        BNE $880D = $BD A:00 X:0B Y:03 P:06 SP:EC CPU Cycle:423332881
87AF $18                            CLC        A:00 X:0B Y:03 P:06 SP:EC CPU Cycle:423332883
87B0 $A5 $E7                        LDA $E7 = $F9 A:00 X:0B Y:03 P:06 SP:EC CPU Cycle:423332885
87B2 $7D $7E $06                    ADC $067E,X = $F0 A:F9 X:0B Y:03 P:84 SP:EC CPU Cycle:423332888
87B5 $85 $E7                        STA $E7 = $F9 A:E9 X:0B Y:03 P:85 SP:EC CPU Cycle:423332892
87B7 $98                            TYA        A:E9 X:0B Y:03 P:85 SP:EC CPU Cycle:423332895
87B8 $7D $8A $06                    ADC $068A,X = $FF A:03 X:0B Y:03 P:05 SP:EC CPU Cycle:423332897
87BB $A8                            TAY        A:03 X:0B Y:03 P:05 SP:EC CPU Cycle:423332901
87BC $18                            CLC        A:03 X:0B Y:03 P:05 SP:EC CPU Cycle:423332903
87BD $A5 $E7                        LDA $E7 = $E9 A:03 X:0B Y:03 P:04 SP:EC CPU Cycle:423332905
87BF $7D $BA $06                    ADC $06BA,X = $00 A:E9 X:0B Y:03 P:84 SP:EC CPU Cycle:423332908
87C2 $8D $1F $07                    STA $071F = $F9 A:E9 X:0B Y:03 P:84 SP:EC CPU Cycle:423332912
87C5 $98                            TYA        A:E9 X:0B Y:03 P:84 SP:EC CPU Cycle:423332916
87C6 $7D $C6 $06                    ADC $06C6,X = $00 A:03 X:0B Y:03 P:04 SP:EC CPU Cycle:423332918
87C9 $8D $20 $07                    STA $0720 = $03 A:03 X:0B Y:03 P:04 SP:EC CPU Cycle:423332922
87CC $A5 $ED                        LDA $ED = $00 A:03 X:0B Y:03 P:04 SP:EC CPU Cycle:423332926
87CE $D0 $1C                        BNE $87EC = $AD A:00 X:0B Y:03 P:06 SP:EC CPU Cycle:423332929
87D0 $AD $1F $07                    LDA $071F = $E9 A:00 X:0B Y:03 P:06 SP:EC CPU Cycle:423332931
87D3 $DD $52 $05                    CMP $0552,X = $00 A:E9 X:0B Y:03 P:84 SP:EC CPU Cycle:423332935
87D6 $F0 $06                        BEQ $87DE = $AD A:E9 X:0B Y:03 P:85 SP:EC CPU Cycle:423332939
87D8 $A9 $10                        LDA #$10   A:E9 X:0B Y:03 P:85 SP:EC CPU Cycle:423332941
87DA $05 $EE                        ORA $EE = $05 A:10 X:0B Y:03 P:05 SP:EC CPU Cycle:423332943
87DC $85 $EE                        STA $EE = $05 A:15 X:0B Y:03 P:05 SP:EC CPU Cycle:423332946
87DE $AD $20 $07                    LDA $0720 = $03 A:15 X:0B Y:03 P:05 SP:EC CPU Cycle:423332949
87E1 $DD $5E $05                    CMP $055E,X = $00 A:03 X:0B Y:03 P:05 SP:EC CPU Cycle:423332953
87E4 $F0 $06                        BEQ $87EC = $AD A:03 X:0B Y:03 P:05 SP:EC CPU Cycle:423332957
87E6 $A9 $20                        LDA #$20   A:03 X:0B Y:03 P:05 SP:EC CPU Cycle:423332959
87E8 $05 $EE                        ORA $EE = $15 A:20 X:0B Y:03 P:05 SP:EC CPU Cycle:423332961
87EA $85 $EE                        STA $EE = $15 A:35 X:0B Y:03 P:05 SP:EC CPU Cycle:423332964
87EC $AD $1F $07                    LDA $071F = $E9 A:35 X:0B Y:03 P:05 SP:EC CPU Cycle:423332967
87EF $9D $52 $05                    STA $0552,X = $00 A:E9 X:0B Y:03 P:85 SP:EC CPU Cycle:423332971
87F2 $AD $20 $07                    LDA $0720 = $03 A:E9 X:0B Y:03 P:85 SP:EC CPU Cycle:423332976
87F5 $9D $5E $05                    STA $055E,X = $00 A:03 X:0B Y:03 P:05 SP:EC CPU Cycle:423332980
87F8 $BD $96 $06                    LDA $0696,X = $30 A:03 X:0B Y:03 P:05 SP:EC CPU Cycle:423332985
87FB $29 $20                        AND #$20   A:30 X:0B Y:03 P:05 SP:EC CPU Cycle:423332989
87FD $D0 $08                        BNE $8807 = $BD A:20 X:0B Y:03 P:05 SP:EC CPU Cycle:423332991
8807 $BD $A2 $06                    LDA $06A2,X = $00 A:20 X:0B Y:03 P:05 SP:EC CPU Cycle:423332995
880A $8D $21 $07                    STA $0721 = $00 A:00 X:0B Y:03 P:07 SP:EC CPU Cycle:423332999
880D $BD $CA $05                    LDA $05CA,X = $21 A:00 X:0B Y:03 P:07 SP:EC CPU Cycle:423333003
8810 $85 $E3                        STA $E3 = $2F A:21 X:0B Y:03 P:05 SP:EC CPU Cycle:423333007
8812 $BD $D6 $05                    LDA $05D6,X = $92 A:21 X:0B Y:03 P:05 SP:EC CPU Cycle:423333010
8815 $85 $E4                        STA $E4 = $8E A:92 X:0B Y:03 P:85 SP:EC CPU Cycle:423333014
8817 $BD $E2 $05                    LDA $05E2,X = $01 A:92 X:0B Y:03 P:85 SP:EC CPU Cycle:423333017
881A $D0 $03                        BNE $881F = $A8 A:01 X:0B Y:03 P:05 SP:EC CPU Cycle:423333021
881F $A8                            TAY        A:01 X:0B Y:03 P:05 SP:EC CPU Cycle:423333024
8820 $DE $06 $06                    DEC $0606,X = $02 A:01 X:0B Y:01 P:05 SP:EC CPU Cycle:423333026
8823 $D0 $52                        BNE $8877 = $BD A:01 X:0B Y:01 P:05 SP:EC CPU Cycle:423333033
8877 $BD $EE $05                    LDA $05EE,X = $00 A:01 X:0B Y:01 P:05 SP:EC CPU Cycle:423333036
887A $85 $E7                        STA $E7 = $E9 A:00 X:0B Y:01 P:07 SP:EC CPU Cycle:423333040
887C $B1 $E3                        LDA ($E3),Y = $30 A:00 X:0B Y:01 P:07 SP:EC CPU Cycle:423333043
887E $18                            CLC        A:30 X:0B Y:01 P:05 SP:EC CPU Cycle:423333048
887F $7D $EE $05                    ADC $05EE,X = $00 A:30 X:0B Y:01 P:04 SP:EC CPU Cycle:423333050
8882 $50 $06                        BVC $888A = $9D A:30 X:0B Y:01 P:04 SP:EC CPU Cycle:423333054
888A $9D $EE $05                    STA $05EE,X = $00 A:30 X:0B Y:01 P:04 SP:EC CPU Cycle:423333057
888D $45 $E7                        EOR $E7 = $00 A:30 X:0B Y:01 P:04 SP:EC CPU Cycle:423333062
888F $29 $F8                        AND #$F8   A:30 X:0B Y:01 P:04 SP:EC CPU Cycle:423333065
8891 $F0 $0A                        BEQ $889D = $BD A:30 X:0B Y:01 P:04 SP:EC CPU Cycle:423333067
8893 $A5 $ED                        LDA $ED = $00 A:30 X:0B Y:01 P:04 SP:EC CPU Cycle:423333069
8895 $D0 $06                        BNE $889D = $BD A:00 X:0B Y:01 P:06 SP:EC CPU Cycle:423333072
8897 $A9 $04                        LDA #$04   A:00 X:0B Y:01 P:06 SP:EC CPU Cycle:423333074
8899 $05 $EE                        ORA $EE = $35 A:04 X:0B Y:01 P:04 SP:EC CPU Cycle:423333076
889B $85 $EE                        STA $EE = $35 A:35 X:0B Y:01 P:04 SP:EC CPU Cycle:423333079
889D $BD $EE $05                    LDA $05EE,X = $30 A:35 X:0B Y:01 P:04 SP:EC CPU Cycle:423333082
88A0 $48                            PHA        A:30 X:0B Y:01 P:04 SP:EC CPU Cycle:423333086
88A1 $BC $BE $05                     LDY $05BE,X = $10 A:30 X:0B Y:01 P:04 SP:EB CPU Cycle:423333089
88A4 $B9 $19 $8F                     LDA $8F19,Y = $00 A:30 X:0B Y:10 P:04 SP:EB CPU Cycle:423333093
88A7 $F0 $0A                         BEQ $88B3 = $68 A:00 X:0B Y:10 P:06 SP:EB CPU Cycle:423333097
88B3 $68                             PLA       A:00 X:0B Y:10 P:06 SP:EB CPU Cycle:423333100
88B4 $18                            CLC        A:30 X:0B Y:10 P:04 SP:EC CPU Cycle:423333104
88B5 $79 $19 $8F                    ADC $8F19,Y = $00 A:30 X:0B Y:10 P:04 SP:EC CPU Cycle:423333106
88B8 $50 $06                        BVC $88C0 = $48 A:30 X:0B Y:10 P:04 SP:EC CPU Cycle:423333110
88C0 $48                            PHA        A:30 X:0B Y:10 P:04 SP:EC CPU Cycle:423333113
88C1 $98                             TYA       A:30 X:0B Y:10 P:04 SP:EB CPU Cycle:423333116
88C2 $29 $0F                         AND #$0F  A:10 X:0B Y:10 P:04 SP:EB CPU Cycle:423333118
88C4 $C9 $0F                         CMP #$0F  A:00 X:0B Y:10 P:06 SP:EB CPU Cycle:423333120
88C6 $F0 $03                         BEQ $88CB = $68 A:00 X:0B Y:10 P:84 SP:EB CPU Cycle:423333122
88C8 $FE $BE $05                     INC $05BE,X = $10 A:00 X:0B Y:10 P:84 SP:EB CPU Cycle:423333124
88CB $68                             PLA       A:00 X:0B Y:10 P:04 SP:EB CPU Cycle:423333131
88CC $4A                            LSR A      A:30 X:0B Y:10 P:04 SP:EC CPU Cycle:423333135
88CD $4A                            LSR A      A:18 X:0B Y:10 P:04 SP:EC CPU Cycle:423333137
88CE $4A                            LSR A      A:0C X:0B Y:10 P:04 SP:EC CPU Cycle:423333139
88CF $C9 $10                        CMP #$10   A:06 X:0B Y:10 P:04 SP:EC CPU Cycle:423333141
88D1 $90 $02                        BCC $88D5 = $18 A:06 X:0B Y:10 P:84 SP:EC CPU Cycle:423333143
88D5 $18                            CLC        A:06 X:0B Y:10 P:84 SP:EC CPU Cycle:423333146
88D6 $7D $B2 $05                    ADC $05B2,X = $0A A:06 X:0B Y:10 P:84 SP:EC CPU Cycle:423333148
88D9 $10 $02                        BPL $88DD = $C9 A:10 X:0B Y:10 P:04 SP:EC CPU Cycle:423333152
88DD $C9 $10                        CMP #$10   A:10 X:0B Y:10 P:04 SP:EC CPU Cycle:423333155
88DF $90 $02                        BCC $88E3 = $1D A:10 X:0B Y:10 P:07 SP:EC CPU Cycle:423333157
88E1 $A9 $0F                        LDA #$0F   A:10 X:0B Y:10 P:07 SP:EC CPU Cycle:423333159
88E3 $1D $96 $06                    ORA $0696,X = $30 A:0F X:0B Y:10 P:05 SP:EC CPU Cycle:423333161
88E6 $A4 $ED                        LDY $ED = $00 A:3F X:0B Y:10 P:05 SP:EC CPU Cycle:423333165
88E8 $D0 $12                        BNE $88FC = $BD A:3F X:0B Y:00 P:07 SP:EC CPU Cycle:423333168
88EA $4C $F9 $88                    JMP $88F9 = $8D A:3F X:0B Y:00 P:07 SP:EC CPU Cycle:423333170
88F9 $8D $1E $07                    STA $071E = $00 A:3F X:0B Y:00 P:07 SP:EC CPU Cycle:423333173
88FC $BD $0E $07                    LDA $070E,X = $00 A:3F X:0B Y:00 P:07 SP:EC CPU Cycle:423333177
88FF $F0 $08                        BEQ $8909 = $60 A:00 X:0B Y:00 P:07 SP:EC CPU Cycle:423333181
8909 $60                            RTS        A:00 X:0B Y:00 P:07 SP:EC CPU Cycle:423333184
894A $AD $23 $07                  LDA $0723 = $29 A:00 X:0B Y:00 P:07 SP:EE CPU Cycle:423333190
894D $C5 $E9                      CMP $E9 = $00 A:29 X:0B Y:00 P:05 SP:EE CPU Cycle:423333194
894F $90 $50                      BCC $89A1 = $68 A:29 X:0B Y:00 P:05 SP:EE CPU Cycle:423333197
8951 $A5 $EE                      LDA $EE = $35 A:29 X:0B Y:00 P:05 SP:EE CPU Cycle:423333199
8953 $29 $35                      AND #$35     A:35 X:0B Y:00 P:05 SP:EE CPU Cycle:423333202
8955 $D0 $09                      BNE $8960 = $A5 A:35 X:0B Y:00 P:05 SP:EE CPU Cycle:423333204
8960 $A5 $EE                      LDA $EE = $35 A:35 X:0B Y:00 P:05 SP:EE CPU Cycle:423333207
8962 $29 $05                      AND #$05     A:35 X:0B Y:00 P:05 SP:EE CPU Cycle:423333210
8964 $F0 $07                      BEQ $896D = $A0 A:05 X:0B Y:00 P:05 SP:EE CPU Cycle:423333212
8966 $AD $1E $07                  LDA $071E = $3F A:05 X:0B Y:00 P:05 SP:EE CPU Cycle:423333214
8969 $A0 $00                      LDY #$00     A:3F X:0B Y:00 P:05 SP:EE CPU Cycle:423333218
896B $91 $E5                      STA ($E5),Y = $40 A:3F X:0B Y:00 P:07 SP:EE CPU Cycle:423333220
896D $A0 $01                      LDY #$01     A:3F X:0B Y:00 P:07 SP:EE CPU Cycle:423333226
896F $68                          PLA          A:3F X:0B Y:01 P:05 SP:EE CPU Cycle:423333228
8970 $AA                         TAX           A:00 X:0B Y:01 P:07 SP:EF CPU Cycle:423333232
8971 $A5 $EE                     LDA $EE = $35 A:00 X:00 Y:01 P:07 SP:EF CPU Cycle:423333234
8973 $29 $01                     AND #$01      A:35 X:00 Y:01 P:05 SP:EF CPU Cycle:423333237
8975 $F0 $11                     BEQ $8988 = $C8 A:01 X:00 Y:01 P:05 SP:EF CPU Cycle:423333239
8977 $BD $27 $8E                 LDA $8E27,X = $01 A:01 X:00 Y:01 P:05 SP:EF CPU Cycle:423333241
897A $0D $22 $07                 ORA $0722 = $00 A:01 X:00 Y:01 P:05 SP:EF CPU Cycle:423333245
897D $8D $22 $07                 STA $0722 = $00 A:01 X:00 Y:01 P:05 SP:EF CPU Cycle:423333249
8980 $8D $15 $40                 STA $4015 = $40 A:01 X:00 Y:01 P:05 SP:EF CPU Cycle:423333253
8983 $AD $21 $07                 LDA $0721 = $00 A:01 X:00 Y:01 P:05 SP:EF CPU Cycle:423333257
8986 $91 $E5                     STA ($E5),Y = $40 A:00 X:00 Y:01 P:07 SP:EF CPU Cycle:423333261
8988 $C8                         INY           A:00 X:00 Y:01 P:07 SP:EF CPU Cycle:423333267
8989 $A5 $EE                     LDA $EE = $35 A:00 X:00 Y:02 P:05 SP:EF CPU Cycle:423333269
898B $29 $11                     AND #$11      A:35 X:00 Y:02 P:05 SP:EF CPU Cycle:423333272
898D $F0 $05                     BEQ $8994 = $C8 A:11 X:00 Y:02 P:05 SP:EF CPU Cycle:423333274
898F $AD $1F $07                 LDA $071F = $E9 A:11 X:00 Y:02 P:05 SP:EF CPU Cycle:423333276
8992 $91 $E5                     STA ($E5),Y = $40 A:E9 X:00 Y:02 P:85 SP:EF CPU Cycle:423333280
8994 $C8                         INY           A:E9 X:00 Y:02 P:85 SP:EF CPU Cycle:423333286
8995 $A5 $EE                     LDA $EE = $35 A:E9 X:00 Y:03 P:05 SP:EF CPU Cycle:423333288
8997 $29 $21                     AND #$21      A:35 X:00 Y:03 P:05 SP:EF CPU Cycle:423333291
8999 $F0 $05                     BEQ $89A0 = $60 A:21 X:00 Y:03 P:05 SP:EF CPU Cycle:423333293
899B $AD $20 $07                 LDA $0720 = $03 A:21 X:00 Y:03 P:05 SP:EF CPU Cycle:423333295
899E $91 $E5                     STA ($E5),Y = $40 A:03 X:00 Y:03 P:05 SP:EF CPU Cycle:423333299
89A0 $60                         RTS           A:03 X:00 Y:03 P:05 SP:EF CPU Cycle:423333305
8081 $E8                       INX             A:03 X:00 Y:03 P:05 SP:F1 CPU Cycle:423333311
8082 $20 $0A $89               JSR $890A = $BD A:03 X:01 Y:03 P:05 SP:F1 CPU Cycle:423333313
890A $BD $1B $8E                 LDA $8E1B,X = $04 A:03 X:01 Y:03 P:05 SP:EF CPU Cycle:423333319
890D $85 $E5                     STA $E5 = $00 A:04 X:01 Y:03 P:05 SP:EF CPU Cycle:423333323
890F $BD $1F $8E                 LDA $8E1F,X = $40 A:04 X:01 Y:03 P:05 SP:EF CPU Cycle:423333326
8912 $85 $E6                     STA $E6 = $40 A:40 X:01 Y:03 P:05 SP:EF CPU Cycle:423333330
8914 $BD $23 $8E                 LDA $8E23,X = $00 A:40 X:01 Y:03 P:05 SP:EF CPU Cycle:423333333
8917 $8D $26 $07                 STA $0726 = $00 A:00 X:01 Y:03 P:07 SP:EF CPU Cycle:423333337
891A $D0 $03                     BNE $891F = $C9 A:00 X:01 Y:03 P:07 SP:EF CPU Cycle:423333341
891C $4C $2E $89                 JMP $892E = $8A A:00 X:01 Y:03 P:07 SP:EF CPU Cycle:423333343
892E $8A                         TXA           A:00 X:01 Y:03 P:07 SP:EF CPU Cycle:423333346
892F $48                         PHA           A:01 X:01 Y:03 P:05 SP:EF CPU Cycle:423333348
8930 $BD $2B $8E                  LDA $8E2B,X = $0D A:01 X:01 Y:03 P:05 SP:EE CPU Cycle:423333351
8933 $A8                          TAY          A:0D X:01 Y:03 P:05 SP:EE CPU Cycle:423333355
8934 $A2 $00                      LDX #$00     A:0D X:01 Y:0D P:05 SP:EE CPU Cycle:423333357
8936 $8E $1E $07                  STX $071E = $3F A:0D X:00 Y:0D P:07 SP:EE CPU Cycle:423333359
8939 $8E $23 $07                  STX $0723 = $29 A:0D X:00 Y:0D P:07 SP:EE CPU Cycle:423333363
893C $86 $EE                      STX $EE = $35 A:0D X:00 Y:0D P:07 SP:EE CPU Cycle:423333367
893E $BE $0E $07                  LDX $070E,Y = $00 A:0D X:00 Y:0D P:07 SP:EE CPU Cycle:423333370
8941 $F0 $5E                      BEQ $89A1 = $68 A:0D X:00 Y:0D P:07 SP:EE CPU Cycle:423333374
89A1 $68                          PLA          A:0D X:00 Y:0D P:07 SP:EE CPU Cycle:423333377
89A2 $AA                         TAX           A:01 X:00 Y:0D P:05 SP:EF CPU Cycle:423333381
89A3 $BD $27 $8E                 LDA $8E27,X = $02 A:01 X:01 Y:0D P:05 SP:EF CPU Cycle:423333383
89A6 $49 $FF                     EOR #$FF      A:02 X:01 Y:0D P:05 SP:EF CPU Cycle:423333387
89A8 $2D $22 $07                 AND $0722 = $01 A:FD X:01 Y:0D P:85 SP:EF CPU Cycle:423333389
89AB $8D $22 $07                 STA $0722 = $01 A:01 X:01 Y:0D P:05 SP:EF CPU Cycle:423333393
89AE $8D $15 $40                 STA $4015 = $41 A:01 X:01 Y:0D P:05 SP:EF CPU Cycle:423333397
89B1 $60                         RTS           A:01 X:01 Y:0D P:05 SP:EF CPU Cycle:423333401
8085 $E8                       INX             A:01 X:01 Y:0D P:05 SP:F1 CPU Cycle:423333407
8086 $20 $0A $89               JSR $890A = $BD A:01 X:02 Y:0D P:05 SP:F1 CPU Cycle:423333409
890A $BD $1B $8E                 LDA $8E1B,X = $08 A:01 X:02 Y:0D P:05 SP:EF CPU Cycle:423333415
890D $85 $E5                     STA $E5 = $04 A:08 X:02 Y:0D P:05 SP:EF CPU Cycle:423333419
890F $BD $1F $8E                 LDA $8E1F,X = $40 A:08 X:02 Y:0D P:05 SP:EF CPU Cycle:423333422
8912 $85 $E6                     STA $E6 = $40 A:40 X:02 Y:0D P:05 SP:EF CPU Cycle:423333426
8914 $BD $23 $8E                 LDA $8E23,X = $01 A:40 X:02 Y:0D P:05 SP:EF CPU Cycle:423333429
8917 $8D $26 $07                 STA $0726 = $00 A:01 X:02 Y:0D P:05 SP:EF CPU Cycle:423333433
891A $D0 $03                     BNE $891F = $C9 A:01 X:02 Y:0D P:05 SP:EF CPU Cycle:423333437
891F $C9 $01                     CMP #$01      A:01 X:02 Y:0D P:05 SP:EF CPU Cycle:423333440
8921 $D0 $03                     BNE $8926 = $C9 A:01 X:02 Y:0D P:07 SP:EF CPU Cycle:423333442
8923 $4C $2E $89                 JMP $892E = $8A A:01 X:02 Y:0D P:07 SP:EF CPU Cycle:423333444
892E $8A                         TXA           A:01 X:02 Y:0D P:07 SP:EF CPU Cycle:423333447
892F $48                         PHA           A:02 X:02 Y:0D P:05 SP:EF CPU Cycle:423333449
8930 $BD $2B $8E                  LDA $8E2B,X = $0E A:02 X:02 Y:0D P:05 SP:EE CPU Cycle:423333452
8933 $A8                          TAY          A:0E X:02 Y:0D P:05 SP:EE CPU Cycle:423333456
8934 $A2 $00                      LDX #$00     A:0E X:02 Y:0E P:05 SP:EE CPU Cycle:423333458
8936 $8E $1E $07                  STX $071E = $00 A:0E X:00 Y:0E P:07 SP:EE CPU Cycle:423333460
8939 $8E $23 $07                  STX $0723 = $00 A:0E X:00 Y:0E P:07 SP:EE CPU Cycle:423333464
893C $86 $EE                      STX $EE = $00 A:0E X:00 Y:0E P:07 SP:EE CPU Cycle:423333468
893E $BE $0E $07                  LDX $070E,Y = $00 A:0E X:00 Y:0E P:07 SP:EE CPU Cycle:423333471
8941 $F0 $5E                      BEQ $89A1 = $68 A:0E X:00 Y:0E P:07 SP:EE CPU Cycle:423333475
89A1 $68                          PLA          A:0E X:00 Y:0E P:07 SP:EE CPU Cycle:423333478
89A2 $AA                         TAX           A:02 X:00 Y:0E P:05 SP:EF CPU Cycle:423333482
89A3 $BD $27 $8E                 LDA $8E27,X = $04 A:02 X:02 Y:0E P:05 SP:EF CPU Cycle:423333484
89A6 $49 $FF                     EOR #$FF      A:04 X:02 Y:0E P:05 SP:EF CPU Cycle:423333488
89A8 $2D $22 $07                 AND $0722 = $01 A:FB X:02 Y:0E P:85 SP:EF CPU Cycle:423333490
89AB $8D $22 $07                 STA $0722 = $01 A:01 X:02 Y:0E P:05 SP:EF CPU Cycle:423333494
89AE $8D $15 $40                 STA $4015 = $41 A:01 X:02 Y:0E P:05 SP:EF CPU Cycle:423333498
89B1 $60                         RTS           A:01 X:02 Y:0E P:05 SP:EF CPU Cycle:423333502
8089 $E8                       INX             A:01 X:02 Y:0E P:05 SP:F1 CPU Cycle:423333508
808A $20 $0A $89               JSR $890A = $BD A:01 X:03 Y:0E P:05 SP:F1 CPU Cycle:423333510
890A $BD $1B $8E                 LDA $8E1B,X = $0C A:01 X:03 Y:0E P:05 SP:EF CPU Cycle:423333516
890D $85 $E5                     STA $E5 = $08 A:0C X:03 Y:0E P:05 SP:EF CPU Cycle:423333520
890F $BD $1F $8E                 LDA $8E1F,X = $40 A:0C X:03 Y:0E P:05 SP:EF CPU Cycle:423333523
8912 $85 $E6                     STA $E6 = $40 A:40 X:03 Y:0E P:05 SP:EF CPU Cycle:423333527
8914 $BD $23 $8E                 LDA $8E23,X = $02 A:40 X:03 Y:0E P:05 SP:EF CPU Cycle:423333530
8917 $8D $26 $07                 STA $0726 = $01 A:02 X:03 Y:0E P:05 SP:EF CPU Cycle:423333534
891A $D0 $03                     BNE $891F = $C9 A:02 X:03 Y:0E P:05 SP:EF CPU Cycle:423333538
891F $C9 $01                     CMP #$01      A:02 X:03 Y:0E P:05 SP:EF CPU Cycle:423333541
8921 $D0 $03                     BNE $8926 = $C9 A:02 X:03 Y:0E P:05 SP:EF CPU Cycle:423333543
8926 $C9 $02                     CMP #$02      A:02 X:03 Y:0E P:05 SP:EF CPU Cycle:423333546
8928 $D0 $03                     BNE $892D = $60 A:02 X:03 Y:0E P:07 SP:EF CPU Cycle:423333548
892A $4C $2E $89                 JMP $892E = $8A A:02 X:03 Y:0E P:07 SP:EF CPU Cycle:423333550
892E $8A                         TXA           A:02 X:03 Y:0E P:07 SP:EF CPU Cycle:423333553
892F $48                         PHA           A:03 X:03 Y:0E P:05 SP:EF CPU Cycle:423333555
8930 $BD $2B $8E                  LDA $8E2B,X = $0F A:03 X:03 Y:0E P:05 SP:EE CPU Cycle:423333558
8933 $A8                          TAY          A:0F X:03 Y:0E P:05 SP:EE CPU Cycle:423333562
8934 $A2 $00                      LDX #$00     A:0F X:03 Y:0F P:05 SP:EE CPU Cycle:423333564
8936 $8E $1E $07                  STX $071E = $00 A:0F X:00 Y:0F P:07 SP:EE CPU Cycle:423333566
8939 $8E $23 $07                  STX $0723 = $00 A:0F X:00 Y:0F P:07 SP:EE CPU Cycle:423333570
893C $86 $EE                      STX $EE = $00 A:0F X:00 Y:0F P:07 SP:EE CPU Cycle:423333574
893E $BE $0E $07                  LDX $070E,Y = $00 A:0F X:00 Y:0F P:07 SP:EE CPU Cycle:423333577
8941 $F0 $5E                      BEQ $89A1 = $68 A:0F X:00 Y:0F P:07 SP:EE CPU Cycle:423333581
89A1 $68                          PLA          A:0F X:00 Y:0F P:07 SP:EE CPU Cycle:423333584
89A2 $AA                         TAX           A:03 X:00 Y:0F P:05 SP:EF CPU Cycle:423333588
89A3 $BD $27 $8E                 LDA $8E27,X = $08 A:03 X:03 Y:0F P:05 SP:EF CPU Cycle:423333590
89A6 $49 $FF                     EOR #$FF      A:08 X:03 Y:0F P:05 SP:EF CPU Cycle:423333594
89A8 $2D $22 $07                 AND $0722 = $01 A:F7 X:03 Y:0F P:85 SP:EF CPU Cycle:423333596
89AB $8D $22 $07                 STA $0722 = $01 A:01 X:03 Y:0F P:05 SP:EF CPU Cycle:423333600
89AE $8D $15 $40                 STA $4015 = $41 A:01 X:03 Y:0F P:05 SP:EF CPU Cycle:423333604
89B1 $60                         RTS           A:01 X:03 Y:0F P:05 SP:EF CPU Cycle:423333608
808D $E8                       INX             A:01 X:03 Y:0F P:05 SP:F1 CPU Cycle:423333614
808E $60                       RTS             A:01 X:04 Y:0F P:05 SP:F1 CPU Cycle:423333616
F82A $A9 $06                 LDA #$06          A:01 X:04 Y:0F P:05 SP:F3 CPU Cycle:423333622
F82C $8D $00 $80             STA $8000 = $4C   A:06 X:04 Y:0F P:05 SP:F3 CPU Cycle:423333624
F82F $A9 $0C                 LDA #$0C          A:06 X:04 Y:0F P:05 SP:F3 CPU Cycle:423333628
F831 $8D $01 $80             STA $8001 = $11   A:0C X:04 Y:0F P:05 SP:F3 CPU Cycle:423333630
F834 $AC $41 $03             LDY $0341 = $FF   A:0C X:04 Y:0F P:05 SP:F3 CPU Cycle:423333634
F837 $AE $40 $03             LDX $0340 = $00   A:0C X:04 Y:FF P:85 SP:F3 CPU Cycle:423333638
F83A $AD $3F $03             LDA $033F = $9A   A:0C X:00 Y:FF P:07 SP:F3 CPU Cycle:423333642
F83D $60                     RTS               A:9A X:00 Y:FF P:85 SP:F3 CPU Cycle:423333646
E126 $A9 $01               LDA #$01            A:9A X:00 Y:FF P:85 SP:F5 CPU Cycle:423333652
E128 $85 $0A               STA $0A = $01       A:01 X:00 Y:FF P:05 SP:F5 CPU Cycle:423333654
E12A $68                   PLA                 A:01 X:00 Y:FF P:05 SP:F5 CPU Cycle:423333657
E12B $A8                  TAY                  A:39 X:00 Y:FF P:05 SP:F6 CPU Cycle:423333661
E12C $68                  PLA                  A:39 X:00 Y:39 P:05 SP:F6 CPU Cycle:423333663
E12D $AA                 TAX                   A:00 X:00 Y:39 P:07 SP:F7 CPU Cycle:423333667
E12E $68                 PLA                   A:00 X:00 Y:39 P:07 SP:F7 CPU Cycle:423333669
E12F $40                RTI                    A:80 X:00 Y:39 P:85 SP:F8 CPU Cycle:423333673

E990 $29 $7F         AND #$7F                  A:80 X:00 Y:39 P:84 SP:FB CPU Cycle:423333679
E992 $95 $BE         STA $BE,X = $00           A:00 X:00 Y:39 P:06 SP:FB CPU Cycle:423333681
E994 $C8             INY                       A:00 X:00 Y:39 P:06 SP:FB CPU Cycle:423333685
E995 $B1 $01         LDA ($01),Y = $00         A:00 X:00 Y:3A P:04 SP:FB CPU Cycle:423333687
E997 $4D $5D $03     EOR $035D = $80           A:00 X:00 Y:3A P:06 SP:FB CPU Cycle:423333693
E99A $30 $02         BMI $E99E = $29           A:80 X:00 Y:3A P:84 SP:FB CPU Cycle:423333697
E99E $29 $7F         AND #$7F                  A:80 X:00 Y:3A P:84 SP:FB CPU Cycle:423333700
E9A0 $95 $C2         STA $C2,X = $00           A:00 X:00 Y:3A P:06 SP:FB CPU Cycle:423333702
E9A2 $C8             INY                       A:00 X:00 Y:3A P:06 SP:FB CPU Cycle:423333706
E9A3 $B1 $01         LDA ($01),Y = $00         A:00 X:00 Y:3B P:04 SP:FB CPU Cycle:423333708
E9A5 $4D $5D $03     EOR $035D = $80           A:00 X:00 Y:3B P:06 SP:FB CPU Cycle:423333714
E9A8 $30 $02         BMI $E9AC = $29           A:80 X:00 Y:3B P:84 SP:FB CPU Cycle:423333718
E9AC $29 $7F         AND #$7F                  A:80 X:00 Y:3B P:84 SP:FB CPU Cycle:423333721
E9AE $85 $1D         STA $1D = $00             A:00 X:00 Y:3B P:06 SP:FB CPU Cycle:423333723
E9B0 $B5 $9D         LDA $9D,X = $00           A:00 X:00 Y:3B P:06 SP:FB CPU Cycle:423333726
E9B2 $29 $3E         AND #$3E                  A:00 X:00 Y:3B P:06 SP:FB CPU Cycle:423333730
E9B4 $05 $1D         ORA $1D = $00             A:00 X:00 Y:3B P:06 SP:FB CPU Cycle:423333732
E9B6 $95 $9D         STA $9D,X = $00           A:00 X:00 Y:3B P:06 SP:FB CPU Cycle:423333735
E9B8 $29 $01         AND #$01                  A:00 X:00 Y:3B P:06 SP:FB CPU Cycle:423333739
E9BA $F0 $11         BEQ $E9CD = $B5           A:00 X:00 Y:3B P:06 SP:FB CPU Cycle:423333741
E9CD $B5 $A5         LDA $A5,X = $00           A:00 X:00 Y:3B P:06 SP:FB CPU Cycle:423333744
E9CF $29 $DF         AND #$DF                  A:00 X:00 Y:3B P:06 SP:FB CPU Cycle:423333748
E9D1 $95 $A5         STA $A5,X = $00           A:00 X:00 Y:3B P:06 SP:FB CPU Cycle:423333750
E9D3 $60             RTS                       A:00 X:00 Y:3B P:06 SP:FB CPU Cycle:423333754
EA09 $A5 $1B       LDA $1B = $00               A:00 X:00 Y:3B P:06 SP:FD CPU Cycle:423333760
EA0B $29 $3F       AND #$3F                    A:00 X:00 Y:3B P:06 SP:FD CPU Cycle:423333763
EA0D $D5 $B2       CMP $B2,X = $00             A:00 X:00 Y:3B P:06 SP:FD CPU Cycle:423333765
EA0F $D0 $4D       BNE $EA5E = $4C             A:00 X:00 Y:3B P:07 SP:FD CPU Cycle:423333769
EA11 $B5 $BA       LDA $BA,X = $01             A:00 X:00 Y:3B P:07 SP:FD CPU Cycle:423333771
EA13 $CD $3E $03   CMP $033E = $04             A:01 X:00 Y:3B P:05 SP:FD CPU Cycle:423333775
EA16 $90 $08       BCC $EA20 = $A9             A:01 X:00 Y:3B P:84 SP:FD CPU Cycle:423333779
EA20 $A9 $00       LDA #$00                    A:01 X:00 Y:3B P:84 SP:FD CPU Cycle:423333782
EA22 $95 $B2       STA $B2,X = $00             A:00 X:00 Y:3B P:06 SP:FD CPU Cycle:423333784
EA24 $F6 $BA       INC $BA,X = $01             A:00 X:00 Y:3B P:06 SP:FD CPU Cycle:423333788
EA26 $F6 $B6       INC $B6,X = $01             A:00 X:00 Y:3B P:04 SP:FD CPU Cycle:423333794
